[0.089s] Invoking command in '/home/joanne/bookros2_ws/build/gazebo_ros2_control': AMENT_PREFIX_PATH=/home/joanne/bookros2_ws/install/controller_manager:/home/joanne/bookros2_ws/install/controller_interface:/home/joanne/bookros2_ws/install/hardware_interface:/home/joanne/bookros2_ws/install/ros2_control_test_assets:/home/joanne/bookros2_ws/install/controller_manager_msgs:${AMENT_PREFIX_PATH} CMAKE_PREFIX_PATH=/home/joanne/bookros2_ws/install/controller_manager:/home/joanne/bookros2_ws/install/controller_interface:/home/joanne/bookros2_ws/install/hardware_interface:/home/joanne/bookros2_ws/install/ros2_control_test_assets:/home/joanne/bookros2_ws/install/controller_manager_msgs:/opt/ros/foxy LD_LIBRARY_PATH=/home/joanne/bookros2_ws/install/controller_manager/lib:/home/joanne/bookros2_ws/install/controller_interface/lib:/home/joanne/bookros2_ws/install/hardware_interface/lib:/home/joanne/bookros2_ws/install/controller_manager_msgs/lib:${LD_LIBRARY_PATH} PYTHONPATH=/home/joanne/bookros2_ws/install/controller_manager/lib/python3.8/site-packages:/home/joanne/bookros2_ws/install/controller_manager_msgs/lib/python3.8/site-packages:${PYTHONPATH} /usr/bin/cmake /home/joanne/bookros2_ws/src/ThirdParty/gazebo_ros2_control/gazebo_ros2_control -DCMAKE_INSTALL_PREFIX=/home/joanne/bookros2_ws/install/gazebo_ros2_control
[0.492s] -- The C compiler identification is GNU 9.4.0
[0.493s] -- The CXX compiler identification is GNU 9.4.0
[0.499s] -- Check for working C compiler: /usr/bin/cc
[0.745s] -- Check for working C compiler: /usr/bin/cc -- works
[0.747s] -- Detecting C compiler ABI info
[1.062s] -- Detecting C compiler ABI info - done
[1.099s] -- Detecting C compile features
[1.100s] -- Detecting C compile features - done
[1.106s] -- Check for working CXX compiler: /usr/bin/c++
[1.339s] -- Check for working CXX compiler: /usr/bin/c++ -- works
[1.341s] -- Detecting CXX compiler ABI info
[1.552s] -- Detecting CXX compiler ABI info - done
[1.606s] -- Detecting CXX compile features
[1.607s] -- Detecting CXX compile features - done
[1.616s] -- Found ament_cmake: 0.9.12 (/opt/ros/foxy/share/ament_cmake/cmake)
[1.699s] -- Found PythonInterp: /usr/bin/python3 (found suitable version "3.8.10", minimum required is "3") 
[1.699s] -- Using PYTHON_EXECUTABLE: /usr/bin/python3
[2.224s] -- Found angles: 1.12.6 (/opt/ros/foxy/share/angles/cmake)
[2.231s] -- Found controller_manager: 0.7.1 (/home/joanne/bookros2_ws/install/controller_manager/share/controller_manager/cmake)
[2.327s] -- Using all available rosidl_typesupport_c: rosidl_typesupport_fastrtps_c;rosidl_typesupport_introspection_c
[2.347s] -- Found rosidl_adapter: 1.3.1 (/opt/ros/foxy/share/rosidl_adapter/cmake)
[2.540s] -- Found OpenSSL: /usr/lib/x86_64-linux-gnu/libcrypto.so (found version "1.1.1f")  
[2.609s] -- Found FastRTPS: /opt/ros/foxy/include  
[2.795s] -- Using all available rosidl_typesupport_cpp: rosidl_typesupport_fastrtps_cpp;rosidl_typesupport_introspection_cpp
[4.559s] -- Found rmw_implementation_cmake: 1.0.4 (/opt/ros/foxy/share/rmw_implementation_cmake/cmake)
[4.562s] -- Using RMW implementation 'rmw_fastrtps_cpp' as default
[4.564s] -- Looking for pthread.h
[4.719s] -- Looking for pthread.h - found
[4.719s] -- Performing Test CMAKE_HAVE_LIBC_PTHREAD
[4.897s] -- Performing Test CMAKE_HAVE_LIBC_PTHREAD - Failed
[4.897s] -- Looking for pthread_create in pthreads
[5.050s] -- Looking for pthread_create in pthreads - not found
[5.053s] -- Looking for pthread_create in pthread
[5.225s] -- Looking for pthread_create in pthread - found
[5.227s] -- Found Threads: TRUE  
[6.291s] -- Found gazebo_dev: 3.5.3 (/opt/ros/foxy/share/gazebo_dev/cmake)
[6.322s] -- Found PkgConfig: /usr/bin/pkg-config (found version "0.29.1") 
[6.327s] -- Checking for module 'bullet>=2.82'
[6.372s] --   Found bullet, version 2.88
[6.666s] -- Found ccd: /usr/include (found suitable version "2.0", minimum required is "2.0") 
[6.804s] -- Found fcl: /usr/include (found suitable version "0.5.0", minimum required is "0.3.2") 
[6.947s] -- Found assimp: /usr/include (found version "5.0.0") 
[7.032s] -- Found DART: /usr/include (Required is at least version "6.6") found components: dart 
[7.107s] -- Found Boost: /usr/lib/x86_64-linux-gnu/cmake/Boost-1.71.0/BoostConfig.cmake (found suitable version "1.71.0", minimum required is "1.40.0") found components: thread system filesystem program_options regex iostreams date_time 
[7.169s] -- Found Protobuf: /usr/lib/x86_64-linux-gnu/libprotobuf.so;-lpthread (found version "3.6.1") 
[7.182s] -- Looking for ignition-math6 -- found version 6.15.1
[7.202s] -- Searching for dependencies of ignition-math6
[7.209s] -- Looking for OGRE...
[7.210s] -- OGRE_PREFIX_WATCH changed.
[7.222s] -- Checking for module 'OGRE'
[7.260s] --   Found OGRE, version 1.9.0
[7.359s] -- Found Ogre Ghadamon (1.9.0)
[7.391s] -- Found OGRE: optimized;/usr/lib/x86_64-linux-gnu/libOgreMain.so;debug;/usr/lib/x86_64-linux-gnu/libOgreMain.so
[7.424s] -- Looking for OGRE_Paging...
[7.446s] -- Found OGRE_Paging: optimized;/usr/lib/x86_64-linux-gnu/libOgrePaging.so;debug;/usr/lib/x86_64-linux-gnu/libOgrePaging.so
[7.447s] -- Looking for OGRE_Terrain...
[7.465s] -- Found OGRE_Terrain: optimized;/usr/lib/x86_64-linux-gnu/libOgreTerrain.so;debug;/usr/lib/x86_64-linux-gnu/libOgreTerrain.so
[7.465s] -- Looking for OGRE_Property...
[7.487s] -- Found OGRE_Property: optimized;/usr/lib/x86_64-linux-gnu/libOgreProperty.so;debug;/usr/lib/x86_64-linux-gnu/libOgreProperty.so
[7.488s] -- Looking for OGRE_RTShaderSystem...
[7.524s] -- Found OGRE_RTShaderSystem: optimized;/usr/lib/x86_64-linux-gnu/libOgreRTShaderSystem.so;debug;/usr/lib/x86_64-linux-gnu/libOgreRTShaderSystem.so
[7.525s] -- Looking for OGRE_Volume...
[7.549s] -- Found OGRE_Volume: optimized;/usr/lib/x86_64-linux-gnu/libOgreVolume.so;debug;/usr/lib/x86_64-linux-gnu/libOgreVolume.so
[7.549s] -- Looking for OGRE_Overlay...
[7.570s] -- Found OGRE_Overlay: optimized;/usr/lib/x86_64-linux-gnu/libOgreOverlay.so;debug;/usr/lib/x86_64-linux-gnu/libOgreOverlay.so
[8.028s] -- Looking for ignition-math6 -- found version 6.15.1
[8.033s] -- Looking for ignition-transport8 -- found version 8.3.0
[8.034s] -- Searching for dependencies of ignition-transport8
[8.089s] -- Found Protobuf: /usr/lib/x86_64-linux-gnu/libprotobuf.so;-lpthread (found suitable version "3.6.1", minimum required is "3") 
[8.117s] -- Config-file not installed for ZeroMQ -- checking for pkg-config
[8.127s] -- Checking for module 'libzmq >= 4'
[8.163s] --   Found libzmq , version 4.3.2
[8.259s] -- Found ZeroMQ: TRUE (Required is at least version "4") 
[8.272s] -- Checking for module 'uuid'
[8.306s] --   Found uuid, version 2.34.0
[8.399s] -- Found UUID: TRUE  
[8.405s] -- Looking for ignition-msgs5 -- found version 5.10.0
[8.407s] -- Searching for dependencies of ignition-msgs5
[8.449s] -- Looking for ignition-math6 -- found version 6.15.1
[8.461s] -- Checking for module 'tinyxml2'
[8.500s] --   Found tinyxml2, version 6.2.0
[8.608s] -- Looking for ignition-msgs5 -- found version 5.10.0
[8.614s] -- Looking for ignition-common3 -- found version 3.14.2
[8.615s] -- Searching for dependencies of ignition-common3
[8.616s] -- Looking for dlfcn.h - found
[8.619s] -- Looking for libdl - found
[8.622s] -- Found DL: TRUE  
[8.650s] -- Searching for <ignition-common3> component [graphics]
[8.650s] -- Looking for ignition-common3-graphics -- found version 3.14.2
[8.652s] -- Searching for dependencies of ignition-common3-graphics
[8.653s] -- Looking for ignition-math6 -- found version 6.15.1
[8.663s] -- Looking for ignition-fuel_tools4 -- found version 4.6.0
[8.665s] -- Searching for dependencies of ignition-fuel_tools4
[8.849s] -- Found CURL: /usr/lib/x86_64-linux-gnu/libcurl.so (found version "7.68.0")  
[8.872s] -- Checking for module 'jsoncpp'
[8.911s] --   Found jsoncpp, version 1.7.4
[9.022s] -- Found JSONCPP: TRUE  
[9.035s] -- Checking for module 'libzip'
[9.072s] --   Found libzip, version 1.5.1
[9.163s] -- Found ZIP: TRUE  
[9.163s] -- Looking for ignition-common3 -- found version 3.14.2
[9.164s] -- Looking for ignition-math6 -- found version 6.15.1
[9.171s] -- Looking for ignition-msgs5 -- found version 5.10.0
[9.172s] -- Gazebo version: 11.11
[9.174s] -- Found gazebo_ros: 3.5.3 (/opt/ros/foxy/share/gazebo_ros/cmake)
[9.253s] -- Found urdf: 2.4.0 (/opt/ros/foxy/share/urdf/cmake)
[9.367s] -- Found yaml_cpp_vendor: 7.0.3 (/opt/ros/foxy/share/yaml_cpp_vendor/cmake)
[9.370s] -- Setting yaml-cpp_DIR to: '/opt/ros/foxy/share/yaml_cpp_vendor/cmake/../../../opt/yaml_cpp_vendor/lib/cmake/yaml-cpp'
[9.973s] -- Found ament_cmake_gtest: 0.9.12 (/opt/ros/foxy/share/ament_cmake_gtest/cmake)
[9.977s] -- Found ament_lint_auto: 0.9.8 (/opt/ros/foxy/share/ament_lint_auto/cmake)
[10.178s] -- Added test 'copyright' to check source files copyright and LICENSE
[10.182s] -- Added test 'cppcheck' to perform static code analysis on C / C++ code
[10.184s] -- Configured cppcheck include dirs: /home/joanne/bookros2_ws/src/ThirdParty/gazebo_ros2_control/gazebo_ros2_control/include
[10.184s] -- Configured cppcheck exclude dirs and/or files: 
[10.195s] -- Added test 'cpplint' to check C / C++ code against the Google style
[10.195s] -- Configured cpplint exclude dirs and/or files: 
[10.195s] -- Added test 'lint_cmake' to check CMake code style
[10.195s] -- Added test 'uncrustify' to check C / C++ code style
[10.196s] -- Configured uncrustify additional arguments: 
[10.196s] -- Added test 'xmllint' to check XML markup files
[10.214s] -- Configuring done
[10.483s] -- Generating done
[10.551s] -- Build files have been written to: /home/joanne/bookros2_ws/build/gazebo_ros2_control
[10.590s] Invoked command in '/home/joanne/bookros2_ws/build/gazebo_ros2_control' returned '0': AMENT_PREFIX_PATH=/home/joanne/bookros2_ws/install/controller_manager:/home/joanne/bookros2_ws/install/controller_interface:/home/joanne/bookros2_ws/install/hardware_interface:/home/joanne/bookros2_ws/install/ros2_control_test_assets:/home/joanne/bookros2_ws/install/controller_manager_msgs:${AMENT_PREFIX_PATH} CMAKE_PREFIX_PATH=/home/joanne/bookros2_ws/install/controller_manager:/home/joanne/bookros2_ws/install/controller_interface:/home/joanne/bookros2_ws/install/hardware_interface:/home/joanne/bookros2_ws/install/ros2_control_test_assets:/home/joanne/bookros2_ws/install/controller_manager_msgs:/opt/ros/foxy LD_LIBRARY_PATH=/home/joanne/bookros2_ws/install/controller_manager/lib:/home/joanne/bookros2_ws/install/controller_interface/lib:/home/joanne/bookros2_ws/install/hardware_interface/lib:/home/joanne/bookros2_ws/install/controller_manager_msgs/lib:${LD_LIBRARY_PATH} PYTHONPATH=/home/joanne/bookros2_ws/install/controller_manager/lib/python3.8/site-packages:/home/joanne/bookros2_ws/install/controller_manager_msgs/lib/python3.8/site-packages:${PYTHONPATH} /usr/bin/cmake /home/joanne/bookros2_ws/src/ThirdParty/gazebo_ros2_control/gazebo_ros2_control -DCMAKE_INSTALL_PREFIX=/home/joanne/bookros2_ws/install/gazebo_ros2_control
[10.597s] Invoking command in '/home/joanne/bookros2_ws/build/gazebo_ros2_control': AMENT_PREFIX_PATH=/home/joanne/bookros2_ws/install/controller_manager:/home/joanne/bookros2_ws/install/controller_interface:/home/joanne/bookros2_ws/install/hardware_interface:/home/joanne/bookros2_ws/install/ros2_control_test_assets:/home/joanne/bookros2_ws/install/controller_manager_msgs:${AMENT_PREFIX_PATH} CMAKE_PREFIX_PATH=/home/joanne/bookros2_ws/install/controller_manager:/home/joanne/bookros2_ws/install/controller_interface:/home/joanne/bookros2_ws/install/hardware_interface:/home/joanne/bookros2_ws/install/ros2_control_test_assets:/home/joanne/bookros2_ws/install/controller_manager_msgs:/opt/ros/foxy LD_LIBRARY_PATH=/home/joanne/bookros2_ws/install/controller_manager/lib:/home/joanne/bookros2_ws/install/controller_interface/lib:/home/joanne/bookros2_ws/install/hardware_interface/lib:/home/joanne/bookros2_ws/install/controller_manager_msgs/lib:${LD_LIBRARY_PATH} PYTHONPATH=/home/joanne/bookros2_ws/install/controller_manager/lib/python3.8/site-packages:/home/joanne/bookros2_ws/install/controller_manager_msgs/lib/python3.8/site-packages:${PYTHONPATH} /usr/bin/cmake --build /home/joanne/bookros2_ws/build/gazebo_ros2_control -- -j8 -l8
[44.823s] [35m[1mScanning dependencies of target gazebo_hardware_plugins[0m
[44.823s] [ 25%] [32mBuilding CXX object CMakeFiles/gazebo_hardware_plugins.dir/src/gazebo_system.cpp.o[0m
[44.824s] [ 50%] [32m[1mLinking CXX shared library libgazebo_hardware_plugins.so[0m
[44.824s] [ 50%] Built target gazebo_hardware_plugins
[44.824s] [35m[1mScanning dependencies of target gazebo_ros2_control[0m
[44.824s] [ 75%] [32mBuilding CXX object CMakeFiles/gazebo_ros2_control.dir/src/gazebo_ros2_control_plugin.cpp.o[0m
[68.013s] [100%] [32m[1mLinking CXX shared library libgazebo_ros2_control.so[0m
[70.489s] [100%] Built target gazebo_ros2_control
[70.538s] Invoked command in '/home/joanne/bookros2_ws/build/gazebo_ros2_control' returned '0': AMENT_PREFIX_PATH=/home/joanne/bookros2_ws/install/controller_manager:/home/joanne/bookros2_ws/install/controller_interface:/home/joanne/bookros2_ws/install/hardware_interface:/home/joanne/bookros2_ws/install/ros2_control_test_assets:/home/joanne/bookros2_ws/install/controller_manager_msgs:${AMENT_PREFIX_PATH} CMAKE_PREFIX_PATH=/home/joanne/bookros2_ws/install/controller_manager:/home/joanne/bookros2_ws/install/controller_interface:/home/joanne/bookros2_ws/install/hardware_interface:/home/joanne/bookros2_ws/install/ros2_control_test_assets:/home/joanne/bookros2_ws/install/controller_manager_msgs:/opt/ros/foxy LD_LIBRARY_PATH=/home/joanne/bookros2_ws/install/controller_manager/lib:/home/joanne/bookros2_ws/install/controller_interface/lib:/home/joanne/bookros2_ws/install/hardware_interface/lib:/home/joanne/bookros2_ws/install/controller_manager_msgs/lib:${LD_LIBRARY_PATH} PYTHONPATH=/home/joanne/bookros2_ws/install/controller_manager/lib/python3.8/site-packages:/home/joanne/bookros2_ws/install/controller_manager_msgs/lib/python3.8/site-packages:${PYTHONPATH} /usr/bin/cmake --build /home/joanne/bookros2_ws/build/gazebo_ros2_control -- -j8 -l8
[70.540s] Invoking command in '/home/joanne/bookros2_ws/build/gazebo_ros2_control': AMENT_PREFIX_PATH=/home/joanne/bookros2_ws/install/controller_manager:/home/joanne/bookros2_ws/install/controller_interface:/home/joanne/bookros2_ws/install/hardware_interface:/home/joanne/bookros2_ws/install/ros2_control_test_assets:/home/joanne/bookros2_ws/install/controller_manager_msgs:${AMENT_PREFIX_PATH} CMAKE_PREFIX_PATH=/home/joanne/bookros2_ws/install/controller_manager:/home/joanne/bookros2_ws/install/controller_interface:/home/joanne/bookros2_ws/install/hardware_interface:/home/joanne/bookros2_ws/install/ros2_control_test_assets:/home/joanne/bookros2_ws/install/controller_manager_msgs:/opt/ros/foxy LD_LIBRARY_PATH=/home/joanne/bookros2_ws/install/controller_manager/lib:/home/joanne/bookros2_ws/install/controller_interface/lib:/home/joanne/bookros2_ws/install/hardware_interface/lib:/home/joanne/bookros2_ws/install/controller_manager_msgs/lib:${LD_LIBRARY_PATH} PYTHONPATH=/home/joanne/bookros2_ws/install/controller_manager/lib/python3.8/site-packages:/home/joanne/bookros2_ws/install/controller_manager_msgs/lib/python3.8/site-packages:${PYTHONPATH} /usr/bin/cmake --install /home/joanne/bookros2_ws/build/gazebo_ros2_control
[85.005s] -- Install configuration: ""
[85.006s] -- Installing: /home/joanne/bookros2_ws/install/gazebo_ros2_control/lib/libgazebo_ros2_control.so
[85.006s] -- Set runtime path of "/home/joanne/bookros2_ws/install/gazebo_ros2_control/lib/libgazebo_ros2_control.so" to ""
[85.006s] -- Installing: /home/joanne/bookros2_ws/install/gazebo_ros2_control/lib/libgazebo_hardware_plugins.so
[85.007s] -- Set runtime path of "/home/joanne/bookros2_ws/install/gazebo_ros2_control/lib/libgazebo_hardware_plugins.so" to ""
[85.007s] -- Installing: /home/joanne/bookros2_ws/install/gazebo_ros2_control/share/gazebo_ros2_control/environment/library_path.sh
[85.007s] -- Installing: /home/joanne/bookros2_ws/install/gazebo_ros2_control/share/gazebo_ros2_control/environment/library_path.dsv
[85.008s] -- Installing: /home/joanne/bookros2_ws/install/gazebo_ros2_control/include/gazebo_ros2_control
[85.011s] -- Installing: /home/joanne/bookros2_ws/install/gazebo_ros2_control/include/gazebo_ros2_control/gazebo_system.hpp
[85.012s] -- Installing: /home/joanne/bookros2_ws/install/gazebo_ros2_control/include/gazebo_ros2_control/gazebo_ros2_control_plugin.hpp
[85.012s] -- Installing: /home/joanne/bookros2_ws/install/gazebo_ros2_control/include/gazebo_ros2_control/gazebo_system_interface.hpp
[85.012s] -- Installing: /home/joanne/bookros2_ws/install/gazebo_ros2_control/share/gazebo_ros2_control/gazebo_hardware_plugins.xml
[85.012s] -- Installing: /home/joanne/bookros2_ws/install/gazebo_ros2_control/share/ament_index/resource_index/package_run_dependencies/gazebo_ros2_control
[85.012s] -- Installing: /home/joanne/bookros2_ws/install/gazebo_ros2_control/share/ament_index/resource_index/parent_prefix_path/gazebo_ros2_control
[85.013s] -- Installing: /home/joanne/bookros2_ws/install/gazebo_ros2_control/share/gazebo_ros2_control/environment/ament_prefix_path.sh
[85.013s] -- Installing: /home/joanne/bookros2_ws/install/gazebo_ros2_control/share/gazebo_ros2_control/environment/ament_prefix_path.dsv
[85.013s] -- Installing: /home/joanne/bookros2_ws/install/gazebo_ros2_control/share/gazebo_ros2_control/environment/path.sh
[85.013s] -- Installing: /home/joanne/bookros2_ws/install/gazebo_ros2_control/share/gazebo_ros2_control/environment/path.dsv
[85.013s] -- Installing: /home/joanne/bookros2_ws/install/gazebo_ros2_control/share/gazebo_ros2_control/local_setup.bash
[85.013s] -- Installing: /home/joanne/bookros2_ws/install/gazebo_ros2_control/share/gazebo_ros2_control/local_setup.sh
[85.013s] -- Installing: /home/joanne/bookros2_ws/install/gazebo_ros2_control/share/gazebo_ros2_control/local_setup.zsh
[85.014s] -- Installing: /home/joanne/bookros2_ws/install/gazebo_ros2_control/share/gazebo_ros2_control/local_setup.dsv
[85.014s] -- Installing: /home/joanne/bookros2_ws/install/gazebo_ros2_control/share/gazebo_ros2_control/package.dsv
[85.014s] -- Installing: /home/joanne/bookros2_ws/install/gazebo_ros2_control/share/ament_index/resource_index/packages/gazebo_ros2_control
[85.014s] -- Installing: /home/joanne/bookros2_ws/install/gazebo_ros2_control/share/ament_index/resource_index/gazebo_ros2_control__pluginlib__plugin/gazebo_ros2_control
[85.014s] -- Installing: /home/joanne/bookros2_ws/install/gazebo_ros2_control/share/gazebo_ros2_control/cmake/ament_cmake_export_include_directories-extras.cmake
[85.014s] -- Installing: /home/joanne/bookros2_ws/install/gazebo_ros2_control/share/gazebo_ros2_control/cmake/ament_cmake_export_dependencies-extras.cmake
[85.014s] -- Installing: /home/joanne/bookros2_ws/install/gazebo_ros2_control/share/gazebo_ros2_control/cmake/ament_cmake_export_libraries-extras.cmake
[85.015s] -- Installing: /home/joanne/bookros2_ws/install/gazebo_ros2_control/share/gazebo_ros2_control/cmake/gazebo_ros2_controlConfig.cmake
[85.015s] -- Installing: /home/joanne/bookros2_ws/install/gazebo_ros2_control/share/gazebo_ros2_control/cmake/gazebo_ros2_controlConfig-version.cmake
[85.015s] -- Installing: /home/joanne/bookros2_ws/install/gazebo_ros2_control/share/gazebo_ros2_control/package.xml
[85.020s] Invoked command in '/home/joanne/bookros2_ws/build/gazebo_ros2_control' returned '0': AMENT_PREFIX_PATH=/home/joanne/bookros2_ws/install/controller_manager:/home/joanne/bookros2_ws/install/controller_interface:/home/joanne/bookros2_ws/install/hardware_interface:/home/joanne/bookros2_ws/install/ros2_control_test_assets:/home/joanne/bookros2_ws/install/controller_manager_msgs:${AMENT_PREFIX_PATH} CMAKE_PREFIX_PATH=/home/joanne/bookros2_ws/install/controller_manager:/home/joanne/bookros2_ws/install/controller_interface:/home/joanne/bookros2_ws/install/hardware_interface:/home/joanne/bookros2_ws/install/ros2_control_test_assets:/home/joanne/bookros2_ws/install/controller_manager_msgs:/opt/ros/foxy LD_LIBRARY_PATH=/home/joanne/bookros2_ws/install/controller_manager/lib:/home/joanne/bookros2_ws/install/controller_interface/lib:/home/joanne/bookros2_ws/install/hardware_interface/lib:/home/joanne/bookros2_ws/install/controller_manager_msgs/lib:${LD_LIBRARY_PATH} PYTHONPATH=/home/joanne/bookros2_ws/install/controller_manager/lib/python3.8/site-packages:/home/joanne/bookros2_ws/install/controller_manager_msgs/lib/python3.8/site-packages:${PYTHONPATH} /usr/bin/cmake --install /home/joanne/bookros2_ws/build/gazebo_ros2_control
