[0.220s] Invoking command in '/home/joanne/bookros2_ws/build/joint_state_controller': AMENT_PREFIX_PATH=/home/joanne/bookros2_ws/install/joint_state_broadcaster:/home/joanne/bookros2_ws/install/controller_manager:/home/joanne/bookros2_ws/install/controller_interface:/home/joanne/bookros2_ws/install/hardware_interface:/home/joanne/bookros2_ws/install/ros2_control_test_assets:/home/joanne/bookros2_ws/install/controller_manager_msgs:${AMENT_PREFIX_PATH} CMAKE_PREFIX_PATH=/home/joanne/bookros2_ws/install/joint_state_broadcaster:/home/joanne/bookros2_ws/install/controller_manager:/home/joanne/bookros2_ws/install/controller_interface:/home/joanne/bookros2_ws/install/hardware_interface:/home/joanne/bookros2_ws/install/ros2_control_test_assets:/home/joanne/bookros2_ws/install/controller_manager_msgs:/opt/ros/foxy LD_LIBRARY_PATH=/home/joanne/bookros2_ws/install/joint_state_broadcaster/lib:/home/joanne/bookros2_ws/install/controller_manager/lib:/home/joanne/bookros2_ws/install/controller_interface/lib:/home/joanne/bookros2_ws/install/hardware_interface/lib:/home/joanne/bookros2_ws/install/controller_manager_msgs/lib:${LD_LIBRARY_PATH} PYTHONPATH=/home/joanne/bookros2_ws/install/controller_manager/lib/python3.8/site-packages:/home/joanne/bookros2_ws/install/controller_manager_msgs/lib/python3.8/site-packages:${PYTHONPATH} /usr/bin/cmake --build /home/joanne/bookros2_ws/build/joint_state_controller -- -j8 -l8
[0.323s] [ 22%] Built target gmock_main
[0.327s] [ 55%] Built target gmock
[0.331s] [ 77%] Built target joint_state_controller
[0.376s] [100%] Built target test_load_joint_state_controller
[0.565s] Invoked command in '/home/joanne/bookros2_ws/build/joint_state_controller' returned '0': AMENT_PREFIX_PATH=/home/joanne/bookros2_ws/install/joint_state_broadcaster:/home/joanne/bookros2_ws/install/controller_manager:/home/joanne/bookros2_ws/install/controller_interface:/home/joanne/bookros2_ws/install/hardware_interface:/home/joanne/bookros2_ws/install/ros2_control_test_assets:/home/joanne/bookros2_ws/install/controller_manager_msgs:${AMENT_PREFIX_PATH} CMAKE_PREFIX_PATH=/home/joanne/bookros2_ws/install/joint_state_broadcaster:/home/joanne/bookros2_ws/install/controller_manager:/home/joanne/bookros2_ws/install/controller_interface:/home/joanne/bookros2_ws/install/hardware_interface:/home/joanne/bookros2_ws/install/ros2_control_test_assets:/home/joanne/bookros2_ws/install/controller_manager_msgs:/opt/ros/foxy LD_LIBRARY_PATH=/home/joanne/bookros2_ws/install/joint_state_broadcaster/lib:/home/joanne/bookros2_ws/install/controller_manager/lib:/home/joanne/bookros2_ws/install/controller_interface/lib:/home/joanne/bookros2_ws/install/hardware_interface/lib:/home/joanne/bookros2_ws/install/controller_manager_msgs/lib:${LD_LIBRARY_PATH} PYTHONPATH=/home/joanne/bookros2_ws/install/controller_manager/lib/python3.8/site-packages:/home/joanne/bookros2_ws/install/controller_manager_msgs/lib/python3.8/site-packages:${PYTHONPATH} /usr/bin/cmake --build /home/joanne/bookros2_ws/build/joint_state_controller -- -j8 -l8
[0.570s] Invoking command in '/home/joanne/bookros2_ws/build/joint_state_controller': AMENT_PREFIX_PATH=/home/joanne/bookros2_ws/install/joint_state_broadcaster:/home/joanne/bookros2_ws/install/controller_manager:/home/joanne/bookros2_ws/install/controller_interface:/home/joanne/bookros2_ws/install/hardware_interface:/home/joanne/bookros2_ws/install/ros2_control_test_assets:/home/joanne/bookros2_ws/install/controller_manager_msgs:${AMENT_PREFIX_PATH} CMAKE_PREFIX_PATH=/home/joanne/bookros2_ws/install/joint_state_broadcaster:/home/joanne/bookros2_ws/install/controller_manager:/home/joanne/bookros2_ws/install/controller_interface:/home/joanne/bookros2_ws/install/hardware_interface:/home/joanne/bookros2_ws/install/ros2_control_test_assets:/home/joanne/bookros2_ws/install/controller_manager_msgs:/opt/ros/foxy LD_LIBRARY_PATH=/home/joanne/bookros2_ws/install/joint_state_broadcaster/lib:/home/joanne/bookros2_ws/install/controller_manager/lib:/home/joanne/bookros2_ws/install/controller_interface/lib:/home/joanne/bookros2_ws/install/hardware_interface/lib:/home/joanne/bookros2_ws/install/controller_manager_msgs/lib:${LD_LIBRARY_PATH} PYTHONPATH=/home/joanne/bookros2_ws/install/controller_manager/lib/python3.8/site-packages:/home/joanne/bookros2_ws/install/controller_manager_msgs/lib/python3.8/site-packages:${PYTHONPATH} /usr/bin/cmake --install /home/joanne/bookros2_ws/build/joint_state_controller
[0.626s] -- Install configuration: ""
[0.626s] -- Execute custom install script
[0.626s] -- Up-to-date symlink: /home/joanne/bookros2_ws/install/joint_state_controller/share/joint_state_controller//joint_state_plugin.xml
[0.626s] -- Up-to-date symlink: /home/joanne/bookros2_ws/install/joint_state_controller/lib/libjoint_state_controller.so
[0.626s] -- Up-to-date symlink: /home/joanne/bookros2_ws/install/joint_state_controller/share/joint_state_controller/environment/library_path.sh
[0.626s] -- Up-to-date symlink: /home/joanne/bookros2_ws/install/joint_state_controller/share/joint_state_controller/environment/library_path.dsv
[0.627s] -- Up-to-date symlink: /home/joanne/bookros2_ws/install/joint_state_controller/share/ament_index/resource_index/package_run_dependencies/joint_state_controller
[0.627s] -- Up-to-date symlink: /home/joanne/bookros2_ws/install/joint_state_controller/share/ament_index/resource_index/parent_prefix_path/joint_state_controller
[0.627s] -- Up-to-date symlink: /home/joanne/bookros2_ws/install/joint_state_controller/share/joint_state_controller/environment/ament_prefix_path.sh
[0.627s] -- Up-to-date symlink: /home/joanne/bookros2_ws/install/joint_state_controller/share/joint_state_controller/environment/ament_prefix_path.dsv
[0.627s] -- Up-to-date symlink: /home/joanne/bookros2_ws/install/joint_state_controller/share/joint_state_controller/environment/path.sh
[0.627s] -- Up-to-date symlink: /home/joanne/bookros2_ws/install/joint_state_controller/share/joint_state_controller/environment/path.dsv
[0.627s] -- Up-to-date symlink: /home/joanne/bookros2_ws/install/joint_state_controller/share/joint_state_controller/local_setup.bash
[0.628s] -- Up-to-date symlink: /home/joanne/bookros2_ws/install/joint_state_controller/share/joint_state_controller/local_setup.sh
[0.629s] -- Up-to-date symlink: /home/joanne/bookros2_ws/install/joint_state_controller/share/joint_state_controller/local_setup.zsh
[0.629s] -- Up-to-date symlink: /home/joanne/bookros2_ws/install/joint_state_controller/share/joint_state_controller/local_setup.dsv
[0.629s] -- Symlinking: /home/joanne/bookros2_ws/install/joint_state_controller/share/joint_state_controller/package.dsv
[0.629s] -- Up-to-date symlink: /home/joanne/bookros2_ws/install/joint_state_controller/share/ament_index/resource_index/packages/joint_state_controller
[0.629s] -- Up-to-date symlink: /home/joanne/bookros2_ws/install/joint_state_controller/share/ament_index/resource_index/controller_interface__pluginlib__plugin/joint_state_controller
[0.629s] -- Up-to-date symlink: /home/joanne/bookros2_ws/install/joint_state_controller/share/joint_state_controller/cmake/ament_cmake_export_dependencies-extras.cmake
[0.629s] -- Up-to-date symlink: /home/joanne/bookros2_ws/install/joint_state_controller/share/joint_state_controller/cmake/ament_cmake_export_libraries-extras.cmake
[0.629s] -- Up-to-date symlink: /home/joanne/bookros2_ws/install/joint_state_controller/share/joint_state_controller/cmake/joint_state_controllerConfig.cmake
[0.630s] -- Up-to-date symlink: /home/joanne/bookros2_ws/install/joint_state_controller/share/joint_state_controller/cmake/joint_state_controllerConfig-version.cmake
[0.630s] -- Up-to-date symlink: /home/joanne/bookros2_ws/install/joint_state_controller/share/joint_state_controller/package.xml
[0.708s] Invoked command in '/home/joanne/bookros2_ws/build/joint_state_controller' returned '0': AMENT_PREFIX_PATH=/home/joanne/bookros2_ws/install/joint_state_broadcaster:/home/joanne/bookros2_ws/install/controller_manager:/home/joanne/bookros2_ws/install/controller_interface:/home/joanne/bookros2_ws/install/hardware_interface:/home/joanne/bookros2_ws/install/ros2_control_test_assets:/home/joanne/bookros2_ws/install/controller_manager_msgs:${AMENT_PREFIX_PATH} CMAKE_PREFIX_PATH=/home/joanne/bookros2_ws/install/joint_state_broadcaster:/home/joanne/bookros2_ws/install/controller_manager:/home/joanne/bookros2_ws/install/controller_interface:/home/joanne/bookros2_ws/install/hardware_interface:/home/joanne/bookros2_ws/install/ros2_control_test_assets:/home/joanne/bookros2_ws/install/controller_manager_msgs:/opt/ros/foxy LD_LIBRARY_PATH=/home/joanne/bookros2_ws/install/joint_state_broadcaster/lib:/home/joanne/bookros2_ws/install/controller_manager/lib:/home/joanne/bookros2_ws/install/controller_interface/lib:/home/joanne/bookros2_ws/install/hardware_interface/lib:/home/joanne/bookros2_ws/install/controller_manager_msgs/lib:${LD_LIBRARY_PATH} PYTHONPATH=/home/joanne/bookros2_ws/install/controller_manager/lib/python3.8/site-packages:/home/joanne/bookros2_ws/install/controller_manager_msgs/lib/python3.8/site-packages:${PYTHONPATH} /usr/bin/cmake --install /home/joanne/bookros2_ws/build/joint_state_controller
