[0.066s] Invoking command in '/home/joanne/bookros2_ws/build/controller_manager': AMENT_PREFIX_PATH=/home/joanne/bookros2_ws/install/controller_interface:/home/joanne/bookros2_ws/install/hardware_interface:/home/joanne/bookros2_ws/install/ros2_control_test_assets:/home/joanne/bookros2_ws/install/controller_manager_msgs:${AMENT_PREFIX_PATH} CMAKE_PREFIX_PATH=/home/joanne/bookros2_ws/install/controller_interface:/home/joanne/bookros2_ws/install/hardware_interface:/home/joanne/bookros2_ws/install/ros2_control_test_assets:/home/joanne/bookros2_ws/install/controller_manager_msgs:/opt/ros/foxy LD_LIBRARY_PATH=/home/joanne/bookros2_ws/install/controller_interface/lib:/home/joanne/bookros2_ws/install/hardware_interface/lib:/home/joanne/bookros2_ws/install/controller_manager_msgs/lib:${LD_LIBRARY_PATH} PYTHONPATH=/home/joanne/bookros2_ws/install/controller_manager_msgs/lib/python3.8/site-packages:${PYTHONPATH} /usr/bin/cmake --build /home/joanne/bookros2_ws/build/controller_manager -- -j8 -l8
[0.203s] [ 20%] Built target gmock_main
[0.204s] [ 20%] Built target gmock
[0.254s] [ 28%] Built target controller_manager
[0.349s] [ 36%] Built target test_controller_failed_init
[0.350s] [ 44%] Built target test_controller
[0.359s] [ 52%] Built target test_controller_with_interfaces
[0.364s] [ 60%] Built target ros2_control_node
[0.426s] [ 76%] Built target test_controller_manager
[0.427s] [ 76%] Built target test_spawner_unspawner
[0.430s] [ 84%] Built target test_load_controller
[0.437s] [ 92%] Built target test_controller_manager_srvs
[0.442s] [100%] Built target test_release_interfaces
[0.455s] Invoked command in '/home/joanne/bookros2_ws/build/controller_manager' returned '0': AMENT_PREFIX_PATH=/home/joanne/bookros2_ws/install/controller_interface:/home/joanne/bookros2_ws/install/hardware_interface:/home/joanne/bookros2_ws/install/ros2_control_test_assets:/home/joanne/bookros2_ws/install/controller_manager_msgs:${AMENT_PREFIX_PATH} CMAKE_PREFIX_PATH=/home/joanne/bookros2_ws/install/controller_interface:/home/joanne/bookros2_ws/install/hardware_interface:/home/joanne/bookros2_ws/install/ros2_control_test_assets:/home/joanne/bookros2_ws/install/controller_manager_msgs:/opt/ros/foxy LD_LIBRARY_PATH=/home/joanne/bookros2_ws/install/controller_interface/lib:/home/joanne/bookros2_ws/install/hardware_interface/lib:/home/joanne/bookros2_ws/install/controller_manager_msgs/lib:${LD_LIBRARY_PATH} PYTHONPATH=/home/joanne/bookros2_ws/install/controller_manager_msgs/lib/python3.8/site-packages:${PYTHONPATH} /usr/bin/cmake --build /home/joanne/bookros2_ws/build/controller_manager -- -j8 -l8
[0.459s] Invoking command in '/home/joanne/bookros2_ws/build/controller_manager': AMENT_PREFIX_PATH=/home/joanne/bookros2_ws/install/controller_interface:/home/joanne/bookros2_ws/install/hardware_interface:/home/joanne/bookros2_ws/install/ros2_control_test_assets:/home/joanne/bookros2_ws/install/controller_manager_msgs:${AMENT_PREFIX_PATH} CMAKE_PREFIX_PATH=/home/joanne/bookros2_ws/install/controller_interface:/home/joanne/bookros2_ws/install/hardware_interface:/home/joanne/bookros2_ws/install/ros2_control_test_assets:/home/joanne/bookros2_ws/install/controller_manager_msgs:/opt/ros/foxy LD_LIBRARY_PATH=/home/joanne/bookros2_ws/install/controller_interface/lib:/home/joanne/bookros2_ws/install/hardware_interface/lib:/home/joanne/bookros2_ws/install/controller_manager_msgs/lib:${LD_LIBRARY_PATH} PYTHONPATH=/home/joanne/bookros2_ws/install/controller_manager_msgs/lib/python3.8/site-packages:${PYTHONPATH} /usr/bin/cmake --install /home/joanne/bookros2_ws/build/controller_manager
[0.468s] -- Install configuration: ""
[0.468s] -- Execute custom install script
[0.469s] -- Up-to-date symlink: /home/joanne/bookros2_ws/install/controller_manager/lib/libcontroller_manager.so
[0.470s] -- Up-to-date symlink: /home/joanne/bookros2_ws/install/controller_manager/lib/controller_manager/ros2_control_node
[0.471s] -- Up-to-date symlink: /home/joanne/bookros2_ws/install/controller_manager/include/controller_manager/controller_manager.hpp
[0.471s] -- Up-to-date symlink: /home/joanne/bookros2_ws/install/controller_manager/include/controller_manager/controller_spec.hpp
[0.471s] -- Up-to-date symlink: /home/joanne/bookros2_ws/install/controller_manager/include/controller_manager/visibility_control.h
[0.472s] -- Up-to-date symlink: /home/joanne/bookros2_ws/install/controller_manager/lib/controller_manager/spawner.py
[0.472s] -- Up-to-date symlink: /home/joanne/bookros2_ws/install/controller_manager/lib/controller_manager/unspawner.py
[0.475s] -- Up-to-date symlink: /home/joanne/bookros2_ws/install/controller_manager/share/controller_manager/test/test_controller/test_controller.xml
[0.479s] -- Up-to-date symlink: /home/joanne/bookros2_ws/install/controller_manager/lib/libtest_controller.so
[0.479s] -- Up-to-date symlink: /home/joanne/bookros2_ws/install/controller_manager/share/controller_manager/test/test_controller_failed_init/test_controller_failed_init.xml
[0.480s] -- Up-to-date symlink: /home/joanne/bookros2_ws/install/controller_manager/lib/libtest_controller_failed_init.so
[0.480s] -- Up-to-date symlink: /home/joanne/bookros2_ws/install/controller_manager/share/controller_manager/test/test_controller_with_interfaces/test_controller_with_interfaces.xml
[0.480s] -- Up-to-date symlink: /home/joanne/bookros2_ws/install/controller_manager/lib/libtest_controller_with_interfaces.so
[0.480s] -- Up-to-date symlink: /home/joanne/bookros2_ws/install/controller_manager/share/controller_manager/environment/pythonpath.sh
[0.480s] -- Up-to-date symlink: /home/joanne/bookros2_ws/install/controller_manager/share/controller_manager/environment/pythonpath.dsv
[0.480s] -- Up-to-date symlink: /home/joanne/bookros2_ws/install/controller_manager/lib/python3.8/site-packages/controller_manager/__init__.py
[0.480s] -- Up-to-date symlink: /home/joanne/bookros2_ws/install/controller_manager/lib/python3.8/site-packages/controller_manager/controller_manager_services.py
[0.480s] -- Up-to-date symlink: /home/joanne/bookros2_ws/install/controller_manager/lib/python3.8/site-packages/controller_manager/launch_utils.py
[0.480s] -- Up-to-date symlink: /home/joanne/bookros2_ws/install/controller_manager/share/controller_manager/environment/library_path.sh
[0.480s] -- Up-to-date symlink: /home/joanne/bookros2_ws/install/controller_manager/share/controller_manager/environment/library_path.dsv
[0.481s] -- Up-to-date symlink: /home/joanne/bookros2_ws/install/controller_manager/share/ament_index/resource_index/package_run_dependencies/controller_manager
[0.481s] -- Up-to-date symlink: /home/joanne/bookros2_ws/install/controller_manager/share/ament_index/resource_index/parent_prefix_path/controller_manager
[0.481s] -- Up-to-date symlink: /home/joanne/bookros2_ws/install/controller_manager/share/controller_manager/environment/ament_prefix_path.sh
[0.481s] -- Up-to-date symlink: /home/joanne/bookros2_ws/install/controller_manager/share/controller_manager/environment/ament_prefix_path.dsv
[0.481s] -- Up-to-date symlink: /home/joanne/bookros2_ws/install/controller_manager/share/controller_manager/environment/path.sh
[0.481s] -- Up-to-date symlink: /home/joanne/bookros2_ws/install/controller_manager/share/controller_manager/environment/path.dsv
[0.481s] -- Up-to-date symlink: /home/joanne/bookros2_ws/install/controller_manager/share/controller_manager/local_setup.bash
[0.481s] -- Up-to-date symlink: /home/joanne/bookros2_ws/install/controller_manager/share/controller_manager/local_setup.sh
[0.481s] -- Up-to-date symlink: /home/joanne/bookros2_ws/install/controller_manager/share/controller_manager/local_setup.zsh
[0.481s] -- Up-to-date symlink: /home/joanne/bookros2_ws/install/controller_manager/share/controller_manager/local_setup.dsv
[0.482s] -- Symlinking: /home/joanne/bookros2_ws/install/controller_manager/share/controller_manager/package.dsv
[0.494s] -- Up-to-date symlink: /home/joanne/bookros2_ws/install/controller_manager/share/ament_index/resource_index/packages/controller_manager
[0.495s] -- Up-to-date symlink: /home/joanne/bookros2_ws/install/controller_manager/share/ament_index/resource_index/controller_interface__pluginlib__plugin/controller_manager
[0.495s] -- Up-to-date symlink: /home/joanne/bookros2_ws/install/controller_manager/share/controller_manager/cmake/ament_cmake_export_libraries-extras.cmake
[0.495s] -- Up-to-date symlink: /home/joanne/bookros2_ws/install/controller_manager/share/controller_manager/cmake/ament_cmake_export_include_directories-extras.cmake
[0.496s] -- Up-to-date symlink: /home/joanne/bookros2_ws/install/controller_manager/share/controller_manager/cmake/ament_cmake_export_dependencies-extras.cmake
[0.496s] -- Up-to-date symlink: /home/joanne/bookros2_ws/install/controller_manager/share/controller_manager/cmake/controller_managerConfig.cmake
[0.496s] -- Up-to-date symlink: /home/joanne/bookros2_ws/install/controller_manager/share/controller_manager/cmake/controller_managerConfig-version.cmake
[0.497s] -- Up-to-date symlink: /home/joanne/bookros2_ws/install/controller_manager/share/controller_manager/package.xml
[0.529s] Listing '/home/joanne/bookros2_ws/install/controller_manager/lib/python3.8/site-packages/controller_manager'...
[0.536s] Invoked command in '/home/joanne/bookros2_ws/build/controller_manager' returned '0': AMENT_PREFIX_PATH=/home/joanne/bookros2_ws/install/controller_interface:/home/joanne/bookros2_ws/install/hardware_interface:/home/joanne/bookros2_ws/install/ros2_control_test_assets:/home/joanne/bookros2_ws/install/controller_manager_msgs:${AMENT_PREFIX_PATH} CMAKE_PREFIX_PATH=/home/joanne/bookros2_ws/install/controller_interface:/home/joanne/bookros2_ws/install/hardware_interface:/home/joanne/bookros2_ws/install/ros2_control_test_assets:/home/joanne/bookros2_ws/install/controller_manager_msgs:/opt/ros/foxy LD_LIBRARY_PATH=/home/joanne/bookros2_ws/install/controller_interface/lib:/home/joanne/bookros2_ws/install/hardware_interface/lib:/home/joanne/bookros2_ws/install/controller_manager_msgs/lib:${LD_LIBRARY_PATH} PYTHONPATH=/home/joanne/bookros2_ws/install/controller_manager_msgs/lib/python3.8/site-packages:${PYTHONPATH} /usr/bin/cmake --install /home/joanne/bookros2_ws/build/controller_manager
