[0.064s] Invoking command in '/home/joanne/bookros2_ws/build/br2_tiago': CMAKE_PREFIX_PATH=/opt/ros/foxy /usr/bin/cmake --build /home/joanne/bookros2_ws/build/br2_tiago -- -j8 -l8
[0.248s] Invoked command in '/home/joanne/bookros2_ws/build/br2_tiago' returned '0': CMAKE_PREFIX_PATH=/opt/ros/foxy /usr/bin/cmake --build /home/joanne/bookros2_ws/build/br2_tiago -- -j8 -l8
[0.254s] Invoking command in '/home/joanne/bookros2_ws/build/br2_tiago': CMAKE_PREFIX_PATH=/opt/ros/foxy /usr/bin/cmake --install /home/joanne/bookros2_ws/build/br2_tiago
[0.274s] -- Install configuration: ""
[0.276s] -- Execute custom install script
[0.277s] -- Up-to-date symlink: /home/joanne/bookros2_ws/install/br2_tiago/share/br2_tiago/launch/sim.launch.py
[0.278s] -- Up-to-date symlink: /home/joanne/bookros2_ws/install/br2_tiago/share/ament_index/resource_index/package_run_dependencies/br2_tiago
[0.278s] -- Up-to-date symlink: /home/joanne/bookros2_ws/install/br2_tiago/share/ament_index/resource_index/parent_prefix_path/br2_tiago
[0.279s] -- Up-to-date symlink: /home/joanne/bookros2_ws/install/br2_tiago/share/br2_tiago/environment/ament_prefix_path.sh
[0.279s] -- Up-to-date symlink: /home/joanne/bookros2_ws/install/br2_tiago/share/br2_tiago/environment/ament_prefix_path.dsv
[0.280s] -- Up-to-date symlink: /home/joanne/bookros2_ws/install/br2_tiago/share/br2_tiago/environment/path.sh
[0.280s] -- Up-to-date symlink: /home/joanne/bookros2_ws/install/br2_tiago/share/br2_tiago/environment/path.dsv
[0.281s] -- Up-to-date symlink: /home/joanne/bookros2_ws/install/br2_tiago/share/br2_tiago/local_setup.bash
[0.281s] -- Up-to-date symlink: /home/joanne/bookros2_ws/install/br2_tiago/share/br2_tiago/local_setup.sh
[0.281s] -- Up-to-date symlink: /home/joanne/bookros2_ws/install/br2_tiago/share/br2_tiago/local_setup.zsh
[0.282s] -- Up-to-date symlink: /home/joanne/bookros2_ws/install/br2_tiago/share/br2_tiago/local_setup.dsv
[0.282s] -- Symlinking: /home/joanne/bookros2_ws/install/br2_tiago/share/br2_tiago/package.dsv
[0.303s] -- Up-to-date symlink: /home/joanne/bookros2_ws/install/br2_tiago/share/ament_index/resource_index/packages/br2_tiago
[0.303s] -- Up-to-date symlink: /home/joanne/bookros2_ws/install/br2_tiago/share/br2_tiago/cmake/br2_tiagoConfig.cmake
[0.304s] -- Up-to-date symlink: /home/joanne/bookros2_ws/install/br2_tiago/share/br2_tiago/cmake/br2_tiagoConfig-version.cmake
[0.304s] -- Up-to-date symlink: /home/joanne/bookros2_ws/install/br2_tiago/share/br2_tiago/package.xml
[0.315s] Invoked command in '/home/joanne/bookros2_ws/build/br2_tiago' returned '0': CMAKE_PREFIX_PATH=/opt/ros/foxy /usr/bin/cmake --install /home/joanne/bookros2_ws/build/br2_tiago
