[0.013s] Invoking command in '/home/joanne/bookros2_ws/build/br2_vff_avoidance': CMAKE_PREFIX_PATH=${CMAKE_PREFIX_PATH}:/home/joanne/bookros2_ws/install/ros2controlcli:/home/joanne/bookros2_ws/install/launch_pal:/home/joanne/bookros2_ws/install/br2_fsm_bumpgo_py:/opt/ros/foxy /usr/bin/cmake --build /home/joanne/bookros2_ws/build/br2_vff_avoidance -- -j8 -l8
[0.052s] [35m[1mScanning dependencies of target br2_vff_avoidance[0m
[0.063s] [ 20%] Built target gtest
[0.063s] [ 40%] Built target gtest_main
[0.077s] [ 50%] [32mBuilding CXX object CMakeFiles/br2_vff_avoidance.dir/src/br2_vff_avoidance/AvoidanceNode.cpp.o[0m
[6.416s] [ 60%] [32m[1mLinking CXX shared library libbr2_vff_avoidance.so[0m
[6.793s] [ 60%] Built target br2_vff_avoidance
[6.808s] [35m[1mScanning dependencies of target vff_test[0m
[6.808s] [35m[1mScanning dependencies of target avoidance_vff[0m
[6.837s] [ 70%] [32mBuilding CXX object CMakeFiles/avoidance_vff.dir/src/avoidance_vff_main.cpp.o[0m
[6.837s] [ 80%] [32mBuilding CXX object tests/CMakeFiles/vff_test.dir/vff_test.cpp.o[0m
[9.009s] [ 90%] [32m[1mLinking CXX executable avoidance_vff[0m
[9.202s] [ 90%] Built target avoidance_vff
[13.505s] [100%] [32m[1mLinking CXX executable vff_test[0m
[13.920s] [100%] Built target vff_test
[13.932s] Invoked command in '/home/joanne/bookros2_ws/build/br2_vff_avoidance' returned '0': CMAKE_PREFIX_PATH=${CMAKE_PREFIX_PATH}:/home/joanne/bookros2_ws/install/ros2controlcli:/home/joanne/bookros2_ws/install/launch_pal:/home/joanne/bookros2_ws/install/br2_fsm_bumpgo_py:/opt/ros/foxy /usr/bin/cmake --build /home/joanne/bookros2_ws/build/br2_vff_avoidance -- -j8 -l8
[13.945s] Invoking command in '/home/joanne/bookros2_ws/build/br2_vff_avoidance': CMAKE_PREFIX_PATH=${CMAKE_PREFIX_PATH}:/home/joanne/bookros2_ws/install/ros2controlcli:/home/joanne/bookros2_ws/install/launch_pal:/home/joanne/bookros2_ws/install/br2_fsm_bumpgo_py:/opt/ros/foxy /usr/bin/cmake --install /home/joanne/bookros2_ws/build/br2_vff_avoidance
[13.954s] -- Install configuration: "Debug"
[13.954s] -- Execute custom install script
[13.955s] -- Up-to-date symlink: /home/joanne/bookros2_ws/install/br2_vff_avoidance/lib/libbr2_vff_avoidance.so
[13.955s] -- Up-to-date symlink: /home/joanne/bookros2_ws/install/br2_vff_avoidance/lib/br2_vff_avoidance/avoidance_vff
[13.956s] -- Up-to-date symlink: /home/joanne/bookros2_ws/install/br2_vff_avoidance/share/br2_vff_avoidance/launch/avoidance_vff.launch.py
[13.956s] -- Up-to-date symlink: /home/joanne/bookros2_ws/install/br2_vff_avoidance/share/ament_index/resource_index/package_run_dependencies/br2_vff_avoidance
[13.957s] -- Up-to-date symlink: /home/joanne/bookros2_ws/install/br2_vff_avoidance/share/ament_index/resource_index/parent_prefix_path/br2_vff_avoidance
[13.957s] -- Up-to-date symlink: /home/joanne/bookros2_ws/install/br2_vff_avoidance/share/br2_vff_avoidance/environment/ament_prefix_path.sh
[13.957s] -- Up-to-date symlink: /home/joanne/bookros2_ws/install/br2_vff_avoidance/share/br2_vff_avoidance/environment/ament_prefix_path.dsv
[13.957s] -- Up-to-date symlink: /home/joanne/bookros2_ws/install/br2_vff_avoidance/share/br2_vff_avoidance/environment/path.sh
[13.958s] -- Up-to-date symlink: /home/joanne/bookros2_ws/install/br2_vff_avoidance/share/br2_vff_avoidance/environment/path.dsv
[13.958s] -- Up-to-date symlink: /home/joanne/bookros2_ws/install/br2_vff_avoidance/share/br2_vff_avoidance/local_setup.bash
[13.958s] -- Up-to-date symlink: /home/joanne/bookros2_ws/install/br2_vff_avoidance/share/br2_vff_avoidance/local_setup.sh
[13.958s] -- Up-to-date symlink: /home/joanne/bookros2_ws/install/br2_vff_avoidance/share/br2_vff_avoidance/local_setup.zsh
[13.958s] -- Up-to-date symlink: /home/joanne/bookros2_ws/install/br2_vff_avoidance/share/br2_vff_avoidance/local_setup.dsv
[13.959s] -- Symlinking: /home/joanne/bookros2_ws/install/br2_vff_avoidance/share/br2_vff_avoidance/package.dsv
[13.969s] -- Up-to-date symlink: /home/joanne/bookros2_ws/install/br2_vff_avoidance/share/ament_index/resource_index/packages/br2_vff_avoidance
[13.970s] -- Up-to-date symlink: /home/joanne/bookros2_ws/install/br2_vff_avoidance/share/br2_vff_avoidance/cmake/ament_cmake_export_dependencies-extras.cmake
[13.970s] -- Up-to-date symlink: /home/joanne/bookros2_ws/install/br2_vff_avoidance/share/br2_vff_avoidance/cmake/br2_vff_avoidanceConfig.cmake
[13.970s] -- Up-to-date symlink: /home/joanne/bookros2_ws/install/br2_vff_avoidance/share/br2_vff_avoidance/cmake/br2_vff_avoidanceConfig-version.cmake
[13.970s] -- Up-to-date symlink: /home/joanne/bookros2_ws/install/br2_vff_avoidance/share/br2_vff_avoidance/package.xml
[13.972s] Invoked command in '/home/joanne/bookros2_ws/build/br2_vff_avoidance' returned '0': CMAKE_PREFIX_PATH=${CMAKE_PREFIX_PATH}:/home/joanne/bookros2_ws/install/ros2controlcli:/home/joanne/bookros2_ws/install/launch_pal:/home/joanne/bookros2_ws/install/br2_fsm_bumpgo_py:/opt/ros/foxy /usr/bin/cmake --install /home/joanne/bookros2_ws/build/br2_vff_avoidance
