[0.057s] Invoking command in '/home/joanne/bookros2_ws/build/controller_interface': AMENT_PREFIX_PATH=/home/joanne/bookros2_ws/install/hardware_interface:/home/joanne/bookros2_ws/install/ros2_control_test_assets:${AMENT_PREFIX_PATH} CMAKE_PREFIX_PATH=/home/joanne/bookros2_ws/install/hardware_interface:/home/joanne/bookros2_ws/install/ros2_control_test_assets:/opt/ros/foxy LD_LIBRARY_PATH=/home/joanne/bookros2_ws/install/hardware_interface/lib:${LD_LIBRARY_PATH} /usr/bin/cmake /home/joanne/bookros2_ws/src/ThirdParty/ros2_control/controller_interface -DCMAKE_INSTALL_PREFIX=/home/joanne/bookros2_ws/install/controller_interface
[0.173s] -- The C compiler identification is GNU 9.4.0
[0.261s] -- The CXX compiler identification is GNU 9.4.0
[0.272s] -- Check for working C compiler: /usr/bin/cc
[0.361s] -- Check for working C compiler: /usr/bin/cc -- works
[0.362s] -- Detecting C compiler ABI info
[0.485s] -- Detecting C compiler ABI info - done
[0.513s] -- Detecting C compile features
[0.513s] -- Detecting C compile features - done
[0.519s] -- Check for working CXX compiler: /usr/bin/c++
[0.731s] -- Check for working CXX compiler: /usr/bin/c++ -- works
[0.737s] -- Detecting CXX compiler ABI info
[0.911s] -- Detecting CXX compiler ABI info - done
[0.942s] -- Detecting CXX compile features
[0.943s] -- Detecting CXX compile features - done
[0.947s] -- Found ament_cmake: 0.9.12 (/opt/ros/foxy/share/ament_cmake/cmake)
[0.999s] -- Found PythonInterp: /usr/bin/python3 (found suitable version "3.8.10", minimum required is "3") 
[0.999s] -- Using PYTHON_EXECUTABLE: /usr/bin/python3
[1.505s] -- Found hardware_interface: 0.7.1 (/home/joanne/bookros2_ws/install/hardware_interface/share/hardware_interface/cmake)
[1.576s] -- Using all available rosidl_typesupport_c: rosidl_typesupport_fastrtps_c;rosidl_typesupport_introspection_c
[1.590s] -- Found rosidl_adapter: 1.3.1 (/opt/ros/foxy/share/rosidl_adapter/cmake)
[1.759s] -- Found OpenSSL: /usr/lib/x86_64-linux-gnu/libcrypto.so (found version "1.1.1f")  
[1.830s] -- Found FastRTPS: /opt/ros/foxy/include  
[2.014s] -- Using all available rosidl_typesupport_cpp: rosidl_typesupport_fastrtps_cpp;rosidl_typesupport_introspection_cpp
[3.375s] -- Found rclcpp_lifecycle: 2.4.3 (/opt/ros/foxy/share/rclcpp_lifecycle/cmake)
[3.468s] -- Found rmw_implementation_cmake: 1.0.4 (/opt/ros/foxy/share/rmw_implementation_cmake/cmake)
[3.471s] -- Using RMW implementation 'rmw_fastrtps_cpp' as default
[3.473s] -- Looking for pthread.h
[3.596s] -- Looking for pthread.h - found
[3.597s] -- Performing Test CMAKE_HAVE_LIBC_PTHREAD
[3.713s] -- Performing Test CMAKE_HAVE_LIBC_PTHREAD - Failed
[3.714s] -- Looking for pthread_create in pthreads
[3.796s] -- Looking for pthread_create in pthreads - not found
[3.796s] -- Looking for pthread_create in pthread
[3.888s] -- Looking for pthread_create in pthread - found
[3.889s] -- Found Threads: TRUE  
[4.204s] -- Found ament_cmake_gmock: 0.9.12 (/opt/ros/foxy/share/ament_cmake_gmock/cmake)
[4.208s] -- Found ament_lint_auto: 0.9.8 (/opt/ros/foxy/share/ament_lint_auto/cmake)
[4.210s] -- Found sensor_msgs: 2.0.5 (/opt/ros/foxy/share/sensor_msgs/cmake)
[4.453s] -- Found gmock sources under '/opt/ros/foxy/src/gmock_vendor': C++ tests using 'Google Mock' will be built
[4.458s] -- Found ament_cmake_gtest: 0.9.12 (/opt/ros/foxy/share/ament_cmake_gtest/cmake)
[4.460s] -- Found gtest sources under '/opt/ros/foxy/src/gtest_vendor': C++ tests using 'Google Test' will be built
[4.544s] -- Added test 'copyright' to check source files copyright and LICENSE
[4.547s] -- Added test 'cppcheck' to perform static code analysis on C / C++ code
[4.548s] -- Configured cppcheck include dirs: /home/joanne/bookros2_ws/src/ThirdParty/ros2_control/controller_interface/include
[4.548s] -- Configured cppcheck exclude dirs and/or files: 
[4.550s] -- Added test 'cpplint' to check C / C++ code against the Google style
[4.550s] -- Configured cpplint exclude dirs and/or files: 
[4.552s] -- Added test 'lint_cmake' to check CMake code style
[4.554s] -- Added test 'uncrustify' to check C / C++ code style
[4.554s] -- Configured uncrustify additional arguments: 
[4.555s] -- Added test 'xmllint' to check XML markup files
[4.562s] -- Configuring done
[4.675s] -- Generating done
[4.734s] -- Build files have been written to: /home/joanne/bookros2_ws/build/controller_interface
[4.769s] Invoked command in '/home/joanne/bookros2_ws/build/controller_interface' returned '0': AMENT_PREFIX_PATH=/home/joanne/bookros2_ws/install/hardware_interface:/home/joanne/bookros2_ws/install/ros2_control_test_assets:${AMENT_PREFIX_PATH} CMAKE_PREFIX_PATH=/home/joanne/bookros2_ws/install/hardware_interface:/home/joanne/bookros2_ws/install/ros2_control_test_assets:/opt/ros/foxy LD_LIBRARY_PATH=/home/joanne/bookros2_ws/install/hardware_interface/lib:${LD_LIBRARY_PATH} /usr/bin/cmake /home/joanne/bookros2_ws/src/ThirdParty/ros2_control/controller_interface -DCMAKE_INSTALL_PREFIX=/home/joanne/bookros2_ws/install/controller_interface
[4.770s] Invoking command in '/home/joanne/bookros2_ws/build/controller_interface': AMENT_PREFIX_PATH=/home/joanne/bookros2_ws/install/hardware_interface:/home/joanne/bookros2_ws/install/ros2_control_test_assets:${AMENT_PREFIX_PATH} CMAKE_PREFIX_PATH=/home/joanne/bookros2_ws/install/hardware_interface:/home/joanne/bookros2_ws/install/ros2_control_test_assets:/opt/ros/foxy LD_LIBRARY_PATH=/home/joanne/bookros2_ws/install/hardware_interface/lib:${LD_LIBRARY_PATH} /usr/bin/cmake --build /home/joanne/bookros2_ws/build/controller_interface -- -j8 -l8
[4.839s] [35m[1mScanning dependencies of target gmock[0m
[4.884s] [  6%] [32mBuilding CXX object gmock/CMakeFiles/gmock.dir/opt/ros/foxy/src/gtest_vendor/src/gtest-all.cc.o[0m
[11.592s] [ 13%] [32mBuilding CXX object gmock/CMakeFiles/gmock.dir/src/gmock-all.cc.o[0m
[15.299s] [ 20%] [32m[1mLinking CXX static library libgmock.a[0m
[15.421s] [ 20%] Built target gmock
[15.442s] [35m[1mScanning dependencies of target controller_interface[0m
[15.519s] [ 26%] [32mBuilding CXX object CMakeFiles/controller_interface.dir/src/controller_interface.cpp.o[0m
[19.210s] [ 33%] [32m[1mLinking CXX shared library libcontroller_interface.so[0m
[19.471s] [ 33%] Built target controller_interface
[19.489s] [35m[1mScanning dependencies of target gmock_main[0m
[19.521s] [ 40%] [32mBuilding CXX object gmock/CMakeFiles/gmock_main.dir/src/gmock_main.cc.o[0m
[21.155s] [ 46%] [32m[1mLinking CXX static library libgmock_main.a[0m
[21.193s] [ 46%] Built target gmock_main
[21.206s] [35m[1mScanning dependencies of target test_force_torque_sensor[0m
[21.238s] [ 53%] [32mBuilding CXX object CMakeFiles/test_force_torque_sensor.dir/test/test_force_torque_sensor.cpp.o[0m
[23.282s] [ 60%] [32m[1mLinking CXX executable test_force_torque_sensor[0m
[23.648s] [ 60%] Built target test_force_torque_sensor
[23.660s] [35m[1mScanning dependencies of target test_imu_sensor[0m
[23.693s] [ 66%] [32mBuilding CXX object CMakeFiles/test_imu_sensor.dir/test/test_imu_sensor.cpp.o[0m
[25.570s] [ 73%] [32m[1mLinking CXX executable test_imu_sensor[0m
[25.950s] [ 73%] Built target test_imu_sensor
[25.970s] [35m[1mScanning dependencies of target test_semantic_component_interface[0m
[26.008s] [ 80%] [32mBuilding CXX object CMakeFiles/test_semantic_component_interface.dir/test/test_semantic_component_interface.cpp.o[0m
[27.898s] [ 86%] [32m[1mLinking CXX executable test_semantic_component_interface[0m
[28.214s] [ 86%] Built target test_semantic_component_interface
[28.227s] [35m[1mScanning dependencies of target test_controller_with_options[0m
[28.286s] [ 93%] [32mBuilding CXX object CMakeFiles/test_controller_with_options.dir/test/test_controller_with_options.cpp.o[0m
[31.933s] [100%] [32m[1mLinking CXX executable test_controller_with_options[0m
[32.312s] [100%] Built target test_controller_with_options
[32.326s] Invoked command in '/home/joanne/bookros2_ws/build/controller_interface' returned '0': AMENT_PREFIX_PATH=/home/joanne/bookros2_ws/install/hardware_interface:/home/joanne/bookros2_ws/install/ros2_control_test_assets:${AMENT_PREFIX_PATH} CMAKE_PREFIX_PATH=/home/joanne/bookros2_ws/install/hardware_interface:/home/joanne/bookros2_ws/install/ros2_control_test_assets:/opt/ros/foxy LD_LIBRARY_PATH=/home/joanne/bookros2_ws/install/hardware_interface/lib:${LD_LIBRARY_PATH} /usr/bin/cmake --build /home/joanne/bookros2_ws/build/controller_interface -- -j8 -l8
[32.330s] Invoking command in '/home/joanne/bookros2_ws/build/controller_interface': AMENT_PREFIX_PATH=/home/joanne/bookros2_ws/install/hardware_interface:/home/joanne/bookros2_ws/install/ros2_control_test_assets:${AMENT_PREFIX_PATH} CMAKE_PREFIX_PATH=/home/joanne/bookros2_ws/install/hardware_interface:/home/joanne/bookros2_ws/install/ros2_control_test_assets:/opt/ros/foxy LD_LIBRARY_PATH=/home/joanne/bookros2_ws/install/hardware_interface/lib:${LD_LIBRARY_PATH} /usr/bin/cmake --install /home/joanne/bookros2_ws/build/controller_interface
[32.340s] -- Install configuration: ""
[32.340s] -- Installing: /home/joanne/bookros2_ws/install/controller_interface/include
[32.341s] -- Installing: /home/joanne/bookros2_ws/install/controller_interface/include/semantic_components
[32.341s] -- Installing: /home/joanne/bookros2_ws/install/controller_interface/include/semantic_components/semantic_component_interface.hpp
[32.341s] -- Installing: /home/joanne/bookros2_ws/install/controller_interface/include/semantic_components/imu_sensor.hpp
[32.341s] -- Installing: /home/joanne/bookros2_ws/install/controller_interface/include/semantic_components/force_torque_sensor.hpp
[32.341s] -- Installing: /home/joanne/bookros2_ws/install/controller_interface/include/controller_interface
[32.342s] -- Installing: /home/joanne/bookros2_ws/install/controller_interface/include/controller_interface/visibility_control.h
[32.342s] -- Installing: /home/joanne/bookros2_ws/install/controller_interface/include/controller_interface/helpers.hpp
[32.342s] -- Installing: /home/joanne/bookros2_ws/install/controller_interface/include/controller_interface/controller_interface.hpp
[32.342s] -- Installing: /home/joanne/bookros2_ws/install/controller_interface/include/controller_interface/controller_state_names.hpp
[32.342s] -- Installing: /home/joanne/bookros2_ws/install/controller_interface/lib/libcontroller_interface.so
[32.342s] -- Set runtime path of "/home/joanne/bookros2_ws/install/controller_interface/lib/libcontroller_interface.so" to ""
[32.343s] -- Installing: /home/joanne/bookros2_ws/install/controller_interface/share/controller_interface/environment/library_path.sh
[32.343s] -- Installing: /home/joanne/bookros2_ws/install/controller_interface/share/controller_interface/environment/library_path.dsv
[32.343s] -- Installing: /home/joanne/bookros2_ws/install/controller_interface/share/ament_index/resource_index/package_run_dependencies/controller_interface
[32.343s] -- Installing: /home/joanne/bookros2_ws/install/controller_interface/share/ament_index/resource_index/parent_prefix_path/controller_interface
[32.344s] -- Installing: /home/joanne/bookros2_ws/install/controller_interface/share/controller_interface/environment/ament_prefix_path.sh
[32.344s] -- Installing: /home/joanne/bookros2_ws/install/controller_interface/share/controller_interface/environment/ament_prefix_path.dsv
[32.344s] -- Installing: /home/joanne/bookros2_ws/install/controller_interface/share/controller_interface/environment/path.sh
[32.345s] -- Installing: /home/joanne/bookros2_ws/install/controller_interface/share/controller_interface/environment/path.dsv
[32.345s] -- Installing: /home/joanne/bookros2_ws/install/controller_interface/share/controller_interface/local_setup.bash
[32.345s] -- Installing: /home/joanne/bookros2_ws/install/controller_interface/share/controller_interface/local_setup.sh
[32.345s] -- Installing: /home/joanne/bookros2_ws/install/controller_interface/share/controller_interface/local_setup.zsh
[32.346s] -- Installing: /home/joanne/bookros2_ws/install/controller_interface/share/controller_interface/local_setup.dsv
[32.346s] -- Installing: /home/joanne/bookros2_ws/install/controller_interface/share/controller_interface/package.dsv
[32.346s] -- Installing: /home/joanne/bookros2_ws/install/controller_interface/share/ament_index/resource_index/packages/controller_interface
[32.346s] -- Installing: /home/joanne/bookros2_ws/install/controller_interface/share/controller_interface/cmake/ament_cmake_export_dependencies-extras.cmake
[32.346s] -- Installing: /home/joanne/bookros2_ws/install/controller_interface/share/controller_interface/cmake/ament_cmake_export_include_directories-extras.cmake
[32.347s] -- Installing: /home/joanne/bookros2_ws/install/controller_interface/share/controller_interface/cmake/ament_cmake_export_libraries-extras.cmake
[32.347s] -- Installing: /home/joanne/bookros2_ws/install/controller_interface/share/controller_interface/cmake/controller_interfaceConfig.cmake
[32.347s] -- Installing: /home/joanne/bookros2_ws/install/controller_interface/share/controller_interface/cmake/controller_interfaceConfig-version.cmake
[32.347s] -- Installing: /home/joanne/bookros2_ws/install/controller_interface/share/controller_interface/package.xml
[32.351s] Invoked command in '/home/joanne/bookros2_ws/build/controller_interface' returned '0': AMENT_PREFIX_PATH=/home/joanne/bookros2_ws/install/hardware_interface:/home/joanne/bookros2_ws/install/ros2_control_test_assets:${AMENT_PREFIX_PATH} CMAKE_PREFIX_PATH=/home/joanne/bookros2_ws/install/hardware_interface:/home/joanne/bookros2_ws/install/ros2_control_test_assets:/opt/ros/foxy LD_LIBRARY_PATH=/home/joanne/bookros2_ws/install/hardware_interface/lib:${LD_LIBRARY_PATH} /usr/bin/cmake --install /home/joanne/bookros2_ws/build/controller_interface
