[0.040s] Invoking command in '/home/joanne/bookros2_ws/build/pmb2_navigation': AMENT_PREFIX_PATH=/home/joanne/bookros2_ws/install/pmb2_2dnav:/home/joanne/bookros2_ws/install/pmb2_maps:${AMENT_PREFIX_PATH} CMAKE_PREFIX_PATH=/home/joanne/bookros2_ws/install/pmb2_2dnav:/home/joanne/bookros2_ws/install/pmb2_maps:/opt/ros/foxy /usr/bin/cmake --build /home/joanne/bookros2_ws/build/pmb2_navigation -- -j8 -l8
[0.164s] Invoked command in '/home/joanne/bookros2_ws/build/pmb2_navigation' returned '0': AMENT_PREFIX_PATH=/home/joanne/bookros2_ws/install/pmb2_2dnav:/home/joanne/bookros2_ws/install/pmb2_maps:${AMENT_PREFIX_PATH} CMAKE_PREFIX_PATH=/home/joanne/bookros2_ws/install/pmb2_2dnav:/home/joanne/bookros2_ws/install/pmb2_maps:/opt/ros/foxy /usr/bin/cmake --build /home/joanne/bookros2_ws/build/pmb2_navigation -- -j8 -l8
[0.166s] Invoking command in '/home/joanne/bookros2_ws/build/pmb2_navigation': AMENT_PREFIX_PATH=/home/joanne/bookros2_ws/install/pmb2_2dnav:/home/joanne/bookros2_ws/install/pmb2_maps:${AMENT_PREFIX_PATH} CMAKE_PREFIX_PATH=/home/joanne/bookros2_ws/install/pmb2_2dnav:/home/joanne/bookros2_ws/install/pmb2_maps:/opt/ros/foxy /usr/bin/cmake --install /home/joanne/bookros2_ws/build/pmb2_navigation
[0.200s] -- Install configuration: ""
[0.201s] -- Execute custom install script
[0.202s] -- Up-to-date symlink: /home/joanne/bookros2_ws/install/pmb2_navigation/share/ament_index/resource_index/package_run_dependencies/pmb2_navigation
[0.202s] -- Up-to-date symlink: /home/joanne/bookros2_ws/install/pmb2_navigation/share/ament_index/resource_index/parent_prefix_path/pmb2_navigation
[0.203s] -- Up-to-date symlink: /home/joanne/bookros2_ws/install/pmb2_navigation/share/pmb2_navigation/environment/ament_prefix_path.sh
[0.203s] -- Up-to-date symlink: /home/joanne/bookros2_ws/install/pmb2_navigation/share/pmb2_navigation/environment/ament_prefix_path.dsv
[0.204s] -- Up-to-date symlink: /home/joanne/bookros2_ws/install/pmb2_navigation/share/pmb2_navigation/environment/path.sh
[0.204s] -- Up-to-date symlink: /home/joanne/bookros2_ws/install/pmb2_navigation/share/pmb2_navigation/environment/path.dsv
[0.205s] -- Up-to-date symlink: /home/joanne/bookros2_ws/install/pmb2_navigation/share/pmb2_navigation/local_setup.bash
[0.205s] -- Up-to-date symlink: /home/joanne/bookros2_ws/install/pmb2_navigation/share/pmb2_navigation/local_setup.sh
[0.205s] -- Up-to-date symlink: /home/joanne/bookros2_ws/install/pmb2_navigation/share/pmb2_navigation/local_setup.zsh
[0.206s] -- Up-to-date symlink: /home/joanne/bookros2_ws/install/pmb2_navigation/share/pmb2_navigation/local_setup.dsv
[0.206s] -- Symlinking: /home/joanne/bookros2_ws/install/pmb2_navigation/share/pmb2_navigation/package.dsv
[0.219s] -- Up-to-date symlink: /home/joanne/bookros2_ws/install/pmb2_navigation/share/ament_index/resource_index/packages/pmb2_navigation
[0.220s] -- Up-to-date symlink: /home/joanne/bookros2_ws/install/pmb2_navigation/share/pmb2_navigation/cmake/pmb2_navigationConfig.cmake
[0.220s] -- Up-to-date symlink: /home/joanne/bookros2_ws/install/pmb2_navigation/share/pmb2_navigation/cmake/pmb2_navigationConfig-version.cmake
[0.220s] -- Up-to-date symlink: /home/joanne/bookros2_ws/install/pmb2_navigation/share/pmb2_navigation/package.xml
[0.226s] Invoked command in '/home/joanne/bookros2_ws/build/pmb2_navigation' returned '0': AMENT_PREFIX_PATH=/home/joanne/bookros2_ws/install/pmb2_2dnav:/home/joanne/bookros2_ws/install/pmb2_maps:${AMENT_PREFIX_PATH} CMAKE_PREFIX_PATH=/home/joanne/bookros2_ws/install/pmb2_2dnav:/home/joanne/bookros2_ws/install/pmb2_maps:/opt/ros/foxy /usr/bin/cmake --install /home/joanne/bookros2_ws/build/pmb2_navigation
