[0.058s] Invoking command in '/home/joanne/bookros2_ws/build/br2_basics': CMAKE_PREFIX_PATH=/opt/ros/foxy /usr/bin/cmake --build /home/joanne/bookros2_ws/build/br2_basics -- -j8 -l8
[0.228s] [ 14%] Built target publisher_class
[0.250s] [ 28%] Built target logger
[0.253s] [ 42%] Built target publisher
[0.262s] [ 57%] Built target executors
[0.278s] [ 71%] Built target subscriber_class
[0.322s] [ 85%] Built target logger_class
[0.326s] [100%] Built target param_reader
[0.409s] Invoked command in '/home/joanne/bookros2_ws/build/br2_basics' returned '0': CMAKE_PREFIX_PATH=/opt/ros/foxy /usr/bin/cmake --build /home/joanne/bookros2_ws/build/br2_basics -- -j8 -l8
[0.410s] Invoking command in '/home/joanne/bookros2_ws/build/br2_basics': CMAKE_PREFIX_PATH=/opt/ros/foxy /usr/bin/cmake --install /home/joanne/bookros2_ws/build/br2_basics
[0.446s] -- Install configuration: ""
[0.447s] -- Execute custom install script
[0.447s] -- Up-to-date symlink: /home/joanne/bookros2_ws/install/br2_basics/lib/br2_basics/publisher
[0.447s] -- Up-to-date symlink: /home/joanne/bookros2_ws/install/br2_basics/lib/br2_basics/publisher_class
[0.447s] -- Up-to-date symlink: /home/joanne/bookros2_ws/install/br2_basics/lib/br2_basics/subscriber_class
[0.447s] -- Up-to-date symlink: /home/joanne/bookros2_ws/install/br2_basics/lib/br2_basics/executors
[0.447s] -- Up-to-date symlink: /home/joanne/bookros2_ws/install/br2_basics/lib/br2_basics/logger
[0.447s] -- Up-to-date symlink: /home/joanne/bookros2_ws/install/br2_basics/lib/br2_basics/logger_class
[0.447s] -- Up-to-date symlink: /home/joanne/bookros2_ws/install/br2_basics/lib/br2_basics/param_reader
[0.448s] -- Up-to-date symlink: /home/joanne/bookros2_ws/install/br2_basics/share/br2_basics/launch/includer_launch.py
[0.448s] -- Up-to-date symlink: /home/joanne/bookros2_ws/install/br2_basics/share/br2_basics/launch/param_node_v1_launch.py
[0.448s] -- Up-to-date symlink: /home/joanne/bookros2_ws/install/br2_basics/share/br2_basics/launch/param_node_v2_launch.py
[0.448s] -- Up-to-date symlink: /home/joanne/bookros2_ws/install/br2_basics/share/br2_basics/launch/pub_sub_v1_launch.py
[0.448s] -- Up-to-date symlink: /home/joanne/bookros2_ws/install/br2_basics/share/br2_basics/launch/pub_sub_v2_launch.py
[0.448s] -- Up-to-date symlink: /home/joanne/bookros2_ws/install/br2_basics/share/br2_basics/config/params.yaml
[0.448s] -- Up-to-date symlink: /home/joanne/bookros2_ws/install/br2_basics/share/br2_basics/launch/includer_launch.py
[0.449s] -- Up-to-date symlink: /home/joanne/bookros2_ws/install/br2_basics/share/br2_basics/launch/param_node_v1_launch.py
[0.449s] -- Up-to-date symlink: /home/joanne/bookros2_ws/install/br2_basics/share/br2_basics/launch/param_node_v2_launch.py
[0.449s] -- Up-to-date symlink: /home/joanne/bookros2_ws/install/br2_basics/share/br2_basics/launch/pub_sub_v1_launch.py
[0.449s] -- Up-to-date symlink: /home/joanne/bookros2_ws/install/br2_basics/share/br2_basics/launch/pub_sub_v2_launch.py
[0.449s] -- Up-to-date symlink: /home/joanne/bookros2_ws/install/br2_basics/share/ament_index/resource_index/package_run_dependencies/br2_basics
[0.449s] -- Up-to-date symlink: /home/joanne/bookros2_ws/install/br2_basics/share/ament_index/resource_index/parent_prefix_path/br2_basics
[0.449s] -- Up-to-date symlink: /home/joanne/bookros2_ws/install/br2_basics/share/br2_basics/environment/ament_prefix_path.sh
[0.450s] -- Up-to-date symlink: /home/joanne/bookros2_ws/install/br2_basics/share/br2_basics/environment/ament_prefix_path.dsv
[0.450s] -- Up-to-date symlink: /home/joanne/bookros2_ws/install/br2_basics/share/br2_basics/environment/path.sh
[0.450s] -- Up-to-date symlink: /home/joanne/bookros2_ws/install/br2_basics/share/br2_basics/environment/path.dsv
[0.450s] -- Up-to-date symlink: /home/joanne/bookros2_ws/install/br2_basics/share/br2_basics/local_setup.bash
[0.450s] -- Up-to-date symlink: /home/joanne/bookros2_ws/install/br2_basics/share/br2_basics/local_setup.sh
[0.450s] -- Up-to-date symlink: /home/joanne/bookros2_ws/install/br2_basics/share/br2_basics/local_setup.zsh
[0.450s] -- Up-to-date symlink: /home/joanne/bookros2_ws/install/br2_basics/share/br2_basics/local_setup.dsv
[0.450s] -- Symlinking: /home/joanne/bookros2_ws/install/br2_basics/share/br2_basics/package.dsv
[0.469s] -- Up-to-date symlink: /home/joanne/bookros2_ws/install/br2_basics/share/ament_index/resource_index/packages/br2_basics
[0.469s] -- Up-to-date symlink: /home/joanne/bookros2_ws/install/br2_basics/share/br2_basics/cmake/ament_cmake_export_dependencies-extras.cmake
[0.469s] -- Up-to-date symlink: /home/joanne/bookros2_ws/install/br2_basics/share/br2_basics/cmake/br2_basicsConfig.cmake
[0.469s] -- Up-to-date symlink: /home/joanne/bookros2_ws/install/br2_basics/share/br2_basics/cmake/br2_basicsConfig-version.cmake
[0.469s] -- Up-to-date symlink: /home/joanne/bookros2_ws/install/br2_basics/share/br2_basics/package.xml
[0.507s] Invoked command in '/home/joanne/bookros2_ws/build/br2_basics' returned '0': CMAKE_PREFIX_PATH=/opt/ros/foxy /usr/bin/cmake --install /home/joanne/bookros2_ws/build/br2_basics
