running egg_info
creating ../../../build/launch_pal/launch_pal.egg-info
writing ../../../build/launch_pal/launch_pal.egg-info/PKG-INFO
writing dependency_links to ../../../build/launch_pal/launch_pal.egg-info/dependency_links.txt
writing entry points to ../../../build/launch_pal/launch_pal.egg-info/entry_points.txt
writing requirements to ../../../build/launch_pal/launch_pal.egg-info/requires.txt
writing top-level names to ../../../build/launch_pal/launch_pal.egg-info/top_level.txt
writing manifest file '../../../build/launch_pal/launch_pal.egg-info/SOURCES.txt'
reading manifest file '../../../build/launch_pal/launch_pal.egg-info/SOURCES.txt'
writing manifest file '../../../build/launch_pal/launch_pal.egg-info/SOURCES.txt'
running build
running build_py
creating /home/joanne/bookros2_ws/build/launch_pal/build
creating /home/joanne/bookros2_ws/build/launch_pal/build/lib
creating /home/joanne/bookros2_ws/build/launch_pal/build/lib/launch_pal
copying launch_pal/__init__.py -> /home/joanne/bookros2_ws/build/launch_pal/build/lib/launch_pal
copying launch_pal/include_utils.py -> /home/joanne/bookros2_ws/build/launch_pal/build/lib/launch_pal
copying launch_pal/param_utils.py -> /home/joanne/bookros2_ws/build/launch_pal/build/lib/launch_pal
copying launch_pal/arg_utils.py -> /home/joanne/bookros2_ws/build/launch_pal/build/lib/launch_pal
running install
running install_lib
creating /home/joanne/bookros2_ws/install/launch_pal/lib/python3.8/site-packages/launch_pal
copying /home/joanne/bookros2_ws/build/launch_pal/build/lib/launch_pal/__init__.py -> /home/joanne/bookros2_ws/install/launch_pal/lib/python3.8/site-packages/launch_pal
copying /home/joanne/bookros2_ws/build/launch_pal/build/lib/launch_pal/include_utils.py -> /home/joanne/bookros2_ws/install/launch_pal/lib/python3.8/site-packages/launch_pal
copying /home/joanne/bookros2_ws/build/launch_pal/build/lib/launch_pal/param_utils.py -> /home/joanne/bookros2_ws/install/launch_pal/lib/python3.8/site-packages/launch_pal
copying /home/joanne/bookros2_ws/build/launch_pal/build/lib/launch_pal/arg_utils.py -> /home/joanne/bookros2_ws/install/launch_pal/lib/python3.8/site-packages/launch_pal
byte-compiling /home/joanne/bookros2_ws/install/launch_pal/lib/python3.8/site-packages/launch_pal/__init__.py to __init__.cpython-38.pyc
byte-compiling /home/joanne/bookros2_ws/install/launch_pal/lib/python3.8/site-packages/launch_pal/include_utils.py to include_utils.cpython-38.pyc
byte-compiling /home/joanne/bookros2_ws/install/launch_pal/lib/python3.8/site-packages/launch_pal/param_utils.py to param_utils.cpython-38.pyc
byte-compiling /home/joanne/bookros2_ws/install/launch_pal/lib/python3.8/site-packages/launch_pal/arg_utils.py to arg_utils.cpython-38.pyc
running install_data
creating /home/joanne/bookros2_ws/install/launch_pal/share/ament_index
creating /home/joanne/bookros2_ws/install/launch_pal/share/ament_index/resource_index
creating /home/joanne/bookros2_ws/install/launch_pal/share/ament_index/resource_index/packages
copying resource/launch_pal -> /home/joanne/bookros2_ws/install/launch_pal/share/ament_index/resource_index/packages
copying package.xml -> /home/joanne/bookros2_ws/install/launch_pal/share/launch_pal
running install_egg_info
Copying ../../../build/launch_pal/launch_pal.egg-info to /home/joanne/bookros2_ws/install/launch_pal/lib/python3.8/site-packages/launch_pal-0.0.0-py3.8.egg-info
running install_scripts
writing list of installed files to '/home/joanne/bookros2_ws/build/launch_pal/install.log'
