[1.183s] Invoking command in '/home/joanne/bookros2_ws/src/ThirdParty/launch_pal': PYTHONPATH=/home/joanne/bookros2_ws/build/launch_pal/prefix_override:/usr/lib/python3/dist-packages/colcon_core/task/python/colcon_distutils_commands:/home/joanne/bookros2_ws/install/launch_pal/lib/python3.8/site-packages:${PYTHONPATH} /usr/bin/python3 -W ignore:setup.py install is deprecated -W ignore:easy_install command is deprecated setup.py egg_info --egg-base ../../../build/launch_pal build --build-base /home/joanne/bookros2_ws/build/launch_pal/build install --record /home/joanne/bookros2_ws/build/launch_pal/install.log --install-scripts $base/lib/launch_pal --single-version-externally-managed install_data
[1.502s] running egg_info
[1.502s] creating ../../../build/launch_pal/launch_pal.egg-info
[1.503s] writing ../../../build/launch_pal/launch_pal.egg-info/PKG-INFO
[1.503s] writing dependency_links to ../../../build/launch_pal/launch_pal.egg-info/dependency_links.txt
[1.503s] writing entry points to ../../../build/launch_pal/launch_pal.egg-info/entry_points.txt
[1.503s] writing requirements to ../../../build/launch_pal/launch_pal.egg-info/requires.txt
[1.504s] writing top-level names to ../../../build/launch_pal/launch_pal.egg-info/top_level.txt
[1.507s] writing manifest file '../../../build/launch_pal/launch_pal.egg-info/SOURCES.txt'
[1.565s] reading manifest file '../../../build/launch_pal/launch_pal.egg-info/SOURCES.txt'
[1.566s] writing manifest file '../../../build/launch_pal/launch_pal.egg-info/SOURCES.txt'
[1.566s] running build
[1.566s] running build_py
[1.567s] creating /home/joanne/bookros2_ws/build/launch_pal/build
[1.567s] creating /home/joanne/bookros2_ws/build/launch_pal/build/lib
[1.567s] creating /home/joanne/bookros2_ws/build/launch_pal/build/lib/launch_pal
[1.567s] copying launch_pal/__init__.py -> /home/joanne/bookros2_ws/build/launch_pal/build/lib/launch_pal
[1.567s] copying launch_pal/include_utils.py -> /home/joanne/bookros2_ws/build/launch_pal/build/lib/launch_pal
[1.567s] copying launch_pal/param_utils.py -> /home/joanne/bookros2_ws/build/launch_pal/build/lib/launch_pal
[1.568s] copying launch_pal/arg_utils.py -> /home/joanne/bookros2_ws/build/launch_pal/build/lib/launch_pal
[1.569s] running install
[1.570s] running install_lib
[1.572s] creating /home/joanne/bookros2_ws/install/launch_pal/lib/python3.8/site-packages/launch_pal
[1.572s] copying /home/joanne/bookros2_ws/build/launch_pal/build/lib/launch_pal/__init__.py -> /home/joanne/bookros2_ws/install/launch_pal/lib/python3.8/site-packages/launch_pal
[1.572s] copying /home/joanne/bookros2_ws/build/launch_pal/build/lib/launch_pal/include_utils.py -> /home/joanne/bookros2_ws/install/launch_pal/lib/python3.8/site-packages/launch_pal
[1.572s] copying /home/joanne/bookros2_ws/build/launch_pal/build/lib/launch_pal/param_utils.py -> /home/joanne/bookros2_ws/install/launch_pal/lib/python3.8/site-packages/launch_pal
[1.572s] copying /home/joanne/bookros2_ws/build/launch_pal/build/lib/launch_pal/arg_utils.py -> /home/joanne/bookros2_ws/install/launch_pal/lib/python3.8/site-packages/launch_pal
[1.578s] byte-compiling /home/joanne/bookros2_ws/install/launch_pal/lib/python3.8/site-packages/launch_pal/__init__.py to __init__.cpython-38.pyc
[1.579s] byte-compiling /home/joanne/bookros2_ws/install/launch_pal/lib/python3.8/site-packages/launch_pal/include_utils.py to include_utils.cpython-38.pyc
[1.579s] byte-compiling /home/joanne/bookros2_ws/install/launch_pal/lib/python3.8/site-packages/launch_pal/param_utils.py to param_utils.cpython-38.pyc
[1.579s] byte-compiling /home/joanne/bookros2_ws/install/launch_pal/lib/python3.8/site-packages/launch_pal/arg_utils.py to arg_utils.cpython-38.pyc
[1.579s] running install_data
[1.579s] creating /home/joanne/bookros2_ws/install/launch_pal/share/ament_index
[1.580s] creating /home/joanne/bookros2_ws/install/launch_pal/share/ament_index/resource_index
[1.580s] creating /home/joanne/bookros2_ws/install/launch_pal/share/ament_index/resource_index/packages
[1.580s] copying resource/launch_pal -> /home/joanne/bookros2_ws/install/launch_pal/share/ament_index/resource_index/packages
[1.580s] copying package.xml -> /home/joanne/bookros2_ws/install/launch_pal/share/launch_pal
[1.580s] running install_egg_info
[1.581s] Copying ../../../build/launch_pal/launch_pal.egg-info to /home/joanne/bookros2_ws/install/launch_pal/lib/python3.8/site-packages/launch_pal-0.0.0-py3.8.egg-info
[1.581s] running install_scripts
[1.615s] writing list of installed files to '/home/joanne/bookros2_ws/build/launch_pal/install.log'
[1.671s] Invoked command in '/home/joanne/bookros2_ws/src/ThirdParty/launch_pal' returned '0': PYTHONPATH=/home/joanne/bookros2_ws/build/launch_pal/prefix_override:/usr/lib/python3/dist-packages/colcon_core/task/python/colcon_distutils_commands:/home/joanne/bookros2_ws/install/launch_pal/lib/python3.8/site-packages:${PYTHONPATH} /usr/bin/python3 -W ignore:setup.py install is deprecated -W ignore:easy_install command is deprecated setup.py egg_info --egg-base ../../../build/launch_pal build --build-base /home/joanne/bookros2_ws/build/launch_pal/build install --record /home/joanne/bookros2_ws/build/launch_pal/install.log --install-scripts $base/lib/launch_pal --single-version-externally-managed install_data
