[0.356s] Invoking command in '/home/joanne/oldbookros2_ws/build/twist_mux': CMAKE_PREFIX_PATH=/opt/ros/foxy /usr/bin/cmake --build /home/joanne/oldbookros2_ws/build/twist_mux -- -j8 -l8
[0.439s] CMake Error: The current CMakeCache.txt directory /home/joanne/oldbookros2_ws/build/twist_mux/CMakeCache.txt is different than the directory /home/joanne/bookros2_ws/build/twist_mux where CMakeCache.txt was created. This may result in binaries being created in the wrong place. If you are not sure, reedit the CMakeCache.txt
[0.527s] -- The C compiler identification is GNU 9.4.0
[0.626s] -- The CXX compiler identification is GNU 9.4.0
[0.634s] -- Check for working C compiler: /usr/bin/cc
[0.748s] -- Check for working C compiler: /usr/bin/cc -- works
[0.750s] -- Detecting C compiler ABI info
[0.852s] -- Detecting C compiler ABI info - done
[0.874s] -- Detecting C compile features
[0.875s] -- Detecting C compile features - done
[0.881s] -- Check for working CXX compiler: /usr/bin/c++
[1.002s] -- Check for working CXX compiler: /usr/bin/c++ -- works
[1.004s] -- Detecting CXX compiler ABI info
[1.125s] -- Detecting CXX compiler ABI info - done
[1.152s] -- Detecting CXX compile features
[1.153s] -- Detecting CXX compile features - done
[1.157s] -- Found ament_cmake: 0.9.12 (/opt/ros/foxy/share/ament_cmake/cmake)
[1.195s] -- Found PythonInterp: /usr/bin/python3 (found suitable version "3.8.10", minimum required is "3") 
[1.196s] -- Using PYTHON_EXECUTABLE: /usr/bin/python3
[1.551s] -- Found rclcpp: 2.4.3 (/opt/ros/foxy/share/rclcpp/cmake)
[1.637s] -- Using all available rosidl_typesupport_c: rosidl_typesupport_fastrtps_c;rosidl_typesupport_introspection_c
[1.651s] -- Found rosidl_adapter: 1.3.1 (/opt/ros/foxy/share/rosidl_adapter/cmake)
[1.762s] -- Found OpenSSL: /usr/lib/x86_64-linux-gnu/libcrypto.so (found version "1.1.1f")  
[1.792s] -- Found FastRTPS: /opt/ros/foxy/include  
[1.870s] -- Using all available rosidl_typesupport_cpp: rosidl_typesupport_fastrtps_cpp;rosidl_typesupport_introspection_cpp
[1.939s] -- Found rmw_implementation_cmake: 1.0.4 (/opt/ros/foxy/share/rmw_implementation_cmake/cmake)
[1.942s] -- Using RMW implementation 'rmw_fastrtps_cpp' as default
[1.944s] -- Looking for pthread.h
[2.029s] -- Looking for pthread.h - found
[2.029s] -- Performing Test CMAKE_HAVE_LIBC_PTHREAD
[2.101s] -- Performing Test CMAKE_HAVE_LIBC_PTHREAD - Failed
[2.101s] -- Looking for pthread_create in pthreads
[2.155s] -- Looking for pthread_create in pthreads - not found
[2.155s] -- Looking for pthread_create in pthread
[2.216s] -- Looking for pthread_create in pthread - found
[2.217s] -- Found Threads: TRUE  
[2.375s] -- Found geometry_msgs: 2.0.5 (/opt/ros/foxy/share/geometry_msgs/cmake)
[2.409s] -- Found visualization_msgs: 2.0.5 (/opt/ros/foxy/share/visualization_msgs/cmake)
[2.479s] -- Found diagnostic_updater: 3.1.2 (/opt/ros/foxy/share/diagnostic_updater/cmake)
[2.543s] -- Found ament_lint_auto: 0.9.8 (/opt/ros/foxy/share/ament_lint_auto/cmake)
[2.640s] -- Found python_cmake_module: 0.8.1 (/opt/ros/foxy/share/python_cmake_module/cmake)
[2.659s] -- Found PythonInterp: /usr/bin/python3 (found suitable version "3.8.10", minimum required is "3.5") 
[2.664s] -- Found PythonLibs: /usr/lib/x86_64-linux-gnu/libpython3.8.so (found suitable version "3.8.10", minimum required is "3.5") 
[2.664s] -- Using PYTHON_EXECUTABLE: /usr/bin/python3
[2.664s] -- Using PYTHON_INCLUDE_DIRS: /usr/include/python3.8
[2.665s] -- Using PYTHON_LIBRARIES: /usr/lib/x86_64-linux-gnu/libpython3.8.so
[2.684s] -- Found PythonExtra: .so  
[2.698s] -- Added test 'xmllint' to check XML markup files
[2.698s] -- Added test 'copyright' to check source files copyright and LICENSE
[2.701s] -- Added test 'cppcheck' to perform static code analysis on C / C++ code
[2.701s] -- Configured cppcheck include dirs: /home/joanne/bookros2_ws/src/ThirdParty/twist_mux/include
[2.702s] -- Configured cppcheck exclude dirs and/or files: 
[2.704s] -- Added test 'cpplint' to check C / C++ code against the Google style
[2.704s] -- Configured cpplint exclude dirs and/or files: 
[2.705s] -- Added test 'flake8' to check Python code syntax and style conventions
[2.706s] -- Added test 'lint_cmake' to check CMake code style
[2.706s] -- Added test 'pep257' to check Python code against some of the style conventions in PEP 257
[2.709s] -- Added test 'uncrustify' to check C / C++ code style
[2.709s] -- Configured uncrustify additional arguments: 
[2.713s] -- Configuring done
[2.726s] -- Generating done
[2.728s] -- Build files have been written to: /home/joanne/bookros2_ws/build/twist_mux
[2.754s] [35m[1mScanning dependencies of target twist_marker[0m
[2.755s] [35m[1mScanning dependencies of target twist_mux[0m
[2.864s] [ 16%] [32mBuilding CXX object CMakeFiles/twist_marker.dir/src/twist_marker.cpp.o[0m
[2.873s] [ 33%] [32mBuilding CXX object CMakeFiles/twist_mux.dir/src/twist_mux_node.cpp.o[0m
[2.875s] [ 50%] [32mBuilding CXX object CMakeFiles/twist_mux.dir/src/twist_mux.cpp.o[0m
[2.875s] [ 66%] [32mBuilding CXX object CMakeFiles/twist_mux.dir/src/twist_mux_diagnostics.cpp.o[0m
[8.430s] [ 83%] [32m[1mLinking CXX executable twist_marker[0m
[8.732s] [ 83%] Built target twist_marker
[10.474s] [100%] [32m[1mLinking CXX executable twist_mux[0m
[10.902s] [100%] Built target twist_mux
