[0.081s] Invoking command in '/home/joanne/bookros2_ws/build/br2_tf2_detector': CMAKE_PREFIX_PATH=${CMAKE_PREFIX_PATH}:/home/joanne/bookros2_ws/install/ros2controlcli:/home/joanne/bookros2_ws/install/launch_pal:/home/joanne/bookros2_ws/install/br2_fsm_bumpgo_py:/opt/ros/foxy /usr/bin/cmake --build /home/joanne/bookros2_ws/build/br2_tf2_detector -- -j8 -l8
[0.585s] [ 55%] Built target br2_tf2_detector
[0.789s] [ 77%] Built target detector
[0.857s] [35m[1mScanning dependencies of target detector_improved[0m
[1.018s] [ 88%] [32mBuilding CXX object CMakeFiles/detector_improved.dir/src/detector_improved_main.cpp.o[0m
[11.938s] [01m[K/home/joanne/bookros2_ws/src/book_ros2/br2_tf2_detector/src/detector_improved_main.cpp:[m[K In function ‘[01m[Kint main(int, char**)[m[K’:
[11.939s] [01m[K/home/joanne/bookros2_ws/src/book_ros2/br2_tf2_detector/src/detector_improved_main.cpp:28:55:[m[K [01;31m[Kerror: [m[K‘[01m[KSaid[m[K’ is not a member of ‘[01m[Kbr2_tf2_detector[m[K’
[11.940s]    28 |   auto said_node = std::make_shared<br2_tf2_detector::[01;31m[KSaid[m[K>();
[11.940s]       |                                                       [01;31m[K^~~~[m[K
[11.941s] [01m[K/home/joanne/bookros2_ws/src/book_ros2/br2_tf2_detector/src/detector_improved_main.cpp:28:61:[m[K [01;31m[Kerror: [m[Kno matching function for call to ‘[01m[Kmake_shared<<expression error> >()[m[K’
[11.941s]    28 |   auto said_node = std::make_shared<br2_tf2_detector::Said>([01;31m[K)[m[K;
[11.941s]       |                                                             [01;31m[K^[m[K
[11.941s] In file included from [01m[K/usr/include/c++/9/memory:81[m[K,
[11.942s]                  from [01m[K/home/joanne/bookros2_ws/src/book_ros2/br2_tf2_detector/src/detector_improved_main.cpp:15[m[K:
[11.942s] [01m[K/usr/include/c++/9/bits/shared_ptr.h:714:5:[m[K [01;36m[Knote: [m[Kcandidate: ‘[01m[Ktemplate<class _Tp, class ... _Args> std::shared_ptr<_Tp> std::make_shared(_Args&& ...)[m[K’
[11.942s]   714 |     [01;36m[Kmake_shared[m[K(_Args&&... __args)
[11.944s]       |     [01;36m[K^~~~~~~~~~~[m[K
[11.946s] [01m[K/usr/include/c++/9/bits/shared_ptr.h:714:5:[m[K [01;36m[Knote: [m[K  template argument deduction/substitution failed:
[11.949s] [01m[K/home/joanne/bookros2_ws/src/book_ros2/br2_tf2_detector/src/detector_improved_main.cpp:28:61:[m[K [01;31m[Kerror: [m[Ktemplate argument 1 is invalid
[11.950s]    28 |   auto said_node = std::make_shared<br2_tf2_detector::Said>([01;31m[K)[m[K;
[11.950s]       |                                                             [01;31m[K^[m[K
[15.946s] make[2]: *** [CMakeFiles/detector_improved.dir/build.make:63: CMakeFiles/detector_improved.dir/src/detector_improved_main.cpp.o] Error 1
[15.946s] make[1]: *** [CMakeFiles/Makefile2:136: CMakeFiles/detector_improved.dir/all] Error 2
[15.947s] make: *** [Makefile:141: all] Error 2
[15.950s] Invoked command in '/home/joanne/bookros2_ws/build/br2_tf2_detector' returned '2': CMAKE_PREFIX_PATH=${CMAKE_PREFIX_PATH}:/home/joanne/bookros2_ws/install/ros2controlcli:/home/joanne/bookros2_ws/install/launch_pal:/home/joanne/bookros2_ws/install/br2_fsm_bumpgo_py:/opt/ros/foxy /usr/bin/cmake --build /home/joanne/bookros2_ws/build/br2_tf2_detector -- -j8 -l8
