-- The C compiler identification is GNU 9.4.0
-- The CXX compiler identification is GNU 9.4.0
-- Check for working C compiler: /usr/bin/cc
-- Check for working C compiler: /usr/bin/cc -- works
-- Detecting C compiler ABI info
-- Detecting C compiler ABI info - done
-- Detecting C compile features
-- Detecting C compile features - done
-- Check for working CXX compiler: /usr/bin/c++
-- Check for working CXX compiler: /usr/bin/c++ -- works
-- Detecting CXX compiler ABI info
-- Detecting CXX compiler ABI info - done
-- Detecting CXX compile features
-- Detecting CXX compile features - done
-- Found ament_cmake_auto: 0.9.12 (/opt/ros/foxy/share/ament_cmake_auto/cmake)
-- Found PythonInterp: /usr/bin/python3 (found suitable version "3.8.10", minimum required is "3") 
-- Using PYTHON_EXECUTABLE: /usr/bin/python3
-- Configuring done
-- Generating done
-- Build files have been written to: /home/joanne/bookros2_ws/build/pmb2_maps
-- Install configuration: ""
-- Installing: /home/joanne/bookros2_ws/install/pmb2_maps/share/pmb2_maps/config
-- Installing: /home/joanne/bookros2_ws/install/pmb2_maps/share/pmb2_maps/configurations
-- Installing: /home/joanne/bookros2_ws/install/pmb2_maps/share/pmb2_maps/configurations/small_office
-- Installing: /home/joanne/bookros2_ws/install/pmb2_maps/share/pmb2_maps/configurations/small_office/map.yaml
-- Installing: /home/joanne/bookros2_ws/install/pmb2_maps/share/pmb2_maps/configurations/small_office/map.bmp
-- Installing: /home/joanne/bookros2_ws/install/pmb2_maps/share/pmb2_maps/configurations/small_office/map.ot
-- Installing: /home/joanne/bookros2_ws/install/pmb2_maps/share/pmb2_maps/configurations/small_office/transformation.yaml
-- Installing: /home/joanne/bookros2_ws/install/pmb2_maps/share/pmb2_maps/configurations/small_office/mmap.yaml
-- Installing: /home/joanne/bookros2_ws/install/pmb2_maps/share/pmb2_maps/configurations/small_office/map.pgm
-- Installing: /home/joanne/bookros2_ws/install/pmb2_maps/share/pmb2_maps/configurations/small_office/map.bt
-- Installing: /home/joanne/bookros2_ws/install/pmb2_maps/share/pmb2_maps/configurations/pal_office
-- Installing: /home/joanne/bookros2_ws/install/pmb2_maps/share/pmb2_maps/configurations/pal_office/map.yaml
-- Installing: /home/joanne/bookros2_ws/install/pmb2_maps/share/pmb2_maps/configurations/pal_office/mmap.yaml
-- Installing: /home/joanne/bookros2_ws/install/pmb2_maps/share/pmb2_maps/configurations/pal_office/map.pgm
-- Installing: /home/joanne/bookros2_ws/install/pmb2_maps/share/ament_index/resource_index/package_run_dependencies/pmb2_maps
-- Installing: /home/joanne/bookros2_ws/install/pmb2_maps/share/ament_index/resource_index/parent_prefix_path/pmb2_maps
-- Installing: /home/joanne/bookros2_ws/install/pmb2_maps/share/pmb2_maps/environment/ament_prefix_path.sh
-- Installing: /home/joanne/bookros2_ws/install/pmb2_maps/share/pmb2_maps/environment/ament_prefix_path.dsv
-- Installing: /home/joanne/bookros2_ws/install/pmb2_maps/share/pmb2_maps/environment/path.sh
-- Installing: /home/joanne/bookros2_ws/install/pmb2_maps/share/pmb2_maps/environment/path.dsv
-- Installing: /home/joanne/bookros2_ws/install/pmb2_maps/share/pmb2_maps/local_setup.bash
-- Installing: /home/joanne/bookros2_ws/install/pmb2_maps/share/pmb2_maps/local_setup.sh
-- Installing: /home/joanne/bookros2_ws/install/pmb2_maps/share/pmb2_maps/local_setup.zsh
-- Installing: /home/joanne/bookros2_ws/install/pmb2_maps/share/pmb2_maps/local_setup.dsv
-- Installing: /home/joanne/bookros2_ws/install/pmb2_maps/share/pmb2_maps/package.dsv
-- Installing: /home/joanne/bookros2_ws/install/pmb2_maps/share/ament_index/resource_index/packages/pmb2_maps
-- Installing: /home/joanne/bookros2_ws/install/pmb2_maps/share/pmb2_maps/cmake/pmb2_mapsConfig.cmake
-- Installing: /home/joanne/bookros2_ws/install/pmb2_maps/share/pmb2_maps/cmake/pmb2_mapsConfig-version.cmake
-- Installing: /home/joanne/bookros2_ws/install/pmb2_maps/share/pmb2_maps/package.xml
