[0.119s] Invoking command in '/home/joanne/bookros2_ws/build/pmb2_maps': CMAKE_PREFIX_PATH=/opt/ros/foxy /usr/bin/cmake /home/joanne/bookros2_ws/src/ThirdParty/pmb2_navigation/pmb2_maps -DCMAKE_INSTALL_PREFIX=/home/joanne/bookros2_ws/install/pmb2_maps
[0.199s] -- The C compiler identification is GNU 9.4.0
[0.282s] -- The CXX compiler identification is GNU 9.4.0
[0.285s] -- Check for working C compiler: /usr/bin/cc
[0.400s] -- Check for working C compiler: /usr/bin/cc -- works
[0.402s] -- Detecting C compiler ABI info
[0.515s] -- Detecting C compiler ABI info - done
[0.542s] -- Detecting C compile features
[0.543s] -- Detecting C compile features - done
[0.547s] -- Check for working CXX compiler: /usr/bin/c++
[0.666s] -- Check for working CXX compiler: /usr/bin/c++ -- works
[0.667s] -- Detecting CXX compiler ABI info
[0.791s] -- Detecting CXX compiler ABI info - done
[0.816s] -- Detecting CXX compile features
[0.817s] -- Detecting CXX compile features - done
[0.821s] -- Found ament_cmake_auto: 0.9.12 (/opt/ros/foxy/share/ament_cmake_auto/cmake)
[0.862s] -- Found PythonInterp: /usr/bin/python3 (found suitable version "3.8.10", minimum required is "3") 
[0.863s] -- Using PYTHON_EXECUTABLE: /usr/bin/python3
[1.391s] -- Configuring done
[1.394s] -- Generating done
[1.396s] -- Build files have been written to: /home/joanne/bookros2_ws/build/pmb2_maps
[1.401s] Invoked command in '/home/joanne/bookros2_ws/build/pmb2_maps' returned '0': CMAKE_PREFIX_PATH=/opt/ros/foxy /usr/bin/cmake /home/joanne/bookros2_ws/src/ThirdParty/pmb2_navigation/pmb2_maps -DCMAKE_INSTALL_PREFIX=/home/joanne/bookros2_ws/install/pmb2_maps
[1.408s] Invoking command in '/home/joanne/bookros2_ws/build/pmb2_maps': CMAKE_PREFIX_PATH=/opt/ros/foxy /usr/bin/cmake --build /home/joanne/bookros2_ws/build/pmb2_maps -- -j8 -l8
[1.838s] Invoked command in '/home/joanne/bookros2_ws/build/pmb2_maps' returned '0': CMAKE_PREFIX_PATH=/opt/ros/foxy /usr/bin/cmake --build /home/joanne/bookros2_ws/build/pmb2_maps -- -j8 -l8
[1.839s] Invoking command in '/home/joanne/bookros2_ws/build/pmb2_maps': CMAKE_PREFIX_PATH=/opt/ros/foxy /usr/bin/cmake --install /home/joanne/bookros2_ws/build/pmb2_maps
[2.635s] -- Install configuration: ""
[2.635s] -- Installing: /home/joanne/bookros2_ws/install/pmb2_maps/share/pmb2_maps/config
[2.635s] -- Installing: /home/joanne/bookros2_ws/install/pmb2_maps/share/pmb2_maps/configurations
[2.635s] -- Installing: /home/joanne/bookros2_ws/install/pmb2_maps/share/pmb2_maps/configurations/small_office
[2.635s] -- Installing: /home/joanne/bookros2_ws/install/pmb2_maps/share/pmb2_maps/configurations/small_office/map.yaml
[2.636s] -- Installing: /home/joanne/bookros2_ws/install/pmb2_maps/share/pmb2_maps/configurations/small_office/map.bmp
[2.636s] -- Installing: /home/joanne/bookros2_ws/install/pmb2_maps/share/pmb2_maps/configurations/small_office/map.ot
[2.636s] -- Installing: /home/joanne/bookros2_ws/install/pmb2_maps/share/pmb2_maps/configurations/small_office/transformation.yaml
[2.636s] -- Installing: /home/joanne/bookros2_ws/install/pmb2_maps/share/pmb2_maps/configurations/small_office/mmap.yaml
[2.636s] -- Installing: /home/joanne/bookros2_ws/install/pmb2_maps/share/pmb2_maps/configurations/small_office/map.pgm
[2.636s] -- Installing: /home/joanne/bookros2_ws/install/pmb2_maps/share/pmb2_maps/configurations/small_office/map.bt
[2.637s] -- Installing: /home/joanne/bookros2_ws/install/pmb2_maps/share/pmb2_maps/configurations/pal_office
[2.637s] -- Installing: /home/joanne/bookros2_ws/install/pmb2_maps/share/pmb2_maps/configurations/pal_office/map.yaml
[2.637s] -- Installing: /home/joanne/bookros2_ws/install/pmb2_maps/share/pmb2_maps/configurations/pal_office/mmap.yaml
[2.637s] -- Installing: /home/joanne/bookros2_ws/install/pmb2_maps/share/pmb2_maps/configurations/pal_office/map.pgm
[2.637s] -- Installing: /home/joanne/bookros2_ws/install/pmb2_maps/share/ament_index/resource_index/package_run_dependencies/pmb2_maps
[2.637s] -- Installing: /home/joanne/bookros2_ws/install/pmb2_maps/share/ament_index/resource_index/parent_prefix_path/pmb2_maps
[2.637s] -- Installing: /home/joanne/bookros2_ws/install/pmb2_maps/share/pmb2_maps/environment/ament_prefix_path.sh
[2.637s] -- Installing: /home/joanne/bookros2_ws/install/pmb2_maps/share/pmb2_maps/environment/ament_prefix_path.dsv
[2.638s] -- Installing: /home/joanne/bookros2_ws/install/pmb2_maps/share/pmb2_maps/environment/path.sh
[2.638s] -- Installing: /home/joanne/bookros2_ws/install/pmb2_maps/share/pmb2_maps/environment/path.dsv
[2.638s] -- Installing: /home/joanne/bookros2_ws/install/pmb2_maps/share/pmb2_maps/local_setup.bash
[2.638s] -- Installing: /home/joanne/bookros2_ws/install/pmb2_maps/share/pmb2_maps/local_setup.sh
[2.638s] -- Installing: /home/joanne/bookros2_ws/install/pmb2_maps/share/pmb2_maps/local_setup.zsh
[2.638s] -- Installing: /home/joanne/bookros2_ws/install/pmb2_maps/share/pmb2_maps/local_setup.dsv
[2.638s] -- Installing: /home/joanne/bookros2_ws/install/pmb2_maps/share/pmb2_maps/package.dsv
[2.638s] -- Installing: /home/joanne/bookros2_ws/install/pmb2_maps/share/ament_index/resource_index/packages/pmb2_maps
[2.639s] -- Installing: /home/joanne/bookros2_ws/install/pmb2_maps/share/pmb2_maps/cmake/pmb2_mapsConfig.cmake
[2.639s] -- Installing: /home/joanne/bookros2_ws/install/pmb2_maps/share/pmb2_maps/cmake/pmb2_mapsConfig-version.cmake
[2.639s] -- Installing: /home/joanne/bookros2_ws/install/pmb2_maps/share/pmb2_maps/package.xml
[2.686s] Invoked command in '/home/joanne/bookros2_ws/build/pmb2_maps' returned '0': CMAKE_PREFIX_PATH=/opt/ros/foxy /usr/bin/cmake --install /home/joanne/bookros2_ws/build/pmb2_maps
