[0.103s] Invoking command in '/home/joanne/bookros2_ws/build/br2_vff_avoidance': CMAKE_PREFIX_PATH=${CMAKE_PREFIX_PATH}:/home/joanne/bookros2_ws/install/ros2controlcli:/home/joanne/bookros2_ws/install/launch_pal:/home/joanne/bookros2_ws/install/br2_fsm_bumpgo_py:/opt/ros/foxy /usr/bin/cmake --build /home/joanne/bookros2_ws/build/br2_vff_avoidance -- -j8 -l8
[0.201s] [ 20%] Built target gtest
[0.208s] [ 40%] Built target gtest_main
[0.229s] [ 60%] Built target br2_vff_avoidance
[0.295s] [ 90%] Built target vff_test
[0.295s] [100%] Built target avoidance_vff
[0.335s] Invoked command in '/home/joanne/bookros2_ws/build/br2_vff_avoidance' returned '0': CMAKE_PREFIX_PATH=${CMAKE_PREFIX_PATH}:/home/joanne/bookros2_ws/install/ros2controlcli:/home/joanne/bookros2_ws/install/launch_pal:/home/joanne/bookros2_ws/install/br2_fsm_bumpgo_py:/opt/ros/foxy /usr/bin/cmake --build /home/joanne/bookros2_ws/build/br2_vff_avoidance -- -j8 -l8
[0.340s] Invoking command in '/home/joanne/bookros2_ws/build/br2_vff_avoidance': CMAKE_PREFIX_PATH=${CMAKE_PREFIX_PATH}:/home/joanne/bookros2_ws/install/ros2controlcli:/home/joanne/bookros2_ws/install/launch_pal:/home/joanne/bookros2_ws/install/br2_fsm_bumpgo_py:/opt/ros/foxy /usr/bin/cmake --install /home/joanne/bookros2_ws/build/br2_vff_avoidance
[0.361s] -- Install configuration: "Debug"
[0.363s] -- Execute custom install script
[0.364s] -- Up-to-date symlink: /home/joanne/bookros2_ws/install/br2_vff_avoidance/lib/libbr2_vff_avoidance.so
[0.366s] -- Up-to-date symlink: /home/joanne/bookros2_ws/install/br2_vff_avoidance/lib/br2_vff_avoidance/avoidance_vff
[0.366s] -- Up-to-date symlink: /home/joanne/bookros2_ws/install/br2_vff_avoidance/share/br2_vff_avoidance/launch/avoidance_vff.launch.py
[0.367s] -- Up-to-date symlink: /home/joanne/bookros2_ws/install/br2_vff_avoidance/share/ament_index/resource_index/package_run_dependencies/br2_vff_avoidance
[0.371s] -- Up-to-date symlink: /home/joanne/bookros2_ws/install/br2_vff_avoidance/share/ament_index/resource_index/parent_prefix_path/br2_vff_avoidance
[0.371s] -- Up-to-date symlink: /home/joanne/bookros2_ws/install/br2_vff_avoidance/share/br2_vff_avoidance/environment/ament_prefix_path.sh
[0.371s] -- Up-to-date symlink: /home/joanne/bookros2_ws/install/br2_vff_avoidance/share/br2_vff_avoidance/environment/ament_prefix_path.dsv
[0.371s] -- Up-to-date symlink: /home/joanne/bookros2_ws/install/br2_vff_avoidance/share/br2_vff_avoidance/environment/path.sh
[0.376s] -- Up-to-date symlink: /home/joanne/bookros2_ws/install/br2_vff_avoidance/share/br2_vff_avoidance/environment/path.dsv
[0.376s] -- Up-to-date symlink: /home/joanne/bookros2_ws/install/br2_vff_avoidance/share/br2_vff_avoidance/local_setup.bash
[0.376s] -- Up-to-date symlink: /home/joanne/bookros2_ws/install/br2_vff_avoidance/share/br2_vff_avoidance/local_setup.sh
[0.377s] -- Up-to-date symlink: /home/joanne/bookros2_ws/install/br2_vff_avoidance/share/br2_vff_avoidance/local_setup.zsh
[0.377s] -- Up-to-date symlink: /home/joanne/bookros2_ws/install/br2_vff_avoidance/share/br2_vff_avoidance/local_setup.dsv
[0.377s] -- Symlinking: /home/joanne/bookros2_ws/install/br2_vff_avoidance/share/br2_vff_avoidance/package.dsv
[0.392s] -- Up-to-date symlink: /home/joanne/bookros2_ws/install/br2_vff_avoidance/share/ament_index/resource_index/packages/br2_vff_avoidance
[0.393s] -- Up-to-date symlink: /home/joanne/bookros2_ws/install/br2_vff_avoidance/share/br2_vff_avoidance/cmake/ament_cmake_export_dependencies-extras.cmake
[0.394s] -- Up-to-date symlink: /home/joanne/bookros2_ws/install/br2_vff_avoidance/share/br2_vff_avoidance/cmake/br2_vff_avoidanceConfig.cmake
[0.395s] -- Up-to-date symlink: /home/joanne/bookros2_ws/install/br2_vff_avoidance/share/br2_vff_avoidance/cmake/br2_vff_avoidanceConfig-version.cmake
[0.395s] -- Up-to-date symlink: /home/joanne/bookros2_ws/install/br2_vff_avoidance/share/br2_vff_avoidance/package.xml
[0.409s] Invoked command in '/home/joanne/bookros2_ws/build/br2_vff_avoidance' returned '0': CMAKE_PREFIX_PATH=${CMAKE_PREFIX_PATH}:/home/joanne/bookros2_ws/install/ros2controlcli:/home/joanne/bookros2_ws/install/launch_pal:/home/joanne/bookros2_ws/install/br2_fsm_bumpgo_py:/opt/ros/foxy /usr/bin/cmake --install /home/joanne/bookros2_ws/build/br2_vff_avoidance
