In file included from [01m[K/opt/ros/foxy/include/rclcpp/service.hpp:34[m[K,
                 from [01m[K/opt/ros/foxy/include/rclcpp/callback_group.hpp:25[m[K,
                 from [01m[K/opt/ros/foxy/include/rclcpp/any_executable.hpp:20[m[K,
                 from [01m[K/opt/ros/foxy/include/rclcpp/memory_strategy.hpp:24[m[K,
                 from [01m[K/opt/ros/foxy/include/rclcpp/memory_strategies.hpp:18[m[K,
                 from [01m[K/opt/ros/foxy/include/rclcpp/executor_options.hpp:20[m[K,
                 from [01m[K/opt/ros/foxy/include/rclcpp/executor.hpp:33[m[K,
                 from [01m[K/opt/ros/foxy/include/rclcpp/executors/multi_threaded_executor.hpp:26[m[K,
                 from [01m[K/opt/ros/foxy/include/rclcpp/executors.hpp:21[m[K,
                 from [01m[K/opt/ros/foxy/include/rclcpp/rclcpp.hpp:146[m[K,
                 from [01m[K/home/joanne/bookros2_ws/src/book_ros2/br2_bt_bumpgo/include/br2_bt_bumpgo/Turn.hpp:24[m[K,
                 from [01m[K/home/joanne/bookros2_ws/src/book_ros2/br2_bt_bumpgo/src/br2_bt_bumpgo/Turn.cpp:18[m[K:
[01m[K/home/joanne/bookros2_ws/src/book_ros2/br2_bt_bumpgo/src/br2_bt_bumpgo/Turn.cpp:[m[K In member function ‘[01m[Kvirtual BT::NodeStatus br2_bt_bumpgo::Turn::tick()[m[K’:
[01m[K/home/joanne/bookros2_ws/src/book_ros2/br2_bt_bumpgo/src/br2_bt_bumpgo/Turn.cpp:55:15:[m[K [01;31m[Kerror: [m[K‘[01m[Kget_logger[m[K’ was not declared in this scope; did you mean ‘[01m[Krclcpp::get_logger[m[K’?
   55 |   RCLCPP_INFO([01;31m[Kget_logger[m[K(), "Direction %d", direction);
      |               [01;31m[K^~~~~~~~~~[m[K
In file included from [01m[K/opt/ros/foxy/include/rclcpp/logging.hpp:23[m[K,
                 from [01m[K/opt/ros/foxy/include/rclcpp/service.hpp:34[m[K,
                 from [01m[K/opt/ros/foxy/include/rclcpp/callback_group.hpp:25[m[K,
                 from [01m[K/opt/ros/foxy/include/rclcpp/any_executable.hpp:20[m[K,
                 from [01m[K/opt/ros/foxy/include/rclcpp/memory_strategy.hpp:24[m[K,
                 from [01m[K/opt/ros/foxy/include/rclcpp/memory_strategies.hpp:18[m[K,
                 from [01m[K/opt/ros/foxy/include/rclcpp/executor_options.hpp:20[m[K,
                 from [01m[K/opt/ros/foxy/include/rclcpp/executor.hpp:33[m[K,
                 from [01m[K/opt/ros/foxy/include/rclcpp/executors/multi_threaded_executor.hpp:26[m[K,
                 from [01m[K/opt/ros/foxy/include/rclcpp/executors.hpp:21[m[K,
                 from [01m[K/opt/ros/foxy/include/rclcpp/rclcpp.hpp:146[m[K,
                 from [01m[K/home/joanne/bookros2_ws/src/book_ros2/br2_bt_bumpgo/include/br2_bt_bumpgo/Turn.hpp:24[m[K,
                 from [01m[K/home/joanne/bookros2_ws/src/book_ros2/br2_bt_bumpgo/src/br2_bt_bumpgo/Turn.cpp:18[m[K:
[01m[K/opt/ros/foxy/include/rclcpp/logger.hpp:80:17:[m[K [01;36m[Knote: [m[K‘[01m[Krclcpp::get_logger[m[K’ declared here
   80 |   friend Logger [01;36m[Krclcpp[m[K::get_logger(const std::string & name);
      |                 [01;36m[K^~~~~~[m[K
In file included from [01m[K/opt/ros/foxy/include/rclcpp/service.hpp:34[m[K,
                 from [01m[K/opt/ros/foxy/include/rclcpp/callback_group.hpp:25[m[K,
                 from [01m[K/opt/ros/foxy/include/rclcpp/any_executable.hpp:20[m[K,
                 from [01m[K/opt/ros/foxy/include/rclcpp/memory_strategy.hpp:24[m[K,
                 from [01m[K/opt/ros/foxy/include/rclcpp/memory_strategies.hpp:18[m[K,
                 from [01m[K/opt/ros/foxy/include/rclcpp/executor_options.hpp:20[m[K,
                 from [01m[K/opt/ros/foxy/include/rclcpp/executor.hpp:33[m[K,
                 from [01m[K/opt/ros/foxy/include/rclcpp/executors/multi_threaded_executor.hpp:26[m[K,
                 from [01m[K/opt/ros/foxy/include/rclcpp/executors.hpp:21[m[K,
                 from [01m[K/opt/ros/foxy/include/rclcpp/rclcpp.hpp:146[m[K,
                 from [01m[K/home/joanne/bookros2_ws/src/book_ros2/br2_bt_bumpgo/include/br2_bt_bumpgo/Turn.hpp:24[m[K,
                 from [01m[K/home/joanne/bookros2_ws/src/book_ros2/br2_bt_bumpgo/src/br2_bt_bumpgo/Turn.cpp:18[m[K:
[01m[K/home/joanne/bookros2_ws/src/book_ros2/br2_bt_bumpgo/src/br2_bt_bumpgo/Turn.cpp:55:3:[m[K [01;31m[Kerror: [m[Ktemplate argument 1 is invalid
   55 |   [01;31m[KRCLCPP_INFO[m[K(get_logger(), "Direction %d", direction);
      |   [01;31m[K^~~~~~~~~~~[m[K
[01m[K/home/joanne/bookros2_ws/src/book_ros2/br2_bt_bumpgo/src/br2_bt_bumpgo/Turn.cpp:55:3:[m[K [01;31m[Kerror: [m[Ktemplate argument 1 is invalid
   55 |   [01;31m[KRCLCPP_INFO[m[K(get_logger(), "Direction %d", direction);
      |   [01;31m[K^~~~~~~~~~~[m[K
[01m[K/home/joanne/bookros2_ws/src/book_ros2/br2_bt_bumpgo/src/br2_bt_bumpgo/Turn.cpp:55:3:[m[K [01;31m[Kerror: [m[Ktemplate argument 1 is invalid
   55 |   [01;31m[KRCLCPP_INFO[m[K(get_logger(), "Direction %d", direction);
      |   [01;31m[K^~~~~~~~~~~[m[K
make[2]: *** [CMakeFiles/br2_turn_bt_node.dir/build.make:63: CMakeFiles/br2_turn_bt_node.dir/src/br2_bt_bumpgo/Turn.cpp.o] Error 1
make[1]: *** [CMakeFiles/Makefile2:156: CMakeFiles/br2_turn_bt_node.dir/all] Error 2
make: *** [Makefile:141: all] Error 2
