[0.357s] Invoking command in '/home/joanne/bookros2_ws/build/effort_controllers': AMENT_PREFIX_PATH=/home/joanne/bookros2_ws/install/forward_command_controller:/home/joanne/bookros2_ws/install/controller_manager:/home/joanne/bookros2_ws/install/controller_interface:/home/joanne/bookros2_ws/install/hardware_interface:/home/joanne/bookros2_ws/install/ros2_control_test_assets:/home/joanne/bookros2_ws/install/controller_manager_msgs:${AMENT_PREFIX_PATH} CMAKE_PREFIX_PATH=/home/joanne/bookros2_ws/install/forward_command_controller:/home/joanne/bookros2_ws/install/controller_manager:/home/joanne/bookros2_ws/install/controller_interface:/home/joanne/bookros2_ws/install/hardware_interface:/home/joanne/bookros2_ws/install/ros2_control_test_assets:/home/joanne/bookros2_ws/install/controller_manager_msgs:/opt/ros/foxy LD_LIBRARY_PATH=/home/joanne/bookros2_ws/install/forward_command_controller/lib:/home/joanne/bookros2_ws/install/controller_manager/lib:/home/joanne/bookros2_ws/install/controller_interface/lib:/home/joanne/bookros2_ws/install/hardware_interface/lib:/home/joanne/bookros2_ws/install/controller_manager_msgs/lib:${LD_LIBRARY_PATH} PYTHONPATH=/home/joanne/bookros2_ws/install/controller_manager/lib/python3.8/site-packages:/home/joanne/bookros2_ws/install/controller_manager_msgs/lib/python3.8/site-packages:${PYTHONPATH} /usr/bin/cmake --build /home/joanne/bookros2_ws/build/effort_controllers -- -j8 -l8
[0.472s] [ 18%] Built target gmock_main
[0.494s] [ 36%] Built target effort_controllers
[0.516s] [ 63%] Built target gmock
[0.628s] [ 81%] Built target test_load_joint_group_effort_controller
[0.659s] [100%] Built target test_joint_group_effort_controller
[0.704s] Invoked command in '/home/joanne/bookros2_ws/build/effort_controllers' returned '0': AMENT_PREFIX_PATH=/home/joanne/bookros2_ws/install/forward_command_controller:/home/joanne/bookros2_ws/install/controller_manager:/home/joanne/bookros2_ws/install/controller_interface:/home/joanne/bookros2_ws/install/hardware_interface:/home/joanne/bookros2_ws/install/ros2_control_test_assets:/home/joanne/bookros2_ws/install/controller_manager_msgs:${AMENT_PREFIX_PATH} CMAKE_PREFIX_PATH=/home/joanne/bookros2_ws/install/forward_command_controller:/home/joanne/bookros2_ws/install/controller_manager:/home/joanne/bookros2_ws/install/controller_interface:/home/joanne/bookros2_ws/install/hardware_interface:/home/joanne/bookros2_ws/install/ros2_control_test_assets:/home/joanne/bookros2_ws/install/controller_manager_msgs:/opt/ros/foxy LD_LIBRARY_PATH=/home/joanne/bookros2_ws/install/forward_command_controller/lib:/home/joanne/bookros2_ws/install/controller_manager/lib:/home/joanne/bookros2_ws/install/controller_interface/lib:/home/joanne/bookros2_ws/install/hardware_interface/lib:/home/joanne/bookros2_ws/install/controller_manager_msgs/lib:${LD_LIBRARY_PATH} PYTHONPATH=/home/joanne/bookros2_ws/install/controller_manager/lib/python3.8/site-packages:/home/joanne/bookros2_ws/install/controller_manager_msgs/lib/python3.8/site-packages:${PYTHONPATH} /usr/bin/cmake --build /home/joanne/bookros2_ws/build/effort_controllers -- -j8 -l8
[0.706s] Invoking command in '/home/joanne/bookros2_ws/build/effort_controllers': AMENT_PREFIX_PATH=/home/joanne/bookros2_ws/install/forward_command_controller:/home/joanne/bookros2_ws/install/controller_manager:/home/joanne/bookros2_ws/install/controller_interface:/home/joanne/bookros2_ws/install/hardware_interface:/home/joanne/bookros2_ws/install/ros2_control_test_assets:/home/joanne/bookros2_ws/install/controller_manager_msgs:${AMENT_PREFIX_PATH} CMAKE_PREFIX_PATH=/home/joanne/bookros2_ws/install/forward_command_controller:/home/joanne/bookros2_ws/install/controller_manager:/home/joanne/bookros2_ws/install/controller_interface:/home/joanne/bookros2_ws/install/hardware_interface:/home/joanne/bookros2_ws/install/ros2_control_test_assets:/home/joanne/bookros2_ws/install/controller_manager_msgs:/opt/ros/foxy LD_LIBRARY_PATH=/home/joanne/bookros2_ws/install/forward_command_controller/lib:/home/joanne/bookros2_ws/install/controller_manager/lib:/home/joanne/bookros2_ws/install/controller_interface/lib:/home/joanne/bookros2_ws/install/hardware_interface/lib:/home/joanne/bookros2_ws/install/controller_manager_msgs/lib:${LD_LIBRARY_PATH} PYTHONPATH=/home/joanne/bookros2_ws/install/controller_manager/lib/python3.8/site-packages:/home/joanne/bookros2_ws/install/controller_manager_msgs/lib/python3.8/site-packages:${PYTHONPATH} /usr/bin/cmake --install /home/joanne/bookros2_ws/build/effort_controllers
[0.726s] -- Install configuration: ""
[0.727s] -- Execute custom install script
[0.728s] -- Up-to-date symlink: /home/joanne/bookros2_ws/install/effort_controllers/share/effort_controllers//effort_controllers_plugins.xml
[0.728s] -- Up-to-date symlink: /home/joanne/bookros2_ws/install/effort_controllers/include/effort_controllers/joint_group_effort_controller.hpp
[0.728s] -- Up-to-date symlink: /home/joanne/bookros2_ws/install/effort_controllers/include/effort_controllers/visibility_control.h
[0.728s] -- Up-to-date symlink: /home/joanne/bookros2_ws/install/effort_controllers/lib/libeffort_controllers.so
[0.728s] -- Up-to-date symlink: /home/joanne/bookros2_ws/install/effort_controllers/share/effort_controllers/environment/library_path.sh
[0.728s] -- Up-to-date symlink: /home/joanne/bookros2_ws/install/effort_controllers/share/effort_controllers/environment/library_path.dsv
[0.729s] -- Up-to-date symlink: /home/joanne/bookros2_ws/install/effort_controllers/share/ament_index/resource_index/package_run_dependencies/effort_controllers
[0.729s] -- Up-to-date symlink: /home/joanne/bookros2_ws/install/effort_controllers/share/ament_index/resource_index/parent_prefix_path/effort_controllers
[0.729s] -- Up-to-date symlink: /home/joanne/bookros2_ws/install/effort_controllers/share/effort_controllers/environment/ament_prefix_path.sh
[0.729s] -- Up-to-date symlink: /home/joanne/bookros2_ws/install/effort_controllers/share/effort_controllers/environment/ament_prefix_path.dsv
[0.730s] -- Up-to-date symlink: /home/joanne/bookros2_ws/install/effort_controllers/share/effort_controllers/environment/path.sh
[0.730s] -- Up-to-date symlink: /home/joanne/bookros2_ws/install/effort_controllers/share/effort_controllers/environment/path.dsv
[0.731s] -- Up-to-date symlink: /home/joanne/bookros2_ws/install/effort_controllers/share/effort_controllers/local_setup.bash
[0.731s] -- Up-to-date symlink: /home/joanne/bookros2_ws/install/effort_controllers/share/effort_controllers/local_setup.sh
[0.732s] -- Up-to-date symlink: /home/joanne/bookros2_ws/install/effort_controllers/share/effort_controllers/local_setup.zsh
[0.732s] -- Up-to-date symlink: /home/joanne/bookros2_ws/install/effort_controllers/share/effort_controllers/local_setup.dsv
[0.732s] -- Symlinking: /home/joanne/bookros2_ws/install/effort_controllers/share/effort_controllers/package.dsv
[0.755s] -- Up-to-date symlink: /home/joanne/bookros2_ws/install/effort_controllers/share/ament_index/resource_index/packages/effort_controllers
[0.755s] -- Up-to-date symlink: /home/joanne/bookros2_ws/install/effort_controllers/share/ament_index/resource_index/controller_interface__pluginlib__plugin/effort_controllers
[0.755s] -- Up-to-date symlink: /home/joanne/bookros2_ws/install/effort_controllers/share/effort_controllers/cmake/ament_cmake_export_dependencies-extras.cmake
[0.756s] -- Up-to-date symlink: /home/joanne/bookros2_ws/install/effort_controllers/share/effort_controllers/cmake/ament_cmake_export_include_directories-extras.cmake
[0.756s] -- Up-to-date symlink: /home/joanne/bookros2_ws/install/effort_controllers/share/effort_controllers/cmake/ament_cmake_export_libraries-extras.cmake
[0.756s] -- Up-to-date symlink: /home/joanne/bookros2_ws/install/effort_controllers/share/effort_controllers/cmake/effort_controllersConfig.cmake
[0.756s] -- Up-to-date symlink: /home/joanne/bookros2_ws/install/effort_controllers/share/effort_controllers/cmake/effort_controllersConfig-version.cmake
[0.756s] -- Up-to-date symlink: /home/joanne/bookros2_ws/install/effort_controllers/share/effort_controllers/package.xml
[0.768s] Invoked command in '/home/joanne/bookros2_ws/build/effort_controllers' returned '0': AMENT_PREFIX_PATH=/home/joanne/bookros2_ws/install/forward_command_controller:/home/joanne/bookros2_ws/install/controller_manager:/home/joanne/bookros2_ws/install/controller_interface:/home/joanne/bookros2_ws/install/hardware_interface:/home/joanne/bookros2_ws/install/ros2_control_test_assets:/home/joanne/bookros2_ws/install/controller_manager_msgs:${AMENT_PREFIX_PATH} CMAKE_PREFIX_PATH=/home/joanne/bookros2_ws/install/forward_command_controller:/home/joanne/bookros2_ws/install/controller_manager:/home/joanne/bookros2_ws/install/controller_interface:/home/joanne/bookros2_ws/install/hardware_interface:/home/joanne/bookros2_ws/install/ros2_control_test_assets:/home/joanne/bookros2_ws/install/controller_manager_msgs:/opt/ros/foxy LD_LIBRARY_PATH=/home/joanne/bookros2_ws/install/forward_command_controller/lib:/home/joanne/bookros2_ws/install/controller_manager/lib:/home/joanne/bookros2_ws/install/controller_interface/lib:/home/joanne/bookros2_ws/install/hardware_interface/lib:/home/joanne/bookros2_ws/install/controller_manager_msgs/lib:${LD_LIBRARY_PATH} PYTHONPATH=/home/joanne/bookros2_ws/install/controller_manager/lib/python3.8/site-packages:/home/joanne/bookros2_ws/install/controller_manager_msgs/lib/python3.8/site-packages:${PYTHONPATH} /usr/bin/cmake --install /home/joanne/bookros2_ws/build/effort_controllers
