[0.092s] Invoking command in '/home/joanne/bookros2_ws/build/br2_bt_patrolling': CMAKE_PREFIX_PATH=${CMAKE_PREFIX_PATH}:/home/joanne/bookros2_ws/install/ros2controlcli:/home/joanne/bookros2_ws/install/launch_pal:/home/joanne/bookros2_ws/install/br2_fsm_bumpgo_py:/home/joanne/nav2_ws/install/nav2_gazebo_spawner:/opt/ros/foxy /usr/bin/cmake --build /home/joanne/bookros2_ws/build/br2_bt_patrolling -- -j8 -l8
[0.410s] [ 10%] Built target br2_recharge_bt_node
[0.532s] [ 20%] Built target gtest
[0.651s] [ 30%] Built target gtest_main
[0.808s] [ 40%] Built target br2_patrol_bt_node
[0.975s] [ 50%] Built target br2_track_objects_bt_node
[1.150s] [ 60%] Built target br2_get_waypoint_bt_node
[1.344s] [ 70%] Built target bt_action_test
[1.512s] [ 80%] Built target br2_move_bt_node
[1.577s] [35m[1mScanning dependencies of target patrolling_main[0m
[1.673s] [ 85%] [32mBuilding CXX object CMakeFiles/patrolling_main.dir/src/patrolling_main.cpp.o[0m
[15.936s] [ 90%] [32m[1mLinking CXX executable patrolling_main[0m
[16.863s] [ 90%] Built target patrolling_main
[17.036s] [100%] Built target br2_battery_checker_bt_node
[17.106s] Invoked command in '/home/joanne/bookros2_ws/build/br2_bt_patrolling' returned '0': CMAKE_PREFIX_PATH=${CMAKE_PREFIX_PATH}:/home/joanne/bookros2_ws/install/ros2controlcli:/home/joanne/bookros2_ws/install/launch_pal:/home/joanne/bookros2_ws/install/br2_fsm_bumpgo_py:/home/joanne/nav2_ws/install/nav2_gazebo_spawner:/opt/ros/foxy /usr/bin/cmake --build /home/joanne/bookros2_ws/build/br2_bt_patrolling -- -j8 -l8
[17.179s] Invoking command in '/home/joanne/bookros2_ws/build/br2_bt_patrolling': CMAKE_PREFIX_PATH=${CMAKE_PREFIX_PATH}:/home/joanne/bookros2_ws/install/ros2controlcli:/home/joanne/bookros2_ws/install/launch_pal:/home/joanne/bookros2_ws/install/br2_fsm_bumpgo_py:/home/joanne/nav2_ws/install/nav2_gazebo_spawner:/opt/ros/foxy /usr/bin/cmake --install /home/joanne/bookros2_ws/build/br2_bt_patrolling
[17.233s] -- Install configuration: "Debug"
[17.240s] -- Execute custom install script
[17.240s] -- Up-to-date symlink: /home/joanne/bookros2_ws/install/br2_bt_patrolling/lib/libbr2_recharge_bt_node.so
[17.241s] -- Up-to-date symlink: /home/joanne/bookros2_ws/install/br2_bt_patrolling/lib/libbr2_patrol_bt_node.so
[17.241s] -- Up-to-date symlink: /home/joanne/bookros2_ws/install/br2_bt_patrolling/lib/libbr2_move_bt_node.so
[17.242s] -- Up-to-date symlink: /home/joanne/bookros2_ws/install/br2_bt_patrolling/lib/libbr2_get_waypoint_bt_node.so
[17.242s] -- Up-to-date symlink: /home/joanne/bookros2_ws/install/br2_bt_patrolling/lib/libbr2_battery_checker_bt_node.so
[17.243s] -- Up-to-date symlink: /home/joanne/bookros2_ws/install/br2_bt_patrolling/lib/libbr2_track_objects_bt_node.so
[17.244s] -- Up-to-date symlink: /home/joanne/bookros2_ws/install/br2_bt_patrolling/lib/br2_bt_patrolling/patrolling_main
[17.248s] -- Up-to-date symlink: /home/joanne/bookros2_ws/install/br2_bt_patrolling/include//br2_bt_patrolling/BatteryChecker.hpp
[17.253s] -- Up-to-date symlink: /home/joanne/bookros2_ws/install/br2_bt_patrolling/include//br2_bt_patrolling/GetWaypoint.hpp
[17.255s] -- Up-to-date symlink: /home/joanne/bookros2_ws/install/br2_bt_patrolling/include//br2_bt_patrolling/Move.hpp
[17.255s] -- Up-to-date symlink: /home/joanne/bookros2_ws/install/br2_bt_patrolling/include//br2_bt_patrolling/Patrol.hpp
[17.257s] -- Up-to-date symlink: /home/joanne/bookros2_ws/install/br2_bt_patrolling/include//br2_bt_patrolling/Recharge.hpp
[17.265s] -- Up-to-date symlink: /home/joanne/bookros2_ws/install/br2_bt_patrolling/include//br2_bt_patrolling/TrackObjects.hpp
[17.267s] -- Up-to-date symlink: /home/joanne/bookros2_ws/install/br2_bt_patrolling/include//br2_bt_patrolling/ctrl_support/BTActionNode.hpp
[17.268s] -- Up-to-date symlink: /home/joanne/bookros2_ws/install/br2_bt_patrolling/include//br2_bt_patrolling/ctrl_support/BTLifecycleCtrlNode.hpp
[17.270s] -- Up-to-date symlink: /home/joanne/bookros2_ws/install/br2_bt_patrolling/share/br2_bt_patrolling/behavior_tree_xml/patrolling.xml
[17.275s] -- Up-to-date symlink: /home/joanne/bookros2_ws/install/br2_bt_patrolling/share/br2_bt_patrolling/launch/patrolling.launch.py
[17.278s] -- Up-to-date symlink: /home/joanne/bookros2_ws/install/br2_bt_patrolling/share/ament_index/resource_index/package_run_dependencies/br2_bt_patrolling
[17.278s] -- Up-to-date symlink: /home/joanne/bookros2_ws/install/br2_bt_patrolling/share/ament_index/resource_index/parent_prefix_path/br2_bt_patrolling
[17.280s] -- Up-to-date symlink: /home/joanne/bookros2_ws/install/br2_bt_patrolling/share/br2_bt_patrolling/environment/ament_prefix_path.sh
[17.280s] -- Up-to-date symlink: /home/joanne/bookros2_ws/install/br2_bt_patrolling/share/br2_bt_patrolling/environment/ament_prefix_path.dsv
[17.281s] -- Up-to-date symlink: /home/joanne/bookros2_ws/install/br2_bt_patrolling/share/br2_bt_patrolling/environment/path.sh
[17.281s] -- Up-to-date symlink: /home/joanne/bookros2_ws/install/br2_bt_patrolling/share/br2_bt_patrolling/environment/path.dsv
[17.282s] -- Up-to-date symlink: /home/joanne/bookros2_ws/install/br2_bt_patrolling/share/br2_bt_patrolling/local_setup.bash
[17.283s] -- Up-to-date symlink: /home/joanne/bookros2_ws/install/br2_bt_patrolling/share/br2_bt_patrolling/local_setup.sh
[17.283s] -- Up-to-date symlink: /home/joanne/bookros2_ws/install/br2_bt_patrolling/share/br2_bt_patrolling/local_setup.zsh
[17.284s] -- Up-to-date symlink: /home/joanne/bookros2_ws/install/br2_bt_patrolling/share/br2_bt_patrolling/local_setup.dsv
[17.284s] -- Symlinking: /home/joanne/bookros2_ws/install/br2_bt_patrolling/share/br2_bt_patrolling/package.dsv
[17.345s] -- Up-to-date symlink: /home/joanne/bookros2_ws/install/br2_bt_patrolling/share/ament_index/resource_index/packages/br2_bt_patrolling
[17.347s] -- Up-to-date symlink: /home/joanne/bookros2_ws/install/br2_bt_patrolling/share/br2_bt_patrolling/cmake/ament_cmake_export_include_directories-extras.cmake
[17.349s] -- Up-to-date symlink: /home/joanne/bookros2_ws/install/br2_bt_patrolling/share/br2_bt_patrolling/cmake/ament_cmake_export_dependencies-extras.cmake
[17.351s] -- Up-to-date symlink: /home/joanne/bookros2_ws/install/br2_bt_patrolling/share/br2_bt_patrolling/cmake/br2_bt_patrollingConfig.cmake
[17.352s] -- Up-to-date symlink: /home/joanne/bookros2_ws/install/br2_bt_patrolling/share/br2_bt_patrolling/cmake/br2_bt_patrollingConfig-version.cmake
[17.353s] -- Up-to-date symlink: /home/joanne/bookros2_ws/install/br2_bt_patrolling/share/br2_bt_patrolling/package.xml
[17.368s] Invoked command in '/home/joanne/bookros2_ws/build/br2_bt_patrolling' returned '0': CMAKE_PREFIX_PATH=${CMAKE_PREFIX_PATH}:/home/joanne/bookros2_ws/install/ros2controlcli:/home/joanne/bookros2_ws/install/launch_pal:/home/joanne/bookros2_ws/install/br2_fsm_bumpgo_py:/home/joanne/nav2_ws/install/nav2_gazebo_spawner:/opt/ros/foxy /usr/bin/cmake --install /home/joanne/bookros2_ws/build/br2_bt_patrolling
