[0.379s] Invoking command in '/home/joanne/oldbookros2_ws/build/tiago_description_calibration': CMAKE_PREFIX_PATH=/opt/ros/foxy /usr/bin/cmake --build /home/joanne/oldbookros2_ws/build/tiago_description_calibration -- -j8 -l8
[0.443s] CMake Error: The current CMakeCache.txt directory /home/joanne/oldbookros2_ws/build/tiago_description_calibration/CMakeCache.txt is different than the directory /home/joanne/bookros2_ws/build/tiago_description_calibration where CMakeCache.txt was created. This may result in binaries being created in the wrong place. If you are not sure, reedit the CMakeCache.txt
[0.493s] -- The C compiler identification is GNU 9.4.0
[0.597s] -- The CXX compiler identification is GNU 9.4.0
[0.610s] -- Check for working C compiler: /usr/bin/cc
[0.732s] -- Check for working C compiler: /usr/bin/cc -- works
[0.734s] -- Detecting C compiler ABI info
[0.846s] -- Detecting C compiler ABI info - done
[0.870s] -- Detecting C compile features
[0.871s] -- Detecting C compile features - done
[0.876s] -- Check for working CXX compiler: /usr/bin/c++
[0.988s] -- Check for working CXX compiler: /usr/bin/c++ -- works
[0.990s] -- Detecting CXX compiler ABI info
[1.123s] -- Detecting CXX compiler ABI info - done
[1.147s] -- Detecting CXX compile features
[1.148s] -- Detecting CXX compile features - done
[1.151s] -- Found ament_cmake_auto: 0.9.12 (/opt/ros/foxy/share/ament_cmake_auto/cmake)
[1.196s] -- Found PythonInterp: /usr/bin/python3 (found suitable version "3.8.10", minimum required is "3") 
[1.196s] -- Using PYTHON_EXECUTABLE: /usr/bin/python3
[1.688s] -- Configuring done
[1.690s] -- Generating done
[1.695s] -- Build files have been written to: /home/joanne/bookros2_ws/build/tiago_description_calibration
[1.724s] Invoked command in '/home/joanne/oldbookros2_ws/build/tiago_description_calibration' returned '0': CMAKE_PREFIX_PATH=/opt/ros/foxy /usr/bin/cmake --build /home/joanne/oldbookros2_ws/build/tiago_description_calibration -- -j8 -l8
[1.729s] Invoking command in '/home/joanne/oldbookros2_ws/build/tiago_description_calibration': CMAKE_PREFIX_PATH=/opt/ros/foxy /usr/bin/cmake --install /home/joanne/oldbookros2_ws/build/tiago_description_calibration
[1.738s] -- Install configuration: ""
[1.739s] CMake Error at cmake_install.cmake:41 (include):
[1.739s]   include could not find load file:
[1.739s] 
[1.739s]     /home/joanne/bookros2_ws/build/tiago_description_calibration/ament_cmake_symlink_install/ament_cmake_symlink_install.cmake
[1.739s] 
[1.739s] 
