[0.024s] Invoking command in '/home/joanne/bookros2_ws/build/pmb2_maps': CMAKE_PREFIX_PATH=/opt/ros/foxy /usr/bin/cmake /home/joanne/bookros2_ws/src/ThirdParty/pmb2_navigation/pmb2_maps -DAMENT_CMAKE_SYMLINK_INSTALL=1 -DCMAKE_INSTALL_PREFIX=/home/joanne/bookros2_ws/install/pmb2_maps
[0.364s] -- Found ament_cmake_auto: 0.9.12 (/opt/ros/foxy/share/ament_cmake_auto/cmake)
[0.364s] -- Using PYTHON_EXECUTABLE: /usr/bin/python3
[0.408s] -- Override CMake install command with custom implementation using symlinks instead of copying resources
[0.519s] -- Configuring done
[0.526s] -- Generating done
[0.529s] -- Build files have been written to: /home/joanne/bookros2_ws/build/pmb2_maps
[0.535s] Invoked command in '/home/joanne/bookros2_ws/build/pmb2_maps' returned '0': CMAKE_PREFIX_PATH=/opt/ros/foxy /usr/bin/cmake /home/joanne/bookros2_ws/src/ThirdParty/pmb2_navigation/pmb2_maps -DAMENT_CMAKE_SYMLINK_INSTALL=1 -DCMAKE_INSTALL_PREFIX=/home/joanne/bookros2_ws/install/pmb2_maps
[0.537s] Invoking command in '/home/joanne/bookros2_ws/build/pmb2_maps': CMAKE_PREFIX_PATH=/opt/ros/foxy /usr/bin/cmake --build /home/joanne/bookros2_ws/build/pmb2_maps -- -j8 -l8
[0.681s] Invoked command in '/home/joanne/bookros2_ws/build/pmb2_maps' returned '0': CMAKE_PREFIX_PATH=/opt/ros/foxy /usr/bin/cmake --build /home/joanne/bookros2_ws/build/pmb2_maps -- -j8 -l8
[0.684s] Invoking command in '/home/joanne/bookros2_ws/build/pmb2_maps': CMAKE_PREFIX_PATH=/opt/ros/foxy /usr/bin/cmake --install /home/joanne/bookros2_ws/build/pmb2_maps
[0.873s] -- Install configuration: ""
[0.873s] -- Execute custom install script
[0.873s] -- Symlinking: /home/joanne/bookros2_ws/install/pmb2_maps/share/pmb2_maps/config/map.pgm
[0.873s] -- Symlinking: /home/joanne/bookros2_ws/install/pmb2_maps/share/pmb2_maps/config/map.yaml
[0.874s] -- Symlinking: /home/joanne/bookros2_ws/install/pmb2_maps/share/pmb2_maps/config/mmap.yaml
[0.874s] -- Up-to-date symlink: /home/joanne/bookros2_ws/install/pmb2_maps/share/pmb2_maps/configurations/pal_office/map.pgm
[0.874s] -- Up-to-date symlink: /home/joanne/bookros2_ws/install/pmb2_maps/share/pmb2_maps/configurations/pal_office/map.yaml
[0.874s] -- Up-to-date symlink: /home/joanne/bookros2_ws/install/pmb2_maps/share/pmb2_maps/configurations/pal_office/mmap.yaml
[0.874s] -- Symlinking: /home/joanne/bookros2_ws/install/pmb2_maps/share/pmb2_maps/configurations/small_office/map.bmp
[0.874s] -- Symlinking: /home/joanne/bookros2_ws/install/pmb2_maps/share/pmb2_maps/configurations/small_office/map.bt
[0.874s] -- Symlinking: /home/joanne/bookros2_ws/install/pmb2_maps/share/pmb2_maps/configurations/small_office/map.ot
[0.874s] -- Symlinking: /home/joanne/bookros2_ws/install/pmb2_maps/share/pmb2_maps/configurations/small_office/map.pgm
[0.875s] -- Symlinking: /home/joanne/bookros2_ws/install/pmb2_maps/share/pmb2_maps/configurations/small_office/map.yaml
[0.875s] -- Symlinking: /home/joanne/bookros2_ws/install/pmb2_maps/share/pmb2_maps/configurations/small_office/mmap.yaml
[0.875s] -- Symlinking: /home/joanne/bookros2_ws/install/pmb2_maps/share/pmb2_maps/configurations/small_office/transformation.yaml
[0.875s] -- Symlinking: /home/joanne/bookros2_ws/install/pmb2_maps/share/ament_index/resource_index/package_run_dependencies/pmb2_maps
[0.877s] -- Symlinking: /home/joanne/bookros2_ws/install/pmb2_maps/share/ament_index/resource_index/parent_prefix_path/pmb2_maps
[0.888s] -- Symlinking: /home/joanne/bookros2_ws/install/pmb2_maps/share/pmb2_maps/environment/ament_prefix_path.sh
[0.901s] -- Symlinking: /home/joanne/bookros2_ws/install/pmb2_maps/share/pmb2_maps/environment/ament_prefix_path.dsv
[0.914s] -- Symlinking: /home/joanne/bookros2_ws/install/pmb2_maps/share/pmb2_maps/environment/path.sh
[0.927s] -- Symlinking: /home/joanne/bookros2_ws/install/pmb2_maps/share/pmb2_maps/environment/path.dsv
[0.940s] -- Symlinking: /home/joanne/bookros2_ws/install/pmb2_maps/share/pmb2_maps/local_setup.bash
[0.962s] -- Symlinking: /home/joanne/bookros2_ws/install/pmb2_maps/share/pmb2_maps/local_setup.sh
[0.978s] -- Symlinking: /home/joanne/bookros2_ws/install/pmb2_maps/share/pmb2_maps/local_setup.zsh
[1.000s] -- Symlinking: /home/joanne/bookros2_ws/install/pmb2_maps/share/pmb2_maps/local_setup.dsv
[1.017s] -- Symlinking: /home/joanne/bookros2_ws/install/pmb2_maps/share/pmb2_maps/package.dsv
[1.031s] -- Symlinking: /home/joanne/bookros2_ws/install/pmb2_maps/share/ament_index/resource_index/packages/pmb2_maps
[1.045s] -- Symlinking: /home/joanne/bookros2_ws/install/pmb2_maps/share/pmb2_maps/cmake/pmb2_mapsConfig.cmake
[1.061s] -- Symlinking: /home/joanne/bookros2_ws/install/pmb2_maps/share/pmb2_maps/cmake/pmb2_mapsConfig-version.cmake
[1.075s] -- Symlinking: /home/joanne/bookros2_ws/install/pmb2_maps/share/pmb2_maps/package.xml
[1.105s] Invoked command in '/home/joanne/bookros2_ws/build/pmb2_maps' returned '0': CMAKE_PREFIX_PATH=/opt/ros/foxy /usr/bin/cmake --install /home/joanne/bookros2_ws/build/pmb2_maps
