[1.433s] Invoking command in '/home/joanne/bookros2_ws/build/twist_mux': CMAKE_PREFIX_PATH=${CMAKE_PREFIX_PATH}:/home/joanne/bookros2_ws/install/ros2controlcli:/home/joanne/bookros2_ws/install/launch_pal:/home/joanne/bookros2_ws/install/br2_fsm_bumpgo_py:/home/joanne/nav2_ws/install/nav2_gazebo_spawner:/opt/ros/foxy /usr/bin/cmake --build /home/joanne/bookros2_ws/build/twist_mux -- -j8 -l8
[2.124s] [ 66%] Built target twist_mux
[2.219s] [100%] Built target twist_marker
[3.166s] Invoked command in '/home/joanne/bookros2_ws/build/twist_mux' returned '0': CMAKE_PREFIX_PATH=${CMAKE_PREFIX_PATH}:/home/joanne/bookros2_ws/install/ros2controlcli:/home/joanne/bookros2_ws/install/launch_pal:/home/joanne/bookros2_ws/install/br2_fsm_bumpgo_py:/home/joanne/nav2_ws/install/nav2_gazebo_spawner:/opt/ros/foxy /usr/bin/cmake --build /home/joanne/bookros2_ws/build/twist_mux -- -j8 -l8
[3.187s] Invoking command in '/home/joanne/bookros2_ws/build/twist_mux': CMAKE_PREFIX_PATH=${CMAKE_PREFIX_PATH}:/home/joanne/bookros2_ws/install/ros2controlcli:/home/joanne/bookros2_ws/install/launch_pal:/home/joanne/bookros2_ws/install/br2_fsm_bumpgo_py:/home/joanne/nav2_ws/install/nav2_gazebo_spawner:/opt/ros/foxy /usr/bin/cmake --install /home/joanne/bookros2_ws/build/twist_mux
[3.236s] -- Install configuration: ""
[3.239s] -- Execute custom install script
[3.247s] -- Up-to-date symlink: /home/joanne/bookros2_ws/install/twist_mux/lib/twist_mux/twist_mux
[3.251s] -- Up-to-date symlink: /home/joanne/bookros2_ws/install/twist_mux/lib/twist_mux/twist_marker
[3.260s] -- Up-to-date symlink: /home/joanne/bookros2_ws/install/twist_mux/share/twist_mux/launch/twist_mux.launch
[3.263s] -- Up-to-date symlink: /home/joanne/bookros2_ws/install/twist_mux/share/twist_mux/launch/twist_mux_launch.py
[3.263s] -- Up-to-date symlink: /home/joanne/bookros2_ws/install/twist_mux/share/twist_mux/config/joystick.yaml
[3.268s] -- Up-to-date symlink: /home/joanne/bookros2_ws/install/twist_mux/share/twist_mux/config/twist_mux_locks.yaml
[3.269s] -- Up-to-date symlink: /home/joanne/bookros2_ws/install/twist_mux/share/twist_mux/config/twist_mux_topics.yaml
[3.269s] -- Up-to-date symlink: /home/joanne/bookros2_ws/install/twist_mux/include/twist_mux/params_helpers.hpp
[3.269s] -- Up-to-date symlink: /home/joanne/bookros2_ws/install/twist_mux/include/twist_mux/topic_handle.hpp
[3.269s] -- Up-to-date symlink: /home/joanne/bookros2_ws/install/twist_mux/include/twist_mux/twist_mux.hpp
[3.271s] -- Up-to-date symlink: /home/joanne/bookros2_ws/install/twist_mux/include/twist_mux/twist_mux_diagnostics.hpp
[3.271s] -- Up-to-date symlink: /home/joanne/bookros2_ws/install/twist_mux/include/twist_mux/twist_mux_diagnostics_status.hpp
[3.272s] -- Up-to-date symlink: /home/joanne/bookros2_ws/install/twist_mux/include/twist_mux/utils.hpp
[3.272s] -- Up-to-date symlink: /home/joanne/bookros2_ws/install/twist_mux/share/ament_index/resource_index/package_run_dependencies/twist_mux
[3.274s] -- Up-to-date symlink: /home/joanne/bookros2_ws/install/twist_mux/share/ament_index/resource_index/parent_prefix_path/twist_mux
[3.300s] -- Up-to-date symlink: /home/joanne/bookros2_ws/install/twist_mux/share/twist_mux/environment/ament_prefix_path.sh
[3.300s] -- Up-to-date symlink: /home/joanne/bookros2_ws/install/twist_mux/share/twist_mux/environment/ament_prefix_path.dsv
[3.301s] -- Up-to-date symlink: /home/joanne/bookros2_ws/install/twist_mux/share/twist_mux/environment/path.sh
[3.301s] -- Up-to-date symlink: /home/joanne/bookros2_ws/install/twist_mux/share/twist_mux/environment/path.dsv
[3.301s] -- Up-to-date symlink: /home/joanne/bookros2_ws/install/twist_mux/share/twist_mux/local_setup.bash
[3.301s] -- Up-to-date symlink: /home/joanne/bookros2_ws/install/twist_mux/share/twist_mux/local_setup.sh
[3.301s] -- Up-to-date symlink: /home/joanne/bookros2_ws/install/twist_mux/share/twist_mux/local_setup.zsh
[3.302s] -- Up-to-date symlink: /home/joanne/bookros2_ws/install/twist_mux/share/twist_mux/local_setup.dsv
[3.302s] -- Symlinking: /home/joanne/bookros2_ws/install/twist_mux/share/twist_mux/package.dsv
[3.384s] -- Up-to-date symlink: /home/joanne/bookros2_ws/install/twist_mux/share/ament_index/resource_index/packages/twist_mux
[3.388s] -- Up-to-date symlink: /home/joanne/bookros2_ws/install/twist_mux/share/twist_mux/cmake/ament_cmake_export_include_directories-extras.cmake
[3.389s] -- Up-to-date symlink: /home/joanne/bookros2_ws/install/twist_mux/share/twist_mux/cmake/ament_cmake_export_dependencies-extras.cmake
[3.391s] -- Up-to-date symlink: /home/joanne/bookros2_ws/install/twist_mux/share/twist_mux/cmake/twist_muxConfig.cmake
[3.391s] -- Up-to-date symlink: /home/joanne/bookros2_ws/install/twist_mux/share/twist_mux/cmake/twist_muxConfig-version.cmake
[3.392s] -- Up-to-date symlink: /home/joanne/bookros2_ws/install/twist_mux/share/twist_mux/package.xml
[3.666s] Invoked command in '/home/joanne/bookros2_ws/build/twist_mux' returned '0': CMAKE_PREFIX_PATH=${CMAKE_PREFIX_PATH}:/home/joanne/bookros2_ws/install/ros2controlcli:/home/joanne/bookros2_ws/install/launch_pal:/home/joanne/bookros2_ws/install/br2_fsm_bumpgo_py:/home/joanne/nav2_ws/install/nav2_gazebo_spawner:/opt/ros/foxy /usr/bin/cmake --install /home/joanne/bookros2_ws/build/twist_mux
