[0.077s] Invoking command in '/home/joanne/bookros2_ws/build/gazebo_ros2_control': AMENT_PREFIX_PATH=/home/joanne/bookros2_ws/install/controller_manager:/home/joanne/bookros2_ws/install/controller_interface:/home/joanne/bookros2_ws/install/hardware_interface:/home/joanne/bookros2_ws/install/ros2_control_test_assets:/home/joanne/bookros2_ws/install/controller_manager_msgs:${AMENT_PREFIX_PATH} CMAKE_PREFIX_PATH=/home/joanne/bookros2_ws/install/controller_manager:/home/joanne/bookros2_ws/install/controller_interface:/home/joanne/bookros2_ws/install/hardware_interface:/home/joanne/bookros2_ws/install/ros2_control_test_assets:/home/joanne/bookros2_ws/install/controller_manager_msgs:/opt/ros/foxy LD_LIBRARY_PATH=/home/joanne/bookros2_ws/install/controller_manager/lib:/home/joanne/bookros2_ws/install/controller_interface/lib:/home/joanne/bookros2_ws/install/hardware_interface/lib:/home/joanne/bookros2_ws/install/controller_manager_msgs/lib:${LD_LIBRARY_PATH} PYTHONPATH=/home/joanne/bookros2_ws/install/controller_manager/lib/python3.8/site-packages:/home/joanne/bookros2_ws/install/controller_manager_msgs/lib/python3.8/site-packages:${PYTHONPATH} /usr/bin/cmake /home/joanne/bookros2_ws/src/ThirdParty/gazebo_ros2_control/gazebo_ros2_control -DAMENT_CMAKE_SYMLINK_INSTALL=1 -DCMAKE_INSTALL_PREFIX=/home/joanne/bookros2_ws/install/gazebo_ros2_control
[0.546s] -- Found ament_cmake: 0.9.12 (/opt/ros/foxy/share/ament_cmake/cmake)
[0.546s] -- Using PYTHON_EXECUTABLE: /usr/bin/python3
[0.655s] -- Override CMake install command with custom implementation using symlinks instead of copying resources
[0.678s] -- Found angles: 1.12.6 (/opt/ros/foxy/share/angles/cmake)
[0.681s] -- Found controller_manager: 0.7.1 (/home/joanne/bookros2_ws/install/controller_manager/share/controller_manager/cmake)
[0.751s] -- Using all available rosidl_typesupport_c: rosidl_typesupport_fastrtps_c;rosidl_typesupport_introspection_c
[0.763s] -- Found rosidl_adapter: 1.3.1 (/opt/ros/foxy/share/rosidl_adapter/cmake)
[1.072s] -- Using all available rosidl_typesupport_cpp: rosidl_typesupport_fastrtps_cpp;rosidl_typesupport_introspection_cpp
[2.455s] -- Found rmw_implementation_cmake: 1.0.4 (/opt/ros/foxy/share/rmw_implementation_cmake/cmake)
[2.458s] -- Using RMW implementation 'rmw_fastrtps_cpp' as default
[3.020s] -- Found gazebo_dev: 3.5.3 (/opt/ros/foxy/share/gazebo_dev/cmake)
[3.119s] -- Found DART: /usr/include (Required is at least version "6.6") found components: dart 
[3.204s] -- Found Protobuf: /usr/lib/x86_64-linux-gnu/libprotobuf.so;-lpthread (found version "3.6.1") 
[3.209s] -- Looking for ignition-math6 -- found version 6.15.1
[3.223s] -- Searching for dependencies of ignition-math6
[3.228s] -- Looking for OGRE...
[3.240s] -- Found Ogre Ghadamon (1.9.0)
[3.241s] -- Found OGRE: optimized;/usr/lib/x86_64-linux-gnu/libOgreMain.so;debug;/usr/lib/x86_64-linux-gnu/libOgreMain.so
[3.264s] -- Looking for OGRE_Paging...
[3.264s] -- Found OGRE_Paging: optimized;/usr/lib/x86_64-linux-gnu/libOgrePaging.so;debug;/usr/lib/x86_64-linux-gnu/libOgrePaging.so
[3.265s] -- Looking for OGRE_Terrain...
[3.265s] -- Found OGRE_Terrain: optimized;/usr/lib/x86_64-linux-gnu/libOgreTerrain.so;debug;/usr/lib/x86_64-linux-gnu/libOgreTerrain.so
[3.265s] -- Looking for OGRE_Property...
[3.265s] -- Found OGRE_Property: optimized;/usr/lib/x86_64-linux-gnu/libOgreProperty.so;debug;/usr/lib/x86_64-linux-gnu/libOgreProperty.so
[3.265s] -- Looking for OGRE_RTShaderSystem...
[3.266s] -- Found OGRE_RTShaderSystem: optimized;/usr/lib/x86_64-linux-gnu/libOgreRTShaderSystem.so;debug;/usr/lib/x86_64-linux-gnu/libOgreRTShaderSystem.so
[3.266s] -- Looking for OGRE_Volume...
[3.266s] -- Found OGRE_Volume: optimized;/usr/lib/x86_64-linux-gnu/libOgreVolume.so;debug;/usr/lib/x86_64-linux-gnu/libOgreVolume.so
[3.266s] -- Looking for OGRE_Overlay...
[3.266s] -- Found OGRE_Overlay: optimized;/usr/lib/x86_64-linux-gnu/libOgreOverlay.so;debug;/usr/lib/x86_64-linux-gnu/libOgreOverlay.so
[3.628s] -- Looking for ignition-math6 -- found version 6.15.1
[3.629s] -- Looking for ignition-transport8 -- found version 8.3.0
[3.631s] -- Searching for dependencies of ignition-transport8
[3.669s] -- Found Protobuf: /usr/lib/x86_64-linux-gnu/libprotobuf.so;-lpthread (found suitable version "3.6.1", minimum required is "3") 
[3.697s] -- Config-file not installed for ZeroMQ -- checking for pkg-config
[3.707s] -- Checking for module 'libzmq >= 4'
[3.741s] --   Found libzmq , version 4.3.2
[3.826s] -- Checking for module 'uuid'
[3.855s] --   Found uuid, version 2.34.0
[3.938s] -- Looking for ignition-msgs5 -- found version 5.10.0
[3.939s] -- Searching for dependencies of ignition-msgs5
[3.981s] -- Looking for ignition-math6 -- found version 6.15.1
[4.005s] -- Looking for ignition-msgs5 -- found version 5.10.0
[4.005s] -- Looking for ignition-common3 -- found version 3.14.2
[4.007s] -- Searching for dependencies of ignition-common3
[4.008s] -- Looking for dlfcn.h - found
[4.008s] -- Looking for libdl - found
[4.028s] -- Searching for <ignition-common3> component [graphics]
[4.029s] -- Looking for ignition-common3-graphics -- found version 3.14.2
[4.031s] -- Searching for dependencies of ignition-common3-graphics
[4.032s] -- Looking for ignition-math6 -- found version 6.15.1
[4.040s] -- Looking for ignition-fuel_tools4 -- found version 4.6.0
[4.054s] -- Searching for dependencies of ignition-fuel_tools4
[4.144s] -- Checking for module 'jsoncpp'
[4.179s] --   Found jsoncpp, version 1.7.4
[4.270s] -- Checking for module 'libzip'
[4.308s] --   Found libzip, version 1.5.1
[4.396s] -- Looking for ignition-common3 -- found version 3.14.2
[4.398s] -- Looking for ignition-math6 -- found version 6.15.1
[4.399s] -- Looking for ignition-msgs5 -- found version 5.10.0
[4.403s] -- Gazebo version: 11.11
[4.404s] -- Found gazebo_ros: 3.5.3 (/opt/ros/foxy/share/gazebo_ros/cmake)
[4.431s] -- Found urdf: 2.4.0 (/opt/ros/foxy/share/urdf/cmake)
[4.479s] -- Found yaml_cpp_vendor: 7.0.3 (/opt/ros/foxy/share/yaml_cpp_vendor/cmake)
[4.480s] -- Setting yaml-cpp_DIR to: '/opt/ros/foxy/share/yaml_cpp_vendor/cmake/../../../opt/yaml_cpp_vendor/lib/cmake/yaml-cpp'
[5.009s] -- Found ament_cmake_gtest: 0.9.12 (/opt/ros/foxy/share/ament_cmake_gtest/cmake)
[5.010s] -- Found ament_lint_auto: 0.9.8 (/opt/ros/foxy/share/ament_lint_auto/cmake)
[5.161s] -- Added test 'copyright' to check source files copyright and LICENSE
[5.164s] -- Added test 'cppcheck' to perform static code analysis on C / C++ code
[5.166s] -- Configured cppcheck include dirs: /home/joanne/bookros2_ws/src/ThirdParty/gazebo_ros2_control/gazebo_ros2_control/include
[5.167s] -- Configured cppcheck exclude dirs and/or files: 
[5.170s] -- Added test 'cpplint' to check C / C++ code against the Google style
[5.170s] -- Configured cpplint exclude dirs and/or files: 
[5.172s] -- Added test 'lint_cmake' to check CMake code style
[5.175s] -- Added test 'uncrustify' to check C / C++ code style
[5.175s] -- Configured uncrustify additional arguments: 
[5.176s] -- Added test 'xmllint' to check XML markup files
[5.191s] -- Configuring done
[5.347s] -- Generating done
[5.426s] -- Build files have been written to: /home/joanne/bookros2_ws/build/gazebo_ros2_control
[5.471s] Invoked command in '/home/joanne/bookros2_ws/build/gazebo_ros2_control' returned '0': AMENT_PREFIX_PATH=/home/joanne/bookros2_ws/install/controller_manager:/home/joanne/bookros2_ws/install/controller_interface:/home/joanne/bookros2_ws/install/hardware_interface:/home/joanne/bookros2_ws/install/ros2_control_test_assets:/home/joanne/bookros2_ws/install/controller_manager_msgs:${AMENT_PREFIX_PATH} CMAKE_PREFIX_PATH=/home/joanne/bookros2_ws/install/controller_manager:/home/joanne/bookros2_ws/install/controller_interface:/home/joanne/bookros2_ws/install/hardware_interface:/home/joanne/bookros2_ws/install/ros2_control_test_assets:/home/joanne/bookros2_ws/install/controller_manager_msgs:/opt/ros/foxy LD_LIBRARY_PATH=/home/joanne/bookros2_ws/install/controller_manager/lib:/home/joanne/bookros2_ws/install/controller_interface/lib:/home/joanne/bookros2_ws/install/hardware_interface/lib:/home/joanne/bookros2_ws/install/controller_manager_msgs/lib:${LD_LIBRARY_PATH} PYTHONPATH=/home/joanne/bookros2_ws/install/controller_manager/lib/python3.8/site-packages:/home/joanne/bookros2_ws/install/controller_manager_msgs/lib/python3.8/site-packages:${PYTHONPATH} /usr/bin/cmake /home/joanne/bookros2_ws/src/ThirdParty/gazebo_ros2_control/gazebo_ros2_control -DAMENT_CMAKE_SYMLINK_INSTALL=1 -DCMAKE_INSTALL_PREFIX=/home/joanne/bookros2_ws/install/gazebo_ros2_control
[5.472s] Invoking command in '/home/joanne/bookros2_ws/build/gazebo_ros2_control': AMENT_PREFIX_PATH=/home/joanne/bookros2_ws/install/controller_manager:/home/joanne/bookros2_ws/install/controller_interface:/home/joanne/bookros2_ws/install/hardware_interface:/home/joanne/bookros2_ws/install/ros2_control_test_assets:/home/joanne/bookros2_ws/install/controller_manager_msgs:${AMENT_PREFIX_PATH} CMAKE_PREFIX_PATH=/home/joanne/bookros2_ws/install/controller_manager:/home/joanne/bookros2_ws/install/controller_interface:/home/joanne/bookros2_ws/install/hardware_interface:/home/joanne/bookros2_ws/install/ros2_control_test_assets:/home/joanne/bookros2_ws/install/controller_manager_msgs:/opt/ros/foxy LD_LIBRARY_PATH=/home/joanne/bookros2_ws/install/controller_manager/lib:/home/joanne/bookros2_ws/install/controller_interface/lib:/home/joanne/bookros2_ws/install/hardware_interface/lib:/home/joanne/bookros2_ws/install/controller_manager_msgs/lib:${LD_LIBRARY_PATH} PYTHONPATH=/home/joanne/bookros2_ws/install/controller_manager/lib/python3.8/site-packages:/home/joanne/bookros2_ws/install/controller_manager_msgs/lib/python3.8/site-packages:${PYTHONPATH} /usr/bin/cmake --build /home/joanne/bookros2_ws/build/gazebo_ros2_control -- -j8 -l8
[6.200s] [ 25%] [32m[1mLinking CXX shared library libgazebo_hardware_plugins.so[0m
[7.414s] [ 50%] Built target gazebo_hardware_plugins
[7.527s] [ 75%] [32m[1mLinking CXX shared library libgazebo_ros2_control.so[0m
[9.814s] [100%] Built target gazebo_ros2_control
[9.836s] Invoked command in '/home/joanne/bookros2_ws/build/gazebo_ros2_control' returned '0': AMENT_PREFIX_PATH=/home/joanne/bookros2_ws/install/controller_manager:/home/joanne/bookros2_ws/install/controller_interface:/home/joanne/bookros2_ws/install/hardware_interface:/home/joanne/bookros2_ws/install/ros2_control_test_assets:/home/joanne/bookros2_ws/install/controller_manager_msgs:${AMENT_PREFIX_PATH} CMAKE_PREFIX_PATH=/home/joanne/bookros2_ws/install/controller_manager:/home/joanne/bookros2_ws/install/controller_interface:/home/joanne/bookros2_ws/install/hardware_interface:/home/joanne/bookros2_ws/install/ros2_control_test_assets:/home/joanne/bookros2_ws/install/controller_manager_msgs:/opt/ros/foxy LD_LIBRARY_PATH=/home/joanne/bookros2_ws/install/controller_manager/lib:/home/joanne/bookros2_ws/install/controller_interface/lib:/home/joanne/bookros2_ws/install/hardware_interface/lib:/home/joanne/bookros2_ws/install/controller_manager_msgs/lib:${LD_LIBRARY_PATH} PYTHONPATH=/home/joanne/bookros2_ws/install/controller_manager/lib/python3.8/site-packages:/home/joanne/bookros2_ws/install/controller_manager_msgs/lib/python3.8/site-packages:${PYTHONPATH} /usr/bin/cmake --build /home/joanne/bookros2_ws/build/gazebo_ros2_control -- -j8 -l8
[9.843s] Invoking command in '/home/joanne/bookros2_ws/build/gazebo_ros2_control': AMENT_PREFIX_PATH=/home/joanne/bookros2_ws/install/controller_manager:/home/joanne/bookros2_ws/install/controller_interface:/home/joanne/bookros2_ws/install/hardware_interface:/home/joanne/bookros2_ws/install/ros2_control_test_assets:/home/joanne/bookros2_ws/install/controller_manager_msgs:${AMENT_PREFIX_PATH} CMAKE_PREFIX_PATH=/home/joanne/bookros2_ws/install/controller_manager:/home/joanne/bookros2_ws/install/controller_interface:/home/joanne/bookros2_ws/install/hardware_interface:/home/joanne/bookros2_ws/install/ros2_control_test_assets:/home/joanne/bookros2_ws/install/controller_manager_msgs:/opt/ros/foxy LD_LIBRARY_PATH=/home/joanne/bookros2_ws/install/controller_manager/lib:/home/joanne/bookros2_ws/install/controller_interface/lib:/home/joanne/bookros2_ws/install/hardware_interface/lib:/home/joanne/bookros2_ws/install/controller_manager_msgs/lib:${LD_LIBRARY_PATH} PYTHONPATH=/home/joanne/bookros2_ws/install/controller_manager/lib/python3.8/site-packages:/home/joanne/bookros2_ws/install/controller_manager_msgs/lib/python3.8/site-packages:${PYTHONPATH} /usr/bin/cmake --install /home/joanne/bookros2_ws/build/gazebo_ros2_control
[9.858s] -- Install configuration: ""
[9.859s] -- Execute custom install script
[9.860s] -- Symlinking: /home/joanne/bookros2_ws/install/gazebo_ros2_control/lib/libgazebo_ros2_control.so
[9.875s] -- Symlinking: /home/joanne/bookros2_ws/install/gazebo_ros2_control/lib/libgazebo_hardware_plugins.so
[9.903s] -- Symlinking: /home/joanne/bookros2_ws/install/gazebo_ros2_control/share/gazebo_ros2_control/environment/library_path.sh
[9.954s] -- Symlinking: /home/joanne/bookros2_ws/install/gazebo_ros2_control/share/gazebo_ros2_control/environment/library_path.dsv
[9.971s] -- Symlinking: /home/joanne/bookros2_ws/install/gazebo_ros2_control/include/gazebo_ros2_control/gazebo_ros2_control_plugin.hpp
[9.990s] -- Symlinking: /home/joanne/bookros2_ws/install/gazebo_ros2_control/include/gazebo_ros2_control/gazebo_system.hpp
[10.003s] -- Symlinking: /home/joanne/bookros2_ws/install/gazebo_ros2_control/include/gazebo_ros2_control/gazebo_system_interface.hpp
[10.021s] -- Symlinking: /home/joanne/bookros2_ws/install/gazebo_ros2_control/share/gazebo_ros2_control//gazebo_hardware_plugins.xml
[10.039s] -- Symlinking: /home/joanne/bookros2_ws/install/gazebo_ros2_control/share/ament_index/resource_index/package_run_dependencies/gazebo_ros2_control
[10.056s] -- Symlinking: /home/joanne/bookros2_ws/install/gazebo_ros2_control/share/ament_index/resource_index/parent_prefix_path/gazebo_ros2_control
[10.071s] -- Symlinking: /home/joanne/bookros2_ws/install/gazebo_ros2_control/share/gazebo_ros2_control/environment/ament_prefix_path.sh
[10.085s] -- Symlinking: /home/joanne/bookros2_ws/install/gazebo_ros2_control/share/gazebo_ros2_control/environment/ament_prefix_path.dsv
[10.099s] -- Symlinking: /home/joanne/bookros2_ws/install/gazebo_ros2_control/share/gazebo_ros2_control/environment/path.sh
[10.113s] -- Symlinking: /home/joanne/bookros2_ws/install/gazebo_ros2_control/share/gazebo_ros2_control/environment/path.dsv
[10.128s] -- Symlinking: /home/joanne/bookros2_ws/install/gazebo_ros2_control/share/gazebo_ros2_control/local_setup.bash
[10.143s] -- Symlinking: /home/joanne/bookros2_ws/install/gazebo_ros2_control/share/gazebo_ros2_control/local_setup.sh
[10.156s] -- Symlinking: /home/joanne/bookros2_ws/install/gazebo_ros2_control/share/gazebo_ros2_control/local_setup.zsh
[10.167s] -- Symlinking: /home/joanne/bookros2_ws/install/gazebo_ros2_control/share/gazebo_ros2_control/local_setup.dsv
[10.182s] -- Symlinking: /home/joanne/bookros2_ws/install/gazebo_ros2_control/share/gazebo_ros2_control/package.dsv
[10.198s] -- Symlinking: /home/joanne/bookros2_ws/install/gazebo_ros2_control/share/ament_index/resource_index/packages/gazebo_ros2_control
[10.214s] -- Symlinking: /home/joanne/bookros2_ws/install/gazebo_ros2_control/share/ament_index/resource_index/gazebo_ros2_control__pluginlib__plugin/gazebo_ros2_control
[10.231s] -- Symlinking: /home/joanne/bookros2_ws/install/gazebo_ros2_control/share/gazebo_ros2_control/cmake/ament_cmake_export_include_directories-extras.cmake
[10.248s] -- Symlinking: /home/joanne/bookros2_ws/install/gazebo_ros2_control/share/gazebo_ros2_control/cmake/ament_cmake_export_dependencies-extras.cmake
[10.264s] -- Symlinking: /home/joanne/bookros2_ws/install/gazebo_ros2_control/share/gazebo_ros2_control/cmake/ament_cmake_export_libraries-extras.cmake
[10.280s] -- Symlinking: /home/joanne/bookros2_ws/install/gazebo_ros2_control/share/gazebo_ros2_control/cmake/gazebo_ros2_controlConfig.cmake
[10.297s] -- Symlinking: /home/joanne/bookros2_ws/install/gazebo_ros2_control/share/gazebo_ros2_control/cmake/gazebo_ros2_controlConfig-version.cmake
[10.314s] -- Symlinking: /home/joanne/bookros2_ws/install/gazebo_ros2_control/share/gazebo_ros2_control/package.xml
[10.343s] Invoked command in '/home/joanne/bookros2_ws/build/gazebo_ros2_control' returned '0': AMENT_PREFIX_PATH=/home/joanne/bookros2_ws/install/controller_manager:/home/joanne/bookros2_ws/install/controller_interface:/home/joanne/bookros2_ws/install/hardware_interface:/home/joanne/bookros2_ws/install/ros2_control_test_assets:/home/joanne/bookros2_ws/install/controller_manager_msgs:${AMENT_PREFIX_PATH} CMAKE_PREFIX_PATH=/home/joanne/bookros2_ws/install/controller_manager:/home/joanne/bookros2_ws/install/controller_interface:/home/joanne/bookros2_ws/install/hardware_interface:/home/joanne/bookros2_ws/install/ros2_control_test_assets:/home/joanne/bookros2_ws/install/controller_manager_msgs:/opt/ros/foxy LD_LIBRARY_PATH=/home/joanne/bookros2_ws/install/controller_manager/lib:/home/joanne/bookros2_ws/install/controller_interface/lib:/home/joanne/bookros2_ws/install/hardware_interface/lib:/home/joanne/bookros2_ws/install/controller_manager_msgs/lib:${LD_LIBRARY_PATH} PYTHONPATH=/home/joanne/bookros2_ws/install/controller_manager/lib/python3.8/site-packages:/home/joanne/bookros2_ws/install/controller_manager_msgs/lib/python3.8/site-packages:${PYTHONPATH} /usr/bin/cmake --install /home/joanne/bookros2_ws/build/gazebo_ros2_control
