[0.058s] Invoking command in '/home/joanne/bookros2_ws/build/tiago_bringup': AMENT_PREFIX_PATH=/home/joanne/bookros2_ws/install/pmb2_bringup:/home/joanne/bookros2_ws/install/tiago_controller_configuration:/home/joanne/bookros2_ws/install/pmb2_description:/home/joanne/bookros2_ws/install/pmb2_controller_configuration:/home/joanne/bookros2_ws/install/pal_gripper_controller_configuration:/home/joanne/bookros2_ws/install/position_controllers:/home/joanne/bookros2_ws/install/joint_state_controller:/home/joanne/bookros2_ws/install/joint_trajectory_controller:/home/joanne/bookros2_ws/install/joint_state_broadcaster:/home/joanne/bookros2_ws/install/imu_sensor_broadcaster:/home/joanne/bookros2_ws/install/forward_command_controller:/home/joanne/bookros2_ws/install/diff_drive_controller:/home/joanne/bookros2_ws/install/controller_manager:/home/joanne/bookros2_ws/install/controller_interface:/home/joanne/bookros2_ws/install/hardware_interface:/home/joanne/bookros2_ws/install/urdf_test:/home/joanne/bookros2_ws/install/twist_mux:/home/joanne/bookros2_ws/install/ros2_control_test_assets:/home/joanne/bookros2_ws/install/launch_pal:/home/joanne/bookros2_ws/install/controller_manager_msgs:${AMENT_PREFIX_PATH} CMAKE_PREFIX_PATH=/home/joanne/bookros2_ws/install/pmb2_bringup:/home/joanne/bookros2_ws/install/tiago_controller_configuration:/home/joanne/bookros2_ws/install/pmb2_description:/home/joanne/bookros2_ws/install/pmb2_controller_configuration:/home/joanne/bookros2_ws/install/pal_gripper_controller_configuration:/home/joanne/bookros2_ws/install/position_controllers:/home/joanne/bookros2_ws/install/joint_state_controller:/home/joanne/bookros2_ws/install/joint_trajectory_controller:/home/joanne/bookros2_ws/install/joint_state_broadcaster:/home/joanne/bookros2_ws/install/imu_sensor_broadcaster:/home/joanne/bookros2_ws/install/forward_command_controller:/home/joanne/bookros2_ws/install/diff_drive_controller:/home/joanne/bookros2_ws/install/controller_manager:/home/joanne/bookros2_ws/install/controller_interface:/home/joanne/bookros2_ws/install/hardware_interface:/home/joanne/bookros2_ws/install/urdf_test:/home/joanne/bookros2_ws/install/twist_mux:/home/joanne/bookros2_ws/install/ros2_control_test_assets:/home/joanne/bookros2_ws/install/controller_manager_msgs:/opt/ros/foxy LD_LIBRARY_PATH=/home/joanne/bookros2_ws/install/position_controllers/lib:/home/joanne/bookros2_ws/install/joint_state_controller/lib:/home/joanne/bookros2_ws/install/joint_trajectory_controller/lib:/home/joanne/bookros2_ws/install/joint_state_broadcaster/lib:/home/joanne/bookros2_ws/install/imu_sensor_broadcaster/lib:/home/joanne/bookros2_ws/install/forward_command_controller/lib:/home/joanne/bookros2_ws/install/diff_drive_controller/lib:/home/joanne/bookros2_ws/install/controller_manager/lib:/home/joanne/bookros2_ws/install/controller_interface/lib:/home/joanne/bookros2_ws/install/hardware_interface/lib:/home/joanne/bookros2_ws/install/controller_manager_msgs/lib:${LD_LIBRARY_PATH} PYTHONPATH=/home/joanne/bookros2_ws/install/pmb2_description/lib/python3.8/site-packages:/home/joanne/bookros2_ws/install/controller_manager/lib/python3.8/site-packages:/home/joanne/bookros2_ws/install/urdf_test/lib/python3.8/site-packages:/home/joanne/bookros2_ws/build/launch_pal:/home/joanne/bookros2_ws/install/launch_pal/lib/python3.8/site-packages:/home/joanne/bookros2_ws/install/controller_manager_msgs/lib/python3.8/site-packages:${PYTHONPATH} /usr/bin/cmake --build /home/joanne/bookros2_ws/build/tiago_bringup -- -j8 -l8
[0.112s] Invoked command in '/home/joanne/bookros2_ws/build/tiago_bringup' returned '0': AMENT_PREFIX_PATH=/home/joanne/bookros2_ws/install/pmb2_bringup:/home/joanne/bookros2_ws/install/tiago_controller_configuration:/home/joanne/bookros2_ws/install/pmb2_description:/home/joanne/bookros2_ws/install/pmb2_controller_configuration:/home/joanne/bookros2_ws/install/pal_gripper_controller_configuration:/home/joanne/bookros2_ws/install/position_controllers:/home/joanne/bookros2_ws/install/joint_state_controller:/home/joanne/bookros2_ws/install/joint_trajectory_controller:/home/joanne/bookros2_ws/install/joint_state_broadcaster:/home/joanne/bookros2_ws/install/imu_sensor_broadcaster:/home/joanne/bookros2_ws/install/forward_command_controller:/home/joanne/bookros2_ws/install/diff_drive_controller:/home/joanne/bookros2_ws/install/controller_manager:/home/joanne/bookros2_ws/install/controller_interface:/home/joanne/bookros2_ws/install/hardware_interface:/home/joanne/bookros2_ws/install/urdf_test:/home/joanne/bookros2_ws/install/twist_mux:/home/joanne/bookros2_ws/install/ros2_control_test_assets:/home/joanne/bookros2_ws/install/launch_pal:/home/joanne/bookros2_ws/install/controller_manager_msgs:${AMENT_PREFIX_PATH} CMAKE_PREFIX_PATH=/home/joanne/bookros2_ws/install/pmb2_bringup:/home/joanne/bookros2_ws/install/tiago_controller_configuration:/home/joanne/bookros2_ws/install/pmb2_description:/home/joanne/bookros2_ws/install/pmb2_controller_configuration:/home/joanne/bookros2_ws/install/pal_gripper_controller_configuration:/home/joanne/bookros2_ws/install/position_controllers:/home/joanne/bookros2_ws/install/joint_state_controller:/home/joanne/bookros2_ws/install/joint_trajectory_controller:/home/joanne/bookros2_ws/install/joint_state_broadcaster:/home/joanne/bookros2_ws/install/imu_sensor_broadcaster:/home/joanne/bookros2_ws/install/forward_command_controller:/home/joanne/bookros2_ws/install/diff_drive_controller:/home/joanne/bookros2_ws/install/controller_manager:/home/joanne/bookros2_ws/install/controller_interface:/home/joanne/bookros2_ws/install/hardware_interface:/home/joanne/bookros2_ws/install/urdf_test:/home/joanne/bookros2_ws/install/twist_mux:/home/joanne/bookros2_ws/install/ros2_control_test_assets:/home/joanne/bookros2_ws/install/controller_manager_msgs:/opt/ros/foxy LD_LIBRARY_PATH=/home/joanne/bookros2_ws/install/position_controllers/lib:/home/joanne/bookros2_ws/install/joint_state_controller/lib:/home/joanne/bookros2_ws/install/joint_trajectory_controller/lib:/home/joanne/bookros2_ws/install/joint_state_broadcaster/lib:/home/joanne/bookros2_ws/install/imu_sensor_broadcaster/lib:/home/joanne/bookros2_ws/install/forward_command_controller/lib:/home/joanne/bookros2_ws/install/diff_drive_controller/lib:/home/joanne/bookros2_ws/install/controller_manager/lib:/home/joanne/bookros2_ws/install/controller_interface/lib:/home/joanne/bookros2_ws/install/hardware_interface/lib:/home/joanne/bookros2_ws/install/controller_manager_msgs/lib:${LD_LIBRARY_PATH} PYTHONPATH=/home/joanne/bookros2_ws/install/pmb2_description/lib/python3.8/site-packages:/home/joanne/bookros2_ws/install/controller_manager/lib/python3.8/site-packages:/home/joanne/bookros2_ws/install/urdf_test/lib/python3.8/site-packages:/home/joanne/bookros2_ws/build/launch_pal:/home/joanne/bookros2_ws/install/launch_pal/lib/python3.8/site-packages:/home/joanne/bookros2_ws/install/controller_manager_msgs/lib/python3.8/site-packages:${PYTHONPATH} /usr/bin/cmake --build /home/joanne/bookros2_ws/build/tiago_bringup -- -j8 -l8
[0.116s] Invoking command in '/home/joanne/bookros2_ws/build/tiago_bringup': AMENT_PREFIX_PATH=/home/joanne/bookros2_ws/install/pmb2_bringup:/home/joanne/bookros2_ws/install/tiago_controller_configuration:/home/joanne/bookros2_ws/install/pmb2_description:/home/joanne/bookros2_ws/install/pmb2_controller_configuration:/home/joanne/bookros2_ws/install/pal_gripper_controller_configuration:/home/joanne/bookros2_ws/install/position_controllers:/home/joanne/bookros2_ws/install/joint_state_controller:/home/joanne/bookros2_ws/install/joint_trajectory_controller:/home/joanne/bookros2_ws/install/joint_state_broadcaster:/home/joanne/bookros2_ws/install/imu_sensor_broadcaster:/home/joanne/bookros2_ws/install/forward_command_controller:/home/joanne/bookros2_ws/install/diff_drive_controller:/home/joanne/bookros2_ws/install/controller_manager:/home/joanne/bookros2_ws/install/controller_interface:/home/joanne/bookros2_ws/install/hardware_interface:/home/joanne/bookros2_ws/install/urdf_test:/home/joanne/bookros2_ws/install/twist_mux:/home/joanne/bookros2_ws/install/ros2_control_test_assets:/home/joanne/bookros2_ws/install/launch_pal:/home/joanne/bookros2_ws/install/controller_manager_msgs:${AMENT_PREFIX_PATH} CMAKE_PREFIX_PATH=/home/joanne/bookros2_ws/install/pmb2_bringup:/home/joanne/bookros2_ws/install/tiago_controller_configuration:/home/joanne/bookros2_ws/install/pmb2_description:/home/joanne/bookros2_ws/install/pmb2_controller_configuration:/home/joanne/bookros2_ws/install/pal_gripper_controller_configuration:/home/joanne/bookros2_ws/install/position_controllers:/home/joanne/bookros2_ws/install/joint_state_controller:/home/joanne/bookros2_ws/install/joint_trajectory_controller:/home/joanne/bookros2_ws/install/joint_state_broadcaster:/home/joanne/bookros2_ws/install/imu_sensor_broadcaster:/home/joanne/bookros2_ws/install/forward_command_controller:/home/joanne/bookros2_ws/install/diff_drive_controller:/home/joanne/bookros2_ws/install/controller_manager:/home/joanne/bookros2_ws/install/controller_interface:/home/joanne/bookros2_ws/install/hardware_interface:/home/joanne/bookros2_ws/install/urdf_test:/home/joanne/bookros2_ws/install/twist_mux:/home/joanne/bookros2_ws/install/ros2_control_test_assets:/home/joanne/bookros2_ws/install/controller_manager_msgs:/opt/ros/foxy LD_LIBRARY_PATH=/home/joanne/bookros2_ws/install/position_controllers/lib:/home/joanne/bookros2_ws/install/joint_state_controller/lib:/home/joanne/bookros2_ws/install/joint_trajectory_controller/lib:/home/joanne/bookros2_ws/install/joint_state_broadcaster/lib:/home/joanne/bookros2_ws/install/imu_sensor_broadcaster/lib:/home/joanne/bookros2_ws/install/forward_command_controller/lib:/home/joanne/bookros2_ws/install/diff_drive_controller/lib:/home/joanne/bookros2_ws/install/controller_manager/lib:/home/joanne/bookros2_ws/install/controller_interface/lib:/home/joanne/bookros2_ws/install/hardware_interface/lib:/home/joanne/bookros2_ws/install/controller_manager_msgs/lib:${LD_LIBRARY_PATH} PYTHONPATH=/home/joanne/bookros2_ws/install/pmb2_description/lib/python3.8/site-packages:/home/joanne/bookros2_ws/install/controller_manager/lib/python3.8/site-packages:/home/joanne/bookros2_ws/install/urdf_test/lib/python3.8/site-packages:/home/joanne/bookros2_ws/build/launch_pal:/home/joanne/bookros2_ws/install/launch_pal/lib/python3.8/site-packages:/home/joanne/bookros2_ws/install/controller_manager_msgs/lib/python3.8/site-packages:${PYTHONPATH} /usr/bin/cmake --install /home/joanne/bookros2_ws/build/tiago_bringup
[0.128s] -- Install configuration: ""
[0.129s] -- Execute custom install script
[0.131s] -- Up-to-date symlink: /home/joanne/bookros2_ws/install/tiago_bringup/share/tiago_bringup/config/approach_planner/approach_planner.yaml.em
[0.132s] -- Up-to-date symlink: /home/joanne/bookros2_ws/install/tiago_bringup/share/tiago_bringup/config/approach_planner/approach_planner_no-arm_no-end-effector_no-ft-sensor.yaml
[0.132s] -- Up-to-date symlink: /home/joanne/bookros2_ws/install/tiago_bringup/share/tiago_bringup/config/approach_planner/approach_planner_right-arm_custom_no-ft-sensor.yaml
[0.132s] -- Up-to-date symlink: /home/joanne/bookros2_ws/install/tiago_bringup/share/tiago_bringup/config/approach_planner/approach_planner_right-arm_custom_schunk-ft.yaml
[0.132s] -- Up-to-date symlink: /home/joanne/bookros2_ws/install/tiago_bringup/share/tiago_bringup/config/approach_planner/approach_planner_right-arm_pal-gripper_no-ft-sensor.yaml
[0.132s] -- Up-to-date symlink: /home/joanne/bookros2_ws/install/tiago_bringup/share/tiago_bringup/config/approach_planner/approach_planner_right-arm_pal-gripper_schunk-ft.yaml
[0.132s] -- Up-to-date symlink: /home/joanne/bookros2_ws/install/tiago_bringup/share/tiago_bringup/config/approach_planner/approach_planner_right-arm_pal-hey5_no-ft-sensor.yaml
[0.132s] -- Up-to-date symlink: /home/joanne/bookros2_ws/install/tiago_bringup/share/tiago_bringup/config/approach_planner/approach_planner_right-arm_pal-hey5_schunk-ft.yaml
[0.132s] -- Up-to-date symlink: /home/joanne/bookros2_ws/install/tiago_bringup/share/tiago_bringup/config/approach_planner/approach_planner_right-arm_schunk-wsg_no-ft-sensor.yaml
[0.133s] -- Up-to-date symlink: /home/joanne/bookros2_ws/install/tiago_bringup/share/tiago_bringup/config/approach_planner/approach_planner_right-arm_schunk-wsg_schunk-ft.yaml
[0.133s] -- Up-to-date symlink: /home/joanne/bookros2_ws/install/tiago_bringup/share/tiago_bringup/config/dynamic_footprint_arm.yaml
[0.133s] -- Up-to-date symlink: /home/joanne/bookros2_ws/install/tiago_bringup/share/tiago_bringup/config/dynamic_footprint_arm_pal-gripper.yaml
[0.133s] -- Up-to-date symlink: /home/joanne/bookros2_ws/install/tiago_bringup/share/tiago_bringup/config/dynamic_footprint_arm_pal-hey5.yaml
[0.133s] -- Up-to-date symlink: /home/joanne/bookros2_ws/install/tiago_bringup/share/tiago_bringup/config/dynamic_footprint_arm_schunk-wsg.yaml
[0.133s] -- Up-to-date symlink: /home/joanne/bookros2_ws/install/tiago_bringup/share/tiago_bringup/config/dynamic_footprint_no-arm.yaml
[0.133s] -- Up-to-date symlink: /home/joanne/bookros2_ws/install/tiago_bringup/share/tiago_bringup/config/dynamixel_head.yaml
[0.133s] -- Up-to-date symlink: /home/joanne/bookros2_ws/install/tiago_bringup/share/tiago_bringup/config/joy_teleop/joy_teleop.yaml.em
[0.134s] -- Up-to-date symlink: /home/joanne/bookros2_ws/install/tiago_bringup/share/tiago_bringup/config/joy_teleop/joy_teleop_custom.yaml
[0.134s] -- Up-to-date symlink: /home/joanne/bookros2_ws/install/tiago_bringup/share/tiago_bringup/config/joy_teleop/joy_teleop_custom_schunk-ft.yaml
[0.134s] -- Up-to-date symlink: /home/joanne/bookros2_ws/install/tiago_bringup/share/tiago_bringup/config/joy_teleop/joy_teleop_no-arm.yaml
[0.134s] -- Up-to-date symlink: /home/joanne/bookros2_ws/install/tiago_bringup/share/tiago_bringup/config/joy_teleop/joy_teleop_pal-gripper.yaml
[0.134s] -- Up-to-date symlink: /home/joanne/bookros2_ws/install/tiago_bringup/share/tiago_bringup/config/joy_teleop/joy_teleop_pal-gripper_schunk-ft.yaml
[0.134s] -- Up-to-date symlink: /home/joanne/bookros2_ws/install/tiago_bringup/share/tiago_bringup/config/joy_teleop/joy_teleop_pal-hey5.yaml
[0.134s] -- Up-to-date symlink: /home/joanne/bookros2_ws/install/tiago_bringup/share/tiago_bringup/config/joy_teleop/joy_teleop_pal-hey5_schunk-ft.yaml
[0.135s] -- Up-to-date symlink: /home/joanne/bookros2_ws/install/tiago_bringup/share/tiago_bringup/config/joy_teleop/joy_teleop_schunk-wsg.yaml
[0.135s] -- Up-to-date symlink: /home/joanne/bookros2_ws/install/tiago_bringup/share/tiago_bringup/config/joy_teleop/joy_teleop_schunk-wsg_schunk-ft.yaml
[0.135s] -- Up-to-date symlink: /home/joanne/bookros2_ws/install/tiago_bringup/share/tiago_bringup/config/motions/tiago_motions.yaml.em
[0.136s] -- Up-to-date symlink: /home/joanne/bookros2_ws/install/tiago_bringup/share/tiago_bringup/config/motions/tiago_motions_no-arm_no-end-effector_no-ft-sensor.yaml
[0.136s] -- Up-to-date symlink: /home/joanne/bookros2_ws/install/tiago_bringup/share/tiago_bringup/config/motions/tiago_motions_right-arm_custom_no-ft-sensor.yaml
[0.136s] -- Up-to-date symlink: /home/joanne/bookros2_ws/install/tiago_bringup/share/tiago_bringup/config/motions/tiago_motions_right-arm_custom_schunk-ft.yaml
[0.136s] -- Up-to-date symlink: /home/joanne/bookros2_ws/install/tiago_bringup/share/tiago_bringup/config/motions/tiago_motions_right-arm_pal-gripper_no-ft-sensor.yaml
[0.136s] -- Up-to-date symlink: /home/joanne/bookros2_ws/install/tiago_bringup/share/tiago_bringup/config/motions/tiago_motions_right-arm_pal-gripper_schunk-ft.yaml
[0.137s] -- Up-to-date symlink: /home/joanne/bookros2_ws/install/tiago_bringup/share/tiago_bringup/config/motions/tiago_motions_right-arm_pal-hey5_no-ft-sensor.yaml
[0.137s] -- Up-to-date symlink: /home/joanne/bookros2_ws/install/tiago_bringup/share/tiago_bringup/config/motions/tiago_motions_right-arm_pal-hey5_schunk-ft.yaml
[0.138s] -- Up-to-date symlink: /home/joanne/bookros2_ws/install/tiago_bringup/share/tiago_bringup/config/motions/tiago_motions_right-arm_schunk-wsg_no-ft-sensor.yaml
[0.139s] -- Up-to-date symlink: /home/joanne/bookros2_ws/install/tiago_bringup/share/tiago_bringup/config/motions/tiago_motions_right-arm_schunk-wsg_schunk-ft.yaml
[0.140s] -- Up-to-date symlink: /home/joanne/bookros2_ws/install/tiago_bringup/share/tiago_bringup/config/sensor_to_cloud/sonar_to_cloud.yaml
[0.140s] -- Up-to-date symlink: /home/joanne/bookros2_ws/install/tiago_bringup/share/tiago_bringup/config/tiago.rviz
[0.140s] -- Up-to-date symlink: /home/joanne/bookros2_ws/install/tiago_bringup/share/tiago_bringup/config/tiago_hardware/tiago_hardware.yaml.em
[0.140s] -- Up-to-date symlink: /home/joanne/bookros2_ws/install/tiago_bringup/share/tiago_bringup/config/tiago_hardware/tiago_hardware_custom.yaml
[0.140s] -- Up-to-date symlink: /home/joanne/bookros2_ws/install/tiago_bringup/share/tiago_bringup/config/tiago_hardware/tiago_hardware_custom_schunk-ft.yaml
[0.140s] -- Up-to-date symlink: /home/joanne/bookros2_ws/install/tiago_bringup/share/tiago_bringup/config/tiago_hardware/tiago_hardware_no-arm.yaml
[0.140s] -- Up-to-date symlink: /home/joanne/bookros2_ws/install/tiago_bringup/share/tiago_bringup/config/tiago_hardware/tiago_hardware_pal-gripper.yaml
[0.140s] -- Up-to-date symlink: /home/joanne/bookros2_ws/install/tiago_bringup/share/tiago_bringup/config/tiago_hardware/tiago_hardware_pal-gripper_schunk-ft.yaml
[0.140s] -- Up-to-date symlink: /home/joanne/bookros2_ws/install/tiago_bringup/share/tiago_bringup/config/tiago_hardware/tiago_hardware_pal-hey5.yaml
[0.140s] -- Up-to-date symlink: /home/joanne/bookros2_ws/install/tiago_bringup/share/tiago_bringup/config/tiago_hardware/tiago_hardware_pal-hey5_schunk-ft.yaml
[0.140s] -- Up-to-date symlink: /home/joanne/bookros2_ws/install/tiago_bringup/share/tiago_bringup/config/tiago_hardware/tiago_hardware_schunk-wsg.yaml
[0.140s] -- Up-to-date symlink: /home/joanne/bookros2_ws/install/tiago_bringup/share/tiago_bringup/config/tiago_hardware/tiago_hardware_schunk-wsg_schunk-ft.yaml
[0.140s] -- Up-to-date symlink: /home/joanne/bookros2_ws/install/tiago_bringup/share/tiago_bringup/config/tiago_soften_values.yaml
[0.140s] -- Up-to-date symlink: /home/joanne/bookros2_ws/install/tiago_bringup/share/tiago_bringup/config/twist_mux/joystick.yaml
[0.141s] -- Up-to-date symlink: /home/joanne/bookros2_ws/install/tiago_bringup/share/tiago_bringup/config/twist_mux/twist_mux_locks.yaml
[0.141s] -- Up-to-date symlink: /home/joanne/bookros2_ws/install/tiago_bringup/share/tiago_bringup/config/twist_mux/twist_mux_topics.yaml
[0.141s] -- Up-to-date symlink: /home/joanne/bookros2_ws/install/tiago_bringup/share/tiago_bringup/launch/dynamic_footprint.launch
[0.141s] -- Up-to-date symlink: /home/joanne/bookros2_ws/install/tiago_bringup/share/tiago_bringup/launch/dynamixel_node.launch
[0.141s] -- Up-to-date symlink: /home/joanne/bookros2_ws/install/tiago_bringup/share/tiago_bringup/launch/end_effector_camera.launch
[0.141s] -- Up-to-date symlink: /home/joanne/bookros2_ws/install/tiago_bringup/share/tiago_bringup/launch/head_xtion.launch
[0.141s] -- Up-to-date symlink: /home/joanne/bookros2_ws/install/tiago_bringup/share/tiago_bringup/launch/joystick_teleop.launch
[0.142s] -- Up-to-date symlink: /home/joanne/bookros2_ws/install/tiago_bringup/share/tiago_bringup/launch/joystick_teleop.launch.py
[0.142s] -- Up-to-date symlink: /home/joanne/bookros2_ws/install/tiago_bringup/share/tiago_bringup/launch/look_to_link.launch
[0.142s] -- Up-to-date symlink: /home/joanne/bookros2_ws/install/tiago_bringup/share/tiago_bringup/launch/marker_detector.launch
[0.142s] -- Up-to-date symlink: /home/joanne/bookros2_ws/install/tiago_bringup/share/tiago_bringup/launch/play_motion.launch
[0.143s] -- Up-to-date symlink: /home/joanne/bookros2_ws/install/tiago_bringup/share/tiago_bringup/launch/play_motion.launch.py
[0.143s] -- Up-to-date symlink: /home/joanne/bookros2_ws/install/tiago_bringup/share/tiago_bringup/launch/soften_on_effort.launch
[0.143s] -- Up-to-date symlink: /home/joanne/bookros2_ws/install/tiago_bringup/share/tiago_bringup/launch/tiago.launch
[0.143s] -- Up-to-date symlink: /home/joanne/bookros2_ws/install/tiago_bringup/share/tiago_bringup/launch/tiago_bringup.launch
[0.143s] -- Up-to-date symlink: /home/joanne/bookros2_ws/install/tiago_bringup/share/tiago_bringup/launch/tiago_bringup.launch.py
[0.143s] -- Up-to-date symlink: /home/joanne/bookros2_ws/install/tiago_bringup/share/tiago_bringup/launch/tiago_camera.launch
[0.144s] -- Up-to-date symlink: /home/joanne/bookros2_ws/install/tiago_bringup/share/tiago_bringup/launch/twist_mux.launch
[0.144s] -- Up-to-date symlink: /home/joanne/bookros2_ws/install/tiago_bringup/share/tiago_bringup/launch/twist_mux.launch.py
[0.144s] -- Up-to-date symlink: /home/joanne/bookros2_ws/install/tiago_bringup/share/ament_index/resource_index/package_run_dependencies/tiago_bringup
[0.144s] -- Up-to-date symlink: /home/joanne/bookros2_ws/install/tiago_bringup/share/ament_index/resource_index/parent_prefix_path/tiago_bringup
[0.144s] -- Up-to-date symlink: /home/joanne/bookros2_ws/install/tiago_bringup/share/tiago_bringup/environment/ament_prefix_path.sh
[0.144s] -- Up-to-date symlink: /home/joanne/bookros2_ws/install/tiago_bringup/share/tiago_bringup/environment/ament_prefix_path.dsv
[0.145s] -- Up-to-date symlink: /home/joanne/bookros2_ws/install/tiago_bringup/share/tiago_bringup/environment/path.sh
[0.145s] -- Up-to-date symlink: /home/joanne/bookros2_ws/install/tiago_bringup/share/tiago_bringup/environment/path.dsv
[0.145s] -- Up-to-date symlink: /home/joanne/bookros2_ws/install/tiago_bringup/share/tiago_bringup/local_setup.bash
[0.146s] -- Up-to-date symlink: /home/joanne/bookros2_ws/install/tiago_bringup/share/tiago_bringup/local_setup.sh
[0.146s] -- Up-to-date symlink: /home/joanne/bookros2_ws/install/tiago_bringup/share/tiago_bringup/local_setup.zsh
[0.147s] -- Up-to-date symlink: /home/joanne/bookros2_ws/install/tiago_bringup/share/tiago_bringup/local_setup.dsv
[0.147s] -- Symlinking: /home/joanne/bookros2_ws/install/tiago_bringup/share/tiago_bringup/package.dsv
[0.158s] -- Up-to-date symlink: /home/joanne/bookros2_ws/install/tiago_bringup/share/ament_index/resource_index/packages/tiago_bringup
[0.159s] -- Up-to-date symlink: /home/joanne/bookros2_ws/install/tiago_bringup/share/tiago_bringup/cmake/tiago_bringupConfig.cmake
[0.159s] -- Up-to-date symlink: /home/joanne/bookros2_ws/install/tiago_bringup/share/tiago_bringup/cmake/tiago_bringupConfig-version.cmake
[0.159s] -- Up-to-date symlink: /home/joanne/bookros2_ws/install/tiago_bringup/share/tiago_bringup/package.xml
[0.161s] Invoked command in '/home/joanne/bookros2_ws/build/tiago_bringup' returned '0': AMENT_PREFIX_PATH=/home/joanne/bookros2_ws/install/pmb2_bringup:/home/joanne/bookros2_ws/install/tiago_controller_configuration:/home/joanne/bookros2_ws/install/pmb2_description:/home/joanne/bookros2_ws/install/pmb2_controller_configuration:/home/joanne/bookros2_ws/install/pal_gripper_controller_configuration:/home/joanne/bookros2_ws/install/position_controllers:/home/joanne/bookros2_ws/install/joint_state_controller:/home/joanne/bookros2_ws/install/joint_trajectory_controller:/home/joanne/bookros2_ws/install/joint_state_broadcaster:/home/joanne/bookros2_ws/install/imu_sensor_broadcaster:/home/joanne/bookros2_ws/install/forward_command_controller:/home/joanne/bookros2_ws/install/diff_drive_controller:/home/joanne/bookros2_ws/install/controller_manager:/home/joanne/bookros2_ws/install/controller_interface:/home/joanne/bookros2_ws/install/hardware_interface:/home/joanne/bookros2_ws/install/urdf_test:/home/joanne/bookros2_ws/install/twist_mux:/home/joanne/bookros2_ws/install/ros2_control_test_assets:/home/joanne/bookros2_ws/install/launch_pal:/home/joanne/bookros2_ws/install/controller_manager_msgs:${AMENT_PREFIX_PATH} CMAKE_PREFIX_PATH=/home/joanne/bookros2_ws/install/pmb2_bringup:/home/joanne/bookros2_ws/install/tiago_controller_configuration:/home/joanne/bookros2_ws/install/pmb2_description:/home/joanne/bookros2_ws/install/pmb2_controller_configuration:/home/joanne/bookros2_ws/install/pal_gripper_controller_configuration:/home/joanne/bookros2_ws/install/position_controllers:/home/joanne/bookros2_ws/install/joint_state_controller:/home/joanne/bookros2_ws/install/joint_trajectory_controller:/home/joanne/bookros2_ws/install/joint_state_broadcaster:/home/joanne/bookros2_ws/install/imu_sensor_broadcaster:/home/joanne/bookros2_ws/install/forward_command_controller:/home/joanne/bookros2_ws/install/diff_drive_controller:/home/joanne/bookros2_ws/install/controller_manager:/home/joanne/bookros2_ws/install/controller_interface:/home/joanne/bookros2_ws/install/hardware_interface:/home/joanne/bookros2_ws/install/urdf_test:/home/joanne/bookros2_ws/install/twist_mux:/home/joanne/bookros2_ws/install/ros2_control_test_assets:/home/joanne/bookros2_ws/install/controller_manager_msgs:/opt/ros/foxy LD_LIBRARY_PATH=/home/joanne/bookros2_ws/install/position_controllers/lib:/home/joanne/bookros2_ws/install/joint_state_controller/lib:/home/joanne/bookros2_ws/install/joint_trajectory_controller/lib:/home/joanne/bookros2_ws/install/joint_state_broadcaster/lib:/home/joanne/bookros2_ws/install/imu_sensor_broadcaster/lib:/home/joanne/bookros2_ws/install/forward_command_controller/lib:/home/joanne/bookros2_ws/install/diff_drive_controller/lib:/home/joanne/bookros2_ws/install/controller_manager/lib:/home/joanne/bookros2_ws/install/controller_interface/lib:/home/joanne/bookros2_ws/install/hardware_interface/lib:/home/joanne/bookros2_ws/install/controller_manager_msgs/lib:${LD_LIBRARY_PATH} PYTHONPATH=/home/joanne/bookros2_ws/install/pmb2_description/lib/python3.8/site-packages:/home/joanne/bookros2_ws/install/controller_manager/lib/python3.8/site-packages:/home/joanne/bookros2_ws/install/urdf_test/lib/python3.8/site-packages:/home/joanne/bookros2_ws/build/launch_pal:/home/joanne/bookros2_ws/install/launch_pal/lib/python3.8/site-packages:/home/joanne/bookros2_ws/install/controller_manager_msgs/lib/python3.8/site-packages:${PYTHONPATH} /usr/bin/cmake --install /home/joanne/bookros2_ws/build/tiago_bringup
