[0.404s] Invoking command in '/home/joanne/bookros2_ws/build/controller_manager_msgs': CMAKE_PREFIX_PATH=${CMAKE_PREFIX_PATH}:/home/joanne/bookros2_ws/install/ros2controlcli:/home/joanne/bookros2_ws/install/launch_pal:/home/joanne/bookros2_ws/install/br2_fsm_bumpgo_py:/opt/ros/foxy /usr/bin/cmake --build /home/joanne/bookros2_ws/build/controller_manager_msgs -- -j8 -l8
[2.042s] [ 12%] Built target controller_manager_msgs__rosidl_generator_c
[2.045s] [ 12%] Built target controller_manager_msgs__cpp
[2.049s] [ 24%] Built target controller_manager_msgs__rosidl_typesupport_c
[2.051s] [ 36%] Built target controller_manager_msgs__rosidl_typesupport_introspection_cpp
[2.053s] [ 48%] Built target controller_manager_msgs__rosidl_typesupport_fastrtps_cpp
[2.085s] [ 60%] Built target controller_manager_msgs__rosidl_typesupport_cpp
[2.521s] [ 72%] Built target controller_manager_msgs__rosidl_typesupport_fastrtps_c
[2.921s] [ 84%] Built target controller_manager_msgs__rosidl_typesupport_introspection_c
[3.055s] [ 84%] Built target controller_manager_msgs
[3.174s] [ 85%] Built target controller_manager_msgs__py
[3.344s] [ 96%] Built target controller_manager_msgs__python
[3.631s] [ 97%] Built target controller_manager_msgs__rosidl_typesupport_c__pyext
[3.850s] [ 98%] Built target controller_manager_msgs__rosidl_typesupport_fastrtps_c__pyext
[4.079s] [100%] Built target controller_manager_msgs__rosidl_typesupport_introspection_c__pyext
[4.335s] Invoked command in '/home/joanne/bookros2_ws/build/controller_manager_msgs' returned '0': CMAKE_PREFIX_PATH=${CMAKE_PREFIX_PATH}:/home/joanne/bookros2_ws/install/ros2controlcli:/home/joanne/bookros2_ws/install/launch_pal:/home/joanne/bookros2_ws/install/br2_fsm_bumpgo_py:/opt/ros/foxy /usr/bin/cmake --build /home/joanne/bookros2_ws/build/controller_manager_msgs -- -j8 -l8
[4.345s] Invoking command in '/home/joanne/bookros2_ws/build/controller_manager_msgs': CMAKE_PREFIX_PATH=${CMAKE_PREFIX_PATH}:/home/joanne/bookros2_ws/install/ros2controlcli:/home/joanne/bookros2_ws/install/launch_pal:/home/joanne/bookros2_ws/install/br2_fsm_bumpgo_py:/opt/ros/foxy /usr/bin/cmake --install /home/joanne/bookros2_ws/build/controller_manager_msgs
[4.533s] -- Install configuration: ""
[4.533s] -- Execute custom install script
[4.534s] -- Up-to-date symlink: /home/joanne/bookros2_ws/install/controller_manager_msgs/share/ament_index/resource_index/rosidl_interfaces/controller_manager_msgs
[4.534s] -- Up-to-date symlink: /home/joanne/bookros2_ws/install/controller_manager_msgs/include/controller_manager_msgs/msg/controller_state.h
[4.534s] -- Up-to-date symlink: /home/joanne/bookros2_ws/install/controller_manager_msgs/include/controller_manager_msgs/msg/detail/controller_state__functions.h
[4.542s] -- Up-to-date symlink: /home/joanne/bookros2_ws/install/controller_manager_msgs/include/controller_manager_msgs/msg/detail/controller_state__struct.h
[4.542s] -- Up-to-date symlink: /home/joanne/bookros2_ws/install/controller_manager_msgs/include/controller_manager_msgs/msg/detail/controller_state__type_support.h
[4.543s] -- Up-to-date symlink: /home/joanne/bookros2_ws/install/controller_manager_msgs/include/controller_manager_msgs/msg/detail/hardware_interface__functions.h
[4.548s] -- Up-to-date symlink: /home/joanne/bookros2_ws/install/controller_manager_msgs/include/controller_manager_msgs/msg/detail/hardware_interface__struct.h
[4.548s] -- Up-to-date symlink: /home/joanne/bookros2_ws/install/controller_manager_msgs/include/controller_manager_msgs/msg/detail/hardware_interface__type_support.h
[4.565s] -- Up-to-date symlink: /home/joanne/bookros2_ws/install/controller_manager_msgs/include/controller_manager_msgs/msg/hardware_interface.h
[4.587s] -- Up-to-date symlink: /home/joanne/bookros2_ws/install/controller_manager_msgs/include/controller_manager_msgs/msg/rosidl_generator_c__visibility_control.h
[4.587s] -- Up-to-date symlink: /home/joanne/bookros2_ws/install/controller_manager_msgs/include/controller_manager_msgs/srv/configure_controller.h
[4.587s] -- Up-to-date symlink: /home/joanne/bookros2_ws/install/controller_manager_msgs/include/controller_manager_msgs/srv/configure_start_controller.h
[4.595s] -- Up-to-date symlink: /home/joanne/bookros2_ws/install/controller_manager_msgs/include/controller_manager_msgs/srv/detail/configure_controller__functions.h
[4.595s] -- Up-to-date symlink: /home/joanne/bookros2_ws/install/controller_manager_msgs/include/controller_manager_msgs/srv/detail/configure_controller__struct.h
[4.624s] -- Up-to-date symlink: /home/joanne/bookros2_ws/install/controller_manager_msgs/include/controller_manager_msgs/srv/detail/configure_controller__type_support.h
[4.624s] -- Up-to-date symlink: /home/joanne/bookros2_ws/install/controller_manager_msgs/include/controller_manager_msgs/srv/detail/configure_start_controller__functions.h
[4.624s] -- Up-to-date symlink: /home/joanne/bookros2_ws/install/controller_manager_msgs/include/controller_manager_msgs/srv/detail/configure_start_controller__struct.h
[4.625s] -- Up-to-date symlink: /home/joanne/bookros2_ws/install/controller_manager_msgs/include/controller_manager_msgs/srv/detail/configure_start_controller__type_support.h
[4.625s] -- Up-to-date symlink: /home/joanne/bookros2_ws/install/controller_manager_msgs/include/controller_manager_msgs/srv/detail/list_controller_types__functions.h
[4.625s] -- Up-to-date symlink: /home/joanne/bookros2_ws/install/controller_manager_msgs/include/controller_manager_msgs/srv/detail/list_controller_types__struct.h
[4.625s] -- Up-to-date symlink: /home/joanne/bookros2_ws/install/controller_manager_msgs/include/controller_manager_msgs/srv/detail/list_controller_types__type_support.h
[4.643s] -- Up-to-date symlink: /home/joanne/bookros2_ws/install/controller_manager_msgs/include/controller_manager_msgs/srv/detail/list_controllers__functions.h
[4.644s] -- Up-to-date symlink: /home/joanne/bookros2_ws/install/controller_manager_msgs/include/controller_manager_msgs/srv/detail/list_controllers__struct.h
[4.652s] -- Up-to-date symlink: /home/joanne/bookros2_ws/install/controller_manager_msgs/include/controller_manager_msgs/srv/detail/list_controllers__type_support.h
[4.653s] -- Up-to-date symlink: /home/joanne/bookros2_ws/install/controller_manager_msgs/include/controller_manager_msgs/srv/detail/list_hardware_interfaces__functions.h
[4.653s] -- Up-to-date symlink: /home/joanne/bookros2_ws/install/controller_manager_msgs/include/controller_manager_msgs/srv/detail/list_hardware_interfaces__struct.h
[4.654s] -- Up-to-date symlink: /home/joanne/bookros2_ws/install/controller_manager_msgs/include/controller_manager_msgs/srv/detail/list_hardware_interfaces__type_support.h
[4.669s] -- Up-to-date symlink: /home/joanne/bookros2_ws/install/controller_manager_msgs/include/controller_manager_msgs/srv/detail/load_configure_controller__functions.h
[4.669s] -- Up-to-date symlink: /home/joanne/bookros2_ws/install/controller_manager_msgs/include/controller_manager_msgs/srv/detail/load_configure_controller__struct.h
[4.676s] -- Up-to-date symlink: /home/joanne/bookros2_ws/install/controller_manager_msgs/include/controller_manager_msgs/srv/detail/load_configure_controller__type_support.h
[4.690s] -- Up-to-date symlink: /home/joanne/bookros2_ws/install/controller_manager_msgs/include/controller_manager_msgs/srv/detail/load_controller__functions.h
[4.707s] -- Up-to-date symlink: /home/joanne/bookros2_ws/install/controller_manager_msgs/include/controller_manager_msgs/srv/detail/load_controller__struct.h
[4.707s] -- Up-to-date symlink: /home/joanne/bookros2_ws/install/controller_manager_msgs/include/controller_manager_msgs/srv/detail/load_controller__type_support.h
[4.707s] -- Up-to-date symlink: /home/joanne/bookros2_ws/install/controller_manager_msgs/include/controller_manager_msgs/srv/detail/load_start_controller__functions.h
[4.707s] -- Up-to-date symlink: /home/joanne/bookros2_ws/install/controller_manager_msgs/include/controller_manager_msgs/srv/detail/load_start_controller__struct.h
[4.707s] -- Up-to-date symlink: /home/joanne/bookros2_ws/install/controller_manager_msgs/include/controller_manager_msgs/srv/detail/load_start_controller__type_support.h
[4.708s] -- Up-to-date symlink: /home/joanne/bookros2_ws/install/controller_manager_msgs/include/controller_manager_msgs/srv/detail/reload_controller_libraries__functions.h
[4.708s] -- Up-to-date symlink: /home/joanne/bookros2_ws/install/controller_manager_msgs/include/controller_manager_msgs/srv/detail/reload_controller_libraries__struct.h
[4.708s] -- Up-to-date symlink: /home/joanne/bookros2_ws/install/controller_manager_msgs/include/controller_manager_msgs/srv/detail/reload_controller_libraries__type_support.h
[4.708s] -- Up-to-date symlink: /home/joanne/bookros2_ws/install/controller_manager_msgs/include/controller_manager_msgs/srv/detail/switch_controller__functions.h
[4.750s] -- Up-to-date symlink: /home/joanne/bookros2_ws/install/controller_manager_msgs/include/controller_manager_msgs/srv/detail/switch_controller__struct.h
[4.750s] -- Up-to-date symlink: /home/joanne/bookros2_ws/install/controller_manager_msgs/include/controller_manager_msgs/srv/detail/switch_controller__type_support.h
[4.750s] -- Up-to-date symlink: /home/joanne/bookros2_ws/install/controller_manager_msgs/include/controller_manager_msgs/srv/detail/unload_controller__functions.h
[4.750s] -- Up-to-date symlink: /home/joanne/bookros2_ws/install/controller_manager_msgs/include/controller_manager_msgs/srv/detail/unload_controller__struct.h
[4.751s] -- Up-to-date symlink: /home/joanne/bookros2_ws/install/controller_manager_msgs/include/controller_manager_msgs/srv/detail/unload_controller__type_support.h
[4.751s] -- Up-to-date symlink: /home/joanne/bookros2_ws/install/controller_manager_msgs/include/controller_manager_msgs/srv/list_controller_types.h
[4.751s] -- Up-to-date symlink: /home/joanne/bookros2_ws/install/controller_manager_msgs/include/controller_manager_msgs/srv/list_controllers.h
[4.751s] -- Up-to-date symlink: /home/joanne/bookros2_ws/install/controller_manager_msgs/include/controller_manager_msgs/srv/list_hardware_interfaces.h
[4.756s] -- Up-to-date symlink: /home/joanne/bookros2_ws/install/controller_manager_msgs/include/controller_manager_msgs/srv/load_configure_controller.h
[4.756s] -- Up-to-date symlink: /home/joanne/bookros2_ws/install/controller_manager_msgs/include/controller_manager_msgs/srv/load_controller.h
[4.757s] -- Up-to-date symlink: /home/joanne/bookros2_ws/install/controller_manager_msgs/include/controller_manager_msgs/srv/load_start_controller.h
[4.758s] -- Up-to-date symlink: /home/joanne/bookros2_ws/install/controller_manager_msgs/include/controller_manager_msgs/srv/reload_controller_libraries.h
[4.760s] -- Up-to-date symlink: /home/joanne/bookros2_ws/install/controller_manager_msgs/include/controller_manager_msgs/srv/switch_controller.h
[4.760s] -- Up-to-date symlink: /home/joanne/bookros2_ws/install/controller_manager_msgs/include/controller_manager_msgs/srv/unload_controller.h
[4.787s] -- Up-to-date symlink: /home/joanne/bookros2_ws/install/controller_manager_msgs/share/controller_manager_msgs/environment/library_path.sh
[4.787s] -- Up-to-date symlink: /home/joanne/bookros2_ws/install/controller_manager_msgs/share/controller_manager_msgs/environment/library_path.dsv
[4.792s] -- Up-to-date symlink: /home/joanne/bookros2_ws/install/controller_manager_msgs/include/controller_manager_msgs/msg/detail/controller_state__rosidl_typesupport_fastrtps_c.h
[4.793s] -- Up-to-date symlink: /home/joanne/bookros2_ws/install/controller_manager_msgs/include/controller_manager_msgs/msg/detail/hardware_interface__rosidl_typesupport_fastrtps_c.h
[4.827s] -- Up-to-date symlink: /home/joanne/bookros2_ws/install/controller_manager_msgs/include/controller_manager_msgs/msg/rosidl_typesupport_fastrtps_c__visibility_control.h
[4.829s] -- Up-to-date symlink: /home/joanne/bookros2_ws/install/controller_manager_msgs/include/controller_manager_msgs/srv/detail/configure_controller__rosidl_typesupport_fastrtps_c.h
[4.837s] -- Up-to-date symlink: /home/joanne/bookros2_ws/install/controller_manager_msgs/include/controller_manager_msgs/srv/detail/configure_start_controller__rosidl_typesupport_fastrtps_c.h
[4.840s] -- Up-to-date symlink: /home/joanne/bookros2_ws/install/controller_manager_msgs/include/controller_manager_msgs/srv/detail/list_controller_types__rosidl_typesupport_fastrtps_c.h
[4.842s] -- Up-to-date symlink: /home/joanne/bookros2_ws/install/controller_manager_msgs/include/controller_manager_msgs/srv/detail/list_controllers__rosidl_typesupport_fastrtps_c.h
[4.843s] -- Up-to-date symlink: /home/joanne/bookros2_ws/install/controller_manager_msgs/include/controller_manager_msgs/srv/detail/list_hardware_interfaces__rosidl_typesupport_fastrtps_c.h
[4.844s] -- Up-to-date symlink: /home/joanne/bookros2_ws/install/controller_manager_msgs/include/controller_manager_msgs/srv/detail/load_configure_controller__rosidl_typesupport_fastrtps_c.h
[4.844s] -- Up-to-date symlink: /home/joanne/bookros2_ws/install/controller_manager_msgs/include/controller_manager_msgs/srv/detail/load_controller__rosidl_typesupport_fastrtps_c.h
[4.844s] -- Up-to-date symlink: /home/joanne/bookros2_ws/install/controller_manager_msgs/include/controller_manager_msgs/srv/detail/load_start_controller__rosidl_typesupport_fastrtps_c.h
[4.844s] -- Up-to-date symlink: /home/joanne/bookros2_ws/install/controller_manager_msgs/include/controller_manager_msgs/srv/detail/reload_controller_libraries__rosidl_typesupport_fastrtps_c.h
[4.844s] -- Up-to-date symlink: /home/joanne/bookros2_ws/install/controller_manager_msgs/include/controller_manager_msgs/srv/detail/switch_controller__rosidl_typesupport_fastrtps_c.h
[4.859s] -- Up-to-date symlink: /home/joanne/bookros2_ws/install/controller_manager_msgs/include/controller_manager_msgs/srv/detail/unload_controller__rosidl_typesupport_fastrtps_c.h
[4.880s] -- Up-to-date symlink: /home/joanne/bookros2_ws/install/controller_manager_msgs/lib/libcontroller_manager_msgs__rosidl_typesupport_fastrtps_c.so
[4.946s] -- Up-to-date symlink: /home/joanne/bookros2_ws/install/controller_manager_msgs/include/controller_manager_msgs/msg/detail/controller_state__rosidl_typesupport_fastrtps_cpp.hpp
[4.946s] -- Up-to-date symlink: /home/joanne/bookros2_ws/install/controller_manager_msgs/include/controller_manager_msgs/msg/detail/hardware_interface__rosidl_typesupport_fastrtps_cpp.hpp
[4.947s] -- Up-to-date symlink: /home/joanne/bookros2_ws/install/controller_manager_msgs/include/controller_manager_msgs/msg/rosidl_typesupport_fastrtps_cpp__visibility_control.h
[4.947s] -- Up-to-date symlink: /home/joanne/bookros2_ws/install/controller_manager_msgs/include/controller_manager_msgs/srv/detail/configure_controller__rosidl_typesupport_fastrtps_cpp.hpp
[4.947s] -- Up-to-date symlink: /home/joanne/bookros2_ws/install/controller_manager_msgs/include/controller_manager_msgs/srv/detail/configure_start_controller__rosidl_typesupport_fastrtps_cpp.hpp
[4.947s] -- Up-to-date symlink: /home/joanne/bookros2_ws/install/controller_manager_msgs/include/controller_manager_msgs/srv/detail/list_controller_types__rosidl_typesupport_fastrtps_cpp.hpp
[4.948s] -- Up-to-date symlink: /home/joanne/bookros2_ws/install/controller_manager_msgs/include/controller_manager_msgs/srv/detail/list_controllers__rosidl_typesupport_fastrtps_cpp.hpp
[4.948s] -- Up-to-date symlink: /home/joanne/bookros2_ws/install/controller_manager_msgs/include/controller_manager_msgs/srv/detail/list_hardware_interfaces__rosidl_typesupport_fastrtps_cpp.hpp
[4.953s] -- Up-to-date symlink: /home/joanne/bookros2_ws/install/controller_manager_msgs/include/controller_manager_msgs/srv/detail/load_configure_controller__rosidl_typesupport_fastrtps_cpp.hpp
[4.956s] -- Up-to-date symlink: /home/joanne/bookros2_ws/install/controller_manager_msgs/include/controller_manager_msgs/srv/detail/load_controller__rosidl_typesupport_fastrtps_cpp.hpp
[4.972s] -- Up-to-date symlink: /home/joanne/bookros2_ws/install/controller_manager_msgs/include/controller_manager_msgs/srv/detail/load_start_controller__rosidl_typesupport_fastrtps_cpp.hpp
[4.973s] -- Up-to-date symlink: /home/joanne/bookros2_ws/install/controller_manager_msgs/include/controller_manager_msgs/srv/detail/reload_controller_libraries__rosidl_typesupport_fastrtps_cpp.hpp
[4.973s] -- Up-to-date symlink: /home/joanne/bookros2_ws/install/controller_manager_msgs/include/controller_manager_msgs/srv/detail/switch_controller__rosidl_typesupport_fastrtps_cpp.hpp
[4.973s] -- Up-to-date symlink: /home/joanne/bookros2_ws/install/controller_manager_msgs/include/controller_manager_msgs/srv/detail/unload_controller__rosidl_typesupport_fastrtps_cpp.hpp
[4.973s] -- Up-to-date symlink: /home/joanne/bookros2_ws/install/controller_manager_msgs/lib/libcontroller_manager_msgs__rosidl_typesupport_fastrtps_cpp.so
[4.975s] -- Up-to-date symlink: /home/joanne/bookros2_ws/install/controller_manager_msgs/include/controller_manager_msgs/msg/detail/controller_state__rosidl_typesupport_introspection_c.h
[4.975s] -- Up-to-date symlink: /home/joanne/bookros2_ws/install/controller_manager_msgs/include/controller_manager_msgs/msg/detail/hardware_interface__rosidl_typesupport_introspection_c.h
[4.975s] -- Up-to-date symlink: /home/joanne/bookros2_ws/install/controller_manager_msgs/include/controller_manager_msgs/msg/rosidl_typesupport_introspection_c__visibility_control.h
[4.975s] -- Up-to-date symlink: /home/joanne/bookros2_ws/install/controller_manager_msgs/include/controller_manager_msgs/srv/detail/configure_controller__rosidl_typesupport_introspection_c.h
[4.975s] -- Up-to-date symlink: /home/joanne/bookros2_ws/install/controller_manager_msgs/include/controller_manager_msgs/srv/detail/configure_start_controller__rosidl_typesupport_introspection_c.h
[4.976s] -- Up-to-date symlink: /home/joanne/bookros2_ws/install/controller_manager_msgs/include/controller_manager_msgs/srv/detail/list_controller_types__rosidl_typesupport_introspection_c.h
[4.976s] -- Up-to-date symlink: /home/joanne/bookros2_ws/install/controller_manager_msgs/include/controller_manager_msgs/srv/detail/list_controllers__rosidl_typesupport_introspection_c.h
[4.976s] -- Up-to-date symlink: /home/joanne/bookros2_ws/install/controller_manager_msgs/include/controller_manager_msgs/srv/detail/list_hardware_interfaces__rosidl_typesupport_introspection_c.h
[4.976s] -- Up-to-date symlink: /home/joanne/bookros2_ws/install/controller_manager_msgs/include/controller_manager_msgs/srv/detail/load_configure_controller__rosidl_typesupport_introspection_c.h
[4.976s] -- Up-to-date symlink: /home/joanne/bookros2_ws/install/controller_manager_msgs/include/controller_manager_msgs/srv/detail/load_controller__rosidl_typesupport_introspection_c.h
[4.977s] -- Up-to-date symlink: /home/joanne/bookros2_ws/install/controller_manager_msgs/include/controller_manager_msgs/srv/detail/load_start_controller__rosidl_typesupport_introspection_c.h
[4.977s] -- Up-to-date symlink: /home/joanne/bookros2_ws/install/controller_manager_msgs/include/controller_manager_msgs/srv/detail/reload_controller_libraries__rosidl_typesupport_introspection_c.h
[4.977s] -- Up-to-date symlink: /home/joanne/bookros2_ws/install/controller_manager_msgs/include/controller_manager_msgs/srv/detail/switch_controller__rosidl_typesupport_introspection_c.h
[4.977s] -- Up-to-date symlink: /home/joanne/bookros2_ws/install/controller_manager_msgs/include/controller_manager_msgs/srv/detail/unload_controller__rosidl_typesupport_introspection_c.h
[4.977s] -- Up-to-date symlink: /home/joanne/bookros2_ws/install/controller_manager_msgs/include/controller_manager_msgs/msg/controller_state.hpp
[4.978s] -- Up-to-date symlink: /home/joanne/bookros2_ws/install/controller_manager_msgs/include/controller_manager_msgs/msg/detail/controller_state__builder.hpp
[5.004s] -- Up-to-date symlink: /home/joanne/bookros2_ws/install/controller_manager_msgs/include/controller_manager_msgs/msg/detail/controller_state__struct.hpp
[5.038s] -- Up-to-date symlink: /home/joanne/bookros2_ws/install/controller_manager_msgs/include/controller_manager_msgs/msg/detail/controller_state__traits.hpp
[5.038s] -- Up-to-date symlink: /home/joanne/bookros2_ws/install/controller_manager_msgs/include/controller_manager_msgs/msg/detail/controller_state__type_support.hpp
[5.039s] -- Up-to-date symlink: /home/joanne/bookros2_ws/install/controller_manager_msgs/include/controller_manager_msgs/msg/detail/hardware_interface__builder.hpp
[5.039s] -- Up-to-date symlink: /home/joanne/bookros2_ws/install/controller_manager_msgs/include/controller_manager_msgs/msg/detail/hardware_interface__struct.hpp
[5.041s] -- Up-to-date symlink: /home/joanne/bookros2_ws/install/controller_manager_msgs/include/controller_manager_msgs/msg/detail/hardware_interface__traits.hpp
[5.042s] -- Up-to-date symlink: /home/joanne/bookros2_ws/install/controller_manager_msgs/include/controller_manager_msgs/msg/detail/hardware_interface__type_support.hpp
[5.042s] -- Up-to-date symlink: /home/joanne/bookros2_ws/install/controller_manager_msgs/include/controller_manager_msgs/msg/hardware_interface.hpp
[5.054s] -- Up-to-date symlink: /home/joanne/bookros2_ws/install/controller_manager_msgs/include/controller_manager_msgs/msg/rosidl_generator_cpp__visibility_control.hpp
[5.054s] -- Up-to-date symlink: /home/joanne/bookros2_ws/install/controller_manager_msgs/include/controller_manager_msgs/srv/configure_controller.hpp
[5.055s] -- Up-to-date symlink: /home/joanne/bookros2_ws/install/controller_manager_msgs/include/controller_manager_msgs/srv/configure_start_controller.hpp
[5.075s] -- Up-to-date symlink: /home/joanne/bookros2_ws/install/controller_manager_msgs/include/controller_manager_msgs/srv/detail/configure_controller__builder.hpp
[5.082s] -- Up-to-date symlink: /home/joanne/bookros2_ws/install/controller_manager_msgs/include/controller_manager_msgs/srv/detail/configure_controller__struct.hpp
[5.084s] -- Up-to-date symlink: /home/joanne/bookros2_ws/install/controller_manager_msgs/include/controller_manager_msgs/srv/detail/configure_controller__traits.hpp
[5.085s] -- Up-to-date symlink: /home/joanne/bookros2_ws/install/controller_manager_msgs/include/controller_manager_msgs/srv/detail/configure_controller__type_support.hpp
[5.096s] -- Up-to-date symlink: /home/joanne/bookros2_ws/install/controller_manager_msgs/include/controller_manager_msgs/srv/detail/configure_start_controller__builder.hpp
[5.098s] -- Up-to-date symlink: /home/joanne/bookros2_ws/install/controller_manager_msgs/include/controller_manager_msgs/srv/detail/configure_start_controller__struct.hpp
[5.099s] -- Up-to-date symlink: /home/joanne/bookros2_ws/install/controller_manager_msgs/include/controller_manager_msgs/srv/detail/configure_start_controller__traits.hpp
[5.100s] -- Up-to-date symlink: /home/joanne/bookros2_ws/install/controller_manager_msgs/include/controller_manager_msgs/srv/detail/configure_start_controller__type_support.hpp
[5.100s] -- Up-to-date symlink: /home/joanne/bookros2_ws/install/controller_manager_msgs/include/controller_manager_msgs/srv/detail/list_controller_types__builder.hpp
[5.101s] -- Up-to-date symlink: /home/joanne/bookros2_ws/install/controller_manager_msgs/include/controller_manager_msgs/srv/detail/list_controller_types__struct.hpp
[5.102s] -- Up-to-date symlink: /home/joanne/bookros2_ws/install/controller_manager_msgs/include/controller_manager_msgs/srv/detail/list_controller_types__traits.hpp
[5.102s] -- Up-to-date symlink: /home/joanne/bookros2_ws/install/controller_manager_msgs/include/controller_manager_msgs/srv/detail/list_controller_types__type_support.hpp
[5.107s] -- Up-to-date symlink: /home/joanne/bookros2_ws/install/controller_manager_msgs/include/controller_manager_msgs/srv/detail/list_controllers__builder.hpp
[5.107s] -- Up-to-date symlink: /home/joanne/bookros2_ws/install/controller_manager_msgs/include/controller_manager_msgs/srv/detail/list_controllers__struct.hpp
[5.107s] -- Up-to-date symlink: /home/joanne/bookros2_ws/install/controller_manager_msgs/include/controller_manager_msgs/srv/detail/list_controllers__traits.hpp
[5.107s] -- Up-to-date symlink: /home/joanne/bookros2_ws/install/controller_manager_msgs/include/controller_manager_msgs/srv/detail/list_controllers__type_support.hpp
[5.121s] -- Up-to-date symlink: /home/joanne/bookros2_ws/install/controller_manager_msgs/include/controller_manager_msgs/srv/detail/list_hardware_interfaces__builder.hpp
[5.125s] -- Up-to-date symlink: /home/joanne/bookros2_ws/install/controller_manager_msgs/include/controller_manager_msgs/srv/detail/list_hardware_interfaces__struct.hpp
[5.126s] -- Up-to-date symlink: /home/joanne/bookros2_ws/install/controller_manager_msgs/include/controller_manager_msgs/srv/detail/list_hardware_interfaces__traits.hpp
[5.129s] -- Up-to-date symlink: /home/joanne/bookros2_ws/install/controller_manager_msgs/include/controller_manager_msgs/srv/detail/list_hardware_interfaces__type_support.hpp
[5.131s] -- Up-to-date symlink: /home/joanne/bookros2_ws/install/controller_manager_msgs/include/controller_manager_msgs/srv/detail/load_configure_controller__builder.hpp
[5.131s] -- Up-to-date symlink: /home/joanne/bookros2_ws/install/controller_manager_msgs/include/controller_manager_msgs/srv/detail/load_configure_controller__struct.hpp
[5.132s] -- Up-to-date symlink: /home/joanne/bookros2_ws/install/controller_manager_msgs/include/controller_manager_msgs/srv/detail/load_configure_controller__traits.hpp
[5.133s] -- Up-to-date symlink: /home/joanne/bookros2_ws/install/controller_manager_msgs/include/controller_manager_msgs/srv/detail/load_configure_controller__type_support.hpp
[5.133s] -- Up-to-date symlink: /home/joanne/bookros2_ws/install/controller_manager_msgs/include/controller_manager_msgs/srv/detail/load_controller__builder.hpp
[5.135s] -- Up-to-date symlink: /home/joanne/bookros2_ws/install/controller_manager_msgs/include/controller_manager_msgs/srv/detail/load_controller__struct.hpp
[5.136s] -- Up-to-date symlink: /home/joanne/bookros2_ws/install/controller_manager_msgs/include/controller_manager_msgs/srv/detail/load_controller__traits.hpp
[5.137s] -- Up-to-date symlink: /home/joanne/bookros2_ws/install/controller_manager_msgs/include/controller_manager_msgs/srv/detail/load_controller__type_support.hpp
[5.139s] -- Up-to-date symlink: /home/joanne/bookros2_ws/install/controller_manager_msgs/include/controller_manager_msgs/srv/detail/load_start_controller__builder.hpp
[5.140s] -- Up-to-date symlink: /home/joanne/bookros2_ws/install/controller_manager_msgs/include/controller_manager_msgs/srv/detail/load_start_controller__struct.hpp
[5.141s] -- Up-to-date symlink: /home/joanne/bookros2_ws/install/controller_manager_msgs/include/controller_manager_msgs/srv/detail/load_start_controller__traits.hpp
[5.142s] -- Up-to-date symlink: /home/joanne/bookros2_ws/install/controller_manager_msgs/include/controller_manager_msgs/srv/detail/load_start_controller__type_support.hpp
[5.164s] -- Up-to-date symlink: /home/joanne/bookros2_ws/install/controller_manager_msgs/include/controller_manager_msgs/srv/detail/reload_controller_libraries__builder.hpp
[5.164s] -- Up-to-date symlink: /home/joanne/bookros2_ws/install/controller_manager_msgs/include/controller_manager_msgs/srv/detail/reload_controller_libraries__struct.hpp
[5.165s] -- Up-to-date symlink: /home/joanne/bookros2_ws/install/controller_manager_msgs/include/controller_manager_msgs/srv/detail/reload_controller_libraries__traits.hpp
[5.165s] -- Up-to-date symlink: /home/joanne/bookros2_ws/install/controller_manager_msgs/include/controller_manager_msgs/srv/detail/reload_controller_libraries__type_support.hpp
[5.165s] -- Up-to-date symlink: /home/joanne/bookros2_ws/install/controller_manager_msgs/include/controller_manager_msgs/srv/detail/switch_controller__builder.hpp
[5.166s] -- Up-to-date symlink: /home/joanne/bookros2_ws/install/controller_manager_msgs/include/controller_manager_msgs/srv/detail/switch_controller__struct.hpp
[5.174s] -- Up-to-date symlink: /home/joanne/bookros2_ws/install/controller_manager_msgs/include/controller_manager_msgs/srv/detail/switch_controller__traits.hpp
[5.174s] -- Up-to-date symlink: /home/joanne/bookros2_ws/install/controller_manager_msgs/include/controller_manager_msgs/srv/detail/switch_controller__type_support.hpp
[5.174s] -- Up-to-date symlink: /home/joanne/bookros2_ws/install/controller_manager_msgs/include/controller_manager_msgs/srv/detail/unload_controller__builder.hpp
[5.174s] -- Up-to-date symlink: /home/joanne/bookros2_ws/install/controller_manager_msgs/include/controller_manager_msgs/srv/detail/unload_controller__struct.hpp
[5.174s] -- Up-to-date symlink: /home/joanne/bookros2_ws/install/controller_manager_msgs/include/controller_manager_msgs/srv/detail/unload_controller__traits.hpp
[5.179s] -- Up-to-date symlink: /home/joanne/bookros2_ws/install/controller_manager_msgs/include/controller_manager_msgs/srv/detail/unload_controller__type_support.hpp
[5.180s] -- Up-to-date symlink: /home/joanne/bookros2_ws/install/controller_manager_msgs/include/controller_manager_msgs/srv/list_controller_types.hpp
[5.181s] -- Up-to-date symlink: /home/joanne/bookros2_ws/install/controller_manager_msgs/include/controller_manager_msgs/srv/list_controllers.hpp
[5.187s] -- Up-to-date symlink: /home/joanne/bookros2_ws/install/controller_manager_msgs/include/controller_manager_msgs/srv/list_hardware_interfaces.hpp
[5.187s] -- Up-to-date symlink: /home/joanne/bookros2_ws/install/controller_manager_msgs/include/controller_manager_msgs/srv/load_configure_controller.hpp
[5.197s] -- Up-to-date symlink: /home/joanne/bookros2_ws/install/controller_manager_msgs/include/controller_manager_msgs/srv/load_controller.hpp
[5.198s] -- Up-to-date symlink: /home/joanne/bookros2_ws/install/controller_manager_msgs/include/controller_manager_msgs/srv/load_start_controller.hpp
[5.209s] -- Up-to-date symlink: /home/joanne/bookros2_ws/install/controller_manager_msgs/include/controller_manager_msgs/srv/reload_controller_libraries.hpp
[5.231s] -- Up-to-date symlink: /home/joanne/bookros2_ws/install/controller_manager_msgs/include/controller_manager_msgs/srv/switch_controller.hpp
[5.231s] -- Up-to-date symlink: /home/joanne/bookros2_ws/install/controller_manager_msgs/include/controller_manager_msgs/srv/unload_controller.hpp
[5.248s] -- Up-to-date symlink: /home/joanne/bookros2_ws/install/controller_manager_msgs/include/controller_manager_msgs/msg/detail/controller_state__rosidl_typesupport_introspection_cpp.hpp
[5.248s] -- Up-to-date symlink: /home/joanne/bookros2_ws/install/controller_manager_msgs/include/controller_manager_msgs/msg/detail/hardware_interface__rosidl_typesupport_introspection_cpp.hpp
[5.251s] -- Up-to-date symlink: /home/joanne/bookros2_ws/install/controller_manager_msgs/include/controller_manager_msgs/srv/detail/configure_controller__rosidl_typesupport_introspection_cpp.hpp
[5.263s] -- Up-to-date symlink: /home/joanne/bookros2_ws/install/controller_manager_msgs/include/controller_manager_msgs/srv/detail/configure_start_controller__rosidl_typesupport_introspection_cpp.hpp
[5.275s] -- Up-to-date symlink: /home/joanne/bookros2_ws/install/controller_manager_msgs/include/controller_manager_msgs/srv/detail/list_controller_types__rosidl_typesupport_introspection_cpp.hpp
[5.276s] -- Up-to-date symlink: /home/joanne/bookros2_ws/install/controller_manager_msgs/include/controller_manager_msgs/srv/detail/list_controllers__rosidl_typesupport_introspection_cpp.hpp
[5.284s] -- Up-to-date symlink: /home/joanne/bookros2_ws/install/controller_manager_msgs/include/controller_manager_msgs/srv/detail/list_hardware_interfaces__rosidl_typesupport_introspection_cpp.hpp
[5.287s] -- Up-to-date symlink: /home/joanne/bookros2_ws/install/controller_manager_msgs/include/controller_manager_msgs/srv/detail/load_configure_controller__rosidl_typesupport_introspection_cpp.hpp
[5.290s] -- Up-to-date symlink: /home/joanne/bookros2_ws/install/controller_manager_msgs/include/controller_manager_msgs/srv/detail/load_controller__rosidl_typesupport_introspection_cpp.hpp
[5.297s] -- Up-to-date symlink: /home/joanne/bookros2_ws/install/controller_manager_msgs/include/controller_manager_msgs/srv/detail/load_start_controller__rosidl_typesupport_introspection_cpp.hpp
[5.305s] -- Up-to-date symlink: /home/joanne/bookros2_ws/install/controller_manager_msgs/include/controller_manager_msgs/srv/detail/reload_controller_libraries__rosidl_typesupport_introspection_cpp.hpp
[5.307s] -- Up-to-date symlink: /home/joanne/bookros2_ws/install/controller_manager_msgs/include/controller_manager_msgs/srv/detail/switch_controller__rosidl_typesupport_introspection_cpp.hpp
[5.310s] -- Up-to-date symlink: /home/joanne/bookros2_ws/install/controller_manager_msgs/include/controller_manager_msgs/srv/detail/unload_controller__rosidl_typesupport_introspection_cpp.hpp
[5.314s] -- Up-to-date symlink: /home/joanne/bookros2_ws/install/controller_manager_msgs/share/controller_manager_msgs/environment/pythonpath.sh
[5.317s] -- Up-to-date symlink: /home/joanne/bookros2_ws/install/controller_manager_msgs/share/controller_manager_msgs/environment/pythonpath.dsv
[5.320s] -- Up-to-date symlink: /home/joanne/bookros2_ws/install/controller_manager_msgs/lib/python3.8/site-packages/controller_manager_msgs/__init__.py
[5.332s] -- Up-to-date symlink: /home/joanne/bookros2_ws/install/controller_manager_msgs/lib/python3.8/site-packages/controller_manager_msgs/msg/__init__.py
[5.336s] -- Up-to-date symlink: /home/joanne/bookros2_ws/install/controller_manager_msgs/lib/python3.8/site-packages/controller_manager_msgs/msg/_controller_state.py
[5.340s] -- Up-to-date symlink: /home/joanne/bookros2_ws/install/controller_manager_msgs/lib/python3.8/site-packages/controller_manager_msgs/msg/_hardware_interface.py
[5.345s] -- Up-to-date symlink: /home/joanne/bookros2_ws/install/controller_manager_msgs/lib/python3.8/site-packages/controller_manager_msgs/srv/__init__.py
[5.348s] -- Up-to-date symlink: /home/joanne/bookros2_ws/install/controller_manager_msgs/lib/python3.8/site-packages/controller_manager_msgs/srv/_configure_controller.py
[5.353s] -- Up-to-date symlink: /home/joanne/bookros2_ws/install/controller_manager_msgs/lib/python3.8/site-packages/controller_manager_msgs/srv/_configure_start_controller.py
[5.357s] -- Up-to-date symlink: /home/joanne/bookros2_ws/install/controller_manager_msgs/lib/python3.8/site-packages/controller_manager_msgs/srv/_list_controller_types.py
[5.359s] -- Up-to-date symlink: /home/joanne/bookros2_ws/install/controller_manager_msgs/lib/python3.8/site-packages/controller_manager_msgs/srv/_list_controllers.py
[5.362s] -- Up-to-date symlink: /home/joanne/bookros2_ws/install/controller_manager_msgs/lib/python3.8/site-packages/controller_manager_msgs/srv/_list_hardware_interfaces.py
[5.376s] -- Up-to-date symlink: /home/joanne/bookros2_ws/install/controller_manager_msgs/lib/python3.8/site-packages/controller_manager_msgs/srv/_load_configure_controller.py
[5.377s] -- Up-to-date symlink: /home/joanne/bookros2_ws/install/controller_manager_msgs/lib/python3.8/site-packages/controller_manager_msgs/srv/_load_controller.py
[5.432s] -- Up-to-date symlink: /home/joanne/bookros2_ws/install/controller_manager_msgs/lib/python3.8/site-packages/controller_manager_msgs/srv/_load_start_controller.py
[5.432s] -- Up-to-date symlink: /home/joanne/bookros2_ws/install/controller_manager_msgs/lib/python3.8/site-packages/controller_manager_msgs/srv/_reload_controller_libraries.py
[5.433s] -- Up-to-date symlink: /home/joanne/bookros2_ws/install/controller_manager_msgs/lib/python3.8/site-packages/controller_manager_msgs/srv/_switch_controller.py
[5.433s] -- Up-to-date symlink: /home/joanne/bookros2_ws/install/controller_manager_msgs/lib/python3.8/site-packages/controller_manager_msgs/srv/_unload_controller.py
[5.434s] -- Up-to-date symlink: /home/joanne/bookros2_ws/install/controller_manager_msgs/lib/python3.8/site-packages/controller_manager_msgs/controller_manager_msgs_s__rosidl_typesupport_fastrtps_c.cpython-38-x86_64-linux-gnu.so
[5.442s] -- Up-to-date symlink: /home/joanne/bookros2_ws/install/controller_manager_msgs/lib/python3.8/site-packages/controller_manager_msgs/controller_manager_msgs_s__rosidl_typesupport_introspection_c.cpython-38-x86_64-linux-gnu.so
[5.448s] -- Up-to-date symlink: /home/joanne/bookros2_ws/install/controller_manager_msgs/lib/python3.8/site-packages/controller_manager_msgs/controller_manager_msgs_s__rosidl_typesupport_c.cpython-38-x86_64-linux-gnu.so
[5.461s] -- Up-to-date symlink: /home/joanne/bookros2_ws/install/controller_manager_msgs/lib/libcontroller_manager_msgs__python.so
[5.471s] -- Up-to-date symlink: /home/joanne/bookros2_ws/install/controller_manager_msgs/share/controller_manager_msgs/msg/ControllerState.idl
[5.472s] -- Up-to-date symlink: /home/joanne/bookros2_ws/install/controller_manager_msgs/share/controller_manager_msgs/msg/HardwareInterface.idl
[5.487s] -- Up-to-date symlink: /home/joanne/bookros2_ws/install/controller_manager_msgs/share/controller_manager_msgs/srv/ConfigureController.idl
[5.487s] -- Up-to-date symlink: /home/joanne/bookros2_ws/install/controller_manager_msgs/share/controller_manager_msgs/srv/ConfigureStartController.idl
[5.488s] -- Up-to-date symlink: /home/joanne/bookros2_ws/install/controller_manager_msgs/share/controller_manager_msgs/srv/ListControllers.idl
[5.488s] -- Up-to-date symlink: /home/joanne/bookros2_ws/install/controller_manager_msgs/share/controller_manager_msgs/srv/ListControllerTypes.idl
[5.490s] -- Up-to-date symlink: /home/joanne/bookros2_ws/install/controller_manager_msgs/share/controller_manager_msgs/srv/ListHardwareInterfaces.idl
[5.494s] -- Up-to-date symlink: /home/joanne/bookros2_ws/install/controller_manager_msgs/share/controller_manager_msgs/srv/LoadConfigureController.idl
[5.496s] -- Up-to-date symlink: /home/joanne/bookros2_ws/install/controller_manager_msgs/share/controller_manager_msgs/srv/LoadController.idl
[5.497s] -- Up-to-date symlink: /home/joanne/bookros2_ws/install/controller_manager_msgs/share/controller_manager_msgs/srv/LoadStartController.idl
[5.499s] -- Up-to-date symlink: /home/joanne/bookros2_ws/install/controller_manager_msgs/share/controller_manager_msgs/srv/ReloadControllerLibraries.idl
[5.507s] -- Up-to-date symlink: /home/joanne/bookros2_ws/install/controller_manager_msgs/share/controller_manager_msgs/srv/SwitchController.idl
[5.507s] -- Up-to-date symlink: /home/joanne/bookros2_ws/install/controller_manager_msgs/share/controller_manager_msgs/srv/UnloadController.idl
[5.522s] -- Up-to-date symlink: /home/joanne/bookros2_ws/install/controller_manager_msgs/share/controller_manager_msgs/msg/ControllerState.msg
[5.526s] -- Up-to-date symlink: /home/joanne/bookros2_ws/install/controller_manager_msgs/share/controller_manager_msgs/msg/HardwareInterface.msg
[5.528s] -- Up-to-date symlink: /home/joanne/bookros2_ws/install/controller_manager_msgs/share/controller_manager_msgs/srv/ConfigureController.srv
[5.529s] -- Up-to-date symlink: /home/joanne/bookros2_ws/install/controller_manager_msgs/share/controller_manager_msgs/srv/ConfigureController_Request.msg
[5.535s] -- Up-to-date symlink: /home/joanne/bookros2_ws/install/controller_manager_msgs/share/controller_manager_msgs/srv/ConfigureController_Response.msg
[5.535s] -- Up-to-date symlink: /home/joanne/bookros2_ws/install/controller_manager_msgs/share/controller_manager_msgs/srv/ConfigureStartController.srv
[5.547s] -- Up-to-date symlink: /home/joanne/bookros2_ws/install/controller_manager_msgs/share/controller_manager_msgs/srv/ConfigureStartController_Request.msg
[5.561s] -- Up-to-date symlink: /home/joanne/bookros2_ws/install/controller_manager_msgs/share/controller_manager_msgs/srv/ConfigureStartController_Response.msg
[5.566s] -- Up-to-date symlink: /home/joanne/bookros2_ws/install/controller_manager_msgs/share/controller_manager_msgs/srv/ListControllers.srv
[5.566s] -- Up-to-date symlink: /home/joanne/bookros2_ws/install/controller_manager_msgs/share/controller_manager_msgs/srv/ListControllers_Request.msg
[5.567s] -- Up-to-date symlink: /home/joanne/bookros2_ws/install/controller_manager_msgs/share/controller_manager_msgs/srv/ListControllers_Response.msg
[5.567s] -- Up-to-date symlink: /home/joanne/bookros2_ws/install/controller_manager_msgs/share/controller_manager_msgs/srv/ListControllerTypes.srv
[5.567s] -- Up-to-date symlink: /home/joanne/bookros2_ws/install/controller_manager_msgs/share/controller_manager_msgs/srv/ListControllerTypes_Request.msg
[5.567s] -- Up-to-date symlink: /home/joanne/bookros2_ws/install/controller_manager_msgs/share/controller_manager_msgs/srv/ListControllerTypes_Response.msg
[5.571s] -- Up-to-date symlink: /home/joanne/bookros2_ws/install/controller_manager_msgs/share/controller_manager_msgs/srv/ListHardwareInterfaces.srv
[5.572s] -- Up-to-date symlink: /home/joanne/bookros2_ws/install/controller_manager_msgs/share/controller_manager_msgs/srv/ListHardwareInterfaces_Request.msg
[5.572s] -- Up-to-date symlink: /home/joanne/bookros2_ws/install/controller_manager_msgs/share/controller_manager_msgs/srv/ListHardwareInterfaces_Response.msg
[5.591s] -- Up-to-date symlink: /home/joanne/bookros2_ws/install/controller_manager_msgs/share/controller_manager_msgs/srv/LoadConfigureController.srv
[5.592s] -- Up-to-date symlink: /home/joanne/bookros2_ws/install/controller_manager_msgs/share/controller_manager_msgs/srv/LoadConfigureController_Request.msg
[5.592s] -- Up-to-date symlink: /home/joanne/bookros2_ws/install/controller_manager_msgs/share/controller_manager_msgs/srv/LoadConfigureController_Response.msg
[5.592s] -- Up-to-date symlink: /home/joanne/bookros2_ws/install/controller_manager_msgs/share/controller_manager_msgs/srv/LoadController.srv
[5.592s] -- Up-to-date symlink: /home/joanne/bookros2_ws/install/controller_manager_msgs/share/controller_manager_msgs/srv/LoadController_Request.msg
[5.592s] -- Up-to-date symlink: /home/joanne/bookros2_ws/install/controller_manager_msgs/share/controller_manager_msgs/srv/LoadController_Response.msg
[5.595s] -- Up-to-date symlink: /home/joanne/bookros2_ws/install/controller_manager_msgs/share/controller_manager_msgs/srv/LoadStartController.srv
[5.606s] -- Up-to-date symlink: /home/joanne/bookros2_ws/install/controller_manager_msgs/share/controller_manager_msgs/srv/LoadStartController_Request.msg
[5.606s] -- Up-to-date symlink: /home/joanne/bookros2_ws/install/controller_manager_msgs/share/controller_manager_msgs/srv/LoadStartController_Response.msg
[5.635s] -- Up-to-date symlink: /home/joanne/bookros2_ws/install/controller_manager_msgs/share/controller_manager_msgs/srv/ReloadControllerLibraries.srv
[5.637s] -- Up-to-date symlink: /home/joanne/bookros2_ws/install/controller_manager_msgs/share/controller_manager_msgs/srv/ReloadControllerLibraries_Request.msg
[5.638s] -- Up-to-date symlink: /home/joanne/bookros2_ws/install/controller_manager_msgs/share/controller_manager_msgs/srv/ReloadControllerLibraries_Response.msg
[5.640s] -- Up-to-date symlink: /home/joanne/bookros2_ws/install/controller_manager_msgs/share/controller_manager_msgs/srv/SwitchController.srv
[5.646s] -- Up-to-date symlink: /home/joanne/bookros2_ws/install/controller_manager_msgs/share/controller_manager_msgs/srv/SwitchController_Request.msg
[5.652s] -- Up-to-date symlink: /home/joanne/bookros2_ws/install/controller_manager_msgs/share/controller_manager_msgs/srv/SwitchController_Response.msg
[5.654s] -- Up-to-date symlink: /home/joanne/bookros2_ws/install/controller_manager_msgs/share/controller_manager_msgs/srv/UnloadController.srv
[5.657s] -- Up-to-date symlink: /home/joanne/bookros2_ws/install/controller_manager_msgs/share/controller_manager_msgs/srv/UnloadController_Request.msg
[5.659s] -- Up-to-date symlink: /home/joanne/bookros2_ws/install/controller_manager_msgs/share/controller_manager_msgs/srv/UnloadController_Response.msg
[5.661s] -- Up-to-date symlink: /home/joanne/bookros2_ws/install/controller_manager_msgs/share/ament_index/resource_index/package_run_dependencies/controller_manager_msgs
[5.661s] -- Up-to-date symlink: /home/joanne/bookros2_ws/install/controller_manager_msgs/share/ament_index/resource_index/parent_prefix_path/controller_manager_msgs
[5.662s] -- Up-to-date symlink: /home/joanne/bookros2_ws/install/controller_manager_msgs/share/controller_manager_msgs/environment/ament_prefix_path.sh
[5.662s] -- Up-to-date symlink: /home/joanne/bookros2_ws/install/controller_manager_msgs/share/controller_manager_msgs/environment/ament_prefix_path.dsv
[5.677s] -- Up-to-date symlink: /home/joanne/bookros2_ws/install/controller_manager_msgs/share/controller_manager_msgs/environment/path.sh
[5.684s] -- Up-to-date symlink: /home/joanne/bookros2_ws/install/controller_manager_msgs/share/controller_manager_msgs/environment/path.dsv
[5.721s] -- Up-to-date symlink: /home/joanne/bookros2_ws/install/controller_manager_msgs/share/controller_manager_msgs/local_setup.bash
[5.737s] -- Up-to-date symlink: /home/joanne/bookros2_ws/install/controller_manager_msgs/share/controller_manager_msgs/local_setup.sh
[5.746s] -- Up-to-date symlink: /home/joanne/bookros2_ws/install/controller_manager_msgs/share/controller_manager_msgs/local_setup.zsh
[5.757s] -- Up-to-date symlink: /home/joanne/bookros2_ws/install/controller_manager_msgs/share/controller_manager_msgs/local_setup.dsv
[5.761s] -- Symlinking: /home/joanne/bookros2_ws/install/controller_manager_msgs/share/controller_manager_msgs/package.dsv
[5.841s] -- Up-to-date symlink: /home/joanne/bookros2_ws/install/controller_manager_msgs/share/ament_index/resource_index/packages/controller_manager_msgs
[5.847s] -- Up-to-date symlink: /home/joanne/bookros2_ws/install/controller_manager_msgs/share/controller_manager_msgs/cmake/rosidl_cmake-extras.cmake
[5.853s] -- Up-to-date symlink: /home/joanne/bookros2_ws/install/controller_manager_msgs/share/controller_manager_msgs/cmake/ament_cmake_export_dependencies-extras.cmake
[5.856s] -- Up-to-date symlink: /home/joanne/bookros2_ws/install/controller_manager_msgs/share/controller_manager_msgs/cmake/ament_cmake_export_libraries-extras.cmake
[5.887s] -- Up-to-date symlink: /home/joanne/bookros2_ws/install/controller_manager_msgs/share/controller_manager_msgs/cmake/ament_cmake_export_targets-extras.cmake
[5.892s] -- Up-to-date symlink: /home/joanne/bookros2_ws/install/controller_manager_msgs/share/controller_manager_msgs/cmake/ament_cmake_export_include_directories-extras.cmake
[5.893s] -- Up-to-date symlink: /home/joanne/bookros2_ws/install/controller_manager_msgs/share/controller_manager_msgs/cmake/rosidl_cmake_export_typesupport_libraries-extras.cmake
[5.910s] -- Up-to-date symlink: /home/joanne/bookros2_ws/install/controller_manager_msgs/share/controller_manager_msgs/cmake/rosidl_cmake_export_typesupport_targets-extras.cmake
[5.925s] -- Up-to-date symlink: /home/joanne/bookros2_ws/install/controller_manager_msgs/share/controller_manager_msgs/cmake/controller_manager_msgsConfig.cmake
[5.933s] -- Up-to-date symlink: /home/joanne/bookros2_ws/install/controller_manager_msgs/share/controller_manager_msgs/cmake/controller_manager_msgsConfig-version.cmake
[5.936s] -- Up-to-date symlink: /home/joanne/bookros2_ws/install/controller_manager_msgs/share/controller_manager_msgs/package.xml
[5.938s] -- Up-to-date: /home/joanne/bookros2_ws/install/controller_manager_msgs/lib/libcontroller_manager_msgs__rosidl_generator_c.so
[5.938s] -- Up-to-date: /home/joanne/bookros2_ws/install/controller_manager_msgs/lib/libcontroller_manager_msgs__rosidl_typesupport_introspection_c.so
[5.960s] -- Up-to-date: /home/joanne/bookros2_ws/install/controller_manager_msgs/lib/libcontroller_manager_msgs__rosidl_typesupport_c.so
[5.962s] -- Up-to-date: /home/joanne/bookros2_ws/install/controller_manager_msgs/lib/libcontroller_manager_msgs__rosidl_typesupport_introspection_cpp.so
[5.964s] -- Up-to-date: /home/joanne/bookros2_ws/install/controller_manager_msgs/lib/libcontroller_manager_msgs__rosidl_typesupport_cpp.so
[6.685s] -- Up-to-date: /home/joanne/bookros2_ws/install/controller_manager_msgs/share/controller_manager_msgs/cmake/controller_manager_msgs__rosidl_generator_cExport.cmake
[6.700s] -- Up-to-date: /home/joanne/bookros2_ws/install/controller_manager_msgs/share/controller_manager_msgs/cmake/controller_manager_msgs__rosidl_generator_cExport-noconfig.cmake
[6.701s] -- Up-to-date: /home/joanne/bookros2_ws/install/controller_manager_msgs/share/controller_manager_msgs/cmake/controller_manager_msgs__rosidl_typesupport_introspection_cExport.cmake
[6.701s] -- Up-to-date: /home/joanne/bookros2_ws/install/controller_manager_msgs/share/controller_manager_msgs/cmake/controller_manager_msgs__rosidl_typesupport_introspection_cExport-noconfig.cmake
[6.701s] -- Up-to-date: /home/joanne/bookros2_ws/install/controller_manager_msgs/share/controller_manager_msgs/cmake/controller_manager_msgs__rosidl_typesupport_cExport.cmake
[6.701s] -- Up-to-date: /home/joanne/bookros2_ws/install/controller_manager_msgs/share/controller_manager_msgs/cmake/controller_manager_msgs__rosidl_typesupport_cExport-noconfig.cmake
[6.701s] -- Up-to-date: /home/joanne/bookros2_ws/install/controller_manager_msgs/share/controller_manager_msgs/cmake/controller_manager_msgs__rosidl_generator_cppExport.cmake
[6.702s] -- Up-to-date: /home/joanne/bookros2_ws/install/controller_manager_msgs/share/controller_manager_msgs/cmake/controller_manager_msgs__rosidl_typesupport_introspection_cppExport.cmake
[6.710s] -- Up-to-date: /home/joanne/bookros2_ws/install/controller_manager_msgs/share/controller_manager_msgs/cmake/controller_manager_msgs__rosidl_typesupport_introspection_cppExport-noconfig.cmake
[6.710s] -- Up-to-date: /home/joanne/bookros2_ws/install/controller_manager_msgs/share/controller_manager_msgs/cmake/controller_manager_msgs__rosidl_typesupport_cppExport.cmake
[6.710s] -- Up-to-date: /home/joanne/bookros2_ws/install/controller_manager_msgs/share/controller_manager_msgs/cmake/controller_manager_msgs__rosidl_typesupport_cppExport-noconfig.cmake
[6.731s] Invoked command in '/home/joanne/bookros2_ws/build/controller_manager_msgs' returned '0': CMAKE_PREFIX_PATH=${CMAKE_PREFIX_PATH}:/home/joanne/bookros2_ws/install/ros2controlcli:/home/joanne/bookros2_ws/install/launch_pal:/home/joanne/bookros2_ws/install/br2_fsm_bumpgo_py:/opt/ros/foxy /usr/bin/cmake --install /home/joanne/bookros2_ws/build/controller_manager_msgs
