[0.089s] Invoking command in '/home/joanne/bookros2_ws/build/br2_fsm_bumpgo_cpp': CMAKE_PREFIX_PATH=/opt/ros/foxy /usr/bin/cmake /home/joanne/bookros2_ws/src/book_ros2/br2_fsm_bumpgo_cpp -DCMAKE_INSTALL_PREFIX=/home/joanne/bookros2_ws/install/br2_fsm_bumpgo_cpp
[1.177s] -- The C compiler identification is GNU 9.4.0
[1.177s] -- The CXX compiler identification is GNU 9.4.0
[1.178s] -- Check for working C compiler: /usr/bin/cc
[1.178s] -- Check for working C compiler: /usr/bin/cc -- works
[1.178s] -- Detecting C compiler ABI info
[1.178s] -- Detecting C compiler ABI info - done
[1.179s] -- Detecting C compile features
[1.179s] -- Detecting C compile features - done
[1.180s] -- Check for working CXX compiler: /usr/bin/c++
[1.180s] -- Check for working CXX compiler: /usr/bin/c++ -- works
[1.180s] -- Detecting CXX compiler ABI info
[1.180s] -- Detecting CXX compiler ABI info - done
[1.180s] -- Detecting CXX compile features
[1.180s] -- Detecting CXX compile features - done
[1.181s] -- Found ament_cmake: 0.9.12 (/opt/ros/foxy/share/ament_cmake/cmake)
[1.188s] -- Found PythonInterp: /usr/bin/python3 (found suitable version "3.8.10", minimum required is "3") 
[1.189s] -- Using PYTHON_EXECUTABLE: /usr/bin/python3
[1.740s] -- Found rclcpp: 2.4.3 (/opt/ros/foxy/share/rclcpp/cmake)
[1.866s] -- Using all available rosidl_typesupport_c: rosidl_typesupport_fastrtps_c;rosidl_typesupport_introspection_c
[1.886s] -- Found rosidl_adapter: 1.3.1 (/opt/ros/foxy/share/rosidl_adapter/cmake)
[2.195s] -- Found OpenSSL: /usr/lib/x86_64-linux-gnu/libcrypto.so (found version "1.1.1f")  
[2.265s] -- Found FastRTPS: /opt/ros/foxy/include  
[2.465s] -- Using all available rosidl_typesupport_cpp: rosidl_typesupport_fastrtps_cpp;rosidl_typesupport_introspection_cpp
[2.633s] -- Found rmw_implementation_cmake: 1.0.4 (/opt/ros/foxy/share/rmw_implementation_cmake/cmake)
[2.639s] -- Using RMW implementation 'rmw_fastrtps_cpp' as default
[2.643s] -- Looking for pthread.h
[2.819s] -- Looking for pthread.h - found
[2.820s] -- Performing Test CMAKE_HAVE_LIBC_PTHREAD
[2.947s] -- Performing Test CMAKE_HAVE_LIBC_PTHREAD - Failed
[2.948s] -- Looking for pthread_create in pthreads
[3.053s] -- Looking for pthread_create in pthreads - not found
[3.054s] -- Looking for pthread_create in pthread
[3.190s] -- Looking for pthread_create in pthread - found
[3.192s] -- Found Threads: TRUE  
[3.708s] -- Found sensor_msgs: 2.0.5 (/opt/ros/foxy/share/sensor_msgs/cmake)
[4.128s] -- Found ament_lint_auto: 0.9.8 (/opt/ros/foxy/share/ament_lint_auto/cmake)
[4.306s] -- Added test 'copyright' to check source files copyright and LICENSE
[4.314s] -- Added test 'cppcheck' to perform static code analysis on C / C++ code
[4.315s] -- Configured cppcheck include dirs: /home/joanne/bookros2_ws/src/book_ros2/br2_fsm_bumpgo_cpp/include
[4.315s] -- Configured cppcheck exclude dirs and/or files: 
[4.318s] -- Added test 'cpplint' to check C / C++ code against the Google style
[4.318s] -- Configured cpplint exclude dirs and/or files: 
[4.321s] -- Added test 'flake8' to check Python code syntax and style conventions
[4.323s] -- Added test 'lint_cmake' to check CMake code style
[4.325s] -- Added test 'pep257' to check Python code against some of the style conventions in PEP 257
[4.327s] -- Added test 'uncrustify' to check C / C++ code style
[4.328s] -- Configured uncrustify additional arguments: 
[4.330s] -- Added test 'xmllint' to check XML markup files
[4.336s] -- Configuring done
[4.357s] -- Generating done
[4.373s] -- Build files have been written to: /home/joanne/bookros2_ws/build/br2_fsm_bumpgo_cpp
[4.405s] Invoked command in '/home/joanne/bookros2_ws/build/br2_fsm_bumpgo_cpp' returned '0': CMAKE_PREFIX_PATH=/opt/ros/foxy /usr/bin/cmake /home/joanne/bookros2_ws/src/book_ros2/br2_fsm_bumpgo_cpp -DCMAKE_INSTALL_PREFIX=/home/joanne/bookros2_ws/install/br2_fsm_bumpgo_cpp
[4.407s] Invoking command in '/home/joanne/bookros2_ws/build/br2_fsm_bumpgo_cpp': CMAKE_PREFIX_PATH=/opt/ros/foxy /usr/bin/cmake --build /home/joanne/bookros2_ws/build/br2_fsm_bumpgo_cpp -- -j8 -l8
[6.820s] [35m[1mScanning dependencies of target bumpgo[0m
[6.821s] [ 33%] [32mBuilding CXX object CMakeFiles/bumpgo.dir/src/br2_fsm_bumpgo_cpp/BumpGoNode.cpp.o[0m
[15.294s] [ 66%] [32mBuilding CXX object CMakeFiles/bumpgo.dir/src/bumpgo_main.cpp.o[0m
[19.123s] [100%] [32m[1mLinking CXX executable bumpgo[0m
[19.501s] [100%] Built target bumpgo
[19.519s] Invoked command in '/home/joanne/bookros2_ws/build/br2_fsm_bumpgo_cpp' returned '0': CMAKE_PREFIX_PATH=/opt/ros/foxy /usr/bin/cmake --build /home/joanne/bookros2_ws/build/br2_fsm_bumpgo_cpp -- -j8 -l8
[19.526s] Invoking command in '/home/joanne/bookros2_ws/build/br2_fsm_bumpgo_cpp': CMAKE_PREFIX_PATH=/opt/ros/foxy /usr/bin/cmake --install /home/joanne/bookros2_ws/build/br2_fsm_bumpgo_cpp
[19.556s] -- Install configuration: ""
[19.556s] -- Installing: /home/joanne/bookros2_ws/install/br2_fsm_bumpgo_cpp/lib/br2_fsm_bumpgo_cpp/bumpgo
[19.556s] -- Set runtime path of "/home/joanne/bookros2_ws/install/br2_fsm_bumpgo_cpp/lib/br2_fsm_bumpgo_cpp/bumpgo" to ""
[19.556s] -- Installing: /home/joanne/bookros2_ws/install/br2_fsm_bumpgo_cpp/share/br2_fsm_bumpgo_cpp/launch
[19.556s] -- Installing: /home/joanne/bookros2_ws/install/br2_fsm_bumpgo_cpp/share/br2_fsm_bumpgo_cpp/launch/bump_and_go.launch.py
[19.557s] -- Installing: /home/joanne/bookros2_ws/install/br2_fsm_bumpgo_cpp/share/ament_index/resource_index/package_run_dependencies/br2_fsm_bumpgo_cpp
[19.557s] -- Installing: /home/joanne/bookros2_ws/install/br2_fsm_bumpgo_cpp/share/ament_index/resource_index/parent_prefix_path/br2_fsm_bumpgo_cpp
[19.557s] -- Installing: /home/joanne/bookros2_ws/install/br2_fsm_bumpgo_cpp/share/br2_fsm_bumpgo_cpp/environment/ament_prefix_path.sh
[19.557s] -- Installing: /home/joanne/bookros2_ws/install/br2_fsm_bumpgo_cpp/share/br2_fsm_bumpgo_cpp/environment/ament_prefix_path.dsv
[19.557s] -- Installing: /home/joanne/bookros2_ws/install/br2_fsm_bumpgo_cpp/share/br2_fsm_bumpgo_cpp/environment/path.sh
[19.557s] -- Installing: /home/joanne/bookros2_ws/install/br2_fsm_bumpgo_cpp/share/br2_fsm_bumpgo_cpp/environment/path.dsv
[19.557s] -- Installing: /home/joanne/bookros2_ws/install/br2_fsm_bumpgo_cpp/share/br2_fsm_bumpgo_cpp/local_setup.bash
[19.558s] -- Installing: /home/joanne/bookros2_ws/install/br2_fsm_bumpgo_cpp/share/br2_fsm_bumpgo_cpp/local_setup.sh
[19.558s] -- Installing: /home/joanne/bookros2_ws/install/br2_fsm_bumpgo_cpp/share/br2_fsm_bumpgo_cpp/local_setup.zsh
[19.558s] -- Installing: /home/joanne/bookros2_ws/install/br2_fsm_bumpgo_cpp/share/br2_fsm_bumpgo_cpp/local_setup.dsv
[19.558s] -- Installing: /home/joanne/bookros2_ws/install/br2_fsm_bumpgo_cpp/share/br2_fsm_bumpgo_cpp/package.dsv
[19.558s] -- Installing: /home/joanne/bookros2_ws/install/br2_fsm_bumpgo_cpp/share/ament_index/resource_index/packages/br2_fsm_bumpgo_cpp
[19.558s] -- Installing: /home/joanne/bookros2_ws/install/br2_fsm_bumpgo_cpp/share/br2_fsm_bumpgo_cpp/cmake/br2_fsm_bumpgo_cppConfig.cmake
[19.558s] -- Installing: /home/joanne/bookros2_ws/install/br2_fsm_bumpgo_cpp/share/br2_fsm_bumpgo_cpp/cmake/br2_fsm_bumpgo_cppConfig-version.cmake
[19.558s] -- Installing: /home/joanne/bookros2_ws/install/br2_fsm_bumpgo_cpp/share/br2_fsm_bumpgo_cpp/package.xml
[19.606s] Invoked command in '/home/joanne/bookros2_ws/build/br2_fsm_bumpgo_cpp' returned '0': CMAKE_PREFIX_PATH=/opt/ros/foxy /usr/bin/cmake --install /home/joanne/bookros2_ws/build/br2_fsm_bumpgo_cpp
