[0.094s] Invoking command in '/home/joanne/bookros2_ws/build/ros2_control': AMENT_PREFIX_PATH=/home/joanne/bookros2_ws/install/ros2controlcli:/home/joanne/bookros2_ws/install/controller_manager:/home/joanne/bookros2_ws/install/controller_interface:/home/joanne/bookros2_ws/install/hardware_interface:/home/joanne/bookros2_ws/install/ros2_control_test_assets:/home/joanne/bookros2_ws/install/controller_manager_msgs:${AMENT_PREFIX_PATH} CMAKE_PREFIX_PATH=/home/joanne/bookros2_ws/install/controller_manager:/home/joanne/bookros2_ws/install/controller_interface:/home/joanne/bookros2_ws/install/hardware_interface:/home/joanne/bookros2_ws/install/ros2_control_test_assets:/home/joanne/bookros2_ws/install/controller_manager_msgs:/opt/ros/foxy LD_LIBRARY_PATH=/home/joanne/bookros2_ws/install/controller_manager/lib:/home/joanne/bookros2_ws/install/controller_interface/lib:/home/joanne/bookros2_ws/install/hardware_interface/lib:/home/joanne/bookros2_ws/install/controller_manager_msgs/lib:${LD_LIBRARY_PATH} PYTHONPATH=/home/joanne/bookros2_ws/install/ros2controlcli/lib/python3.8/site-packages:/home/joanne/bookros2_ws/install/controller_manager/lib/python3.8/site-packages:/home/joanne/bookros2_ws/install/controller_manager_msgs/lib/python3.8/site-packages:${PYTHONPATH} /usr/bin/cmake /home/joanne/bookros2_ws/src/ThirdParty/ros2_control/ros2_control -DCMAKE_INSTALL_PREFIX=/home/joanne/bookros2_ws/install/ros2_control
[0.921s] -- The C compiler identification is GNU 9.4.0
[0.921s] -- The CXX compiler identification is GNU 9.4.0
[0.921s] -- Check for working C compiler: /usr/bin/cc
[0.922s] -- Check for working C compiler: /usr/bin/cc -- works
[0.922s] -- Detecting C compiler ABI info
[1.001s] -- Detecting C compiler ABI info - done
[1.034s] -- Detecting C compile features
[1.034s] -- Detecting C compile features - done
[1.042s] -- Check for working CXX compiler: /usr/bin/c++
[1.271s] -- Check for working CXX compiler: /usr/bin/c++ -- works
[1.274s] -- Detecting CXX compiler ABI info
[1.696s] -- Detecting CXX compiler ABI info - done
[1.757s] -- Detecting CXX compile features
[1.758s] -- Detecting CXX compile features - done
[1.769s] -- Found ament_cmake: 0.9.12 (/opt/ros/foxy/share/ament_cmake/cmake)
[1.846s] -- Found PythonInterp: /usr/bin/python3 (found suitable version "3.8.10", minimum required is "3") 
[1.852s] -- Using PYTHON_EXECUTABLE: /usr/bin/python3
[2.535s] -- Configuring done
[2.540s] -- Generating done
[2.543s] -- Build files have been written to: /home/joanne/bookros2_ws/build/ros2_control
[2.554s] Invoked command in '/home/joanne/bookros2_ws/build/ros2_control' returned '0': AMENT_PREFIX_PATH=/home/joanne/bookros2_ws/install/ros2controlcli:/home/joanne/bookros2_ws/install/controller_manager:/home/joanne/bookros2_ws/install/controller_interface:/home/joanne/bookros2_ws/install/hardware_interface:/home/joanne/bookros2_ws/install/ros2_control_test_assets:/home/joanne/bookros2_ws/install/controller_manager_msgs:${AMENT_PREFIX_PATH} CMAKE_PREFIX_PATH=/home/joanne/bookros2_ws/install/controller_manager:/home/joanne/bookros2_ws/install/controller_interface:/home/joanne/bookros2_ws/install/hardware_interface:/home/joanne/bookros2_ws/install/ros2_control_test_assets:/home/joanne/bookros2_ws/install/controller_manager_msgs:/opt/ros/foxy LD_LIBRARY_PATH=/home/joanne/bookros2_ws/install/controller_manager/lib:/home/joanne/bookros2_ws/install/controller_interface/lib:/home/joanne/bookros2_ws/install/hardware_interface/lib:/home/joanne/bookros2_ws/install/controller_manager_msgs/lib:${LD_LIBRARY_PATH} PYTHONPATH=/home/joanne/bookros2_ws/install/ros2controlcli/lib/python3.8/site-packages:/home/joanne/bookros2_ws/install/controller_manager/lib/python3.8/site-packages:/home/joanne/bookros2_ws/install/controller_manager_msgs/lib/python3.8/site-packages:${PYTHONPATH} /usr/bin/cmake /home/joanne/bookros2_ws/src/ThirdParty/ros2_control/ros2_control -DCMAKE_INSTALL_PREFIX=/home/joanne/bookros2_ws/install/ros2_control
[2.557s] Invoking command in '/home/joanne/bookros2_ws/build/ros2_control': AMENT_PREFIX_PATH=/home/joanne/bookros2_ws/install/ros2controlcli:/home/joanne/bookros2_ws/install/controller_manager:/home/joanne/bookros2_ws/install/controller_interface:/home/joanne/bookros2_ws/install/hardware_interface:/home/joanne/bookros2_ws/install/ros2_control_test_assets:/home/joanne/bookros2_ws/install/controller_manager_msgs:${AMENT_PREFIX_PATH} CMAKE_PREFIX_PATH=/home/joanne/bookros2_ws/install/controller_manager:/home/joanne/bookros2_ws/install/controller_interface:/home/joanne/bookros2_ws/install/hardware_interface:/home/joanne/bookros2_ws/install/ros2_control_test_assets:/home/joanne/bookros2_ws/install/controller_manager_msgs:/opt/ros/foxy LD_LIBRARY_PATH=/home/joanne/bookros2_ws/install/controller_manager/lib:/home/joanne/bookros2_ws/install/controller_interface/lib:/home/joanne/bookros2_ws/install/hardware_interface/lib:/home/joanne/bookros2_ws/install/controller_manager_msgs/lib:${LD_LIBRARY_PATH} PYTHONPATH=/home/joanne/bookros2_ws/install/ros2controlcli/lib/python3.8/site-packages:/home/joanne/bookros2_ws/install/controller_manager/lib/python3.8/site-packages:/home/joanne/bookros2_ws/install/controller_manager_msgs/lib/python3.8/site-packages:${PYTHONPATH} /usr/bin/cmake --build /home/joanne/bookros2_ws/build/ros2_control -- -j8 -l8
[44.813s] Invoked command in '/home/joanne/bookros2_ws/build/ros2_control' returned '0': AMENT_PREFIX_PATH=/home/joanne/bookros2_ws/install/ros2controlcli:/home/joanne/bookros2_ws/install/controller_manager:/home/joanne/bookros2_ws/install/controller_interface:/home/joanne/bookros2_ws/install/hardware_interface:/home/joanne/bookros2_ws/install/ros2_control_test_assets:/home/joanne/bookros2_ws/install/controller_manager_msgs:${AMENT_PREFIX_PATH} CMAKE_PREFIX_PATH=/home/joanne/bookros2_ws/install/controller_manager:/home/joanne/bookros2_ws/install/controller_interface:/home/joanne/bookros2_ws/install/hardware_interface:/home/joanne/bookros2_ws/install/ros2_control_test_assets:/home/joanne/bookros2_ws/install/controller_manager_msgs:/opt/ros/foxy LD_LIBRARY_PATH=/home/joanne/bookros2_ws/install/controller_manager/lib:/home/joanne/bookros2_ws/install/controller_interface/lib:/home/joanne/bookros2_ws/install/hardware_interface/lib:/home/joanne/bookros2_ws/install/controller_manager_msgs/lib:${LD_LIBRARY_PATH} PYTHONPATH=/home/joanne/bookros2_ws/install/ros2controlcli/lib/python3.8/site-packages:/home/joanne/bookros2_ws/install/controller_manager/lib/python3.8/site-packages:/home/joanne/bookros2_ws/install/controller_manager_msgs/lib/python3.8/site-packages:${PYTHONPATH} /usr/bin/cmake --build /home/joanne/bookros2_ws/build/ros2_control -- -j8 -l8
[44.815s] Invoking command in '/home/joanne/bookros2_ws/build/ros2_control': AMENT_PREFIX_PATH=/home/joanne/bookros2_ws/install/ros2controlcli:/home/joanne/bookros2_ws/install/controller_manager:/home/joanne/bookros2_ws/install/controller_interface:/home/joanne/bookros2_ws/install/hardware_interface:/home/joanne/bookros2_ws/install/ros2_control_test_assets:/home/joanne/bookros2_ws/install/controller_manager_msgs:${AMENT_PREFIX_PATH} CMAKE_PREFIX_PATH=/home/joanne/bookros2_ws/install/controller_manager:/home/joanne/bookros2_ws/install/controller_interface:/home/joanne/bookros2_ws/install/hardware_interface:/home/joanne/bookros2_ws/install/ros2_control_test_assets:/home/joanne/bookros2_ws/install/controller_manager_msgs:/opt/ros/foxy LD_LIBRARY_PATH=/home/joanne/bookros2_ws/install/controller_manager/lib:/home/joanne/bookros2_ws/install/controller_interface/lib:/home/joanne/bookros2_ws/install/hardware_interface/lib:/home/joanne/bookros2_ws/install/controller_manager_msgs/lib:${LD_LIBRARY_PATH} PYTHONPATH=/home/joanne/bookros2_ws/install/ros2controlcli/lib/python3.8/site-packages:/home/joanne/bookros2_ws/install/controller_manager/lib/python3.8/site-packages:/home/joanne/bookros2_ws/install/controller_manager_msgs/lib/python3.8/site-packages:${PYTHONPATH} /usr/bin/cmake --install /home/joanne/bookros2_ws/build/ros2_control
[46.889s] -- Install configuration: ""
[46.889s] -- Installing: /home/joanne/bookros2_ws/install/ros2_control/share/ament_index/resource_index/package_run_dependencies/ros2_control
[46.889s] -- Installing: /home/joanne/bookros2_ws/install/ros2_control/share/ament_index/resource_index/parent_prefix_path/ros2_control
[46.889s] -- Installing: /home/joanne/bookros2_ws/install/ros2_control/share/ros2_control/environment/ament_prefix_path.sh
[46.890s] -- Installing: /home/joanne/bookros2_ws/install/ros2_control/share/ros2_control/environment/ament_prefix_path.dsv
[46.890s] -- Installing: /home/joanne/bookros2_ws/install/ros2_control/share/ros2_control/environment/path.sh
[46.890s] -- Installing: /home/joanne/bookros2_ws/install/ros2_control/share/ros2_control/environment/path.dsv
[46.890s] -- Installing: /home/joanne/bookros2_ws/install/ros2_control/share/ros2_control/local_setup.bash
[46.890s] -- Installing: /home/joanne/bookros2_ws/install/ros2_control/share/ros2_control/local_setup.sh
[46.891s] -- Installing: /home/joanne/bookros2_ws/install/ros2_control/share/ros2_control/local_setup.zsh
[46.892s] -- Installing: /home/joanne/bookros2_ws/install/ros2_control/share/ros2_control/local_setup.dsv
[46.892s] -- Installing: /home/joanne/bookros2_ws/install/ros2_control/share/ros2_control/package.dsv
[46.892s] -- Installing: /home/joanne/bookros2_ws/install/ros2_control/share/ament_index/resource_index/packages/ros2_control
[46.892s] -- Installing: /home/joanne/bookros2_ws/install/ros2_control/share/ros2_control/cmake/ros2_controlConfig.cmake
[46.892s] -- Installing: /home/joanne/bookros2_ws/install/ros2_control/share/ros2_control/cmake/ros2_controlConfig-version.cmake
[46.892s] -- Installing: /home/joanne/bookros2_ws/install/ros2_control/share/ros2_control/package.xml
[46.948s] Invoked command in '/home/joanne/bookros2_ws/build/ros2_control' returned '0': AMENT_PREFIX_PATH=/home/joanne/bookros2_ws/install/ros2controlcli:/home/joanne/bookros2_ws/install/controller_manager:/home/joanne/bookros2_ws/install/controller_interface:/home/joanne/bookros2_ws/install/hardware_interface:/home/joanne/bookros2_ws/install/ros2_control_test_assets:/home/joanne/bookros2_ws/install/controller_manager_msgs:${AMENT_PREFIX_PATH} CMAKE_PREFIX_PATH=/home/joanne/bookros2_ws/install/controller_manager:/home/joanne/bookros2_ws/install/controller_interface:/home/joanne/bookros2_ws/install/hardware_interface:/home/joanne/bookros2_ws/install/ros2_control_test_assets:/home/joanne/bookros2_ws/install/controller_manager_msgs:/opt/ros/foxy LD_LIBRARY_PATH=/home/joanne/bookros2_ws/install/controller_manager/lib:/home/joanne/bookros2_ws/install/controller_interface/lib:/home/joanne/bookros2_ws/install/hardware_interface/lib:/home/joanne/bookros2_ws/install/controller_manager_msgs/lib:${LD_LIBRARY_PATH} PYTHONPATH=/home/joanne/bookros2_ws/install/ros2controlcli/lib/python3.8/site-packages:/home/joanne/bookros2_ws/install/controller_manager/lib/python3.8/site-packages:/home/joanne/bookros2_ws/install/controller_manager_msgs/lib/python3.8/site-packages:${PYTHONPATH} /usr/bin/cmake --install /home/joanne/bookros2_ws/build/ros2_control
