running egg_info
creating ../../../build/br2_fsm_bumpgo_py/br2_fsm_bumpgo_py.egg-info
writing ../../../build/br2_fsm_bumpgo_py/br2_fsm_bumpgo_py.egg-info/PKG-INFO
writing dependency_links to ../../../build/br2_fsm_bumpgo_py/br2_fsm_bumpgo_py.egg-info/dependency_links.txt
writing entry points to ../../../build/br2_fsm_bumpgo_py/br2_fsm_bumpgo_py.egg-info/entry_points.txt
writing requirements to ../../../build/br2_fsm_bumpgo_py/br2_fsm_bumpgo_py.egg-info/requires.txt
writing top-level names to ../../../build/br2_fsm_bumpgo_py/br2_fsm_bumpgo_py.egg-info/top_level.txt
writing manifest file '../../../build/br2_fsm_bumpgo_py/br2_fsm_bumpgo_py.egg-info/SOURCES.txt'
reading manifest file '../../../build/br2_fsm_bumpgo_py/br2_fsm_bumpgo_py.egg-info/SOURCES.txt'
writing manifest file '../../../build/br2_fsm_bumpgo_py/br2_fsm_bumpgo_py.egg-info/SOURCES.txt'
running build
running build_py
creating /home/joanne/bookros2_ws/build/br2_fsm_bumpgo_py/build
creating /home/joanne/bookros2_ws/build/br2_fsm_bumpgo_py/build/lib
creating /home/joanne/bookros2_ws/build/br2_fsm_bumpgo_py/build/lib/br2_fsm_bumpgo_py
copying br2_fsm_bumpgo_py/__init__.py -> /home/joanne/bookros2_ws/build/br2_fsm_bumpgo_py/build/lib/br2_fsm_bumpgo_py
copying br2_fsm_bumpgo_py/bump_go_main.py -> /home/joanne/bookros2_ws/build/br2_fsm_bumpgo_py/build/lib/br2_fsm_bumpgo_py
running install
running install_lib
creating /home/joanne/bookros2_ws/install/br2_fsm_bumpgo_py/lib/python3.8/site-packages/br2_fsm_bumpgo_py
copying /home/joanne/bookros2_ws/build/br2_fsm_bumpgo_py/build/lib/br2_fsm_bumpgo_py/__init__.py -> /home/joanne/bookros2_ws/install/br2_fsm_bumpgo_py/lib/python3.8/site-packages/br2_fsm_bumpgo_py
copying /home/joanne/bookros2_ws/build/br2_fsm_bumpgo_py/build/lib/br2_fsm_bumpgo_py/bump_go_main.py -> /home/joanne/bookros2_ws/install/br2_fsm_bumpgo_py/lib/python3.8/site-packages/br2_fsm_bumpgo_py
byte-compiling /home/joanne/bookros2_ws/install/br2_fsm_bumpgo_py/lib/python3.8/site-packages/br2_fsm_bumpgo_py/__init__.py to __init__.cpython-38.pyc
byte-compiling /home/joanne/bookros2_ws/install/br2_fsm_bumpgo_py/lib/python3.8/site-packages/br2_fsm_bumpgo_py/bump_go_main.py to bump_go_main.cpython-38.pyc
running install_data
creating /home/joanne/bookros2_ws/install/br2_fsm_bumpgo_py/share/ament_index
creating /home/joanne/bookros2_ws/install/br2_fsm_bumpgo_py/share/ament_index/resource_index
creating /home/joanne/bookros2_ws/install/br2_fsm_bumpgo_py/share/ament_index/resource_index/packages
copying resource/br2_fsm_bumpgo_py -> /home/joanne/bookros2_ws/install/br2_fsm_bumpgo_py/share/ament_index/resource_index/packages
copying package.xml -> /home/joanne/bookros2_ws/install/br2_fsm_bumpgo_py/share/br2_fsm_bumpgo_py
creating /home/joanne/bookros2_ws/install/br2_fsm_bumpgo_py/share/br2_fsm_bumpgo_py/launch
copying launch/bump_and_go.launch.py -> /home/joanne/bookros2_ws/install/br2_fsm_bumpgo_py/share/br2_fsm_bumpgo_py/launch
running install_egg_info
Copying ../../../build/br2_fsm_bumpgo_py/br2_fsm_bumpgo_py.egg-info to /home/joanne/bookros2_ws/install/br2_fsm_bumpgo_py/lib/python3.8/site-packages/br2_fsm_bumpgo_py-0.0.0-py3.8.egg-info
running install_scripts
Installing bump_go_main script to /home/joanne/bookros2_ws/install/br2_fsm_bumpgo_py/lib/br2_fsm_bumpgo_py
writing list of installed files to '/home/joanne/bookros2_ws/build/br2_fsm_bumpgo_py/install.log'
