[2.281s] Invoking command in '/home/joanne/bookros2_ws/src/book_ros2/br2_fsm_bumpgo_py': PYTHONPATH=/home/joanne/bookros2_ws/build/br2_fsm_bumpgo_py/prefix_override:/usr/lib/python3/dist-packages/colcon_core/task/python/colcon_distutils_commands:/home/joanne/bookros2_ws/install/br2_fsm_bumpgo_py/lib/python3.8/site-packages:${PYTHONPATH} /usr/bin/python3 -W ignore:setup.py install is deprecated -W ignore:easy_install command is deprecated setup.py egg_info --egg-base ../../../build/br2_fsm_bumpgo_py build --build-base /home/joanne/bookros2_ws/build/br2_fsm_bumpgo_py/build install --record /home/joanne/bookros2_ws/build/br2_fsm_bumpgo_py/install.log --single-version-externally-managed install_data
[2.904s] running egg_info
[2.904s] creating ../../../build/br2_fsm_bumpgo_py/br2_fsm_bumpgo_py.egg-info
[2.904s] writing ../../../build/br2_fsm_bumpgo_py/br2_fsm_bumpgo_py.egg-info/PKG-INFO
[2.904s] writing dependency_links to ../../../build/br2_fsm_bumpgo_py/br2_fsm_bumpgo_py.egg-info/dependency_links.txt
[2.904s] writing entry points to ../../../build/br2_fsm_bumpgo_py/br2_fsm_bumpgo_py.egg-info/entry_points.txt
[2.904s] writing requirements to ../../../build/br2_fsm_bumpgo_py/br2_fsm_bumpgo_py.egg-info/requires.txt
[2.904s] writing top-level names to ../../../build/br2_fsm_bumpgo_py/br2_fsm_bumpgo_py.egg-info/top_level.txt
[2.904s] writing manifest file '../../../build/br2_fsm_bumpgo_py/br2_fsm_bumpgo_py.egg-info/SOURCES.txt'
[2.905s] reading manifest file '../../../build/br2_fsm_bumpgo_py/br2_fsm_bumpgo_py.egg-info/SOURCES.txt'
[2.905s] writing manifest file '../../../build/br2_fsm_bumpgo_py/br2_fsm_bumpgo_py.egg-info/SOURCES.txt'
[2.905s] running build
[2.905s] running build_py
[2.905s] creating /home/joanne/bookros2_ws/build/br2_fsm_bumpgo_py/build
[2.905s] creating /home/joanne/bookros2_ws/build/br2_fsm_bumpgo_py/build/lib
[2.905s] creating /home/joanne/bookros2_ws/build/br2_fsm_bumpgo_py/build/lib/br2_fsm_bumpgo_py
[2.905s] copying br2_fsm_bumpgo_py/__init__.py -> /home/joanne/bookros2_ws/build/br2_fsm_bumpgo_py/build/lib/br2_fsm_bumpgo_py
[2.905s] copying br2_fsm_bumpgo_py/bump_go_main.py -> /home/joanne/bookros2_ws/build/br2_fsm_bumpgo_py/build/lib/br2_fsm_bumpgo_py
[2.905s] running install
[2.906s] running install_lib
[2.906s] creating /home/joanne/bookros2_ws/install/br2_fsm_bumpgo_py/lib/python3.8/site-packages/br2_fsm_bumpgo_py
[2.906s] copying /home/joanne/bookros2_ws/build/br2_fsm_bumpgo_py/build/lib/br2_fsm_bumpgo_py/__init__.py -> /home/joanne/bookros2_ws/install/br2_fsm_bumpgo_py/lib/python3.8/site-packages/br2_fsm_bumpgo_py
[2.906s] copying /home/joanne/bookros2_ws/build/br2_fsm_bumpgo_py/build/lib/br2_fsm_bumpgo_py/bump_go_main.py -> /home/joanne/bookros2_ws/install/br2_fsm_bumpgo_py/lib/python3.8/site-packages/br2_fsm_bumpgo_py
[2.906s] byte-compiling /home/joanne/bookros2_ws/install/br2_fsm_bumpgo_py/lib/python3.8/site-packages/br2_fsm_bumpgo_py/__init__.py to __init__.cpython-38.pyc
[2.906s] byte-compiling /home/joanne/bookros2_ws/install/br2_fsm_bumpgo_py/lib/python3.8/site-packages/br2_fsm_bumpgo_py/bump_go_main.py to bump_go_main.cpython-38.pyc
[2.906s] running install_data
[2.906s] creating /home/joanne/bookros2_ws/install/br2_fsm_bumpgo_py/share/ament_index
[2.906s] creating /home/joanne/bookros2_ws/install/br2_fsm_bumpgo_py/share/ament_index/resource_index
[2.906s] creating /home/joanne/bookros2_ws/install/br2_fsm_bumpgo_py/share/ament_index/resource_index/packages
[2.906s] copying resource/br2_fsm_bumpgo_py -> /home/joanne/bookros2_ws/install/br2_fsm_bumpgo_py/share/ament_index/resource_index/packages
[2.907s] copying package.xml -> /home/joanne/bookros2_ws/install/br2_fsm_bumpgo_py/share/br2_fsm_bumpgo_py
[2.907s] creating /home/joanne/bookros2_ws/install/br2_fsm_bumpgo_py/share/br2_fsm_bumpgo_py/launch
[2.907s] copying launch/bump_and_go.launch.py -> /home/joanne/bookros2_ws/install/br2_fsm_bumpgo_py/share/br2_fsm_bumpgo_py/launch
[2.907s] running install_egg_info
[2.907s] Copying ../../../build/br2_fsm_bumpgo_py/br2_fsm_bumpgo_py.egg-info to /home/joanne/bookros2_ws/install/br2_fsm_bumpgo_py/lib/python3.8/site-packages/br2_fsm_bumpgo_py-0.0.0-py3.8.egg-info
[2.907s] running install_scripts
[2.942s] Installing bump_go_main script to /home/joanne/bookros2_ws/install/br2_fsm_bumpgo_py/lib/br2_fsm_bumpgo_py
[2.943s] writing list of installed files to '/home/joanne/bookros2_ws/build/br2_fsm_bumpgo_py/install.log'
[2.991s] Invoked command in '/home/joanne/bookros2_ws/src/book_ros2/br2_fsm_bumpgo_py' returned '0': PYTHONPATH=/home/joanne/bookros2_ws/build/br2_fsm_bumpgo_py/prefix_override:/usr/lib/python3/dist-packages/colcon_core/task/python/colcon_distutils_commands:/home/joanne/bookros2_ws/install/br2_fsm_bumpgo_py/lib/python3.8/site-packages:${PYTHONPATH} /usr/bin/python3 -W ignore:setup.py install is deprecated -W ignore:easy_install command is deprecated setup.py egg_info --egg-base ../../../build/br2_fsm_bumpgo_py build --build-base /home/joanne/bookros2_ws/build/br2_fsm_bumpgo_py/build install --record /home/joanne/bookros2_ws/build/br2_fsm_bumpgo_py/install.log --single-version-externally-managed install_data
