[35m[1mScanning dependencies of target br2_tf2_detector[0m
[ 11%] [32mBuilding CXX object CMakeFiles/br2_tf2_detector.dir/src/br2_tf2_detector/ObstacleDetectorNode.cpp.o[0m
In file included from [01m[K/home/joanne/bookros2_ws/src/book_ros2/br2_tf2_detector/src/br2_tf2_detector/ObstacleDetectorNode.cpp:17[m[K:
[01m[K/home/joanne/bookros2_ws/src/book_ros2/br2_tf2_detector/include/br2_tf2_detector/ObstacleDetectorNode.hpp:42:36:[m[K [01;31m[Kerror: [m[Kredeclaration of ‘[01m[Kstd::unique_ptr<tf2_ros::Buffer> br2_tf2_detector::ObstacleDetectorNode::tf_buffer_[m[K’
   42 |   std::unique_ptr<tf2_ros::Buffer> [01;31m[Ktf_buffer_[m[K;
      |                                    [01;31m[K^~~~~~~~~~[m[K
[01m[K/home/joanne/bookros2_ws/src/book_ros2/br2_tf2_detector/include/br2_tf2_detector/ObstacleDetectorNode.hpp:37:19:[m[K [01;36m[Knote: [m[Kprevious declaration ‘[01m[Ktf2::BufferCore br2_tf2_detector::ObstacleDetectorNode::tf_buffer_[m[K’
   37 |   tf2::BufferCore [01;36m[Ktf_buffer_[m[K;
      |                   [01;36m[K^~~~~~~~~~[m[K
[01m[K/home/joanne/bookros2_ws/src/book_ros2/br2_tf2_detector/src/br2_tf2_detector/ObstacleDetectorNode.cpp:[m[K In constructor ‘[01m[Kbr2_tf2_detector::ObstacleDetectorNode::ObstacleDetectorNode()[m[K’:
[01m[K/home/joanne/bookros2_ws/src/book_ros2/br2_tf2_detector/src/br2_tf2_detector/ObstacleDetectorNode.cpp:37:67:[m[K [01;31m[Kerror: [m[Kno match for ‘[01m[Koperator=[m[K’ (operand types are ‘[01m[Ktf2::BufferCore[m[K’ and ‘[01m[Kstd::_MakeUniq<tf2_ros::Buffer>::__single_object[m[K’ {aka ‘[01m[Kstd::unique_ptr<tf2_ros::Buffer>[m[K’})
   37 |   tf_buffer_ = std::make_unique<tf2_ros::Buffer>(this->get_clock()[01;31m[K)[m[K;
      |                                                                   [01;31m[K^[m[K
In file included from [01m[K/opt/ros/foxy/include/tf2_ros/buffer.h:43[m[K,
                 from [01m[K/home/joanne/bookros2_ws/src/book_ros2/br2_tf2_detector/include/br2_tf2_detector/ObstacleDetectorNode.hpp:21[m[K,
                 from [01m[K/home/joanne/bookros2_ws/src/book_ros2/br2_tf2_detector/src/br2_tf2_detector/ObstacleDetectorNode.cpp:17[m[K:
[01m[K/opt/ros/foxy/include/tf2/buffer_core.h:92:7:[m[K [01;36m[Knote: [m[Kcandidate: ‘[01m[Ktf2::BufferCore& tf2::BufferCore::operator=(const tf2::BufferCore&)[m[K’ <deleted>
   92 | class [01;36m[KBufferCore[m[K : public BufferCoreInterface
      |       [01;36m[K^~~~~~~~~~[m[K
[01m[K/opt/ros/foxy/include/tf2/buffer_core.h:92:7:[m[K [01;36m[Knote: [m[K  no known conversion for argument 1 from ‘[01m[Kstd::_MakeUniq<tf2_ros::Buffer>::__single_object[m[K’ {aka ‘[01m[Kstd::unique_ptr<tf2_ros::Buffer>[m[K’} to ‘[01m[Kconst tf2::BufferCore&[m[K’
make[2]: *** [CMakeFiles/br2_tf2_detector.dir/build.make:63: CMakeFiles/br2_tf2_detector.dir/src/br2_tf2_detector/ObstacleDetectorNode.cpp.o] Error 1
make[1]: *** [CMakeFiles/Makefile2:109: CMakeFiles/br2_tf2_detector.dir/all] Error 2
make: *** [Makefile:141: all] Error 2
