-- Found ament_cmake_auto: 0.9.12 (/opt/ros/foxy/share/ament_cmake_auto/cmake)
-- Using PYTHON_EXECUTABLE: /usr/bin/python3
-- Override CMake install command with custom implementation using symlinks instead of copying resources
-- Configuring done
-- Generating done
-- Build files have been written to: /home/joanne/bookros2_ws/build/tiago_description_calibration
-- Install configuration: ""
-- Execute custom install script
-- Symlinking: /home/joanne/bookros2_ws/install/tiago_description_calibration/share/tiago_description_calibration/urdf/calibration/calibration_constants.urdf.xacro
-- Symlinking: /home/joanne/bookros2_ws/install/tiago_description_calibration/share/tiago_description_calibration/urdf/calibration/extrinsic_camera_calibration_constants.urdf.xacro
-- Symlinking: /home/joanne/bookros2_ws/install/tiago_description_calibration/share/tiago_description_calibration/urdf/deg_to_rad.xacro
-- Symlinking: /home/joanne/bookros2_ws/install/tiago_description_calibration/share/ament_index/resource_index/package_run_dependencies/tiago_description_calibration
-- Symlinking: /home/joanne/bookros2_ws/install/tiago_description_calibration/share/ament_index/resource_index/parent_prefix_path/tiago_description_calibration
-- Symlinking: /home/joanne/bookros2_ws/install/tiago_description_calibration/share/tiago_description_calibration/environment/ament_prefix_path.sh
-- Symlinking: /home/joanne/bookros2_ws/install/tiago_description_calibration/share/tiago_description_calibration/environment/ament_prefix_path.dsv
-- Symlinking: /home/joanne/bookros2_ws/install/tiago_description_calibration/share/tiago_description_calibration/environment/path.sh
-- Symlinking: /home/joanne/bookros2_ws/install/tiago_description_calibration/share/tiago_description_calibration/environment/path.dsv
-- Symlinking: /home/joanne/bookros2_ws/install/tiago_description_calibration/share/tiago_description_calibration/local_setup.bash
-- Symlinking: /home/joanne/bookros2_ws/install/tiago_description_calibration/share/tiago_description_calibration/local_setup.sh
-- Symlinking: /home/joanne/bookros2_ws/install/tiago_description_calibration/share/tiago_description_calibration/local_setup.zsh
-- Symlinking: /home/joanne/bookros2_ws/install/tiago_description_calibration/share/tiago_description_calibration/local_setup.dsv
-- Symlinking: /home/joanne/bookros2_ws/install/tiago_description_calibration/share/tiago_description_calibration/package.dsv
-- Symlinking: /home/joanne/bookros2_ws/install/tiago_description_calibration/share/ament_index/resource_index/packages/tiago_description_calibration
-- Symlinking: /home/joanne/bookros2_ws/install/tiago_description_calibration/share/tiago_description_calibration/cmake/tiago_description_calibrationConfig.cmake
-- Symlinking: /home/joanne/bookros2_ws/install/tiago_description_calibration/share/tiago_description_calibration/cmake/tiago_description_calibrationConfig-version.cmake
-- Symlinking: /home/joanne/bookros2_ws/install/tiago_description_calibration/share/tiago_description_calibration/package.xml
