[0.067s] Invoking command in '/home/joanne/bookros2_ws/build/br2_vff_avoidance': CMAKE_PREFIX_PATH=/opt/ros/foxy /usr/bin/cmake --build /home/joanne/bookros2_ws/build/br2_vff_avoidance -- -j8 -l8
[0.214s] [ 20%] Built target gtest
[0.229s] [ 40%] Built target gtest_main
[0.240s] [ 60%] Built target br2_vff_avoidance
[0.304s] [ 80%] Built target avoidance_vff
[0.314s] [100%] Built target vff_test
[0.350s] Invoked command in '/home/joanne/bookros2_ws/build/br2_vff_avoidance' returned '0': CMAKE_PREFIX_PATH=/opt/ros/foxy /usr/bin/cmake --build /home/joanne/bookros2_ws/build/br2_vff_avoidance -- -j8 -l8
[0.356s] Invoking command in '/home/joanne/bookros2_ws/build/br2_vff_avoidance': CMAKE_PREFIX_PATH=/opt/ros/foxy /usr/bin/cmake --install /home/joanne/bookros2_ws/build/br2_vff_avoidance
[0.369s] -- Install configuration: "Debug"
[0.369s] -- Execute custom install script
[0.370s] -- Up-to-date symlink: /home/joanne/bookros2_ws/install/br2_vff_avoidance/lib/libbr2_vff_avoidance.so
[0.370s] -- Up-to-date symlink: /home/joanne/bookros2_ws/install/br2_vff_avoidance/lib/br2_vff_avoidance/avoidance_vff
[0.371s] -- Up-to-date symlink: /home/joanne/bookros2_ws/install/br2_vff_avoidance/share/br2_vff_avoidance/launch/avoidance_vff.launch.py
[0.371s] -- Up-to-date symlink: /home/joanne/bookros2_ws/install/br2_vff_avoidance/share/ament_index/resource_index/package_run_dependencies/br2_vff_avoidance
[0.372s] -- Up-to-date symlink: /home/joanne/bookros2_ws/install/br2_vff_avoidance/share/ament_index/resource_index/parent_prefix_path/br2_vff_avoidance
[0.372s] -- Up-to-date symlink: /home/joanne/bookros2_ws/install/br2_vff_avoidance/share/br2_vff_avoidance/environment/ament_prefix_path.sh
[0.373s] -- Up-to-date symlink: /home/joanne/bookros2_ws/install/br2_vff_avoidance/share/br2_vff_avoidance/environment/ament_prefix_path.dsv
[0.373s] -- Up-to-date symlink: /home/joanne/bookros2_ws/install/br2_vff_avoidance/share/br2_vff_avoidance/environment/path.sh
[0.374s] -- Up-to-date symlink: /home/joanne/bookros2_ws/install/br2_vff_avoidance/share/br2_vff_avoidance/environment/path.dsv
[0.374s] -- Up-to-date symlink: /home/joanne/bookros2_ws/install/br2_vff_avoidance/share/br2_vff_avoidance/local_setup.bash
[0.374s] -- Up-to-date symlink: /home/joanne/bookros2_ws/install/br2_vff_avoidance/share/br2_vff_avoidance/local_setup.sh
[0.375s] -- Up-to-date symlink: /home/joanne/bookros2_ws/install/br2_vff_avoidance/share/br2_vff_avoidance/local_setup.zsh
[0.375s] -- Up-to-date symlink: /home/joanne/bookros2_ws/install/br2_vff_avoidance/share/br2_vff_avoidance/local_setup.dsv
[0.375s] -- Symlinking: /home/joanne/bookros2_ws/install/br2_vff_avoidance/share/br2_vff_avoidance/package.dsv
[0.390s] -- Up-to-date symlink: /home/joanne/bookros2_ws/install/br2_vff_avoidance/share/ament_index/resource_index/packages/br2_vff_avoidance
[0.390s] -- Up-to-date symlink: /home/joanne/bookros2_ws/install/br2_vff_avoidance/share/br2_vff_avoidance/cmake/ament_cmake_export_dependencies-extras.cmake
[0.391s] -- Up-to-date symlink: /home/joanne/bookros2_ws/install/br2_vff_avoidance/share/br2_vff_avoidance/cmake/br2_vff_avoidanceConfig.cmake
[0.392s] -- Up-to-date symlink: /home/joanne/bookros2_ws/install/br2_vff_avoidance/share/br2_vff_avoidance/cmake/br2_vff_avoidanceConfig-version.cmake
[0.392s] -- Up-to-date symlink: /home/joanne/bookros2_ws/install/br2_vff_avoidance/share/br2_vff_avoidance/package.xml
[0.454s] Invoked command in '/home/joanne/bookros2_ws/build/br2_vff_avoidance' returned '0': CMAKE_PREFIX_PATH=/opt/ros/foxy /usr/bin/cmake --install /home/joanne/bookros2_ws/build/br2_vff_avoidance
