[0.077s] Invoking command in '/home/joanne/bookros2_ws/build/tiago_controller_configuration': AMENT_PREFIX_PATH=/home/joanne/bookros2_ws/install/pal_gripper_controller_configuration:/home/joanne/bookros2_ws/install/position_controllers:/home/joanne/bookros2_ws/install/joint_state_controller:/home/joanne/bookros2_ws/install/joint_trajectory_controller:/home/joanne/bookros2_ws/install/joint_state_broadcaster:/home/joanne/bookros2_ws/install/forward_command_controller:/home/joanne/bookros2_ws/install/diff_drive_controller:/home/joanne/bookros2_ws/install/controller_manager:/home/joanne/bookros2_ws/install/controller_interface:/home/joanne/bookros2_ws/install/hardware_interface:/home/joanne/bookros2_ws/install/ros2_control_test_assets:/home/joanne/bookros2_ws/install/controller_manager_msgs:${AMENT_PREFIX_PATH} CMAKE_PREFIX_PATH=/home/joanne/bookros2_ws/install/pal_gripper_controller_configuration:/home/joanne/bookros2_ws/install/position_controllers:/home/joanne/bookros2_ws/install/joint_state_controller:/home/joanne/bookros2_ws/install/joint_trajectory_controller:/home/joanne/bookros2_ws/install/joint_state_broadcaster:/home/joanne/bookros2_ws/install/forward_command_controller:/home/joanne/bookros2_ws/install/diff_drive_controller:/home/joanne/bookros2_ws/install/controller_manager:/home/joanne/bookros2_ws/install/controller_interface:/home/joanne/bookros2_ws/install/hardware_interface:/home/joanne/bookros2_ws/install/ros2_control_test_assets:/home/joanne/bookros2_ws/install/controller_manager_msgs:/opt/ros/foxy LD_LIBRARY_PATH=/home/joanne/bookros2_ws/install/position_controllers/lib:/home/joanne/bookros2_ws/install/joint_state_controller/lib:/home/joanne/bookros2_ws/install/joint_trajectory_controller/lib:/home/joanne/bookros2_ws/install/joint_state_broadcaster/lib:/home/joanne/bookros2_ws/install/forward_command_controller/lib:/home/joanne/bookros2_ws/install/diff_drive_controller/lib:/home/joanne/bookros2_ws/install/controller_manager/lib:/home/joanne/bookros2_ws/install/controller_interface/lib:/home/joanne/bookros2_ws/install/hardware_interface/lib:/home/joanne/bookros2_ws/install/controller_manager_msgs/lib:${LD_LIBRARY_PATH} PYTHONPATH=/home/joanne/bookros2_ws/install/controller_manager/lib/python3.8/site-packages:/home/joanne/bookros2_ws/install/controller_manager_msgs/lib/python3.8/site-packages:${PYTHONPATH} /usr/bin/cmake --build /home/joanne/bookros2_ws/build/tiago_controller_configuration -- -j8 -l8
[0.162s] Invoked command in '/home/joanne/bookros2_ws/build/tiago_controller_configuration' returned '0': AMENT_PREFIX_PATH=/home/joanne/bookros2_ws/install/pal_gripper_controller_configuration:/home/joanne/bookros2_ws/install/position_controllers:/home/joanne/bookros2_ws/install/joint_state_controller:/home/joanne/bookros2_ws/install/joint_trajectory_controller:/home/joanne/bookros2_ws/install/joint_state_broadcaster:/home/joanne/bookros2_ws/install/forward_command_controller:/home/joanne/bookros2_ws/install/diff_drive_controller:/home/joanne/bookros2_ws/install/controller_manager:/home/joanne/bookros2_ws/install/controller_interface:/home/joanne/bookros2_ws/install/hardware_interface:/home/joanne/bookros2_ws/install/ros2_control_test_assets:/home/joanne/bookros2_ws/install/controller_manager_msgs:${AMENT_PREFIX_PATH} CMAKE_PREFIX_PATH=/home/joanne/bookros2_ws/install/pal_gripper_controller_configuration:/home/joanne/bookros2_ws/install/position_controllers:/home/joanne/bookros2_ws/install/joint_state_controller:/home/joanne/bookros2_ws/install/joint_trajectory_controller:/home/joanne/bookros2_ws/install/joint_state_broadcaster:/home/joanne/bookros2_ws/install/forward_command_controller:/home/joanne/bookros2_ws/install/diff_drive_controller:/home/joanne/bookros2_ws/install/controller_manager:/home/joanne/bookros2_ws/install/controller_interface:/home/joanne/bookros2_ws/install/hardware_interface:/home/joanne/bookros2_ws/install/ros2_control_test_assets:/home/joanne/bookros2_ws/install/controller_manager_msgs:/opt/ros/foxy LD_LIBRARY_PATH=/home/joanne/bookros2_ws/install/position_controllers/lib:/home/joanne/bookros2_ws/install/joint_state_controller/lib:/home/joanne/bookros2_ws/install/joint_trajectory_controller/lib:/home/joanne/bookros2_ws/install/joint_state_broadcaster/lib:/home/joanne/bookros2_ws/install/forward_command_controller/lib:/home/joanne/bookros2_ws/install/diff_drive_controller/lib:/home/joanne/bookros2_ws/install/controller_manager/lib:/home/joanne/bookros2_ws/install/controller_interface/lib:/home/joanne/bookros2_ws/install/hardware_interface/lib:/home/joanne/bookros2_ws/install/controller_manager_msgs/lib:${LD_LIBRARY_PATH} PYTHONPATH=/home/joanne/bookros2_ws/install/controller_manager/lib/python3.8/site-packages:/home/joanne/bookros2_ws/install/controller_manager_msgs/lib/python3.8/site-packages:${PYTHONPATH} /usr/bin/cmake --build /home/joanne/bookros2_ws/build/tiago_controller_configuration -- -j8 -l8
[0.166s] Invoking command in '/home/joanne/bookros2_ws/build/tiago_controller_configuration': AMENT_PREFIX_PATH=/home/joanne/bookros2_ws/install/pal_gripper_controller_configuration:/home/joanne/bookros2_ws/install/position_controllers:/home/joanne/bookros2_ws/install/joint_state_controller:/home/joanne/bookros2_ws/install/joint_trajectory_controller:/home/joanne/bookros2_ws/install/joint_state_broadcaster:/home/joanne/bookros2_ws/install/forward_command_controller:/home/joanne/bookros2_ws/install/diff_drive_controller:/home/joanne/bookros2_ws/install/controller_manager:/home/joanne/bookros2_ws/install/controller_interface:/home/joanne/bookros2_ws/install/hardware_interface:/home/joanne/bookros2_ws/install/ros2_control_test_assets:/home/joanne/bookros2_ws/install/controller_manager_msgs:${AMENT_PREFIX_PATH} CMAKE_PREFIX_PATH=/home/joanne/bookros2_ws/install/pal_gripper_controller_configuration:/home/joanne/bookros2_ws/install/position_controllers:/home/joanne/bookros2_ws/install/joint_state_controller:/home/joanne/bookros2_ws/install/joint_trajectory_controller:/home/joanne/bookros2_ws/install/joint_state_broadcaster:/home/joanne/bookros2_ws/install/forward_command_controller:/home/joanne/bookros2_ws/install/diff_drive_controller:/home/joanne/bookros2_ws/install/controller_manager:/home/joanne/bookros2_ws/install/controller_interface:/home/joanne/bookros2_ws/install/hardware_interface:/home/joanne/bookros2_ws/install/ros2_control_test_assets:/home/joanne/bookros2_ws/install/controller_manager_msgs:/opt/ros/foxy LD_LIBRARY_PATH=/home/joanne/bookros2_ws/install/position_controllers/lib:/home/joanne/bookros2_ws/install/joint_state_controller/lib:/home/joanne/bookros2_ws/install/joint_trajectory_controller/lib:/home/joanne/bookros2_ws/install/joint_state_broadcaster/lib:/home/joanne/bookros2_ws/install/forward_command_controller/lib:/home/joanne/bookros2_ws/install/diff_drive_controller/lib:/home/joanne/bookros2_ws/install/controller_manager/lib:/home/joanne/bookros2_ws/install/controller_interface/lib:/home/joanne/bookros2_ws/install/hardware_interface/lib:/home/joanne/bookros2_ws/install/controller_manager_msgs/lib:${LD_LIBRARY_PATH} PYTHONPATH=/home/joanne/bookros2_ws/install/controller_manager/lib/python3.8/site-packages:/home/joanne/bookros2_ws/install/controller_manager_msgs/lib/python3.8/site-packages:${PYTHONPATH} /usr/bin/cmake --install /home/joanne/bookros2_ws/build/tiago_controller_configuration
[0.185s] -- Install configuration: ""
[0.187s] -- Execute custom install script
[0.188s] -- Up-to-date symlink: /home/joanne/bookros2_ws/install/tiago_controller_configuration/share/tiago_controller_configuration/config/arm_controller.yaml
[0.188s] -- Up-to-date symlink: /home/joanne/bookros2_ws/install/tiago_controller_configuration/share/tiago_controller_configuration/config/current_limit_controllers.yaml
[0.188s] -- Up-to-date symlink: /home/joanne/bookros2_ws/install/tiago_controller_configuration/share/tiago_controller_configuration/config/custom_gravity_compensation_with_controller_wrist_controller.yaml
[0.189s] -- Up-to-date symlink: /home/joanne/bookros2_ws/install/tiago_controller_configuration/share/tiago_controller_configuration/config/default_safety_parameters.yaml
[0.189s] -- Up-to-date symlink: /home/joanne/bookros2_ws/install/tiago_controller_configuration/share/tiago_controller_configuration/config/gazebo_controller_manager_cfg.yaml
[0.189s] -- Up-to-date symlink: /home/joanne/bookros2_ws/install/tiago_controller_configuration/share/tiago_controller_configuration/config/head_controller.yaml
[0.189s] -- Up-to-date symlink: /home/joanne/bookros2_ws/install/tiago_controller_configuration/share/tiago_controller_configuration/config/joint_state_broadcaster.yaml
[0.190s] -- Up-to-date symlink: /home/joanne/bookros2_ws/install/tiago_controller_configuration/share/tiago_controller_configuration/config/joint_state_controller_extra_joints.yaml
[0.190s] -- Up-to-date symlink: /home/joanne/bookros2_ws/install/tiago_controller_configuration/share/tiago_controller_configuration/config/joint_trajectory_controllers.yaml
[0.190s] -- Up-to-date symlink: /home/joanne/bookros2_ws/install/tiago_controller_configuration/share/tiago_controller_configuration/config/local_joint_control/actuator_parameters/actuator_parameters_specific_params.yaml
[0.190s] -- Up-to-date symlink: /home/joanne/bookros2_ws/install/tiago_controller_configuration/share/tiago_controller_configuration/config/local_joint_control/actuator_parameters/actuator_safety_specific_params.yaml
[0.191s] -- Up-to-date symlink: /home/joanne/bookros2_ws/install/tiago_controller_configuration/share/tiago_controller_configuration/config/local_joint_control/actuator_parameters/arm_1_joint.yaml
[0.191s] -- Up-to-date symlink: /home/joanne/bookros2_ws/install/tiago_controller_configuration/share/tiago_controller_configuration/config/local_joint_control/actuator_parameters/arm_1_joint_safety.yaml
[0.191s] -- Up-to-date symlink: /home/joanne/bookros2_ws/install/tiago_controller_configuration/share/tiago_controller_configuration/config/local_joint_control/actuator_parameters/arm_2_joint.yaml
[0.192s] -- Up-to-date symlink: /home/joanne/bookros2_ws/install/tiago_controller_configuration/share/tiago_controller_configuration/config/local_joint_control/actuator_parameters/arm_2_joint_safety.yaml
[0.192s] -- Up-to-date symlink: /home/joanne/bookros2_ws/install/tiago_controller_configuration/share/tiago_controller_configuration/config/local_joint_control/actuator_parameters/arm_3_joint.yaml
[0.192s] -- Up-to-date symlink: /home/joanne/bookros2_ws/install/tiago_controller_configuration/share/tiago_controller_configuration/config/local_joint_control/actuator_parameters/arm_3_joint_safety.yaml
[0.193s] -- Up-to-date symlink: /home/joanne/bookros2_ws/install/tiago_controller_configuration/share/tiago_controller_configuration/config/local_joint_control/actuator_parameters/arm_4_joint.yaml
[0.193s] -- Up-to-date symlink: /home/joanne/bookros2_ws/install/tiago_controller_configuration/share/tiago_controller_configuration/config/local_joint_control/actuator_parameters/arm_4_joint_safety.yaml
[0.193s] -- Up-to-date symlink: /home/joanne/bookros2_ws/install/tiago_controller_configuration/share/tiago_controller_configuration/config/local_joint_control/actuator_parameters/arm_5_joint.yaml
[0.194s] -- Up-to-date symlink: /home/joanne/bookros2_ws/install/tiago_controller_configuration/share/tiago_controller_configuration/config/local_joint_control/actuator_parameters/arm_5_joint_safety.yaml
[0.194s] -- Up-to-date symlink: /home/joanne/bookros2_ws/install/tiago_controller_configuration/share/tiago_controller_configuration/config/local_joint_control/actuator_parameters/arm_6_joint.yaml
[0.194s] -- Up-to-date symlink: /home/joanne/bookros2_ws/install/tiago_controller_configuration/share/tiago_controller_configuration/config/local_joint_control/actuator_parameters/arm_6_joint_safety.yaml
[0.194s] -- Up-to-date symlink: /home/joanne/bookros2_ws/install/tiago_controller_configuration/share/tiago_controller_configuration/config/local_joint_control/actuator_parameters/arm_7_joint.yaml
[0.195s] -- Up-to-date symlink: /home/joanne/bookros2_ws/install/tiago_controller_configuration/share/tiago_controller_configuration/config/local_joint_control/actuator_parameters/arm_7_joint_safety.yaml
[0.195s] -- Up-to-date symlink: /home/joanne/bookros2_ws/install/tiago_controller_configuration/share/tiago_controller_configuration/config/local_joint_control/actuator_parameters/head_1_joint.yaml
[0.196s] -- Up-to-date symlink: /home/joanne/bookros2_ws/install/tiago_controller_configuration/share/tiago_controller_configuration/config/local_joint_control/actuator_parameters/head_2_joint.yaml
[0.196s] -- Up-to-date symlink: /home/joanne/bookros2_ws/install/tiago_controller_configuration/share/tiago_controller_configuration/config/local_joint_control/actuator_parameters/torso_lift_joint.yaml
[0.196s] -- Up-to-date symlink: /home/joanne/bookros2_ws/install/tiago_controller_configuration/share/tiago_controller_configuration/config/local_joint_control/direct_effort_control/arm_1_joint.yaml
[0.196s] -- Up-to-date symlink: /home/joanne/bookros2_ws/install/tiago_controller_configuration/share/tiago_controller_configuration/config/local_joint_control/direct_effort_control/arm_2_joint.yaml
[0.196s] -- Up-to-date symlink: /home/joanne/bookros2_ws/install/tiago_controller_configuration/share/tiago_controller_configuration/config/local_joint_control/direct_effort_control/arm_3_joint.yaml
[0.197s] -- Up-to-date symlink: /home/joanne/bookros2_ws/install/tiago_controller_configuration/share/tiago_controller_configuration/config/local_joint_control/direct_effort_control/arm_4_joint.yaml
[0.197s] -- Up-to-date symlink: /home/joanne/bookros2_ws/install/tiago_controller_configuration/share/tiago_controller_configuration/config/local_joint_control/direct_effort_control/arm_5_joint.yaml
[0.197s] -- Up-to-date symlink: /home/joanne/bookros2_ws/install/tiago_controller_configuration/share/tiago_controller_configuration/config/local_joint_control/direct_effort_control/arm_6_joint.yaml
[0.200s] -- Up-to-date symlink: /home/joanne/bookros2_ws/install/tiago_controller_configuration/share/tiago_controller_configuration/config/local_joint_control/direct_effort_control/arm_7_joint.yaml
[0.203s] -- Up-to-date symlink: /home/joanne/bookros2_ws/install/tiago_controller_configuration/share/tiago_controller_configuration/config/local_joint_control/no_control/arm_1_joint_params.yaml
[0.206s] -- Up-to-date symlink: /home/joanne/bookros2_ws/install/tiago_controller_configuration/share/tiago_controller_configuration/config/local_joint_control/no_control/arm_2_joint_params.yaml
[0.206s] -- Up-to-date symlink: /home/joanne/bookros2_ws/install/tiago_controller_configuration/share/tiago_controller_configuration/config/local_joint_control/no_control/arm_3_joint_params.yaml
[0.206s] -- Up-to-date symlink: /home/joanne/bookros2_ws/install/tiago_controller_configuration/share/tiago_controller_configuration/config/local_joint_control/no_control/arm_4_joint_params.yaml
[0.206s] -- Up-to-date symlink: /home/joanne/bookros2_ws/install/tiago_controller_configuration/share/tiago_controller_configuration/config/local_joint_control/no_control/arm_5_joint_params.yaml
[0.207s] -- Up-to-date symlink: /home/joanne/bookros2_ws/install/tiago_controller_configuration/share/tiago_controller_configuration/config/local_joint_control/no_control/arm_6_joint_params.yaml
[0.209s] -- Up-to-date symlink: /home/joanne/bookros2_ws/install/tiago_controller_configuration/share/tiago_controller_configuration/config/local_joint_control/no_control/arm_7_joint_params.yaml
[0.210s] -- Up-to-date symlink: /home/joanne/bookros2_ws/install/tiago_controller_configuration/share/tiago_controller_configuration/config/local_joint_control/no_control/torso_lift_joint_params.yaml
[0.210s] -- Up-to-date symlink: /home/joanne/bookros2_ws/install/tiago_controller_configuration/share/tiago_controller_configuration/config/mobile_base_controller.yaml
[0.211s] -- Up-to-date symlink: /home/joanne/bookros2_ws/install/tiago_controller_configuration/share/tiago_controller_configuration/config/mobile_base_controller_multipliers.yaml
[0.211s] -- Up-to-date symlink: /home/joanne/bookros2_ws/install/tiago_controller_configuration/share/tiago_controller_configuration/config/pal-gripper_gravity_compensation_with_controller_wrist_controller.yaml
[0.211s] -- Up-to-date symlink: /home/joanne/bookros2_ws/install/tiago_controller_configuration/share/tiago_controller_configuration/config/pal-gripper_joint_trajectory_controllers.yaml
[0.211s] -- Up-to-date symlink: /home/joanne/bookros2_ws/install/tiago_controller_configuration/share/tiago_controller_configuration/config/pal-hey5_gravity_compensation_with_controller_wrist_controller.yaml
[0.212s] -- Up-to-date symlink: /home/joanne/bookros2_ws/install/tiago_controller_configuration/share/tiago_controller_configuration/config/pal-hey5_joint_trajectory_controllers.yaml
[0.212s] -- Up-to-date symlink: /home/joanne/bookros2_ws/install/tiago_controller_configuration/share/tiago_controller_configuration/config/pids.yaml
[0.212s] -- Up-to-date symlink: /home/joanne/bookros2_ws/install/tiago_controller_configuration/share/tiago_controller_configuration/config/schunk-wsg_gravity_compensation_with_controller_wrist_controller.yaml
[0.212s] -- Up-to-date symlink: /home/joanne/bookros2_ws/install/tiago_controller_configuration/share/tiago_controller_configuration/config/schunk-wsg_joint_trajectory_controllers.yaml
[0.213s] -- Up-to-date symlink: /home/joanne/bookros2_ws/install/tiago_controller_configuration/share/tiago_controller_configuration/config/torso_controller.yaml
[0.213s] -- Up-to-date symlink: /home/joanne/bookros2_ws/install/tiago_controller_configuration/share/tiago_controller_configuration/launch/arm_controller.launch.py
[0.215s] -- Up-to-date symlink: /home/joanne/bookros2_ws/install/tiago_controller_configuration/share/tiago_controller_configuration/launch/current_limit_controllers.launch
[0.216s] -- Up-to-date symlink: /home/joanne/bookros2_ws/install/tiago_controller_configuration/share/tiago_controller_configuration/launch/default_controllers.launch
[0.217s] -- Up-to-date symlink: /home/joanne/bookros2_ws/install/tiago_controller_configuration/share/tiago_controller_configuration/launch/default_controllers.launch.py
[0.217s] -- Up-to-date symlink: /home/joanne/bookros2_ws/install/tiago_controller_configuration/share/tiago_controller_configuration/launch/force_torque_controller.launch
[0.218s] -- Up-to-date symlink: /home/joanne/bookros2_ws/install/tiago_controller_configuration/share/tiago_controller_configuration/launch/gravity_compensation.launch
[0.218s] -- Up-to-date symlink: /home/joanne/bookros2_ws/install/tiago_controller_configuration/share/tiago_controller_configuration/launch/gripper_controller.launch
[0.218s] -- Up-to-date symlink: /home/joanne/bookros2_ws/install/tiago_controller_configuration/share/tiago_controller_configuration/launch/gripper_controller.launch.py
[0.218s] -- Up-to-date symlink: /home/joanne/bookros2_ws/install/tiago_controller_configuration/share/tiago_controller_configuration/launch/head_controller.launch.py
[0.218s] -- Up-to-date symlink: /home/joanne/bookros2_ws/install/tiago_controller_configuration/share/tiago_controller_configuration/launch/hey5_controller.launch
[0.218s] -- Up-to-date symlink: /home/joanne/bookros2_ws/install/tiago_controller_configuration/share/tiago_controller_configuration/launch/imu_controller.launch
[0.218s] -- Up-to-date symlink: /home/joanne/bookros2_ws/install/tiago_controller_configuration/share/tiago_controller_configuration/launch/joint_state_broadcaster.launch.py
[0.218s] -- Up-to-date symlink: /home/joanne/bookros2_ws/install/tiago_controller_configuration/share/tiago_controller_configuration/launch/joint_state_controller.launch
[0.218s] -- Up-to-date symlink: /home/joanne/bookros2_ws/install/tiago_controller_configuration/share/tiago_controller_configuration/launch/local_joint_control/direct_control.launch
[0.219s] -- Up-to-date symlink: /home/joanne/bookros2_ws/install/tiago_controller_configuration/share/tiago_controller_configuration/launch/mobile_base_controller.launch.py
[0.219s] -- Up-to-date symlink: /home/joanne/bookros2_ws/install/tiago_controller_configuration/share/tiago_controller_configuration/launch/pal-gripper_controller.launch.py
[0.219s] -- Up-to-date symlink: /home/joanne/bookros2_ws/install/tiago_controller_configuration/share/tiago_controller_configuration/launch/pal-hey5_controller.launch.py
[0.219s] -- Up-to-date symlink: /home/joanne/bookros2_ws/install/tiago_controller_configuration/share/tiago_controller_configuration/launch/tiago_controllers.launch
[0.220s] -- Up-to-date symlink: /home/joanne/bookros2_ws/install/tiago_controller_configuration/share/tiago_controller_configuration/launch/torso_controller.launch.py
[0.220s] -- Up-to-date symlink: /home/joanne/bookros2_ws/install/tiago_controller_configuration/share/tiago_controller_configuration/launch/wbc_controllers.launch
[0.220s] -- Up-to-date symlink: /home/joanne/bookros2_ws/install/tiago_controller_configuration/share/ament_index/resource_index/package_run_dependencies/tiago_controller_configuration
[0.220s] -- Up-to-date symlink: /home/joanne/bookros2_ws/install/tiago_controller_configuration/share/ament_index/resource_index/parent_prefix_path/tiago_controller_configuration
[0.220s] -- Up-to-date symlink: /home/joanne/bookros2_ws/install/tiago_controller_configuration/share/tiago_controller_configuration/environment/ament_prefix_path.sh
[0.220s] -- Up-to-date symlink: /home/joanne/bookros2_ws/install/tiago_controller_configuration/share/tiago_controller_configuration/environment/ament_prefix_path.dsv
[0.220s] -- Up-to-date symlink: /home/joanne/bookros2_ws/install/tiago_controller_configuration/share/tiago_controller_configuration/environment/path.sh
[0.221s] -- Up-to-date symlink: /home/joanne/bookros2_ws/install/tiago_controller_configuration/share/tiago_controller_configuration/environment/path.dsv
[0.221s] -- Up-to-date symlink: /home/joanne/bookros2_ws/install/tiago_controller_configuration/share/tiago_controller_configuration/local_setup.bash
[0.221s] -- Up-to-date symlink: /home/joanne/bookros2_ws/install/tiago_controller_configuration/share/tiago_controller_configuration/local_setup.sh
[0.221s] -- Up-to-date symlink: /home/joanne/bookros2_ws/install/tiago_controller_configuration/share/tiago_controller_configuration/local_setup.zsh
[0.221s] -- Up-to-date symlink: /home/joanne/bookros2_ws/install/tiago_controller_configuration/share/tiago_controller_configuration/local_setup.dsv
[0.221s] -- Symlinking: /home/joanne/bookros2_ws/install/tiago_controller_configuration/share/tiago_controller_configuration/package.dsv
[0.232s] -- Up-to-date symlink: /home/joanne/bookros2_ws/install/tiago_controller_configuration/share/ament_index/resource_index/packages/tiago_controller_configuration
[0.232s] -- Up-to-date symlink: /home/joanne/bookros2_ws/install/tiago_controller_configuration/share/tiago_controller_configuration/cmake/tiago_controller_configurationConfig.cmake
[0.233s] -- Up-to-date symlink: /home/joanne/bookros2_ws/install/tiago_controller_configuration/share/tiago_controller_configuration/cmake/tiago_controller_configurationConfig-version.cmake
[0.233s] -- Up-to-date symlink: /home/joanne/bookros2_ws/install/tiago_controller_configuration/share/tiago_controller_configuration/package.xml
[0.249s] Invoked command in '/home/joanne/bookros2_ws/build/tiago_controller_configuration' returned '0': AMENT_PREFIX_PATH=/home/joanne/bookros2_ws/install/pal_gripper_controller_configuration:/home/joanne/bookros2_ws/install/position_controllers:/home/joanne/bookros2_ws/install/joint_state_controller:/home/joanne/bookros2_ws/install/joint_trajectory_controller:/home/joanne/bookros2_ws/install/joint_state_broadcaster:/home/joanne/bookros2_ws/install/forward_command_controller:/home/joanne/bookros2_ws/install/diff_drive_controller:/home/joanne/bookros2_ws/install/controller_manager:/home/joanne/bookros2_ws/install/controller_interface:/home/joanne/bookros2_ws/install/hardware_interface:/home/joanne/bookros2_ws/install/ros2_control_test_assets:/home/joanne/bookros2_ws/install/controller_manager_msgs:${AMENT_PREFIX_PATH} CMAKE_PREFIX_PATH=/home/joanne/bookros2_ws/install/pal_gripper_controller_configuration:/home/joanne/bookros2_ws/install/position_controllers:/home/joanne/bookros2_ws/install/joint_state_controller:/home/joanne/bookros2_ws/install/joint_trajectory_controller:/home/joanne/bookros2_ws/install/joint_state_broadcaster:/home/joanne/bookros2_ws/install/forward_command_controller:/home/joanne/bookros2_ws/install/diff_drive_controller:/home/joanne/bookros2_ws/install/controller_manager:/home/joanne/bookros2_ws/install/controller_interface:/home/joanne/bookros2_ws/install/hardware_interface:/home/joanne/bookros2_ws/install/ros2_control_test_assets:/home/joanne/bookros2_ws/install/controller_manager_msgs:/opt/ros/foxy LD_LIBRARY_PATH=/home/joanne/bookros2_ws/install/position_controllers/lib:/home/joanne/bookros2_ws/install/joint_state_controller/lib:/home/joanne/bookros2_ws/install/joint_trajectory_controller/lib:/home/joanne/bookros2_ws/install/joint_state_broadcaster/lib:/home/joanne/bookros2_ws/install/forward_command_controller/lib:/home/joanne/bookros2_ws/install/diff_drive_controller/lib:/home/joanne/bookros2_ws/install/controller_manager/lib:/home/joanne/bookros2_ws/install/controller_interface/lib:/home/joanne/bookros2_ws/install/hardware_interface/lib:/home/joanne/bookros2_ws/install/controller_manager_msgs/lib:${LD_LIBRARY_PATH} PYTHONPATH=/home/joanne/bookros2_ws/install/controller_manager/lib/python3.8/site-packages:/home/joanne/bookros2_ws/install/controller_manager_msgs/lib/python3.8/site-packages:${PYTHONPATH} /usr/bin/cmake --install /home/joanne/bookros2_ws/build/tiago_controller_configuration
