[0.308s] Invoking command in '/home/joanne/bookros2_ws/build/gripper_controllers': AMENT_PREFIX_PATH=/home/joanne/bookros2_ws/install/controller_manager:/home/joanne/bookros2_ws/install/controller_interface:/home/joanne/bookros2_ws/install/hardware_interface:/home/joanne/bookros2_ws/install/ros2_control_test_assets:/home/joanne/bookros2_ws/install/controller_manager_msgs:${AMENT_PREFIX_PATH} CMAKE_PREFIX_PATH=/home/joanne/bookros2_ws/install/controller_manager:/home/joanne/bookros2_ws/install/controller_interface:/home/joanne/bookros2_ws/install/hardware_interface:/home/joanne/bookros2_ws/install/ros2_control_test_assets:/home/joanne/bookros2_ws/install/controller_manager_msgs:/opt/ros/foxy LD_LIBRARY_PATH=/home/joanne/bookros2_ws/install/controller_manager/lib:/home/joanne/bookros2_ws/install/controller_interface/lib:/home/joanne/bookros2_ws/install/hardware_interface/lib:/home/joanne/bookros2_ws/install/controller_manager_msgs/lib:${LD_LIBRARY_PATH} PYTHONPATH=/home/joanne/bookros2_ws/install/controller_manager/lib/python3.8/site-packages:/home/joanne/bookros2_ws/install/controller_manager_msgs/lib/python3.8/site-packages:${PYTHONPATH} /usr/bin/cmake --build /home/joanne/bookros2_ws/build/gripper_controllers -- -j8 -l8
[0.457s] [ 22%] Built target gmock_main
[0.464s] [ 55%] Built target gmock
[0.492s] [ 77%] Built target gripper_action_controller
[0.543s] [100%] Built target test_load_gripper_action_controllers
[0.578s] Invoked command in '/home/joanne/bookros2_ws/build/gripper_controllers' returned '0': AMENT_PREFIX_PATH=/home/joanne/bookros2_ws/install/controller_manager:/home/joanne/bookros2_ws/install/controller_interface:/home/joanne/bookros2_ws/install/hardware_interface:/home/joanne/bookros2_ws/install/ros2_control_test_assets:/home/joanne/bookros2_ws/install/controller_manager_msgs:${AMENT_PREFIX_PATH} CMAKE_PREFIX_PATH=/home/joanne/bookros2_ws/install/controller_manager:/home/joanne/bookros2_ws/install/controller_interface:/home/joanne/bookros2_ws/install/hardware_interface:/home/joanne/bookros2_ws/install/ros2_control_test_assets:/home/joanne/bookros2_ws/install/controller_manager_msgs:/opt/ros/foxy LD_LIBRARY_PATH=/home/joanne/bookros2_ws/install/controller_manager/lib:/home/joanne/bookros2_ws/install/controller_interface/lib:/home/joanne/bookros2_ws/install/hardware_interface/lib:/home/joanne/bookros2_ws/install/controller_manager_msgs/lib:${LD_LIBRARY_PATH} PYTHONPATH=/home/joanne/bookros2_ws/install/controller_manager/lib/python3.8/site-packages:/home/joanne/bookros2_ws/install/controller_manager_msgs/lib/python3.8/site-packages:${PYTHONPATH} /usr/bin/cmake --build /home/joanne/bookros2_ws/build/gripper_controllers -- -j8 -l8
[0.583s] Invoking command in '/home/joanne/bookros2_ws/build/gripper_controllers': AMENT_PREFIX_PATH=/home/joanne/bookros2_ws/install/controller_manager:/home/joanne/bookros2_ws/install/controller_interface:/home/joanne/bookros2_ws/install/hardware_interface:/home/joanne/bookros2_ws/install/ros2_control_test_assets:/home/joanne/bookros2_ws/install/controller_manager_msgs:${AMENT_PREFIX_PATH} CMAKE_PREFIX_PATH=/home/joanne/bookros2_ws/install/controller_manager:/home/joanne/bookros2_ws/install/controller_interface:/home/joanne/bookros2_ws/install/hardware_interface:/home/joanne/bookros2_ws/install/ros2_control_test_assets:/home/joanne/bookros2_ws/install/controller_manager_msgs:/opt/ros/foxy LD_LIBRARY_PATH=/home/joanne/bookros2_ws/install/controller_manager/lib:/home/joanne/bookros2_ws/install/controller_interface/lib:/home/joanne/bookros2_ws/install/hardware_interface/lib:/home/joanne/bookros2_ws/install/controller_manager_msgs/lib:${LD_LIBRARY_PATH} PYTHONPATH=/home/joanne/bookros2_ws/install/controller_manager/lib/python3.8/site-packages:/home/joanne/bookros2_ws/install/controller_manager_msgs/lib/python3.8/site-packages:${PYTHONPATH} /usr/bin/cmake --install /home/joanne/bookros2_ws/build/gripper_controllers
[0.594s] -- Install configuration: ""
[0.595s] -- Execute custom install script
[0.595s] -- Up-to-date symlink: /home/joanne/bookros2_ws/install/gripper_controllers/share/gripper_controllers//ros_control_plugins.xml
[0.596s] -- Up-to-date symlink: /home/joanne/bookros2_ws/install/gripper_controllers/include/gripper_action_controller.hpp
[0.596s] -- Up-to-date symlink: /home/joanne/bookros2_ws/install/gripper_controllers/include/gripper_action_controller_impl.hpp
[0.597s] -- Up-to-date symlink: /home/joanne/bookros2_ws/install/gripper_controllers/include/hardware_interface_adapter.hpp
[0.597s] -- Up-to-date symlink: /home/joanne/bookros2_ws/install/gripper_controllers/include/visibility_control.hpp
[0.597s] -- Up-to-date symlink: /home/joanne/bookros2_ws/install/gripper_controllers/lib/libgripper_action_controller.so
[0.597s] -- Up-to-date symlink: /home/joanne/bookros2_ws/install/gripper_controllers/share/ament_index/resource_index/package_run_dependencies/gripper_controllers
[0.597s] -- Up-to-date symlink: /home/joanne/bookros2_ws/install/gripper_controllers/share/ament_index/resource_index/parent_prefix_path/gripper_controllers
[0.598s] -- Up-to-date symlink: /home/joanne/bookros2_ws/install/gripper_controllers/share/gripper_controllers/environment/ament_prefix_path.sh
[0.598s] -- Up-to-date symlink: /home/joanne/bookros2_ws/install/gripper_controllers/share/gripper_controllers/environment/ament_prefix_path.dsv
[0.599s] -- Up-to-date symlink: /home/joanne/bookros2_ws/install/gripper_controllers/share/gripper_controllers/environment/path.sh
[0.599s] -- Up-to-date symlink: /home/joanne/bookros2_ws/install/gripper_controllers/share/gripper_controllers/environment/path.dsv
[0.600s] -- Up-to-date symlink: /home/joanne/bookros2_ws/install/gripper_controllers/share/gripper_controllers/local_setup.bash
[0.600s] -- Up-to-date symlink: /home/joanne/bookros2_ws/install/gripper_controllers/share/gripper_controllers/local_setup.sh
[0.600s] -- Up-to-date symlink: /home/joanne/bookros2_ws/install/gripper_controllers/share/gripper_controllers/local_setup.zsh
[0.600s] -- Up-to-date symlink: /home/joanne/bookros2_ws/install/gripper_controllers/share/gripper_controllers/local_setup.dsv
[0.600s] -- Symlinking: /home/joanne/bookros2_ws/install/gripper_controllers/share/gripper_controllers/package.dsv
[0.611s] -- Up-to-date symlink: /home/joanne/bookros2_ws/install/gripper_controllers/share/ament_index/resource_index/packages/gripper_controllers
[0.611s] -- Up-to-date symlink: /home/joanne/bookros2_ws/install/gripper_controllers/share/ament_index/resource_index/controller_interface__pluginlib__plugin/gripper_controllers
[0.611s] -- Up-to-date symlink: /home/joanne/bookros2_ws/install/gripper_controllers/share/gripper_controllers/cmake/gripper_controllersConfig.cmake
[0.613s] -- Up-to-date symlink: /home/joanne/bookros2_ws/install/gripper_controllers/share/gripper_controllers/cmake/gripper_controllersConfig-version.cmake
[0.614s] -- Up-to-date symlink: /home/joanne/bookros2_ws/install/gripper_controllers/share/gripper_controllers/package.xml
[0.660s] Invoked command in '/home/joanne/bookros2_ws/build/gripper_controllers' returned '0': AMENT_PREFIX_PATH=/home/joanne/bookros2_ws/install/controller_manager:/home/joanne/bookros2_ws/install/controller_interface:/home/joanne/bookros2_ws/install/hardware_interface:/home/joanne/bookros2_ws/install/ros2_control_test_assets:/home/joanne/bookros2_ws/install/controller_manager_msgs:${AMENT_PREFIX_PATH} CMAKE_PREFIX_PATH=/home/joanne/bookros2_ws/install/controller_manager:/home/joanne/bookros2_ws/install/controller_interface:/home/joanne/bookros2_ws/install/hardware_interface:/home/joanne/bookros2_ws/install/ros2_control_test_assets:/home/joanne/bookros2_ws/install/controller_manager_msgs:/opt/ros/foxy LD_LIBRARY_PATH=/home/joanne/bookros2_ws/install/controller_manager/lib:/home/joanne/bookros2_ws/install/controller_interface/lib:/home/joanne/bookros2_ws/install/hardware_interface/lib:/home/joanne/bookros2_ws/install/controller_manager_msgs/lib:${LD_LIBRARY_PATH} PYTHONPATH=/home/joanne/bookros2_ws/install/controller_manager/lib/python3.8/site-packages:/home/joanne/bookros2_ws/install/controller_manager_msgs/lib/python3.8/site-packages:${PYTHONPATH} /usr/bin/cmake --install /home/joanne/bookros2_ws/build/gripper_controllers
