-- Found ament_cmake: 0.9.12 (/opt/ros/foxy/share/ament_cmake/cmake)
-- Using PYTHON_EXECUTABLE: /usr/bin/python3
-- Override CMake install command with custom implementation using symlinks instead of copying resources
-- Found rclcpp: 2.4.3 (/opt/ros/foxy/share/rclcpp/cmake)
-- Using all available rosidl_typesupport_c: rosidl_typesupport_fastrtps_c;rosidl_typesupport_introspection_c
-- Found rosidl_adapter: 1.3.1 (/opt/ros/foxy/share/rosidl_adapter/cmake)
-- Using all available rosidl_typesupport_cpp: rosidl_typesupport_fastrtps_cpp;rosidl_typesupport_introspection_cpp
-- Found rmw_implementation_cmake: 1.0.4 (/opt/ros/foxy/share/rmw_implementation_cmake/cmake)
-- Using RMW implementation 'rmw_fastrtps_cpp' as default
-- Found ament_lint_auto: 0.9.8 (/opt/ros/foxy/share/ament_lint_auto/cmake)
-- Added test 'copyright' to check source files copyright and LICENSE
-- Added test 'cppcheck' to perform static code analysis on C / C++ code
-- Configured cppcheck include dirs: 
-- Configured cppcheck exclude dirs and/or files: 
-- Added test 'cpplint' to check C / C++ code against the Google style
-- Configured cpplint exclude dirs and/or files: 
-- Added test 'flake8' to check Python code syntax and style conventions
-- Added test 'lint_cmake' to check CMake code style
-- Added test 'pep257' to check Python code against some of the style conventions in PEP 257
-- Added test 'uncrustify' to check C / C++ code style
-- Configured uncrustify additional arguments: 
-- Added test 'xmllint' to check XML markup files
-- Configuring done
-- Generating done
-- Build files have been written to: /home/joanne/bookros2_ws/build/br2_basics
[  7%] [32m[1mLinking CXX executable publisher[0m
[ 14%] [32m[1mLinking CXX executable executors[0m
[ 21%] [32m[1mLinking CXX executable logger[0m
[ 28%] [32m[1mLinking CXX executable subscriber_class[0m
[ 35%] [32m[1mLinking CXX executable publisher_class[0m
[ 42%] [32m[1mLinking CXX executable logger_class[0m
[ 50%] [32m[1mLinking CXX executable param_reader[0m
[ 57%] Built target param_reader
[ 64%] Built target logger_class
[ 71%] Built target publisher_class
[ 78%] Built target logger
[ 85%] Built target publisher
[ 92%] Built target executors
[100%] Built target subscriber_class
-- Install configuration: ""
-- Execute custom install script
-- Symlinking: /home/joanne/bookros2_ws/install/br2_basics/lib/br2_basics/publisher
-- Symlinking: /home/joanne/bookros2_ws/install/br2_basics/lib/br2_basics/publisher_class
-- Symlinking: /home/joanne/bookros2_ws/install/br2_basics/lib/br2_basics/subscriber_class
-- Symlinking: /home/joanne/bookros2_ws/install/br2_basics/lib/br2_basics/executors
-- Symlinking: /home/joanne/bookros2_ws/install/br2_basics/lib/br2_basics/logger
-- Symlinking: /home/joanne/bookros2_ws/install/br2_basics/lib/br2_basics/logger_class
-- Symlinking: /home/joanne/bookros2_ws/install/br2_basics/lib/br2_basics/param_reader
-- Symlinking: /home/joanne/bookros2_ws/install/br2_basics/share/br2_basics/launch/includer_launch.py
-- Symlinking: /home/joanne/bookros2_ws/install/br2_basics/share/br2_basics/launch/param_node_v1_launch.py
-- Symlinking: /home/joanne/bookros2_ws/install/br2_basics/share/br2_basics/launch/param_node_v2_launch.py
-- Symlinking: /home/joanne/bookros2_ws/install/br2_basics/share/br2_basics/launch/pub_sub_v1_launch.py
-- Symlinking: /home/joanne/bookros2_ws/install/br2_basics/share/br2_basics/launch/pub_sub_v2_launch.py
-- Symlinking: /home/joanne/bookros2_ws/install/br2_basics/share/br2_basics/config/params.yaml
-- Symlinking: /home/joanne/bookros2_ws/install/br2_basics/share/ament_index/resource_index/package_run_dependencies/br2_basics
-- Symlinking: /home/joanne/bookros2_ws/install/br2_basics/share/ament_index/resource_index/parent_prefix_path/br2_basics
-- Symlinking: /home/joanne/bookros2_ws/install/br2_basics/share/br2_basics/environment/ament_prefix_path.sh
-- Symlinking: /home/joanne/bookros2_ws/install/br2_basics/share/br2_basics/environment/ament_prefix_path.dsv
-- Symlinking: /home/joanne/bookros2_ws/install/br2_basics/share/br2_basics/environment/path.sh
-- Symlinking: /home/joanne/bookros2_ws/install/br2_basics/share/br2_basics/environment/path.dsv
-- Symlinking: /home/joanne/bookros2_ws/install/br2_basics/share/br2_basics/local_setup.bash
-- Symlinking: /home/joanne/bookros2_ws/install/br2_basics/share/br2_basics/local_setup.sh
-- Symlinking: /home/joanne/bookros2_ws/install/br2_basics/share/br2_basics/local_setup.zsh
-- Symlinking: /home/joanne/bookros2_ws/install/br2_basics/share/br2_basics/local_setup.dsv
-- Symlinking: /home/joanne/bookros2_ws/install/br2_basics/share/br2_basics/package.dsv
-- Symlinking: /home/joanne/bookros2_ws/install/br2_basics/share/ament_index/resource_index/packages/br2_basics
-- Symlinking: /home/joanne/bookros2_ws/install/br2_basics/share/br2_basics/cmake/ament_cmake_export_dependencies-extras.cmake
-- Symlinking: /home/joanne/bookros2_ws/install/br2_basics/share/br2_basics/cmake/br2_basicsConfig.cmake
-- Symlinking: /home/joanne/bookros2_ws/install/br2_basics/share/br2_basics/cmake/br2_basicsConfig-version.cmake
-- Symlinking: /home/joanne/bookros2_ws/install/br2_basics/share/br2_basics/package.xml
