[0.029s] Invoking command in '/home/joanne/bookros2_ws/build/br2_basics': CMAKE_PREFIX_PATH=/opt/ros/foxy /usr/bin/cmake /home/joanne/bookros2_ws/src/book_ros2/br2_basics -DAMENT_CMAKE_SYMLINK_INSTALL=1 -DCMAKE_INSTALL_PREFIX=/home/joanne/bookros2_ws/install/br2_basics
[0.352s] -- Found ament_cmake: 0.9.12 (/opt/ros/foxy/share/ament_cmake/cmake)
[0.352s] -- Using PYTHON_EXECUTABLE: /usr/bin/python3
[0.455s] -- Override CMake install command with custom implementation using symlinks instead of copying resources
[0.469s] -- Found rclcpp: 2.4.3 (/opt/ros/foxy/share/rclcpp/cmake)
[0.544s] -- Using all available rosidl_typesupport_c: rosidl_typesupport_fastrtps_c;rosidl_typesupport_introspection_c
[0.550s] -- Found rosidl_adapter: 1.3.1 (/opt/ros/foxy/share/rosidl_adapter/cmake)
[0.809s] -- Using all available rosidl_typesupport_cpp: rosidl_typesupport_fastrtps_cpp;rosidl_typesupport_introspection_cpp
[0.934s] -- Found rmw_implementation_cmake: 1.0.4 (/opt/ros/foxy/share/rmw_implementation_cmake/cmake)
[0.935s] -- Using RMW implementation 'rmw_fastrtps_cpp' as default
[1.259s] -- Found ament_lint_auto: 0.9.8 (/opt/ros/foxy/share/ament_lint_auto/cmake)
[1.388s] -- Added test 'copyright' to check source files copyright and LICENSE
[1.390s] -- Added test 'cppcheck' to perform static code analysis on C / C++ code
[1.390s] -- Configured cppcheck include dirs: 
[1.390s] -- Configured cppcheck exclude dirs and/or files: 
[1.392s] -- Added test 'cpplint' to check C / C++ code against the Google style
[1.392s] -- Configured cpplint exclude dirs and/or files: 
[1.393s] -- Added test 'flake8' to check Python code syntax and style conventions
[1.393s] -- Added test 'lint_cmake' to check CMake code style
[1.394s] -- Added test 'pep257' to check Python code against some of the style conventions in PEP 257
[1.395s] -- Added test 'uncrustify' to check C / C++ code style
[1.395s] -- Configured uncrustify additional arguments: 
[1.396s] -- Added test 'xmllint' to check XML markup files
[1.402s] -- Configuring done
[1.462s] -- Generating done
[1.483s] -- Build files have been written to: /home/joanne/bookros2_ws/build/br2_basics
[1.496s] Invoked command in '/home/joanne/bookros2_ws/build/br2_basics' returned '0': CMAKE_PREFIX_PATH=/opt/ros/foxy /usr/bin/cmake /home/joanne/bookros2_ws/src/book_ros2/br2_basics -DAMENT_CMAKE_SYMLINK_INSTALL=1 -DCMAKE_INSTALL_PREFIX=/home/joanne/bookros2_ws/install/br2_basics
[1.501s] Invoking command in '/home/joanne/bookros2_ws/build/br2_basics': CMAKE_PREFIX_PATH=/opt/ros/foxy /usr/bin/cmake --build /home/joanne/bookros2_ws/build/br2_basics -- -j8 -l8
[2.683s] [  7%] [32m[1mLinking CXX executable publisher[0m
[2.683s] [ 14%] [32m[1mLinking CXX executable executors[0m
[2.684s] [ 21%] [32m[1mLinking CXX executable logger[0m
[2.684s] [ 28%] [32m[1mLinking CXX executable subscriber_class[0m
[2.684s] [ 35%] [32m[1mLinking CXX executable publisher_class[0m
[2.684s] [ 42%] [32m[1mLinking CXX executable logger_class[0m
[2.684s] [ 50%] [32m[1mLinking CXX executable param_reader[0m
[2.685s] [ 57%] Built target param_reader
[2.685s] [ 64%] Built target logger_class
[2.702s] [ 71%] Built target publisher_class
[2.861s] [ 78%] Built target logger
[2.900s] [ 85%] Built target publisher
[3.213s] [ 92%] Built target executors
[3.239s] [100%] Built target subscriber_class
[3.266s] Invoked command in '/home/joanne/bookros2_ws/build/br2_basics' returned '0': CMAKE_PREFIX_PATH=/opt/ros/foxy /usr/bin/cmake --build /home/joanne/bookros2_ws/build/br2_basics -- -j8 -l8
[3.268s] Invoking command in '/home/joanne/bookros2_ws/build/br2_basics': CMAKE_PREFIX_PATH=/opt/ros/foxy /usr/bin/cmake --install /home/joanne/bookros2_ws/build/br2_basics
[5.319s] -- Install configuration: ""
[5.320s] -- Execute custom install script
[5.320s] -- Symlinking: /home/joanne/bookros2_ws/install/br2_basics/lib/br2_basics/publisher
[5.320s] -- Symlinking: /home/joanne/bookros2_ws/install/br2_basics/lib/br2_basics/publisher_class
[5.320s] -- Symlinking: /home/joanne/bookros2_ws/install/br2_basics/lib/br2_basics/subscriber_class
[5.320s] -- Symlinking: /home/joanne/bookros2_ws/install/br2_basics/lib/br2_basics/executors
[5.320s] -- Symlinking: /home/joanne/bookros2_ws/install/br2_basics/lib/br2_basics/logger
[5.320s] -- Symlinking: /home/joanne/bookros2_ws/install/br2_basics/lib/br2_basics/logger_class
[5.320s] -- Symlinking: /home/joanne/bookros2_ws/install/br2_basics/lib/br2_basics/param_reader
[5.321s] -- Symlinking: /home/joanne/bookros2_ws/install/br2_basics/share/br2_basics/launch/includer_launch.py
[5.321s] -- Symlinking: /home/joanne/bookros2_ws/install/br2_basics/share/br2_basics/launch/param_node_v1_launch.py
[5.321s] -- Symlinking: /home/joanne/bookros2_ws/install/br2_basics/share/br2_basics/launch/param_node_v2_launch.py
[5.321s] -- Symlinking: /home/joanne/bookros2_ws/install/br2_basics/share/br2_basics/launch/pub_sub_v1_launch.py
[5.321s] -- Symlinking: /home/joanne/bookros2_ws/install/br2_basics/share/br2_basics/launch/pub_sub_v2_launch.py
[5.321s] -- Symlinking: /home/joanne/bookros2_ws/install/br2_basics/share/br2_basics/config/params.yaml
[5.321s] -- Symlinking: /home/joanne/bookros2_ws/install/br2_basics/share/ament_index/resource_index/package_run_dependencies/br2_basics
[5.321s] -- Symlinking: /home/joanne/bookros2_ws/install/br2_basics/share/ament_index/resource_index/parent_prefix_path/br2_basics
[5.321s] -- Symlinking: /home/joanne/bookros2_ws/install/br2_basics/share/br2_basics/environment/ament_prefix_path.sh
[5.322s] -- Symlinking: /home/joanne/bookros2_ws/install/br2_basics/share/br2_basics/environment/ament_prefix_path.dsv
[5.322s] -- Symlinking: /home/joanne/bookros2_ws/install/br2_basics/share/br2_basics/environment/path.sh
[5.322s] -- Symlinking: /home/joanne/bookros2_ws/install/br2_basics/share/br2_basics/environment/path.dsv
[5.322s] -- Symlinking: /home/joanne/bookros2_ws/install/br2_basics/share/br2_basics/local_setup.bash
[5.322s] -- Symlinking: /home/joanne/bookros2_ws/install/br2_basics/share/br2_basics/local_setup.sh
[5.322s] -- Symlinking: /home/joanne/bookros2_ws/install/br2_basics/share/br2_basics/local_setup.zsh
[5.322s] -- Symlinking: /home/joanne/bookros2_ws/install/br2_basics/share/br2_basics/local_setup.dsv
[5.322s] -- Symlinking: /home/joanne/bookros2_ws/install/br2_basics/share/br2_basics/package.dsv
[5.323s] -- Symlinking: /home/joanne/bookros2_ws/install/br2_basics/share/ament_index/resource_index/packages/br2_basics
[5.323s] -- Symlinking: /home/joanne/bookros2_ws/install/br2_basics/share/br2_basics/cmake/ament_cmake_export_dependencies-extras.cmake
[5.323s] -- Symlinking: /home/joanne/bookros2_ws/install/br2_basics/share/br2_basics/cmake/br2_basicsConfig.cmake
[5.323s] -- Symlinking: /home/joanne/bookros2_ws/install/br2_basics/share/br2_basics/cmake/br2_basicsConfig-version.cmake
[5.323s] -- Symlinking: /home/joanne/bookros2_ws/install/br2_basics/share/br2_basics/package.xml
[5.424s] Invoked command in '/home/joanne/bookros2_ws/build/br2_basics' returned '0': CMAKE_PREFIX_PATH=/opt/ros/foxy /usr/bin/cmake --install /home/joanne/bookros2_ws/build/br2_basics
