[0.379s] Invoking command in '/home/joanne/oldbookros2_ws/build/pal_gazebo_worlds': CMAKE_PREFIX_PATH=/opt/ros/foxy /usr/bin/cmake --build /home/joanne/oldbookros2_ws/build/pal_gazebo_worlds -- -j8 -l8
[1.650s] -- The C compiler identification is GNU 9.4.0
[1.650s] -- The CXX compiler identification is GNU 9.4.0
[1.650s] -- Check for working C compiler: /usr/bin/cc
[1.650s] -- Check for working C compiler: /usr/bin/cc -- works
[1.651s] -- Detecting C compiler ABI info
[1.651s] -- Detecting C compiler ABI info - done
[1.651s] -- Detecting C compile features
[1.651s] -- Detecting C compile features - done
[1.651s] -- Check for working CXX compiler: /usr/bin/c++
[1.651s] -- Check for working CXX compiler: /usr/bin/c++ -- works
[1.651s] -- Detecting CXX compiler ABI info
[1.652s] -- Detecting CXX compiler ABI info - done
[1.652s] -- Detecting CXX compile features
[1.652s] -- Detecting CXX compile features - done
[1.652s] -- Found ament_cmake_auto: 0.9.12 (/opt/ros/foxy/share/ament_cmake_auto/cmake)
[1.652s] -- Found PythonInterp: /usr/bin/python3 (found suitable version "3.8.10", minimum required is "3") 
[1.652s] -- Using PYTHON_EXECUTABLE: /usr/bin/python3
[1.652s] CMake Error: The current CMakeCache.txt directory /home/joanne/oldbookros2_ws/build/pal_gazebo_worlds/CMakeCache.txt is different than the directory /home/joanne/bookros2_ws/build/pal_gazebo_worlds where CMakeCache.txt was created. This may result in binaries being created in the wrong place. If you are not sure, reedit the CMakeCache.txt
[1.696s] -- Configuring done
[1.699s] -- Generating done
[1.701s] -- Build files have been written to: /home/joanne/bookros2_ws/build/pal_gazebo_worlds
