[0.049s] Invoking command in '/home/joanne/bookros2_ws/build/hardware_interface': AMENT_PREFIX_PATH=/home/joanne/bookros2_ws/install/ros2_control_test_assets:${AMENT_PREFIX_PATH} CMAKE_PREFIX_PATH=/home/joanne/bookros2_ws/install/ros2_control_test_assets:/opt/ros/foxy /usr/bin/cmake /home/joanne/bookros2_ws/src/ThirdParty/ros2_control/hardware_interface -DCMAKE_INSTALL_PREFIX=/home/joanne/bookros2_ws/install/hardware_interface
[0.120s] -- The C compiler identification is GNU 9.4.0
[0.192s] -- The CXX compiler identification is GNU 9.4.0
[0.198s] -- Check for working C compiler: /usr/bin/cc
[0.304s] -- Check for working C compiler: /usr/bin/cc -- works
[0.306s] -- Detecting C compiler ABI info
[0.426s] -- Detecting C compiler ABI info - done
[0.446s] -- Detecting C compile features
[0.446s] -- Detecting C compile features - done
[0.451s] -- Check for working CXX compiler: /usr/bin/c++
[0.585s] -- Check for working CXX compiler: /usr/bin/c++ -- works
[0.587s] -- Detecting CXX compiler ABI info
[0.715s] -- Detecting CXX compiler ABI info - done
[0.742s] -- Detecting CXX compile features
[0.746s] -- Detecting CXX compile features - done
[0.746s] -- Found ament_cmake: 0.9.12 (/opt/ros/foxy/share/ament_cmake/cmake)
[0.788s] -- Found PythonInterp: /usr/bin/python3 (found suitable version "3.8.10", minimum required is "3") 
[0.789s] -- Using PYTHON_EXECUTABLE: /usr/bin/python3
[1.138s] -- Found control_msgs: 2.5.1 (/opt/ros/foxy/share/control_msgs/cmake)
[1.198s] -- Using all available rosidl_typesupport_c: rosidl_typesupport_fastrtps_c;rosidl_typesupport_introspection_c
[1.202s] -- Found rosidl_adapter: 1.3.1 (/opt/ros/foxy/share/rosidl_adapter/cmake)
[1.344s] -- Found OpenSSL: /usr/lib/x86_64-linux-gnu/libcrypto.so (found version "1.1.1f")  
[1.413s] -- Found FastRTPS: /opt/ros/foxy/include  
[1.598s] -- Using all available rosidl_typesupport_cpp: rosidl_typesupport_fastrtps_cpp;rosidl_typesupport_introspection_cpp
[2.646s] -- Found pluginlib: 2.5.4 (/opt/ros/foxy/share/pluginlib/cmake)
[2.773s] -- Found TinyXML2: /usr/lib/x86_64-linux-gnu/libtinyxml2.so  
[2.787s] -- Found ament_lint_auto: 0.9.8 (/opt/ros/foxy/share/ament_lint_auto/cmake)
[3.062s] -- Found gmock sources under '/opt/ros/foxy/src/gmock_vendor': C++ tests using 'Google Mock' will be built
[3.070s] -- Found ament_cmake_gtest: 0.9.12 (/opt/ros/foxy/share/ament_cmake_gtest/cmake)
[3.072s] -- Found gtest sources under '/opt/ros/foxy/src/gtest_vendor': C++ tests using 'Google Test' will be built
[3.132s] -- Added test 'copyright' to check source files copyright and LICENSE
[3.139s] -- Added test 'cppcheck' to perform static code analysis on C / C++ code
[3.141s] -- Configured cppcheck include dirs: /home/joanne/bookros2_ws/src/ThirdParty/ros2_control/hardware_interface/include
[3.141s] -- Configured cppcheck exclude dirs and/or files: 
[3.149s] -- Added test 'cpplint' to check C / C++ code against the Google style
[3.150s] -- Configured cpplint exclude dirs and/or files: 
[3.154s] -- Added test 'lint_cmake' to check CMake code style
[3.158s] -- Added test 'uncrustify' to check C / C++ code style
[3.175s] -- Configured uncrustify additional arguments: 
[3.177s] -- Added test 'xmllint' to check XML markup files
[3.187s] -- Configuring done
[3.316s] -- Generating done
[3.419s] -- Build files have been written to: /home/joanne/bookros2_ws/build/hardware_interface
[3.497s] Invoked command in '/home/joanne/bookros2_ws/build/hardware_interface' returned '0': AMENT_PREFIX_PATH=/home/joanne/bookros2_ws/install/ros2_control_test_assets:${AMENT_PREFIX_PATH} CMAKE_PREFIX_PATH=/home/joanne/bookros2_ws/install/ros2_control_test_assets:/opt/ros/foxy /usr/bin/cmake /home/joanne/bookros2_ws/src/ThirdParty/ros2_control/hardware_interface -DCMAKE_INSTALL_PREFIX=/home/joanne/bookros2_ws/install/hardware_interface
[3.502s] Invoking command in '/home/joanne/bookros2_ws/build/hardware_interface': AMENT_PREFIX_PATH=/home/joanne/bookros2_ws/install/ros2_control_test_assets:${AMENT_PREFIX_PATH} CMAKE_PREFIX_PATH=/home/joanne/bookros2_ws/install/ros2_control_test_assets:/opt/ros/foxy /usr/bin/cmake --build /home/joanne/bookros2_ws/build/hardware_interface -- -j8 -l8
[8.245s] [35m[1mScanning dependencies of target gmock_main[0m
[8.258s] [35m[1mScanning dependencies of target hardware_interface[0m
[8.258s] [35m[1mScanning dependencies of target gmock[0m
[8.258s] [  2%] [32mBuilding CXX object gmock/CMakeFiles/gmock_main.dir/src/gmock_main.cc.o[0m
[8.258s] [  5%] [32mBuilding CXX object CMakeFiles/hardware_interface.dir/src/actuator.cpp.o[0m
[8.259s] [  8%] [32mBuilding CXX object gmock/CMakeFiles/gmock.dir/opt/ros/foxy/src/gtest_vendor/src/gtest-all.cc.o[0m
[8.259s] [ 11%] [32mBuilding CXX object CMakeFiles/hardware_interface.dir/src/resource_manager.cpp.o[0m
[8.259s] [ 14%] [32mBuilding CXX object CMakeFiles/hardware_interface.dir/src/component_parser.cpp.o[0m
[8.259s] [ 17%] [32mBuilding CXX object gmock/CMakeFiles/gmock.dir/src/gmock-all.cc.o[0m
[8.259s] [ 20%] [32mBuilding CXX object CMakeFiles/hardware_interface.dir/src/system.cpp.o[0m
[8.259s] [ 23%] [32mBuilding CXX object CMakeFiles/hardware_interface.dir/src/sensor.cpp.o[0m
[15.894s] [ 26%] [32m[1mLinking CXX static library libgmock_main.a[0m
[16.282s] [ 26%] Built target gmock_main
[29.513s] [ 29%] [32m[1mLinking CXX static library libgmock.a[0m
[29.970s] [ 29%] Built target gmock
[34.516s] [ 32%] [32m[1mLinking CXX shared library libhardware_interface.so[0m
[35.316s] [ 32%] Built target hardware_interface
[35.337s] [35m[1mScanning dependencies of target test_macros[0m
[35.394s] [ 35%] [32mBuilding CXX object CMakeFiles/test_macros.dir/test/test_macros.cpp.o[0m
[37.399s] [ 38%] [32m[1mLinking CXX executable test_macros[0m
[37.773s] [ 38%] Built target test_macros
[37.799s] [35m[1mScanning dependencies of target test_generic_system[0m
[37.842s] [ 41%] [32mBuilding CXX object CMakeFiles/test_generic_system.dir/test/fake_components/test_generic_system.cpp.o[0m
[41.755s] [ 44%] [32m[1mLinking CXX executable test_generic_system[0m
[42.207s] [ 44%] Built target test_generic_system
[42.238s] [35m[1mScanning dependencies of target test_resource_manager[0m
[42.280s] [ 47%] [32mBuilding CXX object CMakeFiles/test_resource_manager.dir/test/test_resource_manager.cpp.o[0m
[45.238s] [ 50%] [32m[1mLinking CXX executable test_resource_manager[0m
[45.578s] [ 50%] Built target test_resource_manager
[45.593s] [35m[1mScanning dependencies of target test_hardware_components[0m
[45.619s] [ 52%] [32mBuilding CXX object CMakeFiles/test_hardware_components.dir/test/test_hardware_components/test_single_joint_actuator.cpp.o[0m
[47.320s] [ 55%] [32mBuilding CXX object CMakeFiles/test_hardware_components.dir/test/test_hardware_components/test_two_joint_system.cpp.o[0m
[48.915s] [ 58%] [32mBuilding CXX object CMakeFiles/test_hardware_components.dir/test/test_hardware_components/test_system_with_command_modes.cpp.o[0m
[50.899s] [ 61%] [32mBuilding CXX object CMakeFiles/test_hardware_components.dir/test/test_hardware_components/test_force_torque_sensor.cpp.o[0m
[52.296s] [ 64%] [32m[1mLinking CXX shared library libtest_hardware_components.so[0m
[52.584s] [ 64%] Built target test_hardware_components
[52.605s] [35m[1mScanning dependencies of target test_components[0m
[52.635s] [ 67%] [32mBuilding CXX object CMakeFiles/test_components.dir/test/test_components/test_actuator.cpp.o[0m
[54.451s] [ 70%] [32mBuilding CXX object CMakeFiles/test_components.dir/test/test_components/test_system.cpp.o[0m
[56.114s] [ 73%] [32mBuilding CXX object CMakeFiles/test_components.dir/test/test_components/test_sensor.cpp.o[0m
[57.670s] [ 76%] [32m[1mLinking CXX shared library libtest_components.so[0m
[57.930s] [ 76%] Built target test_components
[57.950s] [35m[1mScanning dependencies of target test_component_parser[0m
[57.998s] [ 79%] [32mBuilding CXX object CMakeFiles/test_component_parser.dir/test/test_component_parser.cpp.o[0m
[62.326s] [ 82%] [32m[1mLinking CXX executable test_component_parser[0m
[62.839s] [ 82%] Built target test_component_parser
[62.859s] [35m[1mScanning dependencies of target test_joint_handle[0m
[62.894s] [ 85%] [32mBuilding CXX object CMakeFiles/test_joint_handle.dir/test/test_handle.cpp.o[0m
[64.838s] [ 88%] [32m[1mLinking CXX executable test_joint_handle[0m
[65.219s] [ 88%] Built target test_joint_handle
[65.240s] [35m[1mScanning dependencies of target test_component_interfaces[0m
[65.284s] [ 91%] [32mBuilding CXX object CMakeFiles/test_component_interfaces.dir/test/test_component_interfaces.cpp.o[0m
[67.914s] [ 94%] [32m[1mLinking CXX executable test_component_interfaces[0m
[68.236s] [ 94%] Built target test_component_interfaces
[68.250s] [35m[1mScanning dependencies of target fake_components[0m
[68.273s] [ 97%] [32mBuilding CXX object CMakeFiles/fake_components.dir/src/fake_components/generic_system.cpp.o[0m
[69.821s] [100%] [32m[1mLinking CXX shared library libfake_components.so[0m
[69.979s] [100%] Built target fake_components
[69.996s] Invoked command in '/home/joanne/bookros2_ws/build/hardware_interface' returned '0': AMENT_PREFIX_PATH=/home/joanne/bookros2_ws/install/ros2_control_test_assets:${AMENT_PREFIX_PATH} CMAKE_PREFIX_PATH=/home/joanne/bookros2_ws/install/ros2_control_test_assets:/opt/ros/foxy /usr/bin/cmake --build /home/joanne/bookros2_ws/build/hardware_interface -- -j8 -l8
[70.031s] Invoking command in '/home/joanne/bookros2_ws/build/hardware_interface': AMENT_PREFIX_PATH=/home/joanne/bookros2_ws/install/ros2_control_test_assets:${AMENT_PREFIX_PATH} CMAKE_PREFIX_PATH=/home/joanne/bookros2_ws/install/ros2_control_test_assets:/opt/ros/foxy /usr/bin/cmake --install /home/joanne/bookros2_ws/build/hardware_interface
[70.154s] -- Install configuration: ""
[70.154s] -- Installing: /home/joanne/bookros2_ws/install/hardware_interface/share/hardware_interface/fake_components_plugin_description.xml
[70.154s] -- Installing: /home/joanne/bookros2_ws/install/hardware_interface/include
[70.154s] -- Installing: /home/joanne/bookros2_ws/install/hardware_interface/include/hardware_interface
[70.154s] -- Installing: /home/joanne/bookros2_ws/install/hardware_interface/include/hardware_interface/base_interface.hpp
[70.155s] -- Installing: /home/joanne/bookros2_ws/install/hardware_interface/include/hardware_interface/handle.hpp
[70.155s] -- Installing: /home/joanne/bookros2_ws/install/hardware_interface/include/hardware_interface/resource_manager.hpp
[70.155s] -- Installing: /home/joanne/bookros2_ws/install/hardware_interface/include/hardware_interface/system.hpp
[70.155s] -- Installing: /home/joanne/bookros2_ws/install/hardware_interface/include/hardware_interface/visibility_control.h
[70.156s] -- Installing: /home/joanne/bookros2_ws/install/hardware_interface/include/hardware_interface/loaned_command_interface.hpp
[70.156s] -- Installing: /home/joanne/bookros2_ws/install/hardware_interface/include/hardware_interface/types
[70.156s] -- Installing: /home/joanne/bookros2_ws/install/hardware_interface/include/hardware_interface/types/hardware_interface_status_values.hpp
[70.157s] -- Installing: /home/joanne/bookros2_ws/install/hardware_interface/include/hardware_interface/types/hardware_interface_return_values.hpp
[70.157s] -- Installing: /home/joanne/bookros2_ws/install/hardware_interface/include/hardware_interface/types/hardware_interface_type_values.hpp
[70.157s] -- Installing: /home/joanne/bookros2_ws/install/hardware_interface/include/hardware_interface/controller_info.hpp
[70.157s] -- Installing: /home/joanne/bookros2_ws/install/hardware_interface/include/hardware_interface/sensor_interface.hpp
[70.158s] -- Installing: /home/joanne/bookros2_ws/install/hardware_interface/include/hardware_interface/hardware_info.hpp
[70.158s] -- Installing: /home/joanne/bookros2_ws/install/hardware_interface/include/hardware_interface/component_parser.hpp
[70.158s] -- Installing: /home/joanne/bookros2_ws/install/hardware_interface/include/hardware_interface/actuator.hpp
[70.158s] -- Installing: /home/joanne/bookros2_ws/install/hardware_interface/include/hardware_interface/loaned_state_interface.hpp
[70.159s] -- Installing: /home/joanne/bookros2_ws/install/hardware_interface/include/hardware_interface/sensor.hpp
[70.160s] -- Installing: /home/joanne/bookros2_ws/install/hardware_interface/include/hardware_interface/system_interface.hpp
[70.160s] -- Installing: /home/joanne/bookros2_ws/install/hardware_interface/include/hardware_interface/macros.hpp
[70.160s] -- Installing: /home/joanne/bookros2_ws/install/hardware_interface/include/hardware_interface/actuator_interface.hpp
[70.160s] -- Installing: /home/joanne/bookros2_ws/install/hardware_interface/include/fake_components
[70.160s] -- Installing: /home/joanne/bookros2_ws/install/hardware_interface/include/fake_components/generic_system.hpp
[70.161s] -- Installing: /home/joanne/bookros2_ws/install/hardware_interface/include/fake_components/visibility_control.h
[70.161s] -- Installing: /home/joanne/bookros2_ws/install/hardware_interface/lib/libfake_components.so
[70.161s] -- Set runtime path of "/home/joanne/bookros2_ws/install/hardware_interface/lib/libfake_components.so" to ""
[70.161s] -- Installing: /home/joanne/bookros2_ws/install/hardware_interface/lib/libhardware_interface.so
[70.161s] -- Set runtime path of "/home/joanne/bookros2_ws/install/hardware_interface/lib/libhardware_interface.so" to ""
[70.161s] -- Installing: /home/joanne/bookros2_ws/install/hardware_interface/lib/libtest_components.so
[70.162s] -- Set runtime path of "/home/joanne/bookros2_ws/install/hardware_interface/lib/libtest_components.so" to ""
[70.162s] -- Installing: /home/joanne/bookros2_ws/install/hardware_interface/share/hardware_interface/test/test_components/test_components.xml
[70.162s] -- Installing: /home/joanne/bookros2_ws/install/hardware_interface/lib/libtest_hardware_components.so
[70.162s] -- Set runtime path of "/home/joanne/bookros2_ws/install/hardware_interface/lib/libtest_hardware_components.so" to ""
[70.162s] -- Installing: /home/joanne/bookros2_ws/install/hardware_interface/share/hardware_interface/test/test_hardware_components/test_hardware_components.xml
[70.162s] -- Installing: /home/joanne/bookros2_ws/install/hardware_interface/share/hardware_interface/environment/library_path.sh
[70.162s] -- Installing: /home/joanne/bookros2_ws/install/hardware_interface/share/hardware_interface/environment/library_path.dsv
[70.162s] -- Installing: /home/joanne/bookros2_ws/install/hardware_interface/share/ament_index/resource_index/package_run_dependencies/hardware_interface
[70.162s] -- Installing: /home/joanne/bookros2_ws/install/hardware_interface/share/ament_index/resource_index/parent_prefix_path/hardware_interface
[70.163s] -- Installing: /home/joanne/bookros2_ws/install/hardware_interface/share/hardware_interface/environment/ament_prefix_path.sh
[70.163s] -- Installing: /home/joanne/bookros2_ws/install/hardware_interface/share/hardware_interface/environment/ament_prefix_path.dsv
[70.163s] -- Installing: /home/joanne/bookros2_ws/install/hardware_interface/share/hardware_interface/environment/path.sh
[70.163s] -- Installing: /home/joanne/bookros2_ws/install/hardware_interface/share/hardware_interface/environment/path.dsv
[70.163s] -- Installing: /home/joanne/bookros2_ws/install/hardware_interface/share/hardware_interface/local_setup.bash
[70.163s] -- Installing: /home/joanne/bookros2_ws/install/hardware_interface/share/hardware_interface/local_setup.sh
[70.164s] -- Installing: /home/joanne/bookros2_ws/install/hardware_interface/share/hardware_interface/local_setup.zsh
[70.164s] -- Installing: /home/joanne/bookros2_ws/install/hardware_interface/share/hardware_interface/local_setup.dsv
[70.164s] -- Installing: /home/joanne/bookros2_ws/install/hardware_interface/share/hardware_interface/package.dsv
[70.164s] -- Installing: /home/joanne/bookros2_ws/install/hardware_interface/share/ament_index/resource_index/packages/hardware_interface
[70.164s] -- Installing: /home/joanne/bookros2_ws/install/hardware_interface/share/ament_index/resource_index/hardware_interface__pluginlib__plugin/hardware_interface
[70.164s] -- Installing: /home/joanne/bookros2_ws/install/hardware_interface/share/hardware_interface/cmake/ament_cmake_export_include_directories-extras.cmake
[70.165s] -- Installing: /home/joanne/bookros2_ws/install/hardware_interface/share/hardware_interface/cmake/ament_cmake_export_libraries-extras.cmake
[70.165s] -- Installing: /home/joanne/bookros2_ws/install/hardware_interface/share/hardware_interface/cmake/ament_cmake_export_dependencies-extras.cmake
[70.165s] -- Installing: /home/joanne/bookros2_ws/install/hardware_interface/share/hardware_interface/cmake/hardware_interfaceConfig.cmake
[70.165s] -- Installing: /home/joanne/bookros2_ws/install/hardware_interface/share/hardware_interface/cmake/hardware_interfaceConfig-version.cmake
[70.165s] -- Installing: /home/joanne/bookros2_ws/install/hardware_interface/share/hardware_interface/package.xml
[70.195s] Invoked command in '/home/joanne/bookros2_ws/build/hardware_interface' returned '0': AMENT_PREFIX_PATH=/home/joanne/bookros2_ws/install/ros2_control_test_assets:${AMENT_PREFIX_PATH} CMAKE_PREFIX_PATH=/home/joanne/bookros2_ws/install/ros2_control_test_assets:/opt/ros/foxy /usr/bin/cmake --install /home/joanne/bookros2_ws/build/hardware_interface
