[0.085s] Invoking command in '/home/joanne/bookros2_ws/build/br2_tf2_detector': CMAKE_PREFIX_PATH=${CMAKE_PREFIX_PATH}:/home/joanne/bookros2_ws/install/ros2controlcli:/home/joanne/bookros2_ws/install/launch_pal:/home/joanne/bookros2_ws/install/br2_fsm_bumpgo_py:/opt/ros/foxy /usr/bin/cmake --build /home/joanne/bookros2_ws/build/br2_tf2_detector -- -j8 -l8
[0.499s] [35m[1mScanning dependencies of target br2_tf2_detector[0m
[0.701s] [ 11%] [32mBuilding CXX object CMakeFiles/br2_tf2_detector.dir/src/br2_tf2_detector/ObstacleDetectorNode.cpp.o[0m
[40.840s] [ 22%] [32m[1mLinking CXX shared library libbr2_tf2_detector.so[0m
[44.759s] [ 55%] Built target br2_tf2_detector
[45.006s] [ 66%] [32m[1mLinking CXX executable detector[0m
[46.729s] [ 77%] Built target detector
[46.941s] [ 88%] [32m[1mLinking CXX executable detector_improved[0m
[48.582s] [100%] Built target detector_improved
[48.667s] Invoked command in '/home/joanne/bookros2_ws/build/br2_tf2_detector' returned '0': CMAKE_PREFIX_PATH=${CMAKE_PREFIX_PATH}:/home/joanne/bookros2_ws/install/ros2controlcli:/home/joanne/bookros2_ws/install/launch_pal:/home/joanne/bookros2_ws/install/br2_fsm_bumpgo_py:/opt/ros/foxy /usr/bin/cmake --build /home/joanne/bookros2_ws/build/br2_tf2_detector -- -j8 -l8
[48.781s] Invoking command in '/home/joanne/bookros2_ws/build/br2_tf2_detector': CMAKE_PREFIX_PATH=${CMAKE_PREFIX_PATH}:/home/joanne/bookros2_ws/install/ros2controlcli:/home/joanne/bookros2_ws/install/launch_pal:/home/joanne/bookros2_ws/install/br2_fsm_bumpgo_py:/opt/ros/foxy /usr/bin/cmake --install /home/joanne/bookros2_ws/build/br2_tf2_detector
[48.834s] -- Install configuration: ""
[48.840s] -- Execute custom install script
[48.844s] -- Up-to-date symlink: /home/joanne/bookros2_ws/install/br2_tf2_detector/lib/libbr2_tf2_detector.so
[48.847s] -- Up-to-date symlink: /home/joanne/bookros2_ws/install/br2_tf2_detector/lib/br2_tf2_detector/detector
[48.852s] -- Up-to-date symlink: /home/joanne/bookros2_ws/install/br2_tf2_detector/lib/br2_tf2_detector/detector_improved
[48.853s] -- Up-to-date symlink: /home/joanne/bookros2_ws/install/br2_tf2_detector/share/br2_tf2_detector/launch/detector_basic.launch.py
[48.853s] -- Up-to-date symlink: /home/joanne/bookros2_ws/install/br2_tf2_detector/share/br2_tf2_detector/launch/detector_improved.launch.py
[48.854s] -- Up-to-date symlink: /home/joanne/bookros2_ws/install/br2_tf2_detector/share/ament_index/resource_index/package_run_dependencies/br2_tf2_detector
[48.855s] -- Up-to-date symlink: /home/joanne/bookros2_ws/install/br2_tf2_detector/share/ament_index/resource_index/parent_prefix_path/br2_tf2_detector
[48.856s] -- Up-to-date symlink: /home/joanne/bookros2_ws/install/br2_tf2_detector/share/br2_tf2_detector/environment/ament_prefix_path.sh
[48.856s] -- Up-to-date symlink: /home/joanne/bookros2_ws/install/br2_tf2_detector/share/br2_tf2_detector/environment/ament_prefix_path.dsv
[48.858s] -- Up-to-date symlink: /home/joanne/bookros2_ws/install/br2_tf2_detector/share/br2_tf2_detector/environment/path.sh
[48.859s] -- Up-to-date symlink: /home/joanne/bookros2_ws/install/br2_tf2_detector/share/br2_tf2_detector/environment/path.dsv
[48.860s] -- Up-to-date symlink: /home/joanne/bookros2_ws/install/br2_tf2_detector/share/br2_tf2_detector/local_setup.bash
[48.860s] -- Up-to-date symlink: /home/joanne/bookros2_ws/install/br2_tf2_detector/share/br2_tf2_detector/local_setup.sh
[48.863s] -- Up-to-date symlink: /home/joanne/bookros2_ws/install/br2_tf2_detector/share/br2_tf2_detector/local_setup.zsh
[48.868s] -- Up-to-date symlink: /home/joanne/bookros2_ws/install/br2_tf2_detector/share/br2_tf2_detector/local_setup.dsv
[48.871s] -- Symlinking: /home/joanne/bookros2_ws/install/br2_tf2_detector/share/br2_tf2_detector/package.dsv
[48.941s] -- Up-to-date symlink: /home/joanne/bookros2_ws/install/br2_tf2_detector/share/ament_index/resource_index/packages/br2_tf2_detector
[48.941s] -- Up-to-date symlink: /home/joanne/bookros2_ws/install/br2_tf2_detector/share/br2_tf2_detector/cmake/br2_tf2_detectorConfig.cmake
[48.942s] -- Up-to-date symlink: /home/joanne/bookros2_ws/install/br2_tf2_detector/share/br2_tf2_detector/cmake/br2_tf2_detectorConfig-version.cmake
[48.942s] -- Up-to-date symlink: /home/joanne/bookros2_ws/install/br2_tf2_detector/share/br2_tf2_detector/package.xml
[48.968s] Invoked command in '/home/joanne/bookros2_ws/build/br2_tf2_detector' returned '0': CMAKE_PREFIX_PATH=${CMAKE_PREFIX_PATH}:/home/joanne/bookros2_ws/install/ros2controlcli:/home/joanne/bookros2_ws/install/launch_pal:/home/joanne/bookros2_ws/install/br2_fsm_bumpgo_py:/opt/ros/foxy /usr/bin/cmake --install /home/joanne/bookros2_ws/build/br2_tf2_detector
