-- Found ament_cmake: 0.9.12 (/opt/ros/foxy/share/ament_cmake/cmake)
-- Using PYTHON_EXECUTABLE: /usr/bin/python3
-- Override CMake install command with custom implementation using symlinks instead of copying resources
-- Found control_msgs: 2.5.1 (/opt/ros/foxy/share/control_msgs/cmake)
-- Using all available rosidl_typesupport_c: rosidl_typesupport_fastrtps_c;rosidl_typesupport_introspection_c
-- Found rosidl_adapter: 1.3.1 (/opt/ros/foxy/share/rosidl_adapter/cmake)
-- Using all available rosidl_typesupport_cpp: rosidl_typesupport_fastrtps_cpp;rosidl_typesupport_introspection_cpp
-- Found pluginlib: 2.5.4 (/opt/ros/foxy/share/pluginlib/cmake)
-- Found ament_lint_auto: 0.9.8 (/opt/ros/foxy/share/ament_lint_auto/cmake)
-- Found gmock sources under '/opt/ros/foxy/src/gmock_vendor': C++ tests using 'Google Mock' will be built
-- Found ament_cmake_gtest: 0.9.12 (/opt/ros/foxy/share/ament_cmake_gtest/cmake)
-- Found gtest sources under '/opt/ros/foxy/src/gtest_vendor': C++ tests using 'Google Test' will be built
-- Added test 'copyright' to check source files copyright and LICENSE
-- Added test 'cppcheck' to perform static code analysis on C / C++ code
-- Configured cppcheck include dirs: /home/joanne/bookros2_ws/src/ThirdParty/ros2_control/hardware_interface/include
-- Configured cppcheck exclude dirs and/or files: 
-- Added test 'cpplint' to check C / C++ code against the Google style
-- Configured cpplint exclude dirs and/or files: 
-- Added test 'lint_cmake' to check CMake code style
-- Added test 'uncrustify' to check C / C++ code style
-- Configured uncrustify additional arguments: 
-- Added test 'xmllint' to check XML markup files
-- Configuring done
-- Generating done
-- Build files have been written to: /home/joanne/bookros2_ws/build/hardware_interface
[  2%] [32m[1mLinking CXX shared library libhardware_interface.so[0m
[  8%] Built target gmock_main
[ 17%] Built target gmock
[ 23%] Built target test_macros
[ 38%] Built target hardware_interface
[ 41%] [32m[1mLinking CXX executable test_component_parser[0m
[ 44%] [32m[1mLinking CXX shared library libtest_components.so[0m
[ 47%] [32m[1mLinking CXX executable test_component_interfaces[0m
[ 50%] [32m[1mLinking CXX executable test_joint_handle[0m
[ 52%] [32m[1mLinking CXX executable test_generic_system[0m
[ 55%] [32m[1mLinking CXX shared library libtest_hardware_components.so[0m
[ 58%] [32m[1mLinking CXX executable test_resource_manager[0m
[ 61%] [32m[1mLinking CXX shared library libfake_components.so[0m
[ 73%] Built target test_hardware_components
[ 82%] Built target test_components
[ 85%] Built target fake_components
[ 88%] Built target test_joint_handle
[ 91%] Built target test_generic_system
[ 94%] Built target test_resource_manager
[ 97%] Built target test_component_interfaces
[100%] Built target test_component_parser
-- Install configuration: ""
-- Execute custom install script
-- Symlinking: /home/joanne/bookros2_ws/install/hardware_interface/share/hardware_interface//fake_components_plugin_description.xml
-- Symlinking: /home/joanne/bookros2_ws/install/hardware_interface/include/fake_components/generic_system.hpp
-- Symlinking: /home/joanne/bookros2_ws/install/hardware_interface/include/fake_components/visibility_control.h
-- Symlinking: /home/joanne/bookros2_ws/install/hardware_interface/include/hardware_interface/actuator.hpp
-- Symlinking: /home/joanne/bookros2_ws/install/hardware_interface/include/hardware_interface/actuator_interface.hpp
-- Symlinking: /home/joanne/bookros2_ws/install/hardware_interface/include/hardware_interface/base_interface.hpp
-- Symlinking: /home/joanne/bookros2_ws/install/hardware_interface/include/hardware_interface/component_parser.hpp
-- Symlinking: /home/joanne/bookros2_ws/install/hardware_interface/include/hardware_interface/controller_info.hpp
-- Symlinking: /home/joanne/bookros2_ws/install/hardware_interface/include/hardware_interface/handle.hpp
-- Symlinking: /home/joanne/bookros2_ws/install/hardware_interface/include/hardware_interface/hardware_info.hpp
-- Symlinking: /home/joanne/bookros2_ws/install/hardware_interface/include/hardware_interface/loaned_command_interface.hpp
-- Symlinking: /home/joanne/bookros2_ws/install/hardware_interface/include/hardware_interface/loaned_state_interface.hpp
-- Symlinking: /home/joanne/bookros2_ws/install/hardware_interface/include/hardware_interface/macros.hpp
-- Symlinking: /home/joanne/bookros2_ws/install/hardware_interface/include/hardware_interface/resource_manager.hpp
-- Symlinking: /home/joanne/bookros2_ws/install/hardware_interface/include/hardware_interface/sensor.hpp
-- Symlinking: /home/joanne/bookros2_ws/install/hardware_interface/include/hardware_interface/sensor_interface.hpp
-- Symlinking: /home/joanne/bookros2_ws/install/hardware_interface/include/hardware_interface/system.hpp
-- Symlinking: /home/joanne/bookros2_ws/install/hardware_interface/include/hardware_interface/system_interface.hpp
-- Symlinking: /home/joanne/bookros2_ws/install/hardware_interface/include/hardware_interface/types/hardware_interface_return_values.hpp
-- Symlinking: /home/joanne/bookros2_ws/install/hardware_interface/include/hardware_interface/types/hardware_interface_status_values.hpp
-- Symlinking: /home/joanne/bookros2_ws/install/hardware_interface/include/hardware_interface/types/hardware_interface_type_values.hpp
-- Symlinking: /home/joanne/bookros2_ws/install/hardware_interface/include/hardware_interface/visibility_control.h
-- Symlinking: /home/joanne/bookros2_ws/install/hardware_interface/lib/libfake_components.so
-- Symlinking: /home/joanne/bookros2_ws/install/hardware_interface/lib/libhardware_interface.so
-- Symlinking: /home/joanne/bookros2_ws/install/hardware_interface/lib/libtest_components.so
-- Symlinking: /home/joanne/bookros2_ws/install/hardware_interface/share/hardware_interface/test/test_components/test_components.xml
-- Symlinking: /home/joanne/bookros2_ws/install/hardware_interface/lib/libtest_hardware_components.so
-- Symlinking: /home/joanne/bookros2_ws/install/hardware_interface/share/hardware_interface/test/test_hardware_components/test_hardware_components.xml
-- Symlinking: /home/joanne/bookros2_ws/install/hardware_interface/share/hardware_interface/environment/library_path.sh
-- Symlinking: /home/joanne/bookros2_ws/install/hardware_interface/share/hardware_interface/environment/library_path.dsv
-- Symlinking: /home/joanne/bookros2_ws/install/hardware_interface/share/ament_index/resource_index/package_run_dependencies/hardware_interface
-- Symlinking: /home/joanne/bookros2_ws/install/hardware_interface/share/ament_index/resource_index/parent_prefix_path/hardware_interface
-- Symlinking: /home/joanne/bookros2_ws/install/hardware_interface/share/hardware_interface/environment/ament_prefix_path.sh
-- Symlinking: /home/joanne/bookros2_ws/install/hardware_interface/share/hardware_interface/environment/ament_prefix_path.dsv
-- Symlinking: /home/joanne/bookros2_ws/install/hardware_interface/share/hardware_interface/environment/path.sh
-- Symlinking: /home/joanne/bookros2_ws/install/hardware_interface/share/hardware_interface/environment/path.dsv
-- Symlinking: /home/joanne/bookros2_ws/install/hardware_interface/share/hardware_interface/local_setup.bash
-- Symlinking: /home/joanne/bookros2_ws/install/hardware_interface/share/hardware_interface/local_setup.sh
-- Symlinking: /home/joanne/bookros2_ws/install/hardware_interface/share/hardware_interface/local_setup.zsh
-- Symlinking: /home/joanne/bookros2_ws/install/hardware_interface/share/hardware_interface/local_setup.dsv
-- Symlinking: /home/joanne/bookros2_ws/install/hardware_interface/share/hardware_interface/package.dsv
-- Symlinking: /home/joanne/bookros2_ws/install/hardware_interface/share/ament_index/resource_index/packages/hardware_interface
-- Symlinking: /home/joanne/bookros2_ws/install/hardware_interface/share/ament_index/resource_index/hardware_interface__pluginlib__plugin/hardware_interface
-- Symlinking: /home/joanne/bookros2_ws/install/hardware_interface/share/hardware_interface/cmake/ament_cmake_export_include_directories-extras.cmake
-- Symlinking: /home/joanne/bookros2_ws/install/hardware_interface/share/hardware_interface/cmake/ament_cmake_export_libraries-extras.cmake
-- Symlinking: /home/joanne/bookros2_ws/install/hardware_interface/share/hardware_interface/cmake/ament_cmake_export_dependencies-extras.cmake
-- Symlinking: /home/joanne/bookros2_ws/install/hardware_interface/share/hardware_interface/cmake/hardware_interfaceConfig.cmake
-- Symlinking: /home/joanne/bookros2_ws/install/hardware_interface/share/hardware_interface/cmake/hardware_interfaceConfig-version.cmake
-- Symlinking: /home/joanne/bookros2_ws/install/hardware_interface/share/hardware_interface/package.xml
