[0.026s] Invoking command in '/home/joanne/bookros2_ws/build/hardware_interface': AMENT_PREFIX_PATH=/home/joanne/bookros2_ws/install/ros2_control_test_assets:${AMENT_PREFIX_PATH} CMAKE_PREFIX_PATH=/home/joanne/bookros2_ws/install/ros2_control_test_assets:/opt/ros/foxy /usr/bin/cmake /home/joanne/bookros2_ws/src/ThirdParty/ros2_control/hardware_interface -DAMENT_CMAKE_SYMLINK_INSTALL=1 -DCMAKE_INSTALL_PREFIX=/home/joanne/bookros2_ws/install/hardware_interface
[0.048s] -- Found ament_cmake: 0.9.12 (/opt/ros/foxy/share/ament_cmake/cmake)
[0.086s] -- Using PYTHON_EXECUTABLE: /usr/bin/python3
[0.395s] -- Override CMake install command with custom implementation using symlinks instead of copying resources
[0.407s] -- Found control_msgs: 2.5.1 (/opt/ros/foxy/share/control_msgs/cmake)
[0.452s] -- Using all available rosidl_typesupport_c: rosidl_typesupport_fastrtps_c;rosidl_typesupport_introspection_c
[0.466s] -- Found rosidl_adapter: 1.3.1 (/opt/ros/foxy/share/rosidl_adapter/cmake)
[0.689s] -- Using all available rosidl_typesupport_cpp: rosidl_typesupport_fastrtps_cpp;rosidl_typesupport_introspection_cpp
[1.535s] -- Found pluginlib: 2.5.4 (/opt/ros/foxy/share/pluginlib/cmake)
[1.606s] -- Found ament_lint_auto: 0.9.8 (/opt/ros/foxy/share/ament_lint_auto/cmake)
[1.748s] -- Found gmock sources under '/opt/ros/foxy/src/gmock_vendor': C++ tests using 'Google Mock' will be built
[1.752s] -- Found ament_cmake_gtest: 0.9.12 (/opt/ros/foxy/share/ament_cmake_gtest/cmake)
[1.754s] -- Found gtest sources under '/opt/ros/foxy/src/gtest_vendor': C++ tests using 'Google Test' will be built
[1.795s] -- Added test 'copyright' to check source files copyright and LICENSE
[1.806s] -- Added test 'cppcheck' to perform static code analysis on C / C++ code
[1.807s] -- Configured cppcheck include dirs: /home/joanne/bookros2_ws/src/ThirdParty/ros2_control/hardware_interface/include
[1.807s] -- Configured cppcheck exclude dirs and/or files: 
[1.810s] -- Added test 'cpplint' to check C / C++ code against the Google style
[1.811s] -- Configured cpplint exclude dirs and/or files: 
[1.812s] -- Added test 'lint_cmake' to check CMake code style
[1.816s] -- Added test 'uncrustify' to check C / C++ code style
[1.816s] -- Configured uncrustify additional arguments: 
[1.817s] -- Added test 'xmllint' to check XML markup files
[1.833s] -- Configuring done
[1.957s] -- Generating done
[2.012s] -- Build files have been written to: /home/joanne/bookros2_ws/build/hardware_interface
[2.033s] Invoked command in '/home/joanne/bookros2_ws/build/hardware_interface' returned '0': AMENT_PREFIX_PATH=/home/joanne/bookros2_ws/install/ros2_control_test_assets:${AMENT_PREFIX_PATH} CMAKE_PREFIX_PATH=/home/joanne/bookros2_ws/install/ros2_control_test_assets:/opt/ros/foxy /usr/bin/cmake /home/joanne/bookros2_ws/src/ThirdParty/ros2_control/hardware_interface -DAMENT_CMAKE_SYMLINK_INSTALL=1 -DCMAKE_INSTALL_PREFIX=/home/joanne/bookros2_ws/install/hardware_interface
[2.034s] Invoking command in '/home/joanne/bookros2_ws/build/hardware_interface': AMENT_PREFIX_PATH=/home/joanne/bookros2_ws/install/ros2_control_test_assets:${AMENT_PREFIX_PATH} CMAKE_PREFIX_PATH=/home/joanne/bookros2_ws/install/ros2_control_test_assets:/opt/ros/foxy /usr/bin/cmake --build /home/joanne/bookros2_ws/build/hardware_interface -- -j8 -l8
[2.257s] [  2%] [32m[1mLinking CXX shared library libhardware_interface.so[0m
[2.257s] [  8%] Built target gmock_main
[2.257s] [ 17%] Built target gmock
[2.257s] [ 23%] Built target test_macros
[2.584s] [ 38%] Built target hardware_interface
[2.635s] [ 41%] [32m[1mLinking CXX executable test_component_parser[0m
[2.647s] [ 44%] [32m[1mLinking CXX shared library libtest_components.so[0m
[2.649s] [ 47%] [32m[1mLinking CXX executable test_component_interfaces[0m
[2.664s] [ 50%] [32m[1mLinking CXX executable test_joint_handle[0m
[2.667s] [ 52%] [32m[1mLinking CXX executable test_generic_system[0m
[2.684s] [ 55%] [32m[1mLinking CXX shared library libtest_hardware_components.so[0m
[2.690s] [ 58%] [32m[1mLinking CXX executable test_resource_manager[0m
[2.702s] [ 61%] [32m[1mLinking CXX shared library libfake_components.so[0m
[3.332s] [ 73%] Built target test_hardware_components
[3.471s] [ 82%] Built target test_components
[3.530s] [ 85%] Built target fake_components
[3.991s] [ 88%] Built target test_joint_handle
[4.095s] [ 91%] Built target test_generic_system
[4.101s] [ 94%] Built target test_resource_manager
[4.146s] [ 97%] Built target test_component_interfaces
[4.252s] [100%] Built target test_component_parser
[4.280s] Invoked command in '/home/joanne/bookros2_ws/build/hardware_interface' returned '0': AMENT_PREFIX_PATH=/home/joanne/bookros2_ws/install/ros2_control_test_assets:${AMENT_PREFIX_PATH} CMAKE_PREFIX_PATH=/home/joanne/bookros2_ws/install/ros2_control_test_assets:/opt/ros/foxy /usr/bin/cmake --build /home/joanne/bookros2_ws/build/hardware_interface -- -j8 -l8
[4.283s] Invoking command in '/home/joanne/bookros2_ws/build/hardware_interface': AMENT_PREFIX_PATH=/home/joanne/bookros2_ws/install/ros2_control_test_assets:${AMENT_PREFIX_PATH} CMAKE_PREFIX_PATH=/home/joanne/bookros2_ws/install/ros2_control_test_assets:/opt/ros/foxy /usr/bin/cmake --install /home/joanne/bookros2_ws/build/hardware_interface
[4.374s] -- Install configuration: ""
[4.375s] -- Execute custom install script
[4.375s] -- Symlinking: /home/joanne/bookros2_ws/install/hardware_interface/share/hardware_interface//fake_components_plugin_description.xml
[4.375s] -- Symlinking: /home/joanne/bookros2_ws/install/hardware_interface/include/fake_components/generic_system.hpp
[4.375s] -- Symlinking: /home/joanne/bookros2_ws/install/hardware_interface/include/fake_components/visibility_control.h
[4.375s] -- Symlinking: /home/joanne/bookros2_ws/install/hardware_interface/include/hardware_interface/actuator.hpp
[4.375s] -- Symlinking: /home/joanne/bookros2_ws/install/hardware_interface/include/hardware_interface/actuator_interface.hpp
[4.375s] -- Symlinking: /home/joanne/bookros2_ws/install/hardware_interface/include/hardware_interface/base_interface.hpp
[4.396s] -- Symlinking: /home/joanne/bookros2_ws/install/hardware_interface/include/hardware_interface/component_parser.hpp
[4.408s] -- Symlinking: /home/joanne/bookros2_ws/install/hardware_interface/include/hardware_interface/controller_info.hpp
[4.433s] -- Symlinking: /home/joanne/bookros2_ws/install/hardware_interface/include/hardware_interface/handle.hpp
[4.448s] -- Symlinking: /home/joanne/bookros2_ws/install/hardware_interface/include/hardware_interface/hardware_info.hpp
[4.464s] -- Symlinking: /home/joanne/bookros2_ws/install/hardware_interface/include/hardware_interface/loaned_command_interface.hpp
[4.501s] -- Symlinking: /home/joanne/bookros2_ws/install/hardware_interface/include/hardware_interface/loaned_state_interface.hpp
[4.520s] -- Symlinking: /home/joanne/bookros2_ws/install/hardware_interface/include/hardware_interface/macros.hpp
[4.555s] -- Symlinking: /home/joanne/bookros2_ws/install/hardware_interface/include/hardware_interface/resource_manager.hpp
[4.591s] -- Symlinking: /home/joanne/bookros2_ws/install/hardware_interface/include/hardware_interface/sensor.hpp
[4.616s] -- Symlinking: /home/joanne/bookros2_ws/install/hardware_interface/include/hardware_interface/sensor_interface.hpp
[4.640s] -- Symlinking: /home/joanne/bookros2_ws/install/hardware_interface/include/hardware_interface/system.hpp
[4.653s] -- Symlinking: /home/joanne/bookros2_ws/install/hardware_interface/include/hardware_interface/system_interface.hpp
[4.680s] -- Symlinking: /home/joanne/bookros2_ws/install/hardware_interface/include/hardware_interface/types/hardware_interface_return_values.hpp
[4.712s] -- Symlinking: /home/joanne/bookros2_ws/install/hardware_interface/include/hardware_interface/types/hardware_interface_status_values.hpp
[4.739s] -- Symlinking: /home/joanne/bookros2_ws/install/hardware_interface/include/hardware_interface/types/hardware_interface_type_values.hpp
[4.778s] -- Symlinking: /home/joanne/bookros2_ws/install/hardware_interface/include/hardware_interface/visibility_control.h
[4.803s] -- Symlinking: /home/joanne/bookros2_ws/install/hardware_interface/lib/libfake_components.so
[4.849s] -- Symlinking: /home/joanne/bookros2_ws/install/hardware_interface/lib/libhardware_interface.so
[4.883s] -- Symlinking: /home/joanne/bookros2_ws/install/hardware_interface/lib/libtest_components.so
[4.942s] -- Symlinking: /home/joanne/bookros2_ws/install/hardware_interface/share/hardware_interface/test/test_components/test_components.xml
[4.982s] -- Symlinking: /home/joanne/bookros2_ws/install/hardware_interface/lib/libtest_hardware_components.so
[5.017s] -- Symlinking: /home/joanne/bookros2_ws/install/hardware_interface/share/hardware_interface/test/test_hardware_components/test_hardware_components.xml
[5.041s] -- Symlinking: /home/joanne/bookros2_ws/install/hardware_interface/share/hardware_interface/environment/library_path.sh
[5.075s] -- Symlinking: /home/joanne/bookros2_ws/install/hardware_interface/share/hardware_interface/environment/library_path.dsv
[5.097s] -- Symlinking: /home/joanne/bookros2_ws/install/hardware_interface/share/ament_index/resource_index/package_run_dependencies/hardware_interface
[5.138s] -- Symlinking: /home/joanne/bookros2_ws/install/hardware_interface/share/ament_index/resource_index/parent_prefix_path/hardware_interface
[5.173s] -- Symlinking: /home/joanne/bookros2_ws/install/hardware_interface/share/hardware_interface/environment/ament_prefix_path.sh
[5.210s] -- Symlinking: /home/joanne/bookros2_ws/install/hardware_interface/share/hardware_interface/environment/ament_prefix_path.dsv
[5.256s] -- Symlinking: /home/joanne/bookros2_ws/install/hardware_interface/share/hardware_interface/environment/path.sh
[5.299s] -- Symlinking: /home/joanne/bookros2_ws/install/hardware_interface/share/hardware_interface/environment/path.dsv
[5.345s] -- Symlinking: /home/joanne/bookros2_ws/install/hardware_interface/share/hardware_interface/local_setup.bash
[5.383s] -- Symlinking: /home/joanne/bookros2_ws/install/hardware_interface/share/hardware_interface/local_setup.sh
[5.406s] -- Symlinking: /home/joanne/bookros2_ws/install/hardware_interface/share/hardware_interface/local_setup.zsh
[5.450s] -- Symlinking: /home/joanne/bookros2_ws/install/hardware_interface/share/hardware_interface/local_setup.dsv
[5.497s] -- Symlinking: /home/joanne/bookros2_ws/install/hardware_interface/share/hardware_interface/package.dsv
[5.541s] -- Symlinking: /home/joanne/bookros2_ws/install/hardware_interface/share/ament_index/resource_index/packages/hardware_interface
[5.580s] -- Symlinking: /home/joanne/bookros2_ws/install/hardware_interface/share/ament_index/resource_index/hardware_interface__pluginlib__plugin/hardware_interface
[5.621s] -- Symlinking: /home/joanne/bookros2_ws/install/hardware_interface/share/hardware_interface/cmake/ament_cmake_export_include_directories-extras.cmake
[5.668s] -- Symlinking: /home/joanne/bookros2_ws/install/hardware_interface/share/hardware_interface/cmake/ament_cmake_export_libraries-extras.cmake
[5.706s] -- Symlinking: /home/joanne/bookros2_ws/install/hardware_interface/share/hardware_interface/cmake/ament_cmake_export_dependencies-extras.cmake
[5.745s] -- Symlinking: /home/joanne/bookros2_ws/install/hardware_interface/share/hardware_interface/cmake/hardware_interfaceConfig.cmake
[5.797s] -- Symlinking: /home/joanne/bookros2_ws/install/hardware_interface/share/hardware_interface/cmake/hardware_interfaceConfig-version.cmake
[5.839s] -- Symlinking: /home/joanne/bookros2_ws/install/hardware_interface/share/hardware_interface/package.xml
[5.884s] Invoked command in '/home/joanne/bookros2_ws/build/hardware_interface' returned '0': AMENT_PREFIX_PATH=/home/joanne/bookros2_ws/install/ros2_control_test_assets:${AMENT_PREFIX_PATH} CMAKE_PREFIX_PATH=/home/joanne/bookros2_ws/install/ros2_control_test_assets:/opt/ros/foxy /usr/bin/cmake --install /home/joanne/bookros2_ws/build/hardware_interface
