[0.051s] Invoking command in '/home/joanne/bookros2_ws/build/controller_manager_msgs': CMAKE_PREFIX_PATH=/opt/ros/foxy /usr/bin/cmake --build /home/joanne/bookros2_ws/build/controller_manager_msgs -- -j8 -l8
[0.329s] [  0%] Built target controller_manager_msgs__cpp
[0.331s] [ 12%] Built target controller_manager_msgs__rosidl_generator_c
[0.331s] [ 24%] Built target controller_manager_msgs__rosidl_typesupport_c
[0.331s] [ 36%] Built target controller_manager_msgs__rosidl_typesupport_cpp
[0.331s] [ 48%] Built target controller_manager_msgs__rosidl_typesupport_introspection_cpp
[0.331s] [ 60%] Built target controller_manager_msgs__rosidl_typesupport_introspection_c
[0.331s] [ 72%] Built target controller_manager_msgs__rosidl_typesupport_fastrtps_cpp
[0.331s] [ 84%] Built target controller_manager_msgs__rosidl_typesupport_fastrtps_c
[0.332s] [ 84%] Built target controller_manager_msgs
[0.332s] [ 85%] Built target controller_manager_msgs__py
[0.332s] [ 96%] Built target controller_manager_msgs__python
[0.332s] [ 97%] Built target controller_manager_msgs__rosidl_typesupport_c__pyext
[0.332s] [ 99%] Built target controller_manager_msgs__rosidl_typesupport_fastrtps_c__pyext
[0.332s] [100%] Built target controller_manager_msgs__rosidl_typesupport_introspection_c__pyext
[0.358s] Invoked command in '/home/joanne/bookros2_ws/build/controller_manager_msgs' returned '0': CMAKE_PREFIX_PATH=/opt/ros/foxy /usr/bin/cmake --build /home/joanne/bookros2_ws/build/controller_manager_msgs -- -j8 -l8
[0.360s] Invoking command in '/home/joanne/bookros2_ws/build/controller_manager_msgs': CMAKE_PREFIX_PATH=/opt/ros/foxy /usr/bin/cmake --install /home/joanne/bookros2_ws/build/controller_manager_msgs
[0.375s] -- Install configuration: ""
[0.377s] -- Execute custom install script
[0.378s] -- Up-to-date symlink: /home/joanne/bookros2_ws/install/controller_manager_msgs/share/ament_index/resource_index/rosidl_interfaces/controller_manager_msgs
[0.378s] -- Up-to-date symlink: /home/joanne/bookros2_ws/install/controller_manager_msgs/include/controller_manager_msgs/msg/controller_state.h
[0.379s] -- Up-to-date symlink: /home/joanne/bookros2_ws/install/controller_manager_msgs/include/controller_manager_msgs/msg/detail/controller_state__functions.h
[0.379s] -- Up-to-date symlink: /home/joanne/bookros2_ws/install/controller_manager_msgs/include/controller_manager_msgs/msg/detail/controller_state__struct.h
[0.379s] -- Up-to-date symlink: /home/joanne/bookros2_ws/install/controller_manager_msgs/include/controller_manager_msgs/msg/detail/controller_state__type_support.h
[0.380s] -- Up-to-date symlink: /home/joanne/bookros2_ws/install/controller_manager_msgs/include/controller_manager_msgs/msg/detail/hardware_interface__functions.h
[0.380s] -- Up-to-date symlink: /home/joanne/bookros2_ws/install/controller_manager_msgs/include/controller_manager_msgs/msg/detail/hardware_interface__struct.h
[0.380s] -- Up-to-date symlink: /home/joanne/bookros2_ws/install/controller_manager_msgs/include/controller_manager_msgs/msg/detail/hardware_interface__type_support.h
[0.380s] -- Up-to-date symlink: /home/joanne/bookros2_ws/install/controller_manager_msgs/include/controller_manager_msgs/msg/hardware_interface.h
[0.380s] -- Up-to-date symlink: /home/joanne/bookros2_ws/install/controller_manager_msgs/include/controller_manager_msgs/msg/rosidl_generator_c__visibility_control.h
[0.380s] -- Up-to-date symlink: /home/joanne/bookros2_ws/install/controller_manager_msgs/include/controller_manager_msgs/srv/configure_controller.h
[0.380s] -- Up-to-date symlink: /home/joanne/bookros2_ws/install/controller_manager_msgs/include/controller_manager_msgs/srv/configure_start_controller.h
[0.380s] -- Up-to-date symlink: /home/joanne/bookros2_ws/install/controller_manager_msgs/include/controller_manager_msgs/srv/detail/configure_controller__functions.h
[0.380s] -- Up-to-date symlink: /home/joanne/bookros2_ws/install/controller_manager_msgs/include/controller_manager_msgs/srv/detail/configure_controller__struct.h
[0.381s] -- Up-to-date symlink: /home/joanne/bookros2_ws/install/controller_manager_msgs/include/controller_manager_msgs/srv/detail/configure_controller__type_support.h
[0.381s] -- Up-to-date symlink: /home/joanne/bookros2_ws/install/controller_manager_msgs/include/controller_manager_msgs/srv/detail/configure_start_controller__functions.h
[0.381s] -- Up-to-date symlink: /home/joanne/bookros2_ws/install/controller_manager_msgs/include/controller_manager_msgs/srv/detail/configure_start_controller__struct.h
[0.381s] -- Up-to-date symlink: /home/joanne/bookros2_ws/install/controller_manager_msgs/include/controller_manager_msgs/srv/detail/configure_start_controller__type_support.h
[0.381s] -- Up-to-date symlink: /home/joanne/bookros2_ws/install/controller_manager_msgs/include/controller_manager_msgs/srv/detail/list_controller_types__functions.h
[0.382s] -- Up-to-date symlink: /home/joanne/bookros2_ws/install/controller_manager_msgs/include/controller_manager_msgs/srv/detail/list_controller_types__struct.h
[0.382s] -- Up-to-date symlink: /home/joanne/bookros2_ws/install/controller_manager_msgs/include/controller_manager_msgs/srv/detail/list_controller_types__type_support.h
[0.382s] -- Up-to-date symlink: /home/joanne/bookros2_ws/install/controller_manager_msgs/include/controller_manager_msgs/srv/detail/list_controllers__functions.h
[0.382s] -- Up-to-date symlink: /home/joanne/bookros2_ws/install/controller_manager_msgs/include/controller_manager_msgs/srv/detail/list_controllers__struct.h
[0.383s] -- Up-to-date symlink: /home/joanne/bookros2_ws/install/controller_manager_msgs/include/controller_manager_msgs/srv/detail/list_controllers__type_support.h
[0.384s] -- Up-to-date symlink: /home/joanne/bookros2_ws/install/controller_manager_msgs/include/controller_manager_msgs/srv/detail/list_hardware_interfaces__functions.h
[0.385s] -- Up-to-date symlink: /home/joanne/bookros2_ws/install/controller_manager_msgs/include/controller_manager_msgs/srv/detail/list_hardware_interfaces__struct.h
[0.385s] -- Up-to-date symlink: /home/joanne/bookros2_ws/install/controller_manager_msgs/include/controller_manager_msgs/srv/detail/list_hardware_interfaces__type_support.h
[0.390s] -- Up-to-date symlink: /home/joanne/bookros2_ws/install/controller_manager_msgs/include/controller_manager_msgs/srv/detail/load_configure_controller__functions.h
[0.391s] -- Up-to-date symlink: /home/joanne/bookros2_ws/install/controller_manager_msgs/include/controller_manager_msgs/srv/detail/load_configure_controller__struct.h
[0.391s] -- Up-to-date symlink: /home/joanne/bookros2_ws/install/controller_manager_msgs/include/controller_manager_msgs/srv/detail/load_configure_controller__type_support.h
[0.391s] -- Up-to-date symlink: /home/joanne/bookros2_ws/install/controller_manager_msgs/include/controller_manager_msgs/srv/detail/load_controller__functions.h
[0.393s] -- Up-to-date symlink: /home/joanne/bookros2_ws/install/controller_manager_msgs/include/controller_manager_msgs/srv/detail/load_controller__struct.h
[0.393s] -- Up-to-date symlink: /home/joanne/bookros2_ws/install/controller_manager_msgs/include/controller_manager_msgs/srv/detail/load_controller__type_support.h
[0.398s] -- Up-to-date symlink: /home/joanne/bookros2_ws/install/controller_manager_msgs/include/controller_manager_msgs/srv/detail/load_start_controller__functions.h
[0.398s] -- Up-to-date symlink: /home/joanne/bookros2_ws/install/controller_manager_msgs/include/controller_manager_msgs/srv/detail/load_start_controller__struct.h
[0.398s] -- Up-to-date symlink: /home/joanne/bookros2_ws/install/controller_manager_msgs/include/controller_manager_msgs/srv/detail/load_start_controller__type_support.h
[0.398s] -- Up-to-date symlink: /home/joanne/bookros2_ws/install/controller_manager_msgs/include/controller_manager_msgs/srv/detail/reload_controller_libraries__functions.h
[0.399s] -- Up-to-date symlink: /home/joanne/bookros2_ws/install/controller_manager_msgs/include/controller_manager_msgs/srv/detail/reload_controller_libraries__struct.h
[0.404s] -- Up-to-date symlink: /home/joanne/bookros2_ws/install/controller_manager_msgs/include/controller_manager_msgs/srv/detail/reload_controller_libraries__type_support.h
[0.404s] -- Up-to-date symlink: /home/joanne/bookros2_ws/install/controller_manager_msgs/include/controller_manager_msgs/srv/detail/switch_controller__functions.h
[0.415s] -- Up-to-date symlink: /home/joanne/bookros2_ws/install/controller_manager_msgs/include/controller_manager_msgs/srv/detail/switch_controller__struct.h
[0.416s] -- Up-to-date symlink: /home/joanne/bookros2_ws/install/controller_manager_msgs/include/controller_manager_msgs/srv/detail/switch_controller__type_support.h
[0.417s] -- Up-to-date symlink: /home/joanne/bookros2_ws/install/controller_manager_msgs/include/controller_manager_msgs/srv/detail/unload_controller__functions.h
[0.417s] -- Up-to-date symlink: /home/joanne/bookros2_ws/install/controller_manager_msgs/include/controller_manager_msgs/srv/detail/unload_controller__struct.h
[0.417s] -- Up-to-date symlink: /home/joanne/bookros2_ws/install/controller_manager_msgs/include/controller_manager_msgs/srv/detail/unload_controller__type_support.h
[0.417s] -- Up-to-date symlink: /home/joanne/bookros2_ws/install/controller_manager_msgs/include/controller_manager_msgs/srv/list_controller_types.h
[0.417s] -- Up-to-date symlink: /home/joanne/bookros2_ws/install/controller_manager_msgs/include/controller_manager_msgs/srv/list_controllers.h
[0.417s] -- Up-to-date symlink: /home/joanne/bookros2_ws/install/controller_manager_msgs/include/controller_manager_msgs/srv/list_hardware_interfaces.h
[0.418s] -- Up-to-date symlink: /home/joanne/bookros2_ws/install/controller_manager_msgs/include/controller_manager_msgs/srv/load_configure_controller.h
[0.418s] -- Up-to-date symlink: /home/joanne/bookros2_ws/install/controller_manager_msgs/include/controller_manager_msgs/srv/load_controller.h
[0.418s] -- Up-to-date symlink: /home/joanne/bookros2_ws/install/controller_manager_msgs/include/controller_manager_msgs/srv/load_start_controller.h
[0.420s] -- Up-to-date symlink: /home/joanne/bookros2_ws/install/controller_manager_msgs/include/controller_manager_msgs/srv/reload_controller_libraries.h
[0.423s] -- Up-to-date symlink: /home/joanne/bookros2_ws/install/controller_manager_msgs/include/controller_manager_msgs/srv/switch_controller.h
[0.423s] -- Up-to-date symlink: /home/joanne/bookros2_ws/install/controller_manager_msgs/include/controller_manager_msgs/srv/unload_controller.h
[0.424s] -- Up-to-date symlink: /home/joanne/bookros2_ws/install/controller_manager_msgs/share/controller_manager_msgs/environment/library_path.sh
[0.424s] -- Up-to-date symlink: /home/joanne/bookros2_ws/install/controller_manager_msgs/share/controller_manager_msgs/environment/library_path.dsv
[0.425s] -- Up-to-date symlink: /home/joanne/bookros2_ws/install/controller_manager_msgs/include/controller_manager_msgs/msg/detail/controller_state__rosidl_typesupport_fastrtps_c.h
[0.425s] -- Up-to-date symlink: /home/joanne/bookros2_ws/install/controller_manager_msgs/include/controller_manager_msgs/msg/detail/hardware_interface__rosidl_typesupport_fastrtps_c.h
[0.426s] -- Up-to-date symlink: /home/joanne/bookros2_ws/install/controller_manager_msgs/include/controller_manager_msgs/msg/rosidl_typesupport_fastrtps_c__visibility_control.h
[0.426s] -- Up-to-date symlink: /home/joanne/bookros2_ws/install/controller_manager_msgs/include/controller_manager_msgs/srv/detail/configure_controller__rosidl_typesupport_fastrtps_c.h
[0.426s] -- Up-to-date symlink: /home/joanne/bookros2_ws/install/controller_manager_msgs/include/controller_manager_msgs/srv/detail/configure_start_controller__rosidl_typesupport_fastrtps_c.h
[0.426s] -- Up-to-date symlink: /home/joanne/bookros2_ws/install/controller_manager_msgs/include/controller_manager_msgs/srv/detail/list_controller_types__rosidl_typesupport_fastrtps_c.h
[0.426s] -- Up-to-date symlink: /home/joanne/bookros2_ws/install/controller_manager_msgs/include/controller_manager_msgs/srv/detail/list_controllers__rosidl_typesupport_fastrtps_c.h
[0.426s] -- Up-to-date symlink: /home/joanne/bookros2_ws/install/controller_manager_msgs/include/controller_manager_msgs/srv/detail/list_hardware_interfaces__rosidl_typesupport_fastrtps_c.h
[0.427s] -- Up-to-date symlink: /home/joanne/bookros2_ws/install/controller_manager_msgs/include/controller_manager_msgs/srv/detail/load_configure_controller__rosidl_typesupport_fastrtps_c.h
[0.427s] -- Up-to-date symlink: /home/joanne/bookros2_ws/install/controller_manager_msgs/include/controller_manager_msgs/srv/detail/load_controller__rosidl_typesupport_fastrtps_c.h
[0.427s] -- Up-to-date symlink: /home/joanne/bookros2_ws/install/controller_manager_msgs/include/controller_manager_msgs/srv/detail/load_start_controller__rosidl_typesupport_fastrtps_c.h
[0.428s] -- Up-to-date symlink: /home/joanne/bookros2_ws/install/controller_manager_msgs/include/controller_manager_msgs/srv/detail/reload_controller_libraries__rosidl_typesupport_fastrtps_c.h
[0.429s] -- Up-to-date symlink: /home/joanne/bookros2_ws/install/controller_manager_msgs/include/controller_manager_msgs/srv/detail/switch_controller__rosidl_typesupport_fastrtps_c.h
[0.429s] -- Up-to-date symlink: /home/joanne/bookros2_ws/install/controller_manager_msgs/include/controller_manager_msgs/srv/detail/unload_controller__rosidl_typesupport_fastrtps_c.h
[0.429s] -- Up-to-date symlink: /home/joanne/bookros2_ws/install/controller_manager_msgs/lib/libcontroller_manager_msgs__rosidl_typesupport_fastrtps_c.so
[0.430s] -- Up-to-date symlink: /home/joanne/bookros2_ws/install/controller_manager_msgs/include/controller_manager_msgs/msg/detail/controller_state__rosidl_typesupport_fastrtps_cpp.hpp
[0.430s] -- Up-to-date symlink: /home/joanne/bookros2_ws/install/controller_manager_msgs/include/controller_manager_msgs/msg/detail/hardware_interface__rosidl_typesupport_fastrtps_cpp.hpp
[0.430s] -- Up-to-date symlink: /home/joanne/bookros2_ws/install/controller_manager_msgs/include/controller_manager_msgs/msg/rosidl_typesupport_fastrtps_cpp__visibility_control.h
[0.430s] -- Up-to-date symlink: /home/joanne/bookros2_ws/install/controller_manager_msgs/include/controller_manager_msgs/srv/detail/configure_controller__rosidl_typesupport_fastrtps_cpp.hpp
[0.431s] -- Up-to-date symlink: /home/joanne/bookros2_ws/install/controller_manager_msgs/include/controller_manager_msgs/srv/detail/configure_start_controller__rosidl_typesupport_fastrtps_cpp.hpp
[0.431s] -- Up-to-date symlink: /home/joanne/bookros2_ws/install/controller_manager_msgs/include/controller_manager_msgs/srv/detail/list_controller_types__rosidl_typesupport_fastrtps_cpp.hpp
[0.431s] -- Up-to-date symlink: /home/joanne/bookros2_ws/install/controller_manager_msgs/include/controller_manager_msgs/srv/detail/list_controllers__rosidl_typesupport_fastrtps_cpp.hpp
[0.431s] -- Up-to-date symlink: /home/joanne/bookros2_ws/install/controller_manager_msgs/include/controller_manager_msgs/srv/detail/list_hardware_interfaces__rosidl_typesupport_fastrtps_cpp.hpp
[0.431s] -- Up-to-date symlink: /home/joanne/bookros2_ws/install/controller_manager_msgs/include/controller_manager_msgs/srv/detail/load_configure_controller__rosidl_typesupport_fastrtps_cpp.hpp
[0.431s] -- Up-to-date symlink: /home/joanne/bookros2_ws/install/controller_manager_msgs/include/controller_manager_msgs/srv/detail/load_controller__rosidl_typesupport_fastrtps_cpp.hpp
[0.431s] -- Up-to-date symlink: /home/joanne/bookros2_ws/install/controller_manager_msgs/include/controller_manager_msgs/srv/detail/load_start_controller__rosidl_typesupport_fastrtps_cpp.hpp
[0.431s] -- Up-to-date symlink: /home/joanne/bookros2_ws/install/controller_manager_msgs/include/controller_manager_msgs/srv/detail/reload_controller_libraries__rosidl_typesupport_fastrtps_cpp.hpp
[0.431s] -- Up-to-date symlink: /home/joanne/bookros2_ws/install/controller_manager_msgs/include/controller_manager_msgs/srv/detail/switch_controller__rosidl_typesupport_fastrtps_cpp.hpp
[0.431s] -- Up-to-date symlink: /home/joanne/bookros2_ws/install/controller_manager_msgs/include/controller_manager_msgs/srv/detail/unload_controller__rosidl_typesupport_fastrtps_cpp.hpp
[0.431s] -- Up-to-date symlink: /home/joanne/bookros2_ws/install/controller_manager_msgs/lib/libcontroller_manager_msgs__rosidl_typesupport_fastrtps_cpp.so
[0.432s] -- Up-to-date symlink: /home/joanne/bookros2_ws/install/controller_manager_msgs/include/controller_manager_msgs/msg/detail/controller_state__rosidl_typesupport_introspection_c.h
[0.432s] -- Up-to-date symlink: /home/joanne/bookros2_ws/install/controller_manager_msgs/include/controller_manager_msgs/msg/detail/hardware_interface__rosidl_typesupport_introspection_c.h
[0.432s] -- Up-to-date symlink: /home/joanne/bookros2_ws/install/controller_manager_msgs/include/controller_manager_msgs/msg/rosidl_typesupport_introspection_c__visibility_control.h
[0.433s] -- Up-to-date symlink: /home/joanne/bookros2_ws/install/controller_manager_msgs/include/controller_manager_msgs/srv/detail/configure_controller__rosidl_typesupport_introspection_c.h
[0.433s] -- Up-to-date symlink: /home/joanne/bookros2_ws/install/controller_manager_msgs/include/controller_manager_msgs/srv/detail/configure_start_controller__rosidl_typesupport_introspection_c.h
[0.433s] -- Up-to-date symlink: /home/joanne/bookros2_ws/install/controller_manager_msgs/include/controller_manager_msgs/srv/detail/list_controller_types__rosidl_typesupport_introspection_c.h
[0.437s] -- Up-to-date symlink: /home/joanne/bookros2_ws/install/controller_manager_msgs/include/controller_manager_msgs/srv/detail/list_controllers__rosidl_typesupport_introspection_c.h
[0.437s] -- Up-to-date symlink: /home/joanne/bookros2_ws/install/controller_manager_msgs/include/controller_manager_msgs/srv/detail/list_hardware_interfaces__rosidl_typesupport_introspection_c.h
[0.438s] -- Up-to-date symlink: /home/joanne/bookros2_ws/install/controller_manager_msgs/include/controller_manager_msgs/srv/detail/load_configure_controller__rosidl_typesupport_introspection_c.h
[0.438s] -- Up-to-date symlink: /home/joanne/bookros2_ws/install/controller_manager_msgs/include/controller_manager_msgs/srv/detail/load_controller__rosidl_typesupport_introspection_c.h
[0.438s] -- Up-to-date symlink: /home/joanne/bookros2_ws/install/controller_manager_msgs/include/controller_manager_msgs/srv/detail/load_start_controller__rosidl_typesupport_introspection_c.h
[0.438s] -- Up-to-date symlink: /home/joanne/bookros2_ws/install/controller_manager_msgs/include/controller_manager_msgs/srv/detail/reload_controller_libraries__rosidl_typesupport_introspection_c.h
[0.439s] -- Up-to-date symlink: /home/joanne/bookros2_ws/install/controller_manager_msgs/include/controller_manager_msgs/srv/detail/switch_controller__rosidl_typesupport_introspection_c.h
[0.439s] -- Up-to-date symlink: /home/joanne/bookros2_ws/install/controller_manager_msgs/include/controller_manager_msgs/srv/detail/unload_controller__rosidl_typesupport_introspection_c.h
[0.444s] -- Up-to-date symlink: /home/joanne/bookros2_ws/install/controller_manager_msgs/include/controller_manager_msgs/msg/controller_state.hpp
[0.444s] -- Up-to-date symlink: /home/joanne/bookros2_ws/install/controller_manager_msgs/include/controller_manager_msgs/msg/detail/controller_state__builder.hpp
[0.444s] -- Up-to-date symlink: /home/joanne/bookros2_ws/install/controller_manager_msgs/include/controller_manager_msgs/msg/detail/controller_state__struct.hpp
[0.444s] -- Up-to-date symlink: /home/joanne/bookros2_ws/install/controller_manager_msgs/include/controller_manager_msgs/msg/detail/controller_state__traits.hpp
[0.444s] -- Up-to-date symlink: /home/joanne/bookros2_ws/install/controller_manager_msgs/include/controller_manager_msgs/msg/detail/controller_state__type_support.hpp
[0.445s] -- Up-to-date symlink: /home/joanne/bookros2_ws/install/controller_manager_msgs/include/controller_manager_msgs/msg/detail/hardware_interface__builder.hpp
[0.445s] -- Up-to-date symlink: /home/joanne/bookros2_ws/install/controller_manager_msgs/include/controller_manager_msgs/msg/detail/hardware_interface__struct.hpp
[0.445s] -- Up-to-date symlink: /home/joanne/bookros2_ws/install/controller_manager_msgs/include/controller_manager_msgs/msg/detail/hardware_interface__traits.hpp
[0.445s] -- Up-to-date symlink: /home/joanne/bookros2_ws/install/controller_manager_msgs/include/controller_manager_msgs/msg/detail/hardware_interface__type_support.hpp
[0.445s] -- Up-to-date symlink: /home/joanne/bookros2_ws/install/controller_manager_msgs/include/controller_manager_msgs/msg/hardware_interface.hpp
[0.445s] -- Up-to-date symlink: /home/joanne/bookros2_ws/install/controller_manager_msgs/include/controller_manager_msgs/msg/rosidl_generator_cpp__visibility_control.hpp
[0.445s] -- Up-to-date symlink: /home/joanne/bookros2_ws/install/controller_manager_msgs/include/controller_manager_msgs/srv/configure_controller.hpp
[0.445s] -- Up-to-date symlink: /home/joanne/bookros2_ws/install/controller_manager_msgs/include/controller_manager_msgs/srv/configure_start_controller.hpp
[0.446s] -- Up-to-date symlink: /home/joanne/bookros2_ws/install/controller_manager_msgs/include/controller_manager_msgs/srv/detail/configure_controller__builder.hpp
[0.446s] -- Up-to-date symlink: /home/joanne/bookros2_ws/install/controller_manager_msgs/include/controller_manager_msgs/srv/detail/configure_controller__struct.hpp
[0.446s] -- Up-to-date symlink: /home/joanne/bookros2_ws/install/controller_manager_msgs/include/controller_manager_msgs/srv/detail/configure_controller__traits.hpp
[0.446s] -- Up-to-date symlink: /home/joanne/bookros2_ws/install/controller_manager_msgs/include/controller_manager_msgs/srv/detail/configure_controller__type_support.hpp
[0.446s] -- Up-to-date symlink: /home/joanne/bookros2_ws/install/controller_manager_msgs/include/controller_manager_msgs/srv/detail/configure_start_controller__builder.hpp
[0.446s] -- Up-to-date symlink: /home/joanne/bookros2_ws/install/controller_manager_msgs/include/controller_manager_msgs/srv/detail/configure_start_controller__struct.hpp
[0.446s] -- Up-to-date symlink: /home/joanne/bookros2_ws/install/controller_manager_msgs/include/controller_manager_msgs/srv/detail/configure_start_controller__traits.hpp
[0.446s] -- Up-to-date symlink: /home/joanne/bookros2_ws/install/controller_manager_msgs/include/controller_manager_msgs/srv/detail/configure_start_controller__type_support.hpp
[0.446s] -- Up-to-date symlink: /home/joanne/bookros2_ws/install/controller_manager_msgs/include/controller_manager_msgs/srv/detail/list_controller_types__builder.hpp
[0.446s] -- Up-to-date symlink: /home/joanne/bookros2_ws/install/controller_manager_msgs/include/controller_manager_msgs/srv/detail/list_controller_types__struct.hpp
[0.447s] -- Up-to-date symlink: /home/joanne/bookros2_ws/install/controller_manager_msgs/include/controller_manager_msgs/srv/detail/list_controller_types__traits.hpp
[0.447s] -- Up-to-date symlink: /home/joanne/bookros2_ws/install/controller_manager_msgs/include/controller_manager_msgs/srv/detail/list_controller_types__type_support.hpp
[0.447s] -- Up-to-date symlink: /home/joanne/bookros2_ws/install/controller_manager_msgs/include/controller_manager_msgs/srv/detail/list_controllers__builder.hpp
[0.447s] -- Up-to-date symlink: /home/joanne/bookros2_ws/install/controller_manager_msgs/include/controller_manager_msgs/srv/detail/list_controllers__struct.hpp
[0.447s] -- Up-to-date symlink: /home/joanne/bookros2_ws/install/controller_manager_msgs/include/controller_manager_msgs/srv/detail/list_controllers__traits.hpp
[0.447s] -- Up-to-date symlink: /home/joanne/bookros2_ws/install/controller_manager_msgs/include/controller_manager_msgs/srv/detail/list_controllers__type_support.hpp
[0.447s] -- Up-to-date symlink: /home/joanne/bookros2_ws/install/controller_manager_msgs/include/controller_manager_msgs/srv/detail/list_hardware_interfaces__builder.hpp
[0.447s] -- Up-to-date symlink: /home/joanne/bookros2_ws/install/controller_manager_msgs/include/controller_manager_msgs/srv/detail/list_hardware_interfaces__struct.hpp
[0.447s] -- Up-to-date symlink: /home/joanne/bookros2_ws/install/controller_manager_msgs/include/controller_manager_msgs/srv/detail/list_hardware_interfaces__traits.hpp
[0.448s] -- Up-to-date symlink: /home/joanne/bookros2_ws/install/controller_manager_msgs/include/controller_manager_msgs/srv/detail/list_hardware_interfaces__type_support.hpp
[0.448s] -- Up-to-date symlink: /home/joanne/bookros2_ws/install/controller_manager_msgs/include/controller_manager_msgs/srv/detail/load_configure_controller__builder.hpp
[0.448s] -- Up-to-date symlink: /home/joanne/bookros2_ws/install/controller_manager_msgs/include/controller_manager_msgs/srv/detail/load_configure_controller__struct.hpp
[0.448s] -- Up-to-date symlink: /home/joanne/bookros2_ws/install/controller_manager_msgs/include/controller_manager_msgs/srv/detail/load_configure_controller__traits.hpp
[0.448s] -- Up-to-date symlink: /home/joanne/bookros2_ws/install/controller_manager_msgs/include/controller_manager_msgs/srv/detail/load_configure_controller__type_support.hpp
[0.448s] -- Up-to-date symlink: /home/joanne/bookros2_ws/install/controller_manager_msgs/include/controller_manager_msgs/srv/detail/load_controller__builder.hpp
[0.448s] -- Up-to-date symlink: /home/joanne/bookros2_ws/install/controller_manager_msgs/include/controller_manager_msgs/srv/detail/load_controller__struct.hpp
[0.448s] -- Up-to-date symlink: /home/joanne/bookros2_ws/install/controller_manager_msgs/include/controller_manager_msgs/srv/detail/load_controller__traits.hpp
[0.448s] -- Up-to-date symlink: /home/joanne/bookros2_ws/install/controller_manager_msgs/include/controller_manager_msgs/srv/detail/load_controller__type_support.hpp
[0.449s] -- Up-to-date symlink: /home/joanne/bookros2_ws/install/controller_manager_msgs/include/controller_manager_msgs/srv/detail/load_start_controller__builder.hpp
[0.449s] -- Up-to-date symlink: /home/joanne/bookros2_ws/install/controller_manager_msgs/include/controller_manager_msgs/srv/detail/load_start_controller__struct.hpp
[0.451s] -- Up-to-date symlink: /home/joanne/bookros2_ws/install/controller_manager_msgs/include/controller_manager_msgs/srv/detail/load_start_controller__traits.hpp
[0.451s] -- Up-to-date symlink: /home/joanne/bookros2_ws/install/controller_manager_msgs/include/controller_manager_msgs/srv/detail/load_start_controller__type_support.hpp
[0.452s] -- Up-to-date symlink: /home/joanne/bookros2_ws/install/controller_manager_msgs/include/controller_manager_msgs/srv/detail/reload_controller_libraries__builder.hpp
[0.452s] -- Up-to-date symlink: /home/joanne/bookros2_ws/install/controller_manager_msgs/include/controller_manager_msgs/srv/detail/reload_controller_libraries__struct.hpp
[0.454s] -- Up-to-date symlink: /home/joanne/bookros2_ws/install/controller_manager_msgs/include/controller_manager_msgs/srv/detail/reload_controller_libraries__traits.hpp
[0.455s] -- Up-to-date symlink: /home/joanne/bookros2_ws/install/controller_manager_msgs/include/controller_manager_msgs/srv/detail/reload_controller_libraries__type_support.hpp
[0.455s] -- Up-to-date symlink: /home/joanne/bookros2_ws/install/controller_manager_msgs/include/controller_manager_msgs/srv/detail/switch_controller__builder.hpp
[0.455s] -- Up-to-date symlink: /home/joanne/bookros2_ws/install/controller_manager_msgs/include/controller_manager_msgs/srv/detail/switch_controller__struct.hpp
[0.455s] -- Up-to-date symlink: /home/joanne/bookros2_ws/install/controller_manager_msgs/include/controller_manager_msgs/srv/detail/switch_controller__traits.hpp
[0.455s] -- Up-to-date symlink: /home/joanne/bookros2_ws/install/controller_manager_msgs/include/controller_manager_msgs/srv/detail/switch_controller__type_support.hpp
[0.455s] -- Up-to-date symlink: /home/joanne/bookros2_ws/install/controller_manager_msgs/include/controller_manager_msgs/srv/detail/unload_controller__builder.hpp
[0.455s] -- Up-to-date symlink: /home/joanne/bookros2_ws/install/controller_manager_msgs/include/controller_manager_msgs/srv/detail/unload_controller__struct.hpp
[0.456s] -- Up-to-date symlink: /home/joanne/bookros2_ws/install/controller_manager_msgs/include/controller_manager_msgs/srv/detail/unload_controller__traits.hpp
[0.456s] -- Up-to-date symlink: /home/joanne/bookros2_ws/install/controller_manager_msgs/include/controller_manager_msgs/srv/detail/unload_controller__type_support.hpp
[0.456s] -- Up-to-date symlink: /home/joanne/bookros2_ws/install/controller_manager_msgs/include/controller_manager_msgs/srv/list_controller_types.hpp
[0.458s] -- Up-to-date symlink: /home/joanne/bookros2_ws/install/controller_manager_msgs/include/controller_manager_msgs/srv/list_controllers.hpp
[0.458s] -- Up-to-date symlink: /home/joanne/bookros2_ws/install/controller_manager_msgs/include/controller_manager_msgs/srv/list_hardware_interfaces.hpp
[0.458s] -- Up-to-date symlink: /home/joanne/bookros2_ws/install/controller_manager_msgs/include/controller_manager_msgs/srv/load_configure_controller.hpp
[0.458s] -- Up-to-date symlink: /home/joanne/bookros2_ws/install/controller_manager_msgs/include/controller_manager_msgs/srv/load_controller.hpp
[0.458s] -- Up-to-date symlink: /home/joanne/bookros2_ws/install/controller_manager_msgs/include/controller_manager_msgs/srv/load_start_controller.hpp
[0.458s] -- Up-to-date symlink: /home/joanne/bookros2_ws/install/controller_manager_msgs/include/controller_manager_msgs/srv/reload_controller_libraries.hpp
[0.458s] -- Up-to-date symlink: /home/joanne/bookros2_ws/install/controller_manager_msgs/include/controller_manager_msgs/srv/switch_controller.hpp
[0.459s] -- Up-to-date symlink: /home/joanne/bookros2_ws/install/controller_manager_msgs/include/controller_manager_msgs/srv/unload_controller.hpp
[0.459s] -- Up-to-date symlink: /home/joanne/bookros2_ws/install/controller_manager_msgs/include/controller_manager_msgs/msg/detail/controller_state__rosidl_typesupport_introspection_cpp.hpp
[0.459s] -- Up-to-date symlink: /home/joanne/bookros2_ws/install/controller_manager_msgs/include/controller_manager_msgs/msg/detail/hardware_interface__rosidl_typesupport_introspection_cpp.hpp
[0.459s] -- Up-to-date symlink: /home/joanne/bookros2_ws/install/controller_manager_msgs/include/controller_manager_msgs/srv/detail/configure_controller__rosidl_typesupport_introspection_cpp.hpp
[0.459s] -- Up-to-date symlink: /home/joanne/bookros2_ws/install/controller_manager_msgs/include/controller_manager_msgs/srv/detail/configure_start_controller__rosidl_typesupport_introspection_cpp.hpp
[0.459s] -- Up-to-date symlink: /home/joanne/bookros2_ws/install/controller_manager_msgs/include/controller_manager_msgs/srv/detail/list_controller_types__rosidl_typesupport_introspection_cpp.hpp
[0.459s] -- Up-to-date symlink: /home/joanne/bookros2_ws/install/controller_manager_msgs/include/controller_manager_msgs/srv/detail/list_controllers__rosidl_typesupport_introspection_cpp.hpp
[0.460s] -- Up-to-date symlink: /home/joanne/bookros2_ws/install/controller_manager_msgs/include/controller_manager_msgs/srv/detail/list_hardware_interfaces__rosidl_typesupport_introspection_cpp.hpp
[0.460s] -- Up-to-date symlink: /home/joanne/bookros2_ws/install/controller_manager_msgs/include/controller_manager_msgs/srv/detail/load_configure_controller__rosidl_typesupport_introspection_cpp.hpp
[0.462s] -- Up-to-date symlink: /home/joanne/bookros2_ws/install/controller_manager_msgs/include/controller_manager_msgs/srv/detail/load_controller__rosidl_typesupport_introspection_cpp.hpp
[0.462s] -- Up-to-date symlink: /home/joanne/bookros2_ws/install/controller_manager_msgs/include/controller_manager_msgs/srv/detail/load_start_controller__rosidl_typesupport_introspection_cpp.hpp
[0.462s] -- Up-to-date symlink: /home/joanne/bookros2_ws/install/controller_manager_msgs/include/controller_manager_msgs/srv/detail/reload_controller_libraries__rosidl_typesupport_introspection_cpp.hpp
[0.462s] -- Up-to-date symlink: /home/joanne/bookros2_ws/install/controller_manager_msgs/include/controller_manager_msgs/srv/detail/switch_controller__rosidl_typesupport_introspection_cpp.hpp
[0.463s] -- Up-to-date symlink: /home/joanne/bookros2_ws/install/controller_manager_msgs/include/controller_manager_msgs/srv/detail/unload_controller__rosidl_typesupport_introspection_cpp.hpp
[0.463s] -- Up-to-date symlink: /home/joanne/bookros2_ws/install/controller_manager_msgs/share/controller_manager_msgs/environment/pythonpath.sh
[0.465s] -- Up-to-date symlink: /home/joanne/bookros2_ws/install/controller_manager_msgs/share/controller_manager_msgs/environment/pythonpath.dsv
[0.465s] -- Up-to-date symlink: /home/joanne/bookros2_ws/install/controller_manager_msgs/lib/python3.8/site-packages/controller_manager_msgs/__init__.py
[0.467s] -- Up-to-date symlink: /home/joanne/bookros2_ws/install/controller_manager_msgs/lib/python3.8/site-packages/controller_manager_msgs/msg/__init__.py
[0.467s] -- Up-to-date symlink: /home/joanne/bookros2_ws/install/controller_manager_msgs/lib/python3.8/site-packages/controller_manager_msgs/msg/_controller_state.py
[0.467s] -- Up-to-date symlink: /home/joanne/bookros2_ws/install/controller_manager_msgs/lib/python3.8/site-packages/controller_manager_msgs/msg/_hardware_interface.py
[0.468s] -- Up-to-date symlink: /home/joanne/bookros2_ws/install/controller_manager_msgs/lib/python3.8/site-packages/controller_manager_msgs/srv/__init__.py
[0.468s] -- Up-to-date symlink: /home/joanne/bookros2_ws/install/controller_manager_msgs/lib/python3.8/site-packages/controller_manager_msgs/srv/_configure_controller.py
[0.469s] -- Up-to-date symlink: /home/joanne/bookros2_ws/install/controller_manager_msgs/lib/python3.8/site-packages/controller_manager_msgs/srv/_configure_start_controller.py
[0.469s] -- Up-to-date symlink: /home/joanne/bookros2_ws/install/controller_manager_msgs/lib/python3.8/site-packages/controller_manager_msgs/srv/_list_controller_types.py
[0.469s] -- Up-to-date symlink: /home/joanne/bookros2_ws/install/controller_manager_msgs/lib/python3.8/site-packages/controller_manager_msgs/srv/_list_controllers.py
[0.469s] -- Up-to-date symlink: /home/joanne/bookros2_ws/install/controller_manager_msgs/lib/python3.8/site-packages/controller_manager_msgs/srv/_list_hardware_interfaces.py
[0.469s] -- Up-to-date symlink: /home/joanne/bookros2_ws/install/controller_manager_msgs/lib/python3.8/site-packages/controller_manager_msgs/srv/_load_configure_controller.py
[0.472s] -- Up-to-date symlink: /home/joanne/bookros2_ws/install/controller_manager_msgs/lib/python3.8/site-packages/controller_manager_msgs/srv/_load_controller.py
[0.472s] -- Up-to-date symlink: /home/joanne/bookros2_ws/install/controller_manager_msgs/lib/python3.8/site-packages/controller_manager_msgs/srv/_load_start_controller.py
[0.472s] -- Up-to-date symlink: /home/joanne/bookros2_ws/install/controller_manager_msgs/lib/python3.8/site-packages/controller_manager_msgs/srv/_reload_controller_libraries.py
[0.473s] -- Up-to-date symlink: /home/joanne/bookros2_ws/install/controller_manager_msgs/lib/python3.8/site-packages/controller_manager_msgs/srv/_switch_controller.py
[0.473s] -- Up-to-date symlink: /home/joanne/bookros2_ws/install/controller_manager_msgs/lib/python3.8/site-packages/controller_manager_msgs/srv/_unload_controller.py
[0.473s] -- Up-to-date symlink: /home/joanne/bookros2_ws/install/controller_manager_msgs/lib/python3.8/site-packages/controller_manager_msgs/controller_manager_msgs_s__rosidl_typesupport_fastrtps_c.cpython-38-x86_64-linux-gnu.so
[0.474s] -- Up-to-date symlink: /home/joanne/bookros2_ws/install/controller_manager_msgs/lib/python3.8/site-packages/controller_manager_msgs/controller_manager_msgs_s__rosidl_typesupport_introspection_c.cpython-38-x86_64-linux-gnu.so
[0.474s] -- Up-to-date symlink: /home/joanne/bookros2_ws/install/controller_manager_msgs/lib/python3.8/site-packages/controller_manager_msgs/controller_manager_msgs_s__rosidl_typesupport_c.cpython-38-x86_64-linux-gnu.so
[0.475s] -- Up-to-date symlink: /home/joanne/bookros2_ws/install/controller_manager_msgs/lib/libcontroller_manager_msgs__python.so
[0.475s] -- Up-to-date symlink: /home/joanne/bookros2_ws/install/controller_manager_msgs/share/controller_manager_msgs/msg/ControllerState.idl
[0.476s] -- Up-to-date symlink: /home/joanne/bookros2_ws/install/controller_manager_msgs/share/controller_manager_msgs/msg/HardwareInterface.idl
[0.476s] -- Up-to-date symlink: /home/joanne/bookros2_ws/install/controller_manager_msgs/share/controller_manager_msgs/srv/ConfigureController.idl
[0.477s] -- Up-to-date symlink: /home/joanne/bookros2_ws/install/controller_manager_msgs/share/controller_manager_msgs/srv/ConfigureStartController.idl
[0.478s] -- Up-to-date symlink: /home/joanne/bookros2_ws/install/controller_manager_msgs/share/controller_manager_msgs/srv/ListControllers.idl
[0.478s] -- Up-to-date symlink: /home/joanne/bookros2_ws/install/controller_manager_msgs/share/controller_manager_msgs/srv/ListControllerTypes.idl
[0.478s] -- Up-to-date symlink: /home/joanne/bookros2_ws/install/controller_manager_msgs/share/controller_manager_msgs/srv/ListHardwareInterfaces.idl
[0.478s] -- Up-to-date symlink: /home/joanne/bookros2_ws/install/controller_manager_msgs/share/controller_manager_msgs/srv/LoadConfigureController.idl
[0.478s] -- Up-to-date symlink: /home/joanne/bookros2_ws/install/controller_manager_msgs/share/controller_manager_msgs/srv/LoadController.idl
[0.478s] -- Up-to-date symlink: /home/joanne/bookros2_ws/install/controller_manager_msgs/share/controller_manager_msgs/srv/LoadStartController.idl
[0.478s] -- Up-to-date symlink: /home/joanne/bookros2_ws/install/controller_manager_msgs/share/controller_manager_msgs/srv/ReloadControllerLibraries.idl
[0.478s] -- Up-to-date symlink: /home/joanne/bookros2_ws/install/controller_manager_msgs/share/controller_manager_msgs/srv/SwitchController.idl
[0.479s] -- Up-to-date symlink: /home/joanne/bookros2_ws/install/controller_manager_msgs/share/controller_manager_msgs/srv/UnloadController.idl
[0.479s] -- Up-to-date symlink: /home/joanne/bookros2_ws/install/controller_manager_msgs/share/controller_manager_msgs/msg/ControllerState.msg
[0.479s] -- Up-to-date symlink: /home/joanne/bookros2_ws/install/controller_manager_msgs/share/controller_manager_msgs/msg/HardwareInterface.msg
[0.479s] -- Up-to-date symlink: /home/joanne/bookros2_ws/install/controller_manager_msgs/share/controller_manager_msgs/srv/ConfigureController.srv
[0.479s] -- Up-to-date symlink: /home/joanne/bookros2_ws/install/controller_manager_msgs/share/controller_manager_msgs/srv/ConfigureController_Request.msg
[0.479s] -- Up-to-date symlink: /home/joanne/bookros2_ws/install/controller_manager_msgs/share/controller_manager_msgs/srv/ConfigureController_Response.msg
[0.480s] -- Up-to-date symlink: /home/joanne/bookros2_ws/install/controller_manager_msgs/share/controller_manager_msgs/srv/ConfigureStartController.srv
[0.480s] -- Up-to-date symlink: /home/joanne/bookros2_ws/install/controller_manager_msgs/share/controller_manager_msgs/srv/ConfigureStartController_Request.msg
[0.480s] -- Up-to-date symlink: /home/joanne/bookros2_ws/install/controller_manager_msgs/share/controller_manager_msgs/srv/ConfigureStartController_Response.msg
[0.481s] -- Up-to-date symlink: /home/joanne/bookros2_ws/install/controller_manager_msgs/share/controller_manager_msgs/srv/ListControllers.srv
[0.481s] -- Up-to-date symlink: /home/joanne/bookros2_ws/install/controller_manager_msgs/share/controller_manager_msgs/srv/ListControllers_Request.msg
[0.482s] -- Up-to-date symlink: /home/joanne/bookros2_ws/install/controller_manager_msgs/share/controller_manager_msgs/srv/ListControllers_Response.msg
[0.482s] -- Up-to-date symlink: /home/joanne/bookros2_ws/install/controller_manager_msgs/share/controller_manager_msgs/srv/ListControllerTypes.srv
[0.483s] -- Up-to-date symlink: /home/joanne/bookros2_ws/install/controller_manager_msgs/share/controller_manager_msgs/srv/ListControllerTypes_Request.msg
[0.483s] -- Up-to-date symlink: /home/joanne/bookros2_ws/install/controller_manager_msgs/share/controller_manager_msgs/srv/ListControllerTypes_Response.msg
[0.483s] -- Up-to-date symlink: /home/joanne/bookros2_ws/install/controller_manager_msgs/share/controller_manager_msgs/srv/ListHardwareInterfaces.srv
[0.485s] -- Up-to-date symlink: /home/joanne/bookros2_ws/install/controller_manager_msgs/share/controller_manager_msgs/srv/ListHardwareInterfaces_Request.msg
[0.486s] -- Up-to-date symlink: /home/joanne/bookros2_ws/install/controller_manager_msgs/share/controller_manager_msgs/srv/ListHardwareInterfaces_Response.msg
[0.487s] -- Up-to-date symlink: /home/joanne/bookros2_ws/install/controller_manager_msgs/share/controller_manager_msgs/srv/LoadConfigureController.srv
[0.491s] -- Up-to-date symlink: /home/joanne/bookros2_ws/install/controller_manager_msgs/share/controller_manager_msgs/srv/LoadConfigureController_Request.msg
[0.491s] -- Up-to-date symlink: /home/joanne/bookros2_ws/install/controller_manager_msgs/share/controller_manager_msgs/srv/LoadConfigureController_Response.msg
[0.494s] -- Up-to-date symlink: /home/joanne/bookros2_ws/install/controller_manager_msgs/share/controller_manager_msgs/srv/LoadController.srv
[0.495s] -- Up-to-date symlink: /home/joanne/bookros2_ws/install/controller_manager_msgs/share/controller_manager_msgs/srv/LoadController_Request.msg
[0.495s] -- Up-to-date symlink: /home/joanne/bookros2_ws/install/controller_manager_msgs/share/controller_manager_msgs/srv/LoadController_Response.msg
[0.495s] -- Up-to-date symlink: /home/joanne/bookros2_ws/install/controller_manager_msgs/share/controller_manager_msgs/srv/LoadStartController.srv
[0.495s] -- Up-to-date symlink: /home/joanne/bookros2_ws/install/controller_manager_msgs/share/controller_manager_msgs/srv/LoadStartController_Request.msg
[0.495s] -- Up-to-date symlink: /home/joanne/bookros2_ws/install/controller_manager_msgs/share/controller_manager_msgs/srv/LoadStartController_Response.msg
[0.495s] -- Up-to-date symlink: /home/joanne/bookros2_ws/install/controller_manager_msgs/share/controller_manager_msgs/srv/ReloadControllerLibraries.srv
[0.495s] -- Up-to-date symlink: /home/joanne/bookros2_ws/install/controller_manager_msgs/share/controller_manager_msgs/srv/ReloadControllerLibraries_Request.msg
[0.495s] -- Up-to-date symlink: /home/joanne/bookros2_ws/install/controller_manager_msgs/share/controller_manager_msgs/srv/ReloadControllerLibraries_Response.msg
[0.496s] -- Up-to-date symlink: /home/joanne/bookros2_ws/install/controller_manager_msgs/share/controller_manager_msgs/srv/SwitchController.srv
[0.496s] -- Up-to-date symlink: /home/joanne/bookros2_ws/install/controller_manager_msgs/share/controller_manager_msgs/srv/SwitchController_Request.msg
[0.497s] -- Up-to-date symlink: /home/joanne/bookros2_ws/install/controller_manager_msgs/share/controller_manager_msgs/srv/SwitchController_Response.msg
[0.497s] -- Up-to-date symlink: /home/joanne/bookros2_ws/install/controller_manager_msgs/share/controller_manager_msgs/srv/UnloadController.srv
[0.498s] -- Up-to-date symlink: /home/joanne/bookros2_ws/install/controller_manager_msgs/share/controller_manager_msgs/srv/UnloadController_Request.msg
[0.498s] -- Up-to-date symlink: /home/joanne/bookros2_ws/install/controller_manager_msgs/share/controller_manager_msgs/srv/UnloadController_Response.msg
[0.498s] -- Up-to-date symlink: /home/joanne/bookros2_ws/install/controller_manager_msgs/share/ament_index/resource_index/package_run_dependencies/controller_manager_msgs
[0.498s] -- Up-to-date symlink: /home/joanne/bookros2_ws/install/controller_manager_msgs/share/ament_index/resource_index/parent_prefix_path/controller_manager_msgs
[0.498s] -- Up-to-date symlink: /home/joanne/bookros2_ws/install/controller_manager_msgs/share/controller_manager_msgs/environment/ament_prefix_path.sh
[0.498s] -- Up-to-date symlink: /home/joanne/bookros2_ws/install/controller_manager_msgs/share/controller_manager_msgs/environment/ament_prefix_path.dsv
[0.499s] -- Up-to-date symlink: /home/joanne/bookros2_ws/install/controller_manager_msgs/share/controller_manager_msgs/environment/path.sh
[0.499s] -- Up-to-date symlink: /home/joanne/bookros2_ws/install/controller_manager_msgs/share/controller_manager_msgs/environment/path.dsv
[0.499s] -- Up-to-date symlink: /home/joanne/bookros2_ws/install/controller_manager_msgs/share/controller_manager_msgs/local_setup.bash
[0.500s] -- Up-to-date symlink: /home/joanne/bookros2_ws/install/controller_manager_msgs/share/controller_manager_msgs/local_setup.sh
[0.500s] -- Up-to-date symlink: /home/joanne/bookros2_ws/install/controller_manager_msgs/share/controller_manager_msgs/local_setup.zsh
[0.500s] -- Up-to-date symlink: /home/joanne/bookros2_ws/install/controller_manager_msgs/share/controller_manager_msgs/local_setup.dsv
[0.500s] -- Symlinking: /home/joanne/bookros2_ws/install/controller_manager_msgs/share/controller_manager_msgs/package.dsv
[0.505s] -- Up-to-date symlink: /home/joanne/bookros2_ws/install/controller_manager_msgs/share/ament_index/resource_index/packages/controller_manager_msgs
[0.505s] -- Up-to-date symlink: /home/joanne/bookros2_ws/install/controller_manager_msgs/share/controller_manager_msgs/cmake/rosidl_cmake-extras.cmake
[0.506s] -- Up-to-date symlink: /home/joanne/bookros2_ws/install/controller_manager_msgs/share/controller_manager_msgs/cmake/ament_cmake_export_dependencies-extras.cmake
[0.506s] -- Up-to-date symlink: /home/joanne/bookros2_ws/install/controller_manager_msgs/share/controller_manager_msgs/cmake/ament_cmake_export_libraries-extras.cmake
[0.506s] -- Up-to-date symlink: /home/joanne/bookros2_ws/install/controller_manager_msgs/share/controller_manager_msgs/cmake/ament_cmake_export_targets-extras.cmake
[0.507s] -- Up-to-date symlink: /home/joanne/bookros2_ws/install/controller_manager_msgs/share/controller_manager_msgs/cmake/ament_cmake_export_include_directories-extras.cmake
[0.507s] -- Up-to-date symlink: /home/joanne/bookros2_ws/install/controller_manager_msgs/share/controller_manager_msgs/cmake/rosidl_cmake_export_typesupport_libraries-extras.cmake
[0.507s] -- Up-to-date symlink: /home/joanne/bookros2_ws/install/controller_manager_msgs/share/controller_manager_msgs/cmake/rosidl_cmake_export_typesupport_targets-extras.cmake
[0.507s] -- Up-to-date symlink: /home/joanne/bookros2_ws/install/controller_manager_msgs/share/controller_manager_msgs/cmake/controller_manager_msgsConfig.cmake
[0.507s] -- Up-to-date symlink: /home/joanne/bookros2_ws/install/controller_manager_msgs/share/controller_manager_msgs/cmake/controller_manager_msgsConfig-version.cmake
[0.507s] -- Up-to-date symlink: /home/joanne/bookros2_ws/install/controller_manager_msgs/share/controller_manager_msgs/package.xml
[0.509s] -- Up-to-date: /home/joanne/bookros2_ws/install/controller_manager_msgs/lib/libcontroller_manager_msgs__rosidl_generator_c.so
[0.509s] -- Up-to-date: /home/joanne/bookros2_ws/install/controller_manager_msgs/lib/libcontroller_manager_msgs__rosidl_typesupport_introspection_c.so
[0.509s] -- Up-to-date: /home/joanne/bookros2_ws/install/controller_manager_msgs/lib/libcontroller_manager_msgs__rosidl_typesupport_c.so
[0.509s] -- Up-to-date: /home/joanne/bookros2_ws/install/controller_manager_msgs/lib/libcontroller_manager_msgs__rosidl_typesupport_introspection_cpp.so
[0.510s] -- Up-to-date: /home/joanne/bookros2_ws/install/controller_manager_msgs/lib/libcontroller_manager_msgs__rosidl_typesupport_cpp.so
[0.546s] -- Up-to-date: /home/joanne/bookros2_ws/install/controller_manager_msgs/share/controller_manager_msgs/cmake/controller_manager_msgs__rosidl_generator_cExport.cmake
[0.548s] -- Up-to-date: /home/joanne/bookros2_ws/install/controller_manager_msgs/share/controller_manager_msgs/cmake/controller_manager_msgs__rosidl_generator_cExport-noconfig.cmake
[0.548s] -- Up-to-date: /home/joanne/bookros2_ws/install/controller_manager_msgs/share/controller_manager_msgs/cmake/controller_manager_msgs__rosidl_typesupport_introspection_cExport.cmake
[0.548s] -- Up-to-date: /home/joanne/bookros2_ws/install/controller_manager_msgs/share/controller_manager_msgs/cmake/controller_manager_msgs__rosidl_typesupport_introspection_cExport-noconfig.cmake
[0.548s] -- Up-to-date: /home/joanne/bookros2_ws/install/controller_manager_msgs/share/controller_manager_msgs/cmake/controller_manager_msgs__rosidl_typesupport_cExport.cmake
[0.548s] -- Up-to-date: /home/joanne/bookros2_ws/install/controller_manager_msgs/share/controller_manager_msgs/cmake/controller_manager_msgs__rosidl_typesupport_cExport-noconfig.cmake
[0.548s] -- Up-to-date: /home/joanne/bookros2_ws/install/controller_manager_msgs/share/controller_manager_msgs/cmake/controller_manager_msgs__rosidl_generator_cppExport.cmake
[0.548s] -- Up-to-date: /home/joanne/bookros2_ws/install/controller_manager_msgs/share/controller_manager_msgs/cmake/controller_manager_msgs__rosidl_typesupport_introspection_cppExport.cmake
[0.548s] -- Up-to-date: /home/joanne/bookros2_ws/install/controller_manager_msgs/share/controller_manager_msgs/cmake/controller_manager_msgs__rosidl_typesupport_introspection_cppExport-noconfig.cmake
[0.549s] -- Up-to-date: /home/joanne/bookros2_ws/install/controller_manager_msgs/share/controller_manager_msgs/cmake/controller_manager_msgs__rosidl_typesupport_cppExport.cmake
[0.549s] -- Up-to-date: /home/joanne/bookros2_ws/install/controller_manager_msgs/share/controller_manager_msgs/cmake/controller_manager_msgs__rosidl_typesupport_cppExport-noconfig.cmake
[0.599s] Invoked command in '/home/joanne/bookros2_ws/build/controller_manager_msgs' returned '0': CMAKE_PREFIX_PATH=/opt/ros/foxy /usr/bin/cmake --install /home/joanne/bookros2_ws/build/controller_manager_msgs
