[0.076s] Invoking command in '/home/joanne/bookros2_ws/build/br2_tracking': AMENT_PREFIX_PATH=/home/joanne/bookros2_ws/install/br2_tracking_msgs:${AMENT_PREFIX_PATH} CMAKE_PREFIX_PATH=/home/joanne/bookros2_ws/install/br2_tracking_msgs:/opt/ros/foxy LD_LIBRARY_PATH=/home/joanne/bookros2_ws/install/br2_tracking_msgs/lib:${LD_LIBRARY_PATH} PYTHONPATH=/home/joanne/bookros2_ws/install/br2_tracking_msgs/lib/python3.8/site-packages:${PYTHONPATH} /usr/bin/cmake --build /home/joanne/bookros2_ws/build/br2_tracking -- -j8 -l8
[0.149s] -- Found pcl_conversions: 2.2.1 (/opt/ros/foxy/share/pcl_conversions/cmake)
[0.177s] -- Using PYTHON_EXECUTABLE: /usr/bin/python3
[0.484s] -- Override CMake install command with custom implementation using symlinks instead of copying resources
[0.562s] -- Using all available rosidl_typesupport_c: rosidl_typesupport_fastrtps_c;rosidl_typesupport_introspection_c
[0.574s] -- Found rosidl_adapter: 1.3.1 (/opt/ros/foxy/share/rosidl_adapter/cmake)
[0.783s] -- Using all available rosidl_typesupport_cpp: rosidl_typesupport_fastrtps_cpp;rosidl_typesupport_introspection_cpp
[1.456s] -- Found rmw_implementation_cmake: 1.0.4 (/opt/ros/foxy/share/rmw_implementation_cmake/cmake)
[1.459s] -- Using RMW implementation 'rmw_fastrtps_cpp' as default
[1.668s] -- Found pcl_ros: 2.2.1 (/opt/ros/foxy/share/pcl_ros/cmake)
[1.782s] -- Found eigen3_cmake_module: 0.1.1 (/opt/ros/foxy/share/eigen3_cmake_module/cmake)
[2.559s] -- Eigen found (include: /usr/include/eigen3, version: 3.3.7)
[2.694s] -- The imported target "vtkParseOGLExt" references the file
[2.695s]    "/usr/bin/vtkParseOGLExt-7.1"
[2.695s] but this file does not exist.  Possible reasons include:
[2.695s] * The file was deleted, renamed, or moved to another location.
[2.695s] * An install or uninstall procedure did not complete successfully.
[2.695s] * The installation package was faulty and contained
[2.695s]    "/usr/lib/cmake/vtk-7.1/VTKTargets.cmake"
[2.695s] but not all the files it references.
[2.695s] 
[2.697s] -- The imported target "vtkRenderingPythonTkWidgets" references the file
[2.697s]    "/usr/lib/x86_64-linux-gnu/libvtkRenderingPythonTkWidgets.so"
[2.697s] but this file does not exist.  Possible reasons include:
[2.697s] * The file was deleted, renamed, or moved to another location.
[2.697s] * An install or uninstall procedure did not complete successfully.
[2.698s] * The installation package was faulty and contained
[2.698s]    "/usr/lib/cmake/vtk-7.1/VTKTargets.cmake"
[2.698s] but not all the files it references.
[2.698s] 
[2.698s] -- The imported target "vtk" references the file
[2.698s]    "/usr/bin/vtk"
[2.698s] but this file does not exist.  Possible reasons include:
[2.698s] * The file was deleted, renamed, or moved to another location.
[2.698s] * An install or uninstall procedure did not complete successfully.
[2.699s] * The installation package was faulty and contained
[2.699s]    "/usr/lib/cmake/vtk-7.1/VTKTargets.cmake"
[2.699s] but not all the files it references.
[2.699s] 
[2.699s] -- The imported target "pvtk" references the file
[2.699s]    "/usr/bin/pvtk"
[2.699s] but this file does not exist.  Possible reasons include:
[2.699s] * The file was deleted, renamed, or moved to another location.
[2.699s] * An install or uninstall procedure did not complete successfully.
[2.699s] * The installation package was faulty and contained
[2.700s]    "/usr/lib/cmake/vtk-7.1/VTKTargets.cmake"
[2.700s] but not all the files it references.
[2.700s] 
[2.746s] -- OpenNI found (include: /usr/include/ni, lib: /usr/lib/libOpenNI.so)
[2.757s] -- OpenNI2 found (include: /usr/include/openni2, lib: /usr/lib/libOpenNI2.so)
[2.791s] -- OpenNI found (include: /usr/include/ni, lib: /usr/lib/libOpenNI.so)
[2.800s] -- OpenNI2 found (include: /usr/include/openni2, lib: /usr/lib/libOpenNI2.so)
[2.827s] -- QHULL found (include: /usr/include, lib: optimized;/usr/lib/x86_64-linux-gnu/libqhull.so;debug;/usr/lib/x86_64-linux-gnu/libqhull.so)
[2.835s] -- OpenNI found (include: /usr/include/ni, lib: /usr/lib/libOpenNI.so)
[3.103s] CMake Warning (dev) at CMakeLists.txt:10 (find_package):
[3.103s]   Policy CMP0074 is not set: find_package uses <PackageName>_ROOT variables.
[3.103s]   Run "cmake --help-policy CMP0074" for policy details.  Use the cmake_policy
[3.103s]   command to set the policy and suppress this warning.
[3.104s] 
[3.104s]   CMake variable PCL_ROOT is set to:
[3.104s] 
[3.104s]     /usr
[3.104s] 
[3.104s]   For compatibility, CMake is ignoring the variable.
[3.104s] This warning is for project developers.  Use -Wno-dev to suppress it.
[3.104s] 
[3.109s] -- Found visualization_msgs: 2.0.5 (/opt/ros/foxy/share/visualization_msgs/cmake)
[3.190s] -- Found rclcpp_lifecycle: 2.4.3 (/opt/ros/foxy/share/rclcpp_lifecycle/cmake)
[3.227s] -- Found br2_tracking_msgs: 0.0.0 (/home/joanne/bookros2_ws/install/br2_tracking_msgs/share/br2_tracking_msgs/cmake)
[3.253s] -- Found vision_msgs: 2.0.0 (/opt/ros/foxy/share/vision_msgs/cmake)
[3.394s] -- Found control_msgs: 2.5.1 (/opt/ros/foxy/share/control_msgs/cmake)
[3.711s] -- Found image_transport: 2.4.0 (/opt/ros/foxy/share/image_transport/cmake)
[3.745s] -- Found cv_bridge: 3.0.7 (/opt/ros/foxy/share/cv_bridge/cmake)
[4.053s] -- Found ament_lint_auto: 0.9.8 (/opt/ros/foxy/share/ament_lint_auto/cmake)
[4.147s] -- Found gtest sources under '/opt/ros/foxy/src/gtest_vendor': C++ tests using 'Google Test' will be built
[4.250s] -- Added test 'copyright' to check source files copyright and LICENSE
[4.251s] -- Added test 'cppcheck' to perform static code analysis on C / C++ code
[4.252s] -- Configured cppcheck include dirs: /home/joanne/bookros2_ws/src/book_ros2/br2_tracking/include
[4.252s] -- Configured cppcheck exclude dirs and/or files: 
[4.253s] -- Added test 'cpplint' to check C / C++ code against the Google style
[4.253s] -- Configured cpplint exclude dirs and/or files: 
[4.253s] -- Added test 'flake8' to check Python code syntax and style conventions
[4.253s] -- Added test 'lint_cmake' to check CMake code style
[4.254s] -- Added test 'pep257' to check Python code against some of the style conventions in PEP 257
[4.254s] -- Added test 'uncrustify' to check C / C++ code style
[4.255s] -- Configured uncrustify additional arguments: 
[4.255s] -- Added test 'xmllint' to check XML markup files
[4.262s] -- Configuring done
[4.567s] -- Generating done
[4.731s] -- Build files have been written to: /home/joanne/bookros2_ws/build/br2_tracking
[4.771s] [ 28%] Built target gtest
[4.772s] [ 28%] Built target gtest_main
[4.825s] [ 57%] Built target br2_tracking
[4.851s] [ 71%] Built target pid_test
[4.872s] [ 85%] Built target object_detector
[4.873s] [100%] Built target object_tracker
[4.883s] Invoked command in '/home/joanne/bookros2_ws/build/br2_tracking' returned '0': AMENT_PREFIX_PATH=/home/joanne/bookros2_ws/install/br2_tracking_msgs:${AMENT_PREFIX_PATH} CMAKE_PREFIX_PATH=/home/joanne/bookros2_ws/install/br2_tracking_msgs:/opt/ros/foxy LD_LIBRARY_PATH=/home/joanne/bookros2_ws/install/br2_tracking_msgs/lib:${LD_LIBRARY_PATH} PYTHONPATH=/home/joanne/bookros2_ws/install/br2_tracking_msgs/lib/python3.8/site-packages:${PYTHONPATH} /usr/bin/cmake --build /home/joanne/bookros2_ws/build/br2_tracking -- -j8 -l8
[4.886s] Invoking command in '/home/joanne/bookros2_ws/build/br2_tracking': AMENT_PREFIX_PATH=/home/joanne/bookros2_ws/install/br2_tracking_msgs:${AMENT_PREFIX_PATH} CMAKE_PREFIX_PATH=/home/joanne/bookros2_ws/install/br2_tracking_msgs:/opt/ros/foxy LD_LIBRARY_PATH=/home/joanne/bookros2_ws/install/br2_tracking_msgs/lib:${LD_LIBRARY_PATH} PYTHONPATH=/home/joanne/bookros2_ws/install/br2_tracking_msgs/lib/python3.8/site-packages:${PYTHONPATH} /usr/bin/cmake --install /home/joanne/bookros2_ws/build/br2_tracking
[4.893s] -- Install configuration: "Debug"
[4.894s] -- Execute custom install script
[4.894s] -- Up-to-date symlink: /home/joanne/bookros2_ws/install/br2_tracking/lib/libbr2_tracking.so
[4.894s] -- Up-to-date symlink: /home/joanne/bookros2_ws/install/br2_tracking/lib/br2_tracking/object_detector
[4.895s] -- Up-to-date symlink: /home/joanne/bookros2_ws/install/br2_tracking/lib/br2_tracking/object_tracker
[4.895s] -- Up-to-date symlink: /home/joanne/bookros2_ws/install/br2_tracking/include/include/br2_tracking/HeadController.hpp
[4.895s] -- Up-to-date symlink: /home/joanne/bookros2_ws/install/br2_tracking/include/include/br2_tracking/ObjectDetector.hpp
[4.896s] -- Up-to-date symlink: /home/joanne/bookros2_ws/install/br2_tracking/include/include/br2_tracking/PIDController.hpp
[4.896s] -- Up-to-date symlink: /home/joanne/bookros2_ws/install/br2_tracking/share/br2_tracking/launch/tracking.launch.py
[4.896s] -- Up-to-date symlink: /home/joanne/bookros2_ws/install/br2_tracking/share/br2_tracking/config/detector.yaml
[4.897s] -- Up-to-date symlink: /home/joanne/bookros2_ws/install/br2_tracking/share/br2_tracking/environment/library_path.sh
[4.897s] -- Up-to-date symlink: /home/joanne/bookros2_ws/install/br2_tracking/share/br2_tracking/environment/library_path.dsv
[4.897s] -- Up-to-date symlink: /home/joanne/bookros2_ws/install/br2_tracking/share/ament_index/resource_index/package_run_dependencies/br2_tracking
[4.898s] -- Up-to-date symlink: /home/joanne/bookros2_ws/install/br2_tracking/share/ament_index/resource_index/parent_prefix_path/br2_tracking
[4.898s] -- Up-to-date symlink: /home/joanne/bookros2_ws/install/br2_tracking/share/br2_tracking/environment/ament_prefix_path.sh
[4.898s] -- Up-to-date symlink: /home/joanne/bookros2_ws/install/br2_tracking/share/br2_tracking/environment/ament_prefix_path.dsv
[4.898s] -- Up-to-date symlink: /home/joanne/bookros2_ws/install/br2_tracking/share/br2_tracking/environment/path.sh
[4.899s] -- Up-to-date symlink: /home/joanne/bookros2_ws/install/br2_tracking/share/br2_tracking/environment/path.dsv
[4.899s] -- Up-to-date symlink: /home/joanne/bookros2_ws/install/br2_tracking/share/br2_tracking/local_setup.bash
[4.899s] -- Up-to-date symlink: /home/joanne/bookros2_ws/install/br2_tracking/share/br2_tracking/local_setup.sh
[4.899s] -- Up-to-date symlink: /home/joanne/bookros2_ws/install/br2_tracking/share/br2_tracking/local_setup.zsh
[4.899s] -- Up-to-date symlink: /home/joanne/bookros2_ws/install/br2_tracking/share/br2_tracking/local_setup.dsv
[4.900s] -- Symlinking: /home/joanne/bookros2_ws/install/br2_tracking/share/br2_tracking/package.dsv
[4.909s] -- Up-to-date symlink: /home/joanne/bookros2_ws/install/br2_tracking/share/ament_index/resource_index/packages/br2_tracking
[4.909s] -- Up-to-date symlink: /home/joanne/bookros2_ws/install/br2_tracking/share/br2_tracking/cmake/ament_cmake_export_include_directories-extras.cmake
[4.909s] -- Up-to-date symlink: /home/joanne/bookros2_ws/install/br2_tracking/share/br2_tracking/cmake/ament_cmake_export_libraries-extras.cmake
[4.909s] -- Up-to-date symlink: /home/joanne/bookros2_ws/install/br2_tracking/share/br2_tracking/cmake/ament_cmake_export_dependencies-extras.cmake
[4.910s] -- Up-to-date symlink: /home/joanne/bookros2_ws/install/br2_tracking/share/br2_tracking/cmake/br2_trackingConfig.cmake
[4.910s] -- Up-to-date symlink: /home/joanne/bookros2_ws/install/br2_tracking/share/br2_tracking/cmake/br2_trackingConfig-version.cmake
[4.910s] -- Up-to-date symlink: /home/joanne/bookros2_ws/install/br2_tracking/share/br2_tracking/package.xml
[4.912s] Invoked command in '/home/joanne/bookros2_ws/build/br2_tracking' returned '0': AMENT_PREFIX_PATH=/home/joanne/bookros2_ws/install/br2_tracking_msgs:${AMENT_PREFIX_PATH} CMAKE_PREFIX_PATH=/home/joanne/bookros2_ws/install/br2_tracking_msgs:/opt/ros/foxy LD_LIBRARY_PATH=/home/joanne/bookros2_ws/install/br2_tracking_msgs/lib:${LD_LIBRARY_PATH} PYTHONPATH=/home/joanne/bookros2_ws/install/br2_tracking_msgs/lib/python3.8/site-packages:${PYTHONPATH} /usr/bin/cmake --install /home/joanne/bookros2_ws/build/br2_tracking
