[0.101s] Invoking command in '/home/joanne/bookros2_ws/build/br2_bt_patrolling': CMAKE_PREFIX_PATH=${CMAKE_PREFIX_PATH}:/home/joanne/bookros2_ws/install/ros2controlcli:/home/joanne/bookros2_ws/install/launch_pal:/home/joanne/bookros2_ws/install/br2_fsm_bumpgo_py:/home/joanne/nav2_ws/install/nav2_gazebo_spawner:/opt/ros/foxy /usr/bin/cmake /home/joanne/bookros2_ws/src/book_ros2/br2_bt_patrolling -DCMAKE_INSTALL_PREFIX=/home/joanne/bookros2_ws/install/br2_bt_patrolling
[0.255s] -- Found ament_cmake: 0.9.12 (/opt/ros/foxy/share/ament_cmake/cmake)
[0.450s] -- Using PYTHON_EXECUTABLE: /usr/bin/python3
[1.423s] -- Override CMake install command with custom implementation using symlinks instead of copying resources
[1.520s] -- Found rclcpp: 2.4.3 (/opt/ros/foxy/share/rclcpp/cmake)
[1.755s] -- Using all available rosidl_typesupport_c: rosidl_typesupport_fastrtps_c;rosidl_typesupport_introspection_c
[1.775s] -- Found rosidl_adapter: 1.3.1 (/opt/ros/foxy/share/rosidl_adapter/cmake)
[2.455s] -- Using all available rosidl_typesupport_cpp: rosidl_typesupport_fastrtps_cpp;rosidl_typesupport_introspection_cpp
[2.784s] -- Found rmw_implementation_cmake: 1.0.4 (/opt/ros/foxy/share/rmw_implementation_cmake/cmake)
[2.805s] -- Using RMW implementation 'rmw_fastrtps_cpp' as default
[3.510s] -- Found rclcpp_lifecycle: 2.4.3 (/opt/ros/foxy/share/rclcpp_lifecycle/cmake)
[3.650s] -- Found rclcpp_action: 2.4.3 (/opt/ros/foxy/share/rclcpp_action/cmake)
[3.989s] -- Found geometry_msgs: 2.0.5 (/opt/ros/foxy/share/geometry_msgs/cmake)
[4.125s] -- Found nav2_msgs: 0.4.7 (/opt/ros/foxy/share/nav2_msgs/cmake)
[5.402s] -- Found ament_index_cpp: 1.1.0 (/opt/ros/foxy/share/ament_index_cpp/cmake)
[5.409s] -- ZeroMQ found.
[5.577s] -- Found ament_lint_auto: 0.9.8 (/opt/ros/foxy/share/ament_lint_auto/cmake)
[5.994s] -- Found gtest sources under '/opt/ros/foxy/src/gtest_vendor': C++ tests using 'Google Test' will be built
[6.062s] -- Added test 'copyright' to check source files copyright and LICENSE
[6.065s] -- Added test 'cppcheck' to perform static code analysis on C / C++ code
[6.068s] -- Configured cppcheck include dirs: /home/joanne/bookros2_ws/src/book_ros2/br2_bt_patrolling/include
[6.068s] -- Configured cppcheck exclude dirs and/or files: 
[6.077s] -- Added test 'cpplint' to check C / C++ code against the Google style
[6.078s] -- Configured cpplint exclude dirs and/or files: 
[6.081s] -- Added test 'flake8' to check Python code syntax and style conventions
[6.089s] -- Added test 'lint_cmake' to check CMake code style
[6.094s] -- Added test 'pep257' to check Python code against some of the style conventions in PEP 257
[6.099s] -- Added test 'uncrustify' to check C / C++ code style
[6.099s] -- Configured uncrustify additional arguments: 
[6.102s] -- Added test 'xmllint' to check XML markup files
[6.134s] -- Configuring done
[6.508s] -- Generating done
[6.658s] -- Build files have been written to: /home/joanne/bookros2_ws/build/br2_bt_patrolling
[6.707s] Invoked command in '/home/joanne/bookros2_ws/build/br2_bt_patrolling' returned '0': CMAKE_PREFIX_PATH=${CMAKE_PREFIX_PATH}:/home/joanne/bookros2_ws/install/ros2controlcli:/home/joanne/bookros2_ws/install/launch_pal:/home/joanne/bookros2_ws/install/br2_fsm_bumpgo_py:/home/joanne/nav2_ws/install/nav2_gazebo_spawner:/opt/ros/foxy /usr/bin/cmake /home/joanne/bookros2_ws/src/book_ros2/br2_bt_patrolling -DCMAKE_INSTALL_PREFIX=/home/joanne/bookros2_ws/install/br2_bt_patrolling
[6.723s] Invoking command in '/home/joanne/bookros2_ws/build/br2_bt_patrolling': CMAKE_PREFIX_PATH=${CMAKE_PREFIX_PATH}:/home/joanne/bookros2_ws/install/ros2controlcli:/home/joanne/bookros2_ws/install/launch_pal:/home/joanne/bookros2_ws/install/br2_fsm_bumpgo_py:/home/joanne/nav2_ws/install/nav2_gazebo_spawner:/opt/ros/foxy /usr/bin/cmake --build /home/joanne/bookros2_ws/build/br2_bt_patrolling -- -j8 -l8
[7.055s] [ 10%] Built target br2_recharge_bt_node
[7.208s] [ 20%] Built target gtest
[7.329s] [ 30%] Built target gtest_main
[7.539s] [ 40%] Built target br2_patrol_bt_node
[7.733s] [ 50%] Built target br2_track_objects_bt_node
[7.902s] [ 60%] Built target br2_get_waypoint_bt_node
[8.074s] [ 70%] Built target bt_action_test
[8.178s] [35m[1mScanning dependencies of target br2_move_bt_node[0m
[8.343s] [ 75%] [32mBuilding CXX object CMakeFiles/br2_move_bt_node.dir/src/br2_bt_patrolling/Move.cpp.o[0m
[29.242s] [ 80%] [32m[1mLinking CXX shared library libbr2_move_bt_node.so[0m
[30.409s] [ 80%] Built target br2_move_bt_node
[30.480s] [35m[1mScanning dependencies of target patrolling_main[0m
[30.594s] [ 85%] [32mBuilding CXX object CMakeFiles/patrolling_main.dir/src/patrolling_main.cpp.o[0m
[45.479s] [ 90%] [32m[1mLinking CXX executable patrolling_main[0m
[46.367s] [ 90%] Built target patrolling_main
[46.525s] [100%] Built target br2_battery_checker_bt_node
[46.585s] Invoked command in '/home/joanne/bookros2_ws/build/br2_bt_patrolling' returned '0': CMAKE_PREFIX_PATH=${CMAKE_PREFIX_PATH}:/home/joanne/bookros2_ws/install/ros2controlcli:/home/joanne/bookros2_ws/install/launch_pal:/home/joanne/bookros2_ws/install/br2_fsm_bumpgo_py:/home/joanne/nav2_ws/install/nav2_gazebo_spawner:/opt/ros/foxy /usr/bin/cmake --build /home/joanne/bookros2_ws/build/br2_bt_patrolling -- -j8 -l8
[46.645s] Invoking command in '/home/joanne/bookros2_ws/build/br2_bt_patrolling': CMAKE_PREFIX_PATH=${CMAKE_PREFIX_PATH}:/home/joanne/bookros2_ws/install/ros2controlcli:/home/joanne/bookros2_ws/install/launch_pal:/home/joanne/bookros2_ws/install/br2_fsm_bumpgo_py:/home/joanne/nav2_ws/install/nav2_gazebo_spawner:/opt/ros/foxy /usr/bin/cmake --install /home/joanne/bookros2_ws/build/br2_bt_patrolling
[46.697s] -- Install configuration: "Debug"
[46.699s] -- Execute custom install script
[46.702s] -- Up-to-date symlink: /home/joanne/bookros2_ws/install/br2_bt_patrolling/lib/libbr2_recharge_bt_node.so
[46.703s] -- Up-to-date symlink: /home/joanne/bookros2_ws/install/br2_bt_patrolling/lib/libbr2_patrol_bt_node.so
[46.704s] -- Up-to-date symlink: /home/joanne/bookros2_ws/install/br2_bt_patrolling/lib/libbr2_move_bt_node.so
[46.705s] -- Up-to-date symlink: /home/joanne/bookros2_ws/install/br2_bt_patrolling/lib/libbr2_get_waypoint_bt_node.so
[46.706s] -- Up-to-date symlink: /home/joanne/bookros2_ws/install/br2_bt_patrolling/lib/libbr2_battery_checker_bt_node.so
[46.706s] -- Up-to-date symlink: /home/joanne/bookros2_ws/install/br2_bt_patrolling/lib/libbr2_track_objects_bt_node.so
[46.707s] -- Up-to-date symlink: /home/joanne/bookros2_ws/install/br2_bt_patrolling/lib/br2_bt_patrolling/patrolling_main
[46.710s] -- Up-to-date symlink: /home/joanne/bookros2_ws/install/br2_bt_patrolling/include//br2_bt_patrolling/BatteryChecker.hpp
[46.710s] -- Up-to-date symlink: /home/joanne/bookros2_ws/install/br2_bt_patrolling/include//br2_bt_patrolling/GetWaypoint.hpp
[46.711s] -- Up-to-date symlink: /home/joanne/bookros2_ws/install/br2_bt_patrolling/include//br2_bt_patrolling/Move.hpp
[46.711s] -- Up-to-date symlink: /home/joanne/bookros2_ws/install/br2_bt_patrolling/include//br2_bt_patrolling/Patrol.hpp
[46.712s] -- Up-to-date symlink: /home/joanne/bookros2_ws/install/br2_bt_patrolling/include//br2_bt_patrolling/Recharge.hpp
[46.713s] -- Up-to-date symlink: /home/joanne/bookros2_ws/install/br2_bt_patrolling/include//br2_bt_patrolling/TrackObjects.hpp
[46.713s] -- Up-to-date symlink: /home/joanne/bookros2_ws/install/br2_bt_patrolling/include//br2_bt_patrolling/ctrl_support/BTActionNode.hpp
[46.715s] -- Up-to-date symlink: /home/joanne/bookros2_ws/install/br2_bt_patrolling/include//br2_bt_patrolling/ctrl_support/BTLifecycleCtrlNode.hpp
[46.719s] -- Up-to-date symlink: /home/joanne/bookros2_ws/install/br2_bt_patrolling/share/br2_bt_patrolling/behavior_tree_xml/patrolling.xml
[46.723s] -- Up-to-date symlink: /home/joanne/bookros2_ws/install/br2_bt_patrolling/share/br2_bt_patrolling/launch/patrolling.launch.py
[46.725s] -- Up-to-date symlink: /home/joanne/bookros2_ws/install/br2_bt_patrolling/share/ament_index/resource_index/package_run_dependencies/br2_bt_patrolling
[46.741s] -- Up-to-date symlink: /home/joanne/bookros2_ws/install/br2_bt_patrolling/share/ament_index/resource_index/parent_prefix_path/br2_bt_patrolling
[46.742s] -- Up-to-date symlink: /home/joanne/bookros2_ws/install/br2_bt_patrolling/share/br2_bt_patrolling/environment/ament_prefix_path.sh
[46.742s] -- Up-to-date symlink: /home/joanne/bookros2_ws/install/br2_bt_patrolling/share/br2_bt_patrolling/environment/ament_prefix_path.dsv
[46.742s] -- Up-to-date symlink: /home/joanne/bookros2_ws/install/br2_bt_patrolling/share/br2_bt_patrolling/environment/path.sh
[46.742s] -- Up-to-date symlink: /home/joanne/bookros2_ws/install/br2_bt_patrolling/share/br2_bt_patrolling/environment/path.dsv
[46.743s] -- Up-to-date symlink: /home/joanne/bookros2_ws/install/br2_bt_patrolling/share/br2_bt_patrolling/local_setup.bash
[46.743s] -- Up-to-date symlink: /home/joanne/bookros2_ws/install/br2_bt_patrolling/share/br2_bt_patrolling/local_setup.sh
[46.743s] -- Up-to-date symlink: /home/joanne/bookros2_ws/install/br2_bt_patrolling/share/br2_bt_patrolling/local_setup.zsh
[46.743s] -- Up-to-date symlink: /home/joanne/bookros2_ws/install/br2_bt_patrolling/share/br2_bt_patrolling/local_setup.dsv
[46.745s] -- Symlinking: /home/joanne/bookros2_ws/install/br2_bt_patrolling/share/br2_bt_patrolling/package.dsv
[46.797s] -- Up-to-date symlink: /home/joanne/bookros2_ws/install/br2_bt_patrolling/share/ament_index/resource_index/packages/br2_bt_patrolling
[46.798s] -- Up-to-date symlink: /home/joanne/bookros2_ws/install/br2_bt_patrolling/share/br2_bt_patrolling/cmake/ament_cmake_export_include_directories-extras.cmake
[46.799s] -- Up-to-date symlink: /home/joanne/bookros2_ws/install/br2_bt_patrolling/share/br2_bt_patrolling/cmake/ament_cmake_export_dependencies-extras.cmake
[46.800s] -- Up-to-date symlink: /home/joanne/bookros2_ws/install/br2_bt_patrolling/share/br2_bt_patrolling/cmake/br2_bt_patrollingConfig.cmake
[46.800s] -- Up-to-date symlink: /home/joanne/bookros2_ws/install/br2_bt_patrolling/share/br2_bt_patrolling/cmake/br2_bt_patrollingConfig-version.cmake
[46.801s] -- Up-to-date symlink: /home/joanne/bookros2_ws/install/br2_bt_patrolling/share/br2_bt_patrolling/package.xml
[46.817s] Invoked command in '/home/joanne/bookros2_ws/build/br2_bt_patrolling' returned '0': CMAKE_PREFIX_PATH=${CMAKE_PREFIX_PATH}:/home/joanne/bookros2_ws/install/ros2controlcli:/home/joanne/bookros2_ws/install/launch_pal:/home/joanne/bookros2_ws/install/br2_fsm_bumpgo_py:/home/joanne/nav2_ws/install/nav2_gazebo_spawner:/opt/ros/foxy /usr/bin/cmake --install /home/joanne/bookros2_ws/build/br2_bt_patrolling
