[1.365s] Invoking command in '/home/joanne/bookros2_ws/build/twist_mux': CMAKE_PREFIX_PATH=${CMAKE_PREFIX_PATH}:/home/joanne/bookros2_ws/install/ros2controlcli:/home/joanne/bookros2_ws/install/launch_pal:/home/joanne/bookros2_ws/install/br2_fsm_bumpgo_py:/opt/ros/foxy /usr/bin/cmake --build /home/joanne/bookros2_ws/build/twist_mux -- -j8 -l8
[1.902s] [ 33%] Built target twist_marker
[1.904s] [100%] Built target twist_mux
[2.470s] Invoked command in '/home/joanne/bookros2_ws/build/twist_mux' returned '0': CMAKE_PREFIX_PATH=${CMAKE_PREFIX_PATH}:/home/joanne/bookros2_ws/install/ros2controlcli:/home/joanne/bookros2_ws/install/launch_pal:/home/joanne/bookros2_ws/install/br2_fsm_bumpgo_py:/opt/ros/foxy /usr/bin/cmake --build /home/joanne/bookros2_ws/build/twist_mux -- -j8 -l8
[2.476s] Invoking command in '/home/joanne/bookros2_ws/build/twist_mux': CMAKE_PREFIX_PATH=${CMAKE_PREFIX_PATH}:/home/joanne/bookros2_ws/install/ros2controlcli:/home/joanne/bookros2_ws/install/launch_pal:/home/joanne/bookros2_ws/install/br2_fsm_bumpgo_py:/opt/ros/foxy /usr/bin/cmake --install /home/joanne/bookros2_ws/build/twist_mux
[2.569s] -- Install configuration: ""
[2.570s] -- Execute custom install script
[2.570s] -- Up-to-date symlink: /home/joanne/bookros2_ws/install/twist_mux/lib/twist_mux/twist_mux
[2.570s] -- Up-to-date symlink: /home/joanne/bookros2_ws/install/twist_mux/lib/twist_mux/twist_marker
[2.570s] -- Up-to-date symlink: /home/joanne/bookros2_ws/install/twist_mux/share/twist_mux/launch/twist_mux.launch
[2.570s] -- Up-to-date symlink: /home/joanne/bookros2_ws/install/twist_mux/share/twist_mux/launch/twist_mux_launch.py
[2.570s] -- Up-to-date symlink: /home/joanne/bookros2_ws/install/twist_mux/share/twist_mux/config/joystick.yaml
[2.571s] -- Up-to-date symlink: /home/joanne/bookros2_ws/install/twist_mux/share/twist_mux/config/twist_mux_locks.yaml
[2.571s] -- Up-to-date symlink: /home/joanne/bookros2_ws/install/twist_mux/share/twist_mux/config/twist_mux_topics.yaml
[2.571s] -- Up-to-date symlink: /home/joanne/bookros2_ws/install/twist_mux/include/twist_mux/params_helpers.hpp
[2.571s] -- Up-to-date symlink: /home/joanne/bookros2_ws/install/twist_mux/include/twist_mux/topic_handle.hpp
[2.571s] -- Up-to-date symlink: /home/joanne/bookros2_ws/install/twist_mux/include/twist_mux/twist_mux.hpp
[2.571s] -- Up-to-date symlink: /home/joanne/bookros2_ws/install/twist_mux/include/twist_mux/twist_mux_diagnostics.hpp
[2.571s] -- Up-to-date symlink: /home/joanne/bookros2_ws/install/twist_mux/include/twist_mux/twist_mux_diagnostics_status.hpp
[2.584s] -- Up-to-date symlink: /home/joanne/bookros2_ws/install/twist_mux/include/twist_mux/utils.hpp
[2.588s] -- Up-to-date symlink: /home/joanne/bookros2_ws/install/twist_mux/share/ament_index/resource_index/package_run_dependencies/twist_mux
[2.590s] -- Up-to-date symlink: /home/joanne/bookros2_ws/install/twist_mux/share/ament_index/resource_index/parent_prefix_path/twist_mux
[2.593s] -- Up-to-date symlink: /home/joanne/bookros2_ws/install/twist_mux/share/twist_mux/environment/ament_prefix_path.sh
[2.594s] -- Up-to-date symlink: /home/joanne/bookros2_ws/install/twist_mux/share/twist_mux/environment/ament_prefix_path.dsv
[2.594s] -- Up-to-date symlink: /home/joanne/bookros2_ws/install/twist_mux/share/twist_mux/environment/path.sh
[2.594s] -- Up-to-date symlink: /home/joanne/bookros2_ws/install/twist_mux/share/twist_mux/environment/path.dsv
[2.594s] -- Up-to-date symlink: /home/joanne/bookros2_ws/install/twist_mux/share/twist_mux/local_setup.bash
[2.594s] -- Up-to-date symlink: /home/joanne/bookros2_ws/install/twist_mux/share/twist_mux/local_setup.sh
[2.594s] -- Up-to-date symlink: /home/joanne/bookros2_ws/install/twist_mux/share/twist_mux/local_setup.zsh
[2.595s] -- Up-to-date symlink: /home/joanne/bookros2_ws/install/twist_mux/share/twist_mux/local_setup.dsv
[2.595s] -- Symlinking: /home/joanne/bookros2_ws/install/twist_mux/share/twist_mux/package.dsv
[2.595s] -- Up-to-date symlink: /home/joanne/bookros2_ws/install/twist_mux/share/ament_index/resource_index/packages/twist_mux
[2.595s] -- Up-to-date symlink: /home/joanne/bookros2_ws/install/twist_mux/share/twist_mux/cmake/ament_cmake_export_include_directories-extras.cmake
[2.595s] -- Up-to-date symlink: /home/joanne/bookros2_ws/install/twist_mux/share/twist_mux/cmake/ament_cmake_export_dependencies-extras.cmake
[2.595s] -- Up-to-date symlink: /home/joanne/bookros2_ws/install/twist_mux/share/twist_mux/cmake/twist_muxConfig.cmake
[2.596s] -- Up-to-date symlink: /home/joanne/bookros2_ws/install/twist_mux/share/twist_mux/cmake/twist_muxConfig-version.cmake
[2.596s] -- Up-to-date symlink: /home/joanne/bookros2_ws/install/twist_mux/share/twist_mux/package.xml
[2.884s] Invoked command in '/home/joanne/bookros2_ws/build/twist_mux' returned '0': CMAKE_PREFIX_PATH=${CMAKE_PREFIX_PATH}:/home/joanne/bookros2_ws/install/ros2controlcli:/home/joanne/bookros2_ws/install/launch_pal:/home/joanne/bookros2_ws/install/br2_fsm_bumpgo_py:/opt/ros/foxy /usr/bin/cmake --install /home/joanne/bookros2_ws/build/twist_mux
