[0.527s] Invoking command in '/home/joanne/bookros2_ws/build/br2_tracking_msgs': CMAKE_PREFIX_PATH=${CMAKE_PREFIX_PATH}:/home/joanne/bookros2_ws/install/ros2controlcli:/home/joanne/bookros2_ws/install/launch_pal:/home/joanne/bookros2_ws/install/br2_fsm_bumpgo_py:/home/joanne/nav2_ws/install/nav2_gazebo_spawner:/opt/ros/foxy /usr/bin/cmake --build /home/joanne/bookros2_ws/build/br2_tracking_msgs -- -j8 -l8
[0.897s] [  3%] Built target br2_tracking_msgs__cpp
[1.210s] [ 12%] Built target br2_tracking_msgs__rosidl_generator_c
[1.499s] [ 22%] Built target br2_tracking_msgs__rosidl_typesupport_introspection_cpp
[1.708s] [ 32%] Built target br2_tracking_msgs__rosidl_typesupport_c
[1.946s] [ 41%] Built target br2_tracking_msgs__rosidl_typesupport_introspection_c
[2.263s] [ 51%] Built target br2_tracking_msgs__rosidl_typesupport_fastrtps_cpp
[2.584s] [ 61%] Built target br2_tracking_msgs__rosidl_typesupport_cpp
[2.862s] [ 70%] Built target br2_tracking_msgs__rosidl_typesupport_fastrtps_c
[3.064s] [ 70%] Built target br2_tracking_msgs
[3.265s] [ 74%] Built target br2_tracking_msgs__py
[3.512s] [ 80%] Built target br2_tracking_msgs__python
[3.768s] [ 87%] Built target br2_tracking_msgs__rosidl_typesupport_c__pyext
[3.980s] [ 93%] Built target br2_tracking_msgs__rosidl_typesupport_introspection_c__pyext
[4.182s] [100%] Built target br2_tracking_msgs__rosidl_typesupport_fastrtps_c__pyext
[5.474s] Invoked command in '/home/joanne/bookros2_ws/build/br2_tracking_msgs' returned '0': CMAKE_PREFIX_PATH=${CMAKE_PREFIX_PATH}:/home/joanne/bookros2_ws/install/ros2controlcli:/home/joanne/bookros2_ws/install/launch_pal:/home/joanne/bookros2_ws/install/br2_fsm_bumpgo_py:/home/joanne/nav2_ws/install/nav2_gazebo_spawner:/opt/ros/foxy /usr/bin/cmake --build /home/joanne/bookros2_ws/build/br2_tracking_msgs -- -j8 -l8
[5.485s] Invoking command in '/home/joanne/bookros2_ws/build/br2_tracking_msgs': CMAKE_PREFIX_PATH=${CMAKE_PREFIX_PATH}:/home/joanne/bookros2_ws/install/ros2controlcli:/home/joanne/bookros2_ws/install/launch_pal:/home/joanne/bookros2_ws/install/br2_fsm_bumpgo_py:/home/joanne/nav2_ws/install/nav2_gazebo_spawner:/opt/ros/foxy /usr/bin/cmake --install /home/joanne/bookros2_ws/build/br2_tracking_msgs
[5.664s] -- Install configuration: ""
[5.671s] -- Execute custom install script
[5.673s] -- Up-to-date symlink: /home/joanne/bookros2_ws/install/br2_tracking_msgs/share/ament_index/resource_index/rosidl_interfaces/br2_tracking_msgs
[5.675s] -- Up-to-date symlink: /home/joanne/bookros2_ws/install/br2_tracking_msgs/include/br2_tracking_msgs/msg/detail/pan_tilt_command__functions.h
[5.681s] -- Up-to-date symlink: /home/joanne/bookros2_ws/install/br2_tracking_msgs/include/br2_tracking_msgs/msg/detail/pan_tilt_command__struct.h
[5.687s] -- Up-to-date symlink: /home/joanne/bookros2_ws/install/br2_tracking_msgs/include/br2_tracking_msgs/msg/detail/pan_tilt_command__type_support.h
[5.692s] -- Up-to-date symlink: /home/joanne/bookros2_ws/install/br2_tracking_msgs/include/br2_tracking_msgs/msg/pan_tilt_command.h
[5.693s] -- Up-to-date symlink: /home/joanne/bookros2_ws/install/br2_tracking_msgs/include/br2_tracking_msgs/msg/rosidl_generator_c__visibility_control.h
[5.694s] -- Up-to-date symlink: /home/joanne/bookros2_ws/install/br2_tracking_msgs/share/br2_tracking_msgs/environment/library_path.sh
[5.696s] -- Up-to-date symlink: /home/joanne/bookros2_ws/install/br2_tracking_msgs/share/br2_tracking_msgs/environment/library_path.dsv
[5.696s] -- Up-to-date symlink: /home/joanne/bookros2_ws/install/br2_tracking_msgs/include/br2_tracking_msgs/msg/detail/pan_tilt_command__rosidl_typesupport_fastrtps_c.h
[5.696s] -- Up-to-date symlink: /home/joanne/bookros2_ws/install/br2_tracking_msgs/include/br2_tracking_msgs/msg/rosidl_typesupport_fastrtps_c__visibility_control.h
[5.696s] -- Up-to-date symlink: /home/joanne/bookros2_ws/install/br2_tracking_msgs/lib/libbr2_tracking_msgs__rosidl_typesupport_fastrtps_c.so
[5.704s] -- Up-to-date symlink: /home/joanne/bookros2_ws/install/br2_tracking_msgs/include/br2_tracking_msgs/msg/detail/pan_tilt_command__rosidl_typesupport_fastrtps_cpp.hpp
[5.704s] -- Up-to-date symlink: /home/joanne/bookros2_ws/install/br2_tracking_msgs/include/br2_tracking_msgs/msg/rosidl_typesupport_fastrtps_cpp__visibility_control.h
[5.704s] -- Up-to-date symlink: /home/joanne/bookros2_ws/install/br2_tracking_msgs/lib/libbr2_tracking_msgs__rosidl_typesupport_fastrtps_cpp.so
[5.705s] -- Up-to-date symlink: /home/joanne/bookros2_ws/install/br2_tracking_msgs/include/br2_tracking_msgs/msg/detail/pan_tilt_command__rosidl_typesupport_introspection_c.h
[5.705s] -- Up-to-date symlink: /home/joanne/bookros2_ws/install/br2_tracking_msgs/include/br2_tracking_msgs/msg/rosidl_typesupport_introspection_c__visibility_control.h
[5.705s] -- Up-to-date symlink: /home/joanne/bookros2_ws/install/br2_tracking_msgs/include/br2_tracking_msgs/msg/detail/pan_tilt_command__builder.hpp
[5.705s] -- Up-to-date symlink: /home/joanne/bookros2_ws/install/br2_tracking_msgs/include/br2_tracking_msgs/msg/detail/pan_tilt_command__struct.hpp
[5.705s] -- Up-to-date symlink: /home/joanne/bookros2_ws/install/br2_tracking_msgs/include/br2_tracking_msgs/msg/detail/pan_tilt_command__traits.hpp
[5.706s] -- Up-to-date symlink: /home/joanne/bookros2_ws/install/br2_tracking_msgs/include/br2_tracking_msgs/msg/detail/pan_tilt_command__type_support.hpp
[5.706s] -- Up-to-date symlink: /home/joanne/bookros2_ws/install/br2_tracking_msgs/include/br2_tracking_msgs/msg/pan_tilt_command.hpp
[5.706s] -- Up-to-date symlink: /home/joanne/bookros2_ws/install/br2_tracking_msgs/include/br2_tracking_msgs/msg/rosidl_generator_cpp__visibility_control.hpp
[5.706s] -- Up-to-date symlink: /home/joanne/bookros2_ws/install/br2_tracking_msgs/include/br2_tracking_msgs/msg/detail/pan_tilt_command__rosidl_typesupport_introspection_cpp.hpp
[5.706s] -- Up-to-date symlink: /home/joanne/bookros2_ws/install/br2_tracking_msgs/share/br2_tracking_msgs/environment/pythonpath.sh
[5.707s] -- Up-to-date symlink: /home/joanne/bookros2_ws/install/br2_tracking_msgs/share/br2_tracking_msgs/environment/pythonpath.dsv
[5.707s] -- Up-to-date symlink: /home/joanne/bookros2_ws/install/br2_tracking_msgs/lib/python3.8/site-packages/br2_tracking_msgs/__init__.py
[5.707s] -- Up-to-date symlink: /home/joanne/bookros2_ws/install/br2_tracking_msgs/lib/python3.8/site-packages/br2_tracking_msgs/msg/__init__.py
[5.707s] -- Up-to-date symlink: /home/joanne/bookros2_ws/install/br2_tracking_msgs/lib/python3.8/site-packages/br2_tracking_msgs/msg/_pan_tilt_command.py
[5.707s] -- Up-to-date symlink: /home/joanne/bookros2_ws/install/br2_tracking_msgs/lib/python3.8/site-packages/br2_tracking_msgs/br2_tracking_msgs_s__rosidl_typesupport_fastrtps_c.cpython-38-x86_64-linux-gnu.so
[5.764s] -- Up-to-date symlink: /home/joanne/bookros2_ws/install/br2_tracking_msgs/lib/python3.8/site-packages/br2_tracking_msgs/br2_tracking_msgs_s__rosidl_typesupport_introspection_c.cpython-38-x86_64-linux-gnu.so
[5.764s] -- Up-to-date symlink: /home/joanne/bookros2_ws/install/br2_tracking_msgs/lib/python3.8/site-packages/br2_tracking_msgs/br2_tracking_msgs_s__rosidl_typesupport_c.cpython-38-x86_64-linux-gnu.so
[5.769s] -- Up-to-date symlink: /home/joanne/bookros2_ws/install/br2_tracking_msgs/lib/libbr2_tracking_msgs__python.so
[5.769s] -- Up-to-date symlink: /home/joanne/bookros2_ws/install/br2_tracking_msgs/share/br2_tracking_msgs/msg/PanTiltCommand.idl
[5.770s] -- Up-to-date symlink: /home/joanne/bookros2_ws/install/br2_tracking_msgs/share/br2_tracking_msgs/msg/PanTiltCommand.msg
[5.770s] -- Up-to-date symlink: /home/joanne/bookros2_ws/install/br2_tracking_msgs/share/ament_index/resource_index/package_run_dependencies/br2_tracking_msgs
[5.770s] -- Up-to-date symlink: /home/joanne/bookros2_ws/install/br2_tracking_msgs/share/ament_index/resource_index/parent_prefix_path/br2_tracking_msgs
[5.770s] -- Up-to-date symlink: /home/joanne/bookros2_ws/install/br2_tracking_msgs/share/br2_tracking_msgs/environment/ament_prefix_path.sh
[5.771s] -- Up-to-date symlink: /home/joanne/bookros2_ws/install/br2_tracking_msgs/share/br2_tracking_msgs/environment/ament_prefix_path.dsv
[5.771s] -- Up-to-date symlink: /home/joanne/bookros2_ws/install/br2_tracking_msgs/share/br2_tracking_msgs/environment/path.sh
[5.771s] -- Up-to-date symlink: /home/joanne/bookros2_ws/install/br2_tracking_msgs/share/br2_tracking_msgs/environment/path.dsv
[5.771s] -- Up-to-date symlink: /home/joanne/bookros2_ws/install/br2_tracking_msgs/share/br2_tracking_msgs/local_setup.bash
[5.771s] -- Up-to-date symlink: /home/joanne/bookros2_ws/install/br2_tracking_msgs/share/br2_tracking_msgs/local_setup.sh
[5.771s] -- Up-to-date symlink: /home/joanne/bookros2_ws/install/br2_tracking_msgs/share/br2_tracking_msgs/local_setup.zsh
[5.772s] -- Up-to-date symlink: /home/joanne/bookros2_ws/install/br2_tracking_msgs/share/br2_tracking_msgs/local_setup.dsv
[5.772s] -- Symlinking: /home/joanne/bookros2_ws/install/br2_tracking_msgs/share/br2_tracking_msgs/package.dsv
[5.790s] -- Up-to-date symlink: /home/joanne/bookros2_ws/install/br2_tracking_msgs/share/ament_index/resource_index/packages/br2_tracking_msgs
[5.794s] -- Up-to-date symlink: /home/joanne/bookros2_ws/install/br2_tracking_msgs/share/br2_tracking_msgs/cmake/rosidl_cmake-extras.cmake
[5.796s] -- Up-to-date symlink: /home/joanne/bookros2_ws/install/br2_tracking_msgs/share/br2_tracking_msgs/cmake/ament_cmake_export_dependencies-extras.cmake
[5.797s] -- Up-to-date symlink: /home/joanne/bookros2_ws/install/br2_tracking_msgs/share/br2_tracking_msgs/cmake/ament_cmake_export_libraries-extras.cmake
[5.798s] -- Up-to-date symlink: /home/joanne/bookros2_ws/install/br2_tracking_msgs/share/br2_tracking_msgs/cmake/ament_cmake_export_targets-extras.cmake
[5.798s] -- Up-to-date symlink: /home/joanne/bookros2_ws/install/br2_tracking_msgs/share/br2_tracking_msgs/cmake/ament_cmake_export_include_directories-extras.cmake
[5.803s] -- Up-to-date symlink: /home/joanne/bookros2_ws/install/br2_tracking_msgs/share/br2_tracking_msgs/cmake/rosidl_cmake_export_typesupport_libraries-extras.cmake
[5.803s] -- Up-to-date symlink: /home/joanne/bookros2_ws/install/br2_tracking_msgs/share/br2_tracking_msgs/cmake/rosidl_cmake_export_typesupport_targets-extras.cmake
[5.803s] -- Up-to-date symlink: /home/joanne/bookros2_ws/install/br2_tracking_msgs/share/br2_tracking_msgs/cmake/br2_tracking_msgsConfig.cmake
[5.804s] -- Up-to-date symlink: /home/joanne/bookros2_ws/install/br2_tracking_msgs/share/br2_tracking_msgs/cmake/br2_tracking_msgsConfig-version.cmake
[5.804s] -- Up-to-date symlink: /home/joanne/bookros2_ws/install/br2_tracking_msgs/share/br2_tracking_msgs/package.xml
[5.805s] -- Up-to-date: /home/joanne/bookros2_ws/install/br2_tracking_msgs/lib/libbr2_tracking_msgs__rosidl_generator_c.so
[5.808s] -- Up-to-date: /home/joanne/bookros2_ws/install/br2_tracking_msgs/lib/libbr2_tracking_msgs__rosidl_typesupport_introspection_c.so
[5.809s] -- Up-to-date: /home/joanne/bookros2_ws/install/br2_tracking_msgs/lib/libbr2_tracking_msgs__rosidl_typesupport_c.so
[5.812s] -- Up-to-date: /home/joanne/bookros2_ws/install/br2_tracking_msgs/lib/libbr2_tracking_msgs__rosidl_typesupport_introspection_cpp.so
[5.813s] -- Up-to-date: /home/joanne/bookros2_ws/install/br2_tracking_msgs/lib/libbr2_tracking_msgs__rosidl_typesupport_cpp.so
[6.061s] -- Up-to-date: /home/joanne/bookros2_ws/install/br2_tracking_msgs/share/br2_tracking_msgs/cmake/br2_tracking_msgs__rosidl_generator_cExport.cmake
[6.079s] -- Up-to-date: /home/joanne/bookros2_ws/install/br2_tracking_msgs/share/br2_tracking_msgs/cmake/br2_tracking_msgs__rosidl_generator_cExport-noconfig.cmake
[6.080s] -- Up-to-date: /home/joanne/bookros2_ws/install/br2_tracking_msgs/share/br2_tracking_msgs/cmake/br2_tracking_msgs__rosidl_typesupport_introspection_cExport.cmake
[6.086s] -- Up-to-date: /home/joanne/bookros2_ws/install/br2_tracking_msgs/share/br2_tracking_msgs/cmake/br2_tracking_msgs__rosidl_typesupport_introspection_cExport-noconfig.cmake
[6.087s] -- Up-to-date: /home/joanne/bookros2_ws/install/br2_tracking_msgs/share/br2_tracking_msgs/cmake/br2_tracking_msgs__rosidl_typesupport_cExport.cmake
[6.094s] -- Up-to-date: /home/joanne/bookros2_ws/install/br2_tracking_msgs/share/br2_tracking_msgs/cmake/br2_tracking_msgs__rosidl_typesupport_cExport-noconfig.cmake
[6.097s] -- Up-to-date: /home/joanne/bookros2_ws/install/br2_tracking_msgs/share/br2_tracking_msgs/cmake/br2_tracking_msgs__rosidl_generator_cppExport.cmake
[6.098s] -- Up-to-date: /home/joanne/bookros2_ws/install/br2_tracking_msgs/share/br2_tracking_msgs/cmake/br2_tracking_msgs__rosidl_typesupport_introspection_cppExport.cmake
[6.100s] -- Up-to-date: /home/joanne/bookros2_ws/install/br2_tracking_msgs/share/br2_tracking_msgs/cmake/br2_tracking_msgs__rosidl_typesupport_introspection_cppExport-noconfig.cmake
[6.101s] -- Up-to-date: /home/joanne/bookros2_ws/install/br2_tracking_msgs/share/br2_tracking_msgs/cmake/br2_tracking_msgs__rosidl_typesupport_cppExport.cmake
[6.102s] -- Up-to-date: /home/joanne/bookros2_ws/install/br2_tracking_msgs/share/br2_tracking_msgs/cmake/br2_tracking_msgs__rosidl_typesupport_cppExport-noconfig.cmake
[6.328s] Invoked command in '/home/joanne/bookros2_ws/build/br2_tracking_msgs' returned '0': CMAKE_PREFIX_PATH=${CMAKE_PREFIX_PATH}:/home/joanne/bookros2_ws/install/ros2controlcli:/home/joanne/bookros2_ws/install/launch_pal:/home/joanne/bookros2_ws/install/br2_fsm_bumpgo_py:/home/joanne/nav2_ws/install/nav2_gazebo_spawner:/opt/ros/foxy /usr/bin/cmake --install /home/joanne/bookros2_ws/build/br2_tracking_msgs
