[0.297s] Invoking command in '/home/joanne/bookros2_ws/build/twist_mux': CMAKE_PREFIX_PATH=/opt/ros/foxy /usr/bin/cmake /home/joanne/bookros2_ws/src/ThirdParty/twist_mux -DAMENT_CMAKE_SYMLINK_INSTALL=1 -DCMAKE_INSTALL_PREFIX=/home/joanne/bookros2_ws/install/twist_mux
[0.326s] -- Found ament_cmake: 0.9.12 (/opt/ros/foxy/share/ament_cmake/cmake)
[0.350s] -- Found PythonInterp: /usr/bin/python3 (found suitable version "3.8.10", minimum required is "3") 
[0.350s] -- Using PYTHON_EXECUTABLE: /usr/bin/python3
[0.648s] -- Override CMake install command with custom implementation using symlinks instead of copying resources
[0.661s] -- Found rclcpp: 2.4.3 (/opt/ros/foxy/share/rclcpp/cmake)
[0.719s] -- Using all available rosidl_typesupport_c: rosidl_typesupport_fastrtps_c;rosidl_typesupport_introspection_c
[0.732s] -- Found rosidl_adapter: 1.3.1 (/opt/ros/foxy/share/rosidl_adapter/cmake)
[0.952s] -- Using all available rosidl_typesupport_cpp: rosidl_typesupport_fastrtps_cpp;rosidl_typesupport_introspection_cpp
[1.058s] -- Found rmw_implementation_cmake: 1.0.4 (/opt/ros/foxy/share/rmw_implementation_cmake/cmake)
[1.060s] -- Using RMW implementation 'rmw_fastrtps_cpp' as default
[1.375s] -- Found geometry_msgs: 2.0.5 (/opt/ros/foxy/share/geometry_msgs/cmake)
[1.447s] -- Found visualization_msgs: 2.0.5 (/opt/ros/foxy/share/visualization_msgs/cmake)
[1.614s] -- Found diagnostic_updater: 3.1.2 (/opt/ros/foxy/share/diagnostic_updater/cmake)
[1.756s] -- Found ament_lint_auto: 0.9.8 (/opt/ros/foxy/share/ament_lint_auto/cmake)
[1.914s] -- Found python_cmake_module: 0.8.1 (/opt/ros/foxy/share/python_cmake_module/cmake)
[1.955s] -- Found PythonInterp: /usr/bin/python3 (found suitable version "3.8.10", minimum required is "3.5") 
[1.957s] -- Using PYTHON_EXECUTABLE: /usr/bin/python3
[1.957s] -- Using PYTHON_INCLUDE_DIRS: /usr/include/python3.8
[1.958s] -- Using PYTHON_LIBRARIES: /usr/lib/x86_64-linux-gnu/libpython3.8.so
[2.027s] -- Added test 'xmllint' to check XML markup files
[2.027s] -- Added test 'copyright' to check source files copyright and LICENSE
[2.032s] -- Added test 'cppcheck' to perform static code analysis on C / C++ code
[2.033s] -- Configured cppcheck include dirs: /home/joanne/bookros2_ws/src/ThirdParty/twist_mux/include
[2.033s] -- Configured cppcheck exclude dirs and/or files: 
[2.039s] -- Added test 'cpplint' to check C / C++ code against the Google style
[2.039s] -- Configured cpplint exclude dirs and/or files: 
[2.040s] -- Added test 'flake8' to check Python code syntax and style conventions
[2.041s] -- Added test 'lint_cmake' to check CMake code style
[2.044s] -- Added test 'pep257' to check Python code against some of the style conventions in PEP 257
[2.049s] -- Added test 'uncrustify' to check C / C++ code style
[2.049s] -- Configured uncrustify additional arguments: 
[2.057s] -- Configuring done
[2.089s] -- Generating done
[2.103s] -- Build files have been written to: /home/joanne/bookros2_ws/build/twist_mux
[2.120s] Invoked command in '/home/joanne/bookros2_ws/build/twist_mux' returned '0': CMAKE_PREFIX_PATH=/opt/ros/foxy /usr/bin/cmake /home/joanne/bookros2_ws/src/ThirdParty/twist_mux -DAMENT_CMAKE_SYMLINK_INSTALL=1 -DCMAKE_INSTALL_PREFIX=/home/joanne/bookros2_ws/install/twist_mux
[2.123s] Invoking command in '/home/joanne/bookros2_ws/build/twist_mux': CMAKE_PREFIX_PATH=/opt/ros/foxy /usr/bin/cmake --build /home/joanne/bookros2_ws/build/twist_mux -- -j8 -l8
[2.337s] [ 16%] [32m[1mLinking CXX executable twist_marker[0m
[2.337s] [ 33%] [32m[1mLinking CXX executable twist_mux[0m
[2.912s] [ 50%] Built target twist_marker
[3.262s] [100%] Built target twist_mux
[3.278s] Invoked command in '/home/joanne/bookros2_ws/build/twist_mux' returned '0': CMAKE_PREFIX_PATH=/opt/ros/foxy /usr/bin/cmake --build /home/joanne/bookros2_ws/build/twist_mux -- -j8 -l8
[3.283s] Invoking command in '/home/joanne/bookros2_ws/build/twist_mux': CMAKE_PREFIX_PATH=/opt/ros/foxy /usr/bin/cmake --install /home/joanne/bookros2_ws/build/twist_mux
[3.428s] -- Install configuration: ""
[3.429s] -- Execute custom install script
[3.429s] -- Symlinking: /home/joanne/bookros2_ws/install/twist_mux/lib/twist_mux/twist_mux
[3.429s] -- Symlinking: /home/joanne/bookros2_ws/install/twist_mux/lib/twist_mux/twist_marker
[3.429s] -- Symlinking: /home/joanne/bookros2_ws/install/twist_mux/share/twist_mux/launch/twist_mux.launch
[3.429s] -- Symlinking: /home/joanne/bookros2_ws/install/twist_mux/share/twist_mux/launch/twist_mux_launch.py
[3.429s] -- Symlinking: /home/joanne/bookros2_ws/install/twist_mux/share/twist_mux/config/joystick.yaml
[3.429s] -- Symlinking: /home/joanne/bookros2_ws/install/twist_mux/share/twist_mux/config/twist_mux_locks.yaml
[3.429s] -- Symlinking: /home/joanne/bookros2_ws/install/twist_mux/share/twist_mux/config/twist_mux_topics.yaml
[3.429s] -- Symlinking: /home/joanne/bookros2_ws/install/twist_mux/include/twist_mux/params_helpers.hpp
[3.430s] -- Symlinking: /home/joanne/bookros2_ws/install/twist_mux/include/twist_mux/topic_handle.hpp
[3.430s] -- Symlinking: /home/joanne/bookros2_ws/install/twist_mux/include/twist_mux/twist_mux.hpp
[3.448s] -- Symlinking: /home/joanne/bookros2_ws/install/twist_mux/include/twist_mux/twist_mux_diagnostics.hpp
[3.462s] -- Symlinking: /home/joanne/bookros2_ws/install/twist_mux/include/twist_mux/twist_mux_diagnostics_status.hpp
[3.484s] -- Symlinking: /home/joanne/bookros2_ws/install/twist_mux/include/twist_mux/utils.hpp
[3.497s] -- Symlinking: /home/joanne/bookros2_ws/install/twist_mux/share/ament_index/resource_index/package_run_dependencies/twist_mux
[3.522s] -- Symlinking: /home/joanne/bookros2_ws/install/twist_mux/share/ament_index/resource_index/parent_prefix_path/twist_mux
[3.543s] -- Symlinking: /home/joanne/bookros2_ws/install/twist_mux/share/twist_mux/environment/ament_prefix_path.sh
[3.588s] -- Symlinking: /home/joanne/bookros2_ws/install/twist_mux/share/twist_mux/environment/ament_prefix_path.dsv
[3.693s] -- Symlinking: /home/joanne/bookros2_ws/install/twist_mux/share/twist_mux/environment/path.sh
[3.766s] -- Symlinking: /home/joanne/bookros2_ws/install/twist_mux/share/twist_mux/environment/path.dsv
[3.820s] -- Symlinking: /home/joanne/bookros2_ws/install/twist_mux/share/twist_mux/local_setup.bash
[3.888s] -- Symlinking: /home/joanne/bookros2_ws/install/twist_mux/share/twist_mux/local_setup.sh
[3.982s] -- Symlinking: /home/joanne/bookros2_ws/install/twist_mux/share/twist_mux/local_setup.zsh
[4.096s] -- Symlinking: /home/joanne/bookros2_ws/install/twist_mux/share/twist_mux/local_setup.dsv
[4.172s] -- Symlinking: /home/joanne/bookros2_ws/install/twist_mux/share/twist_mux/package.dsv
[4.222s] -- Symlinking: /home/joanne/bookros2_ws/install/twist_mux/share/ament_index/resource_index/packages/twist_mux
[4.327s] -- Symlinking: /home/joanne/bookros2_ws/install/twist_mux/share/twist_mux/cmake/ament_cmake_export_include_directories-extras.cmake
[4.391s] -- Symlinking: /home/joanne/bookros2_ws/install/twist_mux/share/twist_mux/cmake/ament_cmake_export_dependencies-extras.cmake
[4.437s] -- Symlinking: /home/joanne/bookros2_ws/install/twist_mux/share/twist_mux/cmake/twist_muxConfig.cmake
[4.484s] -- Symlinking: /home/joanne/bookros2_ws/install/twist_mux/share/twist_mux/cmake/twist_muxConfig-version.cmake
[4.544s] -- Symlinking: /home/joanne/bookros2_ws/install/twist_mux/share/twist_mux/package.xml
[4.618s] Invoked command in '/home/joanne/bookros2_ws/build/twist_mux' returned '0': CMAKE_PREFIX_PATH=/opt/ros/foxy /usr/bin/cmake --install /home/joanne/bookros2_ws/build/twist_mux
