[0.079s] Invoking command in '/home/joanne/bookros2_ws/build/effort_controllers': AMENT_PREFIX_PATH=/home/joanne/bookros2_ws/install/forward_command_controller:/home/joanne/bookros2_ws/install/controller_manager:/home/joanne/bookros2_ws/install/controller_interface:/home/joanne/bookros2_ws/install/hardware_interface:/home/joanne/bookros2_ws/install/ros2_control_test_assets:/home/joanne/bookros2_ws/install/controller_manager_msgs:${AMENT_PREFIX_PATH} CMAKE_PREFIX_PATH=/home/joanne/bookros2_ws/install/forward_command_controller:/home/joanne/bookros2_ws/install/controller_manager:/home/joanne/bookros2_ws/install/controller_interface:/home/joanne/bookros2_ws/install/hardware_interface:/home/joanne/bookros2_ws/install/ros2_control_test_assets:/home/joanne/bookros2_ws/install/controller_manager_msgs:/opt/ros/foxy LD_LIBRARY_PATH=/home/joanne/bookros2_ws/install/forward_command_controller/lib:/home/joanne/bookros2_ws/install/controller_manager/lib:/home/joanne/bookros2_ws/install/controller_interface/lib:/home/joanne/bookros2_ws/install/hardware_interface/lib:/home/joanne/bookros2_ws/install/controller_manager_msgs/lib:${LD_LIBRARY_PATH} PYTHONPATH=/home/joanne/bookros2_ws/install/controller_manager/lib/python3.8/site-packages:/home/joanne/bookros2_ws/install/controller_manager_msgs/lib/python3.8/site-packages:${PYTHONPATH} /usr/bin/cmake /home/joanne/bookros2_ws/src/ThirdParty/ros2_controllers/effort_controllers -DAMENT_CMAKE_SYMLINK_INSTALL=1 -DCMAKE_INSTALL_PREFIX=/home/joanne/bookros2_ws/install/effort_controllers
[2.694s] -- Found ament_cmake: 0.9.12 (/opt/ros/foxy/share/ament_cmake/cmake)
[2.694s] -- Using PYTHON_EXECUTABLE: /usr/bin/python3
[2.694s] -- Override CMake install command with custom implementation using symlinks instead of copying resources
[2.694s] -- Found forward_command_controller: 0.4.0 (/home/joanne/bookros2_ws/install/forward_command_controller/share/forward_command_controller/cmake)
[2.695s] -- Using all available rosidl_typesupport_c: rosidl_typesupport_fastrtps_c;rosidl_typesupport_introspection_c
[2.695s] -- Found rosidl_adapter: 1.3.1 (/opt/ros/foxy/share/rosidl_adapter/cmake)
[2.695s] -- Using all available rosidl_typesupport_cpp: rosidl_typesupport_fastrtps_cpp;rosidl_typesupport_introspection_cpp
[2.696s] -- Found rmw_implementation_cmake: 1.0.4 (/opt/ros/foxy/share/rmw_implementation_cmake/cmake)
[2.696s] -- Using RMW implementation 'rmw_fastrtps_cpp' as default
[3.613s] -- Found ament_cmake_gmock: 0.9.12 (/opt/ros/foxy/share/ament_cmake_gmock/cmake)
[3.613s] -- Found ament_lint_auto: 0.9.8 (/opt/ros/foxy/share/ament_lint_auto/cmake)
[3.623s] -- Found controller_manager: 0.7.1 (/home/joanne/bookros2_ws/install/controller_manager/share/controller_manager/cmake)
[3.842s] -- Found ros2_control_test_assets: 0.7.1 (/home/joanne/bookros2_ws/install/ros2_control_test_assets/share/ros2_control_test_assets/cmake)
[3.983s] -- Found gmock sources under '/opt/ros/foxy/src/gmock_vendor': C++ tests using 'Google Mock' will be built
[3.987s] -- Found gtest sources under '/opt/ros/foxy/src/gtest_vendor': C++ tests using 'Google Test' will be built
[4.263s] -- Added test 'copyright' to check source files copyright and LICENSE
[4.266s] -- Added test 'cppcheck' to perform static code analysis on C / C++ code
[4.267s] -- Configured cppcheck include dirs: /home/joanne/bookros2_ws/src/ThirdParty/ros2_controllers/effort_controllers/include
[4.267s] -- Configured cppcheck exclude dirs and/or files: 
[4.269s] -- Added test 'cpplint' to check C / C++ code against the Google style
[4.269s] -- Configured cpplint exclude dirs and/or files: 
[4.270s] -- Added test 'lint_cmake' to check CMake code style
[4.273s] -- Added test 'uncrustify' to check C / C++ code style
[4.273s] -- Configured uncrustify additional arguments: 
[4.274s] -- Added test 'xmllint' to check XML markup files
[4.292s] -- Configuring done
[4.474s] -- Generating done
[4.544s] -- Build files have been written to: /home/joanne/bookros2_ws/build/effort_controllers
[4.576s] Invoked command in '/home/joanne/bookros2_ws/build/effort_controllers' returned '0': AMENT_PREFIX_PATH=/home/joanne/bookros2_ws/install/forward_command_controller:/home/joanne/bookros2_ws/install/controller_manager:/home/joanne/bookros2_ws/install/controller_interface:/home/joanne/bookros2_ws/install/hardware_interface:/home/joanne/bookros2_ws/install/ros2_control_test_assets:/home/joanne/bookros2_ws/install/controller_manager_msgs:${AMENT_PREFIX_PATH} CMAKE_PREFIX_PATH=/home/joanne/bookros2_ws/install/forward_command_controller:/home/joanne/bookros2_ws/install/controller_manager:/home/joanne/bookros2_ws/install/controller_interface:/home/joanne/bookros2_ws/install/hardware_interface:/home/joanne/bookros2_ws/install/ros2_control_test_assets:/home/joanne/bookros2_ws/install/controller_manager_msgs:/opt/ros/foxy LD_LIBRARY_PATH=/home/joanne/bookros2_ws/install/forward_command_controller/lib:/home/joanne/bookros2_ws/install/controller_manager/lib:/home/joanne/bookros2_ws/install/controller_interface/lib:/home/joanne/bookros2_ws/install/hardware_interface/lib:/home/joanne/bookros2_ws/install/controller_manager_msgs/lib:${LD_LIBRARY_PATH} PYTHONPATH=/home/joanne/bookros2_ws/install/controller_manager/lib/python3.8/site-packages:/home/joanne/bookros2_ws/install/controller_manager_msgs/lib/python3.8/site-packages:${PYTHONPATH} /usr/bin/cmake /home/joanne/bookros2_ws/src/ThirdParty/ros2_controllers/effort_controllers -DAMENT_CMAKE_SYMLINK_INSTALL=1 -DCMAKE_INSTALL_PREFIX=/home/joanne/bookros2_ws/install/effort_controllers
[4.578s] Invoking command in '/home/joanne/bookros2_ws/build/effort_controllers': AMENT_PREFIX_PATH=/home/joanne/bookros2_ws/install/forward_command_controller:/home/joanne/bookros2_ws/install/controller_manager:/home/joanne/bookros2_ws/install/controller_interface:/home/joanne/bookros2_ws/install/hardware_interface:/home/joanne/bookros2_ws/install/ros2_control_test_assets:/home/joanne/bookros2_ws/install/controller_manager_msgs:${AMENT_PREFIX_PATH} CMAKE_PREFIX_PATH=/home/joanne/bookros2_ws/install/forward_command_controller:/home/joanne/bookros2_ws/install/controller_manager:/home/joanne/bookros2_ws/install/controller_interface:/home/joanne/bookros2_ws/install/hardware_interface:/home/joanne/bookros2_ws/install/ros2_control_test_assets:/home/joanne/bookros2_ws/install/controller_manager_msgs:/opt/ros/foxy LD_LIBRARY_PATH=/home/joanne/bookros2_ws/install/forward_command_controller/lib:/home/joanne/bookros2_ws/install/controller_manager/lib:/home/joanne/bookros2_ws/install/controller_interface/lib:/home/joanne/bookros2_ws/install/hardware_interface/lib:/home/joanne/bookros2_ws/install/controller_manager_msgs/lib:${LD_LIBRARY_PATH} PYTHONPATH=/home/joanne/bookros2_ws/install/controller_manager/lib/python3.8/site-packages:/home/joanne/bookros2_ws/install/controller_manager_msgs/lib/python3.8/site-packages:${PYTHONPATH} /usr/bin/cmake --build /home/joanne/bookros2_ws/build/effort_controllers -- -j8 -l8
[7.463s] [ 27%] Built target gmock
[7.463s] [ 36%] [32m[1mLinking CXX shared library libeffort_controllers.so[0m
[7.463s] [ 45%] Built target effort_controllers
[7.464s] [ 63%] Built target gmock_main
[7.464s] [ 72%] [32m[1mLinking CXX executable test_load_joint_group_effort_controller[0m
[7.464s] [ 81%] Built target test_load_joint_group_effort_controller
[7.464s] [ 90%] [32m[1mLinking CXX executable test_joint_group_effort_controller[0m
[7.620s] [100%] Built target test_joint_group_effort_controller
[7.647s] Invoked command in '/home/joanne/bookros2_ws/build/effort_controllers' returned '0': AMENT_PREFIX_PATH=/home/joanne/bookros2_ws/install/forward_command_controller:/home/joanne/bookros2_ws/install/controller_manager:/home/joanne/bookros2_ws/install/controller_interface:/home/joanne/bookros2_ws/install/hardware_interface:/home/joanne/bookros2_ws/install/ros2_control_test_assets:/home/joanne/bookros2_ws/install/controller_manager_msgs:${AMENT_PREFIX_PATH} CMAKE_PREFIX_PATH=/home/joanne/bookros2_ws/install/forward_command_controller:/home/joanne/bookros2_ws/install/controller_manager:/home/joanne/bookros2_ws/install/controller_interface:/home/joanne/bookros2_ws/install/hardware_interface:/home/joanne/bookros2_ws/install/ros2_control_test_assets:/home/joanne/bookros2_ws/install/controller_manager_msgs:/opt/ros/foxy LD_LIBRARY_PATH=/home/joanne/bookros2_ws/install/forward_command_controller/lib:/home/joanne/bookros2_ws/install/controller_manager/lib:/home/joanne/bookros2_ws/install/controller_interface/lib:/home/joanne/bookros2_ws/install/hardware_interface/lib:/home/joanne/bookros2_ws/install/controller_manager_msgs/lib:${LD_LIBRARY_PATH} PYTHONPATH=/home/joanne/bookros2_ws/install/controller_manager/lib/python3.8/site-packages:/home/joanne/bookros2_ws/install/controller_manager_msgs/lib/python3.8/site-packages:${PYTHONPATH} /usr/bin/cmake --build /home/joanne/bookros2_ws/build/effort_controllers -- -j8 -l8
[7.648s] Invoking command in '/home/joanne/bookros2_ws/build/effort_controllers': AMENT_PREFIX_PATH=/home/joanne/bookros2_ws/install/forward_command_controller:/home/joanne/bookros2_ws/install/controller_manager:/home/joanne/bookros2_ws/install/controller_interface:/home/joanne/bookros2_ws/install/hardware_interface:/home/joanne/bookros2_ws/install/ros2_control_test_assets:/home/joanne/bookros2_ws/install/controller_manager_msgs:${AMENT_PREFIX_PATH} CMAKE_PREFIX_PATH=/home/joanne/bookros2_ws/install/forward_command_controller:/home/joanne/bookros2_ws/install/controller_manager:/home/joanne/bookros2_ws/install/controller_interface:/home/joanne/bookros2_ws/install/hardware_interface:/home/joanne/bookros2_ws/install/ros2_control_test_assets:/home/joanne/bookros2_ws/install/controller_manager_msgs:/opt/ros/foxy LD_LIBRARY_PATH=/home/joanne/bookros2_ws/install/forward_command_controller/lib:/home/joanne/bookros2_ws/install/controller_manager/lib:/home/joanne/bookros2_ws/install/controller_interface/lib:/home/joanne/bookros2_ws/install/hardware_interface/lib:/home/joanne/bookros2_ws/install/controller_manager_msgs/lib:${LD_LIBRARY_PATH} PYTHONPATH=/home/joanne/bookros2_ws/install/controller_manager/lib/python3.8/site-packages:/home/joanne/bookros2_ws/install/controller_manager_msgs/lib/python3.8/site-packages:${PYTHONPATH} /usr/bin/cmake --install /home/joanne/bookros2_ws/build/effort_controllers
[8.095s] -- Install configuration: ""
[8.095s] -- Execute custom install script
[8.095s] -- Symlinking: /home/joanne/bookros2_ws/install/effort_controllers/share/effort_controllers//effort_controllers_plugins.xml
[8.095s] -- Symlinking: /home/joanne/bookros2_ws/install/effort_controllers/include/effort_controllers/joint_group_effort_controller.hpp
[8.095s] -- Symlinking: /home/joanne/bookros2_ws/install/effort_controllers/include/effort_controllers/visibility_control.h
[8.095s] -- Symlinking: /home/joanne/bookros2_ws/install/effort_controllers/lib/libeffort_controllers.so
[8.096s] -- Symlinking: /home/joanne/bookros2_ws/install/effort_controllers/share/effort_controllers/environment/library_path.sh
[8.096s] -- Symlinking: /home/joanne/bookros2_ws/install/effort_controllers/share/effort_controllers/environment/library_path.dsv
[8.096s] -- Symlinking: /home/joanne/bookros2_ws/install/effort_controllers/share/ament_index/resource_index/package_run_dependencies/effort_controllers
[8.096s] -- Symlinking: /home/joanne/bookros2_ws/install/effort_controllers/share/ament_index/resource_index/parent_prefix_path/effort_controllers
[8.096s] -- Symlinking: /home/joanne/bookros2_ws/install/effort_controllers/share/effort_controllers/environment/ament_prefix_path.sh
[8.096s] -- Symlinking: /home/joanne/bookros2_ws/install/effort_controllers/share/effort_controllers/environment/ament_prefix_path.dsv
[8.096s] -- Symlinking: /home/joanne/bookros2_ws/install/effort_controllers/share/effort_controllers/environment/path.sh
[8.097s] -- Symlinking: /home/joanne/bookros2_ws/install/effort_controllers/share/effort_controllers/environment/path.dsv
[8.097s] -- Symlinking: /home/joanne/bookros2_ws/install/effort_controllers/share/effort_controllers/local_setup.bash
[8.097s] -- Symlinking: /home/joanne/bookros2_ws/install/effort_controllers/share/effort_controllers/local_setup.sh
[8.097s] -- Symlinking: /home/joanne/bookros2_ws/install/effort_controllers/share/effort_controllers/local_setup.zsh
[8.097s] -- Symlinking: /home/joanne/bookros2_ws/install/effort_controllers/share/effort_controllers/local_setup.dsv
[8.097s] -- Symlinking: /home/joanne/bookros2_ws/install/effort_controllers/share/effort_controllers/package.dsv
[8.097s] -- Symlinking: /home/joanne/bookros2_ws/install/effort_controllers/share/ament_index/resource_index/packages/effort_controllers
[8.098s] -- Symlinking: /home/joanne/bookros2_ws/install/effort_controllers/share/ament_index/resource_index/controller_interface__pluginlib__plugin/effort_controllers
[8.098s] -- Symlinking: /home/joanne/bookros2_ws/install/effort_controllers/share/effort_controllers/cmake/ament_cmake_export_dependencies-extras.cmake
[8.098s] -- Symlinking: /home/joanne/bookros2_ws/install/effort_controllers/share/effort_controllers/cmake/ament_cmake_export_include_directories-extras.cmake
[8.098s] -- Symlinking: /home/joanne/bookros2_ws/install/effort_controllers/share/effort_controllers/cmake/ament_cmake_export_libraries-extras.cmake
[8.098s] -- Symlinking: /home/joanne/bookros2_ws/install/effort_controllers/share/effort_controllers/cmake/effort_controllersConfig.cmake
[8.098s] -- Symlinking: /home/joanne/bookros2_ws/install/effort_controllers/share/effort_controllers/cmake/effort_controllersConfig-version.cmake
[8.099s] -- Symlinking: /home/joanne/bookros2_ws/install/effort_controllers/share/effort_controllers/package.xml
[8.145s] Invoked command in '/home/joanne/bookros2_ws/build/effort_controllers' returned '0': AMENT_PREFIX_PATH=/home/joanne/bookros2_ws/install/forward_command_controller:/home/joanne/bookros2_ws/install/controller_manager:/home/joanne/bookros2_ws/install/controller_interface:/home/joanne/bookros2_ws/install/hardware_interface:/home/joanne/bookros2_ws/install/ros2_control_test_assets:/home/joanne/bookros2_ws/install/controller_manager_msgs:${AMENT_PREFIX_PATH} CMAKE_PREFIX_PATH=/home/joanne/bookros2_ws/install/forward_command_controller:/home/joanne/bookros2_ws/install/controller_manager:/home/joanne/bookros2_ws/install/controller_interface:/home/joanne/bookros2_ws/install/hardware_interface:/home/joanne/bookros2_ws/install/ros2_control_test_assets:/home/joanne/bookros2_ws/install/controller_manager_msgs:/opt/ros/foxy LD_LIBRARY_PATH=/home/joanne/bookros2_ws/install/forward_command_controller/lib:/home/joanne/bookros2_ws/install/controller_manager/lib:/home/joanne/bookros2_ws/install/controller_interface/lib:/home/joanne/bookros2_ws/install/hardware_interface/lib:/home/joanne/bookros2_ws/install/controller_manager_msgs/lib:${LD_LIBRARY_PATH} PYTHONPATH=/home/joanne/bookros2_ws/install/controller_manager/lib/python3.8/site-packages:/home/joanne/bookros2_ws/install/controller_manager_msgs/lib/python3.8/site-packages:${PYTHONPATH} /usr/bin/cmake --install /home/joanne/bookros2_ws/build/effort_controllers
