-- Found ament_cmake: 0.9.12 (/opt/ros/foxy/share/ament_cmake/cmake)
-- Using PYTHON_EXECUTABLE: /usr/bin/python3
-- Override CMake install command with custom implementation using symlinks instead of copying resources
-- Configuring done
-- Generating done
-- Build files have been written to: /home/joanne/bookros2_ws/build/pal_gripper
-- Install configuration: ""
-- Execute custom install script
-- Symlinking: /home/joanne/bookros2_ws/install/pal_gripper/share/ament_index/resource_index/package_run_dependencies/pal_gripper
-- Symlinking: /home/joanne/bookros2_ws/install/pal_gripper/share/ament_index/resource_index/parent_prefix_path/pal_gripper
-- Symlinking: /home/joanne/bookros2_ws/install/pal_gripper/share/pal_gripper/environment/ament_prefix_path.sh
-- Symlinking: /home/joanne/bookros2_ws/install/pal_gripper/share/pal_gripper/environment/ament_prefix_path.dsv
-- Symlinking: /home/joanne/bookros2_ws/install/pal_gripper/share/pal_gripper/environment/path.sh
-- Symlinking: /home/joanne/bookros2_ws/install/pal_gripper/share/pal_gripper/environment/path.dsv
-- Symlinking: /home/joanne/bookros2_ws/install/pal_gripper/share/pal_gripper/local_setup.bash
-- Symlinking: /home/joanne/bookros2_ws/install/pal_gripper/share/pal_gripper/local_setup.sh
-- Symlinking: /home/joanne/bookros2_ws/install/pal_gripper/share/pal_gripper/local_setup.zsh
-- Symlinking: /home/joanne/bookros2_ws/install/pal_gripper/share/pal_gripper/local_setup.dsv
-- Symlinking: /home/joanne/bookros2_ws/install/pal_gripper/share/pal_gripper/package.dsv
-- Symlinking: /home/joanne/bookros2_ws/install/pal_gripper/share/ament_index/resource_index/packages/pal_gripper
-- Symlinking: /home/joanne/bookros2_ws/install/pal_gripper/share/pal_gripper/cmake/pal_gripperConfig.cmake
-- Symlinking: /home/joanne/bookros2_ws/install/pal_gripper/share/pal_gripper/cmake/pal_gripperConfig-version.cmake
-- Symlinking: /home/joanne/bookros2_ws/install/pal_gripper/share/pal_gripper/package.xml
