[0.055s] Invoking command in '/home/joanne/bookros2_ws/build/tiago_description': AMENT_PREFIX_PATH=/home/joanne/bookros2_ws/install/tiago_controller_configuration:/home/joanne/bookros2_ws/install/pmb2_description:/home/joanne/bookros2_ws/install/pmb2_controller_configuration:/home/joanne/bookros2_ws/install/pal_gripper_controller_configuration:/home/joanne/bookros2_ws/install/position_controllers:/home/joanne/bookros2_ws/install/joint_state_controller:/home/joanne/bookros2_ws/install/joint_trajectory_controller:/home/joanne/bookros2_ws/install/joint_state_broadcaster:/home/joanne/bookros2_ws/install/imu_sensor_broadcaster:/home/joanne/bookros2_ws/install/forward_command_controller:/home/joanne/bookros2_ws/install/diff_drive_controller:/home/joanne/bookros2_ws/install/controller_manager:/home/joanne/bookros2_ws/install/controller_interface:/home/joanne/bookros2_ws/install/pal_gripper_description:/home/joanne/bookros2_ws/install/hardware_interface:/home/joanne/bookros2_ws/install/urdf_test:/home/joanne/bookros2_ws/install/tiago_description_calibration:/home/joanne/bookros2_ws/install/ros2_control_test_assets:/home/joanne/bookros2_ws/install/launch_pal:/home/joanne/bookros2_ws/install/hey5_description:/home/joanne/bookros2_ws/install/controller_manager_msgs:${AMENT_PREFIX_PATH} CMAKE_PREFIX_PATH=/home/joanne/bookros2_ws/install/tiago_controller_configuration:/home/joanne/bookros2_ws/install/pmb2_description:/home/joanne/bookros2_ws/install/pmb2_controller_configuration:/home/joanne/bookros2_ws/install/pal_gripper_controller_configuration:/home/joanne/bookros2_ws/install/position_controllers:/home/joanne/bookros2_ws/install/joint_state_controller:/home/joanne/bookros2_ws/install/joint_trajectory_controller:/home/joanne/bookros2_ws/install/joint_state_broadcaster:/home/joanne/bookros2_ws/install/imu_sensor_broadcaster:/home/joanne/bookros2_ws/install/forward_command_controller:/home/joanne/bookros2_ws/install/diff_drive_controller:/home/joanne/bookros2_ws/install/controller_manager:/home/joanne/bookros2_ws/install/controller_interface:/home/joanne/bookros2_ws/install/pal_gripper_description:/home/joanne/bookros2_ws/install/hardware_interface:/home/joanne/bookros2_ws/install/urdf_test:/home/joanne/bookros2_ws/install/tiago_description_calibration:/home/joanne/bookros2_ws/install/ros2_control_test_assets:/home/joanne/bookros2_ws/install/hey5_description:/home/joanne/bookros2_ws/install/controller_manager_msgs:/opt/ros/foxy LD_LIBRARY_PATH=/home/joanne/bookros2_ws/install/position_controllers/lib:/home/joanne/bookros2_ws/install/joint_state_controller/lib:/home/joanne/bookros2_ws/install/joint_trajectory_controller/lib:/home/joanne/bookros2_ws/install/joint_state_broadcaster/lib:/home/joanne/bookros2_ws/install/imu_sensor_broadcaster/lib:/home/joanne/bookros2_ws/install/forward_command_controller/lib:/home/joanne/bookros2_ws/install/diff_drive_controller/lib:/home/joanne/bookros2_ws/install/controller_manager/lib:/home/joanne/bookros2_ws/install/controller_interface/lib:/home/joanne/bookros2_ws/install/hardware_interface/lib:/home/joanne/bookros2_ws/install/controller_manager_msgs/lib:${LD_LIBRARY_PATH} PYTHONPATH=/home/joanne/bookros2_ws/install/pmb2_description/lib/python3.8/site-packages:/home/joanne/bookros2_ws/install/controller_manager/lib/python3.8/site-packages:/home/joanne/bookros2_ws/install/urdf_test/lib/python3.8/site-packages:/home/joanne/bookros2_ws/build/launch_pal:/home/joanne/bookros2_ws/install/launch_pal/lib/python3.8/site-packages:/home/joanne/bookros2_ws/install/controller_manager_msgs/lib/python3.8/site-packages:${PYTHONPATH} /usr/bin/cmake --build /home/joanne/bookros2_ws/build/tiago_description -- -j8 -l8
[0.150s] Invoked command in '/home/joanne/bookros2_ws/build/tiago_description' returned '0': AMENT_PREFIX_PATH=/home/joanne/bookros2_ws/install/tiago_controller_configuration:/home/joanne/bookros2_ws/install/pmb2_description:/home/joanne/bookros2_ws/install/pmb2_controller_configuration:/home/joanne/bookros2_ws/install/pal_gripper_controller_configuration:/home/joanne/bookros2_ws/install/position_controllers:/home/joanne/bookros2_ws/install/joint_state_controller:/home/joanne/bookros2_ws/install/joint_trajectory_controller:/home/joanne/bookros2_ws/install/joint_state_broadcaster:/home/joanne/bookros2_ws/install/imu_sensor_broadcaster:/home/joanne/bookros2_ws/install/forward_command_controller:/home/joanne/bookros2_ws/install/diff_drive_controller:/home/joanne/bookros2_ws/install/controller_manager:/home/joanne/bookros2_ws/install/controller_interface:/home/joanne/bookros2_ws/install/pal_gripper_description:/home/joanne/bookros2_ws/install/hardware_interface:/home/joanne/bookros2_ws/install/urdf_test:/home/joanne/bookros2_ws/install/tiago_description_calibration:/home/joanne/bookros2_ws/install/ros2_control_test_assets:/home/joanne/bookros2_ws/install/launch_pal:/home/joanne/bookros2_ws/install/hey5_description:/home/joanne/bookros2_ws/install/controller_manager_msgs:${AMENT_PREFIX_PATH} CMAKE_PREFIX_PATH=/home/joanne/bookros2_ws/install/tiago_controller_configuration:/home/joanne/bookros2_ws/install/pmb2_description:/home/joanne/bookros2_ws/install/pmb2_controller_configuration:/home/joanne/bookros2_ws/install/pal_gripper_controller_configuration:/home/joanne/bookros2_ws/install/position_controllers:/home/joanne/bookros2_ws/install/joint_state_controller:/home/joanne/bookros2_ws/install/joint_trajectory_controller:/home/joanne/bookros2_ws/install/joint_state_broadcaster:/home/joanne/bookros2_ws/install/imu_sensor_broadcaster:/home/joanne/bookros2_ws/install/forward_command_controller:/home/joanne/bookros2_ws/install/diff_drive_controller:/home/joanne/bookros2_ws/install/controller_manager:/home/joanne/bookros2_ws/install/controller_interface:/home/joanne/bookros2_ws/install/pal_gripper_description:/home/joanne/bookros2_ws/install/hardware_interface:/home/joanne/bookros2_ws/install/urdf_test:/home/joanne/bookros2_ws/install/tiago_description_calibration:/home/joanne/bookros2_ws/install/ros2_control_test_assets:/home/joanne/bookros2_ws/install/hey5_description:/home/joanne/bookros2_ws/install/controller_manager_msgs:/opt/ros/foxy LD_LIBRARY_PATH=/home/joanne/bookros2_ws/install/position_controllers/lib:/home/joanne/bookros2_ws/install/joint_state_controller/lib:/home/joanne/bookros2_ws/install/joint_trajectory_controller/lib:/home/joanne/bookros2_ws/install/joint_state_broadcaster/lib:/home/joanne/bookros2_ws/install/imu_sensor_broadcaster/lib:/home/joanne/bookros2_ws/install/forward_command_controller/lib:/home/joanne/bookros2_ws/install/diff_drive_controller/lib:/home/joanne/bookros2_ws/install/controller_manager/lib:/home/joanne/bookros2_ws/install/controller_interface/lib:/home/joanne/bookros2_ws/install/hardware_interface/lib:/home/joanne/bookros2_ws/install/controller_manager_msgs/lib:${LD_LIBRARY_PATH} PYTHONPATH=/home/joanne/bookros2_ws/install/pmb2_description/lib/python3.8/site-packages:/home/joanne/bookros2_ws/install/controller_manager/lib/python3.8/site-packages:/home/joanne/bookros2_ws/install/urdf_test/lib/python3.8/site-packages:/home/joanne/bookros2_ws/build/launch_pal:/home/joanne/bookros2_ws/install/launch_pal/lib/python3.8/site-packages:/home/joanne/bookros2_ws/install/controller_manager_msgs/lib/python3.8/site-packages:${PYTHONPATH} /usr/bin/cmake --build /home/joanne/bookros2_ws/build/tiago_description -- -j8 -l8
[0.152s] Invoking command in '/home/joanne/bookros2_ws/build/tiago_description': AMENT_PREFIX_PATH=/home/joanne/bookros2_ws/install/tiago_controller_configuration:/home/joanne/bookros2_ws/install/pmb2_description:/home/joanne/bookros2_ws/install/pmb2_controller_configuration:/home/joanne/bookros2_ws/install/pal_gripper_controller_configuration:/home/joanne/bookros2_ws/install/position_controllers:/home/joanne/bookros2_ws/install/joint_state_controller:/home/joanne/bookros2_ws/install/joint_trajectory_controller:/home/joanne/bookros2_ws/install/joint_state_broadcaster:/home/joanne/bookros2_ws/install/imu_sensor_broadcaster:/home/joanne/bookros2_ws/install/forward_command_controller:/home/joanne/bookros2_ws/install/diff_drive_controller:/home/joanne/bookros2_ws/install/controller_manager:/home/joanne/bookros2_ws/install/controller_interface:/home/joanne/bookros2_ws/install/pal_gripper_description:/home/joanne/bookros2_ws/install/hardware_interface:/home/joanne/bookros2_ws/install/urdf_test:/home/joanne/bookros2_ws/install/tiago_description_calibration:/home/joanne/bookros2_ws/install/ros2_control_test_assets:/home/joanne/bookros2_ws/install/launch_pal:/home/joanne/bookros2_ws/install/hey5_description:/home/joanne/bookros2_ws/install/controller_manager_msgs:${AMENT_PREFIX_PATH} CMAKE_PREFIX_PATH=/home/joanne/bookros2_ws/install/tiago_controller_configuration:/home/joanne/bookros2_ws/install/pmb2_description:/home/joanne/bookros2_ws/install/pmb2_controller_configuration:/home/joanne/bookros2_ws/install/pal_gripper_controller_configuration:/home/joanne/bookros2_ws/install/position_controllers:/home/joanne/bookros2_ws/install/joint_state_controller:/home/joanne/bookros2_ws/install/joint_trajectory_controller:/home/joanne/bookros2_ws/install/joint_state_broadcaster:/home/joanne/bookros2_ws/install/imu_sensor_broadcaster:/home/joanne/bookros2_ws/install/forward_command_controller:/home/joanne/bookros2_ws/install/diff_drive_controller:/home/joanne/bookros2_ws/install/controller_manager:/home/joanne/bookros2_ws/install/controller_interface:/home/joanne/bookros2_ws/install/pal_gripper_description:/home/joanne/bookros2_ws/install/hardware_interface:/home/joanne/bookros2_ws/install/urdf_test:/home/joanne/bookros2_ws/install/tiago_description_calibration:/home/joanne/bookros2_ws/install/ros2_control_test_assets:/home/joanne/bookros2_ws/install/hey5_description:/home/joanne/bookros2_ws/install/controller_manager_msgs:/opt/ros/foxy LD_LIBRARY_PATH=/home/joanne/bookros2_ws/install/position_controllers/lib:/home/joanne/bookros2_ws/install/joint_state_controller/lib:/home/joanne/bookros2_ws/install/joint_trajectory_controller/lib:/home/joanne/bookros2_ws/install/joint_state_broadcaster/lib:/home/joanne/bookros2_ws/install/imu_sensor_broadcaster/lib:/home/joanne/bookros2_ws/install/forward_command_controller/lib:/home/joanne/bookros2_ws/install/diff_drive_controller/lib:/home/joanne/bookros2_ws/install/controller_manager/lib:/home/joanne/bookros2_ws/install/controller_interface/lib:/home/joanne/bookros2_ws/install/hardware_interface/lib:/home/joanne/bookros2_ws/install/controller_manager_msgs/lib:${LD_LIBRARY_PATH} PYTHONPATH=/home/joanne/bookros2_ws/install/pmb2_description/lib/python3.8/site-packages:/home/joanne/bookros2_ws/install/controller_manager/lib/python3.8/site-packages:/home/joanne/bookros2_ws/install/urdf_test/lib/python3.8/site-packages:/home/joanne/bookros2_ws/build/launch_pal:/home/joanne/bookros2_ws/install/launch_pal/lib/python3.8/site-packages:/home/joanne/bookros2_ws/install/controller_manager_msgs/lib/python3.8/site-packages:${PYTHONPATH} /usr/bin/cmake --install /home/joanne/bookros2_ws/build/tiago_description
[0.173s] -- Install configuration: ""
[0.173s] -- Execute custom install script
[0.174s] -- Up-to-date symlink: /home/joanne/bookros2_ws/install/tiago_description/share/tiago_description/environment/pythonpath.sh
[0.174s] -- Up-to-date symlink: /home/joanne/bookros2_ws/install/tiago_description/share/tiago_description/environment/pythonpath.dsv
[0.175s] -- Up-to-date symlink: /home/joanne/bookros2_ws/install/tiago_description/lib/python3.8/site-packages/tiago_description/__init__.py
[0.175s] -- Up-to-date symlink: /home/joanne/bookros2_ws/install/tiago_description/lib/python3.8/site-packages/tiago_description/tiago_launch_utils.py
[0.176s] -- Up-to-date symlink: /home/joanne/bookros2_ws/install/tiago_description/share/tiago_description/config/collision/collision_parameters.yaml
[0.177s] -- Up-to-date symlink: /home/joanne/bookros2_ws/install/tiago_description/share/tiago_description/gazebo/gazebo.urdf.xacro
[0.178s] -- Up-to-date symlink: /home/joanne/bookros2_ws/install/tiago_description/share/tiago_description/launch/robot_state_publisher.launch.py
[0.179s] -- Up-to-date symlink: /home/joanne/bookros2_ws/install/tiago_description/share/tiago_description/launch/show.launch.py
[0.179s] -- Up-to-date symlink: /home/joanne/bookros2_ws/install/tiago_description/share/tiago_description/Media/materials/scripts/markers.material
[0.180s] -- Up-to-date symlink: /home/joanne/bookros2_ws/install/tiago_description/share/tiago_description/Media/materials/textures/aruco-26_8cm.png
[0.180s] -- Up-to-date symlink: /home/joanne/bookros2_ws/install/tiago_description/share/tiago_description/Media/materials/textures/aruco-582_8cm.png
[0.180s] -- Up-to-date symlink: /home/joanne/bookros2_ws/install/tiago_description/share/tiago_description/Media/materials/textures/pal_logo_1_7cm.jpg
[0.180s] -- Up-to-date symlink: /home/joanne/bookros2_ws/install/tiago_description/share/tiago_description/Media/materials/textures/pal_logo_2_7cm.jpg
[0.181s] -- Up-to-date symlink: /home/joanne/bookros2_ws/install/tiago_description/share/tiago_description/Media/materials/textures/pal_logo_3_7cm.jpg
[0.185s] -- Up-to-date symlink: /home/joanne/bookros2_ws/install/tiago_description/share/tiago_description/meshes/arm/arm_1.stl
[0.186s] -- Up-to-date symlink: /home/joanne/bookros2_ws/install/tiago_description/share/tiago_description/meshes/arm/arm_1_collision.dae
[0.186s] -- Up-to-date symlink: /home/joanne/bookros2_ws/install/tiago_description/share/tiago_description/meshes/arm/arm_1_color.png
[0.187s] -- Up-to-date symlink: /home/joanne/bookros2_ws/install/tiago_description/share/tiago_description/meshes/arm/arm_1_normals.png
[0.188s] -- Up-to-date symlink: /home/joanne/bookros2_ws/install/tiago_description/share/tiago_description/meshes/arm/arm_1_specular.png
[0.191s] -- Up-to-date symlink: /home/joanne/bookros2_ws/install/tiago_description/share/tiago_description/meshes/arm/arm_2.stl
[0.191s] -- Up-to-date symlink: /home/joanne/bookros2_ws/install/tiago_description/share/tiago_description/meshes/arm/arm_2_collision.dae
[0.191s] -- Up-to-date symlink: /home/joanne/bookros2_ws/install/tiago_description/share/tiago_description/meshes/arm/arm_2_color.png
[0.191s] -- Up-to-date symlink: /home/joanne/bookros2_ws/install/tiago_description/share/tiago_description/meshes/arm/arm_2_normals.png
[0.191s] -- Up-to-date symlink: /home/joanne/bookros2_ws/install/tiago_description/share/tiago_description/meshes/arm/arm_2_specular.png
[0.191s] -- Up-to-date symlink: /home/joanne/bookros2_ws/install/tiago_description/share/tiago_description/meshes/arm/arm_3.stl
[0.192s] -- Up-to-date symlink: /home/joanne/bookros2_ws/install/tiago_description/share/tiago_description/meshes/arm/arm_3_collision.dae
[0.192s] -- Up-to-date symlink: /home/joanne/bookros2_ws/install/tiago_description/share/tiago_description/meshes/arm/arm_3_color.png
[0.192s] -- Up-to-date symlink: /home/joanne/bookros2_ws/install/tiago_description/share/tiago_description/meshes/arm/arm_3_normals.png
[0.192s] -- Up-to-date symlink: /home/joanne/bookros2_ws/install/tiago_description/share/tiago_description/meshes/arm/arm_3_specular.png
[0.192s] -- Up-to-date symlink: /home/joanne/bookros2_ws/install/tiago_description/share/tiago_description/meshes/arm/arm_4.stl
[0.192s] -- Up-to-date symlink: /home/joanne/bookros2_ws/install/tiago_description/share/tiago_description/meshes/arm/arm_4_collision.dae
[0.192s] -- Up-to-date symlink: /home/joanne/bookros2_ws/install/tiago_description/share/tiago_description/meshes/arm/arm_4_collision.stl
[0.193s] -- Up-to-date symlink: /home/joanne/bookros2_ws/install/tiago_description/share/tiago_description/meshes/arm/arm_4_color.png
[0.193s] -- Up-to-date symlink: /home/joanne/bookros2_ws/install/tiago_description/share/tiago_description/meshes/arm/arm_4_normals.png
[0.193s] -- Up-to-date symlink: /home/joanne/bookros2_ws/install/tiago_description/share/tiago_description/meshes/arm/arm_4_specular.png
[0.193s] -- Up-to-date symlink: /home/joanne/bookros2_ws/install/tiago_description/share/tiago_description/meshes/arm/arm_5-wrist-2010.stl
[0.193s] -- Up-to-date symlink: /home/joanne/bookros2_ws/install/tiago_description/share/tiago_description/meshes/arm/arm_5-wrist-2017.stl
[0.193s] -- Up-to-date symlink: /home/joanne/bookros2_ws/install/tiago_description/share/tiago_description/meshes/arm/arm_5_collision-wrist-2010.dae
[0.196s] -- Up-to-date symlink: /home/joanne/bookros2_ws/install/tiago_description/share/tiago_description/meshes/arm/arm_5_collision-wrist-2017.dae
[0.197s] -- Up-to-date symlink: /home/joanne/bookros2_ws/install/tiago_description/share/tiago_description/meshes/arm/arm_6-wrist-2010.stl
[0.197s] -- Up-to-date symlink: /home/joanne/bookros2_ws/install/tiago_description/share/tiago_description/meshes/arm/arm_6-wrist-2017.stl
[0.197s] -- Up-to-date symlink: /home/joanne/bookros2_ws/install/tiago_description/share/tiago_description/meshes/arm/arm_6_collision-wrist-2010.dae
[0.197s] -- Up-to-date symlink: /home/joanne/bookros2_ws/install/tiago_description/share/tiago_description/meshes/arm/arm_6_collision-wrist-2017.dae
[0.197s] -- Up-to-date symlink: /home/joanne/bookros2_ws/install/tiago_description/share/tiago_description/meshes/arm/arm_6_color.png
[0.198s] -- Up-to-date symlink: /home/joanne/bookros2_ws/install/tiago_description/share/tiago_description/meshes/arm/arm_6_normals.png
[0.198s] -- Up-to-date symlink: /home/joanne/bookros2_ws/install/tiago_description/share/tiago_description/meshes/arm/arm_6_specular.png
[0.198s] -- Up-to-date symlink: /home/joanne/bookros2_ws/install/tiago_description/share/tiago_description/meshes/head/head_1.stl
[0.198s] -- Up-to-date symlink: /home/joanne/bookros2_ws/install/tiago_description/share/tiago_description/meshes/head/head_1_collision.dae
[0.198s] -- Up-to-date symlink: /home/joanne/bookros2_ws/install/tiago_description/share/tiago_description/meshes/head/head_2.stl
[0.198s] -- Up-to-date symlink: /home/joanne/bookros2_ws/install/tiago_description/share/tiago_description/meshes/head/head_2_collision.dae
[0.199s] -- Up-to-date symlink: /home/joanne/bookros2_ws/install/tiago_description/share/tiago_description/meshes/sensors/xtion_pro_live/xtion_pro_live.dae
[0.200s] -- Up-to-date symlink: /home/joanne/bookros2_ws/install/tiago_description/share/tiago_description/meshes/sensors/xtion_pro_live/xtion_pro_live.png
[0.200s] -- Up-to-date symlink: /home/joanne/bookros2_ws/install/tiago_description/share/tiago_description/meshes/torso/torso_fix.stl
[0.200s] -- Up-to-date symlink: /home/joanne/bookros2_ws/install/tiago_description/share/tiago_description/meshes/torso/torso_lift_collision.dae
[0.200s] -- Up-to-date symlink: /home/joanne/bookros2_ws/install/tiago_description/share/tiago_description/meshes/torso/torso_lift_collision_core.dae
[0.200s] -- Up-to-date symlink: /home/joanne/bookros2_ws/install/tiago_description/share/tiago_description/meshes/torso/torso_lift_collision_neck.dae
[0.200s] -- Up-to-date symlink: /home/joanne/bookros2_ws/install/tiago_description/share/tiago_description/meshes/torso/torso_lift_collision_shoulder.dae
[0.200s] -- Up-to-date symlink: /home/joanne/bookros2_ws/install/tiago_description/share/tiago_description/meshes/torso/torso_lift_with_arm.stl
[0.200s] -- Up-to-date symlink: /home/joanne/bookros2_ws/install/tiago_description/share/tiago_description/meshes/torso/torso_lift_without_arm.stl
[0.202s] -- Up-to-date symlink: /home/joanne/bookros2_ws/install/tiago_description/share/tiago_description/robots/show.launch
[0.203s] -- Up-to-date symlink: /home/joanne/bookros2_ws/install/tiago_description/share/tiago_description/robots/tiago.urdf.xacro
[0.203s] -- Up-to-date symlink: /home/joanne/bookros2_ws/install/tiago_description/share/tiago_description/robots/upload.launch
[0.203s] -- Up-to-date symlink: /home/joanne/bookros2_ws/install/tiago_description/share/tiago_description/ros2_control/ros2_control.urdf.xacro
[0.203s] -- Up-to-date symlink: /home/joanne/bookros2_ws/install/tiago_description/share/tiago_description/urdf/arm/arm.ros2_control.xacro
[0.204s] -- Up-to-date symlink: /home/joanne/bookros2_ws/install/tiago_description/share/tiago_description/urdf/arm/arm.transmission.xacro
[0.204s] -- Up-to-date symlink: /home/joanne/bookros2_ws/install/tiago_description/share/tiago_description/urdf/arm/arm.urdf.xacro
[0.204s] -- Up-to-date symlink: /home/joanne/bookros2_ws/install/tiago_description/share/tiago_description/urdf/arm/wrist.ros2_control.xacro
[0.204s] -- Up-to-date symlink: /home/joanne/bookros2_ws/install/tiago_description/share/tiago_description/urdf/arm/wrist.transmission.xacro
[0.204s] -- Up-to-date symlink: /home/joanne/bookros2_ws/install/tiago_description/share/tiago_description/urdf/arm/wrist.urdf.xacro
[0.204s] -- Up-to-date symlink: /home/joanne/bookros2_ws/install/tiago_description/share/tiago_description/urdf/deg_to_rad.xacro
[0.204s] -- Up-to-date symlink: /home/joanne/bookros2_ws/install/tiago_description/share/tiago_description/urdf/end_effector/end_effector.urdf.xacro
[0.205s] -- Up-to-date symlink: /home/joanne/bookros2_ws/install/tiago_description/share/tiago_description/urdf/end_effector/pal-hey5.ros2_control.xacro
[0.205s] -- Up-to-date symlink: /home/joanne/bookros2_ws/install/tiago_description/share/tiago_description/urdf/head/head.ros2_control.xacro
[0.205s] -- Up-to-date symlink: /home/joanne/bookros2_ws/install/tiago_description/share/tiago_description/urdf/head/head.transmission.xacro
[0.205s] -- Up-to-date symlink: /home/joanne/bookros2_ws/install/tiago_description/share/tiago_description/urdf/head/head.urdf.xacro
[0.205s] -- Up-to-date symlink: /home/joanne/bookros2_ws/install/tiago_description/share/tiago_description/urdf/materials.urdf.xacro
[0.205s] -- Up-to-date symlink: /home/joanne/bookros2_ws/install/tiago_description/share/tiago_description/urdf/sensors/ftsensor.gazebo.xacro
[0.205s] -- Up-to-date symlink: /home/joanne/bookros2_ws/install/tiago_description/share/tiago_description/urdf/sensors/ftsensor.urdf.xacro
[0.206s] -- Up-to-date symlink: /home/joanne/bookros2_ws/install/tiago_description/share/tiago_description/urdf/sensors/openni.gazebo.xacro
[0.206s] -- Up-to-date symlink: /home/joanne/bookros2_ws/install/tiago_description/share/tiago_description/urdf/sensors/orbbec_astra.urdf.xacro
[0.206s] -- Up-to-date symlink: /home/joanne/bookros2_ws/install/tiago_description/share/tiago_description/urdf/sensors/sensors.ros2_control.xacro
[0.206s] -- Up-to-date symlink: /home/joanne/bookros2_ws/install/tiago_description/share/tiago_description/urdf/sensors/xtion_pro_live.urdf.xacro
[0.206s] -- Up-to-date symlink: /home/joanne/bookros2_ws/install/tiago_description/share/tiago_description/urdf/torso/torso.ros2_control.xacro
[0.206s] -- Up-to-date symlink: /home/joanne/bookros2_ws/install/tiago_description/share/tiago_description/urdf/torso/torso.transmission.xacro
[0.206s] -- Up-to-date symlink: /home/joanne/bookros2_ws/install/tiago_description/share/tiago_description/urdf/torso/torso.urdf.xacro
[0.206s] -- Up-to-date symlink: /home/joanne/bookros2_ws/install/tiago_description/share/ament_index/resource_index/package_run_dependencies/tiago_description
[0.206s] -- Up-to-date symlink: /home/joanne/bookros2_ws/install/tiago_description/share/ament_index/resource_index/parent_prefix_path/tiago_description
[0.207s] -- Up-to-date symlink: /home/joanne/bookros2_ws/install/tiago_description/share/tiago_description/environment/ament_prefix_path.sh
[0.207s] -- Up-to-date symlink: /home/joanne/bookros2_ws/install/tiago_description/share/tiago_description/environment/ament_prefix_path.dsv
[0.207s] -- Up-to-date symlink: /home/joanne/bookros2_ws/install/tiago_description/share/tiago_description/environment/path.sh
[0.207s] -- Up-to-date symlink: /home/joanne/bookros2_ws/install/tiago_description/share/tiago_description/environment/path.dsv
[0.207s] -- Up-to-date symlink: /home/joanne/bookros2_ws/install/tiago_description/share/tiago_description/local_setup.bash
[0.207s] -- Up-to-date symlink: /home/joanne/bookros2_ws/install/tiago_description/share/tiago_description/local_setup.sh
[0.207s] -- Up-to-date symlink: /home/joanne/bookros2_ws/install/tiago_description/share/tiago_description/local_setup.zsh
[0.207s] -- Up-to-date symlink: /home/joanne/bookros2_ws/install/tiago_description/share/tiago_description/local_setup.dsv
[0.208s] -- Symlinking: /home/joanne/bookros2_ws/install/tiago_description/share/tiago_description/package.dsv
[0.224s] -- Up-to-date symlink: /home/joanne/bookros2_ws/install/tiago_description/share/ament_index/resource_index/packages/tiago_description
[0.225s] -- Up-to-date symlink: /home/joanne/bookros2_ws/install/tiago_description/share/tiago_description/cmake/tiago_descriptionConfig.cmake
[0.225s] -- Up-to-date symlink: /home/joanne/bookros2_ws/install/tiago_description/share/tiago_description/cmake/tiago_descriptionConfig-version.cmake
[0.225s] -- Up-to-date symlink: /home/joanne/bookros2_ws/install/tiago_description/share/tiago_description/package.xml
[0.281s] Listing '/home/joanne/bookros2_ws/install/tiago_description/lib/python3.8/site-packages/tiago_description'...
[0.295s] Invoked command in '/home/joanne/bookros2_ws/build/tiago_description' returned '0': AMENT_PREFIX_PATH=/home/joanne/bookros2_ws/install/tiago_controller_configuration:/home/joanne/bookros2_ws/install/pmb2_description:/home/joanne/bookros2_ws/install/pmb2_controller_configuration:/home/joanne/bookros2_ws/install/pal_gripper_controller_configuration:/home/joanne/bookros2_ws/install/position_controllers:/home/joanne/bookros2_ws/install/joint_state_controller:/home/joanne/bookros2_ws/install/joint_trajectory_controller:/home/joanne/bookros2_ws/install/joint_state_broadcaster:/home/joanne/bookros2_ws/install/imu_sensor_broadcaster:/home/joanne/bookros2_ws/install/forward_command_controller:/home/joanne/bookros2_ws/install/diff_drive_controller:/home/joanne/bookros2_ws/install/controller_manager:/home/joanne/bookros2_ws/install/controller_interface:/home/joanne/bookros2_ws/install/pal_gripper_description:/home/joanne/bookros2_ws/install/hardware_interface:/home/joanne/bookros2_ws/install/urdf_test:/home/joanne/bookros2_ws/install/tiago_description_calibration:/home/joanne/bookros2_ws/install/ros2_control_test_assets:/home/joanne/bookros2_ws/install/launch_pal:/home/joanne/bookros2_ws/install/hey5_description:/home/joanne/bookros2_ws/install/controller_manager_msgs:${AMENT_PREFIX_PATH} CMAKE_PREFIX_PATH=/home/joanne/bookros2_ws/install/tiago_controller_configuration:/home/joanne/bookros2_ws/install/pmb2_description:/home/joanne/bookros2_ws/install/pmb2_controller_configuration:/home/joanne/bookros2_ws/install/pal_gripper_controller_configuration:/home/joanne/bookros2_ws/install/position_controllers:/home/joanne/bookros2_ws/install/joint_state_controller:/home/joanne/bookros2_ws/install/joint_trajectory_controller:/home/joanne/bookros2_ws/install/joint_state_broadcaster:/home/joanne/bookros2_ws/install/imu_sensor_broadcaster:/home/joanne/bookros2_ws/install/forward_command_controller:/home/joanne/bookros2_ws/install/diff_drive_controller:/home/joanne/bookros2_ws/install/controller_manager:/home/joanne/bookros2_ws/install/controller_interface:/home/joanne/bookros2_ws/install/pal_gripper_description:/home/joanne/bookros2_ws/install/hardware_interface:/home/joanne/bookros2_ws/install/urdf_test:/home/joanne/bookros2_ws/install/tiago_description_calibration:/home/joanne/bookros2_ws/install/ros2_control_test_assets:/home/joanne/bookros2_ws/install/hey5_description:/home/joanne/bookros2_ws/install/controller_manager_msgs:/opt/ros/foxy LD_LIBRARY_PATH=/home/joanne/bookros2_ws/install/position_controllers/lib:/home/joanne/bookros2_ws/install/joint_state_controller/lib:/home/joanne/bookros2_ws/install/joint_trajectory_controller/lib:/home/joanne/bookros2_ws/install/joint_state_broadcaster/lib:/home/joanne/bookros2_ws/install/imu_sensor_broadcaster/lib:/home/joanne/bookros2_ws/install/forward_command_controller/lib:/home/joanne/bookros2_ws/install/diff_drive_controller/lib:/home/joanne/bookros2_ws/install/controller_manager/lib:/home/joanne/bookros2_ws/install/controller_interface/lib:/home/joanne/bookros2_ws/install/hardware_interface/lib:/home/joanne/bookros2_ws/install/controller_manager_msgs/lib:${LD_LIBRARY_PATH} PYTHONPATH=/home/joanne/bookros2_ws/install/pmb2_description/lib/python3.8/site-packages:/home/joanne/bookros2_ws/install/controller_manager/lib/python3.8/site-packages:/home/joanne/bookros2_ws/install/urdf_test/lib/python3.8/site-packages:/home/joanne/bookros2_ws/build/launch_pal:/home/joanne/bookros2_ws/install/launch_pal/lib/python3.8/site-packages:/home/joanne/bookros2_ws/install/controller_manager_msgs/lib/python3.8/site-packages:${PYTHONPATH} /usr/bin/cmake --install /home/joanne/bookros2_ws/build/tiago_description
