[0.052s] Invoking command in '/home/joanne/bookros2_ws/build/pal_gripper_description': AMENT_PREFIX_PATH=/home/joanne/bookros2_ws/install/urdf_test:${AMENT_PREFIX_PATH} CMAKE_PREFIX_PATH=/home/joanne/bookros2_ws/install/urdf_test:/opt/ros/foxy PYTHONPATH=/home/joanne/bookros2_ws/install/urdf_test/lib/python3.8/site-packages:${PYTHONPATH} /usr/bin/cmake /home/joanne/bookros2_ws/src/ThirdParty/pal_gripper/pal_gripper_description -DAMENT_CMAKE_SYMLINK_INSTALL=1 -DCMAKE_INSTALL_PREFIX=/home/joanne/bookros2_ws/install/pal_gripper_description
[0.250s] -- Found ament_cmake_auto: 0.9.12 (/opt/ros/foxy/share/ament_cmake_auto/cmake)
[0.250s] -- Using PYTHON_EXECUTABLE: /usr/bin/python3
[0.468s] -- Override CMake install command with custom implementation using symlinks instead of copying resources
[0.483s] -- Found xacro: 2.0.7 (/opt/ros/foxy/share/xacro/cmake)
[0.629s] -- Configuring done
[0.635s] -- Generating done
[0.644s] -- Build files have been written to: /home/joanne/bookros2_ws/build/pal_gripper_description
[0.651s] Invoked command in '/home/joanne/bookros2_ws/build/pal_gripper_description' returned '0': AMENT_PREFIX_PATH=/home/joanne/bookros2_ws/install/urdf_test:${AMENT_PREFIX_PATH} CMAKE_PREFIX_PATH=/home/joanne/bookros2_ws/install/urdf_test:/opt/ros/foxy PYTHONPATH=/home/joanne/bookros2_ws/install/urdf_test/lib/python3.8/site-packages:${PYTHONPATH} /usr/bin/cmake /home/joanne/bookros2_ws/src/ThirdParty/pal_gripper/pal_gripper_description -DAMENT_CMAKE_SYMLINK_INSTALL=1 -DCMAKE_INSTALL_PREFIX=/home/joanne/bookros2_ws/install/pal_gripper_description
[0.653s] Invoking command in '/home/joanne/bookros2_ws/build/pal_gripper_description': AMENT_PREFIX_PATH=/home/joanne/bookros2_ws/install/urdf_test:${AMENT_PREFIX_PATH} CMAKE_PREFIX_PATH=/home/joanne/bookros2_ws/install/urdf_test:/opt/ros/foxy PYTHONPATH=/home/joanne/bookros2_ws/install/urdf_test/lib/python3.8/site-packages:${PYTHONPATH} /usr/bin/cmake --build /home/joanne/bookros2_ws/build/pal_gripper_description -- -j8 -l8
[0.821s] Invoked command in '/home/joanne/bookros2_ws/build/pal_gripper_description' returned '0': AMENT_PREFIX_PATH=/home/joanne/bookros2_ws/install/urdf_test:${AMENT_PREFIX_PATH} CMAKE_PREFIX_PATH=/home/joanne/bookros2_ws/install/urdf_test:/opt/ros/foxy PYTHONPATH=/home/joanne/bookros2_ws/install/urdf_test/lib/python3.8/site-packages:${PYTHONPATH} /usr/bin/cmake --build /home/joanne/bookros2_ws/build/pal_gripper_description -- -j8 -l8
[0.825s] Invoking command in '/home/joanne/bookros2_ws/build/pal_gripper_description': AMENT_PREFIX_PATH=/home/joanne/bookros2_ws/install/urdf_test:${AMENT_PREFIX_PATH} CMAKE_PREFIX_PATH=/home/joanne/bookros2_ws/install/urdf_test:/opt/ros/foxy PYTHONPATH=/home/joanne/bookros2_ws/install/urdf_test/lib/python3.8/site-packages:${PYTHONPATH} /usr/bin/cmake --install /home/joanne/bookros2_ws/build/pal_gripper_description
[0.948s] -- Install configuration: ""
[0.949s] -- Execute custom install script
[0.949s] -- Symlinking: /home/joanne/bookros2_ws/install/pal_gripper_description/share/pal_gripper_description/gazebo/gazebo.urdf.xacro
[0.949s] -- Symlinking: /home/joanne/bookros2_ws/install/pal_gripper_description/share/pal_gripper_description/meshes/gripper_finger_link.stl
[0.952s] -- Symlinking: /home/joanne/bookros2_ws/install/pal_gripper_description/share/pal_gripper_description/meshes/gripper_finger_link_collision.stl
[0.952s] -- Symlinking: /home/joanne/bookros2_ws/install/pal_gripper_description/share/pal_gripper_description/meshes/gripper_link.stl
[0.953s] -- Symlinking: /home/joanne/bookros2_ws/install/pal_gripper_description/share/pal_gripper_description/meshes/gripper_link_collision.stl
[0.953s] -- Symlinking: /home/joanne/bookros2_ws/install/pal_gripper_description/share/pal_gripper_description/robots/gripper_test.urdf.xacro
[0.967s] -- Symlinking: /home/joanne/bookros2_ws/install/pal_gripper_description/share/pal_gripper_description/robots/upload.launch
[0.981s] -- Symlinking: /home/joanne/bookros2_ws/install/pal_gripper_description/share/pal_gripper_description/robots/upload_gripper.launch
[1.003s] -- Symlinking: /home/joanne/bookros2_ws/install/pal_gripper_description/share/pal_gripper_description/urdf/deg_to_rad.urdf.xacro
[1.011s] -- Symlinking: /home/joanne/bookros2_ws/install/pal_gripper_description/share/pal_gripper_description/urdf/gripper.gazebo.xacro
[1.024s] -- Symlinking: /home/joanne/bookros2_ws/install/pal_gripper_description/share/pal_gripper_description/urdf/gripper.ros2_control.xacro
[1.043s] -- Symlinking: /home/joanne/bookros2_ws/install/pal_gripper_description/share/pal_gripper_description/urdf/gripper.transmission.xacro
[1.057s] -- Symlinking: /home/joanne/bookros2_ws/install/pal_gripper_description/share/pal_gripper_description/urdf/gripper.urdf.xacro
[1.073s] -- Symlinking: /home/joanne/bookros2_ws/install/pal_gripper_description/share/pal_gripper_description/urdf/materials.urdf.xacro
[1.088s] -- Symlinking: /home/joanne/bookros2_ws/install/pal_gripper_description/share/ament_index/resource_index/package_run_dependencies/pal_gripper_description
[1.104s] -- Symlinking: /home/joanne/bookros2_ws/install/pal_gripper_description/share/ament_index/resource_index/parent_prefix_path/pal_gripper_description
[1.118s] -- Symlinking: /home/joanne/bookros2_ws/install/pal_gripper_description/share/pal_gripper_description/environment/ament_prefix_path.sh
[1.131s] -- Symlinking: /home/joanne/bookros2_ws/install/pal_gripper_description/share/pal_gripper_description/environment/ament_prefix_path.dsv
[1.145s] -- Symlinking: /home/joanne/bookros2_ws/install/pal_gripper_description/share/pal_gripper_description/environment/path.sh
[1.160s] -- Symlinking: /home/joanne/bookros2_ws/install/pal_gripper_description/share/pal_gripper_description/environment/path.dsv
[1.172s] -- Symlinking: /home/joanne/bookros2_ws/install/pal_gripper_description/share/pal_gripper_description/local_setup.bash
[1.185s] -- Symlinking: /home/joanne/bookros2_ws/install/pal_gripper_description/share/pal_gripper_description/local_setup.sh
[1.198s] -- Symlinking: /home/joanne/bookros2_ws/install/pal_gripper_description/share/pal_gripper_description/local_setup.zsh
[1.210s] -- Symlinking: /home/joanne/bookros2_ws/install/pal_gripper_description/share/pal_gripper_description/local_setup.dsv
[1.223s] -- Symlinking: /home/joanne/bookros2_ws/install/pal_gripper_description/share/pal_gripper_description/package.dsv
[1.238s] -- Symlinking: /home/joanne/bookros2_ws/install/pal_gripper_description/share/ament_index/resource_index/packages/pal_gripper_description
[1.252s] -- Symlinking: /home/joanne/bookros2_ws/install/pal_gripper_description/share/pal_gripper_description/cmake/ament_cmake_export_dependencies-extras.cmake
[1.267s] -- Symlinking: /home/joanne/bookros2_ws/install/pal_gripper_description/share/pal_gripper_description/cmake/pal_gripper_descriptionConfig.cmake
[1.291s] -- Symlinking: /home/joanne/bookros2_ws/install/pal_gripper_description/share/pal_gripper_description/cmake/pal_gripper_descriptionConfig-version.cmake
[1.305s] -- Symlinking: /home/joanne/bookros2_ws/install/pal_gripper_description/share/pal_gripper_description/package.xml
[1.324s] Invoked command in '/home/joanne/bookros2_ws/build/pal_gripper_description' returned '0': AMENT_PREFIX_PATH=/home/joanne/bookros2_ws/install/urdf_test:${AMENT_PREFIX_PATH} CMAKE_PREFIX_PATH=/home/joanne/bookros2_ws/install/urdf_test:/opt/ros/foxy PYTHONPATH=/home/joanne/bookros2_ws/install/urdf_test/lib/python3.8/site-packages:${PYTHONPATH} /usr/bin/cmake --install /home/joanne/bookros2_ws/build/pal_gripper_description
