-- Found ament_cmake: 0.9.12 (/opt/ros/foxy/share/ament_cmake/cmake)
-- Using PYTHON_EXECUTABLE: /usr/bin/python3
-- Override CMake install command with custom implementation using symlinks instead of copying resources
-- Found hardware_interface: 0.7.1 (/home/joanne/bookros2_ws/install/hardware_interface/share/hardware_interface/cmake)
-- Using all available rosidl_typesupport_c: rosidl_typesupport_fastrtps_c;rosidl_typesupport_introspection_c
-- Found rosidl_adapter: 1.3.1 (/opt/ros/foxy/share/rosidl_adapter/cmake)
-- Using all available rosidl_typesupport_cpp: rosidl_typesupport_fastrtps_cpp;rosidl_typesupport_introspection_cpp
-- Found ament_cmake_gmock: 0.9.12 (/opt/ros/foxy/share/ament_cmake_gmock/cmake)
-- Found ament_lint_auto: 0.9.8 (/opt/ros/foxy/share/ament_lint_auto/cmake)
-- Found gmock sources under '/opt/ros/foxy/src/gmock_vendor': C++ tests using 'Google Mock' will be built
-- Found ament_cmake_gtest: 0.9.12 (/opt/ros/foxy/share/ament_cmake_gtest/cmake)
-- Found gtest sources under '/opt/ros/foxy/src/gtest_vendor': C++ tests using 'Google Test' will be built
-- Added test 'copyright' to check source files copyright and LICENSE
-- Added test 'cppcheck' to perform static code analysis on C / C++ code
-- Configured cppcheck include dirs: /home/joanne/bookros2_ws/src/ThirdParty/ros2_control/transmission_interface/include;/home/joanne/bookros2_ws/src/ThirdParty/ros2_control/transmission_interface/hardware_interface
-- Configured cppcheck exclude dirs and/or files: 
-- Added test 'cpplint' to check C / C++ code against the Google style
-- Configured cpplint exclude dirs and/or files: 
-- Added test 'lint_cmake' to check CMake code style
-- Added test 'uncrustify' to check C / C++ code style
-- Configured uncrustify additional arguments: 
-- Added test 'xmllint' to check XML markup files
-- Configuring done
-- Generating done
-- Build files have been written to: /home/joanne/bookros2_ws/build/transmission_interface
[ 20%] Built target gmock
[ 26%] [32m[1mLinking CXX shared library libtransmission_parser.so[0m
[ 40%] Built target gmock_main
[ 46%] [32m[1mLinking CXX executable test_differential_transmission[0m
[ 53%] Built target transmission_parser
[ 60%] [32m[1mLinking CXX executable test_four_bar_linkage_transmission[0m
[ 66%] Built target test_differential_transmission
[ 73%] [32m[1mLinking CXX executable test_transmission_parser[0m
[ 80%] Built target test_four_bar_linkage_transmission
[ 86%] [32m[1mLinking CXX executable test_simple_transmission[0m
[ 93%] Built target test_transmission_parser
[100%] Built target test_simple_transmission
-- Install configuration: ""
-- Execute custom install script
-- Symlinking: /home/joanne/bookros2_ws/install/transmission_interface/include/transmission_interface/accessor.hpp
-- Symlinking: /home/joanne/bookros2_ws/install/transmission_interface/include/transmission_interface/differential_transmission.hpp
-- Symlinking: /home/joanne/bookros2_ws/install/transmission_interface/include/transmission_interface/exception.hpp
-- Symlinking: /home/joanne/bookros2_ws/install/transmission_interface/include/transmission_interface/four_bar_linkage_transmission.hpp
-- Symlinking: /home/joanne/bookros2_ws/install/transmission_interface/include/transmission_interface/handle.hpp
-- Symlinking: /home/joanne/bookros2_ws/install/transmission_interface/include/transmission_interface/simple_transmission.hpp
-- Symlinking: /home/joanne/bookros2_ws/install/transmission_interface/include/transmission_interface/transmission.hpp
-- Symlinking: /home/joanne/bookros2_ws/install/transmission_interface/include/transmission_interface/transmission_info.hpp
-- Symlinking: /home/joanne/bookros2_ws/install/transmission_interface/include/transmission_interface/transmission_parser.hpp
-- Symlinking: /home/joanne/bookros2_ws/install/transmission_interface/include/transmission_interface/visibility_control.h
-- Symlinking: /home/joanne/bookros2_ws/install/transmission_interface/share/ament_index/resource_index/package_run_dependencies/transmission_interface
-- Symlinking: /home/joanne/bookros2_ws/install/transmission_interface/share/ament_index/resource_index/parent_prefix_path/transmission_interface
-- Symlinking: /home/joanne/bookros2_ws/install/transmission_interface/share/transmission_interface/environment/ament_prefix_path.sh
-- Symlinking: /home/joanne/bookros2_ws/install/transmission_interface/share/transmission_interface/environment/ament_prefix_path.dsv
-- Symlinking: /home/joanne/bookros2_ws/install/transmission_interface/share/transmission_interface/environment/path.sh
-- Symlinking: /home/joanne/bookros2_ws/install/transmission_interface/share/transmission_interface/environment/path.dsv
-- Symlinking: /home/joanne/bookros2_ws/install/transmission_interface/share/transmission_interface/local_setup.bash
-- Symlinking: /home/joanne/bookros2_ws/install/transmission_interface/share/transmission_interface/local_setup.sh
-- Symlinking: /home/joanne/bookros2_ws/install/transmission_interface/share/transmission_interface/local_setup.zsh
-- Symlinking: /home/joanne/bookros2_ws/install/transmission_interface/share/transmission_interface/local_setup.dsv
-- Symlinking: /home/joanne/bookros2_ws/install/transmission_interface/share/transmission_interface/package.dsv
-- Symlinking: /home/joanne/bookros2_ws/install/transmission_interface/share/ament_index/resource_index/packages/transmission_interface
-- Symlinking: /home/joanne/bookros2_ws/install/transmission_interface/share/transmission_interface/cmake/ament_cmake_export_include_directories-extras.cmake
-- Symlinking: /home/joanne/bookros2_ws/install/transmission_interface/share/transmission_interface/cmake/ament_cmake_export_dependencies-extras.cmake
-- Symlinking: /home/joanne/bookros2_ws/install/transmission_interface/share/transmission_interface/cmake/transmission_interfaceConfig.cmake
-- Symlinking: /home/joanne/bookros2_ws/install/transmission_interface/share/transmission_interface/cmake/transmission_interfaceConfig-version.cmake
-- Symlinking: /home/joanne/bookros2_ws/install/transmission_interface/share/transmission_interface/package.xml
