[0.065s] Invoking command in '/home/joanne/bookros2_ws/build/position_controllers': AMENT_PREFIX_PATH=/home/joanne/bookros2_ws/install/forward_command_controller:/home/joanne/bookros2_ws/install/controller_manager:/home/joanne/bookros2_ws/install/controller_interface:/home/joanne/bookros2_ws/install/hardware_interface:/home/joanne/bookros2_ws/install/ros2_control_test_assets:/home/joanne/bookros2_ws/install/controller_manager_msgs:${AMENT_PREFIX_PATH} CMAKE_PREFIX_PATH=/home/joanne/bookros2_ws/install/forward_command_controller:/home/joanne/bookros2_ws/install/controller_manager:/home/joanne/bookros2_ws/install/controller_interface:/home/joanne/bookros2_ws/install/hardware_interface:/home/joanne/bookros2_ws/install/ros2_control_test_assets:/home/joanne/bookros2_ws/install/controller_manager_msgs:/opt/ros/foxy LD_LIBRARY_PATH=/home/joanne/bookros2_ws/install/forward_command_controller/lib:/home/joanne/bookros2_ws/install/controller_manager/lib:/home/joanne/bookros2_ws/install/controller_interface/lib:/home/joanne/bookros2_ws/install/hardware_interface/lib:/home/joanne/bookros2_ws/install/controller_manager_msgs/lib:${LD_LIBRARY_PATH} PYTHONPATH=/home/joanne/bookros2_ws/install/controller_manager/lib/python3.8/site-packages:/home/joanne/bookros2_ws/install/controller_manager_msgs/lib/python3.8/site-packages:${PYTHONPATH} /usr/bin/cmake /home/joanne/bookros2_ws/src/ThirdParty/ros2_controllers/position_controllers -DAMENT_CMAKE_SYMLINK_INSTALL=1 -DCMAKE_INSTALL_PREFIX=/home/joanne/bookros2_ws/install/position_controllers
[0.518s] -- Found ament_cmake: 0.9.12 (/opt/ros/foxy/share/ament_cmake/cmake)
[0.518s] -- Using PYTHON_EXECUTABLE: /usr/bin/python3
[0.536s] -- Override CMake install command with custom implementation using symlinks instead of copying resources
[0.555s] -- Found forward_command_controller: 0.4.0 (/home/joanne/bookros2_ws/install/forward_command_controller/share/forward_command_controller/cmake)
[0.622s] -- Using all available rosidl_typesupport_c: rosidl_typesupport_fastrtps_c;rosidl_typesupport_introspection_c
[0.630s] -- Found rosidl_adapter: 1.3.1 (/opt/ros/foxy/share/rosidl_adapter/cmake)
[0.877s] -- Using all available rosidl_typesupport_cpp: rosidl_typesupport_fastrtps_cpp;rosidl_typesupport_introspection_cpp
[2.342s] -- Found rmw_implementation_cmake: 1.0.4 (/opt/ros/foxy/share/rmw_implementation_cmake/cmake)
[2.346s] -- Using RMW implementation 'rmw_fastrtps_cpp' as default
[3.852s] -- Found ament_cmake_gmock: 0.9.12 (/opt/ros/foxy/share/ament_cmake_gmock/cmake)
[3.853s] -- Found ament_lint_auto: 0.9.8 (/opt/ros/foxy/share/ament_lint_auto/cmake)
[3.854s] -- Found controller_manager: 0.7.1 (/home/joanne/bookros2_ws/install/controller_manager/share/controller_manager/cmake)
[4.032s] -- Found ros2_control_test_assets: 0.7.1 (/home/joanne/bookros2_ws/install/ros2_control_test_assets/share/ros2_control_test_assets/cmake)
[4.181s] -- Found gmock sources under '/opt/ros/foxy/src/gmock_vendor': C++ tests using 'Google Mock' will be built
[4.185s] -- Found ament_cmake_gtest: 0.9.12 (/opt/ros/foxy/share/ament_cmake_gtest/cmake)
[4.187s] -- Found gtest sources under '/opt/ros/foxy/src/gtest_vendor': C++ tests using 'Google Test' will be built
[4.438s] -- Added test 'copyright' to check source files copyright and LICENSE
[4.440s] -- Added test 'cppcheck' to perform static code analysis on C / C++ code
[4.441s] -- Configured cppcheck include dirs: /home/joanne/bookros2_ws/src/ThirdParty/ros2_controllers/position_controllers/include
[4.442s] -- Configured cppcheck exclude dirs and/or files: 
[4.444s] -- Added test 'cpplint' to check C / C++ code against the Google style
[4.444s] -- Configured cpplint exclude dirs and/or files: 
[4.445s] -- Added test 'lint_cmake' to check CMake code style
[4.447s] -- Added test 'uncrustify' to check C / C++ code style
[4.447s] -- Configured uncrustify additional arguments: 
[4.448s] -- Added test 'xmllint' to check XML markup files
[4.463s] -- Configuring done
[4.633s] -- Generating done
[4.710s] -- Build files have been written to: /home/joanne/bookros2_ws/build/position_controllers
[4.740s] Invoked command in '/home/joanne/bookros2_ws/build/position_controllers' returned '0': AMENT_PREFIX_PATH=/home/joanne/bookros2_ws/install/forward_command_controller:/home/joanne/bookros2_ws/install/controller_manager:/home/joanne/bookros2_ws/install/controller_interface:/home/joanne/bookros2_ws/install/hardware_interface:/home/joanne/bookros2_ws/install/ros2_control_test_assets:/home/joanne/bookros2_ws/install/controller_manager_msgs:${AMENT_PREFIX_PATH} CMAKE_PREFIX_PATH=/home/joanne/bookros2_ws/install/forward_command_controller:/home/joanne/bookros2_ws/install/controller_manager:/home/joanne/bookros2_ws/install/controller_interface:/home/joanne/bookros2_ws/install/hardware_interface:/home/joanne/bookros2_ws/install/ros2_control_test_assets:/home/joanne/bookros2_ws/install/controller_manager_msgs:/opt/ros/foxy LD_LIBRARY_PATH=/home/joanne/bookros2_ws/install/forward_command_controller/lib:/home/joanne/bookros2_ws/install/controller_manager/lib:/home/joanne/bookros2_ws/install/controller_interface/lib:/home/joanne/bookros2_ws/install/hardware_interface/lib:/home/joanne/bookros2_ws/install/controller_manager_msgs/lib:${LD_LIBRARY_PATH} PYTHONPATH=/home/joanne/bookros2_ws/install/controller_manager/lib/python3.8/site-packages:/home/joanne/bookros2_ws/install/controller_manager_msgs/lib/python3.8/site-packages:${PYTHONPATH} /usr/bin/cmake /home/joanne/bookros2_ws/src/ThirdParty/ros2_controllers/position_controllers -DAMENT_CMAKE_SYMLINK_INSTALL=1 -DCMAKE_INSTALL_PREFIX=/home/joanne/bookros2_ws/install/position_controllers
[4.742s] Invoking command in '/home/joanne/bookros2_ws/build/position_controllers': AMENT_PREFIX_PATH=/home/joanne/bookros2_ws/install/forward_command_controller:/home/joanne/bookros2_ws/install/controller_manager:/home/joanne/bookros2_ws/install/controller_interface:/home/joanne/bookros2_ws/install/hardware_interface:/home/joanne/bookros2_ws/install/ros2_control_test_assets:/home/joanne/bookros2_ws/install/controller_manager_msgs:${AMENT_PREFIX_PATH} CMAKE_PREFIX_PATH=/home/joanne/bookros2_ws/install/forward_command_controller:/home/joanne/bookros2_ws/install/controller_manager:/home/joanne/bookros2_ws/install/controller_interface:/home/joanne/bookros2_ws/install/hardware_interface:/home/joanne/bookros2_ws/install/ros2_control_test_assets:/home/joanne/bookros2_ws/install/controller_manager_msgs:/opt/ros/foxy LD_LIBRARY_PATH=/home/joanne/bookros2_ws/install/forward_command_controller/lib:/home/joanne/bookros2_ws/install/controller_manager/lib:/home/joanne/bookros2_ws/install/controller_interface/lib:/home/joanne/bookros2_ws/install/hardware_interface/lib:/home/joanne/bookros2_ws/install/controller_manager_msgs/lib:${LD_LIBRARY_PATH} PYTHONPATH=/home/joanne/bookros2_ws/install/controller_manager/lib/python3.8/site-packages:/home/joanne/bookros2_ws/install/controller_manager_msgs/lib/python3.8/site-packages:${PYTHONPATH} /usr/bin/cmake --build /home/joanne/bookros2_ws/build/position_controllers -- -j8 -l8
[5.116s] [ 27%] Built target gmock
[5.117s] [ 45%] Built target gmock_main
[5.118s] [ 54%] [32m[1mLinking CXX shared library libposition_controllers.so[0m
[5.505s] [ 63%] Built target position_controllers
[5.594s] [ 72%] [32m[1mLinking CXX executable test_load_joint_group_position_controller[0m
[7.222s] [ 81%] Built target test_load_joint_group_position_controller
[7.297s] [ 90%] [32m[1mLinking CXX executable test_joint_group_position_controller[0m
[8.495s] [100%] Built target test_joint_group_position_controller
[8.521s] Invoked command in '/home/joanne/bookros2_ws/build/position_controllers' returned '0': AMENT_PREFIX_PATH=/home/joanne/bookros2_ws/install/forward_command_controller:/home/joanne/bookros2_ws/install/controller_manager:/home/joanne/bookros2_ws/install/controller_interface:/home/joanne/bookros2_ws/install/hardware_interface:/home/joanne/bookros2_ws/install/ros2_control_test_assets:/home/joanne/bookros2_ws/install/controller_manager_msgs:${AMENT_PREFIX_PATH} CMAKE_PREFIX_PATH=/home/joanne/bookros2_ws/install/forward_command_controller:/home/joanne/bookros2_ws/install/controller_manager:/home/joanne/bookros2_ws/install/controller_interface:/home/joanne/bookros2_ws/install/hardware_interface:/home/joanne/bookros2_ws/install/ros2_control_test_assets:/home/joanne/bookros2_ws/install/controller_manager_msgs:/opt/ros/foxy LD_LIBRARY_PATH=/home/joanne/bookros2_ws/install/forward_command_controller/lib:/home/joanne/bookros2_ws/install/controller_manager/lib:/home/joanne/bookros2_ws/install/controller_interface/lib:/home/joanne/bookros2_ws/install/hardware_interface/lib:/home/joanne/bookros2_ws/install/controller_manager_msgs/lib:${LD_LIBRARY_PATH} PYTHONPATH=/home/joanne/bookros2_ws/install/controller_manager/lib/python3.8/site-packages:/home/joanne/bookros2_ws/install/controller_manager_msgs/lib/python3.8/site-packages:${PYTHONPATH} /usr/bin/cmake --build /home/joanne/bookros2_ws/build/position_controllers -- -j8 -l8
[8.534s] Invoking command in '/home/joanne/bookros2_ws/build/position_controllers': AMENT_PREFIX_PATH=/home/joanne/bookros2_ws/install/forward_command_controller:/home/joanne/bookros2_ws/install/controller_manager:/home/joanne/bookros2_ws/install/controller_interface:/home/joanne/bookros2_ws/install/hardware_interface:/home/joanne/bookros2_ws/install/ros2_control_test_assets:/home/joanne/bookros2_ws/install/controller_manager_msgs:${AMENT_PREFIX_PATH} CMAKE_PREFIX_PATH=/home/joanne/bookros2_ws/install/forward_command_controller:/home/joanne/bookros2_ws/install/controller_manager:/home/joanne/bookros2_ws/install/controller_interface:/home/joanne/bookros2_ws/install/hardware_interface:/home/joanne/bookros2_ws/install/ros2_control_test_assets:/home/joanne/bookros2_ws/install/controller_manager_msgs:/opt/ros/foxy LD_LIBRARY_PATH=/home/joanne/bookros2_ws/install/forward_command_controller/lib:/home/joanne/bookros2_ws/install/controller_manager/lib:/home/joanne/bookros2_ws/install/controller_interface/lib:/home/joanne/bookros2_ws/install/hardware_interface/lib:/home/joanne/bookros2_ws/install/controller_manager_msgs/lib:${LD_LIBRARY_PATH} PYTHONPATH=/home/joanne/bookros2_ws/install/controller_manager/lib/python3.8/site-packages:/home/joanne/bookros2_ws/install/controller_manager_msgs/lib/python3.8/site-packages:${PYTHONPATH} /usr/bin/cmake --install /home/joanne/bookros2_ws/build/position_controllers
[9.389s] -- Install configuration: ""
[9.389s] -- Execute custom install script
[9.389s] -- Symlinking: /home/joanne/bookros2_ws/install/position_controllers/share/position_controllers//position_controllers_plugins.xml
[9.390s] -- Symlinking: /home/joanne/bookros2_ws/install/position_controllers/include/position_controllers/joint_group_position_controller.hpp
[9.390s] -- Symlinking: /home/joanne/bookros2_ws/install/position_controllers/include/position_controllers/visibility_control.h
[9.390s] -- Symlinking: /home/joanne/bookros2_ws/install/position_controllers/lib/libposition_controllers.so
[9.390s] -- Symlinking: /home/joanne/bookros2_ws/install/position_controllers/share/position_controllers/environment/library_path.sh
[9.390s] -- Symlinking: /home/joanne/bookros2_ws/install/position_controllers/share/position_controllers/environment/library_path.dsv
[9.390s] -- Symlinking: /home/joanne/bookros2_ws/install/position_controllers/share/ament_index/resource_index/package_run_dependencies/position_controllers
[9.390s] -- Symlinking: /home/joanne/bookros2_ws/install/position_controllers/share/ament_index/resource_index/parent_prefix_path/position_controllers
[9.391s] -- Symlinking: /home/joanne/bookros2_ws/install/position_controllers/share/position_controllers/environment/ament_prefix_path.sh
[9.391s] -- Symlinking: /home/joanne/bookros2_ws/install/position_controllers/share/position_controllers/environment/ament_prefix_path.dsv
[9.391s] -- Symlinking: /home/joanne/bookros2_ws/install/position_controllers/share/position_controllers/environment/path.sh
[9.391s] -- Symlinking: /home/joanne/bookros2_ws/install/position_controllers/share/position_controllers/environment/path.dsv
[9.391s] -- Symlinking: /home/joanne/bookros2_ws/install/position_controllers/share/position_controllers/local_setup.bash
[9.391s] -- Symlinking: /home/joanne/bookros2_ws/install/position_controllers/share/position_controllers/local_setup.sh
[9.392s] -- Symlinking: /home/joanne/bookros2_ws/install/position_controllers/share/position_controllers/local_setup.zsh
[9.392s] -- Symlinking: /home/joanne/bookros2_ws/install/position_controllers/share/position_controllers/local_setup.dsv
[9.392s] -- Symlinking: /home/joanne/bookros2_ws/install/position_controllers/share/position_controllers/package.dsv
[9.392s] -- Symlinking: /home/joanne/bookros2_ws/install/position_controllers/share/ament_index/resource_index/packages/position_controllers
[9.392s] -- Symlinking: /home/joanne/bookros2_ws/install/position_controllers/share/ament_index/resource_index/controller_interface__pluginlib__plugin/position_controllers
[9.392s] -- Symlinking: /home/joanne/bookros2_ws/install/position_controllers/share/position_controllers/cmake/ament_cmake_export_dependencies-extras.cmake
[9.392s] -- Symlinking: /home/joanne/bookros2_ws/install/position_controllers/share/position_controllers/cmake/ament_cmake_export_include_directories-extras.cmake
[9.393s] -- Symlinking: /home/joanne/bookros2_ws/install/position_controllers/share/position_controllers/cmake/ament_cmake_export_libraries-extras.cmake
[9.393s] -- Symlinking: /home/joanne/bookros2_ws/install/position_controllers/share/position_controllers/cmake/position_controllersConfig.cmake
[9.393s] -- Symlinking: /home/joanne/bookros2_ws/install/position_controllers/share/position_controllers/cmake/position_controllersConfig-version.cmake
[9.393s] -- Symlinking: /home/joanne/bookros2_ws/install/position_controllers/share/position_controllers/package.xml
[9.419s] Invoked command in '/home/joanne/bookros2_ws/build/position_controllers' returned '0': AMENT_PREFIX_PATH=/home/joanne/bookros2_ws/install/forward_command_controller:/home/joanne/bookros2_ws/install/controller_manager:/home/joanne/bookros2_ws/install/controller_interface:/home/joanne/bookros2_ws/install/hardware_interface:/home/joanne/bookros2_ws/install/ros2_control_test_assets:/home/joanne/bookros2_ws/install/controller_manager_msgs:${AMENT_PREFIX_PATH} CMAKE_PREFIX_PATH=/home/joanne/bookros2_ws/install/forward_command_controller:/home/joanne/bookros2_ws/install/controller_manager:/home/joanne/bookros2_ws/install/controller_interface:/home/joanne/bookros2_ws/install/hardware_interface:/home/joanne/bookros2_ws/install/ros2_control_test_assets:/home/joanne/bookros2_ws/install/controller_manager_msgs:/opt/ros/foxy LD_LIBRARY_PATH=/home/joanne/bookros2_ws/install/forward_command_controller/lib:/home/joanne/bookros2_ws/install/controller_manager/lib:/home/joanne/bookros2_ws/install/controller_interface/lib:/home/joanne/bookros2_ws/install/hardware_interface/lib:/home/joanne/bookros2_ws/install/controller_manager_msgs/lib:${LD_LIBRARY_PATH} PYTHONPATH=/home/joanne/bookros2_ws/install/controller_manager/lib/python3.8/site-packages:/home/joanne/bookros2_ws/install/controller_manager_msgs/lib/python3.8/site-packages:${PYTHONPATH} /usr/bin/cmake --install /home/joanne/bookros2_ws/build/position_controllers
