[0.525s] Invoking command in '/home/joanne/bookros2_ws/build/br2_basics': CMAKE_PREFIX_PATH=${CMAKE_PREFIX_PATH}:/home/joanne/bookros2_ws/install/ros2controlcli:/home/joanne/bookros2_ws/install/launch_pal:/home/joanne/bookros2_ws/install/br2_fsm_bumpgo_py:/home/joanne/nav2_ws/install/nav2_gazebo_spawner:/opt/ros/foxy /usr/bin/cmake --build /home/joanne/bookros2_ws/build/br2_basics -- -j8 -l8
[1.162s] [ 14%] Built target publisher
[1.487s] [ 28%] Built target param_reader
[1.759s] [ 42%] Built target logger_class
[2.079s] [ 57%] Built target subscriber_class
[2.343s] [ 71%] Built target publisher_class
[2.642s] [ 85%] Built target logger
[2.899s] [100%] Built target executors
[2.982s] Invoked command in '/home/joanne/bookros2_ws/build/br2_basics' returned '0': CMAKE_PREFIX_PATH=${CMAKE_PREFIX_PATH}:/home/joanne/bookros2_ws/install/ros2controlcli:/home/joanne/bookros2_ws/install/launch_pal:/home/joanne/bookros2_ws/install/br2_fsm_bumpgo_py:/home/joanne/nav2_ws/install/nav2_gazebo_spawner:/opt/ros/foxy /usr/bin/cmake --build /home/joanne/bookros2_ws/build/br2_basics -- -j8 -l8
[2.984s] Invoking command in '/home/joanne/bookros2_ws/build/br2_basics': CMAKE_PREFIX_PATH=${CMAKE_PREFIX_PATH}:/home/joanne/bookros2_ws/install/ros2controlcli:/home/joanne/bookros2_ws/install/launch_pal:/home/joanne/bookros2_ws/install/br2_fsm_bumpgo_py:/home/joanne/nav2_ws/install/nav2_gazebo_spawner:/opt/ros/foxy /usr/bin/cmake --install /home/joanne/bookros2_ws/build/br2_basics
[3.056s] -- Install configuration: ""
[3.065s] -- Execute custom install script
[3.067s] -- Up-to-date symlink: /home/joanne/bookros2_ws/install/br2_basics/lib/br2_basics/publisher
[3.070s] -- Up-to-date symlink: /home/joanne/bookros2_ws/install/br2_basics/lib/br2_basics/publisher_class
[3.071s] -- Up-to-date symlink: /home/joanne/bookros2_ws/install/br2_basics/lib/br2_basics/subscriber_class
[3.076s] -- Up-to-date symlink: /home/joanne/bookros2_ws/install/br2_basics/lib/br2_basics/executors
[3.079s] -- Up-to-date symlink: /home/joanne/bookros2_ws/install/br2_basics/lib/br2_basics/logger
[3.084s] -- Up-to-date symlink: /home/joanne/bookros2_ws/install/br2_basics/lib/br2_basics/logger_class
[3.086s] -- Up-to-date symlink: /home/joanne/bookros2_ws/install/br2_basics/lib/br2_basics/param_reader
[3.095s] -- Up-to-date symlink: /home/joanne/bookros2_ws/install/br2_basics/share/br2_basics/launch/includer_launch.py
[3.107s] -- Up-to-date symlink: /home/joanne/bookros2_ws/install/br2_basics/share/br2_basics/launch/param_node_v1_launch.py
[3.110s] -- Up-to-date symlink: /home/joanne/bookros2_ws/install/br2_basics/share/br2_basics/launch/param_node_v2_launch.py
[3.124s] -- Up-to-date symlink: /home/joanne/bookros2_ws/install/br2_basics/share/br2_basics/launch/pub_sub_v1_launch.py
[3.127s] -- Up-to-date symlink: /home/joanne/bookros2_ws/install/br2_basics/share/br2_basics/launch/pub_sub_v2_launch.py
[3.130s] -- Up-to-date symlink: /home/joanne/bookros2_ws/install/br2_basics/share/br2_basics/config/params.yaml
[3.132s] -- Up-to-date symlink: /home/joanne/bookros2_ws/install/br2_basics/share/br2_basics/launch/includer_launch.py
[3.133s] -- Up-to-date symlink: /home/joanne/bookros2_ws/install/br2_basics/share/br2_basics/launch/param_node_v1_launch.py
[3.134s] -- Up-to-date symlink: /home/joanne/bookros2_ws/install/br2_basics/share/br2_basics/launch/param_node_v2_launch.py
[3.136s] -- Up-to-date symlink: /home/joanne/bookros2_ws/install/br2_basics/share/br2_basics/launch/pub_sub_v1_launch.py
[3.138s] -- Up-to-date symlink: /home/joanne/bookros2_ws/install/br2_basics/share/br2_basics/launch/pub_sub_v2_launch.py
[3.142s] -- Up-to-date symlink: /home/joanne/bookros2_ws/install/br2_basics/share/ament_index/resource_index/package_run_dependencies/br2_basics
[3.146s] -- Up-to-date symlink: /home/joanne/bookros2_ws/install/br2_basics/share/ament_index/resource_index/parent_prefix_path/br2_basics
[3.147s] -- Up-to-date symlink: /home/joanne/bookros2_ws/install/br2_basics/share/br2_basics/environment/ament_prefix_path.sh
[3.151s] -- Up-to-date symlink: /home/joanne/bookros2_ws/install/br2_basics/share/br2_basics/environment/ament_prefix_path.dsv
[3.153s] -- Up-to-date symlink: /home/joanne/bookros2_ws/install/br2_basics/share/br2_basics/environment/path.sh
[3.154s] -- Up-to-date symlink: /home/joanne/bookros2_ws/install/br2_basics/share/br2_basics/environment/path.dsv
[3.157s] -- Up-to-date symlink: /home/joanne/bookros2_ws/install/br2_basics/share/br2_basics/local_setup.bash
[3.159s] -- Up-to-date symlink: /home/joanne/bookros2_ws/install/br2_basics/share/br2_basics/local_setup.sh
[3.168s] -- Up-to-date symlink: /home/joanne/bookros2_ws/install/br2_basics/share/br2_basics/local_setup.zsh
[3.183s] -- Up-to-date symlink: /home/joanne/bookros2_ws/install/br2_basics/share/br2_basics/local_setup.dsv
[3.190s] -- Symlinking: /home/joanne/bookros2_ws/install/br2_basics/share/br2_basics/package.dsv
[3.302s] -- Up-to-date symlink: /home/joanne/bookros2_ws/install/br2_basics/share/ament_index/resource_index/packages/br2_basics
[3.303s] -- Up-to-date symlink: /home/joanne/bookros2_ws/install/br2_basics/share/br2_basics/cmake/ament_cmake_export_dependencies-extras.cmake
[3.347s] -- Up-to-date symlink: /home/joanne/bookros2_ws/install/br2_basics/share/br2_basics/cmake/br2_basicsConfig.cmake
[3.348s] -- Up-to-date symlink: /home/joanne/bookros2_ws/install/br2_basics/share/br2_basics/cmake/br2_basicsConfig-version.cmake
[3.348s] -- Up-to-date symlink: /home/joanne/bookros2_ws/install/br2_basics/share/br2_basics/package.xml
[3.717s] Invoked command in '/home/joanne/bookros2_ws/build/br2_basics' returned '0': CMAKE_PREFIX_PATH=${CMAKE_PREFIX_PATH}:/home/joanne/bookros2_ws/install/ros2controlcli:/home/joanne/bookros2_ws/install/launch_pal:/home/joanne/bookros2_ws/install/br2_fsm_bumpgo_py:/home/joanne/nav2_ws/install/nav2_gazebo_spawner:/opt/ros/foxy /usr/bin/cmake --install /home/joanne/bookros2_ws/build/br2_basics
