[0.089s] Invoking command in '/home/joanne/bookros2_ws/build/groot': CMAKE_PREFIX_PATH=${CMAKE_PREFIX_PATH}:/home/joanne/bookros2_ws/install/ros2controlcli:/home/joanne/bookros2_ws/install/launch_pal:/home/joanne/bookros2_ws/install/br2_fsm_bumpgo_py:/opt/ros/foxy /usr/bin/cmake --build /home/joanne/bookros2_ws/build/groot -- -j8 -l8
[0.188s] [  1%] [34m[1mAutomatic MOC and UIC for target QtNodeEditor[0m
[0.231s] [  1%] Built target QtNodeEditor_autogen
[0.379s] [ 57%] Built target QtNodeEditor
[0.432s] [ 58%] [34m[1mAutomatic MOC and UIC for target behavior_tree_editor[0m
[0.481s] [ 58%] Built target behavior_tree_editor_autogen
[0.602s] [ 74%] Built target behavior_tree_editor
[0.631s] [ 75%] [34m[1mAutomatic MOC and UIC for target Groot[0m
[0.637s] [ 75%] [34m[1mAutomatic MOC and UIC for target editor_test[0m
[0.638s] [ 76%] [34m[1mAutomatic MOC and UIC for target replay_test[0m
[0.654s] [ 76%] Built target Groot_autogen
[0.669s] [ 76%] Built target editor_test_autogen
[0.670s] [ 76%] Built target replay_test_autogen
[0.705s] [ 82%] Built target Groot
[0.724s] [ 91%] Built target replay_test
[0.737s] [100%] Built target editor_test
[0.778s] Invoked command in '/home/joanne/bookros2_ws/build/groot' returned '0': CMAKE_PREFIX_PATH=${CMAKE_PREFIX_PATH}:/home/joanne/bookros2_ws/install/ros2controlcli:/home/joanne/bookros2_ws/install/launch_pal:/home/joanne/bookros2_ws/install/br2_fsm_bumpgo_py:/opt/ros/foxy /usr/bin/cmake --build /home/joanne/bookros2_ws/build/groot -- -j8 -l8
[0.782s] Invoking command in '/home/joanne/bookros2_ws/build/groot': CMAKE_PREFIX_PATH=${CMAKE_PREFIX_PATH}:/home/joanne/bookros2_ws/install/ros2controlcli:/home/joanne/bookros2_ws/install/launch_pal:/home/joanne/bookros2_ws/install/br2_fsm_bumpgo_py:/opt/ros/foxy /usr/bin/cmake --install /home/joanne/bookros2_ws/build/groot
[0.793s] -- Install configuration: ""
[0.797s] -- Execute custom install script
[0.800s] -- Up-to-date symlink: /home/joanne/bookros2_ws/install/groot/lib/libbehavior_tree_editor.so
[0.800s] -- Up-to-date symlink: /home/joanne/bookros2_ws/install/groot/lib/groot/Groot
[0.800s] -- Up-to-date symlink: /home/joanne/bookros2_ws/install/groot/share/groot/environment/library_path.sh
[0.800s] -- Up-to-date symlink: /home/joanne/bookros2_ws/install/groot/share/groot/environment/library_path.dsv
[0.800s] -- Up-to-date symlink: /home/joanne/bookros2_ws/install/groot/share/ament_index/resource_index/package_run_dependencies/groot
[0.800s] -- Up-to-date symlink: /home/joanne/bookros2_ws/install/groot/share/ament_index/resource_index/parent_prefix_path/groot
[0.800s] -- Up-to-date symlink: /home/joanne/bookros2_ws/install/groot/share/groot/environment/ament_prefix_path.sh
[0.800s] -- Up-to-date symlink: /home/joanne/bookros2_ws/install/groot/share/groot/environment/ament_prefix_path.dsv
[0.801s] -- Up-to-date symlink: /home/joanne/bookros2_ws/install/groot/share/groot/environment/path.sh
[0.801s] -- Up-to-date symlink: /home/joanne/bookros2_ws/install/groot/share/groot/environment/path.dsv
[0.801s] -- Up-to-date symlink: /home/joanne/bookros2_ws/install/groot/share/groot/local_setup.bash
[0.802s] -- Up-to-date symlink: /home/joanne/bookros2_ws/install/groot/share/groot/local_setup.sh
[0.808s] -- Up-to-date symlink: /home/joanne/bookros2_ws/install/groot/share/groot/local_setup.zsh
[0.808s] -- Up-to-date symlink: /home/joanne/bookros2_ws/install/groot/share/groot/local_setup.dsv
[0.808s] -- Symlinking: /home/joanne/bookros2_ws/install/groot/share/groot/package.dsv
[0.818s] -- Up-to-date symlink: /home/joanne/bookros2_ws/install/groot/share/ament_index/resource_index/packages/groot
[0.822s] -- Up-to-date symlink: /home/joanne/bookros2_ws/install/groot/share/groot/cmake/ament_cmake_export_include_directories-extras.cmake
[0.822s] -- Up-to-date symlink: /home/joanne/bookros2_ws/install/groot/share/groot/cmake/ament_cmake_export_dependencies-extras.cmake
[0.823s] -- Up-to-date symlink: /home/joanne/bookros2_ws/install/groot/share/groot/cmake/ament_cmake_export_libraries-extras.cmake
[0.828s] -- Up-to-date symlink: /home/joanne/bookros2_ws/install/groot/share/groot/cmake/grootConfig.cmake
[0.828s] -- Up-to-date symlink: /home/joanne/bookros2_ws/install/groot/share/groot/cmake/grootConfig-version.cmake
[0.828s] -- Up-to-date symlink: /home/joanne/bookros2_ws/install/groot/share/groot/package.xml
[0.838s] Invoked command in '/home/joanne/bookros2_ws/build/groot' returned '0': CMAKE_PREFIX_PATH=${CMAKE_PREFIX_PATH}:/home/joanne/bookros2_ws/install/ros2controlcli:/home/joanne/bookros2_ws/install/launch_pal:/home/joanne/bookros2_ws/install/br2_fsm_bumpgo_py:/opt/ros/foxy /usr/bin/cmake --install /home/joanne/bookros2_ws/build/groot
