[0.061s] Invoking command in '/home/joanne/bookros2_ws/build/groot': CMAKE_PREFIX_PATH=/opt/ros/foxy /usr/bin/cmake /home/joanne/bookros2_ws/src/ThirdParty/Groot -DCMAKE_INSTALL_PREFIX=/home/joanne/bookros2_ws/install/groot
[0.192s] -- The C compiler identification is GNU 9.4.0
[0.297s] -- The CXX compiler identification is GNU 9.4.0
[0.307s] -- Check for working C compiler: /usr/bin/cc
[0.439s] -- Check for working C compiler: /usr/bin/cc -- works
[0.471s] -- Detecting C compiler ABI info
[0.612s] -- Detecting C compiler ABI info - done
[0.647s] -- Detecting C compile features
[0.648s] -- Detecting C compile features - done
[0.654s] -- Check for working CXX compiler: /usr/bin/c++
[0.819s] -- Check for working CXX compiler: /usr/bin/c++ -- works
[0.819s] -- Detecting CXX compiler ABI info
[0.978s] -- Detecting CXX compiler ABI info - done
[1.010s] -- Detecting CXX compile features
[1.012s] -- Detecting CXX compile features - done
[1.140s] -- Found PythonInterp: /usr/bin/python3 (found suitable version "3.8.10", minimum required is "3") 
[1.141s] -- Using PYTHON_EXECUTABLE: /usr/bin/python3
[1.687s] -- Found ament_index_cpp: 1.1.0 (/opt/ros/foxy/share/ament_index_cpp/cmake)
[1.697s] -- ---------------------
[1.697s] -- Compiling with AMENT.
[1.698s] -- ---------------------
[1.744s] -- Found ZMQ: /usr/lib/x86_64-linux-gnu/libzmq.so  
[1.744s] -- ZeroMQ found.
[1.898s] -- Configuring done
[2.151s] -- Generating done
[2.169s] -- Build files have been written to: /home/joanne/bookros2_ws/build/groot
[2.181s] Invoked command in '/home/joanne/bookros2_ws/build/groot' returned '0': CMAKE_PREFIX_PATH=/opt/ros/foxy /usr/bin/cmake /home/joanne/bookros2_ws/src/ThirdParty/Groot -DCMAKE_INSTALL_PREFIX=/home/joanne/bookros2_ws/install/groot
[2.190s] Invoking command in '/home/joanne/bookros2_ws/build/groot': CMAKE_PREFIX_PATH=/opt/ros/foxy /usr/bin/cmake --build /home/joanne/bookros2_ws/build/groot -- -j8 -l8
[6.466s] [35m[1mScanning dependencies of target QtNodeEditor_autogen[0m
[6.466s] [  1%] [34m[1mAutomatic MOC and UIC for target QtNodeEditor[0m
[6.467s] [  1%] Built target QtNodeEditor_autogen
[6.467s] [  2%] [34m[1mGenerating include/nodes/internal/moc_memory.cpp[0m
[6.467s] [  3%] [34m[1mGenerating include/nodes/internal/moc_ConnectionStyle.cpp[0m
[6.467s] [  3%] [34m[1mGenerating include/nodes/internal/moc_DataModelRegistry.cpp[0m
[6.467s] [  4%] [34m[1mGenerating include/nodes/internal/moc_Export.cpp[0m
[6.467s] [  5%] [34m[1mGenerating include/nodes/internal/moc_FlowScene.cpp[0m
[6.467s] [  6%] [34m[1mGenerating include/nodes/internal/moc_FlowView.cpp[0m
[6.468s] [  6%] [34m[1mGenerating include/nodes/internal/moc_FlowViewStyle.cpp[0m
[6.468s] [  7%] [34m[1mGenerating include/nodes/internal/moc_Node.cpp[0m
[6.468s] [  8%] [34m[1mGenerating include/nodes/internal/moc_NodeData.cpp[0m
[6.468s] [  8%] [34m[1mGenerating include/nodes/internal/moc_NodeDataModel.cpp[0m
[6.468s] [  9%] [34m[1mGenerating include/nodes/internal/moc_NodeGeometry.cpp[0m
[6.468s] [ 10%] [34m[1mGenerating include/nodes/internal/moc_NodeGraphicsObject.cpp[0m
[6.469s] [ 11%] [34m[1mGenerating include/nodes/internal/moc_NodePainterDelegate.cpp[0m
[6.469s] [ 11%] [34m[1mGenerating include/nodes/internal/moc_NodeState.cpp[0m
[6.469s] [ 12%] [34m[1mGenerating include/nodes/internal/moc_NodeStyle.cpp[0m
[6.469s] [ 13%] [34m[1mGenerating include/nodes/internal/moc_OperatingSystem.cpp[0m
[6.469s] [ 13%] [34m[1mGenerating include/nodes/internal/moc_PortType.cpp[0m
[6.469s] [ 14%] [34m[1mGenerating include/nodes/internal/moc_QStringStdHash.cpp[0m
[6.469s] [ 15%] [34m[1mGenerating include/nodes/internal/moc_QUuidStdHash.cpp[0m
[6.470s] [ 16%] [34m[1mGenerating include/nodes/internal/moc_Serializable.cpp[0m
[6.470s] [ 16%] [34m[1mGenerating include/nodes/internal/moc_Style.cpp[0m
[6.470s] [ 17%] [34m[1mGenerating include/nodes/internal/moc_TypeConverter.cpp[0m
[6.470s] [ 18%] [34m[1mGenerating include/nodes/internal/moc_ConnectionState.cpp[0m
[6.470s] [ 18%] [34m[1mGenerating include/nodes/internal/moc_ConnectionGraphicsObject.cpp[0m
[6.470s] [ 19%] [34m[1mGenerating include/nodes/internal/moc_ConnectionGeometry.cpp[0m
[6.470s] [ 20%] [34m[1mGenerating include/nodes/internal/moc_Connection.cpp[0m
[6.471s] [ 21%] [34m[1mGenerating include/nodes/internal/moc_Compiler.cpp[0m
[6.471s] [ 21%] [34m[1mGenerating qrc_resources.cpp[0m
[6.471s] [35m[1mScanning dependencies of target QtNodeEditor[0m
[6.471s] [ 21%] [32mBuilding CXX object QtNodeEditor/CMakeFiles/QtNodeEditor.dir/QtNodeEditor_autogen/mocs_compilation.cpp.o[0m
[6.471s] [ 21%] [32mBuilding CXX object QtNodeEditor/CMakeFiles/QtNodeEditor.dir/src/ConnectionStyle.cpp.o[0m
[6.683s] [ 22%] [32mBuilding CXX object QtNodeEditor/CMakeFiles/QtNodeEditor.dir/src/DataModelRegistry.cpp.o[0m
[9.619s] [ 23%] [32mBuilding CXX object QtNodeEditor/CMakeFiles/QtNodeEditor.dir/src/FlowScene.cpp.o[0m
[14.158s] [ 24%] [32mBuilding CXX object QtNodeEditor/CMakeFiles/QtNodeEditor.dir/src/FlowView.cpp.o[0m
[19.761s] [ 24%] [32mBuilding CXX object QtNodeEditor/CMakeFiles/QtNodeEditor.dir/src/FlowViewStyle.cpp.o[0m
[21.581s] [ 25%] [32mBuilding CXX object QtNodeEditor/CMakeFiles/QtNodeEditor.dir/src/Node.cpp.o[0m
[24.497s] [ 26%] [32mBuilding CXX object QtNodeEditor/CMakeFiles/QtNodeEditor.dir/src/NodeConnectionInteraction.cpp.o[0m
[27.212s] [ 26%] [32mBuilding CXX object QtNodeEditor/CMakeFiles/QtNodeEditor.dir/src/NodeDataModel.cpp.o[0m
[29.090s] [ 27%] [32mBuilding CXX object QtNodeEditor/CMakeFiles/QtNodeEditor.dir/src/NodeGeometry.cpp.o[0m
[31.591s] [ 28%] [32mBuilding CXX object QtNodeEditor/CMakeFiles/QtNodeEditor.dir/src/NodeGraphicsObject.cpp.o[0m
[36.546s] [ 29%] [32mBuilding CXX object QtNodeEditor/CMakeFiles/QtNodeEditor.dir/src/NodePainter.cpp.o[0m
[38.378s] [ 29%] [32mBuilding CXX object QtNodeEditor/CMakeFiles/QtNodeEditor.dir/src/NodeState.cpp.o[0m
[40.289s] [ 30%] [32mBuilding CXX object QtNodeEditor/CMakeFiles/QtNodeEditor.dir/src/NodeStyle.cpp.o[0m
[42.207s] [ 31%] [32mBuilding CXX object QtNodeEditor/CMakeFiles/QtNodeEditor.dir/src/Properties.cpp.o[0m
[43.312s] [ 31%] [32mBuilding CXX object QtNodeEditor/CMakeFiles/QtNodeEditor.dir/src/StyleCollection.cpp.o[0m
[43.952s] [ 32%] [32mBuilding CXX object QtNodeEditor/CMakeFiles/QtNodeEditor.dir/qrc_resources.cpp.o[0m
[44.008s] [ 33%] [32mBuilding CXX object QtNodeEditor/CMakeFiles/QtNodeEditor.dir/include/nodes/internal/moc_Compiler.cpp.o[0m
[44.031s] [ 34%] [32mBuilding CXX object QtNodeEditor/CMakeFiles/QtNodeEditor.dir/include/nodes/internal/moc_Connection.cpp.o[0m
[45.418s] [ 34%] [32mBuilding CXX object QtNodeEditor/CMakeFiles/QtNodeEditor.dir/include/nodes/internal/moc_ConnectionGeometry.cpp.o[0m
[45.502s] [ 35%] [32mBuilding CXX object QtNodeEditor/CMakeFiles/QtNodeEditor.dir/include/nodes/internal/moc_ConnectionGraphicsObject.cpp.o[0m
[46.659s] [ 36%] [32mBuilding CXX object QtNodeEditor/CMakeFiles/QtNodeEditor.dir/include/nodes/internal/moc_ConnectionState.cpp.o[0m
[46.683s] [ 36%] [32mBuilding CXX object QtNodeEditor/CMakeFiles/QtNodeEditor.dir/include/nodes/internal/moc_ConnectionStyle.cpp.o[0m
[46.707s] [ 37%] [32mBuilding CXX object QtNodeEditor/CMakeFiles/QtNodeEditor.dir/include/nodes/internal/moc_DataModelRegistry.cpp.o[0m
[46.731s] [ 38%] [32mBuilding CXX object QtNodeEditor/CMakeFiles/QtNodeEditor.dir/include/nodes/internal/moc_Export.cpp.o[0m
[46.755s] [ 39%] [32mBuilding CXX object QtNodeEditor/CMakeFiles/QtNodeEditor.dir/include/nodes/internal/moc_FlowScene.cpp.o[0m
[48.368s] [ 39%] [32mBuilding CXX object QtNodeEditor/CMakeFiles/QtNodeEditor.dir/include/nodes/internal/moc_FlowView.cpp.o[0m
[49.475s] [ 40%] [32mBuilding CXX object QtNodeEditor/CMakeFiles/QtNodeEditor.dir/include/nodes/internal/moc_FlowViewStyle.cpp.o[0m
[49.503s] [ 41%] [32mBuilding CXX object QtNodeEditor/CMakeFiles/QtNodeEditor.dir/include/nodes/internal/moc_Node.cpp.o[0m
[50.831s] [ 41%] [32mBuilding CXX object QtNodeEditor/CMakeFiles/QtNodeEditor.dir/include/nodes/internal/moc_NodeData.cpp.o[0m
[50.856s] [ 42%] [32mBuilding CXX object QtNodeEditor/CMakeFiles/QtNodeEditor.dir/include/nodes/internal/moc_NodeDataModel.cpp.o[0m
[52.019s] [ 43%] [32mBuilding CXX object QtNodeEditor/CMakeFiles/QtNodeEditor.dir/include/nodes/internal/moc_NodeGeometry.cpp.o[0m
[52.048s] [ 44%] [32mBuilding CXX object QtNodeEditor/CMakeFiles/QtNodeEditor.dir/include/nodes/internal/moc_NodeGraphicsObject.cpp.o[0m
[53.340s] [ 44%] [32mBuilding CXX object QtNodeEditor/CMakeFiles/QtNodeEditor.dir/include/nodes/internal/moc_NodePainterDelegate.cpp.o[0m
[53.365s] [ 45%] [32mBuilding CXX object QtNodeEditor/CMakeFiles/QtNodeEditor.dir/include/nodes/internal/moc_NodeState.cpp.o[0m
[53.390s] [ 46%] [32mBuilding CXX object QtNodeEditor/CMakeFiles/QtNodeEditor.dir/include/nodes/internal/moc_NodeStyle.cpp.o[0m
[53.414s] [ 46%] [32mBuilding CXX object QtNodeEditor/CMakeFiles/QtNodeEditor.dir/include/nodes/internal/moc_OperatingSystem.cpp.o[0m
[53.438s] [ 47%] [32mBuilding CXX object QtNodeEditor/CMakeFiles/QtNodeEditor.dir/include/nodes/internal/moc_PortType.cpp.o[0m
[53.465s] [ 48%] [32mBuilding CXX object QtNodeEditor/CMakeFiles/QtNodeEditor.dir/include/nodes/internal/moc_QStringStdHash.cpp.o[0m
[53.489s] [ 49%] [32mBuilding CXX object QtNodeEditor/CMakeFiles/QtNodeEditor.dir/include/nodes/internal/moc_QUuidStdHash.cpp.o[0m
[53.513s] [ 49%] [32mBuilding CXX object QtNodeEditor/CMakeFiles/QtNodeEditor.dir/include/nodes/internal/moc_Serializable.cpp.o[0m
[53.536s] [ 50%] [32mBuilding CXX object QtNodeEditor/CMakeFiles/QtNodeEditor.dir/include/nodes/internal/moc_Style.cpp.o[0m
[53.560s] [ 51%] [32mBuilding CXX object QtNodeEditor/CMakeFiles/QtNodeEditor.dir/include/nodes/internal/moc_TypeConverter.cpp.o[0m
[53.584s] [ 51%] [32mBuilding CXX object QtNodeEditor/CMakeFiles/QtNodeEditor.dir/include/nodes/internal/moc_memory.cpp.o[0m
[53.614s] [ 52%] [32mBuilding CXX object QtNodeEditor/CMakeFiles/QtNodeEditor.dir/src/ConnectionState.cpp.o[0m
[55.247s] [ 53%] [32mBuilding CXX object QtNodeEditor/CMakeFiles/QtNodeEditor.dir/src/ConnectionPainter.cpp.o[0m
[56.621s] [ 53%] [32mBuilding CXX object QtNodeEditor/CMakeFiles/QtNodeEditor.dir/src/ConnectionGraphicsObject.cpp.o[0m
[58.772s] [ 54%] [32mBuilding CXX object QtNodeEditor/CMakeFiles/QtNodeEditor.dir/src/ConnectionGeometry.cpp.o[0m
[59.552s] [ 55%] [32mBuilding CXX object QtNodeEditor/CMakeFiles/QtNodeEditor.dir/src/ConnectionBlurEffect.cpp.o[0m
[60.729s] [ 56%] [32mBuilding CXX object QtNodeEditor/CMakeFiles/QtNodeEditor.dir/src/Connection.cpp.o[0m
[64.519s] [ 57%] [32m[1mLinking CXX static library ../lib/libQtNodeEditor.a[0m
[64.590s] [ 57%] Built target QtNodeEditor
[64.600s] [35m[1mScanning dependencies of target behavior_tree_editor_autogen[0m
[64.612s] [ 58%] [34m[1mAutomatic MOC and UIC for target behavior_tree_editor[0m
[65.225s] [ 58%] Built target behavior_tree_editor_autogen
[65.236s] [ 59%] [34m[1mGenerating ui_sidepanel_monitor.h[0m
[65.251s] [ 60%] [34m[1mGenerating ui_custom_node_dialog.h[0m
[65.265s] [ 61%] [34m[1mGenerating ui_startup_dialog.h[0m
[65.279s] [ 61%] [34m[1mGenerating ui_sidepanel_replay.h[0m
[65.293s] [ 62%] [34m[1mGenerating ui_sidepanel_editor.h[0m
[65.307s] [ 63%] [34m[1mGenerating ui_action_form.h[0m
[65.321s] [ 63%] [34m[1mGenerating ui_mainwindow.h[0m
[65.337s] [ 64%] [34m[1mGenerating ui_about_dialog.h[0m
[65.351s] [35m[1mScanning dependencies of target behavior_tree_editor[0m
[65.475s] [ 64%] [32mBuilding CXX object CMakeFiles/behavior_tree_editor.dir/behavior_tree_editor_autogen/mocs_compilation.cpp.o[0m
[66.485s] [ 65%] [32mBuilding CXX object CMakeFiles/behavior_tree_editor.dir/bt_editor/bt_editor_base.cpp.o[0m
[66.485s] [ 65%] [32mBuilding CXX object CMakeFiles/behavior_tree_editor.dir/bt_editor/graphic_container.cpp.o[0m
[67.505s] [ 66%] [32mBuilding CXX object CMakeFiles/behavior_tree_editor.dir/bt_editor/utils.cpp.o[0m
[67.505s] [ 67%] [32mBuilding CXX object CMakeFiles/behavior_tree_editor.dir/bt_editor/editor_flowscene.cpp.o[0m
[68.556s] [ 67%] [32mBuilding CXX object CMakeFiles/behavior_tree_editor.dir/bt_editor/mainwindow.cpp.o[0m
[68.577s] [ 68%] [32mBuilding CXX object CMakeFiles/behavior_tree_editor.dir/bt_editor/models/SubtreeNodeModel.cpp.o[0m
[69.653s] [ 69%] [32mBuilding CXX object CMakeFiles/behavior_tree_editor.dir/bt_editor/models/BehaviorTreeNodeModel.cpp.o[0m
[79.127s] [ 70%] [32mBuilding CXX object CMakeFiles/behavior_tree_editor.dir/bt_editor/sidepanel_monitor.cpp.o[0m
[82.560s] [ 71%] [32mBuilding CXX object CMakeFiles/behavior_tree_editor.dir/bt_editor/XML_utilities.cpp.o[0m
[85.490s] [ 72%] [32mBuilding CXX object CMakeFiles/behavior_tree_editor.dir/bt_editor/custom_node_dialog.cpp.o[0m
[88.213s] [ 74%] [32mBuilding CXX object CMakeFiles/behavior_tree_editor.dir/bt_editor/sidepanel_editor.cpp.o[0m
[88.213s] [ 74%] [32mBuilding CXX object CMakeFiles/behavior_tree_editor.dir/bt_editor/startup_dialog.cpp.o[0m
[88.213s] [ 74%] [32mBuilding CXX object CMakeFiles/behavior_tree_editor.dir/bt_editor/sidepanel_replay.cpp.o[0m
[95.832s] [ 74%] [32m[1mLinking CXX shared library libbehavior_tree_editor.so[0m
[96.985s] [ 74%] Built target behavior_tree_editor
[96.995s] [35m[1mScanning dependencies of target editor_test_autogen[0m
[96.995s] [35m[1mScanning dependencies of target Groot_autogen[0m
[96.997s] [35m[1mScanning dependencies of target replay_test_autogen[0m
[97.005s] [ 75%] [34m[1mAutomatic MOC and UIC for target Groot[0m
[97.006s] [ 75%] [34m[1mAutomatic MOC and UIC for target editor_test[0m
[97.013s] [ 76%] [34m[1mAutomatic MOC and UIC for target replay_test[0m
[97.034s] [ 76%] Built target Groot_autogen
[97.050s] [ 77%] [34m[1mAutomatic RCC for test_data/test_files.qrc[0m
[97.092s] [ 77%] [34m[1mAutomatic RCC for bt_editor/resources/icons.qrc[0m
[97.105s] [ 78%] [34m[1mAutomatic RCC for bt_editor/resources/style.qrc[0m
[97.186s] [35m[1mScanning dependencies of target Groot[0m
[97.270s] [ 78%] [32mBuilding CXX object CMakeFiles/Groot.dir/Groot_autogen/mocs_compilation.cpp.o[0m
[97.287s] [ 79%] [32mBuilding CXX object CMakeFiles/Groot.dir/Groot_autogen/OQ4J2MLGYJ/qrc_icons.cpp.o[0m
[97.296s] [ 80%] [32mBuilding CXX object CMakeFiles/Groot.dir/bt_editor/main.cpp.o[0m
[97.378s] [ 80%] [32mBuilding CXX object CMakeFiles/Groot.dir/Groot_autogen/NYYW7IJ2JN/qrc_test_files.cpp.o[0m
[97.686s] [ 81%] [32mBuilding CXX object CMakeFiles/Groot.dir/Groot_autogen/OQ4J2MLGYJ/qrc_style.cpp.o[0m
[97.822s] [ 81%] Built target editor_test_autogen
[97.840s] [ 82%] [34m[1mAutomatic RCC for ../test_data/test_files.qrc[0m
[97.841s] [ 82%] [34m[1mAutomatic RCC for ../bt_editor/resources/icons.qrc[0m
[97.843s] [ 83%] [34m[1mAutomatic RCC for ../QtNodeEditor/resources/resources.qrc[0m
[97.875s] [ 83%] Built target replay_test_autogen
[97.879s] [ 84%] [34m[1mAutomatic RCC for ../bt_editor/resources/style.qrc[0m
[97.895s] [ 85%] [34m[1mAutomatic RCC for ../QtNodeEditor/resources/resources.qrc[0m
[97.895s] [ 86%] [34m[1mAutomatic RCC for ../test_data/test_files.qrc[0m
[97.910s] [ 87%] [34m[1mAutomatic RCC for ../bt_editor/resources/icons.qrc[0m
[97.944s] [35m[1mScanning dependencies of target editor_test[0m
[97.948s] [ 87%] [34m[1mAutomatic RCC for ../bt_editor/resources/style.qrc[0m
[98.010s] [35m[1mScanning dependencies of target replay_test[0m
[98.102s] [ 88%] [32mBuilding CXX object test/CMakeFiles/editor_test.dir/editor_test_autogen/mocs_compilation.cpp.o[0m
[98.103s] [ 88%] [32mBuilding CXX object test/CMakeFiles/editor_test.dir/editor_test.cpp.o[0m
[98.112s] [ 89%] [32mBuilding CXX object test/CMakeFiles/editor_test.dir/groot_test_base.cpp.o[0m
[98.167s] [ 90%] [32mBuilding CXX object test/CMakeFiles/replay_test.dir/replay_test_autogen/mocs_compilation.cpp.o[0m
[99.166s] [ 90%] [32mBuilding CXX object test/CMakeFiles/editor_test.dir/editor_test_autogen/K3L5NHU5SO/qrc_icons.cpp.o[0m
[99.189s] [ 91%] [32mBuilding CXX object test/CMakeFiles/editor_test.dir/editor_test_autogen/EB4OVBCXLB/qrc_resources.cpp.o[0m
[99.466s] [ 92%] [32mBuilding CXX object test/CMakeFiles/editor_test.dir/editor_test_autogen/K3L5NHU5SO/qrc_style.cpp.o[0m
[99.475s] [ 93%] [32mBuilding CXX object test/CMakeFiles/replay_test.dir/replay_test.cpp.o[0m
[99.665s] [ 93%] [32mBuilding CXX object test/CMakeFiles/replay_test.dir/groot_test_base.cpp.o[0m
[106.578s] [ 94%] [32m[1mLinking CXX executable Groot[0m
[108.167s] [ 94%] Built target Groot
[109.101s] [ 95%] [32mBuilding CXX object test/CMakeFiles/editor_test.dir/editor_test_autogen/4L4FNCFPKD/qrc_test_files.cpp.o[0m
[109.156s] [ 96%] [32m[1mLinking CXX executable editor_test[0m
[109.348s] [ 97%] [32mBuilding CXX object test/CMakeFiles/replay_test.dir/replay_test_autogen/4L4FNCFPKD/qrc_test_files.cpp.o[0m
[109.411s] [ 97%] [32mBuilding CXX object test/CMakeFiles/replay_test.dir/replay_test_autogen/K3L5NHU5SO/qrc_style.cpp.o[0m
[109.450s] [ 98%] [32mBuilding CXX object test/CMakeFiles/replay_test.dir/replay_test_autogen/K3L5NHU5SO/qrc_icons.cpp.o[0m
[110.095s] [ 98%] Built target editor_test
[111.538s] [ 99%] [32mBuilding CXX object test/CMakeFiles/replay_test.dir/replay_test_autogen/EB4OVBCXLB/qrc_resources.cpp.o[0m
[111.649s] [100%] [32m[1mLinking CXX executable replay_test[0m
[112.549s] [100%] Built target replay_test
[112.574s] Invoked command in '/home/joanne/bookros2_ws/build/groot' returned '0': CMAKE_PREFIX_PATH=/opt/ros/foxy /usr/bin/cmake --build /home/joanne/bookros2_ws/build/groot -- -j8 -l8
[112.585s] Invoking command in '/home/joanne/bookros2_ws/build/groot': CMAKE_PREFIX_PATH=/opt/ros/foxy /usr/bin/cmake --install /home/joanne/bookros2_ws/build/groot
[115.513s] -- Install configuration: ""
[115.513s] -- Installing: /home/joanne/bookros2_ws/install/groot/lib/libbehavior_tree_editor.so
[115.513s] -- Set runtime path of "/home/joanne/bookros2_ws/install/groot/lib/libbehavior_tree_editor.so" to ""
[115.514s] -- Installing: /home/joanne/bookros2_ws/install/groot/lib/groot/Groot
[115.514s] -- Set runtime path of "/home/joanne/bookros2_ws/install/groot/lib/groot/Groot" to ""
[115.514s] -- Installing: /home/joanne/bookros2_ws/install/groot/share/groot/environment/library_path.sh
[115.514s] -- Installing: /home/joanne/bookros2_ws/install/groot/share/groot/environment/library_path.dsv
[115.514s] -- Installing: /home/joanne/bookros2_ws/install/groot/share/ament_index/resource_index/package_run_dependencies/groot
[115.514s] -- Installing: /home/joanne/bookros2_ws/install/groot/share/ament_index/resource_index/parent_prefix_path/groot
[115.515s] -- Installing: /home/joanne/bookros2_ws/install/groot/share/groot/environment/ament_prefix_path.sh
[115.516s] -- Installing: /home/joanne/bookros2_ws/install/groot/share/groot/environment/ament_prefix_path.dsv
[115.516s] -- Installing: /home/joanne/bookros2_ws/install/groot/share/groot/environment/path.sh
[115.516s] -- Installing: /home/joanne/bookros2_ws/install/groot/share/groot/environment/path.dsv
[115.516s] -- Installing: /home/joanne/bookros2_ws/install/groot/share/groot/local_setup.bash
[115.517s] -- Installing: /home/joanne/bookros2_ws/install/groot/share/groot/local_setup.sh
[115.517s] -- Installing: /home/joanne/bookros2_ws/install/groot/share/groot/local_setup.zsh
[115.517s] -- Installing: /home/joanne/bookros2_ws/install/groot/share/groot/local_setup.dsv
[115.517s] -- Installing: /home/joanne/bookros2_ws/install/groot/share/groot/package.dsv
[115.517s] -- Installing: /home/joanne/bookros2_ws/install/groot/share/ament_index/resource_index/packages/groot
[115.517s] -- Installing: /home/joanne/bookros2_ws/install/groot/share/groot/cmake/ament_cmake_export_include_directories-extras.cmake
[115.517s] -- Installing: /home/joanne/bookros2_ws/install/groot/share/groot/cmake/ament_cmake_export_dependencies-extras.cmake
[115.518s] -- Installing: /home/joanne/bookros2_ws/install/groot/share/groot/cmake/ament_cmake_export_libraries-extras.cmake
[115.518s] -- Installing: /home/joanne/bookros2_ws/install/groot/share/groot/cmake/grootConfig.cmake
[115.518s] -- Installing: /home/joanne/bookros2_ws/install/groot/share/groot/cmake/grootConfig-version.cmake
[115.518s] -- Installing: /home/joanne/bookros2_ws/install/groot/share/groot/package.xml
[115.544s] Invoked command in '/home/joanne/bookros2_ws/build/groot' returned '0': CMAKE_PREFIX_PATH=/opt/ros/foxy /usr/bin/cmake --install /home/joanne/bookros2_ws/build/groot
