[0.562s] Invoking command in '/home/joanne/bookros2_ws/build/groot': CMAKE_PREFIX_PATH=${CMAKE_PREFIX_PATH}:/home/joanne/bookros2_ws/install/ros2controlcli:/home/joanne/bookros2_ws/install/launch_pal:/home/joanne/bookros2_ws/install/br2_fsm_bumpgo_py:/opt/ros/foxy /usr/bin/cmake --build /home/joanne/bookros2_ws/build/groot -- -j8 -l8
[1.229s] [  1%] [34m[1mAutomatic MOC and UIC for target QtNodeEditor[0m
[1.427s] [  1%] Built target QtNodeEditor_autogen
[2.104s] [ 57%] Built target QtNodeEditor
[2.296s] [ 58%] [34m[1mAutomatic MOC and UIC for target behavior_tree_editor[0m
[2.487s] [ 58%] Built target behavior_tree_editor_autogen
[2.844s] [ 74%] Built target behavior_tree_editor
[3.036s] [ 75%] [34m[1mAutomatic MOC and UIC for target Groot[0m
[3.257s] [ 75%] Built target Groot_autogen
[3.517s] [ 75%] [34m[1mAutomatic MOC and UIC for target editor_test[0m
[3.658s] [ 75%] Built target editor_test_autogen
[3.869s] [ 81%] Built target Groot
[4.109s] [ 90%] Built target editor_test
[4.259s] [ 91%] [34m[1mAutomatic MOC and UIC for target replay_test[0m
[4.437s] [ 91%] Built target replay_test_autogen
[4.775s] [100%] Built target replay_test
[4.860s] Invoked command in '/home/joanne/bookros2_ws/build/groot' returned '0': CMAKE_PREFIX_PATH=${CMAKE_PREFIX_PATH}:/home/joanne/bookros2_ws/install/ros2controlcli:/home/joanne/bookros2_ws/install/launch_pal:/home/joanne/bookros2_ws/install/br2_fsm_bumpgo_py:/opt/ros/foxy /usr/bin/cmake --build /home/joanne/bookros2_ws/build/groot -- -j8 -l8
[4.917s] Invoking command in '/home/joanne/bookros2_ws/build/groot': CMAKE_PREFIX_PATH=${CMAKE_PREFIX_PATH}:/home/joanne/bookros2_ws/install/ros2controlcli:/home/joanne/bookros2_ws/install/launch_pal:/home/joanne/bookros2_ws/install/br2_fsm_bumpgo_py:/opt/ros/foxy /usr/bin/cmake --install /home/joanne/bookros2_ws/build/groot
[4.946s] -- Install configuration: ""
[4.947s] -- Execute custom install script
[4.948s] -- Up-to-date symlink: /home/joanne/bookros2_ws/install/groot/lib/libbehavior_tree_editor.so
[4.950s] -- Up-to-date symlink: /home/joanne/bookros2_ws/install/groot/lib/groot/Groot
[4.952s] -- Up-to-date symlink: /home/joanne/bookros2_ws/install/groot/share/groot/environment/library_path.sh
[4.955s] -- Up-to-date symlink: /home/joanne/bookros2_ws/install/groot/share/groot/environment/library_path.dsv
[4.956s] -- Up-to-date symlink: /home/joanne/bookros2_ws/install/groot/share/ament_index/resource_index/package_run_dependencies/groot
[4.957s] -- Up-to-date symlink: /home/joanne/bookros2_ws/install/groot/share/ament_index/resource_index/parent_prefix_path/groot
[4.960s] -- Up-to-date symlink: /home/joanne/bookros2_ws/install/groot/share/groot/environment/ament_prefix_path.sh
[4.963s] -- Up-to-date symlink: /home/joanne/bookros2_ws/install/groot/share/groot/environment/ament_prefix_path.dsv
[4.983s] -- Up-to-date symlink: /home/joanne/bookros2_ws/install/groot/share/groot/environment/path.sh
[4.991s] -- Up-to-date symlink: /home/joanne/bookros2_ws/install/groot/share/groot/environment/path.dsv
[4.991s] -- Up-to-date symlink: /home/joanne/bookros2_ws/install/groot/share/groot/local_setup.bash
[4.991s] -- Up-to-date symlink: /home/joanne/bookros2_ws/install/groot/share/groot/local_setup.sh
[4.992s] -- Up-to-date symlink: /home/joanne/bookros2_ws/install/groot/share/groot/local_setup.zsh
[4.996s] -- Up-to-date symlink: /home/joanne/bookros2_ws/install/groot/share/groot/local_setup.dsv
[4.996s] -- Symlinking: /home/joanne/bookros2_ws/install/groot/share/groot/package.dsv
[5.069s] -- Up-to-date symlink: /home/joanne/bookros2_ws/install/groot/share/ament_index/resource_index/packages/groot
[5.073s] -- Up-to-date symlink: /home/joanne/bookros2_ws/install/groot/share/groot/cmake/ament_cmake_export_include_directories-extras.cmake
[5.079s] -- Up-to-date symlink: /home/joanne/bookros2_ws/install/groot/share/groot/cmake/ament_cmake_export_dependencies-extras.cmake
[5.080s] -- Up-to-date symlink: /home/joanne/bookros2_ws/install/groot/share/groot/cmake/ament_cmake_export_libraries-extras.cmake
[5.080s] -- Up-to-date symlink: /home/joanne/bookros2_ws/install/groot/share/groot/cmake/grootConfig.cmake
[5.080s] -- Up-to-date symlink: /home/joanne/bookros2_ws/install/groot/share/groot/cmake/grootConfig-version.cmake
[5.090s] -- Up-to-date symlink: /home/joanne/bookros2_ws/install/groot/share/groot/package.xml
[5.124s] Invoked command in '/home/joanne/bookros2_ws/build/groot' returned '0': CMAKE_PREFIX_PATH=${CMAKE_PREFIX_PATH}:/home/joanne/bookros2_ws/install/ros2controlcli:/home/joanne/bookros2_ws/install/launch_pal:/home/joanne/bookros2_ws/install/br2_fsm_bumpgo_py:/opt/ros/foxy /usr/bin/cmake --install /home/joanne/bookros2_ws/build/groot
