[0.322s] Invoking command in '/home/joanne/bookros2_ws/build/hey5_description': CMAKE_PREFIX_PATH=${CMAKE_PREFIX_PATH}:/home/joanne/bookros2_ws/install/ros2controlcli:/home/joanne/bookros2_ws/install/launch_pal:/home/joanne/bookros2_ws/install/br2_fsm_bumpgo_py:/opt/ros/foxy /usr/bin/cmake --build /home/joanne/bookros2_ws/build/hey5_description -- -j8 -l8
[0.412s] Invoked command in '/home/joanne/bookros2_ws/build/hey5_description' returned '0': CMAKE_PREFIX_PATH=${CMAKE_PREFIX_PATH}:/home/joanne/bookros2_ws/install/ros2controlcli:/home/joanne/bookros2_ws/install/launch_pal:/home/joanne/bookros2_ws/install/br2_fsm_bumpgo_py:/opt/ros/foxy /usr/bin/cmake --build /home/joanne/bookros2_ws/build/hey5_description -- -j8 -l8
[0.417s] Invoking command in '/home/joanne/bookros2_ws/build/hey5_description': CMAKE_PREFIX_PATH=${CMAKE_PREFIX_PATH}:/home/joanne/bookros2_ws/install/ros2controlcli:/home/joanne/bookros2_ws/install/launch_pal:/home/joanne/bookros2_ws/install/br2_fsm_bumpgo_py:/opt/ros/foxy /usr/bin/cmake --install /home/joanne/bookros2_ws/build/hey5_description
[0.434s] -- Install configuration: ""
[0.435s] -- Execute custom install script
[0.437s] -- Up-to-date symlink: /home/joanne/bookros2_ws/install/hey5_description/share/hey5_description/config/two_hands.rviz
[0.439s] -- Up-to-date symlink: /home/joanne/bookros2_ws/install/hey5_description/share/hey5_description/gazebo/gazebo.urdf.xacro
[0.440s] -- Up-to-date symlink: /home/joanne/bookros2_ws/install/hey5_description/share/hey5_description/launch/hey5_kinematics_test.launch
[0.442s] -- Up-to-date symlink: /home/joanne/bookros2_ws/install/hey5_description/share/hey5_description/meshes/finger_abd_collision.stl
[0.442s] -- Up-to-date symlink: /home/joanne/bookros2_ws/install/hey5_description/share/hey5_description/meshes/finger_flex_collision.stl
[0.443s] -- Up-to-date symlink: /home/joanne/bookros2_ws/install/hey5_description/share/hey5_description/meshes/finger_flex_tip_collision.stl
[0.443s] -- Up-to-date symlink: /home/joanne/bookros2_ws/install/hey5_description/share/hey5_description/meshes/palm.stl
[0.444s] -- Up-to-date symlink: /home/joanne/bookros2_ws/install/hey5_description/share/hey5_description/meshes/palm_collision.stl
[0.444s] -- Up-to-date symlink: /home/joanne/bookros2_ws/install/hey5_description/share/hey5_description/meshes/thumb_abd_collision.stl
[0.447s] -- Up-to-date symlink: /home/joanne/bookros2_ws/install/hey5_description/share/hey5_description/robots/hey5_test.urdf.xacro
[0.448s] -- Up-to-date symlink: /home/joanne/bookros2_ws/install/hey5_description/share/hey5_description/urdf/actuators.urdf.xacro
[0.449s] -- Up-to-date symlink: /home/joanne/bookros2_ws/install/hey5_description/share/hey5_description/urdf/deg_to_rad.urdf.xacro
[0.449s] -- Up-to-date symlink: /home/joanne/bookros2_ws/install/hey5_description/share/hey5_description/urdf/fingers.urdf.xacro
[0.450s] -- Up-to-date symlink: /home/joanne/bookros2_ws/install/hey5_description/share/hey5_description/urdf/hey5_hand.urdf.xacro
[0.450s] -- Up-to-date symlink: /home/joanne/bookros2_ws/install/hey5_description/share/hey5_description/urdf/materials.urdf.xacro
[0.450s] -- Up-to-date symlink: /home/joanne/bookros2_ws/install/hey5_description/share/hey5_description/urdf/palm.urdf.xacro
[0.450s] -- Up-to-date symlink: /home/joanne/bookros2_ws/install/hey5_description/share/hey5_description/urdf/transmissions.urdf.xacro
[0.451s] -- Up-to-date symlink: /home/joanne/bookros2_ws/install/hey5_description/share/ament_index/resource_index/package_run_dependencies/hey5_description
[0.452s] -- Up-to-date symlink: /home/joanne/bookros2_ws/install/hey5_description/share/ament_index/resource_index/parent_prefix_path/hey5_description
[0.452s] -- Up-to-date symlink: /home/joanne/bookros2_ws/install/hey5_description/share/hey5_description/environment/ament_prefix_path.sh
[0.453s] -- Up-to-date symlink: /home/joanne/bookros2_ws/install/hey5_description/share/hey5_description/environment/ament_prefix_path.dsv
[0.453s] -- Up-to-date symlink: /home/joanne/bookros2_ws/install/hey5_description/share/hey5_description/environment/path.sh
[0.455s] -- Up-to-date symlink: /home/joanne/bookros2_ws/install/hey5_description/share/hey5_description/environment/path.dsv
[0.455s] -- Up-to-date symlink: /home/joanne/bookros2_ws/install/hey5_description/share/hey5_description/local_setup.bash
[0.456s] -- Up-to-date symlink: /home/joanne/bookros2_ws/install/hey5_description/share/hey5_description/local_setup.sh
[0.456s] -- Up-to-date symlink: /home/joanne/bookros2_ws/install/hey5_description/share/hey5_description/local_setup.zsh
[0.458s] -- Up-to-date symlink: /home/joanne/bookros2_ws/install/hey5_description/share/hey5_description/local_setup.dsv
[0.458s] -- Symlinking: /home/joanne/bookros2_ws/install/hey5_description/share/hey5_description/package.dsv
[0.471s] -- Up-to-date symlink: /home/joanne/bookros2_ws/install/hey5_description/share/ament_index/resource_index/packages/hey5_description
[0.471s] -- Up-to-date symlink: /home/joanne/bookros2_ws/install/hey5_description/share/hey5_description/cmake/hey5_descriptionConfig.cmake
[0.472s] -- Up-to-date symlink: /home/joanne/bookros2_ws/install/hey5_description/share/hey5_description/cmake/hey5_descriptionConfig-version.cmake
[0.472s] -- Up-to-date symlink: /home/joanne/bookros2_ws/install/hey5_description/share/hey5_description/package.xml
[0.521s] Invoked command in '/home/joanne/bookros2_ws/build/hey5_description' returned '0': CMAKE_PREFIX_PATH=${CMAKE_PREFIX_PATH}:/home/joanne/bookros2_ws/install/ros2controlcli:/home/joanne/bookros2_ws/install/launch_pal:/home/joanne/bookros2_ws/install/br2_fsm_bumpgo_py:/opt/ros/foxy /usr/bin/cmake --install /home/joanne/bookros2_ws/build/hey5_description
