[0.057s] Invoking command in '/home/joanne/bookros2_ws/build/gripper_controllers': AMENT_PREFIX_PATH=/home/joanne/bookros2_ws/install/controller_manager:/home/joanne/bookros2_ws/install/controller_interface:/home/joanne/bookros2_ws/install/hardware_interface:/home/joanne/bookros2_ws/install/ros2_control_test_assets:/home/joanne/bookros2_ws/install/controller_manager_msgs:${AMENT_PREFIX_PATH} CMAKE_PREFIX_PATH=/home/joanne/bookros2_ws/install/controller_manager:/home/joanne/bookros2_ws/install/controller_interface:/home/joanne/bookros2_ws/install/hardware_interface:/home/joanne/bookros2_ws/install/ros2_control_test_assets:/home/joanne/bookros2_ws/install/controller_manager_msgs:/opt/ros/foxy LD_LIBRARY_PATH=/home/joanne/bookros2_ws/install/controller_manager/lib:/home/joanne/bookros2_ws/install/controller_interface/lib:/home/joanne/bookros2_ws/install/hardware_interface/lib:/home/joanne/bookros2_ws/install/controller_manager_msgs/lib:${LD_LIBRARY_PATH} PYTHONPATH=/home/joanne/bookros2_ws/install/controller_manager/lib/python3.8/site-packages:/home/joanne/bookros2_ws/install/controller_manager_msgs/lib/python3.8/site-packages:${PYTHONPATH} /usr/bin/cmake /home/joanne/bookros2_ws/src/ThirdParty/ros2_controllers/gripper_controllers -DAMENT_CMAKE_SYMLINK_INSTALL=1 -DCMAKE_INSTALL_PREFIX=/home/joanne/bookros2_ws/install/gripper_controllers
[1.452s] -- Found ament_cmake: 0.9.12 (/opt/ros/foxy/share/ament_cmake/cmake)
[1.453s] -- Using PYTHON_EXECUTABLE: /usr/bin/python3
[1.453s] -- Override CMake install command with custom implementation using symlinks instead of copying resources
[1.453s] -- Found rclcpp_action: 2.4.3 (/opt/ros/foxy/share/rclcpp_action/cmake)
[1.453s] -- Using all available rosidl_typesupport_c: rosidl_typesupport_fastrtps_c;rosidl_typesupport_introspection_c
[1.453s] -- Found rosidl_adapter: 1.3.1 (/opt/ros/foxy/share/rosidl_adapter/cmake)
[1.453s] -- Using all available rosidl_typesupport_cpp: rosidl_typesupport_fastrtps_cpp;rosidl_typesupport_introspection_cpp
[1.453s] -- Found rmw_implementation_cmake: 1.0.4 (/opt/ros/foxy/share/rmw_implementation_cmake/cmake)
[1.454s] -- Using RMW implementation 'rmw_fastrtps_cpp' as default
[1.569s] -- Found control_msgs: 2.5.1 (/opt/ros/foxy/share/control_msgs/cmake)
[2.399s] -- Found control_toolbox: 2.2.0 (/opt/ros/foxy/share/control_toolbox/cmake)
[2.505s] -- Found controller_interface: 0.7.1 (/home/joanne/bookros2_ws/install/controller_interface/share/controller_interface/cmake)
[3.017s] -- Found ament_cmake_gmock: 0.9.12 (/opt/ros/foxy/share/ament_cmake_gmock/cmake)
[3.018s] -- Found ament_lint_auto: 0.9.8 (/opt/ros/foxy/share/ament_lint_auto/cmake)
[3.019s] -- Found controller_manager: 0.7.1 (/home/joanne/bookros2_ws/install/controller_manager/share/controller_manager/cmake)
[3.154s] -- Found ros2_control_test_assets: 0.7.1 (/home/joanne/bookros2_ws/install/ros2_control_test_assets/share/ros2_control_test_assets/cmake)
[3.305s] -- Found gmock sources under '/opt/ros/foxy/src/gmock_vendor': C++ tests using 'Google Mock' will be built
[3.311s] -- Found gtest sources under '/opt/ros/foxy/src/gtest_vendor': C++ tests using 'Google Test' will be built
[3.445s] -- Added test 'copyright' to check source files copyright and LICENSE
[3.447s] -- Added test 'cppcheck' to perform static code analysis on C / C++ code
[3.448s] -- Configured cppcheck include dirs: $<BUILD_INTERFACE:/home/joanne/bookros2_ws/src/ThirdParty/ros2_controllers/gripper_controllers/include>
[3.448s] -- Configured cppcheck exclude dirs and/or files: 
[3.449s] -- Added test 'cpplint' to check C / C++ code against the Google style
[3.450s] -- Configured cpplint exclude dirs and/or files: 
[3.451s] -- Added test 'lint_cmake' to check CMake code style
[3.453s] -- Added test 'uncrustify' to check C / C++ code style
[3.454s] -- Configured uncrustify additional arguments: 
[3.455s] -- Added test 'xmllint' to check XML markup files
[3.465s] -- Configuring done
[3.580s] -- Generating done
[3.631s] -- Build files have been written to: /home/joanne/bookros2_ws/build/gripper_controllers
[3.664s] Invoked command in '/home/joanne/bookros2_ws/build/gripper_controllers' returned '0': AMENT_PREFIX_PATH=/home/joanne/bookros2_ws/install/controller_manager:/home/joanne/bookros2_ws/install/controller_interface:/home/joanne/bookros2_ws/install/hardware_interface:/home/joanne/bookros2_ws/install/ros2_control_test_assets:/home/joanne/bookros2_ws/install/controller_manager_msgs:${AMENT_PREFIX_PATH} CMAKE_PREFIX_PATH=/home/joanne/bookros2_ws/install/controller_manager:/home/joanne/bookros2_ws/install/controller_interface:/home/joanne/bookros2_ws/install/hardware_interface:/home/joanne/bookros2_ws/install/ros2_control_test_assets:/home/joanne/bookros2_ws/install/controller_manager_msgs:/opt/ros/foxy LD_LIBRARY_PATH=/home/joanne/bookros2_ws/install/controller_manager/lib:/home/joanne/bookros2_ws/install/controller_interface/lib:/home/joanne/bookros2_ws/install/hardware_interface/lib:/home/joanne/bookros2_ws/install/controller_manager_msgs/lib:${LD_LIBRARY_PATH} PYTHONPATH=/home/joanne/bookros2_ws/install/controller_manager/lib/python3.8/site-packages:/home/joanne/bookros2_ws/install/controller_manager_msgs/lib/python3.8/site-packages:${PYTHONPATH} /usr/bin/cmake /home/joanne/bookros2_ws/src/ThirdParty/ros2_controllers/gripper_controllers -DAMENT_CMAKE_SYMLINK_INSTALL=1 -DCMAKE_INSTALL_PREFIX=/home/joanne/bookros2_ws/install/gripper_controllers
[3.671s] Invoking command in '/home/joanne/bookros2_ws/build/gripper_controllers': AMENT_PREFIX_PATH=/home/joanne/bookros2_ws/install/controller_manager:/home/joanne/bookros2_ws/install/controller_interface:/home/joanne/bookros2_ws/install/hardware_interface:/home/joanne/bookros2_ws/install/ros2_control_test_assets:/home/joanne/bookros2_ws/install/controller_manager_msgs:${AMENT_PREFIX_PATH} CMAKE_PREFIX_PATH=/home/joanne/bookros2_ws/install/controller_manager:/home/joanne/bookros2_ws/install/controller_interface:/home/joanne/bookros2_ws/install/hardware_interface:/home/joanne/bookros2_ws/install/ros2_control_test_assets:/home/joanne/bookros2_ws/install/controller_manager_msgs:/opt/ros/foxy LD_LIBRARY_PATH=/home/joanne/bookros2_ws/install/controller_manager/lib:/home/joanne/bookros2_ws/install/controller_interface/lib:/home/joanne/bookros2_ws/install/hardware_interface/lib:/home/joanne/bookros2_ws/install/controller_manager_msgs/lib:${LD_LIBRARY_PATH} PYTHONPATH=/home/joanne/bookros2_ws/install/controller_manager/lib/python3.8/site-packages:/home/joanne/bookros2_ws/install/controller_manager_msgs/lib/python3.8/site-packages:${PYTHONPATH} /usr/bin/cmake --build /home/joanne/bookros2_ws/build/gripper_controllers -- -j8 -l8
[3.806s] [ 11%] [32m[1mLinking CXX shared library libgripper_action_controller.so[0m
[4.390s] [ 22%] Built target gripper_action_controller
[4.431s] [ 44%] Built target gmock_main
[4.479s] [ 77%] Built target gmock
[4.544s] [ 88%] [32m[1mLinking CXX executable test_load_gripper_action_controllers[0m
[5.930s] [100%] Built target test_load_gripper_action_controllers
[5.964s] Invoked command in '/home/joanne/bookros2_ws/build/gripper_controllers' returned '0': AMENT_PREFIX_PATH=/home/joanne/bookros2_ws/install/controller_manager:/home/joanne/bookros2_ws/install/controller_interface:/home/joanne/bookros2_ws/install/hardware_interface:/home/joanne/bookros2_ws/install/ros2_control_test_assets:/home/joanne/bookros2_ws/install/controller_manager_msgs:${AMENT_PREFIX_PATH} CMAKE_PREFIX_PATH=/home/joanne/bookros2_ws/install/controller_manager:/home/joanne/bookros2_ws/install/controller_interface:/home/joanne/bookros2_ws/install/hardware_interface:/home/joanne/bookros2_ws/install/ros2_control_test_assets:/home/joanne/bookros2_ws/install/controller_manager_msgs:/opt/ros/foxy LD_LIBRARY_PATH=/home/joanne/bookros2_ws/install/controller_manager/lib:/home/joanne/bookros2_ws/install/controller_interface/lib:/home/joanne/bookros2_ws/install/hardware_interface/lib:/home/joanne/bookros2_ws/install/controller_manager_msgs/lib:${LD_LIBRARY_PATH} PYTHONPATH=/home/joanne/bookros2_ws/install/controller_manager/lib/python3.8/site-packages:/home/joanne/bookros2_ws/install/controller_manager_msgs/lib/python3.8/site-packages:${PYTHONPATH} /usr/bin/cmake --build /home/joanne/bookros2_ws/build/gripper_controllers -- -j8 -l8
[5.968s] Invoking command in '/home/joanne/bookros2_ws/build/gripper_controllers': AMENT_PREFIX_PATH=/home/joanne/bookros2_ws/install/controller_manager:/home/joanne/bookros2_ws/install/controller_interface:/home/joanne/bookros2_ws/install/hardware_interface:/home/joanne/bookros2_ws/install/ros2_control_test_assets:/home/joanne/bookros2_ws/install/controller_manager_msgs:${AMENT_PREFIX_PATH} CMAKE_PREFIX_PATH=/home/joanne/bookros2_ws/install/controller_manager:/home/joanne/bookros2_ws/install/controller_interface:/home/joanne/bookros2_ws/install/hardware_interface:/home/joanne/bookros2_ws/install/ros2_control_test_assets:/home/joanne/bookros2_ws/install/controller_manager_msgs:/opt/ros/foxy LD_LIBRARY_PATH=/home/joanne/bookros2_ws/install/controller_manager/lib:/home/joanne/bookros2_ws/install/controller_interface/lib:/home/joanne/bookros2_ws/install/hardware_interface/lib:/home/joanne/bookros2_ws/install/controller_manager_msgs/lib:${LD_LIBRARY_PATH} PYTHONPATH=/home/joanne/bookros2_ws/install/controller_manager/lib/python3.8/site-packages:/home/joanne/bookros2_ws/install/controller_manager_msgs/lib/python3.8/site-packages:${PYTHONPATH} /usr/bin/cmake --install /home/joanne/bookros2_ws/build/gripper_controllers
[5.978s] -- Install configuration: ""
[5.979s] -- Execute custom install script
[5.979s] -- Symlinking: /home/joanne/bookros2_ws/install/gripper_controllers/share/gripper_controllers//ros_control_plugins.xml
[5.995s] -- Symlinking: /home/joanne/bookros2_ws/install/gripper_controllers/include/gripper_action_controller.hpp
[6.008s] -- Symlinking: /home/joanne/bookros2_ws/install/gripper_controllers/include/gripper_action_controller_impl.hpp
[6.020s] -- Symlinking: /home/joanne/bookros2_ws/install/gripper_controllers/include/hardware_interface_adapter.hpp
[6.036s] -- Symlinking: /home/joanne/bookros2_ws/install/gripper_controllers/include/visibility_control.hpp
[6.051s] -- Symlinking: /home/joanne/bookros2_ws/install/gripper_controllers/lib/libgripper_action_controller.so
[6.065s] -- Symlinking: /home/joanne/bookros2_ws/install/gripper_controllers/share/ament_index/resource_index/package_run_dependencies/gripper_controllers
[6.079s] -- Symlinking: /home/joanne/bookros2_ws/install/gripper_controllers/share/ament_index/resource_index/parent_prefix_path/gripper_controllers
[6.089s] -- Symlinking: /home/joanne/bookros2_ws/install/gripper_controllers/share/gripper_controllers/environment/ament_prefix_path.sh
[6.103s] -- Symlinking: /home/joanne/bookros2_ws/install/gripper_controllers/share/gripper_controllers/environment/ament_prefix_path.dsv
[6.118s] -- Symlinking: /home/joanne/bookros2_ws/install/gripper_controllers/share/gripper_controllers/environment/path.sh
[6.133s] -- Symlinking: /home/joanne/bookros2_ws/install/gripper_controllers/share/gripper_controllers/environment/path.dsv
[6.147s] -- Symlinking: /home/joanne/bookros2_ws/install/gripper_controllers/share/gripper_controllers/local_setup.bash
[6.162s] -- Symlinking: /home/joanne/bookros2_ws/install/gripper_controllers/share/gripper_controllers/local_setup.sh
[6.178s] -- Symlinking: /home/joanne/bookros2_ws/install/gripper_controllers/share/gripper_controllers/local_setup.zsh
[6.194s] -- Symlinking: /home/joanne/bookros2_ws/install/gripper_controllers/share/gripper_controllers/local_setup.dsv
[6.206s] -- Symlinking: /home/joanne/bookros2_ws/install/gripper_controllers/share/gripper_controllers/package.dsv
[6.220s] -- Symlinking: /home/joanne/bookros2_ws/install/gripper_controllers/share/ament_index/resource_index/packages/gripper_controllers
[6.232s] -- Symlinking: /home/joanne/bookros2_ws/install/gripper_controllers/share/ament_index/resource_index/controller_interface__pluginlib__plugin/gripper_controllers
[6.244s] -- Symlinking: /home/joanne/bookros2_ws/install/gripper_controllers/share/gripper_controllers/cmake/gripper_controllersConfig.cmake
[6.260s] -- Symlinking: /home/joanne/bookros2_ws/install/gripper_controllers/share/gripper_controllers/cmake/gripper_controllersConfig-version.cmake
[6.277s] -- Symlinking: /home/joanne/bookros2_ws/install/gripper_controllers/share/gripper_controllers/package.xml
[6.298s] Invoked command in '/home/joanne/bookros2_ws/build/gripper_controllers' returned '0': AMENT_PREFIX_PATH=/home/joanne/bookros2_ws/install/controller_manager:/home/joanne/bookros2_ws/install/controller_interface:/home/joanne/bookros2_ws/install/hardware_interface:/home/joanne/bookros2_ws/install/ros2_control_test_assets:/home/joanne/bookros2_ws/install/controller_manager_msgs:${AMENT_PREFIX_PATH} CMAKE_PREFIX_PATH=/home/joanne/bookros2_ws/install/controller_manager:/home/joanne/bookros2_ws/install/controller_interface:/home/joanne/bookros2_ws/install/hardware_interface:/home/joanne/bookros2_ws/install/ros2_control_test_assets:/home/joanne/bookros2_ws/install/controller_manager_msgs:/opt/ros/foxy LD_LIBRARY_PATH=/home/joanne/bookros2_ws/install/controller_manager/lib:/home/joanne/bookros2_ws/install/controller_interface/lib:/home/joanne/bookros2_ws/install/hardware_interface/lib:/home/joanne/bookros2_ws/install/controller_manager_msgs/lib:${LD_LIBRARY_PATH} PYTHONPATH=/home/joanne/bookros2_ws/install/controller_manager/lib/python3.8/site-packages:/home/joanne/bookros2_ws/install/controller_manager_msgs/lib/python3.8/site-packages:${PYTHONPATH} /usr/bin/cmake --install /home/joanne/bookros2_ws/build/gripper_controllers
