[0.037s] Invoking command in '/home/joanne/bookros2_ws/build/pmb2_navigation': AMENT_PREFIX_PATH=/home/joanne/bookros2_ws/install/pmb2_2dnav:/home/joanne/bookros2_ws/install/pmb2_maps:${AMENT_PREFIX_PATH} CMAKE_PREFIX_PATH=/home/joanne/bookros2_ws/install/pmb2_2dnav:/home/joanne/bookros2_ws/install/pmb2_maps:/opt/ros/foxy /usr/bin/cmake /home/joanne/bookros2_ws/src/ThirdParty/pmb2_navigation/pmb2_navigation -DCMAKE_INSTALL_PREFIX=/home/joanne/bookros2_ws/install/pmb2_navigation
[6.416s] -- The C compiler identification is GNU 9.4.0
[6.416s] -- The CXX compiler identification is GNU 9.4.0
[6.416s] -- Check for working C compiler: /usr/bin/cc
[6.416s] -- Check for working C compiler: /usr/bin/cc -- works
[6.416s] -- Detecting C compiler ABI info
[6.417s] -- Detecting C compiler ABI info - done
[6.417s] -- Detecting C compile features
[6.417s] -- Detecting C compile features - done
[6.417s] -- Check for working CXX compiler: /usr/bin/c++
[6.417s] -- Check for working CXX compiler: /usr/bin/c++ -- works
[6.417s] -- Detecting CXX compiler ABI info
[6.417s] -- Detecting CXX compiler ABI info - done
[6.418s] -- Detecting CXX compile features
[6.418s] -- Detecting CXX compile features - done
[6.418s] -- Found ament_cmake_auto: 0.9.12 (/opt/ros/foxy/share/ament_cmake_auto/cmake)
[6.418s] -- Found PythonInterp: /usr/bin/python3 (found suitable version "3.8.10", minimum required is "3") 
[6.418s] -- Using PYTHON_EXECUTABLE: /usr/bin/python3
[6.418s] -- Configuring done
[6.418s] -- Generating done
[6.419s] -- Build files have been written to: /home/joanne/bookros2_ws/build/pmb2_navigation
[6.450s] Invoked command in '/home/joanne/bookros2_ws/build/pmb2_navigation' returned '0': AMENT_PREFIX_PATH=/home/joanne/bookros2_ws/install/pmb2_2dnav:/home/joanne/bookros2_ws/install/pmb2_maps:${AMENT_PREFIX_PATH} CMAKE_PREFIX_PATH=/home/joanne/bookros2_ws/install/pmb2_2dnav:/home/joanne/bookros2_ws/install/pmb2_maps:/opt/ros/foxy /usr/bin/cmake /home/joanne/bookros2_ws/src/ThirdParty/pmb2_navigation/pmb2_navigation -DCMAKE_INSTALL_PREFIX=/home/joanne/bookros2_ws/install/pmb2_navigation
[6.452s] Invoking command in '/home/joanne/bookros2_ws/build/pmb2_navigation': AMENT_PREFIX_PATH=/home/joanne/bookros2_ws/install/pmb2_2dnav:/home/joanne/bookros2_ws/install/pmb2_maps:${AMENT_PREFIX_PATH} CMAKE_PREFIX_PATH=/home/joanne/bookros2_ws/install/pmb2_2dnav:/home/joanne/bookros2_ws/install/pmb2_maps:/opt/ros/foxy /usr/bin/cmake --build /home/joanne/bookros2_ws/build/pmb2_navigation -- -j8 -l8
[13.507s] Invoked command in '/home/joanne/bookros2_ws/build/pmb2_navigation' returned '0': AMENT_PREFIX_PATH=/home/joanne/bookros2_ws/install/pmb2_2dnav:/home/joanne/bookros2_ws/install/pmb2_maps:${AMENT_PREFIX_PATH} CMAKE_PREFIX_PATH=/home/joanne/bookros2_ws/install/pmb2_2dnav:/home/joanne/bookros2_ws/install/pmb2_maps:/opt/ros/foxy /usr/bin/cmake --build /home/joanne/bookros2_ws/build/pmb2_navigation -- -j8 -l8
[13.508s] Invoking command in '/home/joanne/bookros2_ws/build/pmb2_navigation': AMENT_PREFIX_PATH=/home/joanne/bookros2_ws/install/pmb2_2dnav:/home/joanne/bookros2_ws/install/pmb2_maps:${AMENT_PREFIX_PATH} CMAKE_PREFIX_PATH=/home/joanne/bookros2_ws/install/pmb2_2dnav:/home/joanne/bookros2_ws/install/pmb2_maps:/opt/ros/foxy /usr/bin/cmake --install /home/joanne/bookros2_ws/build/pmb2_navigation
[13.641s] -- Install configuration: ""
[13.641s] -- Installing: /home/joanne/bookros2_ws/install/pmb2_navigation/share/ament_index/resource_index/package_run_dependencies/pmb2_navigation
[13.641s] -- Installing: /home/joanne/bookros2_ws/install/pmb2_navigation/share/ament_index/resource_index/parent_prefix_path/pmb2_navigation
[13.641s] -- Installing: /home/joanne/bookros2_ws/install/pmb2_navigation/share/pmb2_navigation/environment/ament_prefix_path.sh
[13.641s] -- Installing: /home/joanne/bookros2_ws/install/pmb2_navigation/share/pmb2_navigation/environment/ament_prefix_path.dsv
[13.642s] -- Installing: /home/joanne/bookros2_ws/install/pmb2_navigation/share/pmb2_navigation/environment/path.sh
[13.642s] -- Installing: /home/joanne/bookros2_ws/install/pmb2_navigation/share/pmb2_navigation/environment/path.dsv
[13.642s] -- Installing: /home/joanne/bookros2_ws/install/pmb2_navigation/share/pmb2_navigation/local_setup.bash
[13.642s] -- Installing: /home/joanne/bookros2_ws/install/pmb2_navigation/share/pmb2_navigation/local_setup.sh
[13.642s] -- Installing: /home/joanne/bookros2_ws/install/pmb2_navigation/share/pmb2_navigation/local_setup.zsh
[13.642s] -- Installing: /home/joanne/bookros2_ws/install/pmb2_navigation/share/pmb2_navigation/local_setup.dsv
[13.642s] -- Installing: /home/joanne/bookros2_ws/install/pmb2_navigation/share/pmb2_navigation/package.dsv
[13.642s] -- Installing: /home/joanne/bookros2_ws/install/pmb2_navigation/share/ament_index/resource_index/packages/pmb2_navigation
[13.642s] -- Installing: /home/joanne/bookros2_ws/install/pmb2_navigation/share/pmb2_navigation/cmake/pmb2_navigationConfig.cmake
[13.643s] -- Installing: /home/joanne/bookros2_ws/install/pmb2_navigation/share/pmb2_navigation/cmake/pmb2_navigationConfig-version.cmake
[13.643s] -- Installing: /home/joanne/bookros2_ws/install/pmb2_navigation/share/pmb2_navigation/package.xml
[13.718s] Invoked command in '/home/joanne/bookros2_ws/build/pmb2_navigation' returned '0': AMENT_PREFIX_PATH=/home/joanne/bookros2_ws/install/pmb2_2dnav:/home/joanne/bookros2_ws/install/pmb2_maps:${AMENT_PREFIX_PATH} CMAKE_PREFIX_PATH=/home/joanne/bookros2_ws/install/pmb2_2dnav:/home/joanne/bookros2_ws/install/pmb2_maps:/opt/ros/foxy /usr/bin/cmake --install /home/joanne/bookros2_ws/build/pmb2_navigation
