[0.760s] Invoking command in '/home/joanne/bookros2_ws/build/hardware_interface': CMAKE_PREFIX_PATH=/home/joanne/bookros2_ws/install/ros2_control_test_assets:/home/joanne/bookros2_ws/install/gazebo_ros2_control_demos:/home/joanne/bookros2_ws/install/ros2_controllers:/home/joanne/bookros2_ws/install/velocity_controllers:/home/joanne/bookros2_ws/install/urdf_test:/home/joanne/bookros2_ws/install/tiago_simulation:/home/joanne/bookros2_ws/install/tiago_robot:/home/joanne/bookros2_ws/install/tiago_2dnav_gazebo:/home/joanne/bookros2_ws/install/tiago_gazebo:/home/joanne/bookros2_ws/install/tiago_bringup:/home/joanne/bookros2_ws/install/pmb2_robot:/home/joanne/bookros2_ws/install/pmb2_bringup:/home/joanne/bookros2_ws/install/twist_mux:/home/joanne/bookros2_ws/install/transmission_interface:/home/joanne/bookros2_ws/install/tiago_description:/home/joanne/bookros2_ws/install/tiago_description_calibration:/home/joanne/bookros2_ws/install/tiago_controller_configuration:/home/joanne/bookros2_ws/install/ros2_control:/home/joanne/bookros2_ws/install/pal_gripper:/home/joanne/bookros2_ws/install/pal_gripper_controller_configuration:/home/joanne/bookros2_ws/install/position_controllers:/home/joanne/bookros2_ws/install/pmb2_navigation:/home/joanne/bookros2_ws/install/pmb2_2dnav:/home/joanne/bookros2_ws/install/pmb2_maps:/home/joanne/bookros2_ws/install/pmb2_description:/home/joanne/bookros2_ws/install/pmb2_controller_configuration:/home/joanne/bookros2_ws/install/pal_gripper_description:/home/joanne/bookros2_ws/install/pal_gazebo_worlds:/home/joanne/bookros2_ws/install/joint_trajectory_controller:/home/joanne/bookros2_ws/install/joint_state_controller:/home/joanne/bookros2_ws/install/joint_state_broadcaster:/home/joanne/bookros2_ws/install/imu_sensor_broadcaster:/home/joanne/bookros2_ws/install/hey5_description:/home/joanne/bookros2_ws/install/gripper_controllers:/home/joanne/bookros2_ws/install/gazebo_ros2_control:/home/joanne/bookros2_ws/install/effort_controllers:/home/joanne/bookros2_ws/install/forward_command_controller:/home/joanne/bookros2_ws/install/force_torque_sensor_broadcaster:/home/joanne/bookros2_ws/install/diff_drive_controller:/home/joanne/bookros2_ws/install/controller_manager:/home/joanne/bookros2_ws/install/controller_interface:/home/joanne/bookros2_ws/install/hardware_interface:/home/joanne/bookros2_ws/install/groot:/home/joanne/bookros2_ws/install/controller_manager_msgs:/home/joanne/bookros2_ws/install/br2_vff_avoidance:/home/joanne/bookros2_ws/install/br2_tracking:/home/joanne/bookros2_ws/install/br2_tracking_msgs:/home/joanne/bookros2_ws/install/br2_tiago:/home/joanne/bookros2_ws/install/br2_tf2_detector:/home/joanne/bookros2_ws/install/br2_navigation:/home/joanne/bookros2_ws/install/br2_fsm_bumpgo_cpp:/home/joanne/bookros2_ws/install/br2_bt_patrolling:/home/joanne/bookros2_ws/install/br2_bt_bumpgo:/home/joanne/bookros2_ws/install/br2_basics:/home/joanne/bookros2_ws/install/ros2controlcli:/home/joanne/bookros2_ws/install/launch_pal:/home/joanne/bookros2_ws/install/br2_fsm_bumpgo_py:/opt/ros/foxy /usr/bin/cmake --build /home/joanne/bookros2_ws/build/hardware_interface -- -j8 -l8
[1.055s] [  5%] Built target gmock_main
[1.057s] [ 14%] Built target gmock
[1.091s] [ 32%] Built target hardware_interface
[1.197s] [ 38%] Built target test_macros
[1.306s] [ 44%] Built target fake_components
[1.408s] [ 55%] Built target test_components
[1.445s] [ 70%] Built target test_hardware_components
[1.546s] [ 76%] Built target test_joint_handle
[1.549s] [ 82%] Built target test_generic_system
[1.565s] [ 88%] Built target test_component_interfaces
[1.573s] [ 94%] Built target test_resource_manager
[1.583s] [100%] Built target test_component_parser
[2.157s] Invoked command in '/home/joanne/bookros2_ws/build/hardware_interface' returned '0': CMAKE_PREFIX_PATH=/home/joanne/bookros2_ws/install/ros2_control_test_assets:/home/joanne/bookros2_ws/install/gazebo_ros2_control_demos:/home/joanne/bookros2_ws/install/ros2_controllers:/home/joanne/bookros2_ws/install/velocity_controllers:/home/joanne/bookros2_ws/install/urdf_test:/home/joanne/bookros2_ws/install/tiago_simulation:/home/joanne/bookros2_ws/install/tiago_robot:/home/joanne/bookros2_ws/install/tiago_2dnav_gazebo:/home/joanne/bookros2_ws/install/tiago_gazebo:/home/joanne/bookros2_ws/install/tiago_bringup:/home/joanne/bookros2_ws/install/pmb2_robot:/home/joanne/bookros2_ws/install/pmb2_bringup:/home/joanne/bookros2_ws/install/twist_mux:/home/joanne/bookros2_ws/install/transmission_interface:/home/joanne/bookros2_ws/install/tiago_description:/home/joanne/bookros2_ws/install/tiago_description_calibration:/home/joanne/bookros2_ws/install/tiago_controller_configuration:/home/joanne/bookros2_ws/install/ros2_control:/home/joanne/bookros2_ws/install/pal_gripper:/home/joanne/bookros2_ws/install/pal_gripper_controller_configuration:/home/joanne/bookros2_ws/install/position_controllers:/home/joanne/bookros2_ws/install/pmb2_navigation:/home/joanne/bookros2_ws/install/pmb2_2dnav:/home/joanne/bookros2_ws/install/pmb2_maps:/home/joanne/bookros2_ws/install/pmb2_description:/home/joanne/bookros2_ws/install/pmb2_controller_configuration:/home/joanne/bookros2_ws/install/pal_gripper_description:/home/joanne/bookros2_ws/install/pal_gazebo_worlds:/home/joanne/bookros2_ws/install/joint_trajectory_controller:/home/joanne/bookros2_ws/install/joint_state_controller:/home/joanne/bookros2_ws/install/joint_state_broadcaster:/home/joanne/bookros2_ws/install/imu_sensor_broadcaster:/home/joanne/bookros2_ws/install/hey5_description:/home/joanne/bookros2_ws/install/gripper_controllers:/home/joanne/bookros2_ws/install/gazebo_ros2_control:/home/joanne/bookros2_ws/install/effort_controllers:/home/joanne/bookros2_ws/install/forward_command_controller:/home/joanne/bookros2_ws/install/force_torque_sensor_broadcaster:/home/joanne/bookros2_ws/install/diff_drive_controller:/home/joanne/bookros2_ws/install/controller_manager:/home/joanne/bookros2_ws/install/controller_interface:/home/joanne/bookros2_ws/install/hardware_interface:/home/joanne/bookros2_ws/install/groot:/home/joanne/bookros2_ws/install/controller_manager_msgs:/home/joanne/bookros2_ws/install/br2_vff_avoidance:/home/joanne/bookros2_ws/install/br2_tracking:/home/joanne/bookros2_ws/install/br2_tracking_msgs:/home/joanne/bookros2_ws/install/br2_tiago:/home/joanne/bookros2_ws/install/br2_tf2_detector:/home/joanne/bookros2_ws/install/br2_navigation:/home/joanne/bookros2_ws/install/br2_fsm_bumpgo_cpp:/home/joanne/bookros2_ws/install/br2_bt_patrolling:/home/joanne/bookros2_ws/install/br2_bt_bumpgo:/home/joanne/bookros2_ws/install/br2_basics:/home/joanne/bookros2_ws/install/ros2controlcli:/home/joanne/bookros2_ws/install/launch_pal:/home/joanne/bookros2_ws/install/br2_fsm_bumpgo_py:/opt/ros/foxy /usr/bin/cmake --build /home/joanne/bookros2_ws/build/hardware_interface -- -j8 -l8
[2.162s] Invoking command in '/home/joanne/bookros2_ws/build/hardware_interface': CMAKE_PREFIX_PATH=/home/joanne/bookros2_ws/install/ros2_control_test_assets:/home/joanne/bookros2_ws/install/gazebo_ros2_control_demos:/home/joanne/bookros2_ws/install/ros2_controllers:/home/joanne/bookros2_ws/install/velocity_controllers:/home/joanne/bookros2_ws/install/urdf_test:/home/joanne/bookros2_ws/install/tiago_simulation:/home/joanne/bookros2_ws/install/tiago_robot:/home/joanne/bookros2_ws/install/tiago_2dnav_gazebo:/home/joanne/bookros2_ws/install/tiago_gazebo:/home/joanne/bookros2_ws/install/tiago_bringup:/home/joanne/bookros2_ws/install/pmb2_robot:/home/joanne/bookros2_ws/install/pmb2_bringup:/home/joanne/bookros2_ws/install/twist_mux:/home/joanne/bookros2_ws/install/transmission_interface:/home/joanne/bookros2_ws/install/tiago_description:/home/joanne/bookros2_ws/install/tiago_description_calibration:/home/joanne/bookros2_ws/install/tiago_controller_configuration:/home/joanne/bookros2_ws/install/ros2_control:/home/joanne/bookros2_ws/install/pal_gripper:/home/joanne/bookros2_ws/install/pal_gripper_controller_configuration:/home/joanne/bookros2_ws/install/position_controllers:/home/joanne/bookros2_ws/install/pmb2_navigation:/home/joanne/bookros2_ws/install/pmb2_2dnav:/home/joanne/bookros2_ws/install/pmb2_maps:/home/joanne/bookros2_ws/install/pmb2_description:/home/joanne/bookros2_ws/install/pmb2_controller_configuration:/home/joanne/bookros2_ws/install/pal_gripper_description:/home/joanne/bookros2_ws/install/pal_gazebo_worlds:/home/joanne/bookros2_ws/install/joint_trajectory_controller:/home/joanne/bookros2_ws/install/joint_state_controller:/home/joanne/bookros2_ws/install/joint_state_broadcaster:/home/joanne/bookros2_ws/install/imu_sensor_broadcaster:/home/joanne/bookros2_ws/install/hey5_description:/home/joanne/bookros2_ws/install/gripper_controllers:/home/joanne/bookros2_ws/install/gazebo_ros2_control:/home/joanne/bookros2_ws/install/effort_controllers:/home/joanne/bookros2_ws/install/forward_command_controller:/home/joanne/bookros2_ws/install/force_torque_sensor_broadcaster:/home/joanne/bookros2_ws/install/diff_drive_controller:/home/joanne/bookros2_ws/install/controller_manager:/home/joanne/bookros2_ws/install/controller_interface:/home/joanne/bookros2_ws/install/hardware_interface:/home/joanne/bookros2_ws/install/groot:/home/joanne/bookros2_ws/install/controller_manager_msgs:/home/joanne/bookros2_ws/install/br2_vff_avoidance:/home/joanne/bookros2_ws/install/br2_tracking:/home/joanne/bookros2_ws/install/br2_tracking_msgs:/home/joanne/bookros2_ws/install/br2_tiago:/home/joanne/bookros2_ws/install/br2_tf2_detector:/home/joanne/bookros2_ws/install/br2_navigation:/home/joanne/bookros2_ws/install/br2_fsm_bumpgo_cpp:/home/joanne/bookros2_ws/install/br2_bt_patrolling:/home/joanne/bookros2_ws/install/br2_bt_bumpgo:/home/joanne/bookros2_ws/install/br2_basics:/home/joanne/bookros2_ws/install/ros2controlcli:/home/joanne/bookros2_ws/install/launch_pal:/home/joanne/bookros2_ws/install/br2_fsm_bumpgo_py:/opt/ros/foxy /usr/bin/cmake --install /home/joanne/bookros2_ws/build/hardware_interface
[2.261s] -- Install configuration: ""
[2.282s] -- Execute custom install script
[2.282s] -- Up-to-date symlink: /home/joanne/bookros2_ws/install/hardware_interface/share/hardware_interface//fake_components_plugin_description.xml
[2.289s] -- Up-to-date symlink: /home/joanne/bookros2_ws/install/hardware_interface/include/fake_components/generic_system.hpp
[2.289s] -- Up-to-date symlink: /home/joanne/bookros2_ws/install/hardware_interface/include/fake_components/visibility_control.h
[2.293s] -- Up-to-date symlink: /home/joanne/bookros2_ws/install/hardware_interface/include/hardware_interface/actuator.hpp
[2.294s] -- Up-to-date symlink: /home/joanne/bookros2_ws/install/hardware_interface/include/hardware_interface/actuator_interface.hpp
[2.294s] -- Up-to-date symlink: /home/joanne/bookros2_ws/install/hardware_interface/include/hardware_interface/base_interface.hpp
[2.294s] -- Up-to-date symlink: /home/joanne/bookros2_ws/install/hardware_interface/include/hardware_interface/component_parser.hpp
[2.298s] -- Up-to-date symlink: /home/joanne/bookros2_ws/install/hardware_interface/include/hardware_interface/controller_info.hpp
[2.299s] -- Up-to-date symlink: /home/joanne/bookros2_ws/install/hardware_interface/include/hardware_interface/handle.hpp
[2.302s] -- Up-to-date symlink: /home/joanne/bookros2_ws/install/hardware_interface/include/hardware_interface/hardware_info.hpp
[2.323s] -- Up-to-date symlink: /home/joanne/bookros2_ws/install/hardware_interface/include/hardware_interface/loaned_command_interface.hpp
[2.324s] -- Up-to-date symlink: /home/joanne/bookros2_ws/install/hardware_interface/include/hardware_interface/loaned_state_interface.hpp
[2.324s] -- Up-to-date symlink: /home/joanne/bookros2_ws/install/hardware_interface/include/hardware_interface/macros.hpp
[2.326s] -- Up-to-date symlink: /home/joanne/bookros2_ws/install/hardware_interface/include/hardware_interface/resource_manager.hpp
[2.326s] -- Up-to-date symlink: /home/joanne/bookros2_ws/install/hardware_interface/include/hardware_interface/sensor.hpp
[2.326s] -- Up-to-date symlink: /home/joanne/bookros2_ws/install/hardware_interface/include/hardware_interface/sensor_interface.hpp
[2.329s] -- Up-to-date symlink: /home/joanne/bookros2_ws/install/hardware_interface/include/hardware_interface/system.hpp
[2.346s] -- Up-to-date symlink: /home/joanne/bookros2_ws/install/hardware_interface/include/hardware_interface/system_interface.hpp
[2.346s] -- Up-to-date symlink: /home/joanne/bookros2_ws/install/hardware_interface/include/hardware_interface/types/hardware_interface_return_values.hpp
[2.346s] -- Up-to-date symlink: /home/joanne/bookros2_ws/install/hardware_interface/include/hardware_interface/types/hardware_interface_status_values.hpp
[2.346s] -- Up-to-date symlink: /home/joanne/bookros2_ws/install/hardware_interface/include/hardware_interface/types/hardware_interface_type_values.hpp
[2.346s] -- Up-to-date symlink: /home/joanne/bookros2_ws/install/hardware_interface/include/hardware_interface/visibility_control.h
[2.347s] -- Up-to-date symlink: /home/joanne/bookros2_ws/install/hardware_interface/lib/libfake_components.so
[2.347s] -- Up-to-date symlink: /home/joanne/bookros2_ws/install/hardware_interface/lib/libhardware_interface.so
[2.347s] -- Up-to-date symlink: /home/joanne/bookros2_ws/install/hardware_interface/lib/libtest_components.so
[2.348s] -- Up-to-date symlink: /home/joanne/bookros2_ws/install/hardware_interface/share/hardware_interface/test/test_components/test_components.xml
[2.356s] -- Up-to-date symlink: /home/joanne/bookros2_ws/install/hardware_interface/lib/libtest_hardware_components.so
[2.357s] -- Up-to-date symlink: /home/joanne/bookros2_ws/install/hardware_interface/share/hardware_interface/test/test_hardware_components/test_hardware_components.xml
[2.357s] -- Up-to-date symlink: /home/joanne/bookros2_ws/install/hardware_interface/share/hardware_interface/environment/library_path.sh
[2.357s] -- Up-to-date symlink: /home/joanne/bookros2_ws/install/hardware_interface/share/hardware_interface/environment/library_path.dsv
[2.357s] -- Up-to-date symlink: /home/joanne/bookros2_ws/install/hardware_interface/share/ament_index/resource_index/package_run_dependencies/hardware_interface
[2.359s] -- Up-to-date symlink: /home/joanne/bookros2_ws/install/hardware_interface/share/ament_index/resource_index/parent_prefix_path/hardware_interface
[2.360s] -- Up-to-date symlink: /home/joanne/bookros2_ws/install/hardware_interface/share/hardware_interface/environment/ament_prefix_path.sh
[2.363s] -- Up-to-date symlink: /home/joanne/bookros2_ws/install/hardware_interface/share/hardware_interface/environment/ament_prefix_path.dsv
[2.363s] -- Up-to-date symlink: /home/joanne/bookros2_ws/install/hardware_interface/share/hardware_interface/environment/path.sh
[2.364s] -- Up-to-date symlink: /home/joanne/bookros2_ws/install/hardware_interface/share/hardware_interface/environment/path.dsv
[2.370s] -- Up-to-date symlink: /home/joanne/bookros2_ws/install/hardware_interface/share/hardware_interface/local_setup.bash
[2.383s] -- Up-to-date symlink: /home/joanne/bookros2_ws/install/hardware_interface/share/hardware_interface/local_setup.sh
[2.384s] -- Up-to-date symlink: /home/joanne/bookros2_ws/install/hardware_interface/share/hardware_interface/local_setup.zsh
[2.384s] -- Up-to-date symlink: /home/joanne/bookros2_ws/install/hardware_interface/share/hardware_interface/local_setup.dsv
[2.395s] -- Symlinking: /home/joanne/bookros2_ws/install/hardware_interface/share/hardware_interface/package.dsv
[2.446s] -- Up-to-date symlink: /home/joanne/bookros2_ws/install/hardware_interface/share/ament_index/resource_index/packages/hardware_interface
[2.446s] -- Up-to-date symlink: /home/joanne/bookros2_ws/install/hardware_interface/share/ament_index/resource_index/hardware_interface__pluginlib__plugin/hardware_interface
[2.449s] -- Up-to-date symlink: /home/joanne/bookros2_ws/install/hardware_interface/share/hardware_interface/cmake/ament_cmake_export_include_directories-extras.cmake
[2.449s] -- Up-to-date symlink: /home/joanne/bookros2_ws/install/hardware_interface/share/hardware_interface/cmake/ament_cmake_export_libraries-extras.cmake
[2.449s] -- Up-to-date symlink: /home/joanne/bookros2_ws/install/hardware_interface/share/hardware_interface/cmake/ament_cmake_export_dependencies-extras.cmake
[2.452s] -- Up-to-date symlink: /home/joanne/bookros2_ws/install/hardware_interface/share/hardware_interface/cmake/hardware_interfaceConfig.cmake
[2.452s] -- Up-to-date symlink: /home/joanne/bookros2_ws/install/hardware_interface/share/hardware_interface/cmake/hardware_interfaceConfig-version.cmake
[2.453s] -- Up-to-date symlink: /home/joanne/bookros2_ws/install/hardware_interface/share/hardware_interface/package.xml
[2.648s] Invoked command in '/home/joanne/bookros2_ws/build/hardware_interface' returned '0': CMAKE_PREFIX_PATH=/home/joanne/bookros2_ws/install/ros2_control_test_assets:/home/joanne/bookros2_ws/install/gazebo_ros2_control_demos:/home/joanne/bookros2_ws/install/ros2_controllers:/home/joanne/bookros2_ws/install/velocity_controllers:/home/joanne/bookros2_ws/install/urdf_test:/home/joanne/bookros2_ws/install/tiago_simulation:/home/joanne/bookros2_ws/install/tiago_robot:/home/joanne/bookros2_ws/install/tiago_2dnav_gazebo:/home/joanne/bookros2_ws/install/tiago_gazebo:/home/joanne/bookros2_ws/install/tiago_bringup:/home/joanne/bookros2_ws/install/pmb2_robot:/home/joanne/bookros2_ws/install/pmb2_bringup:/home/joanne/bookros2_ws/install/twist_mux:/home/joanne/bookros2_ws/install/transmission_interface:/home/joanne/bookros2_ws/install/tiago_description:/home/joanne/bookros2_ws/install/tiago_description_calibration:/home/joanne/bookros2_ws/install/tiago_controller_configuration:/home/joanne/bookros2_ws/install/ros2_control:/home/joanne/bookros2_ws/install/pal_gripper:/home/joanne/bookros2_ws/install/pal_gripper_controller_configuration:/home/joanne/bookros2_ws/install/position_controllers:/home/joanne/bookros2_ws/install/pmb2_navigation:/home/joanne/bookros2_ws/install/pmb2_2dnav:/home/joanne/bookros2_ws/install/pmb2_maps:/home/joanne/bookros2_ws/install/pmb2_description:/home/joanne/bookros2_ws/install/pmb2_controller_configuration:/home/joanne/bookros2_ws/install/pal_gripper_description:/home/joanne/bookros2_ws/install/pal_gazebo_worlds:/home/joanne/bookros2_ws/install/joint_trajectory_controller:/home/joanne/bookros2_ws/install/joint_state_controller:/home/joanne/bookros2_ws/install/joint_state_broadcaster:/home/joanne/bookros2_ws/install/imu_sensor_broadcaster:/home/joanne/bookros2_ws/install/hey5_description:/home/joanne/bookros2_ws/install/gripper_controllers:/home/joanne/bookros2_ws/install/gazebo_ros2_control:/home/joanne/bookros2_ws/install/effort_controllers:/home/joanne/bookros2_ws/install/forward_command_controller:/home/joanne/bookros2_ws/install/force_torque_sensor_broadcaster:/home/joanne/bookros2_ws/install/diff_drive_controller:/home/joanne/bookros2_ws/install/controller_manager:/home/joanne/bookros2_ws/install/controller_interface:/home/joanne/bookros2_ws/install/hardware_interface:/home/joanne/bookros2_ws/install/groot:/home/joanne/bookros2_ws/install/controller_manager_msgs:/home/joanne/bookros2_ws/install/br2_vff_avoidance:/home/joanne/bookros2_ws/install/br2_tracking:/home/joanne/bookros2_ws/install/br2_tracking_msgs:/home/joanne/bookros2_ws/install/br2_tiago:/home/joanne/bookros2_ws/install/br2_tf2_detector:/home/joanne/bookros2_ws/install/br2_navigation:/home/joanne/bookros2_ws/install/br2_fsm_bumpgo_cpp:/home/joanne/bookros2_ws/install/br2_bt_patrolling:/home/joanne/bookros2_ws/install/br2_bt_bumpgo:/home/joanne/bookros2_ws/install/br2_basics:/home/joanne/bookros2_ws/install/ros2controlcli:/home/joanne/bookros2_ws/install/launch_pal:/home/joanne/bookros2_ws/install/br2_fsm_bumpgo_py:/opt/ros/foxy /usr/bin/cmake --install /home/joanne/bookros2_ws/build/hardware_interface
