[0.148s] Invoking command in '/home/joanne/bookros2_ws/build/position_controllers': AMENT_PREFIX_PATH=/home/joanne/bookros2_ws/install/forward_command_controller:/home/joanne/bookros2_ws/install/controller_manager:/home/joanne/bookros2_ws/install/controller_interface:/home/joanne/bookros2_ws/install/hardware_interface:/home/joanne/bookros2_ws/install/ros2_control_test_assets:/home/joanne/bookros2_ws/install/controller_manager_msgs:${AMENT_PREFIX_PATH} CMAKE_PREFIX_PATH=/home/joanne/bookros2_ws/install/forward_command_controller:/home/joanne/bookros2_ws/install/controller_manager:/home/joanne/bookros2_ws/install/controller_interface:/home/joanne/bookros2_ws/install/hardware_interface:/home/joanne/bookros2_ws/install/ros2_control_test_assets:/home/joanne/bookros2_ws/install/controller_manager_msgs:/opt/ros/foxy LD_LIBRARY_PATH=/home/joanne/bookros2_ws/install/forward_command_controller/lib:/home/joanne/bookros2_ws/install/controller_manager/lib:/home/joanne/bookros2_ws/install/controller_interface/lib:/home/joanne/bookros2_ws/install/hardware_interface/lib:/home/joanne/bookros2_ws/install/controller_manager_msgs/lib:${LD_LIBRARY_PATH} PYTHONPATH=/home/joanne/bookros2_ws/install/controller_manager/lib/python3.8/site-packages:/home/joanne/bookros2_ws/install/controller_manager_msgs/lib/python3.8/site-packages:${PYTHONPATH} /usr/bin/cmake --build /home/joanne/bookros2_ws/build/position_controllers -- -j8 -l8
[0.221s] [ 18%] Built target gmock_main
[0.223s] [ 45%] Built target gmock
[0.238s] [ 63%] Built target position_controllers
[0.282s] [ 81%] Built target test_load_joint_group_position_controller
[0.288s] [100%] Built target test_joint_group_position_controller
[0.465s] Invoked command in '/home/joanne/bookros2_ws/build/position_controllers' returned '0': AMENT_PREFIX_PATH=/home/joanne/bookros2_ws/install/forward_command_controller:/home/joanne/bookros2_ws/install/controller_manager:/home/joanne/bookros2_ws/install/controller_interface:/home/joanne/bookros2_ws/install/hardware_interface:/home/joanne/bookros2_ws/install/ros2_control_test_assets:/home/joanne/bookros2_ws/install/controller_manager_msgs:${AMENT_PREFIX_PATH} CMAKE_PREFIX_PATH=/home/joanne/bookros2_ws/install/forward_command_controller:/home/joanne/bookros2_ws/install/controller_manager:/home/joanne/bookros2_ws/install/controller_interface:/home/joanne/bookros2_ws/install/hardware_interface:/home/joanne/bookros2_ws/install/ros2_control_test_assets:/home/joanne/bookros2_ws/install/controller_manager_msgs:/opt/ros/foxy LD_LIBRARY_PATH=/home/joanne/bookros2_ws/install/forward_command_controller/lib:/home/joanne/bookros2_ws/install/controller_manager/lib:/home/joanne/bookros2_ws/install/controller_interface/lib:/home/joanne/bookros2_ws/install/hardware_interface/lib:/home/joanne/bookros2_ws/install/controller_manager_msgs/lib:${LD_LIBRARY_PATH} PYTHONPATH=/home/joanne/bookros2_ws/install/controller_manager/lib/python3.8/site-packages:/home/joanne/bookros2_ws/install/controller_manager_msgs/lib/python3.8/site-packages:${PYTHONPATH} /usr/bin/cmake --build /home/joanne/bookros2_ws/build/position_controllers -- -j8 -l8
[0.471s] Invoking command in '/home/joanne/bookros2_ws/build/position_controllers': AMENT_PREFIX_PATH=/home/joanne/bookros2_ws/install/forward_command_controller:/home/joanne/bookros2_ws/install/controller_manager:/home/joanne/bookros2_ws/install/controller_interface:/home/joanne/bookros2_ws/install/hardware_interface:/home/joanne/bookros2_ws/install/ros2_control_test_assets:/home/joanne/bookros2_ws/install/controller_manager_msgs:${AMENT_PREFIX_PATH} CMAKE_PREFIX_PATH=/home/joanne/bookros2_ws/install/forward_command_controller:/home/joanne/bookros2_ws/install/controller_manager:/home/joanne/bookros2_ws/install/controller_interface:/home/joanne/bookros2_ws/install/hardware_interface:/home/joanne/bookros2_ws/install/ros2_control_test_assets:/home/joanne/bookros2_ws/install/controller_manager_msgs:/opt/ros/foxy LD_LIBRARY_PATH=/home/joanne/bookros2_ws/install/forward_command_controller/lib:/home/joanne/bookros2_ws/install/controller_manager/lib:/home/joanne/bookros2_ws/install/controller_interface/lib:/home/joanne/bookros2_ws/install/hardware_interface/lib:/home/joanne/bookros2_ws/install/controller_manager_msgs/lib:${LD_LIBRARY_PATH} PYTHONPATH=/home/joanne/bookros2_ws/install/controller_manager/lib/python3.8/site-packages:/home/joanne/bookros2_ws/install/controller_manager_msgs/lib/python3.8/site-packages:${PYTHONPATH} /usr/bin/cmake --install /home/joanne/bookros2_ws/build/position_controllers
[0.493s] -- Install configuration: ""
[0.493s] -- Execute custom install script
[0.493s] -- Up-to-date symlink: /home/joanne/bookros2_ws/install/position_controllers/share/position_controllers//position_controllers_plugins.xml
[0.493s] -- Up-to-date symlink: /home/joanne/bookros2_ws/install/position_controllers/include/position_controllers/joint_group_position_controller.hpp
[0.494s] -- Up-to-date symlink: /home/joanne/bookros2_ws/install/position_controllers/include/position_controllers/visibility_control.h
[0.494s] -- Up-to-date symlink: /home/joanne/bookros2_ws/install/position_controllers/lib/libposition_controllers.so
[0.494s] -- Up-to-date symlink: /home/joanne/bookros2_ws/install/position_controllers/share/position_controllers/environment/library_path.sh
[0.494s] -- Up-to-date symlink: /home/joanne/bookros2_ws/install/position_controllers/share/position_controllers/environment/library_path.dsv
[0.494s] -- Up-to-date symlink: /home/joanne/bookros2_ws/install/position_controllers/share/ament_index/resource_index/package_run_dependencies/position_controllers
[0.494s] -- Up-to-date symlink: /home/joanne/bookros2_ws/install/position_controllers/share/ament_index/resource_index/parent_prefix_path/position_controllers
[0.494s] -- Up-to-date symlink: /home/joanne/bookros2_ws/install/position_controllers/share/position_controllers/environment/ament_prefix_path.sh
[0.494s] -- Up-to-date symlink: /home/joanne/bookros2_ws/install/position_controllers/share/position_controllers/environment/ament_prefix_path.dsv
[0.494s] -- Up-to-date symlink: /home/joanne/bookros2_ws/install/position_controllers/share/position_controllers/environment/path.sh
[0.495s] -- Up-to-date symlink: /home/joanne/bookros2_ws/install/position_controllers/share/position_controllers/environment/path.dsv
[0.495s] -- Up-to-date symlink: /home/joanne/bookros2_ws/install/position_controllers/share/position_controllers/local_setup.bash
[0.495s] -- Up-to-date symlink: /home/joanne/bookros2_ws/install/position_controllers/share/position_controllers/local_setup.sh
[0.495s] -- Up-to-date symlink: /home/joanne/bookros2_ws/install/position_controllers/share/position_controllers/local_setup.zsh
[0.495s] -- Up-to-date symlink: /home/joanne/bookros2_ws/install/position_controllers/share/position_controllers/local_setup.dsv
[0.495s] -- Symlinking: /home/joanne/bookros2_ws/install/position_controllers/share/position_controllers/package.dsv
[0.517s] -- Up-to-date symlink: /home/joanne/bookros2_ws/install/position_controllers/share/ament_index/resource_index/packages/position_controllers
[0.518s] -- Up-to-date symlink: /home/joanne/bookros2_ws/install/position_controllers/share/ament_index/resource_index/controller_interface__pluginlib__plugin/position_controllers
[0.518s] -- Up-to-date symlink: /home/joanne/bookros2_ws/install/position_controllers/share/position_controllers/cmake/ament_cmake_export_dependencies-extras.cmake
[0.518s] -- Up-to-date symlink: /home/joanne/bookros2_ws/install/position_controllers/share/position_controllers/cmake/ament_cmake_export_include_directories-extras.cmake
[0.518s] -- Up-to-date symlink: /home/joanne/bookros2_ws/install/position_controllers/share/position_controllers/cmake/ament_cmake_export_libraries-extras.cmake
[0.518s] -- Up-to-date symlink: /home/joanne/bookros2_ws/install/position_controllers/share/position_controllers/cmake/position_controllersConfig.cmake
[0.518s] -- Up-to-date symlink: /home/joanne/bookros2_ws/install/position_controllers/share/position_controllers/cmake/position_controllersConfig-version.cmake
[0.518s] -- Up-to-date symlink: /home/joanne/bookros2_ws/install/position_controllers/share/position_controllers/package.xml
[0.564s] Invoked command in '/home/joanne/bookros2_ws/build/position_controllers' returned '0': AMENT_PREFIX_PATH=/home/joanne/bookros2_ws/install/forward_command_controller:/home/joanne/bookros2_ws/install/controller_manager:/home/joanne/bookros2_ws/install/controller_interface:/home/joanne/bookros2_ws/install/hardware_interface:/home/joanne/bookros2_ws/install/ros2_control_test_assets:/home/joanne/bookros2_ws/install/controller_manager_msgs:${AMENT_PREFIX_PATH} CMAKE_PREFIX_PATH=/home/joanne/bookros2_ws/install/forward_command_controller:/home/joanne/bookros2_ws/install/controller_manager:/home/joanne/bookros2_ws/install/controller_interface:/home/joanne/bookros2_ws/install/hardware_interface:/home/joanne/bookros2_ws/install/ros2_control_test_assets:/home/joanne/bookros2_ws/install/controller_manager_msgs:/opt/ros/foxy LD_LIBRARY_PATH=/home/joanne/bookros2_ws/install/forward_command_controller/lib:/home/joanne/bookros2_ws/install/controller_manager/lib:/home/joanne/bookros2_ws/install/controller_interface/lib:/home/joanne/bookros2_ws/install/hardware_interface/lib:/home/joanne/bookros2_ws/install/controller_manager_msgs/lib:${LD_LIBRARY_PATH} PYTHONPATH=/home/joanne/bookros2_ws/install/controller_manager/lib/python3.8/site-packages:/home/joanne/bookros2_ws/install/controller_manager_msgs/lib/python3.8/site-packages:${PYTHONPATH} /usr/bin/cmake --install /home/joanne/bookros2_ws/build/position_controllers
