[0.013s] Invoking command in '/home/joanne/bookros2_ws/build/br2_tf2_detector': CMAKE_PREFIX_PATH=${CMAKE_PREFIX_PATH}:/home/joanne/bookros2_ws/install/ros2controlcli:/home/joanne/bookros2_ws/install/launch_pal:/home/joanne/bookros2_ws/install/br2_fsm_bumpgo_py:/opt/ros/foxy /usr/bin/cmake --build /home/joanne/bookros2_ws/build/br2_tf2_detector -- -j8 -l8
[0.060s] [35m[1mScanning dependencies of target br2_tf2_detector[0m
[0.098s] [ 11%] [32mBuilding CXX object CMakeFiles/br2_tf2_detector.dir/src/br2_tf2_detector/ObstacleDetectorNode.cpp.o[0m
[4.957s] [ 22%] [32m[1mLinking CXX shared library libbr2_tf2_detector.so[0m
[5.333s] [ 55%] Built target br2_tf2_detector
[5.347s] [35m[1mScanning dependencies of target detector[0m
[5.369s] [ 66%] [32m[1mLinking CXX executable detector_improved[0m
[5.376s] [ 77%] [32mBuilding CXX object CMakeFiles/detector.dir/src/detector_main.cpp.o[0m
[5.544s] [ 88%] Built target detector_improved
[7.225s] [100%] [32m[1mLinking CXX executable detector[0m
[7.383s] [100%] Built target detector
[7.396s] Invoked command in '/home/joanne/bookros2_ws/build/br2_tf2_detector' returned '0': CMAKE_PREFIX_PATH=${CMAKE_PREFIX_PATH}:/home/joanne/bookros2_ws/install/ros2controlcli:/home/joanne/bookros2_ws/install/launch_pal:/home/joanne/bookros2_ws/install/br2_fsm_bumpgo_py:/opt/ros/foxy /usr/bin/cmake --build /home/joanne/bookros2_ws/build/br2_tf2_detector -- -j8 -l8
[7.409s] Invoking command in '/home/joanne/bookros2_ws/build/br2_tf2_detector': CMAKE_PREFIX_PATH=${CMAKE_PREFIX_PATH}:/home/joanne/bookros2_ws/install/ros2controlcli:/home/joanne/bookros2_ws/install/launch_pal:/home/joanne/bookros2_ws/install/br2_fsm_bumpgo_py:/opt/ros/foxy /usr/bin/cmake --install /home/joanne/bookros2_ws/build/br2_tf2_detector
[7.419s] -- Install configuration: ""
[7.419s] -- Execute custom install script
[7.420s] -- Up-to-date symlink: /home/joanne/bookros2_ws/install/br2_tf2_detector/lib/libbr2_tf2_detector.so
[7.420s] -- Up-to-date symlink: /home/joanne/bookros2_ws/install/br2_tf2_detector/lib/br2_tf2_detector/detector
[7.420s] -- Up-to-date symlink: /home/joanne/bookros2_ws/install/br2_tf2_detector/lib/br2_tf2_detector/detector_improved
[7.420s] -- Up-to-date symlink: /home/joanne/bookros2_ws/install/br2_tf2_detector/share/br2_tf2_detector/launch/detector_basic.launch.py
[7.421s] -- Up-to-date symlink: /home/joanne/bookros2_ws/install/br2_tf2_detector/share/br2_tf2_detector/launch/detector_improved.launch.py
[7.421s] -- Up-to-date symlink: /home/joanne/bookros2_ws/install/br2_tf2_detector/share/ament_index/resource_index/package_run_dependencies/br2_tf2_detector
[7.421s] -- Up-to-date symlink: /home/joanne/bookros2_ws/install/br2_tf2_detector/share/ament_index/resource_index/parent_prefix_path/br2_tf2_detector
[7.421s] -- Up-to-date symlink: /home/joanne/bookros2_ws/install/br2_tf2_detector/share/br2_tf2_detector/environment/ament_prefix_path.sh
[7.422s] -- Up-to-date symlink: /home/joanne/bookros2_ws/install/br2_tf2_detector/share/br2_tf2_detector/environment/ament_prefix_path.dsv
[7.422s] -- Up-to-date symlink: /home/joanne/bookros2_ws/install/br2_tf2_detector/share/br2_tf2_detector/environment/path.sh
[7.422s] -- Up-to-date symlink: /home/joanne/bookros2_ws/install/br2_tf2_detector/share/br2_tf2_detector/environment/path.dsv
[7.422s] -- Up-to-date symlink: /home/joanne/bookros2_ws/install/br2_tf2_detector/share/br2_tf2_detector/local_setup.bash
[7.422s] -- Up-to-date symlink: /home/joanne/bookros2_ws/install/br2_tf2_detector/share/br2_tf2_detector/local_setup.sh
[7.423s] -- Up-to-date symlink: /home/joanne/bookros2_ws/install/br2_tf2_detector/share/br2_tf2_detector/local_setup.zsh
[7.423s] -- Up-to-date symlink: /home/joanne/bookros2_ws/install/br2_tf2_detector/share/br2_tf2_detector/local_setup.dsv
[7.423s] -- Symlinking: /home/joanne/bookros2_ws/install/br2_tf2_detector/share/br2_tf2_detector/package.dsv
[7.433s] -- Up-to-date symlink: /home/joanne/bookros2_ws/install/br2_tf2_detector/share/ament_index/resource_index/packages/br2_tf2_detector
[7.434s] -- Up-to-date symlink: /home/joanne/bookros2_ws/install/br2_tf2_detector/share/br2_tf2_detector/cmake/br2_tf2_detectorConfig.cmake
[7.434s] -- Up-to-date symlink: /home/joanne/bookros2_ws/install/br2_tf2_detector/share/br2_tf2_detector/cmake/br2_tf2_detectorConfig-version.cmake
[7.434s] -- Up-to-date symlink: /home/joanne/bookros2_ws/install/br2_tf2_detector/share/br2_tf2_detector/package.xml
[7.436s] Invoked command in '/home/joanne/bookros2_ws/build/br2_tf2_detector' returned '0': CMAKE_PREFIX_PATH=${CMAKE_PREFIX_PATH}:/home/joanne/bookros2_ws/install/ros2controlcli:/home/joanne/bookros2_ws/install/launch_pal:/home/joanne/bookros2_ws/install/br2_fsm_bumpgo_py:/opt/ros/foxy /usr/bin/cmake --install /home/joanne/bookros2_ws/build/br2_tf2_detector
