[0.096s] Invoking command in '/home/joanne/bookros2_ws/build/br2_bt_bumpgo': CMAKE_PREFIX_PATH=${CMAKE_PREFIX_PATH}:/home/joanne/bookros2_ws/install/ros2controlcli:/home/joanne/bookros2_ws/install/launch_pal:/home/joanne/bookros2_ws/install/br2_fsm_bumpgo_py:/opt/ros/foxy /usr/bin/cmake --build /home/joanne/bookros2_ws/build/br2_bt_bumpgo -- -j8 -l8
[0.628s] [ 11%] Built target br2_forward_bt_node
[0.760s] [ 22%] Built target gtest_main
[0.944s] [ 33%] Built target gtest
[1.175s] [ 44%] Built target bt_forward
[1.408s] [ 55%] Built target bt_action_test
[1.678s] [ 66%] Built target br2_is_obstacle_bt_node
[1.929s] [ 77%] Built target br2_back_bt_node
[2.181s] [ 88%] Built target bt_bumpgo
[2.270s] [35m[1mScanning dependencies of target br2_turn_bt_node[0m
[2.444s] [ 94%] [32mBuilding CXX object CMakeFiles/br2_turn_bt_node.dir/src/br2_bt_bumpgo/Turn.cpp.o[0m
[13.382s] In file included from [01m[K/opt/ros/foxy/include/rclcpp/service.hpp:34[m[K,
[13.385s]                  from [01m[K/opt/ros/foxy/include/rclcpp/callback_group.hpp:25[m[K,
[13.385s]                  from [01m[K/opt/ros/foxy/include/rclcpp/any_executable.hpp:20[m[K,
[13.386s]                  from [01m[K/opt/ros/foxy/include/rclcpp/memory_strategy.hpp:24[m[K,
[13.387s]                  from [01m[K/opt/ros/foxy/include/rclcpp/memory_strategies.hpp:18[m[K,
[13.389s]                  from [01m[K/opt/ros/foxy/include/rclcpp/executor_options.hpp:20[m[K,
[13.394s]                  from [01m[K/opt/ros/foxy/include/rclcpp/executor.hpp:33[m[K,
[13.395s]                  from [01m[K/opt/ros/foxy/include/rclcpp/executors/multi_threaded_executor.hpp:26[m[K,
[13.398s]                  from [01m[K/opt/ros/foxy/include/rclcpp/executors.hpp:21[m[K,
[13.398s]                  from [01m[K/opt/ros/foxy/include/rclcpp/rclcpp.hpp:146[m[K,
[13.398s]                  from [01m[K/home/joanne/bookros2_ws/src/book_ros2/br2_bt_bumpgo/include/br2_bt_bumpgo/Turn.hpp:24[m[K,
[13.399s]                  from [01m[K/home/joanne/bookros2_ws/src/book_ros2/br2_bt_bumpgo/src/br2_bt_bumpgo/Turn.cpp:18[m[K:
[13.399s] [01m[K/home/joanne/bookros2_ws/src/book_ros2/br2_bt_bumpgo/src/br2_bt_bumpgo/Turn.cpp:[m[K In member function ‘[01m[Kvirtual BT::NodeStatus br2_bt_bumpgo::Turn::tick()[m[K’:
[13.399s] [01m[K/home/joanne/bookros2_ws/src/book_ros2/br2_bt_bumpgo/src/br2_bt_bumpgo/Turn.cpp:55:21:[m[K [01;31m[Kerror: [m[K‘[01m[Kclass br2_bt_bumpgo::Turn[m[K’ has no member named ‘[01m[Kget_logger[m[K’
[13.400s]    55 |   RCLCPP_INFO(this->[01;31m[Kget_logger[m[K(), "Direction %d", direction);
[13.400s]       |                     [01;31m[K^~~~~~~~~~[m[K
[13.401s] [01m[K/home/joanne/bookros2_ws/src/book_ros2/br2_bt_bumpgo/src/br2_bt_bumpgo/Turn.cpp:55:21:[m[K [01;31m[Kerror: [m[K‘[01m[Kclass br2_bt_bumpgo::Turn[m[K’ has no member named ‘[01m[Kget_logger[m[K’
[13.401s] [01m[K/home/joanne/bookros2_ws/src/book_ros2/br2_bt_bumpgo/src/br2_bt_bumpgo/Turn.cpp:55:3:[m[K [01;31m[Kerror: [m[Ktemplate argument 1 is invalid
[13.401s]    55 |   [01;31m[KRCLCPP_INFO[m[K(this->get_logger(), "Direction %d", direction);
[13.401s]       |   [01;31m[K^~~~~~~~~~~[m[K
[13.402s] [01m[K/home/joanne/bookros2_ws/src/book_ros2/br2_bt_bumpgo/src/br2_bt_bumpgo/Turn.cpp:55:3:[m[K [01;31m[Kerror: [m[Ktemplate argument 1 is invalid
[13.402s]    55 |   [01;31m[KRCLCPP_INFO[m[K(this->get_logger(), "Direction %d", direction);
[13.402s]       |   [01;31m[K^~~~~~~~~~~[m[K
[13.403s] [01m[K/home/joanne/bookros2_ws/src/book_ros2/br2_bt_bumpgo/src/br2_bt_bumpgo/Turn.cpp:55:3:[m[K [01;31m[Kerror: [m[Ktemplate argument 1 is invalid
[13.404s]    55 |   [01;31m[KRCLCPP_INFO[m[K(this->get_logger(), "Direction %d", direction);
[13.408s]       |   [01;31m[K^~~~~~~~~~~[m[K
[13.413s] In file included from [01m[K/opt/ros/foxy/include/rclcpp/client.hpp:40[m[K,
[13.419s]                  from [01m[K/opt/ros/foxy/include/rclcpp/callback_group.hpp:23[m[K,
[13.420s]                  from [01m[K/opt/ros/foxy/include/rclcpp/any_executable.hpp:20[m[K,
[13.420s]                  from [01m[K/opt/ros/foxy/include/rclcpp/memory_strategy.hpp:24[m[K,
[13.434s]                  from [01m[K/opt/ros/foxy/include/rclcpp/memory_strategies.hpp:18[m[K,
[13.434s]                  from [01m[K/opt/ros/foxy/include/rclcpp/executor_options.hpp:20[m[K,
[13.435s]                  from [01m[K/opt/ros/foxy/include/rclcpp/executor.hpp:33[m[K,
[13.436s]                  from [01m[K/opt/ros/foxy/include/rclcpp/executors/multi_threaded_executor.hpp:26[m[K,
[13.436s]                  from [01m[K/opt/ros/foxy/include/rclcpp/executors.hpp:21[m[K,
[13.436s]                  from [01m[K/opt/ros/foxy/include/rclcpp/rclcpp.hpp:146[m[K,
[13.436s]                  from [01m[K/home/joanne/bookros2_ws/src/book_ros2/br2_bt_bumpgo/include/br2_bt_bumpgo/Turn.hpp:24[m[K,
[13.437s]                  from [01m[K/home/joanne/bookros2_ws/src/book_ros2/br2_bt_bumpgo/src/br2_bt_bumpgo/Turn.cpp:18[m[K:
[13.437s] [01m[K/home/joanne/bookros2_ws/src/book_ros2/br2_bt_bumpgo/src/br2_bt_bumpgo/Turn.cpp:55:21:[m[K [01;31m[Kerror: [m[K‘[01m[Kclass br2_bt_bumpgo::Turn[m[K’ has no member named ‘[01m[Kget_logger[m[K’
[13.437s]    55 |   RCLCPP_INFO(this->[01;31m[Kget_logger[m[K(), "Direction %d", direction);
[13.438s]       |                     [01;31m[K^~~~~~~~~~[m[K
[13.438s] [01m[K/home/joanne/bookros2_ws/src/book_ros2/br2_bt_bumpgo/src/br2_bt_bumpgo/Turn.cpp:55:21:[m[K [01;31m[Kerror: [m[K‘[01m[Kclass br2_bt_bumpgo::Turn[m[K’ has no member named ‘[01m[Kget_logger[m[K’
[13.438s]    55 |   RCLCPP_INFO(this->[01;31m[Kget_logger[m[K(), "Direction %d", direction);
[13.438s]       |                     [01;31m[K^~~~~~~~~~[m[K
[20.357s] make[2]: *** [CMakeFiles/br2_turn_bt_node.dir/build.make:63: CMakeFiles/br2_turn_bt_node.dir/src/br2_bt_bumpgo/Turn.cpp.o] Error 1
[20.368s] make[1]: *** [CMakeFiles/Makefile2:156: CMakeFiles/br2_turn_bt_node.dir/all] Error 2
[20.372s] make: *** [Makefile:141: all] Error 2
[20.390s] Invoked command in '/home/joanne/bookros2_ws/build/br2_bt_bumpgo' returned '2': CMAKE_PREFIX_PATH=${CMAKE_PREFIX_PATH}:/home/joanne/bookros2_ws/install/ros2controlcli:/home/joanne/bookros2_ws/install/launch_pal:/home/joanne/bookros2_ws/install/br2_fsm_bumpgo_py:/opt/ros/foxy /usr/bin/cmake --build /home/joanne/bookros2_ws/build/br2_bt_bumpgo -- -j8 -l8
