[0.118s] Invoking command in '/home/joanne/bookros2_ws/build/br2_tf2_detector': CMAKE_PREFIX_PATH=${CMAKE_PREFIX_PATH}:/home/joanne/bookros2_ws/install/ros2controlcli:/home/joanne/bookros2_ws/install/launch_pal:/home/joanne/bookros2_ws/install/br2_fsm_bumpgo_py:/opt/ros/foxy /usr/bin/cmake --build /home/joanne/bookros2_ws/build/br2_tf2_detector -- -j8 -l8
[0.245s] [ 55%] Built target br2_tf2_detector
[0.302s] [ 77%] Built target detector
[0.325s] [100%] Built target detector_improved
[0.349s] Invoked command in '/home/joanne/bookros2_ws/build/br2_tf2_detector' returned '0': CMAKE_PREFIX_PATH=${CMAKE_PREFIX_PATH}:/home/joanne/bookros2_ws/install/ros2controlcli:/home/joanne/bookros2_ws/install/launch_pal:/home/joanne/bookros2_ws/install/br2_fsm_bumpgo_py:/opt/ros/foxy /usr/bin/cmake --build /home/joanne/bookros2_ws/build/br2_tf2_detector -- -j8 -l8
[0.353s] Invoking command in '/home/joanne/bookros2_ws/build/br2_tf2_detector': CMAKE_PREFIX_PATH=${CMAKE_PREFIX_PATH}:/home/joanne/bookros2_ws/install/ros2controlcli:/home/joanne/bookros2_ws/install/launch_pal:/home/joanne/bookros2_ws/install/br2_fsm_bumpgo_py:/opt/ros/foxy /usr/bin/cmake --install /home/joanne/bookros2_ws/build/br2_tf2_detector
[0.377s] -- Install configuration: ""
[0.378s] -- Execute custom install script
[0.378s] -- Up-to-date symlink: /home/joanne/bookros2_ws/install/br2_tf2_detector/lib/libbr2_tf2_detector.so
[0.378s] -- Up-to-date symlink: /home/joanne/bookros2_ws/install/br2_tf2_detector/lib/br2_tf2_detector/detector
[0.378s] -- Up-to-date symlink: /home/joanne/bookros2_ws/install/br2_tf2_detector/lib/br2_tf2_detector/detector_improved
[0.379s] -- Up-to-date symlink: /home/joanne/bookros2_ws/install/br2_tf2_detector/share/br2_tf2_detector/launch/detector_basic.launch.py
[0.379s] -- Up-to-date symlink: /home/joanne/bookros2_ws/install/br2_tf2_detector/share/br2_tf2_detector/launch/detector_improved.launch.py
[0.379s] -- Up-to-date symlink: /home/joanne/bookros2_ws/install/br2_tf2_detector/share/ament_index/resource_index/package_run_dependencies/br2_tf2_detector
[0.379s] -- Up-to-date symlink: /home/joanne/bookros2_ws/install/br2_tf2_detector/share/ament_index/resource_index/parent_prefix_path/br2_tf2_detector
[0.379s] -- Up-to-date symlink: /home/joanne/bookros2_ws/install/br2_tf2_detector/share/br2_tf2_detector/environment/ament_prefix_path.sh
[0.380s] -- Up-to-date symlink: /home/joanne/bookros2_ws/install/br2_tf2_detector/share/br2_tf2_detector/environment/ament_prefix_path.dsv
[0.380s] -- Up-to-date symlink: /home/joanne/bookros2_ws/install/br2_tf2_detector/share/br2_tf2_detector/environment/path.sh
[0.381s] -- Up-to-date symlink: /home/joanne/bookros2_ws/install/br2_tf2_detector/share/br2_tf2_detector/environment/path.dsv
[0.381s] -- Up-to-date symlink: /home/joanne/bookros2_ws/install/br2_tf2_detector/share/br2_tf2_detector/local_setup.bash
[0.381s] -- Up-to-date symlink: /home/joanne/bookros2_ws/install/br2_tf2_detector/share/br2_tf2_detector/local_setup.sh
[0.382s] -- Up-to-date symlink: /home/joanne/bookros2_ws/install/br2_tf2_detector/share/br2_tf2_detector/local_setup.zsh
[0.383s] -- Up-to-date symlink: /home/joanne/bookros2_ws/install/br2_tf2_detector/share/br2_tf2_detector/local_setup.dsv
[0.383s] -- Symlinking: /home/joanne/bookros2_ws/install/br2_tf2_detector/share/br2_tf2_detector/package.dsv
[0.399s] -- Up-to-date symlink: /home/joanne/bookros2_ws/install/br2_tf2_detector/share/ament_index/resource_index/packages/br2_tf2_detector
[0.401s] -- Up-to-date symlink: /home/joanne/bookros2_ws/install/br2_tf2_detector/share/br2_tf2_detector/cmake/br2_tf2_detectorConfig.cmake
[0.401s] -- Up-to-date symlink: /home/joanne/bookros2_ws/install/br2_tf2_detector/share/br2_tf2_detector/cmake/br2_tf2_detectorConfig-version.cmake
[0.401s] -- Up-to-date symlink: /home/joanne/bookros2_ws/install/br2_tf2_detector/share/br2_tf2_detector/package.xml
[0.434s] Invoked command in '/home/joanne/bookros2_ws/build/br2_tf2_detector' returned '0': CMAKE_PREFIX_PATH=${CMAKE_PREFIX_PATH}:/home/joanne/bookros2_ws/install/ros2controlcli:/home/joanne/bookros2_ws/install/launch_pal:/home/joanne/bookros2_ws/install/br2_fsm_bumpgo_py:/opt/ros/foxy /usr/bin/cmake --install /home/joanne/bookros2_ws/build/br2_tf2_detector
