-- Found ament_cmake: 0.9.12 (/opt/ros/foxy/share/ament_cmake/cmake)
-- Using PYTHON_EXECUTABLE: /usr/bin/python3
-- Override CMake install command with custom implementation using symlinks instead of copying resources
-- Configuring done
-- Generating done
-- Build files have been written to: /home/joanne/bookros2_ws/build/pmb2_robot
-- Install configuration: ""
-- Execute custom install script
-- Symlinking: /home/joanne/bookros2_ws/install/pmb2_robot/share/ament_index/resource_index/package_run_dependencies/pmb2_robot
-- Symlinking: /home/joanne/bookros2_ws/install/pmb2_robot/share/ament_index/resource_index/parent_prefix_path/pmb2_robot
-- Symlinking: /home/joanne/bookros2_ws/install/pmb2_robot/share/pmb2_robot/environment/ament_prefix_path.sh
-- Symlinking: /home/joanne/bookros2_ws/install/pmb2_robot/share/pmb2_robot/environment/ament_prefix_path.dsv
-- Symlinking: /home/joanne/bookros2_ws/install/pmb2_robot/share/pmb2_robot/environment/path.sh
-- Symlinking: /home/joanne/bookros2_ws/install/pmb2_robot/share/pmb2_robot/environment/path.dsv
-- Symlinking: /home/joanne/bookros2_ws/install/pmb2_robot/share/pmb2_robot/local_setup.bash
-- Symlinking: /home/joanne/bookros2_ws/install/pmb2_robot/share/pmb2_robot/local_setup.sh
-- Symlinking: /home/joanne/bookros2_ws/install/pmb2_robot/share/pmb2_robot/local_setup.zsh
-- Symlinking: /home/joanne/bookros2_ws/install/pmb2_robot/share/pmb2_robot/local_setup.dsv
-- Symlinking: /home/joanne/bookros2_ws/install/pmb2_robot/share/pmb2_robot/package.dsv
-- Symlinking: /home/joanne/bookros2_ws/install/pmb2_robot/share/ament_index/resource_index/packages/pmb2_robot
-- Symlinking: /home/joanne/bookros2_ws/install/pmb2_robot/share/pmb2_robot/cmake/pmb2_robotConfig.cmake
-- Symlinking: /home/joanne/bookros2_ws/install/pmb2_robot/share/pmb2_robot/cmake/pmb2_robotConfig-version.cmake
-- Symlinking: /home/joanne/bookros2_ws/install/pmb2_robot/share/pmb2_robot/package.xml
