[0.084s] Invoking command in '/home/joanne/bookros2_ws/build/br2_fsm_bumpgo_cpp': CMAKE_PREFIX_PATH=${CMAKE_PREFIX_PATH}:/home/joanne/bookros2_ws/install/ros2controlcli:/home/joanne/bookros2_ws/install/launch_pal:/home/joanne/bookros2_ws/install/br2_fsm_bumpgo_py:/opt/ros/foxy /usr/bin/cmake --build /home/joanne/bookros2_ws/build/br2_fsm_bumpgo_cpp -- -j8 -l8
[0.322s] [35m[1mScanning dependencies of target bumpgo[0m
[0.454s] [ 33%] [32mBuilding CXX object CMakeFiles/bumpgo.dir/src/bumpgo_main.cpp.o[0m
[0.455s] [ 66%] [32mBuilding CXX object CMakeFiles/bumpgo.dir/src/br2_fsm_bumpgo_cpp/BumpGoNode.cpp.o[0m
[28.772s] [100%] [32m[1mLinking CXX executable bumpgo[0m
[30.523s] [100%] Built target bumpgo
[30.582s] Invoked command in '/home/joanne/bookros2_ws/build/br2_fsm_bumpgo_cpp' returned '0': CMAKE_PREFIX_PATH=${CMAKE_PREFIX_PATH}:/home/joanne/bookros2_ws/install/ros2controlcli:/home/joanne/bookros2_ws/install/launch_pal:/home/joanne/bookros2_ws/install/br2_fsm_bumpgo_py:/opt/ros/foxy /usr/bin/cmake --build /home/joanne/bookros2_ws/build/br2_fsm_bumpgo_cpp -- -j8 -l8
[30.643s] Invoking command in '/home/joanne/bookros2_ws/build/br2_fsm_bumpgo_cpp': CMAKE_PREFIX_PATH=${CMAKE_PREFIX_PATH}:/home/joanne/bookros2_ws/install/ros2controlcli:/home/joanne/bookros2_ws/install/launch_pal:/home/joanne/bookros2_ws/install/br2_fsm_bumpgo_py:/opt/ros/foxy /usr/bin/cmake --install /home/joanne/bookros2_ws/build/br2_fsm_bumpgo_cpp
[30.676s] -- Install configuration: ""
[30.679s] -- Execute custom install script
[30.683s] -- Up-to-date symlink: /home/joanne/bookros2_ws/install/br2_fsm_bumpgo_cpp/lib/br2_fsm_bumpgo_cpp/bumpgo
[30.684s] -- Up-to-date symlink: /home/joanne/bookros2_ws/install/br2_fsm_bumpgo_cpp/share/br2_fsm_bumpgo_cpp/launch/bump_and_go.launch.py
[30.685s] -- Up-to-date symlink: /home/joanne/bookros2_ws/install/br2_fsm_bumpgo_cpp/share/ament_index/resource_index/package_run_dependencies/br2_fsm_bumpgo_cpp
[30.686s] -- Up-to-date symlink: /home/joanne/bookros2_ws/install/br2_fsm_bumpgo_cpp/share/ament_index/resource_index/parent_prefix_path/br2_fsm_bumpgo_cpp
[30.686s] -- Up-to-date symlink: /home/joanne/bookros2_ws/install/br2_fsm_bumpgo_cpp/share/br2_fsm_bumpgo_cpp/environment/ament_prefix_path.sh
[30.689s] -- Up-to-date symlink: /home/joanne/bookros2_ws/install/br2_fsm_bumpgo_cpp/share/br2_fsm_bumpgo_cpp/environment/ament_prefix_path.dsv
[30.690s] -- Up-to-date symlink: /home/joanne/bookros2_ws/install/br2_fsm_bumpgo_cpp/share/br2_fsm_bumpgo_cpp/environment/path.sh
[30.691s] -- Up-to-date symlink: /home/joanne/bookros2_ws/install/br2_fsm_bumpgo_cpp/share/br2_fsm_bumpgo_cpp/environment/path.dsv
[30.691s] -- Up-to-date symlink: /home/joanne/bookros2_ws/install/br2_fsm_bumpgo_cpp/share/br2_fsm_bumpgo_cpp/local_setup.bash
[30.692s] -- Up-to-date symlink: /home/joanne/bookros2_ws/install/br2_fsm_bumpgo_cpp/share/br2_fsm_bumpgo_cpp/local_setup.sh
[30.692s] -- Up-to-date symlink: /home/joanne/bookros2_ws/install/br2_fsm_bumpgo_cpp/share/br2_fsm_bumpgo_cpp/local_setup.zsh
[30.692s] -- Up-to-date symlink: /home/joanne/bookros2_ws/install/br2_fsm_bumpgo_cpp/share/br2_fsm_bumpgo_cpp/local_setup.dsv
[30.692s] -- Symlinking: /home/joanne/bookros2_ws/install/br2_fsm_bumpgo_cpp/share/br2_fsm_bumpgo_cpp/package.dsv
[30.734s] -- Up-to-date symlink: /home/joanne/bookros2_ws/install/br2_fsm_bumpgo_cpp/share/ament_index/resource_index/packages/br2_fsm_bumpgo_cpp
[30.739s] -- Up-to-date symlink: /home/joanne/bookros2_ws/install/br2_fsm_bumpgo_cpp/share/br2_fsm_bumpgo_cpp/cmake/br2_fsm_bumpgo_cppConfig.cmake
[30.740s] -- Up-to-date symlink: /home/joanne/bookros2_ws/install/br2_fsm_bumpgo_cpp/share/br2_fsm_bumpgo_cpp/cmake/br2_fsm_bumpgo_cppConfig-version.cmake
[30.740s] -- Up-to-date symlink: /home/joanne/bookros2_ws/install/br2_fsm_bumpgo_cpp/share/br2_fsm_bumpgo_cpp/package.xml
[30.749s] Invoked command in '/home/joanne/bookros2_ws/build/br2_fsm_bumpgo_cpp' returned '0': CMAKE_PREFIX_PATH=${CMAKE_PREFIX_PATH}:/home/joanne/bookros2_ws/install/ros2controlcli:/home/joanne/bookros2_ws/install/launch_pal:/home/joanne/bookros2_ws/install/br2_fsm_bumpgo_py:/opt/ros/foxy /usr/bin/cmake --install /home/joanne/bookros2_ws/build/br2_fsm_bumpgo_cpp
