[35m[1mScanning dependencies of target br2_tracking[0m
[ 28%] Built target gtest_main
[ 28%] Built target gtest
[ 35%] [32mBuilding CXX object CMakeFiles/br2_tracking.dir/src/br2_tracking/ObjectDetector.cpp.o[0m
In file included from [01m[K/opt/ros/foxy/include/rclcpp/node.hpp:1224[m[K,
                 from [01m[K/opt/ros/foxy/include/image_transport/image_transport.hpp:43[m[K,
                 from [01m[K/home/joanne/bookros2_ws/src/book_ros2/br2_tracking/include/br2_tracking/ObjectDetector.hpp:35[m[K,
                 from [01m[K/home/joanne/bookros2_ws/src/book_ros2/br2_tracking/src/br2_tracking/ObjectDetector.cpp:20[m[K:
/opt/ros/foxy/include/rclcpp/node_impl.hpp: In instantiation of ‘[01m[Kauto rclcpp::Node::declare_parameter(const string&, const ParameterT&, const ParameterDescriptor&, bool) [with ParameterT = std::vector<float>; std::string = std::__cxx11::basic_string<char>; rcl_interfaces::msg::ParameterDescriptor = rcl_interfaces::msg::ParameterDescriptor_<std::allocator<void> >][m[K’:
[01m[K/home/joanne/bookros2_ws/src/book_ros2/br2_tracking/src/br2_tracking/ObjectDetector.cpp:59:53:[m[K   required from here
[01m[K/opt/ros/foxy/include/rclcpp/node_impl.hpp:169:23:[m[K [01;31m[Kerror: [m[Kno matching function for call to ‘[01m[Krclcpp::ParameterValue::get<std::vector<float, std::allocator<float> > >() const[m[K’
  169 |     ).get<ParameterT>([01;31m[K)[m[K;
      |                       [01;31m[K^[m[K
In file included from [01m[K/opt/ros/foxy/include/rclcpp/parameter.hpp:26[m[K,
                 from [01m[K/opt/ros/foxy/include/rclcpp/node_interfaces/node_parameters_interface.hpp:28[m[K,
                 from [01m[K/opt/ros/foxy/include/rclcpp/node.hpp:51[m[K,
                 from [01m[K/opt/ros/foxy/include/image_transport/image_transport.hpp:43[m[K,
                 from [01m[K/home/joanne/bookros2_ws/src/book_ros2/br2_tracking/include/br2_tracking/ObjectDetector.hpp:35[m[K,
                 from [01m[K/home/joanne/bookros2_ws/src/book_ros2/br2_tracking/src/br2_tracking/ObjectDetector.cpp:20[m[K:
[01m[K/opt/ros/foxy/include/rclcpp/parameter_value.hpp:148:3:[m[K [01;36m[Knote: [m[Kcandidate: ‘[01m[Ktemplate<rclcpp::ParameterType type> constexpr typename std::enable_if<(type == rclcpp::PARAMETER_BOOL), const bool&>::type rclcpp::ParameterValue::get() const[m[K’
  148 |   [01;36m[Kget[m[K() const
      |   [01;36m[K^~~[m[K
[01m[K/opt/ros/foxy/include/rclcpp/parameter_value.hpp:148:3:[m[K [01;36m[Knote: [m[K  template argument deduction/substitution failed:
[01m[K/opt/ros/foxy/include/rclcpp/parameter_value.hpp:159:3:[m[K [01;36m[Knote: [m[Kcandidate: ‘[01m[Ktemplate<rclcpp::ParameterType type> constexpr typename std::enable_if<(type == rclcpp::PARAMETER_INTEGER), const long int&>::type rclcpp::ParameterValue::get() const[m[K’
  159 |   [01;36m[Kget[m[K() const
      |   [01;36m[K^~~[m[K
[01m[K/opt/ros/foxy/include/rclcpp/parameter_value.hpp:159:3:[m[K [01;36m[Knote: [m[K  template argument deduction/substitution failed:
[01m[K/opt/ros/foxy/include/rclcpp/parameter_value.hpp:170:3:[m[K [01;36m[Knote: [m[Kcandidate: ‘[01m[Ktemplate<rclcpp::ParameterType type> constexpr typename std::enable_if<(type == rclcpp::PARAMETER_DOUBLE), const double&>::type rclcpp::ParameterValue::get() const[m[K’
  170 |   [01;36m[Kget[m[K() const
      |   [01;36m[K^~~[m[K
[01m[K/opt/ros/foxy/include/rclcpp/parameter_value.hpp:170:3:[m[K [01;36m[Knote: [m[K  template argument deduction/substitution failed:
[01m[K/opt/ros/foxy/include/rclcpp/parameter_value.hpp:181:3:[m[K [01;36m[Knote: [m[Kcandidate: ‘[01m[Ktemplate<rclcpp::ParameterType type> constexpr typename std::enable_if<(type == rclcpp::PARAMETER_STRING), const std::__cxx11::basic_string<char>&>::type rclcpp::ParameterValue::get() const[m[K’
  181 |   [01;36m[Kget[m[K() const
      |   [01;36m[K^~~[m[K
[01m[K/opt/ros/foxy/include/rclcpp/parameter_value.hpp:181:3:[m[K [01;36m[Knote: [m[K  template argument deduction/substitution failed:
[01m[K/opt/ros/foxy/include/rclcpp/parameter_value.hpp:193:3:[m[K [01;36m[Knote: [m[Kcandidate: ‘[01m[Ktemplate<rclcpp::ParameterType type> constexpr typename std::enable_if<(type == rclcpp::PARAMETER_BYTE_ARRAY), const std::vector<unsigned char>&>::type rclcpp::ParameterValue::get() const[m[K’
  193 |   [01;36m[Kget[m[K() const
      |   [01;36m[K^~~[m[K
[01m[K/opt/ros/foxy/include/rclcpp/parameter_value.hpp:193:3:[m[K [01;36m[Knote: [m[K  template argument deduction/substitution failed:
[01m[K/opt/ros/foxy/include/rclcpp/parameter_value.hpp:205:3:[m[K [01;36m[Knote: [m[Kcandidate: ‘[01m[Ktemplate<rclcpp::ParameterType type> constexpr typename std::enable_if<(type == rclcpp::PARAMETER_BOOL_ARRAY), const std::vector<bool>&>::type rclcpp::ParameterValue::get() const[m[K’
  205 |   [01;36m[Kget[m[K() const
      |   [01;36m[K^~~[m[K
[01m[K/opt/ros/foxy/include/rclcpp/parameter_value.hpp:205:3:[m[K [01;36m[Knote: [m[K  template argument deduction/substitution failed:
[01m[K/opt/ros/foxy/include/rclcpp/parameter_value.hpp:217:3:[m[K [01;36m[Knote: [m[Kcandidate: ‘[01m[Ktemplate<rclcpp::ParameterType type> constexpr typename std::enable_if<(type == rclcpp::PARAMETER_INTEGER_ARRAY), const std::vector<long int, std::allocator<long int> >&>::type rclcpp::ParameterValue::get() const[m[K’
  217 |   [01;36m[Kget[m[K() const
      |   [01;36m[K^~~[m[K
[01m[K/opt/ros/foxy/include/rclcpp/parameter_value.hpp:217:3:[m[K [01;36m[Knote: [m[K  template argument deduction/substitution failed:
[01m[K/opt/ros/foxy/include/rclcpp/parameter_value.hpp:229:3:[m[K [01;36m[Knote: [m[Kcandidate: ‘[01m[Ktemplate<rclcpp::ParameterType type> constexpr typename std::enable_if<(type == rclcpp::PARAMETER_DOUBLE_ARRAY), const std::vector<double, std::allocator<double> >&>::type rclcpp::ParameterValue::get() const[m[K’
  229 |   [01;36m[Kget[m[K() const
      |   [01;36m[K^~~[m[K
[01m[K/opt/ros/foxy/include/rclcpp/parameter_value.hpp:229:3:[m[K [01;36m[Knote: [m[K  template argument deduction/substitution failed:
[01m[K/opt/ros/foxy/include/rclcpp/parameter_value.hpp:241:3:[m[K [01;36m[Knote: [m[Kcandidate: ‘[01m[Ktemplate<rclcpp::ParameterType type> constexpr typename std::enable_if<(type == rclcpp::PARAMETER_STRING_ARRAY), const std::vector<std::__cxx11::basic_string<char> >&>::type rclcpp::ParameterValue::get() const[m[K’
  241 |   [01;36m[Kget[m[K() const
      |   [01;36m[K^~~[m[K
[01m[K/opt/ros/foxy/include/rclcpp/parameter_value.hpp:241:3:[m[K [01;36m[Knote: [m[K  template argument deduction/substitution failed:
[01m[K/opt/ros/foxy/include/rclcpp/parameter_value.hpp:254:3:[m[K [01;36m[Knote: [m[Kcandidate: ‘[01m[Ktemplate<class type> constexpr typename std::enable_if<std::is_same<T, bool>::value, const bool&>::type rclcpp::ParameterValue::get() const[m[K’
  254 |   [01;36m[Kget[m[K() const
      |   [01;36m[K^~~[m[K
[01m[K/opt/ros/foxy/include/rclcpp/parameter_value.hpp:254:3:[m[K [01;36m[Knote: [m[K  template argument deduction/substitution failed:
/opt/ros/foxy/include/rclcpp/parameter_value.hpp: In substitution of ‘[01m[Ktemplate<class type> constexpr typename std::enable_if<std::is_same<T, bool>::value, const bool&>::type rclcpp::ParameterValue::get() const [with type = std::vector<float>][m[K’:
[01m[K/opt/ros/foxy/include/rclcpp/node_impl.hpp:169:23:[m[K   required from ‘[01m[Kauto rclcpp::Node::declare_parameter(const string&, const ParameterT&, const ParameterDescriptor&, bool) [with ParameterT = std::vector<float>; std::string = std::__cxx11::basic_string<char>; rcl_interfaces::msg::ParameterDescriptor = rcl_interfaces::msg::ParameterDescriptor_<std::allocator<void> >][m[K’
[01m[K/home/joanne/bookros2_ws/src/book_ros2/br2_tracking/src/br2_tracking/ObjectDetector.cpp:59:53:[m[K   required from here
[01m[K/opt/ros/foxy/include/rclcpp/parameter_value.hpp:254:3:[m[K [01;31m[Kerror: [m[Kno type named ‘[01m[Ktype[m[K’ in ‘[01m[Kstruct std::enable_if<false, const bool&>[m[K’
/opt/ros/foxy/include/rclcpp/node_impl.hpp: In instantiation of ‘[01m[Kauto rclcpp::Node::declare_parameter(const string&, const ParameterT&, const ParameterDescriptor&, bool) [with ParameterT = std::vector<float>; std::string = std::__cxx11::basic_string<char>; rcl_interfaces::msg::ParameterDescriptor = rcl_interfaces::msg::ParameterDescriptor_<std::allocator<void> >][m[K’:
[01m[K/home/joanne/bookros2_ws/src/book_ros2/br2_tracking/src/br2_tracking/ObjectDetector.cpp:59:53:[m[K   required from here
[01m[K/opt/ros/foxy/include/rclcpp/parameter_value.hpp:263:3:[m[K [01;36m[Knote: [m[Kcandidate: ‘[01m[Ktemplate<class type> constexpr typename std::enable_if<(std::is_integral<_Tp>::value && (! std::is_same<T, bool>::value)), const long int&>::type rclcpp::ParameterValue::get() const[m[K’
  263 |   [01;36m[Kget[m[K() const
      |   [01;36m[K^~~[m[K
[01m[K/opt/ros/foxy/include/rclcpp/parameter_value.hpp:263:3:[m[K [01;36m[Knote: [m[K  template argument deduction/substitution failed:
/opt/ros/foxy/include/rclcpp/parameter_value.hpp: In substitution of ‘[01m[Ktemplate<class type> constexpr typename std::enable_if<(std::is_integral<_Tp>::value && (! std::is_same<T, bool>::value)), const long int&>::type rclcpp::ParameterValue::get() const [with type = std::vector<float>][m[K’:
[01m[K/opt/ros/foxy/include/rclcpp/node_impl.hpp:169:23:[m[K   required from ‘[01m[Kauto rclcpp::Node::declare_parameter(const string&, const ParameterT&, const ParameterDescriptor&, bool) [with ParameterT = std::vector<float>; std::string = std::__cxx11::basic_string<char>; rcl_interfaces::msg::ParameterDescriptor = rcl_interfaces::msg::ParameterDescriptor_<std::allocator<void> >][m[K’
[01m[K/home/joanne/bookros2_ws/src/book_ros2/br2_tracking/src/br2_tracking/ObjectDetector.cpp:59:53:[m[K   required from here
[01m[K/opt/ros/foxy/include/rclcpp/parameter_value.hpp:263:3:[m[K [01;31m[Kerror: [m[Kno type named ‘[01m[Ktype[m[K’ in ‘[01m[Kstruct std::enable_if<false, const long int&>[m[K’
/opt/ros/foxy/include/rclcpp/node_impl.hpp: In instantiation of ‘[01m[Kauto rclcpp::Node::declare_parameter(const string&, const ParameterT&, const ParameterDescriptor&, bool) [with ParameterT = std::vector<float>; std::string = std::__cxx11::basic_string<char>; rcl_interfaces::msg::ParameterDescriptor = rcl_interfaces::msg::ParameterDescriptor_<std::allocator<void> >][m[K’:
[01m[K/home/joanne/bookros2_ws/src/book_ros2/br2_tracking/src/br2_tracking/ObjectDetector.cpp:59:53:[m[K   required from here
[01m[K/opt/ros/foxy/include/rclcpp/parameter_value.hpp:271:3:[m[K [01;36m[Knote: [m[Kcandidate: ‘[01m[Ktemplate<class type> constexpr typename std::enable_if<std::is_floating_point<_Tp>::value, const double&>::type rclcpp::ParameterValue::get() const[m[K’
  271 |   [01;36m[Kget[m[K() const
      |   [01;36m[K^~~[m[K
[01m[K/opt/ros/foxy/include/rclcpp/parameter_value.hpp:271:3:[m[K [01;36m[Knote: [m[K  template argument deduction/substitution failed:
/opt/ros/foxy/include/rclcpp/parameter_value.hpp: In substitution of ‘[01m[Ktemplate<class type> constexpr typename std::enable_if<std::is_floating_point<_Tp>::value, const double&>::type rclcpp::ParameterValue::get() const [with type = std::vector<float>][m[K’:
[01m[K/opt/ros/foxy/include/rclcpp/node_impl.hpp:169:23:[m[K   required from ‘[01m[Kauto rclcpp::Node::declare_parameter(const string&, const ParameterT&, const ParameterDescriptor&, bool) [with ParameterT = std::vector<float>; std::string = std::__cxx11::basic_string<char>; rcl_interfaces::msg::ParameterDescriptor = rcl_interfaces::msg::ParameterDescriptor_<std::allocator<void> >][m[K’
[01m[K/home/joanne/bookros2_ws/src/book_ros2/br2_tracking/src/br2_tracking/ObjectDetector.cpp:59:53:[m[K   required from here
[01m[K/opt/ros/foxy/include/rclcpp/parameter_value.hpp:271:3:[m[K [01;31m[Kerror: [m[Kno type named ‘[01m[Ktype[m[K’ in ‘[01m[Kstruct std::enable_if<false, const double&>[m[K’
/opt/ros/foxy/include/rclcpp/node_impl.hpp: In instantiation of ‘[01m[Kauto rclcpp::Node::declare_parameter(const string&, const ParameterT&, const ParameterDescriptor&, bool) [with ParameterT = std::vector<float>; std::string = std::__cxx11::basic_string<char>; rcl_interfaces::msg::ParameterDescriptor = rcl_interfaces::msg::ParameterDescriptor_<std::allocator<void> >][m[K’:
[01m[K/home/joanne/bookros2_ws/src/book_ros2/br2_tracking/src/br2_tracking/ObjectDetector.cpp:59:53:[m[K   required from here
[01m[K/opt/ros/foxy/include/rclcpp/parameter_value.hpp:279:3:[m[K [01;36m[Knote: [m[Kcandidate: ‘[01m[Ktemplate<class type> constexpr typename std::enable_if<std::is_convertible<type, std::__cxx11::basic_string<char> >::value, const std::__cxx11::basic_string<char>&>::type rclcpp::ParameterValue::get() const[m[K’
  279 |   [01;36m[Kget[m[K() const
      |   [01;36m[K^~~[m[K
[01m[K/opt/ros/foxy/include/rclcpp/parameter_value.hpp:279:3:[m[K [01;36m[Knote: [m[K  template argument deduction/substitution failed:
/opt/ros/foxy/include/rclcpp/parameter_value.hpp: In substitution of ‘[01m[Ktemplate<class type> constexpr typename std::enable_if<std::is_convertible<type, std::__cxx11::basic_string<char> >::value, const std::__cxx11::basic_string<char>&>::type rclcpp::ParameterValue::get() const [with type = std::vector<float>][m[K’:
[01m[K/opt/ros/foxy/include/rclcpp/node_impl.hpp:169:23:[m[K   required from ‘[01m[Kauto rclcpp::Node::declare_parameter(const string&, const ParameterT&, const ParameterDescriptor&, bool) [with ParameterT = std::vector<float>; std::string = std::__cxx11::basic_string<char>; rcl_interfaces::msg::ParameterDescriptor = rcl_interfaces::msg::ParameterDescriptor_<std::allocator<void> >][m[K’
[01m[K/home/joanne/bookros2_ws/src/book_ros2/br2_tracking/src/br2_tracking/ObjectDetector.cpp:59:53:[m[K   required from here
[01m[K/opt/ros/foxy/include/rclcpp/parameter_value.hpp:279:3:[m[K [01;31m[Kerror: [m[Kno type named ‘[01m[Ktype[m[K’ in ‘[01m[Kstruct std::enable_if<false, const std::__cxx11::basic_string<char>&>[m[K’
/opt/ros/foxy/include/rclcpp/node_impl.hpp: In instantiation of ‘[01m[Kauto rclcpp::Node::declare_parameter(const string&, const ParameterT&, const ParameterDescriptor&, bool) [with ParameterT = std::vector<float>; std::string = std::__cxx11::basic_string<char>; rcl_interfaces::msg::ParameterDescriptor = rcl_interfaces::msg::ParameterDescriptor_<std::allocator<void> >][m[K’:
[01m[K/home/joanne/bookros2_ws/src/book_ros2/br2_tracking/src/br2_tracking/ObjectDetector.cpp:59:53:[m[K   required from here
[01m[K/opt/ros/foxy/include/rclcpp/parameter_value.hpp:289:3:[m[K [01;36m[Knote: [m[Kcandidate: ‘[01m[Ktemplate<class type> constexpr typename std::enable_if<std::is_convertible<type, const std::vector<unsigned char>&>::value, const std::vector<unsigned char>&>::type rclcpp::ParameterValue::get() const[m[K’
  289 |   [01;36m[Kget[m[K() const
      |   [01;36m[K^~~[m[K
[01m[K/opt/ros/foxy/include/rclcpp/parameter_value.hpp:289:3:[m[K [01;36m[Knote: [m[K  template argument deduction/substitution failed:
/opt/ros/foxy/include/rclcpp/parameter_value.hpp: In substitution of ‘[01m[Ktemplate<class type> constexpr typename std::enable_if<std::is_convertible<type, const std::vector<unsigned char>&>::value, const std::vector<unsigned char>&>::type rclcpp::ParameterValue::get() const [with type = std::vector<float>][m[K’:
[01m[K/opt/ros/foxy/include/rclcpp/node_impl.hpp:169:23:[m[K   required from ‘[01m[Kauto rclcpp::Node::declare_parameter(const string&, const ParameterT&, const ParameterDescriptor&, bool) [with ParameterT = std::vector<float>; std::string = std::__cxx11::basic_string<char>; rcl_interfaces::msg::ParameterDescriptor = rcl_interfaces::msg::ParameterDescriptor_<std::allocator<void> >][m[K’
[01m[K/home/joanne/bookros2_ws/src/book_ros2/br2_tracking/src/br2_tracking/ObjectDetector.cpp:59:53:[m[K   required from here
[01m[K/opt/ros/foxy/include/rclcpp/parameter_value.hpp:289:3:[m[K [01;31m[Kerror: [m[Kno type named ‘[01m[Ktype[m[K’ in ‘[01m[Kstruct std::enable_if<false, const std::vector<unsigned char>&>[m[K’
/opt/ros/foxy/include/rclcpp/node_impl.hpp: In instantiation of ‘[01m[Kauto rclcpp::Node::declare_parameter(const string&, const ParameterT&, const ParameterDescriptor&, bool) [with ParameterT = std::vector<float>; std::string = std::__cxx11::basic_string<char>; rcl_interfaces::msg::ParameterDescriptor = rcl_interfaces::msg::ParameterDescriptor_<std::allocator<void> >][m[K’:
[01m[K/home/joanne/bookros2_ws/src/book_ros2/br2_tracking/src/br2_tracking/ObjectDetector.cpp:59:53:[m[K   required from here
[01m[K/opt/ros/foxy/include/rclcpp/parameter_value.hpp:299:3:[m[K [01;36m[Knote: [m[Kcandidate: ‘[01m[Ktemplate<class type> constexpr typename std::enable_if<std::is_convertible<type, const std::vector<bool>&>::value, const std::vector<bool>&>::type rclcpp::ParameterValue::get() const[m[K’
  299 |   [01;36m[Kget[m[K() const
      |   [01;36m[K^~~[m[K
[01m[K/opt/ros/foxy/include/rclcpp/parameter_value.hpp:299:3:[m[K [01;36m[Knote: [m[K  template argument deduction/substitution failed:
/opt/ros/foxy/include/rclcpp/parameter_value.hpp: In substitution of ‘[01m[Ktemplate<class type> constexpr typename std::enable_if<std::is_convertible<type, const std::vector<bool>&>::value, const std::vector<bool>&>::type rclcpp::ParameterValue::get() const [with type = std::vector<float>][m[K’:
[01m[K/opt/ros/foxy/include/rclcpp/node_impl.hpp:169:23:[m[K   required from ‘[01m[Kauto rclcpp::Node::declare_parameter(const string&, const ParameterT&, const ParameterDescriptor&, bool) [with ParameterT = std::vector<float>; std::string = std::__cxx11::basic_string<char>; rcl_interfaces::msg::ParameterDescriptor = rcl_interfaces::msg::ParameterDescriptor_<std::allocator<void> >][m[K’
[01m[K/home/joanne/bookros2_ws/src/book_ros2/br2_tracking/src/br2_tracking/ObjectDetector.cpp:59:53:[m[K   required from here
[01m[K/opt/ros/foxy/include/rclcpp/parameter_value.hpp:299:3:[m[K [01;31m[Kerror: [m[Kno type named ‘[01m[Ktype[m[K’ in ‘[01m[Kstruct std::enable_if<false, const std::vector<bool>&>[m[K’
/opt/ros/foxy/include/rclcpp/node_impl.hpp: In instantiation of ‘[01m[Kauto rclcpp::Node::declare_parameter(const string&, const ParameterT&, const ParameterDescriptor&, bool) [with ParameterT = std::vector<float>; std::string = std::__cxx11::basic_string<char>; rcl_interfaces::msg::ParameterDescriptor = rcl_interfaces::msg::ParameterDescriptor_<std::allocator<void> >][m[K’:
[01m[K/home/joanne/bookros2_ws/src/book_ros2/br2_tracking/src/br2_tracking/ObjectDetector.cpp:59:53:[m[K   required from here
[01m[K/opt/ros/foxy/include/rclcpp/parameter_value.hpp:309:3:[m[K [01;36m[Knote: [m[Kcandidate: ‘[01m[Ktemplate<class type> constexpr typename std::enable_if<std::is_convertible<type, const std::vector<long int, std::allocator<long int> >&>::value, const std::vector<long int, std::allocator<long int> >&>::type rclcpp::ParameterValue::get() const[m[K’
  309 |   [01;36m[Kget[m[K() const
      |   [01;36m[K^~~[m[K
[01m[K/opt/ros/foxy/include/rclcpp/parameter_value.hpp:309:3:[m[K [01;36m[Knote: [m[K  template argument deduction/substitution failed:
/opt/ros/foxy/include/rclcpp/parameter_value.hpp: In substitution of ‘[01m[Ktemplate<class type> constexpr typename std::enable_if<std::is_convertible<type, const std::vector<long int, std::allocator<long int> >&>::value, const std::vector<long int, std::allocator<long int> >&>::type rclcpp::ParameterValue::get() const [with type = std::vector<float>][m[K’:
[01m[K/opt/ros/foxy/include/rclcpp/node_impl.hpp:169:23:[m[K   required from ‘[01m[Kauto rclcpp::Node::declare_parameter(const string&, const ParameterT&, const ParameterDescriptor&, bool) [with ParameterT = std::vector<float>; std::string = std::__cxx11::basic_string<char>; rcl_interfaces::msg::ParameterDescriptor = rcl_interfaces::msg::ParameterDescriptor_<std::allocator<void> >][m[K’
[01m[K/home/joanne/bookros2_ws/src/book_ros2/br2_tracking/src/br2_tracking/ObjectDetector.cpp:59:53:[m[K   required from here
[01m[K/opt/ros/foxy/include/rclcpp/parameter_value.hpp:309:3:[m[K [01;31m[Kerror: [m[Kno type named ‘[01m[Ktype[m[K’ in ‘[01m[Kstruct std::enable_if<false, const std::vector<long int, std::allocator<long int> >&>[m[K’
/opt/ros/foxy/include/rclcpp/node_impl.hpp: In instantiation of ‘[01m[Kauto rclcpp::Node::declare_parameter(const string&, const ParameterT&, const ParameterDescriptor&, bool) [with ParameterT = std::vector<float>; std::string = std::__cxx11::basic_string<char>; rcl_interfaces::msg::ParameterDescriptor = rcl_interfaces::msg::ParameterDescriptor_<std::allocator<void> >][m[K’:
[01m[K/home/joanne/bookros2_ws/src/book_ros2/br2_tracking/src/br2_tracking/ObjectDetector.cpp:59:53:[m[K   required from here
[01m[K/opt/ros/foxy/include/rclcpp/parameter_value.hpp:319:3:[m[K [01;36m[Knote: [m[Kcandidate: ‘[01m[Ktemplate<class type> constexpr typename std::enable_if<std::is_convertible<type, const std::vector<double, std::allocator<double> >&>::value, const std::vector<double, std::allocator<double> >&>::type rclcpp::ParameterValue::get() const[m[K’
  319 |   [01;36m[Kget[m[K() const
      |   [01;36m[K^~~[m[K
[01m[K/opt/ros/foxy/include/rclcpp/parameter_value.hpp:319:3:[m[K [01;36m[Knote: [m[K  template argument deduction/substitution failed:
/opt/ros/foxy/include/rclcpp/parameter_value.hpp: In substitution of ‘[01m[Ktemplate<class type> constexpr typename std::enable_if<std::is_convertible<type, const std::vector<double, std::allocator<double> >&>::value, const std::vector<double, std::allocator<double> >&>::type rclcpp::ParameterValue::get() const [with type = std::vector<float>][m[K’:
[01m[K/opt/ros/foxy/include/rclcpp/node_impl.hpp:169:23:[m[K   required from ‘[01m[Kauto rclcpp::Node::declare_parameter(const string&, const ParameterT&, const ParameterDescriptor&, bool) [with ParameterT = std::vector<float>; std::string = std::__cxx11::basic_string<char>; rcl_interfaces::msg::ParameterDescriptor = rcl_interfaces::msg::ParameterDescriptor_<std::allocator<void> >][m[K’
[01m[K/home/joanne/bookros2_ws/src/book_ros2/br2_tracking/src/br2_tracking/ObjectDetector.cpp:59:53:[m[K   required from here
[01m[K/opt/ros/foxy/include/rclcpp/parameter_value.hpp:319:3:[m[K [01;31m[Kerror: [m[Kno type named ‘[01m[Ktype[m[K’ in ‘[01m[Kstruct std::enable_if<false, const std::vector<double, std::allocator<double> >&>[m[K’
/opt/ros/foxy/include/rclcpp/node_impl.hpp: In instantiation of ‘[01m[Kauto rclcpp::Node::declare_parameter(const string&, const ParameterT&, const ParameterDescriptor&, bool) [with ParameterT = std::vector<float>; std::string = std::__cxx11::basic_string<char>; rcl_interfaces::msg::ParameterDescriptor = rcl_interfaces::msg::ParameterDescriptor_<std::allocator<void> >][m[K’:
[01m[K/home/joanne/bookros2_ws/src/book_ros2/br2_tracking/src/br2_tracking/ObjectDetector.cpp:59:53:[m[K   required from here
[01m[K/opt/ros/foxy/include/rclcpp/parameter_value.hpp:329:3:[m[K [01;36m[Knote: [m[Kcandidate: ‘[01m[Ktemplate<class type> constexpr typename std::enable_if<std::is_convertible<type, const std::vector<std::__cxx11::basic_string<char> >&>::value, const std::vector<std::__cxx11::basic_string<char> >&>::type rclcpp::ParameterValue::get() const[m[K’
  329 |   [01;36m[Kget[m[K() const
      |   [01;36m[K^~~[m[K
[01m[K/opt/ros/foxy/include/rclcpp/parameter_value.hpp:329:3:[m[K [01;36m[Knote: [m[K  template argument deduction/substitution failed:
/opt/ros/foxy/include/rclcpp/parameter_value.hpp: In substitution of ‘[01m[Ktemplate<class type> constexpr typename std::enable_if<std::is_convertible<type, const std::vector<std::__cxx11::basic_string<char> >&>::value, const std::vector<std::__cxx11::basic_string<char> >&>::type rclcpp::ParameterValue::get() const [with type = std::vector<float>][m[K’:
[01m[K/opt/ros/foxy/include/rclcpp/node_impl.hpp:169:23:[m[K   required from ‘[01m[Kauto rclcpp::Node::declare_parameter(const string&, const ParameterT&, const ParameterDescriptor&, bool) [with ParameterT = std::vector<float>; std::string = std::__cxx11::basic_string<char>; rcl_interfaces::msg::ParameterDescriptor = rcl_interfaces::msg::ParameterDescriptor_<std::allocator<void> >][m[K’
[01m[K/home/joanne/bookros2_ws/src/book_ros2/br2_tracking/src/br2_tracking/ObjectDetector.cpp:59:53:[m[K   required from here
[01m[K/opt/ros/foxy/include/rclcpp/parameter_value.hpp:329:3:[m[K [01;31m[Kerror: [m[Kno type named ‘[01m[Ktype[m[K’ in ‘[01m[Kstruct std::enable_if<false, const std::vector<std::__cxx11::basic_string<char> >&>[m[K’
[01m[K/home/joanne/bookros2_ws/src/book_ros2/br2_tracking/src/br2_tracking/ObjectDetector.cpp:[m[K In member function ‘[01m[Kvoid br2_tracking::ObjectDetector::pointCloudCallback(sensor_msgs::msg::PointCloud2_<std::allocator<void> >::ConstSharedPtr)[m[K’:
[01m[K/home/joanne/bookros2_ws/src/book_ros2/br2_tracking/src/br2_tracking/ObjectDetector.cpp:135:32:[m[K [01;31m[Kerror: [m[Kno matching function for call to ‘[01m[KfromROSMsg(const ConstSharedPtr&, pcl::PointCloud<pcl::PointXYZ>&)[m[K’
  135 |     pcl::fromROSMsg(msg, *cloud[01;31m[K)[m[K;
      |                                [01;31m[K^[m[K
In file included from [01m[K/home/joanne/bookros2_ws/src/book_ros2/br2_tracking/include/br2_tracking/ObjectDetector.hpp:46[m[K,
                 from [01m[K/home/joanne/bookros2_ws/src/book_ros2/br2_tracking/src/br2_tracking/ObjectDetector.cpp:20[m[K:
[01m[K/opt/ros/foxy/include/pcl_conversions/pcl_conversions.h:566:8:[m[K [01;36m[Knote: [m[Kcandidate: ‘[01m[Ktemplate<class T> void pcl::fromROSMsg(const PointCloud2&, pcl::PointCloud<PointT>&)[m[K’
  566 |   void [01;36m[KfromROSMsg[m[K(const sensor_msgs::msg::PointCloud2 &cloud, pcl::PointCloud<T> &pcl_cloud)
      |        [01;36m[K^~~~~~~~~~[m[K
[01m[K/opt/ros/foxy/include/pcl_conversions/pcl_conversions.h:566:8:[m[K [01;36m[Knote: [m[K  template argument deduction/substitution failed:
[01m[K/home/joanne/bookros2_ws/src/book_ros2/br2_tracking/src/br2_tracking/ObjectDetector.cpp:135:21:[m[K [01;36m[Knote: [m[K  cannot convert ‘[01m[Kmsg[m[K’ (type ‘[01m[Kconst ConstSharedPtr[m[K’ {aka ‘[01m[Kconst std::shared_ptr<const sensor_msgs::msg::PointCloud2_<std::allocator<void> > >[m[K’}) to type ‘[01m[Kconst PointCloud2&[m[K’ {aka ‘[01m[Kconst sensor_msgs::msg::PointCloud2_<std::allocator<void> >&[m[K’}
  135 |     pcl::fromROSMsg([01;36m[Kmsg[m[K, *cloud);
      |                     [01;36m[K^~~[m[K
[01m[K/home/joanne/bookros2_ws/src/book_ros2/br2_tracking/src/br2_tracking/ObjectDetector.cpp:166:12:[m[K [01;31m[Kerror: [m[K‘[01m[Kcompute3DCentroid[m[K’ is not a member of ‘[01m[Kpcl[m[K’
  166 |       pcl::[01;31m[Kcompute3DCentroid[m[K(*cluster_cloud, centroid);
      |            [01;31m[K^~~~~~~~~~~~~~~~~[m[K
[01m[K/home/joanne/bookros2_ws/src/book_ros2/br2_tracking/src/br2_tracking/ObjectDetector.cpp:219:30:[m[K [01;31m[Kerror: [m[K‘[01m[K__gnu_cxx::__alloc_traits<std::allocator<vision_msgs::msg::ObjectHypothesisWithPose_<std::allocator<void> > >, vision_msgs::msg::ObjectHypothesisWithPose_<std::allocator<void> > >::value_type[m[K’ {aka ‘[01m[Kstruct vision_msgs::msg::ObjectHypothesisWithPose_<std::allocator<void> >[m[K’} has no member named ‘[01m[Khypothesis[m[K’
  219 |       detection3d.results[0].[01;31m[Khypothesis[m[K.score = calculateConfidenceScore(cluster_cloud);
      |                              [01;31m[K^~~~~~~~~~[m[K
[01m[K/home/joanne/bookros2_ws/src/book_ros2/br2_tracking/src/br2_tracking/ObjectDetector.cpp:220:30:[m[K [01;31m[Kerror: [m[K‘[01m[K__gnu_cxx::__alloc_traits<std::allocator<vision_msgs::msg::ObjectHypothesisWithPose_<std::allocator<void> > >, vision_msgs::msg::ObjectHypothesisWithPose_<std::allocator<void> > >::value_type[m[K’ {aka ‘[01m[Kstruct vision_msgs::msg::ObjectHypothesisWithPose_<std::allocator<void> >[m[K’} has no member named ‘[01m[Khypothesis[m[K’
  220 |       detection3d.results[0].[01;31m[Khypothesis[m[K.class_id = "object";  // Or classify the object type
      |                              [01;31m[K^~~~~~~~~~[m[K
In file included from [01m[K/opt/ros/foxy/include/rclcpp/node_interfaces/node_parameters_interface.hpp:28[m[K,
                 from [01m[K/opt/ros/foxy/include/rclcpp/node.hpp:51[m[K,
                 from [01m[K/opt/ros/foxy/include/image_transport/image_transport.hpp:43[m[K,
                 from [01m[K/home/joanne/bookros2_ws/src/book_ros2/br2_tracking/include/br2_tracking/ObjectDetector.hpp:35[m[K,
                 from [01m[K/home/joanne/bookros2_ws/src/book_ros2/br2_tracking/src/br2_tracking/ObjectDetector.cpp:20[m[K:
/opt/ros/foxy/include/rclcpp/parameter.hpp: In instantiation of ‘[01m[Kauto rclcpp::detail::get_value_helper(const rclcpp::Parameter*) [with T = std::vector<float>][m[K’:
[01m[K/opt/ros/foxy/include/rclcpp/parameter.hpp:273:39:[m[K   required from ‘[01m[Kdecltype(auto) rclcpp::Parameter::get_value() const [with T = std::vector<float>][m[K’
[01m[K/opt/ros/foxy/include/rclcpp/node_impl.hpp:234:17:[m[K   required from ‘[01m[Kbool rclcpp::Node::get_parameter(const string&, ParameterT&) const [with ParameterT = std::vector<float>; std::string = std::__cxx11::basic_string<char>][m[K’
[01m[K/home/joanne/bookros2_ws/src/book_ros2/br2_tracking/src/br2_tracking/ObjectDetector.cpp:62:49:[m[K   required from here
[01m[K/opt/ros/foxy/include/rclcpp/parameter.hpp:239:50:[m[K [01;31m[Kerror: [m[Kno matching function for call to ‘[01m[Krclcpp::ParameterValue::get<std::vector<float, std::allocator<float> > >() const[m[K’
  239 |   return parameter->get_parameter_value().get<T>([01;31m[K)[m[K;
      |                                                  [01;31m[K^[m[K
In file included from [01m[K/opt/ros/foxy/include/rclcpp/parameter.hpp:26[m[K,
                 from [01m[K/opt/ros/foxy/include/rclcpp/node_interfaces/node_parameters_interface.hpp:28[m[K,
                 from [01m[K/opt/ros/foxy/include/rclcpp/node.hpp:51[m[K,
                 from [01m[K/opt/ros/foxy/include/image_transport/image_transport.hpp:43[m[K,
                 from [01m[K/home/joanne/bookros2_ws/src/book_ros2/br2_tracking/include/br2_tracking/ObjectDetector.hpp:35[m[K,
                 from [01m[K/home/joanne/bookros2_ws/src/book_ros2/br2_tracking/src/br2_tracking/ObjectDetector.cpp:20[m[K:
[01m[K/opt/ros/foxy/include/rclcpp/parameter_value.hpp:148:3:[m[K [01;36m[Knote: [m[Kcandidate: ‘[01m[Ktemplate<rclcpp::ParameterType type> constexpr typename std::enable_if<(type == rclcpp::PARAMETER_BOOL), const bool&>::type rclcpp::ParameterValue::get() const[m[K’
  148 |   [01;36m[Kget[m[K() const
      |   [01;36m[K^~~[m[K
[01m[K/opt/ros/foxy/include/rclcpp/parameter_value.hpp:148:3:[m[K [01;36m[Knote: [m[K  template argument deduction/substitution failed:
[01m[K/opt/ros/foxy/include/rclcpp/parameter_value.hpp:159:3:[m[K [01;36m[Knote: [m[Kcandidate: ‘[01m[Ktemplate<rclcpp::ParameterType type> constexpr typename std::enable_if<(type == rclcpp::PARAMETER_INTEGER), const long int&>::type rclcpp::ParameterValue::get() const[m[K’
  159 |   [01;36m[Kget[m[K() const
      |   [01;36m[K^~~[m[K
[01m[K/opt/ros/foxy/include/rclcpp/parameter_value.hpp:159:3:[m[K [01;36m[Knote: [m[K  template argument deduction/substitution failed:
[01m[K/opt/ros/foxy/include/rclcpp/parameter_value.hpp:170:3:[m[K [01;36m[Knote: [m[Kcandidate: ‘[01m[Ktemplate<rclcpp::ParameterType type> constexpr typename std::enable_if<(type == rclcpp::PARAMETER_DOUBLE), const double&>::type rclcpp::ParameterValue::get() const[m[K’
  170 |   [01;36m[Kget[m[K() const
      |   [01;36m[K^~~[m[K
[01m[K/opt/ros/foxy/include/rclcpp/parameter_value.hpp:170:3:[m[K [01;36m[Knote: [m[K  template argument deduction/substitution failed:
[01m[K/opt/ros/foxy/include/rclcpp/parameter_value.hpp:181:3:[m[K [01;36m[Knote: [m[Kcandidate: ‘[01m[Ktemplate<rclcpp::ParameterType type> constexpr typename std::enable_if<(type == rclcpp::PARAMETER_STRING), const std::__cxx11::basic_string<char>&>::type rclcpp::ParameterValue::get() const[m[K’
  181 |   [01;36m[Kget[m[K() const
      |   [01;36m[K^~~[m[K
[01m[K/opt/ros/foxy/include/rclcpp/parameter_value.hpp:181:3:[m[K [01;36m[Knote: [m[K  template argument deduction/substitution failed:
[01m[K/opt/ros/foxy/include/rclcpp/parameter_value.hpp:193:3:[m[K [01;36m[Knote: [m[Kcandidate: ‘[01m[Ktemplate<rclcpp::ParameterType type> constexpr typename std::enable_if<(type == rclcpp::PARAMETER_BYTE_ARRAY), const std::vector<unsigned char>&>::type rclcpp::ParameterValue::get() const[m[K’
  193 |   [01;36m[Kget[m[K() const
      |   [01;36m[K^~~[m[K
[01m[K/opt/ros/foxy/include/rclcpp/parameter_value.hpp:193:3:[m[K [01;36m[Knote: [m[K  template argument deduction/substitution failed:
[01m[K/opt/ros/foxy/include/rclcpp/parameter_value.hpp:205:3:[m[K [01;36m[Knote: [m[Kcandidate: ‘[01m[Ktemplate<rclcpp::ParameterType type> constexpr typename std::enable_if<(type == rclcpp::PARAMETER_BOOL_ARRAY), const std::vector<bool>&>::type rclcpp::ParameterValue::get() const[m[K’
  205 |   [01;36m[Kget[m[K() const
      |   [01;36m[K^~~[m[K
[01m[K/opt/ros/foxy/include/rclcpp/parameter_value.hpp:205:3:[m[K [01;36m[Knote: [m[K  template argument deduction/substitution failed:
[01m[K/opt/ros/foxy/include/rclcpp/parameter_value.hpp:217:3:[m[K [01;36m[Knote: [m[Kcandidate: ‘[01m[Ktemplate<rclcpp::ParameterType type> constexpr typename std::enable_if<(type == rclcpp::PARAMETER_INTEGER_ARRAY), const std::vector<long int, std::allocator<long int> >&>::type rclcpp::ParameterValue::get() const[m[K’
  217 |   [01;36m[Kget[m[K() const
      |   [01;36m[K^~~[m[K
[01m[K/opt/ros/foxy/include/rclcpp/parameter_value.hpp:217:3:[m[K [01;36m[Knote: [m[K  template argument deduction/substitution failed:
[01m[K/opt/ros/foxy/include/rclcpp/parameter_value.hpp:229:3:[m[K [01;36m[Knote: [m[Kcandidate: ‘[01m[Ktemplate<rclcpp::ParameterType type> constexpr typename std::enable_if<(type == rclcpp::PARAMETER_DOUBLE_ARRAY), const std::vector<double, std::allocator<double> >&>::type rclcpp::ParameterValue::get() const[m[K’
  229 |   [01;36m[Kget[m[K() const
      |   [01;36m[K^~~[m[K
[01m[K/opt/ros/foxy/include/rclcpp/parameter_value.hpp:229:3:[m[K [01;36m[Knote: [m[K  template argument deduction/substitution failed:
[01m[K/opt/ros/foxy/include/rclcpp/parameter_value.hpp:241:3:[m[K [01;36m[Knote: [m[Kcandidate: ‘[01m[Ktemplate<rclcpp::ParameterType type> constexpr typename std::enable_if<(type == rclcpp::PARAMETER_STRING_ARRAY), const std::vector<std::__cxx11::basic_string<char> >&>::type rclcpp::ParameterValue::get() const[m[K’
  241 |   [01;36m[Kget[m[K() const
      |   [01;36m[K^~~[m[K
[01m[K/opt/ros/foxy/include/rclcpp/parameter_value.hpp:241:3:[m[K [01;36m[Knote: [m[K  template argument deduction/substitution failed:
[01m[K/opt/ros/foxy/include/rclcpp/parameter_value.hpp:254:3:[m[K [01;36m[Knote: [m[Kcandidate: ‘[01m[Ktemplate<class type> constexpr typename std::enable_if<std::is_same<T, bool>::value, const bool&>::type rclcpp::ParameterValue::get() const[m[K’
  254 |   [01;36m[Kget[m[K() const
      |   [01;36m[K^~~[m[K
[01m[K/opt/ros/foxy/include/rclcpp/parameter_value.hpp:254:3:[m[K [01;36m[Knote: [m[K  template argument deduction/substitution failed:
/opt/ros/foxy/include/rclcpp/parameter_value.hpp: In substitution of ‘[01m[Ktemplate<class type> constexpr typename std::enable_if<std::is_same<T, bool>::value, const bool&>::type rclcpp::ParameterValue::get() const [with type = std::vector<float>][m[K’:
[01m[K/opt/ros/foxy/include/rclcpp/parameter.hpp:239:50:[m[K   required from ‘[01m[Kauto rclcpp::detail::get_value_helper(const rclcpp::Parameter*) [with T = std::vector<float>][m[K’
[01m[K/opt/ros/foxy/include/rclcpp/parameter.hpp:273:39:[m[K   required from ‘[01m[Kdecltype(auto) rclcpp::Parameter::get_value() const [with T = std::vector<float>][m[K’
[01m[K/opt/ros/foxy/include/rclcpp/node_impl.hpp:234:17:[m[K   required from ‘[01m[Kbool rclcpp::Node::get_parameter(const string&, ParameterT&) const [with ParameterT = std::vector<float>; std::string = std::__cxx11::basic_string<char>][m[K’
[01m[K/home/joanne/bookros2_ws/src/book_ros2/br2_tracking/src/br2_tracking/ObjectDetector.cpp:62:49:[m[K   required from here
[01m[K/opt/ros/foxy/include/rclcpp/parameter_value.hpp:254:3:[m[K [01;31m[Kerror: [m[Kno type named ‘[01m[Ktype[m[K’ in ‘[01m[Kstruct std::enable_if<false, const bool&>[m[K’
/opt/ros/foxy/include/rclcpp/parameter.hpp: In instantiation of ‘[01m[Kauto rclcpp::detail::get_value_helper(const rclcpp::Parameter*) [with T = std::vector<float>][m[K’:
[01m[K/opt/ros/foxy/include/rclcpp/parameter.hpp:273:39:[m[K   required from ‘[01m[Kdecltype(auto) rclcpp::Parameter::get_value() const [with T = std::vector<float>][m[K’
[01m[K/opt/ros/foxy/include/rclcpp/node_impl.hpp:234:17:[m[K   required from ‘[01m[Kbool rclcpp::Node::get_parameter(const string&, ParameterT&) const [with ParameterT = std::vector<float>; std::string = std::__cxx11::basic_string<char>][m[K’
[01m[K/home/joanne/bookros2_ws/src/book_ros2/br2_tracking/src/br2_tracking/ObjectDetector.cpp:62:49:[m[K   required from here
[01m[K/opt/ros/foxy/include/rclcpp/parameter_value.hpp:263:3:[m[K [01;36m[Knote: [m[Kcandidate: ‘[01m[Ktemplate<class type> constexpr typename std::enable_if<(std::is_integral<_Tp>::value && (! std::is_same<T, bool>::value)), const long int&>::type rclcpp::ParameterValue::get() const[m[K’
  263 |   [01;36m[Kget[m[K() const
      |   [01;36m[K^~~[m[K
[01m[K/opt/ros/foxy/include/rclcpp/parameter_value.hpp:263:3:[m[K [01;36m[Knote: [m[K  template argument deduction/substitution failed:
/opt/ros/foxy/include/rclcpp/parameter_value.hpp: In substitution of ‘[01m[Ktemplate<class type> constexpr typename std::enable_if<(std::is_integral<_Tp>::value && (! std::is_same<T, bool>::value)), const long int&>::type rclcpp::ParameterValue::get() const [with type = std::vector<float>][m[K’:
[01m[K/opt/ros/foxy/include/rclcpp/parameter.hpp:239:50:[m[K   required from ‘[01m[Kauto rclcpp::detail::get_value_helper(const rclcpp::Parameter*) [with T = std::vector<float>][m[K’
[01m[K/opt/ros/foxy/include/rclcpp/parameter.hpp:273:39:[m[K   required from ‘[01m[Kdecltype(auto) rclcpp::Parameter::get_value() const [with T = std::vector<float>][m[K’
[01m[K/opt/ros/foxy/include/rclcpp/node_impl.hpp:234:17:[m[K   required from ‘[01m[Kbool rclcpp::Node::get_parameter(const string&, ParameterT&) const [with ParameterT = std::vector<float>; std::string = std::__cxx11::basic_string<char>][m[K’
[01m[K/home/joanne/bookros2_ws/src/book_ros2/br2_tracking/src/br2_tracking/ObjectDetector.cpp:62:49:[m[K   required from here
[01m[K/opt/ros/foxy/include/rclcpp/parameter_value.hpp:263:3:[m[K [01;31m[Kerror: [m[Kno type named ‘[01m[Ktype[m[K’ in ‘[01m[Kstruct std::enable_if<false, const long int&>[m[K’
/opt/ros/foxy/include/rclcpp/parameter.hpp: In instantiation of ‘[01m[Kauto rclcpp::detail::get_value_helper(const rclcpp::Parameter*) [with T = std::vector<float>][m[K’:
[01m[K/opt/ros/foxy/include/rclcpp/parameter.hpp:273:39:[m[K   required from ‘[01m[Kdecltype(auto) rclcpp::Parameter::get_value() const [with T = std::vector<float>][m[K’
[01m[K/opt/ros/foxy/include/rclcpp/node_impl.hpp:234:17:[m[K   required from ‘[01m[Kbool rclcpp::Node::get_parameter(const string&, ParameterT&) const [with ParameterT = std::vector<float>; std::string = std::__cxx11::basic_string<char>][m[K’
[01m[K/home/joanne/bookros2_ws/src/book_ros2/br2_tracking/src/br2_tracking/ObjectDetector.cpp:62:49:[m[K   required from here
[01m[K/opt/ros/foxy/include/rclcpp/parameter_value.hpp:271:3:[m[K [01;36m[Knote: [m[Kcandidate: ‘[01m[Ktemplate<class type> constexpr typename std::enable_if<std::is_floating_point<_Tp>::value, const double&>::type rclcpp::ParameterValue::get() const[m[K’
  271 |   [01;36m[Kget[m[K() const
      |   [01;36m[K^~~[m[K
[01m[K/opt/ros/foxy/include/rclcpp/parameter_value.hpp:271:3:[m[K [01;36m[Knote: [m[K  template argument deduction/substitution failed:
/opt/ros/foxy/include/rclcpp/parameter_value.hpp: In substitution of ‘[01m[Ktemplate<class type> constexpr typename std::enable_if<std::is_floating_point<_Tp>::value, const double&>::type rclcpp::ParameterValue::get() const [with type = std::vector<float>][m[K’:
[01m[K/opt/ros/foxy/include/rclcpp/parameter.hpp:239:50:[m[K   required from ‘[01m[Kauto rclcpp::detail::get_value_helper(const rclcpp::Parameter*) [with T = std::vector<float>][m[K’
[01m[K/opt/ros/foxy/include/rclcpp/parameter.hpp:273:39:[m[K   required from ‘[01m[Kdecltype(auto) rclcpp::Parameter::get_value() const [with T = std::vector<float>][m[K’
[01m[K/opt/ros/foxy/include/rclcpp/node_impl.hpp:234:17:[m[K   required from ‘[01m[Kbool rclcpp::Node::get_parameter(const string&, ParameterT&) const [with ParameterT = std::vector<float>; std::string = std::__cxx11::basic_string<char>][m[K’
[01m[K/home/joanne/bookros2_ws/src/book_ros2/br2_tracking/src/br2_tracking/ObjectDetector.cpp:62:49:[m[K   required from here
[01m[K/opt/ros/foxy/include/rclcpp/parameter_value.hpp:271:3:[m[K [01;31m[Kerror: [m[Kno type named ‘[01m[Ktype[m[K’ in ‘[01m[Kstruct std::enable_if<false, const double&>[m[K’
/opt/ros/foxy/include/rclcpp/parameter.hpp: In instantiation of ‘[01m[Kauto rclcpp::detail::get_value_helper(const rclcpp::Parameter*) [with T = std::vector<float>][m[K’:
[01m[K/opt/ros/foxy/include/rclcpp/parameter.hpp:273:39:[m[K   required from ‘[01m[Kdecltype(auto) rclcpp::Parameter::get_value() const [with T = std::vector<float>][m[K’
[01m[K/opt/ros/foxy/include/rclcpp/node_impl.hpp:234:17:[m[K   required from ‘[01m[Kbool rclcpp::Node::get_parameter(const string&, ParameterT&) const [with ParameterT = std::vector<float>; std::string = std::__cxx11::basic_string<char>][m[K’
[01m[K/home/joanne/bookros2_ws/src/book_ros2/br2_tracking/src/br2_tracking/ObjectDetector.cpp:62:49:[m[K   required from here
[01m[K/opt/ros/foxy/include/rclcpp/parameter_value.hpp:279:3:[m[K [01;36m[Knote: [m[Kcandidate: ‘[01m[Ktemplate<class type> constexpr typename std::enable_if<std::is_convertible<type, std::__cxx11::basic_string<char> >::value, const std::__cxx11::basic_string<char>&>::type rclcpp::ParameterValue::get() const[m[K’
  279 |   [01;36m[Kget[m[K() const
      |   [01;36m[K^~~[m[K
[01m[K/opt/ros/foxy/include/rclcpp/parameter_value.hpp:279:3:[m[K [01;36m[Knote: [m[K  template argument deduction/substitution failed:
/opt/ros/foxy/include/rclcpp/parameter_value.hpp: In substitution of ‘[01m[Ktemplate<class type> constexpr typename std::enable_if<std::is_convertible<type, std::__cxx11::basic_string<char> >::value, const std::__cxx11::basic_string<char>&>::type rclcpp::ParameterValue::get() const [with type = std::vector<float>][m[K’:
[01m[K/opt/ros/foxy/include/rclcpp/parameter.hpp:239:50:[m[K   required from ‘[01m[Kauto rclcpp::detail::get_value_helper(const rclcpp::Parameter*) [with T = std::vector<float>][m[K’
[01m[K/opt/ros/foxy/include/rclcpp/parameter.hpp:273:39:[m[K   required from ‘[01m[Kdecltype(auto) rclcpp::Parameter::get_value() const [with T = std::vector<float>][m[K’
[01m[K/opt/ros/foxy/include/rclcpp/node_impl.hpp:234:17:[m[K   required from ‘[01m[Kbool rclcpp::Node::get_parameter(const string&, ParameterT&) const [with ParameterT = std::vector<float>; std::string = std::__cxx11::basic_string<char>][m[K’
[01m[K/home/joanne/bookros2_ws/src/book_ros2/br2_tracking/src/br2_tracking/ObjectDetector.cpp:62:49:[m[K   required from here
[01m[K/opt/ros/foxy/include/rclcpp/parameter_value.hpp:279:3:[m[K [01;31m[Kerror: [m[Kno type named ‘[01m[Ktype[m[K’ in ‘[01m[Kstruct std::enable_if<false, const std::__cxx11::basic_string<char>&>[m[K’
/opt/ros/foxy/include/rclcpp/parameter.hpp: In instantiation of ‘[01m[Kauto rclcpp::detail::get_value_helper(const rclcpp::Parameter*) [with T = std::vector<float>][m[K’:
[01m[K/opt/ros/foxy/include/rclcpp/parameter.hpp:273:39:[m[K   required from ‘[01m[Kdecltype(auto) rclcpp::Parameter::get_value() const [with T = std::vector<float>][m[K’
[01m[K/opt/ros/foxy/include/rclcpp/node_impl.hpp:234:17:[m[K   required from ‘[01m[Kbool rclcpp::Node::get_parameter(const string&, ParameterT&) const [with ParameterT = std::vector<float>; std::string = std::__cxx11::basic_string<char>][m[K’
[01m[K/home/joanne/bookros2_ws/src/book_ros2/br2_tracking/src/br2_tracking/ObjectDetector.cpp:62:49:[m[K   required from here
[01m[K/opt/ros/foxy/include/rclcpp/parameter_value.hpp:289:3:[m[K [01;36m[Knote: [m[Kcandidate: ‘[01m[Ktemplate<class type> constexpr typename std::enable_if<std::is_convertible<type, const std::vector<unsigned char>&>::value, const std::vector<unsigned char>&>::type rclcpp::ParameterValue::get() const[m[K’
  289 |   [01;36m[Kget[m[K() const
      |   [01;36m[K^~~[m[K
[01m[K/opt/ros/foxy/include/rclcpp/parameter_value.hpp:289:3:[m[K [01;36m[Knote: [m[K  template argument deduction/substitution failed:
/opt/ros/foxy/include/rclcpp/parameter_value.hpp: In substitution of ‘[01m[Ktemplate<class type> constexpr typename std::enable_if<std::is_convertible<type, const std::vector<unsigned char>&>::value, const std::vector<unsigned char>&>::type rclcpp::ParameterValue::get() const [with type = std::vector<float>][m[K’:
[01m[K/opt/ros/foxy/include/rclcpp/parameter.hpp:239:50:[m[K   required from ‘[01m[Kauto rclcpp::detail::get_value_helper(const rclcpp::Parameter*) [with T = std::vector<float>][m[K’
[01m[K/opt/ros/foxy/include/rclcpp/parameter.hpp:273:39:[m[K   required from ‘[01m[Kdecltype(auto) rclcpp::Parameter::get_value() const [with T = std::vector<float>][m[K’
[01m[K/opt/ros/foxy/include/rclcpp/node_impl.hpp:234:17:[m[K   required from ‘[01m[Kbool rclcpp::Node::get_parameter(const string&, ParameterT&) const [with ParameterT = std::vector<float>; std::string = std::__cxx11::basic_string<char>][m[K’
[01m[K/home/joanne/bookros2_ws/src/book_ros2/br2_tracking/src/br2_tracking/ObjectDetector.cpp:62:49:[m[K   required from here
[01m[K/opt/ros/foxy/include/rclcpp/parameter_value.hpp:289:3:[m[K [01;31m[Kerror: [m[Kno type named ‘[01m[Ktype[m[K’ in ‘[01m[Kstruct std::enable_if<false, const std::vector<unsigned char>&>[m[K’
/opt/ros/foxy/include/rclcpp/parameter.hpp: In instantiation of ‘[01m[Kauto rclcpp::detail::get_value_helper(const rclcpp::Parameter*) [with T = std::vector<float>][m[K’:
[01m[K/opt/ros/foxy/include/rclcpp/parameter.hpp:273:39:[m[K   required from ‘[01m[Kdecltype(auto) rclcpp::Parameter::get_value() const [with T = std::vector<float>][m[K’
[01m[K/opt/ros/foxy/include/rclcpp/node_impl.hpp:234:17:[m[K   required from ‘[01m[Kbool rclcpp::Node::get_parameter(const string&, ParameterT&) const [with ParameterT = std::vector<float>; std::string = std::__cxx11::basic_string<char>][m[K’
[01m[K/home/joanne/bookros2_ws/src/book_ros2/br2_tracking/src/br2_tracking/ObjectDetector.cpp:62:49:[m[K   required from here
[01m[K/opt/ros/foxy/include/rclcpp/parameter_value.hpp:299:3:[m[K [01;36m[Knote: [m[Kcandidate: ‘[01m[Ktemplate<class type> constexpr typename std::enable_if<std::is_convertible<type, const std::vector<bool>&>::value, const std::vector<bool>&>::type rclcpp::ParameterValue::get() const[m[K’
  299 |   [01;36m[Kget[m[K() const
      |   [01;36m[K^~~[m[K
[01m[K/opt/ros/foxy/include/rclcpp/parameter_value.hpp:299:3:[m[K [01;36m[Knote: [m[K  template argument deduction/substitution failed:
/opt/ros/foxy/include/rclcpp/parameter_value.hpp: In substitution of ‘[01m[Ktemplate<class type> constexpr typename std::enable_if<std::is_convertible<type, const std::vector<bool>&>::value, const std::vector<bool>&>::type rclcpp::ParameterValue::get() const [with type = std::vector<float>][m[K’:
[01m[K/opt/ros/foxy/include/rclcpp/parameter.hpp:239:50:[m[K   required from ‘[01m[Kauto rclcpp::detail::get_value_helper(const rclcpp::Parameter*) [with T = std::vector<float>][m[K’
[01m[K/opt/ros/foxy/include/rclcpp/parameter.hpp:273:39:[m[K   required from ‘[01m[Kdecltype(auto) rclcpp::Parameter::get_value() const [with T = std::vector<float>][m[K’
[01m[K/opt/ros/foxy/include/rclcpp/node_impl.hpp:234:17:[m[K   required from ‘[01m[Kbool rclcpp::Node::get_parameter(const string&, ParameterT&) const [with ParameterT = std::vector<float>; std::string = std::__cxx11::basic_string<char>][m[K’
[01m[K/home/joanne/bookros2_ws/src/book_ros2/br2_tracking/src/br2_tracking/ObjectDetector.cpp:62:49:[m[K   required from here
[01m[K/opt/ros/foxy/include/rclcpp/parameter_value.hpp:299:3:[m[K [01;31m[Kerror: [m[Kno type named ‘[01m[Ktype[m[K’ in ‘[01m[Kstruct std::enable_if<false, const std::vector<bool>&>[m[K’
/opt/ros/foxy/include/rclcpp/parameter.hpp: In instantiation of ‘[01m[Kauto rclcpp::detail::get_value_helper(const rclcpp::Parameter*) [with T = std::vector<float>][m[K’:
[01m[K/opt/ros/foxy/include/rclcpp/parameter.hpp:273:39:[m[K   required from ‘[01m[Kdecltype(auto) rclcpp::Parameter::get_value() const [with T = std::vector<float>][m[K’
[01m[K/opt/ros/foxy/include/rclcpp/node_impl.hpp:234:17:[m[K   required from ‘[01m[Kbool rclcpp::Node::get_parameter(const string&, ParameterT&) const [with ParameterT = std::vector<float>; std::string = std::__cxx11::basic_string<char>][m[K’
[01m[K/home/joanne/bookros2_ws/src/book_ros2/br2_tracking/src/br2_tracking/ObjectDetector.cpp:62:49:[m[K   required from here
[01m[K/opt/ros/foxy/include/rclcpp/parameter_value.hpp:309:3:[m[K [01;36m[Knote: [m[Kcandidate: ‘[01m[Ktemplate<class type> constexpr typename std::enable_if<std::is_convertible<type, const std::vector<long int, std::allocator<long int> >&>::value, const std::vector<long int, std::allocator<long int> >&>::type rclcpp::ParameterValue::get() const[m[K’
  309 |   [01;36m[Kget[m[K() const
      |   [01;36m[K^~~[m[K
[01m[K/opt/ros/foxy/include/rclcpp/parameter_value.hpp:309:3:[m[K [01;36m[Knote: [m[K  template argument deduction/substitution failed:
/opt/ros/foxy/include/rclcpp/parameter_value.hpp: In substitution of ‘[01m[Ktemplate<class type> constexpr typename std::enable_if<std::is_convertible<type, const std::vector<long int, std::allocator<long int> >&>::value, const std::vector<long int, std::allocator<long int> >&>::type rclcpp::ParameterValue::get() const [with type = std::vector<float>][m[K’:
[01m[K/opt/ros/foxy/include/rclcpp/parameter.hpp:239:50:[m[K   required from ‘[01m[Kauto rclcpp::detail::get_value_helper(const rclcpp::Parameter*) [with T = std::vector<float>][m[K’
[01m[K/opt/ros/foxy/include/rclcpp/parameter.hpp:273:39:[m[K   required from ‘[01m[Kdecltype(auto) rclcpp::Parameter::get_value() const [with T = std::vector<float>][m[K’
[01m[K/opt/ros/foxy/include/rclcpp/node_impl.hpp:234:17:[m[K   required from ‘[01m[Kbool rclcpp::Node::get_parameter(const string&, ParameterT&) const [with ParameterT = std::vector<float>; std::string = std::__cxx11::basic_string<char>][m[K’
[01m[K/home/joanne/bookros2_ws/src/book_ros2/br2_tracking/src/br2_tracking/ObjectDetector.cpp:62:49:[m[K   required from here
[01m[K/opt/ros/foxy/include/rclcpp/parameter_value.hpp:309:3:[m[K [01;31m[Kerror: [m[Kno type named ‘[01m[Ktype[m[K’ in ‘[01m[Kstruct std::enable_if<false, const std::vector<long int, std::allocator<long int> >&>[m[K’
/opt/ros/foxy/include/rclcpp/parameter.hpp: In instantiation of ‘[01m[Kauto rclcpp::detail::get_value_helper(const rclcpp::Parameter*) [with T = std::vector<float>][m[K’:
[01m[K/opt/ros/foxy/include/rclcpp/parameter.hpp:273:39:[m[K   required from ‘[01m[Kdecltype(auto) rclcpp::Parameter::get_value() const [with T = std::vector<float>][m[K’
[01m[K/opt/ros/foxy/include/rclcpp/node_impl.hpp:234:17:[m[K   required from ‘[01m[Kbool rclcpp::Node::get_parameter(const string&, ParameterT&) const [with ParameterT = std::vector<float>; std::string = std::__cxx11::basic_string<char>][m[K’
[01m[K/home/joanne/bookros2_ws/src/book_ros2/br2_tracking/src/br2_tracking/ObjectDetector.cpp:62:49:[m[K   required from here
[01m[K/opt/ros/foxy/include/rclcpp/parameter_value.hpp:319:3:[m[K [01;36m[Knote: [m[Kcandidate: ‘[01m[Ktemplate<class type> constexpr typename std::enable_if<std::is_convertible<type, const std::vector<double, std::allocator<double> >&>::value, const std::vector<double, std::allocator<double> >&>::type rclcpp::ParameterValue::get() const[m[K’
  319 |   [01;36m[Kget[m[K() const
      |   [01;36m[K^~~[m[K
[01m[K/opt/ros/foxy/include/rclcpp/parameter_value.hpp:319:3:[m[K [01;36m[Knote: [m[K  template argument deduction/substitution failed:
/opt/ros/foxy/include/rclcpp/parameter_value.hpp: In substitution of ‘[01m[Ktemplate<class type> constexpr typename std::enable_if<std::is_convertible<type, const std::vector<double, std::allocator<double> >&>::value, const std::vector<double, std::allocator<double> >&>::type rclcpp::ParameterValue::get() const [with type = std::vector<float>][m[K’:
[01m[K/opt/ros/foxy/include/rclcpp/parameter.hpp:239:50:[m[K   required from ‘[01m[Kauto rclcpp::detail::get_value_helper(const rclcpp::Parameter*) [with T = std::vector<float>][m[K’
[01m[K/opt/ros/foxy/include/rclcpp/parameter.hpp:273:39:[m[K   required from ‘[01m[Kdecltype(auto) rclcpp::Parameter::get_value() const [with T = std::vector<float>][m[K’
[01m[K/opt/ros/foxy/include/rclcpp/node_impl.hpp:234:17:[m[K   required from ‘[01m[Kbool rclcpp::Node::get_parameter(const string&, ParameterT&) const [with ParameterT = std::vector<float>; std::string = std::__cxx11::basic_string<char>][m[K’
[01m[K/home/joanne/bookros2_ws/src/book_ros2/br2_tracking/src/br2_tracking/ObjectDetector.cpp:62:49:[m[K   required from here
[01m[K/opt/ros/foxy/include/rclcpp/parameter_value.hpp:319:3:[m[K [01;31m[Kerror: [m[Kno type named ‘[01m[Ktype[m[K’ in ‘[01m[Kstruct std::enable_if<false, const std::vector<double, std::allocator<double> >&>[m[K’
/opt/ros/foxy/include/rclcpp/parameter.hpp: In instantiation of ‘[01m[Kauto rclcpp::detail::get_value_helper(const rclcpp::Parameter*) [with T = std::vector<float>][m[K’:
[01m[K/opt/ros/foxy/include/rclcpp/parameter.hpp:273:39:[m[K   required from ‘[01m[Kdecltype(auto) rclcpp::Parameter::get_value() const [with T = std::vector<float>][m[K’
[01m[K/opt/ros/foxy/include/rclcpp/node_impl.hpp:234:17:[m[K   required from ‘[01m[Kbool rclcpp::Node::get_parameter(const string&, ParameterT&) const [with ParameterT = std::vector<float>; std::string = std::__cxx11::basic_string<char>][m[K’
[01m[K/home/joanne/bookros2_ws/src/book_ros2/br2_tracking/src/br2_tracking/ObjectDetector.cpp:62:49:[m[K   required from here
[01m[K/opt/ros/foxy/include/rclcpp/parameter_value.hpp:329:3:[m[K [01;36m[Knote: [m[Kcandidate: ‘[01m[Ktemplate<class type> constexpr typename std::enable_if<std::is_convertible<type, const std::vector<std::__cxx11::basic_string<char> >&>::value, const std::vector<std::__cxx11::basic_string<char> >&>::type rclcpp::ParameterValue::get() const[m[K’
  329 |   [01;36m[Kget[m[K() const
      |   [01;36m[K^~~[m[K
[01m[K/opt/ros/foxy/include/rclcpp/parameter_value.hpp:329:3:[m[K [01;36m[Knote: [m[K  template argument deduction/substitution failed:
/opt/ros/foxy/include/rclcpp/parameter_value.hpp: In substitution of ‘[01m[Ktemplate<class type> constexpr typename std::enable_if<std::is_convertible<type, const std::vector<std::__cxx11::basic_string<char> >&>::value, const std::vector<std::__cxx11::basic_string<char> >&>::type rclcpp::ParameterValue::get() const [with type = std::vector<float>][m[K’:
[01m[K/opt/ros/foxy/include/rclcpp/parameter.hpp:239:50:[m[K   required from ‘[01m[Kauto rclcpp::detail::get_value_helper(const rclcpp::Parameter*) [with T = std::vector<float>][m[K’
[01m[K/opt/ros/foxy/include/rclcpp/parameter.hpp:273:39:[m[K   required from ‘[01m[Kdecltype(auto) rclcpp::Parameter::get_value() const [with T = std::vector<float>][m[K’
[01m[K/opt/ros/foxy/include/rclcpp/node_impl.hpp:234:17:[m[K   required from ‘[01m[Kbool rclcpp::Node::get_parameter(const string&, ParameterT&) const [with ParameterT = std::vector<float>; std::string = std::__cxx11::basic_string<char>][m[K’
[01m[K/home/joanne/bookros2_ws/src/book_ros2/br2_tracking/src/br2_tracking/ObjectDetector.cpp:62:49:[m[K   required from here
[01m[K/opt/ros/foxy/include/rclcpp/parameter_value.hpp:329:3:[m[K [01;31m[Kerror: [m[Kno type named ‘[01m[Ktype[m[K’ in ‘[01m[Kstruct std::enable_if<false, const std::vector<std::__cxx11::basic_string<char> >&>[m[K’
In file included from [01m[K/opt/ros/foxy/include/rclcpp/node.hpp:1224[m[K,
                 from [01m[K/opt/ros/foxy/include/image_transport/image_transport.hpp:43[m[K,
                 from [01m[K/home/joanne/bookros2_ws/src/book_ros2/br2_tracking/include/br2_tracking/ObjectDetector.hpp:35[m[K,
                 from [01m[K/home/joanne/bookros2_ws/src/book_ros2/br2_tracking/src/br2_tracking/ObjectDetector.cpp:20[m[K:
/opt/ros/foxy/include/rclcpp/node_impl.hpp: In instantiation of ‘[01m[Kbool rclcpp::Node::get_parameter(const string&, ParameterT&) const [with ParameterT = std::vector<float>; std::string = std::__cxx11::basic_string<char>][m[K’:
[01m[K/home/joanne/bookros2_ws/src/book_ros2/br2_tracking/src/br2_tracking/ObjectDetector.cpp:62:49:[m[K   required from here
[01m[K/opt/ros/foxy/include/rclcpp/node_impl.hpp:234:17:[m[K [01;31m[Kerror: [m[Kinvalid use of void expression
  234 |     parameter = [01;31m[Kstatic_cast<ParameterT>(parameter_variant.get_value<ParameterT>())[m[K;
      |                 [01;31m[K^~~~~~~~~~~~~~~~~~~~~~~~~~~~~~~~~~~~~~~~~~~~~~~~~~~~~~~~~~~~~~~~~~[m[K
make[2]: *** [CMakeFiles/br2_tracking.dir/build.make:63: CMakeFiles/br2_tracking.dir/src/br2_tracking/ObjectDetector.cpp.o] Error 1
make[1]: *** [CMakeFiles/Makefile2:204: CMakeFiles/br2_tracking.dir/all] Error 2
make: *** [Makefile:141: all] Error 2
