[0.043s] Invoking command in '/home/joanne/bookros2_ws/build/gripper_controllers': AMENT_PREFIX_PATH=/home/joanne/bookros2_ws/install/controller_manager:/home/joanne/bookros2_ws/install/controller_interface:/home/joanne/bookros2_ws/install/hardware_interface:/home/joanne/bookros2_ws/install/ros2_control_test_assets:/home/joanne/bookros2_ws/install/controller_manager_msgs:${AMENT_PREFIX_PATH} CMAKE_PREFIX_PATH=/home/joanne/bookros2_ws/install/controller_manager:/home/joanne/bookros2_ws/install/controller_interface:/home/joanne/bookros2_ws/install/hardware_interface:/home/joanne/bookros2_ws/install/ros2_control_test_assets:/home/joanne/bookros2_ws/install/controller_manager_msgs:/opt/ros/foxy LD_LIBRARY_PATH=/home/joanne/bookros2_ws/install/controller_manager/lib:/home/joanne/bookros2_ws/install/controller_interface/lib:/home/joanne/bookros2_ws/install/hardware_interface/lib:/home/joanne/bookros2_ws/install/controller_manager_msgs/lib:${LD_LIBRARY_PATH} PYTHONPATH=/home/joanne/bookros2_ws/install/controller_manager/lib/python3.8/site-packages:/home/joanne/bookros2_ws/install/controller_manager_msgs/lib/python3.8/site-packages:${PYTHONPATH} /usr/bin/cmake /home/joanne/bookros2_ws/src/ThirdParty/ros2_controllers/gripper_controllers -DCMAKE_INSTALL_PREFIX=/home/joanne/bookros2_ws/install/gripper_controllers
[0.337s] -- The C compiler identification is GNU 9.4.0
[0.338s] -- The CXX compiler identification is GNU 9.4.0
[0.338s] -- Check for working C compiler: /usr/bin/cc
[0.442s] -- Check for working C compiler: /usr/bin/cc -- works
[0.445s] -- Detecting C compiler ABI info
[0.612s] -- Detecting C compiler ABI info - done
[0.648s] -- Detecting C compile features
[0.649s] -- Detecting C compile features - done
[0.656s] -- Check for working CXX compiler: /usr/bin/c++
[0.825s] -- Check for working CXX compiler: /usr/bin/c++ -- works
[0.828s] -- Detecting CXX compiler ABI info
[1.035s] -- Detecting CXX compiler ABI info - done
[1.078s] -- Detecting CXX compile features
[1.078s] -- Detecting CXX compile features - done
[1.079s] -- Found ament_cmake: 0.9.12 (/opt/ros/foxy/share/ament_cmake/cmake)
[1.135s] -- Found PythonInterp: /usr/bin/python3 (found suitable version "3.8.10", minimum required is "3") 
[1.136s] -- Using PYTHON_EXECUTABLE: /usr/bin/python3
[1.685s] -- Found rclcpp_action: 2.4.3 (/opt/ros/foxy/share/rclcpp_action/cmake)
[1.762s] -- Using all available rosidl_typesupport_c: rosidl_typesupport_fastrtps_c;rosidl_typesupport_introspection_c
[1.778s] -- Found rosidl_adapter: 1.3.1 (/opt/ros/foxy/share/rosidl_adapter/cmake)
[1.972s] -- Found OpenSSL: /usr/lib/x86_64-linux-gnu/libcrypto.so (found version "1.1.1f")  
[2.043s] -- Found FastRTPS: /opt/ros/foxy/include  
[2.248s] -- Using all available rosidl_typesupport_cpp: rosidl_typesupport_fastrtps_cpp;rosidl_typesupport_introspection_cpp
[2.590s] -- Found rmw_implementation_cmake: 1.0.4 (/opt/ros/foxy/share/rmw_implementation_cmake/cmake)
[2.594s] -- Using RMW implementation 'rmw_fastrtps_cpp' as default
[2.596s] -- Looking for pthread.h
[2.737s] -- Looking for pthread.h - found
[2.737s] -- Performing Test CMAKE_HAVE_LIBC_PTHREAD
[2.963s] -- Performing Test CMAKE_HAVE_LIBC_PTHREAD - Failed
[2.963s] -- Looking for pthread_create in pthreads
[3.076s] -- Looking for pthread_create in pthreads - not found
[3.077s] -- Looking for pthread_create in pthread
[3.218s] -- Looking for pthread_create in pthread - found
[3.223s] -- Found Threads: TRUE  
[3.747s] -- Found control_msgs: 2.5.1 (/opt/ros/foxy/share/control_msgs/cmake)
[4.842s] -- Found control_toolbox: 2.2.0 (/opt/ros/foxy/share/control_toolbox/cmake)
[4.982s] -- Found controller_interface: 0.7.1 (/home/joanne/bookros2_ws/install/controller_interface/share/controller_interface/cmake)
[5.696s] -- Found ament_cmake_gmock: 0.9.12 (/opt/ros/foxy/share/ament_cmake_gmock/cmake)
[5.700s] -- Found ament_lint_auto: 0.9.8 (/opt/ros/foxy/share/ament_lint_auto/cmake)
[5.702s] -- Found controller_manager: 0.7.1 (/home/joanne/bookros2_ws/install/controller_manager/share/controller_manager/cmake)
[5.884s] -- Found ros2_control_test_assets: 0.7.1 (/home/joanne/bookros2_ws/install/ros2_control_test_assets/share/ros2_control_test_assets/cmake)
[6.112s] -- Found gmock sources under '/opt/ros/foxy/src/gmock_vendor': C++ tests using 'Google Mock' will be built
[6.121s] -- Found gtest sources under '/opt/ros/foxy/src/gtest_vendor': C++ tests using 'Google Test' will be built
[6.311s] -- Added test 'copyright' to check source files copyright and LICENSE
[6.315s] -- Added test 'cppcheck' to perform static code analysis on C / C++ code
[6.316s] -- Configured cppcheck include dirs: $<BUILD_INTERFACE:/home/joanne/bookros2_ws/src/ThirdParty/ros2_controllers/gripper_controllers/include>
[6.316s] -- Configured cppcheck exclude dirs and/or files: 
[6.319s] -- Added test 'cpplint' to check C / C++ code against the Google style
[6.319s] -- Configured cpplint exclude dirs and/or files: 
[6.321s] -- Added test 'lint_cmake' to check CMake code style
[6.325s] -- Added test 'uncrustify' to check C / C++ code style
[6.325s] -- Configured uncrustify additional arguments: 
[6.327s] -- Added test 'xmllint' to check XML markup files
[6.335s] -- Configuring done
[6.448s] -- Generating done
[6.560s] -- Build files have been written to: /home/joanne/bookros2_ws/build/gripper_controllers
[6.638s] Invoked command in '/home/joanne/bookros2_ws/build/gripper_controllers' returned '0': AMENT_PREFIX_PATH=/home/joanne/bookros2_ws/install/controller_manager:/home/joanne/bookros2_ws/install/controller_interface:/home/joanne/bookros2_ws/install/hardware_interface:/home/joanne/bookros2_ws/install/ros2_control_test_assets:/home/joanne/bookros2_ws/install/controller_manager_msgs:${AMENT_PREFIX_PATH} CMAKE_PREFIX_PATH=/home/joanne/bookros2_ws/install/controller_manager:/home/joanne/bookros2_ws/install/controller_interface:/home/joanne/bookros2_ws/install/hardware_interface:/home/joanne/bookros2_ws/install/ros2_control_test_assets:/home/joanne/bookros2_ws/install/controller_manager_msgs:/opt/ros/foxy LD_LIBRARY_PATH=/home/joanne/bookros2_ws/install/controller_manager/lib:/home/joanne/bookros2_ws/install/controller_interface/lib:/home/joanne/bookros2_ws/install/hardware_interface/lib:/home/joanne/bookros2_ws/install/controller_manager_msgs/lib:${LD_LIBRARY_PATH} PYTHONPATH=/home/joanne/bookros2_ws/install/controller_manager/lib/python3.8/site-packages:/home/joanne/bookros2_ws/install/controller_manager_msgs/lib/python3.8/site-packages:${PYTHONPATH} /usr/bin/cmake /home/joanne/bookros2_ws/src/ThirdParty/ros2_controllers/gripper_controllers -DCMAKE_INSTALL_PREFIX=/home/joanne/bookros2_ws/install/gripper_controllers
[6.640s] Invoking command in '/home/joanne/bookros2_ws/build/gripper_controllers': AMENT_PREFIX_PATH=/home/joanne/bookros2_ws/install/controller_manager:/home/joanne/bookros2_ws/install/controller_interface:/home/joanne/bookros2_ws/install/hardware_interface:/home/joanne/bookros2_ws/install/ros2_control_test_assets:/home/joanne/bookros2_ws/install/controller_manager_msgs:${AMENT_PREFIX_PATH} CMAKE_PREFIX_PATH=/home/joanne/bookros2_ws/install/controller_manager:/home/joanne/bookros2_ws/install/controller_interface:/home/joanne/bookros2_ws/install/hardware_interface:/home/joanne/bookros2_ws/install/ros2_control_test_assets:/home/joanne/bookros2_ws/install/controller_manager_msgs:/opt/ros/foxy LD_LIBRARY_PATH=/home/joanne/bookros2_ws/install/controller_manager/lib:/home/joanne/bookros2_ws/install/controller_interface/lib:/home/joanne/bookros2_ws/install/hardware_interface/lib:/home/joanne/bookros2_ws/install/controller_manager_msgs/lib:${LD_LIBRARY_PATH} PYTHONPATH=/home/joanne/bookros2_ws/install/controller_manager/lib/python3.8/site-packages:/home/joanne/bookros2_ws/install/controller_manager_msgs/lib/python3.8/site-packages:${PYTHONPATH} /usr/bin/cmake --build /home/joanne/bookros2_ws/build/gripper_controllers -- -j8 -l8
[6.814s] [35m[1mScanning dependencies of target gripper_action_controller[0m
[6.941s] [ 11%] [32mBuilding CXX object CMakeFiles/gripper_action_controller.dir/src/gripper_action_controller.cpp.o[0m
[15.461s] [ 22%] [32m[1mLinking CXX shared library libgripper_action_controller.so[0m
[16.118s] [ 22%] Built target gripper_action_controller
[16.140s] [35m[1mScanning dependencies of target gmock_main[0m
[16.186s] [ 33%] [32mBuilding CXX object gmock/CMakeFiles/gmock_main.dir/src/gmock_main.cc.o[0m
[18.165s] [ 44%] [32m[1mLinking CXX static library libgmock_main.a[0m
[18.212s] [ 44%] Built target gmock_main
[18.225s] [35m[1mScanning dependencies of target gmock[0m
[18.258s] [ 55%] [32mBuilding CXX object gmock/CMakeFiles/gmock.dir/opt/ros/foxy/src/gtest_vendor/src/gtest-all.cc.o[0m
[24.491s] [ 66%] [32mBuilding CXX object gmock/CMakeFiles/gmock.dir/src/gmock-all.cc.o[0m
[27.584s] [ 77%] [32m[1mLinking CXX static library libgmock.a[0m
[27.697s] [ 77%] Built target gmock
[27.717s] [35m[1mScanning dependencies of target test_load_gripper_action_controllers[0m
[27.837s] [ 88%] [32mBuilding CXX object CMakeFiles/test_load_gripper_action_controllers.dir/test/test_load_gripper_action_controllers.cpp.o[0m
[32.867s] [100%] [32m[1mLinking CXX executable test_load_gripper_action_controllers[0m
[34.038s] [100%] Built target test_load_gripper_action_controllers
[34.053s] Invoked command in '/home/joanne/bookros2_ws/build/gripper_controllers' returned '0': AMENT_PREFIX_PATH=/home/joanne/bookros2_ws/install/controller_manager:/home/joanne/bookros2_ws/install/controller_interface:/home/joanne/bookros2_ws/install/hardware_interface:/home/joanne/bookros2_ws/install/ros2_control_test_assets:/home/joanne/bookros2_ws/install/controller_manager_msgs:${AMENT_PREFIX_PATH} CMAKE_PREFIX_PATH=/home/joanne/bookros2_ws/install/controller_manager:/home/joanne/bookros2_ws/install/controller_interface:/home/joanne/bookros2_ws/install/hardware_interface:/home/joanne/bookros2_ws/install/ros2_control_test_assets:/home/joanne/bookros2_ws/install/controller_manager_msgs:/opt/ros/foxy LD_LIBRARY_PATH=/home/joanne/bookros2_ws/install/controller_manager/lib:/home/joanne/bookros2_ws/install/controller_interface/lib:/home/joanne/bookros2_ws/install/hardware_interface/lib:/home/joanne/bookros2_ws/install/controller_manager_msgs/lib:${LD_LIBRARY_PATH} PYTHONPATH=/home/joanne/bookros2_ws/install/controller_manager/lib/python3.8/site-packages:/home/joanne/bookros2_ws/install/controller_manager_msgs/lib/python3.8/site-packages:${PYTHONPATH} /usr/bin/cmake --build /home/joanne/bookros2_ws/build/gripper_controllers -- -j8 -l8
[34.058s] Invoking command in '/home/joanne/bookros2_ws/build/gripper_controllers': AMENT_PREFIX_PATH=/home/joanne/bookros2_ws/install/controller_manager:/home/joanne/bookros2_ws/install/controller_interface:/home/joanne/bookros2_ws/install/hardware_interface:/home/joanne/bookros2_ws/install/ros2_control_test_assets:/home/joanne/bookros2_ws/install/controller_manager_msgs:${AMENT_PREFIX_PATH} CMAKE_PREFIX_PATH=/home/joanne/bookros2_ws/install/controller_manager:/home/joanne/bookros2_ws/install/controller_interface:/home/joanne/bookros2_ws/install/hardware_interface:/home/joanne/bookros2_ws/install/ros2_control_test_assets:/home/joanne/bookros2_ws/install/controller_manager_msgs:/opt/ros/foxy LD_LIBRARY_PATH=/home/joanne/bookros2_ws/install/controller_manager/lib:/home/joanne/bookros2_ws/install/controller_interface/lib:/home/joanne/bookros2_ws/install/hardware_interface/lib:/home/joanne/bookros2_ws/install/controller_manager_msgs/lib:${LD_LIBRARY_PATH} PYTHONPATH=/home/joanne/bookros2_ws/install/controller_manager/lib/python3.8/site-packages:/home/joanne/bookros2_ws/install/controller_manager_msgs/lib/python3.8/site-packages:${PYTHONPATH} /usr/bin/cmake --install /home/joanne/bookros2_ws/build/gripper_controllers
[34.069s] -- Install configuration: ""
[34.069s] -- Installing: /home/joanne/bookros2_ws/install/gripper_controllers/share/gripper_controllers/ros_control_plugins.xml
[34.070s] -- Installing: /home/joanne/bookros2_ws/install/gripper_controllers/include
[34.070s] -- Installing: /home/joanne/bookros2_ws/install/gripper_controllers/include/gripper_action_controller_impl.hpp
[34.071s] -- Installing: /home/joanne/bookros2_ws/install/gripper_controllers/include/hardware_interface_adapter.hpp
[34.071s] -- Installing: /home/joanne/bookros2_ws/install/gripper_controllers/include/gripper_action_controller.hpp
[34.071s] -- Installing: /home/joanne/bookros2_ws/install/gripper_controllers/include/visibility_control.hpp
[34.071s] -- Installing: /home/joanne/bookros2_ws/install/gripper_controllers/lib/libgripper_action_controller.so
[34.073s] -- Set runtime path of "/home/joanne/bookros2_ws/install/gripper_controllers/lib/libgripper_action_controller.so" to ""
[34.073s] -- Installing: /home/joanne/bookros2_ws/install/gripper_controllers/share/ament_index/resource_index/package_run_dependencies/gripper_controllers
[34.073s] -- Installing: /home/joanne/bookros2_ws/install/gripper_controllers/share/ament_index/resource_index/parent_prefix_path/gripper_controllers
[34.074s] -- Installing: /home/joanne/bookros2_ws/install/gripper_controllers/share/gripper_controllers/environment/ament_prefix_path.sh
[34.074s] -- Installing: /home/joanne/bookros2_ws/install/gripper_controllers/share/gripper_controllers/environment/ament_prefix_path.dsv
[34.074s] -- Installing: /home/joanne/bookros2_ws/install/gripper_controllers/share/gripper_controllers/environment/path.sh
[34.074s] -- Installing: /home/joanne/bookros2_ws/install/gripper_controllers/share/gripper_controllers/environment/path.dsv
[34.075s] -- Installing: /home/joanne/bookros2_ws/install/gripper_controllers/share/gripper_controllers/local_setup.bash
[34.075s] -- Installing: /home/joanne/bookros2_ws/install/gripper_controllers/share/gripper_controllers/local_setup.sh
[34.075s] -- Installing: /home/joanne/bookros2_ws/install/gripper_controllers/share/gripper_controllers/local_setup.zsh
[34.075s] -- Installing: /home/joanne/bookros2_ws/install/gripper_controllers/share/gripper_controllers/local_setup.dsv
[34.075s] -- Installing: /home/joanne/bookros2_ws/install/gripper_controllers/share/gripper_controllers/package.dsv
[34.076s] -- Installing: /home/joanne/bookros2_ws/install/gripper_controllers/share/ament_index/resource_index/packages/gripper_controllers
[34.076s] -- Installing: /home/joanne/bookros2_ws/install/gripper_controllers/share/ament_index/resource_index/controller_interface__pluginlib__plugin/gripper_controllers
[34.076s] -- Installing: /home/joanne/bookros2_ws/install/gripper_controllers/share/gripper_controllers/cmake/gripper_controllersConfig.cmake
[34.076s] -- Installing: /home/joanne/bookros2_ws/install/gripper_controllers/share/gripper_controllers/cmake/gripper_controllersConfig-version.cmake
[34.076s] -- Installing: /home/joanne/bookros2_ws/install/gripper_controllers/share/gripper_controllers/package.xml
[34.083s] Invoked command in '/home/joanne/bookros2_ws/build/gripper_controllers' returned '0': AMENT_PREFIX_PATH=/home/joanne/bookros2_ws/install/controller_manager:/home/joanne/bookros2_ws/install/controller_interface:/home/joanne/bookros2_ws/install/hardware_interface:/home/joanne/bookros2_ws/install/ros2_control_test_assets:/home/joanne/bookros2_ws/install/controller_manager_msgs:${AMENT_PREFIX_PATH} CMAKE_PREFIX_PATH=/home/joanne/bookros2_ws/install/controller_manager:/home/joanne/bookros2_ws/install/controller_interface:/home/joanne/bookros2_ws/install/hardware_interface:/home/joanne/bookros2_ws/install/ros2_control_test_assets:/home/joanne/bookros2_ws/install/controller_manager_msgs:/opt/ros/foxy LD_LIBRARY_PATH=/home/joanne/bookros2_ws/install/controller_manager/lib:/home/joanne/bookros2_ws/install/controller_interface/lib:/home/joanne/bookros2_ws/install/hardware_interface/lib:/home/joanne/bookros2_ws/install/controller_manager_msgs/lib:${LD_LIBRARY_PATH} PYTHONPATH=/home/joanne/bookros2_ws/install/controller_manager/lib/python3.8/site-packages:/home/joanne/bookros2_ws/install/controller_manager_msgs/lib/python3.8/site-packages:${PYTHONPATH} /usr/bin/cmake --install /home/joanne/bookros2_ws/build/gripper_controllers
