[0.262s] Invoking command in '/home/joanne/bookros2_ws/build/br2_bt_bumpgo': CMAKE_PREFIX_PATH=${CMAKE_PREFIX_PATH}:/home/joanne/bookros2_ws/install/ros2controlcli:/home/joanne/bookros2_ws/install/launch_pal:/home/joanne/bookros2_ws/install/br2_fsm_bumpgo_py:/opt/ros/foxy /usr/bin/cmake --build /home/joanne/bookros2_ws/build/br2_bt_bumpgo -- -j8 -l8
[1.046s] [ 11%] Built target br2_turn_bt_node
[1.181s] [ 22%] Built target br2_forward_bt_node
[1.216s] [ 33%] Built target bt_bumpgo
[1.216s] [ 44%] Built target bt_forward
[1.299s] [ 55%] Built target br2_is_obstacle_bt_node
[1.330s] [ 66%] Built target gtest_main
[1.354s] [ 77%] Built target gtest
[1.371s] [ 88%] Built target br2_back_bt_node
[1.553s] [100%] Built target bt_action_test
[1.863s] Invoked command in '/home/joanne/bookros2_ws/build/br2_bt_bumpgo' returned '0': CMAKE_PREFIX_PATH=${CMAKE_PREFIX_PATH}:/home/joanne/bookros2_ws/install/ros2controlcli:/home/joanne/bookros2_ws/install/launch_pal:/home/joanne/bookros2_ws/install/br2_fsm_bumpgo_py:/opt/ros/foxy /usr/bin/cmake --build /home/joanne/bookros2_ws/build/br2_bt_bumpgo -- -j8 -l8
[1.880s] Invoking command in '/home/joanne/bookros2_ws/build/br2_bt_bumpgo': CMAKE_PREFIX_PATH=${CMAKE_PREFIX_PATH}:/home/joanne/bookros2_ws/install/ros2controlcli:/home/joanne/bookros2_ws/install/launch_pal:/home/joanne/bookros2_ws/install/br2_fsm_bumpgo_py:/opt/ros/foxy /usr/bin/cmake --install /home/joanne/bookros2_ws/build/br2_bt_bumpgo
[1.974s] -- Install configuration: ""
[1.975s] -- Execute custom install script
[1.976s] -- Up-to-date symlink: /home/joanne/bookros2_ws/install/br2_bt_bumpgo/lib/libbr2_forward_bt_node.so
[1.977s] -- Up-to-date symlink: /home/joanne/bookros2_ws/install/br2_bt_bumpgo/lib/libbr2_back_bt_node.so
[1.977s] -- Up-to-date symlink: /home/joanne/bookros2_ws/install/br2_bt_bumpgo/lib/libbr2_turn_bt_node.so
[1.977s] -- Up-to-date symlink: /home/joanne/bookros2_ws/install/br2_bt_bumpgo/lib/libbr2_is_obstacle_bt_node.so
[1.977s] -- Up-to-date symlink: /home/joanne/bookros2_ws/install/br2_bt_bumpgo/lib/br2_bt_bumpgo/bt_bumpgo
[1.977s] -- Up-to-date symlink: /home/joanne/bookros2_ws/install/br2_bt_bumpgo/include//br2_bt_bumpgo/Back.hpp
[1.978s] -- Up-to-date symlink: /home/joanne/bookros2_ws/install/br2_bt_bumpgo/include//br2_bt_bumpgo/Forward.hpp
[1.978s] -- Up-to-date symlink: /home/joanne/bookros2_ws/install/br2_bt_bumpgo/include//br2_bt_bumpgo/IsObstacle.hpp
[1.978s] -- Up-to-date symlink: /home/joanne/bookros2_ws/install/br2_bt_bumpgo/include//br2_bt_bumpgo/Turn.hpp
[1.979s] -- Up-to-date symlink: /home/joanne/bookros2_ws/install/br2_bt_bumpgo/share/br2_bt_bumpgo/behavior_tree_xml/bumpgo.xml
[1.979s] -- Symlinking: /home/joanne/bookros2_ws/install/br2_bt_bumpgo/share/br2_bt_bumpgo/behavior_tree_xml/mybumpgo.xml
[2.091s] -- Up-to-date symlink: /home/joanne/bookros2_ws/install/br2_bt_bumpgo/lib/br2_bt_bumpgo/bt_forward
[2.096s] -- Up-to-date symlink: /home/joanne/bookros2_ws/install/br2_bt_bumpgo/share/ament_index/resource_index/package_run_dependencies/br2_bt_bumpgo
[2.097s] -- Up-to-date symlink: /home/joanne/bookros2_ws/install/br2_bt_bumpgo/share/ament_index/resource_index/parent_prefix_path/br2_bt_bumpgo
[2.098s] -- Up-to-date symlink: /home/joanne/bookros2_ws/install/br2_bt_bumpgo/share/br2_bt_bumpgo/environment/ament_prefix_path.sh
[2.099s] -- Up-to-date symlink: /home/joanne/bookros2_ws/install/br2_bt_bumpgo/share/br2_bt_bumpgo/environment/ament_prefix_path.dsv
[2.112s] -- Up-to-date symlink: /home/joanne/bookros2_ws/install/br2_bt_bumpgo/share/br2_bt_bumpgo/environment/path.sh
[2.116s] -- Up-to-date symlink: /home/joanne/bookros2_ws/install/br2_bt_bumpgo/share/br2_bt_bumpgo/environment/path.dsv
[2.120s] -- Up-to-date symlink: /home/joanne/bookros2_ws/install/br2_bt_bumpgo/share/br2_bt_bumpgo/local_setup.bash
[2.120s] -- Up-to-date symlink: /home/joanne/bookros2_ws/install/br2_bt_bumpgo/share/br2_bt_bumpgo/local_setup.sh
[2.122s] -- Up-to-date symlink: /home/joanne/bookros2_ws/install/br2_bt_bumpgo/share/br2_bt_bumpgo/local_setup.zsh
[2.123s] -- Up-to-date symlink: /home/joanne/bookros2_ws/install/br2_bt_bumpgo/share/br2_bt_bumpgo/local_setup.dsv
[2.128s] -- Symlinking: /home/joanne/bookros2_ws/install/br2_bt_bumpgo/share/br2_bt_bumpgo/package.dsv
[2.163s] -- Up-to-date symlink: /home/joanne/bookros2_ws/install/br2_bt_bumpgo/share/ament_index/resource_index/packages/br2_bt_bumpgo
[2.163s] -- Up-to-date symlink: /home/joanne/bookros2_ws/install/br2_bt_bumpgo/share/br2_bt_bumpgo/cmake/ament_cmake_export_include_directories-extras.cmake
[2.164s] -- Up-to-date symlink: /home/joanne/bookros2_ws/install/br2_bt_bumpgo/share/br2_bt_bumpgo/cmake/ament_cmake_export_dependencies-extras.cmake
[2.164s] -- Up-to-date symlink: /home/joanne/bookros2_ws/install/br2_bt_bumpgo/share/br2_bt_bumpgo/cmake/br2_bt_bumpgoConfig.cmake
[2.165s] -- Up-to-date symlink: /home/joanne/bookros2_ws/install/br2_bt_bumpgo/share/br2_bt_bumpgo/cmake/br2_bt_bumpgoConfig-version.cmake
[2.166s] -- Up-to-date symlink: /home/joanne/bookros2_ws/install/br2_bt_bumpgo/share/br2_bt_bumpgo/package.xml
[3.120s] Invoked command in '/home/joanne/bookros2_ws/build/br2_bt_bumpgo' returned '0': CMAKE_PREFIX_PATH=${CMAKE_PREFIX_PATH}:/home/joanne/bookros2_ws/install/ros2controlcli:/home/joanne/bookros2_ws/install/launch_pal:/home/joanne/bookros2_ws/install/br2_fsm_bumpgo_py:/opt/ros/foxy /usr/bin/cmake --install /home/joanne/bookros2_ws/build/br2_bt_bumpgo
