-- The C compiler identification is GNU 9.4.0
-- The CXX compiler identification is GNU 9.4.0
-- Check for working C compiler: /usr/bin/cc
-- Check for working C compiler: /usr/bin/cc -- works
-- Detecting C compiler ABI info
-- Detecting C compiler ABI info - done
-- Detecting C compile features
-- Detecting C compile features - done
-- Check for working CXX compiler: /usr/bin/c++
-- Check for working CXX compiler: /usr/bin/c++ -- works
-- Detecting CXX compiler ABI info
-- Detecting CXX compiler ABI info - done
-- Detecting CXX compile features
-- Detecting CXX compile features - done
-- Found ament_cmake: 0.9.12 (/opt/ros/foxy/share/ament_cmake/cmake)
-- Found PythonInterp: /usr/bin/python3 (found suitable version "3.8.10", minimum required is "3") 
-- Using PYTHON_EXECUTABLE: /usr/bin/python3
-- Found rclcpp: 2.4.3 (/opt/ros/foxy/share/rclcpp/cmake)
-- Using all available rosidl_typesupport_c: rosidl_typesupport_fastrtps_c;rosidl_typesupport_introspection_c
-- Found rosidl_adapter: 1.3.1 (/opt/ros/foxy/share/rosidl_adapter/cmake)
-- Found OpenSSL: /usr/lib/x86_64-linux-gnu/libcrypto.so (found version "1.1.1f")  
-- Found FastRTPS: /opt/ros/foxy/include  
-- Using all available rosidl_typesupport_cpp: rosidl_typesupport_fastrtps_cpp;rosidl_typesupport_introspection_cpp
-- Found rmw_implementation_cmake: 1.0.4 (/opt/ros/foxy/share/rmw_implementation_cmake/cmake)
-- Using RMW implementation 'rmw_fastrtps_cpp' as default
-- Looking for pthread.h
-- Looking for pthread.h - found
-- Performing Test CMAKE_HAVE_LIBC_PTHREAD
-- Performing Test CMAKE_HAVE_LIBC_PTHREAD - Failed
-- Looking for pthread_create in pthreads
-- Looking for pthread_create in pthreads - not found
-- Looking for pthread_create in pthread
-- Looking for pthread_create in pthread - found
-- Found Threads: TRUE  
-- Found sensor_msgs: 2.0.5 (/opt/ros/foxy/share/sensor_msgs/cmake)
-- Found ament_index_cpp: 1.1.0 (/opt/ros/foxy/share/ament_index_cpp/cmake)
-- Found ZMQ: /usr/lib/x86_64-linux-gnu/libzmq.so  
-- ZeroMQ found.
-- Found ament_lint_auto: 0.9.8 (/opt/ros/foxy/share/ament_lint_auto/cmake)
-- Found gtest sources under '/opt/ros/foxy/src/gtest_vendor': C++ tests using 'Google Test' will be built
-- Check if compiler accepts -pthread
-- Check if compiler accepts -pthread - yes
-- Added test 'copyright' to check source files copyright and LICENSE
-- Added test 'cppcheck' to perform static code analysis on C / C++ code
-- Configured cppcheck include dirs: /home/joanne/bookros2_ws/src/book_ros2/br2_bt_bumpgo/include
-- Configured cppcheck exclude dirs and/or files: 
-- Added test 'cpplint' to check C / C++ code against the Google style
-- Configured cpplint exclude dirs and/or files: 
-- Added test 'lint_cmake' to check CMake code style
-- Added test 'uncrustify' to check C / C++ code style
-- Configured uncrustify additional arguments: 
-- Added test 'xmllint' to check XML markup files
-- Configuring done
-- Generating done
-- Build files have been written to: /home/joanne/bookros2_ws/build/br2_bt_bumpgo
[35m[1mScanning dependencies of target br2_turn_bt_node[0m
[35m[1mScanning dependencies of target br2_forward_bt_node[0m
[35m[1mScanning dependencies of target bt_bumpgo[0m
[35m[1mScanning dependencies of target br2_back_bt_node[0m
[35m[1mScanning dependencies of target br2_is_obstacle_bt_node[0m
[35m[1mScanning dependencies of target gtest_main[0m
[35m[1mScanning dependencies of target bt_forward[0m
[35m[1mScanning dependencies of target gtest[0m
[  5%] [32mBuilding CXX object CMakeFiles/br2_forward_bt_node.dir/src/br2_bt_bumpgo/Forward.cpp.o[0m
[ 11%] [32mBuilding CXX object gtest/CMakeFiles/gtest_main.dir/src/gtest_main.cc.o[0m
[ 16%] [32mBuilding CXX object gtest/CMakeFiles/gtest.dir/src/gtest-all.cc.o[0m
[ 22%] [32mBuilding CXX object CMakeFiles/br2_is_obstacle_bt_node.dir/src/br2_bt_bumpgo/IsObstacle.cpp.o[0m
[ 27%] [32mBuilding CXX object CMakeFiles/br2_turn_bt_node.dir/src/br2_bt_bumpgo/Turn.cpp.o[0m
[ 33%] [32mBuilding CXX object CMakeFiles/br2_back_bt_node.dir/src/br2_bt_bumpgo/Back.cpp.o[0m
[ 38%] [32mBuilding CXX object tests/CMakeFiles/bt_forward.dir/bt_forward_main.cpp.o[0m
[ 44%] [32mBuilding CXX object CMakeFiles/bt_bumpgo.dir/src/bt_bumpgo_main.cpp.o[0m
[ 50%] [32m[1mLinking CXX static library libgtest_main.a[0m
[ 50%] Built target gtest_main
[ 55%] [32m[1mLinking CXX executable bt_forward[0m
[ 55%] Built target bt_forward
[ 61%] [32m[1mLinking CXX executable bt_bumpgo[0m
[ 61%] Built target bt_bumpgo
[ 66%] [32m[1mLinking CXX static library libgtest.a[0m
[ 66%] Built target gtest
[ 72%] [32m[1mLinking CXX shared library libbr2_back_bt_node.so[0m
[ 72%] Built target br2_back_bt_node
[ 77%] [32m[1mLinking CXX shared library libbr2_turn_bt_node.so[0m
[ 83%] [32m[1mLinking CXX shared library libbr2_forward_bt_node.so[0m
[ 83%] Built target br2_turn_bt_node
[ 83%] Built target br2_forward_bt_node
[ 88%] [32m[1mLinking CXX shared library libbr2_is_obstacle_bt_node.so[0m
[ 88%] Built target br2_is_obstacle_bt_node
[35m[1mScanning dependencies of target bt_action_test[0m
[ 94%] [32mBuilding CXX object tests/CMakeFiles/bt_action_test.dir/bt_action_test.cpp.o[0m
[100%] [32m[1mLinking CXX executable bt_action_test[0m
[100%] Built target bt_action_test
-- Install configuration: ""
-- Installing: /home/joanne/bookros2_ws/install/br2_bt_bumpgo/lib/libbr2_forward_bt_node.so
-- Set runtime path of "/home/joanne/bookros2_ws/install/br2_bt_bumpgo/lib/libbr2_forward_bt_node.so" to ""
-- Installing: /home/joanne/bookros2_ws/install/br2_bt_bumpgo/lib/libbr2_back_bt_node.so
-- Set runtime path of "/home/joanne/bookros2_ws/install/br2_bt_bumpgo/lib/libbr2_back_bt_node.so" to ""
-- Installing: /home/joanne/bookros2_ws/install/br2_bt_bumpgo/lib/libbr2_turn_bt_node.so
-- Set runtime path of "/home/joanne/bookros2_ws/install/br2_bt_bumpgo/lib/libbr2_turn_bt_node.so" to ""
-- Installing: /home/joanne/bookros2_ws/install/br2_bt_bumpgo/lib/libbr2_is_obstacle_bt_node.so
-- Set runtime path of "/home/joanne/bookros2_ws/install/br2_bt_bumpgo/lib/libbr2_is_obstacle_bt_node.so" to ""
-- Installing: /home/joanne/bookros2_ws/install/br2_bt_bumpgo/lib/br2_bt_bumpgo/bt_bumpgo
-- Set runtime path of "/home/joanne/bookros2_ws/install/br2_bt_bumpgo/lib/br2_bt_bumpgo/bt_bumpgo" to ""
-- Installing: /home/joanne/bookros2_ws/install/br2_bt_bumpgo/include/
-- Installing: /home/joanne/bookros2_ws/install/br2_bt_bumpgo/include//br2_bt_bumpgo
-- Installing: /home/joanne/bookros2_ws/install/br2_bt_bumpgo/include//br2_bt_bumpgo/Back.hpp
-- Installing: /home/joanne/bookros2_ws/install/br2_bt_bumpgo/include//br2_bt_bumpgo/IsObstacle.hpp
-- Installing: /home/joanne/bookros2_ws/install/br2_bt_bumpgo/include//br2_bt_bumpgo/Forward.hpp
-- Installing: /home/joanne/bookros2_ws/install/br2_bt_bumpgo/include//br2_bt_bumpgo/Turn.hpp
-- Installing: /home/joanne/bookros2_ws/install/br2_bt_bumpgo/share/br2_bt_bumpgo/behavior_tree_xml
-- Installing: /home/joanne/bookros2_ws/install/br2_bt_bumpgo/share/br2_bt_bumpgo/behavior_tree_xml/bumpgo.xml
-- Installing: /home/joanne/bookros2_ws/install/br2_bt_bumpgo/share/ament_index/resource_index/package_run_dependencies/br2_bt_bumpgo
-- Installing: /home/joanne/bookros2_ws/install/br2_bt_bumpgo/share/ament_index/resource_index/parent_prefix_path/br2_bt_bumpgo
-- Installing: /home/joanne/bookros2_ws/install/br2_bt_bumpgo/share/br2_bt_bumpgo/environment/ament_prefix_path.sh
-- Installing: /home/joanne/bookros2_ws/install/br2_bt_bumpgo/share/br2_bt_bumpgo/environment/ament_prefix_path.dsv
-- Installing: /home/joanne/bookros2_ws/install/br2_bt_bumpgo/share/br2_bt_bumpgo/environment/path.sh
-- Installing: /home/joanne/bookros2_ws/install/br2_bt_bumpgo/share/br2_bt_bumpgo/environment/path.dsv
-- Installing: /home/joanne/bookros2_ws/install/br2_bt_bumpgo/share/br2_bt_bumpgo/local_setup.bash
-- Installing: /home/joanne/bookros2_ws/install/br2_bt_bumpgo/share/br2_bt_bumpgo/local_setup.sh
-- Installing: /home/joanne/bookros2_ws/install/br2_bt_bumpgo/share/br2_bt_bumpgo/local_setup.zsh
-- Installing: /home/joanne/bookros2_ws/install/br2_bt_bumpgo/share/br2_bt_bumpgo/local_setup.dsv
-- Installing: /home/joanne/bookros2_ws/install/br2_bt_bumpgo/share/br2_bt_bumpgo/package.dsv
-- Installing: /home/joanne/bookros2_ws/install/br2_bt_bumpgo/share/ament_index/resource_index/packages/br2_bt_bumpgo
-- Installing: /home/joanne/bookros2_ws/install/br2_bt_bumpgo/share/br2_bt_bumpgo/cmake/ament_cmake_export_include_directories-extras.cmake
-- Installing: /home/joanne/bookros2_ws/install/br2_bt_bumpgo/share/br2_bt_bumpgo/cmake/ament_cmake_export_dependencies-extras.cmake
-- Installing: /home/joanne/bookros2_ws/install/br2_bt_bumpgo/share/br2_bt_bumpgo/cmake/br2_bt_bumpgoConfig.cmake
-- Installing: /home/joanne/bookros2_ws/install/br2_bt_bumpgo/share/br2_bt_bumpgo/cmake/br2_bt_bumpgoConfig-version.cmake
-- Installing: /home/joanne/bookros2_ws/install/br2_bt_bumpgo/share/br2_bt_bumpgo/package.xml
-- Installing: /home/joanne/bookros2_ws/install/br2_bt_bumpgo/lib/br2_bt_bumpgo/bt_forward
-- Set runtime path of "/home/joanne/bookros2_ws/install/br2_bt_bumpgo/lib/br2_bt_bumpgo/bt_forward" to ""
