[0.728s] Invoking command in '/home/joanne/bookros2_ws/build/br2_vff_avoidance': CMAKE_PREFIX_PATH=${CMAKE_PREFIX_PATH}:/home/joanne/bookros2_ws/install/ros2controlcli:/home/joanne/bookros2_ws/install/launch_pal:/home/joanne/bookros2_ws/install/br2_fsm_bumpgo_py:/opt/ros/foxy /usr/bin/cmake --build /home/joanne/bookros2_ws/build/br2_vff_avoidance -- -j8 -l8
[1.395s] [ 20%] Built target br2_vff_avoidance
[1.596s] [ 40%] Built target gtest_main
[2.018s] [ 60%] Built target avoidance_vff
[2.223s] [ 80%] Built target gtest
[2.647s] [100%] Built target vff_test
[2.838s] Invoked command in '/home/joanne/bookros2_ws/build/br2_vff_avoidance' returned '0': CMAKE_PREFIX_PATH=${CMAKE_PREFIX_PATH}:/home/joanne/bookros2_ws/install/ros2controlcli:/home/joanne/bookros2_ws/install/launch_pal:/home/joanne/bookros2_ws/install/br2_fsm_bumpgo_py:/opt/ros/foxy /usr/bin/cmake --build /home/joanne/bookros2_ws/build/br2_vff_avoidance -- -j8 -l8
[2.845s] Invoking command in '/home/joanne/bookros2_ws/build/br2_vff_avoidance': CMAKE_PREFIX_PATH=${CMAKE_PREFIX_PATH}:/home/joanne/bookros2_ws/install/ros2controlcli:/home/joanne/bookros2_ws/install/launch_pal:/home/joanne/bookros2_ws/install/br2_fsm_bumpgo_py:/opt/ros/foxy /usr/bin/cmake --install /home/joanne/bookros2_ws/build/br2_vff_avoidance
[2.939s] -- Install configuration: "Debug"
[2.944s] -- Execute custom install script
[2.951s] -- Up-to-date symlink: /home/joanne/bookros2_ws/install/br2_vff_avoidance/lib/libbr2_vff_avoidance.so
[2.968s] -- Up-to-date symlink: /home/joanne/bookros2_ws/install/br2_vff_avoidance/lib/br2_vff_avoidance/avoidance_vff
[2.995s] -- Up-to-date symlink: /home/joanne/bookros2_ws/install/br2_vff_avoidance/share/br2_vff_avoidance/launch/avoidance_vff.launch.py
[2.995s] -- Up-to-date symlink: /home/joanne/bookros2_ws/install/br2_vff_avoidance/share/ament_index/resource_index/package_run_dependencies/br2_vff_avoidance
[2.995s] -- Up-to-date symlink: /home/joanne/bookros2_ws/install/br2_vff_avoidance/share/ament_index/resource_index/parent_prefix_path/br2_vff_avoidance
[2.996s] -- Up-to-date symlink: /home/joanne/bookros2_ws/install/br2_vff_avoidance/share/br2_vff_avoidance/environment/ament_prefix_path.sh
[2.996s] -- Up-to-date symlink: /home/joanne/bookros2_ws/install/br2_vff_avoidance/share/br2_vff_avoidance/environment/ament_prefix_path.dsv
[3.000s] -- Up-to-date symlink: /home/joanne/bookros2_ws/install/br2_vff_avoidance/share/br2_vff_avoidance/environment/path.sh
[3.007s] -- Up-to-date symlink: /home/joanne/bookros2_ws/install/br2_vff_avoidance/share/br2_vff_avoidance/environment/path.dsv
[3.019s] -- Up-to-date symlink: /home/joanne/bookros2_ws/install/br2_vff_avoidance/share/br2_vff_avoidance/local_setup.bash
[3.026s] -- Up-to-date symlink: /home/joanne/bookros2_ws/install/br2_vff_avoidance/share/br2_vff_avoidance/local_setup.sh
[3.026s] -- Up-to-date symlink: /home/joanne/bookros2_ws/install/br2_vff_avoidance/share/br2_vff_avoidance/local_setup.zsh
[3.029s] -- Up-to-date symlink: /home/joanne/bookros2_ws/install/br2_vff_avoidance/share/br2_vff_avoidance/local_setup.dsv
[3.029s] -- Symlinking: /home/joanne/bookros2_ws/install/br2_vff_avoidance/share/br2_vff_avoidance/package.dsv
[3.092s] -- Up-to-date symlink: /home/joanne/bookros2_ws/install/br2_vff_avoidance/share/ament_index/resource_index/packages/br2_vff_avoidance
[3.092s] -- Up-to-date symlink: /home/joanne/bookros2_ws/install/br2_vff_avoidance/share/br2_vff_avoidance/cmake/ament_cmake_export_dependencies-extras.cmake
[3.093s] -- Up-to-date symlink: /home/joanne/bookros2_ws/install/br2_vff_avoidance/share/br2_vff_avoidance/cmake/br2_vff_avoidanceConfig.cmake
[3.093s] -- Up-to-date symlink: /home/joanne/bookros2_ws/install/br2_vff_avoidance/share/br2_vff_avoidance/cmake/br2_vff_avoidanceConfig-version.cmake
[3.095s] -- Up-to-date symlink: /home/joanne/bookros2_ws/install/br2_vff_avoidance/share/br2_vff_avoidance/package.xml
[3.282s] Invoked command in '/home/joanne/bookros2_ws/build/br2_vff_avoidance' returned '0': CMAKE_PREFIX_PATH=${CMAKE_PREFIX_PATH}:/home/joanne/bookros2_ws/install/ros2controlcli:/home/joanne/bookros2_ws/install/launch_pal:/home/joanne/bookros2_ws/install/br2_fsm_bumpgo_py:/opt/ros/foxy /usr/bin/cmake --install /home/joanne/bookros2_ws/build/br2_vff_avoidance
