[0.082s] Invoking command in '/home/joanne/bookros2_ws/build/br2_tf2_detector': CMAKE_PREFIX_PATH=${CMAKE_PREFIX_PATH}:/home/joanne/bookros2_ws/install/ros2controlcli:/home/joanne/bookros2_ws/install/launch_pal:/home/joanne/bookros2_ws/install/br2_fsm_bumpgo_py:/opt/ros/foxy /usr/bin/cmake --build /home/joanne/bookros2_ws/build/br2_tf2_detector -- -j8 -l8
[0.555s] [ 55%] Built target br2_tf2_detector
[0.722s] [ 77%] Built target detector
[0.806s] [35m[1mScanning dependencies of target detector_improved[0m
[0.952s] [ 88%] [32mBuilding CXX object CMakeFiles/detector_improved.dir/src/detector_improved_main.cpp.o[0m
[15.713s] [100%] [32m[1mLinking CXX executable detector_improved[0m
[17.245s] [100%] Built target detector_improved
[17.323s] Invoked command in '/home/joanne/bookros2_ws/build/br2_tf2_detector' returned '0': CMAKE_PREFIX_PATH=${CMAKE_PREFIX_PATH}:/home/joanne/bookros2_ws/install/ros2controlcli:/home/joanne/bookros2_ws/install/launch_pal:/home/joanne/bookros2_ws/install/br2_fsm_bumpgo_py:/opt/ros/foxy /usr/bin/cmake --build /home/joanne/bookros2_ws/build/br2_tf2_detector -- -j8 -l8
[17.406s] Invoking command in '/home/joanne/bookros2_ws/build/br2_tf2_detector': CMAKE_PREFIX_PATH=${CMAKE_PREFIX_PATH}:/home/joanne/bookros2_ws/install/ros2controlcli:/home/joanne/bookros2_ws/install/launch_pal:/home/joanne/bookros2_ws/install/br2_fsm_bumpgo_py:/opt/ros/foxy /usr/bin/cmake --install /home/joanne/bookros2_ws/build/br2_tf2_detector
[17.458s] -- Install configuration: ""
[17.458s] -- Execute custom install script
[17.459s] -- Up-to-date symlink: /home/joanne/bookros2_ws/install/br2_tf2_detector/lib/libbr2_tf2_detector.so
[17.459s] -- Up-to-date symlink: /home/joanne/bookros2_ws/install/br2_tf2_detector/lib/br2_tf2_detector/detector
[17.460s] -- Up-to-date symlink: /home/joanne/bookros2_ws/install/br2_tf2_detector/lib/br2_tf2_detector/detector_improved
[17.463s] -- Up-to-date symlink: /home/joanne/bookros2_ws/install/br2_tf2_detector/share/br2_tf2_detector/launch/detector_basic.launch.py
[17.463s] -- Up-to-date symlink: /home/joanne/bookros2_ws/install/br2_tf2_detector/share/br2_tf2_detector/launch/detector_improved.launch.py
[17.464s] -- Up-to-date symlink: /home/joanne/bookros2_ws/install/br2_tf2_detector/share/ament_index/resource_index/package_run_dependencies/br2_tf2_detector
[17.468s] -- Up-to-date symlink: /home/joanne/bookros2_ws/install/br2_tf2_detector/share/ament_index/resource_index/parent_prefix_path/br2_tf2_detector
[17.470s] -- Up-to-date symlink: /home/joanne/bookros2_ws/install/br2_tf2_detector/share/br2_tf2_detector/environment/ament_prefix_path.sh
[17.470s] -- Up-to-date symlink: /home/joanne/bookros2_ws/install/br2_tf2_detector/share/br2_tf2_detector/environment/ament_prefix_path.dsv
[17.471s] -- Up-to-date symlink: /home/joanne/bookros2_ws/install/br2_tf2_detector/share/br2_tf2_detector/environment/path.sh
[17.472s] -- Up-to-date symlink: /home/joanne/bookros2_ws/install/br2_tf2_detector/share/br2_tf2_detector/environment/path.dsv
[17.473s] -- Up-to-date symlink: /home/joanne/bookros2_ws/install/br2_tf2_detector/share/br2_tf2_detector/local_setup.bash
[17.474s] -- Up-to-date symlink: /home/joanne/bookros2_ws/install/br2_tf2_detector/share/br2_tf2_detector/local_setup.sh
[17.476s] -- Up-to-date symlink: /home/joanne/bookros2_ws/install/br2_tf2_detector/share/br2_tf2_detector/local_setup.zsh
[17.477s] -- Up-to-date symlink: /home/joanne/bookros2_ws/install/br2_tf2_detector/share/br2_tf2_detector/local_setup.dsv
[17.477s] -- Symlinking: /home/joanne/bookros2_ws/install/br2_tf2_detector/share/br2_tf2_detector/package.dsv
[17.531s] -- Up-to-date symlink: /home/joanne/bookros2_ws/install/br2_tf2_detector/share/ament_index/resource_index/packages/br2_tf2_detector
[17.536s] -- Up-to-date symlink: /home/joanne/bookros2_ws/install/br2_tf2_detector/share/br2_tf2_detector/cmake/br2_tf2_detectorConfig.cmake
[17.537s] -- Up-to-date symlink: /home/joanne/bookros2_ws/install/br2_tf2_detector/share/br2_tf2_detector/cmake/br2_tf2_detectorConfig-version.cmake
[17.538s] -- Up-to-date symlink: /home/joanne/bookros2_ws/install/br2_tf2_detector/share/br2_tf2_detector/package.xml
[17.546s] Invoked command in '/home/joanne/bookros2_ws/build/br2_tf2_detector' returned '0': CMAKE_PREFIX_PATH=${CMAKE_PREFIX_PATH}:/home/joanne/bookros2_ws/install/ros2controlcli:/home/joanne/bookros2_ws/install/launch_pal:/home/joanne/bookros2_ws/install/br2_fsm_bumpgo_py:/opt/ros/foxy /usr/bin/cmake --install /home/joanne/bookros2_ws/build/br2_tf2_detector
