[0.330s] Invoking command in '/home/joanne/bookros2_ws/build/twist_mux': CMAKE_PREFIX_PATH=/opt/ros/foxy /usr/bin/cmake /home/joanne/bookros2_ws/src/ThirdParty/twist_mux -DCMAKE_INSTALL_PREFIX=/home/joanne/bookros2_ws/install/twist_mux
[0.414s] -- The C compiler identification is GNU 9.4.0
[0.503s] -- The CXX compiler identification is GNU 9.4.0
[0.512s] -- Check for working C compiler: /usr/bin/cc
[0.619s] -- Check for working C compiler: /usr/bin/cc -- works
[0.621s] -- Detecting C compiler ABI info
[0.744s] -- Detecting C compiler ABI info - done
[0.767s] -- Detecting C compile features
[0.768s] -- Detecting C compile features - done
[0.773s] -- Check for working CXX compiler: /usr/bin/c++
[0.899s] -- Check for working CXX compiler: /usr/bin/c++ -- works
[0.902s] -- Detecting CXX compiler ABI info
[1.040s] -- Detecting CXX compiler ABI info - done
[1.068s] -- Detecting CXX compile features
[1.072s] -- Detecting CXX compile features - done
[1.075s] -- Found ament_cmake: 0.9.12 (/opt/ros/foxy/share/ament_cmake/cmake)
[1.112s] -- Found PythonInterp: /usr/bin/python3 (found suitable version "3.8.10", minimum required is "3") 
[1.112s] -- Using PYTHON_EXECUTABLE: /usr/bin/python3
[1.444s] -- Found rclcpp: 2.4.3 (/opt/ros/foxy/share/rclcpp/cmake)
[1.523s] -- Using all available rosidl_typesupport_c: rosidl_typesupport_fastrtps_c;rosidl_typesupport_introspection_c
[1.531s] -- Found rosidl_adapter: 1.3.1 (/opt/ros/foxy/share/rosidl_adapter/cmake)
[1.640s] -- Found OpenSSL: /usr/lib/x86_64-linux-gnu/libcrypto.so (found version "1.1.1f")  
[1.687s] -- Found FastRTPS: /opt/ros/foxy/include  
[1.811s] -- Using all available rosidl_typesupport_cpp: rosidl_typesupport_fastrtps_cpp;rosidl_typesupport_introspection_cpp
[1.918s] -- Found rmw_implementation_cmake: 1.0.4 (/opt/ros/foxy/share/rmw_implementation_cmake/cmake)
[1.923s] -- Using RMW implementation 'rmw_fastrtps_cpp' as default
[1.926s] -- Looking for pthread.h
[2.069s] -- Looking for pthread.h - found
[2.070s] -- Performing Test CMAKE_HAVE_LIBC_PTHREAD
[2.202s] -- Performing Test CMAKE_HAVE_LIBC_PTHREAD - Failed
[2.202s] -- Looking for pthread_create in pthreads
[2.299s] -- Looking for pthread_create in pthreads - not found
[2.299s] -- Looking for pthread_create in pthread
[2.439s] -- Looking for pthread_create in pthread - found
[2.441s] -- Found Threads: TRUE  
[2.788s] -- Found geometry_msgs: 2.0.5 (/opt/ros/foxy/share/geometry_msgs/cmake)
[2.870s] -- Found visualization_msgs: 2.0.5 (/opt/ros/foxy/share/visualization_msgs/cmake)
[3.029s] -- Found diagnostic_updater: 3.1.2 (/opt/ros/foxy/share/diagnostic_updater/cmake)
[3.190s] -- Found ament_lint_auto: 0.9.8 (/opt/ros/foxy/share/ament_lint_auto/cmake)
[3.327s] -- Found python_cmake_module: 0.8.1 (/opt/ros/foxy/share/python_cmake_module/cmake)
[3.358s] -- Found PythonInterp: /usr/bin/python3 (found suitable version "3.8.10", minimum required is "3.5") 
[3.368s] -- Found PythonLibs: /usr/lib/x86_64-linux-gnu/libpython3.8.so (found suitable version "3.8.10", minimum required is "3.5") 
[3.368s] -- Using PYTHON_EXECUTABLE: /usr/bin/python3
[3.368s] -- Using PYTHON_INCLUDE_DIRS: /usr/include/python3.8
[3.368s] -- Using PYTHON_LIBRARIES: /usr/lib/x86_64-linux-gnu/libpython3.8.so
[3.405s] -- Found PythonExtra: .so  
[3.428s] -- Added test 'xmllint' to check XML markup files
[3.429s] -- Added test 'copyright' to check source files copyright and LICENSE
[3.436s] -- Added test 'cppcheck' to perform static code analysis on C / C++ code
[3.437s] -- Configured cppcheck include dirs: /home/joanne/bookros2_ws/src/ThirdParty/twist_mux/include
[3.437s] -- Configured cppcheck exclude dirs and/or files: 
[3.441s] -- Added test 'cpplint' to check C / C++ code against the Google style
[3.442s] -- Configured cpplint exclude dirs and/or files: 
[3.443s] -- Added test 'flake8' to check Python code syntax and style conventions
[3.445s] -- Added test 'lint_cmake' to check CMake code style
[3.447s] -- Added test 'pep257' to check Python code against some of the style conventions in PEP 257
[3.452s] -- Added test 'uncrustify' to check C / C++ code style
[3.452s] -- Configured uncrustify additional arguments: 
[3.459s] -- Configuring done
[3.485s] -- Generating done
[3.500s] -- Build files have been written to: /home/joanne/bookros2_ws/build/twist_mux
[3.514s] Invoked command in '/home/joanne/bookros2_ws/build/twist_mux' returned '0': CMAKE_PREFIX_PATH=/opt/ros/foxy /usr/bin/cmake /home/joanne/bookros2_ws/src/ThirdParty/twist_mux -DCMAKE_INSTALL_PREFIX=/home/joanne/bookros2_ws/install/twist_mux
[3.519s] Invoking command in '/home/joanne/bookros2_ws/build/twist_mux': CMAKE_PREFIX_PATH=/opt/ros/foxy /usr/bin/cmake --build /home/joanne/bookros2_ws/build/twist_mux -- -j8 -l8
[3.588s] [35m[1mScanning dependencies of target twist_marker[0m
[3.599s] [35m[1mScanning dependencies of target twist_mux[0m
[3.769s] [ 16%] [32mBuilding CXX object CMakeFiles/twist_marker.dir/src/twist_marker.cpp.o[0m
[3.771s] [ 33%] [32mBuilding CXX object CMakeFiles/twist_mux.dir/src/twist_mux.cpp.o[0m
[3.786s] [ 50%] [32mBuilding CXX object CMakeFiles/twist_mux.dir/src/twist_mux_diagnostics.cpp.o[0m
[3.787s] [ 66%] [32mBuilding CXX object CMakeFiles/twist_mux.dir/src/twist_mux_node.cpp.o[0m
[35.979s] [ 83%] [32m[1mLinking CXX executable twist_marker[0m
[36.931s] [ 83%] Built target twist_marker
[40.335s] [100%] [32m[1mLinking CXX executable twist_mux[0m
[41.316s] [100%] Built target twist_mux
[41.336s] Invoked command in '/home/joanne/bookros2_ws/build/twist_mux' returned '0': CMAKE_PREFIX_PATH=/opt/ros/foxy /usr/bin/cmake --build /home/joanne/bookros2_ws/build/twist_mux -- -j8 -l8
[41.346s] Invoking command in '/home/joanne/bookros2_ws/build/twist_mux': CMAKE_PREFIX_PATH=/opt/ros/foxy /usr/bin/cmake --install /home/joanne/bookros2_ws/build/twist_mux
[41.546s] -- Install configuration: ""
[41.546s] -- Installing: /home/joanne/bookros2_ws/install/twist_mux/lib/twist_mux/twist_mux
[41.546s] -- Set runtime path of "/home/joanne/bookros2_ws/install/twist_mux/lib/twist_mux/twist_mux" to ""
[41.546s] -- Installing: /home/joanne/bookros2_ws/install/twist_mux/lib/twist_mux/twist_marker
[41.546s] -- Set runtime path of "/home/joanne/bookros2_ws/install/twist_mux/lib/twist_mux/twist_marker" to ""
[41.546s] -- Installing: /home/joanne/bookros2_ws/install/twist_mux/share/twist_mux/launch
[41.547s] -- Installing: /home/joanne/bookros2_ws/install/twist_mux/share/twist_mux/launch/twist_mux_launch.py
[41.547s] -- Installing: /home/joanne/bookros2_ws/install/twist_mux/share/twist_mux/launch/twist_mux.launch
[41.547s] -- Installing: /home/joanne/bookros2_ws/install/twist_mux/share/twist_mux/config
[41.547s] -- Installing: /home/joanne/bookros2_ws/install/twist_mux/share/twist_mux/config/joystick.yaml
[41.547s] -- Installing: /home/joanne/bookros2_ws/install/twist_mux/share/twist_mux/config/twist_mux_topics.yaml
[41.547s] -- Installing: /home/joanne/bookros2_ws/install/twist_mux/share/twist_mux/config/twist_mux_locks.yaml
[41.548s] -- Installing: /home/joanne/bookros2_ws/install/twist_mux/include
[41.548s] -- Installing: /home/joanne/bookros2_ws/install/twist_mux/include/twist_mux
[41.548s] -- Installing: /home/joanne/bookros2_ws/install/twist_mux/include/twist_mux/twist_mux_diagnostics_status.hpp
[41.548s] -- Installing: /home/joanne/bookros2_ws/install/twist_mux/include/twist_mux/twist_mux.hpp
[41.548s] -- Installing: /home/joanne/bookros2_ws/install/twist_mux/include/twist_mux/topic_handle.hpp
[41.548s] -- Installing: /home/joanne/bookros2_ws/install/twist_mux/include/twist_mux/twist_mux_diagnostics.hpp
[41.548s] -- Installing: /home/joanne/bookros2_ws/install/twist_mux/include/twist_mux/utils.hpp
[41.549s] -- Installing: /home/joanne/bookros2_ws/install/twist_mux/include/twist_mux/params_helpers.hpp
[41.549s] -- Installing: /home/joanne/bookros2_ws/install/twist_mux/share/ament_index/resource_index/package_run_dependencies/twist_mux
[41.549s] -- Installing: /home/joanne/bookros2_ws/install/twist_mux/share/ament_index/resource_index/parent_prefix_path/twist_mux
[41.549s] -- Installing: /home/joanne/bookros2_ws/install/twist_mux/share/twist_mux/environment/ament_prefix_path.sh
[41.549s] -- Installing: /home/joanne/bookros2_ws/install/twist_mux/share/twist_mux/environment/ament_prefix_path.dsv
[41.549s] -- Installing: /home/joanne/bookros2_ws/install/twist_mux/share/twist_mux/environment/path.sh
[41.550s] -- Installing: /home/joanne/bookros2_ws/install/twist_mux/share/twist_mux/environment/path.dsv
[41.550s] -- Installing: /home/joanne/bookros2_ws/install/twist_mux/share/twist_mux/local_setup.bash
[41.550s] -- Installing: /home/joanne/bookros2_ws/install/twist_mux/share/twist_mux/local_setup.sh
[41.550s] -- Installing: /home/joanne/bookros2_ws/install/twist_mux/share/twist_mux/local_setup.zsh
[41.550s] -- Installing: /home/joanne/bookros2_ws/install/twist_mux/share/twist_mux/local_setup.dsv
[41.550s] -- Installing: /home/joanne/bookros2_ws/install/twist_mux/share/twist_mux/package.dsv
[41.551s] -- Installing: /home/joanne/bookros2_ws/install/twist_mux/share/ament_index/resource_index/packages/twist_mux
[41.551s] -- Installing: /home/joanne/bookros2_ws/install/twist_mux/share/twist_mux/cmake/ament_cmake_export_include_directories-extras.cmake
[41.551s] -- Installing: /home/joanne/bookros2_ws/install/twist_mux/share/twist_mux/cmake/ament_cmake_export_dependencies-extras.cmake
[41.551s] -- Installing: /home/joanne/bookros2_ws/install/twist_mux/share/twist_mux/cmake/twist_muxConfig.cmake
[41.551s] -- Installing: /home/joanne/bookros2_ws/install/twist_mux/share/twist_mux/cmake/twist_muxConfig-version.cmake
[41.551s] -- Installing: /home/joanne/bookros2_ws/install/twist_mux/share/twist_mux/package.xml
[41.579s] Invoked command in '/home/joanne/bookros2_ws/build/twist_mux' returned '0': CMAKE_PREFIX_PATH=/opt/ros/foxy /usr/bin/cmake --install /home/joanne/bookros2_ws/build/twist_mux
