[0.101s] Invoking command in '/home/joanne/bookros2_ws/build/br2_tiago': CMAKE_PREFIX_PATH=${CMAKE_PREFIX_PATH}:/home/joanne/bookros2_ws/install/ros2controlcli:/home/joanne/bookros2_ws/install/launch_pal:/home/joanne/bookros2_ws/install/br2_fsm_bumpgo_py:/opt/ros/foxy /usr/bin/cmake --build /home/joanne/bookros2_ws/build/br2_tiago -- -j8 -l8
[0.230s] Invoked command in '/home/joanne/bookros2_ws/build/br2_tiago' returned '0': CMAKE_PREFIX_PATH=${CMAKE_PREFIX_PATH}:/home/joanne/bookros2_ws/install/ros2controlcli:/home/joanne/bookros2_ws/install/launch_pal:/home/joanne/bookros2_ws/install/br2_fsm_bumpgo_py:/opt/ros/foxy /usr/bin/cmake --build /home/joanne/bookros2_ws/build/br2_tiago -- -j8 -l8
[0.234s] Invoking command in '/home/joanne/bookros2_ws/build/br2_tiago': CMAKE_PREFIX_PATH=${CMAKE_PREFIX_PATH}:/home/joanne/bookros2_ws/install/ros2controlcli:/home/joanne/bookros2_ws/install/launch_pal:/home/joanne/bookros2_ws/install/br2_fsm_bumpgo_py:/opt/ros/foxy /usr/bin/cmake --install /home/joanne/bookros2_ws/build/br2_tiago
[0.253s] -- Install configuration: ""
[0.254s] -- Execute custom install script
[0.254s] -- Up-to-date symlink: /home/joanne/bookros2_ws/install/br2_tiago/share/br2_tiago/launch/sim.launch.py
[0.254s] -- Up-to-date symlink: /home/joanne/bookros2_ws/install/br2_tiago/share/ament_index/resource_index/package_run_dependencies/br2_tiago
[0.255s] -- Up-to-date symlink: /home/joanne/bookros2_ws/install/br2_tiago/share/ament_index/resource_index/parent_prefix_path/br2_tiago
[0.255s] -- Up-to-date symlink: /home/joanne/bookros2_ws/install/br2_tiago/share/br2_tiago/environment/ament_prefix_path.sh
[0.255s] -- Up-to-date symlink: /home/joanne/bookros2_ws/install/br2_tiago/share/br2_tiago/environment/ament_prefix_path.dsv
[0.255s] -- Up-to-date symlink: /home/joanne/bookros2_ws/install/br2_tiago/share/br2_tiago/environment/path.sh
[0.255s] -- Up-to-date symlink: /home/joanne/bookros2_ws/install/br2_tiago/share/br2_tiago/environment/path.dsv
[0.256s] -- Up-to-date symlink: /home/joanne/bookros2_ws/install/br2_tiago/share/br2_tiago/local_setup.bash
[0.256s] -- Up-to-date symlink: /home/joanne/bookros2_ws/install/br2_tiago/share/br2_tiago/local_setup.sh
[0.256s] -- Up-to-date symlink: /home/joanne/bookros2_ws/install/br2_tiago/share/br2_tiago/local_setup.zsh
[0.256s] -- Up-to-date symlink: /home/joanne/bookros2_ws/install/br2_tiago/share/br2_tiago/local_setup.dsv
[0.256s] -- Symlinking: /home/joanne/bookros2_ws/install/br2_tiago/share/br2_tiago/package.dsv
[0.279s] -- Up-to-date symlink: /home/joanne/bookros2_ws/install/br2_tiago/share/ament_index/resource_index/packages/br2_tiago
[0.279s] -- Up-to-date symlink: /home/joanne/bookros2_ws/install/br2_tiago/share/br2_tiago/cmake/br2_tiagoConfig.cmake
[0.279s] -- Up-to-date symlink: /home/joanne/bookros2_ws/install/br2_tiago/share/br2_tiago/cmake/br2_tiagoConfig-version.cmake
[0.280s] -- Up-to-date symlink: /home/joanne/bookros2_ws/install/br2_tiago/share/br2_tiago/package.xml
[0.307s] Invoked command in '/home/joanne/bookros2_ws/build/br2_tiago' returned '0': CMAKE_PREFIX_PATH=${CMAKE_PREFIX_PATH}:/home/joanne/bookros2_ws/install/ros2controlcli:/home/joanne/bookros2_ws/install/launch_pal:/home/joanne/bookros2_ws/install/br2_fsm_bumpgo_py:/opt/ros/foxy /usr/bin/cmake --install /home/joanne/bookros2_ws/build/br2_tiago
