[0.022s] Invoking command in '/home/joanne/bookros2_ws/build/br2_tracking': CMAKE_PREFIX_PATH=/home/joanne/bookros2_ws/install/br2_tracking_msgs:/home/joanne/bookros2_ws/install/gazebo_ros2_control_demos:/home/joanne/bookros2_ws/install/ros2_controllers:/home/joanne/bookros2_ws/install/velocity_controllers:/home/joanne/bookros2_ws/install/urdf_test:/home/joanne/bookros2_ws/install/tiago_simulation:/home/joanne/bookros2_ws/install/tiago_robot:/home/joanne/bookros2_ws/install/tiago_2dnav_gazebo:/home/joanne/bookros2_ws/install/tiago_gazebo:/home/joanne/bookros2_ws/install/tiago_bringup:/home/joanne/bookros2_ws/install/pmb2_robot:/home/joanne/bookros2_ws/install/pmb2_bringup:/home/joanne/bookros2_ws/install/twist_mux:/home/joanne/bookros2_ws/install/transmission_interface:/home/joanne/bookros2_ws/install/tiago_description:/home/joanne/bookros2_ws/install/tiago_description_calibration:/home/joanne/bookros2_ws/install/tiago_controller_configuration:/home/joanne/bookros2_ws/install/ros2_control:/home/joanne/bookros2_ws/install/ros2_control_test_assets:/home/joanne/bookros2_ws/install/pal_gripper:/home/joanne/bookros2_ws/install/pal_gripper_controller_configuration:/home/joanne/bookros2_ws/install/position_controllers:/home/joanne/bookros2_ws/install/pmb2_navigation:/home/joanne/bookros2_ws/install/pmb2_2dnav:/home/joanne/bookros2_ws/install/pmb2_maps:/home/joanne/bookros2_ws/install/pmb2_description:/home/joanne/bookros2_ws/install/pmb2_controller_configuration:/home/joanne/bookros2_ws/install/pal_gripper_description:/home/joanne/bookros2_ws/install/pal_gazebo_worlds:/home/joanne/bookros2_ws/install/joint_trajectory_controller:/home/joanne/bookros2_ws/install/joint_state_controller:/home/joanne/bookros2_ws/install/joint_state_broadcaster:/home/joanne/bookros2_ws/install/imu_sensor_broadcaster:/home/joanne/bookros2_ws/install/hey5_description:/home/joanne/bookros2_ws/install/gripper_controllers:/home/joanne/bookros2_ws/install/gazebo_ros2_control:/home/joanne/bookros2_ws/install/effort_controllers:/home/joanne/bookros2_ws/install/forward_command_controller:/home/joanne/bookros2_ws/install/force_torque_sensor_broadcaster:/home/joanne/bookros2_ws/install/diff_drive_controller:/home/joanne/bookros2_ws/install/controller_manager:/home/joanne/bookros2_ws/install/controller_interface:/home/joanne/bookros2_ws/install/hardware_interface:/home/joanne/bookros2_ws/install/groot:/home/joanne/bookros2_ws/install/controller_manager_msgs:/home/joanne/bookros2_ws/install/br2_vff_avoidance:/home/joanne/bookros2_ws/install/br2_tracking:/home/joanne/bookros2_ws/install/br2_tiago:/home/joanne/bookros2_ws/install/br2_tf2_detector:/home/joanne/bookros2_ws/install/br2_navigation:/home/joanne/bookros2_ws/install/br2_fsm_bumpgo_cpp:/home/joanne/bookros2_ws/install/br2_bt_patrolling:/home/joanne/bookros2_ws/install/br2_bt_bumpgo:/home/joanne/bookros2_ws/install/br2_basics:/home/joanne/bookros2_ws/install/ros2controlcli:/home/joanne/bookros2_ws/install/launch_pal:/home/joanne/bookros2_ws/install/br2_fsm_bumpgo_py:/opt/ros/foxy LD_LIBRARY_PATH=/home/joanne/bookros2_ws/install/br2_tracking_msgs/lib:/home/joanne/bookros2_ws/install/velocity_controllers/lib:/home/joanne/bookros2_ws/install/position_controllers/lib:/home/joanne/bookros2_ws/install/joint_trajectory_controller/lib:/home/joanne/bookros2_ws/install/joint_state_controller/lib:/home/joanne/bookros2_ws/install/joint_state_broadcaster/lib:/home/joanne/bookros2_ws/install/imu_sensor_broadcaster/lib:/home/joanne/bookros2_ws/install/gripper_controllers/lib:/home/joanne/bookros2_ws/install/gazebo_ros2_control/lib:/home/joanne/bookros2_ws/install/effort_controllers/lib:/home/joanne/bookros2_ws/install/forward_command_controller/lib:/home/joanne/bookros2_ws/install/force_torque_sensor_broadcaster/lib:/home/joanne/bookros2_ws/install/diff_drive_controller/lib:/home/joanne/bookros2_ws/install/controller_manager/lib:/home/joanne/bookros2_ws/install/controller_interface/lib:/home/joanne/bookros2_ws/install/hardware_interface/lib:/home/joanne/bookros2_ws/install/groot/lib:/home/joanne/bookros2_ws/install/controller_manager_msgs/lib:/home/joanne/bookros2_ws/install/br2_vff_avoidance/lib:/home/joanne/bookros2_ws/install/br2_tracking/lib:/home/joanne/bookros2_ws/install/br2_tf2_detector/lib:/home/joanne/bookros2_ws/install/br2_bt_patrolling/lib:/home/joanne/bookros2_ws/install/br2_bt_bumpgo/lib:/usr/lib/x86_64-linux-gnu/gazebo-11/plugins:/opt/ros/foxy/opt/yaml_cpp_vendor/lib:/opt/ros/foxy/opt/rviz_ogre_vendor/lib:/opt/ros/foxy/lib/x86_64-linux-gnu:/opt/ros/foxy/lib PYTHONPATH=/home/joanne/bookros2_ws/install/br2_tracking_msgs/lib/python3.8/site-packages:/home/joanne/bookros2_ws/install/urdf_test/lib/python3.8/site-packages:/home/joanne/bookros2_ws/install/tiago_description/lib/python3.8/site-packages:/home/joanne/bookros2_ws/build/ros2controlcli:/home/joanne/bookros2_ws/install/ros2controlcli/lib/python3.8/site-packages:/home/joanne/bookros2_ws/install/pmb2_description/lib/python3.8/site-packages:/home/joanne/bookros2_ws/build/launch_pal:/home/joanne/bookros2_ws/install/launch_pal/lib/python3.8/site-packages:/home/joanne/bookros2_ws/install/controller_manager/lib/python3.8/site-packages:/home/joanne/bookros2_ws/install/controller_manager_msgs/lib/python3.8/site-packages:/home/joanne/bookros2_ws/build/br2_fsm_bumpgo_py:/home/joanne/bookros2_ws/install/br2_fsm_bumpgo_py/lib/python3.8/site-packages:/opt/ros/foxy/lib/python3.8/site-packages /usr/bin/cmake --build /home/joanne/bookros2_ws/build/br2_tracking -- -j8 -l8
[0.099s] -- Found pcl_conversions: 2.2.1 (/opt/ros/foxy/share/pcl_conversions/cmake)
[0.133s] -- Using PYTHON_EXECUTABLE: /usr/bin/python3
[0.307s] -- Override CMake install command with custom implementation using symlinks instead of copying resources
[0.373s] -- Using all available rosidl_typesupport_c: rosidl_typesupport_fastrtps_c;rosidl_typesupport_introspection_c
[0.378s] -- Found rosidl_adapter: 1.3.1 (/opt/ros/foxy/share/rosidl_adapter/cmake)
[0.512s] -- Using all available rosidl_typesupport_cpp: rosidl_typesupport_fastrtps_cpp;rosidl_typesupport_introspection_cpp
[0.849s] -- Found rmw_implementation_cmake: 1.0.4 (/opt/ros/foxy/share/rmw_implementation_cmake/cmake)
[0.853s] -- Using RMW implementation 'rmw_fastrtps_cpp' as default
[1.006s] -- Found pcl_ros: 2.2.1 (/opt/ros/foxy/share/pcl_ros/cmake)
[1.094s] -- Found eigen3_cmake_module: 0.1.1 (/opt/ros/foxy/share/eigen3_cmake_module/cmake)
[1.488s] -- Eigen found (include: /usr/include/eigen3, version: 3.3.7)
[1.569s] -- The imported target "vtkParseOGLExt" references the file
[1.569s]    "/usr/bin/vtkParseOGLExt-7.1"
[1.569s] but this file does not exist.  Possible reasons include:
[1.570s] * The file was deleted, renamed, or moved to another location.
[1.570s] * An install or uninstall procedure did not complete successfully.
[1.570s] * The installation package was faulty and contained
[1.570s]    "/usr/lib/cmake/vtk-7.1/VTKTargets.cmake"
[1.570s] but not all the files it references.
[1.570s] 
[1.570s] -- The imported target "vtkRenderingPythonTkWidgets" references the file
[1.570s]    "/usr/lib/x86_64-linux-gnu/libvtkRenderingPythonTkWidgets.so"
[1.570s] but this file does not exist.  Possible reasons include:
[1.570s] * The file was deleted, renamed, or moved to another location.
[1.570s] * An install or uninstall procedure did not complete successfully.
[1.570s] * The installation package was faulty and contained
[1.570s]    "/usr/lib/cmake/vtk-7.1/VTKTargets.cmake"
[1.571s] but not all the files it references.
[1.571s] 
[1.571s] -- The imported target "vtk" references the file
[1.571s]    "/usr/bin/vtk"
[1.571s] but this file does not exist.  Possible reasons include:
[1.571s] * The file was deleted, renamed, or moved to another location.
[1.571s] * An install or uninstall procedure did not complete successfully.
[1.571s] * The installation package was faulty and contained
[1.571s]    "/usr/lib/cmake/vtk-7.1/VTKTargets.cmake"
[1.571s] but not all the files it references.
[1.571s] 
[1.571s] -- The imported target "pvtk" references the file
[1.571s]    "/usr/bin/pvtk"
[1.572s] but this file does not exist.  Possible reasons include:
[1.572s] * The file was deleted, renamed, or moved to another location.
[1.572s] * An install or uninstall procedure did not complete successfully.
[1.572s] * The installation package was faulty and contained
[1.572s]    "/usr/lib/cmake/vtk-7.1/VTKTargets.cmake"
[1.572s] but not all the files it references.
[1.572s] 
[1.601s] -- OpenNI found (include: /usr/include/ni, lib: /usr/lib/libOpenNI.so)
[1.606s] -- OpenNI2 found (include: /usr/include/openni2, lib: /usr/lib/libOpenNI2.so)
[1.622s] -- OpenNI found (include: /usr/include/ni, lib: /usr/lib/libOpenNI.so)
[1.627s] -- OpenNI2 found (include: /usr/include/openni2, lib: /usr/lib/libOpenNI2.so)
[1.640s] -- QHULL found (include: /usr/include, lib: optimized;/usr/lib/x86_64-linux-gnu/libqhull.so;debug;/usr/lib/x86_64-linux-gnu/libqhull.so)
[1.646s] -- OpenNI found (include: /usr/include/ni, lib: /usr/lib/libOpenNI.so)
[1.842s] CMake Warning (dev) at CMakeLists.txt:10 (find_package):
[1.842s]   Policy CMP0074 is not set: find_package uses <PackageName>_ROOT variables.
[1.842s]   Run "cmake --help-policy CMP0074" for policy details.  Use the cmake_policy
[1.842s]   command to set the policy and suppress this warning.
[1.842s] 
[1.842s]   CMake variable PCL_ROOT is set to:
[1.842s] 
[1.842s]     /usr
[1.842s] 
[1.842s]   For compatibility, CMake is ignoring the variable.
[1.842s] This warning is for project developers.  Use -Wno-dev to suppress it.
[1.842s] 
[1.848s] -- Found visualization_msgs: 2.0.5 (/opt/ros/foxy/share/visualization_msgs/cmake)
[1.917s] -- Found rclcpp_lifecycle: 2.4.3 (/opt/ros/foxy/share/rclcpp_lifecycle/cmake)
[1.946s] -- Found br2_tracking_msgs: 0.0.0 (/home/joanne/bookros2_ws/install/br2_tracking_msgs/share/br2_tracking_msgs/cmake)
[1.964s] -- Found vision_msgs: 2.0.0 (/opt/ros/foxy/share/vision_msgs/cmake)
[2.075s] -- Found control_msgs: 2.5.1 (/opt/ros/foxy/share/control_msgs/cmake)
[2.360s] -- Found image_transport: 2.4.0 (/opt/ros/foxy/share/image_transport/cmake)
[2.391s] -- Found cv_bridge: 3.0.7 (/opt/ros/foxy/share/cv_bridge/cmake)
[2.723s] -- Found ament_lint_auto: 0.9.8 (/opt/ros/foxy/share/ament_lint_auto/cmake)
[2.796s] -- Found gtest sources under '/opt/ros/foxy/src/gtest_vendor': C++ tests using 'Google Test' will be built
[2.905s] -- Configuring done
[3.139s] -- Generating done
[3.283s] -- Build files have been written to: /home/joanne/bookros2_ws/build/br2_tracking
[3.330s] [ 28%] Built target gtest_main
[3.330s] [ 28%] Built target gtest
[3.368s] [ 57%] Built target br2_tracking
[3.398s] [ 71%] Built target pid_test
[3.419s] [ 85%] Built target object_detector
[3.420s] [100%] Built target object_tracker
[3.431s] Invoked command in '/home/joanne/bookros2_ws/build/br2_tracking' returned '0': CMAKE_PREFIX_PATH=/home/joanne/bookros2_ws/install/br2_tracking_msgs:/home/joanne/bookros2_ws/install/gazebo_ros2_control_demos:/home/joanne/bookros2_ws/install/ros2_controllers:/home/joanne/bookros2_ws/install/velocity_controllers:/home/joanne/bookros2_ws/install/urdf_test:/home/joanne/bookros2_ws/install/tiago_simulation:/home/joanne/bookros2_ws/install/tiago_robot:/home/joanne/bookros2_ws/install/tiago_2dnav_gazebo:/home/joanne/bookros2_ws/install/tiago_gazebo:/home/joanne/bookros2_ws/install/tiago_bringup:/home/joanne/bookros2_ws/install/pmb2_robot:/home/joanne/bookros2_ws/install/pmb2_bringup:/home/joanne/bookros2_ws/install/twist_mux:/home/joanne/bookros2_ws/install/transmission_interface:/home/joanne/bookros2_ws/install/tiago_description:/home/joanne/bookros2_ws/install/tiago_description_calibration:/home/joanne/bookros2_ws/install/tiago_controller_configuration:/home/joanne/bookros2_ws/install/ros2_control:/home/joanne/bookros2_ws/install/ros2_control_test_assets:/home/joanne/bookros2_ws/install/pal_gripper:/home/joanne/bookros2_ws/install/pal_gripper_controller_configuration:/home/joanne/bookros2_ws/install/position_controllers:/home/joanne/bookros2_ws/install/pmb2_navigation:/home/joanne/bookros2_ws/install/pmb2_2dnav:/home/joanne/bookros2_ws/install/pmb2_maps:/home/joanne/bookros2_ws/install/pmb2_description:/home/joanne/bookros2_ws/install/pmb2_controller_configuration:/home/joanne/bookros2_ws/install/pal_gripper_description:/home/joanne/bookros2_ws/install/pal_gazebo_worlds:/home/joanne/bookros2_ws/install/joint_trajectory_controller:/home/joanne/bookros2_ws/install/joint_state_controller:/home/joanne/bookros2_ws/install/joint_state_broadcaster:/home/joanne/bookros2_ws/install/imu_sensor_broadcaster:/home/joanne/bookros2_ws/install/hey5_description:/home/joanne/bookros2_ws/install/gripper_controllers:/home/joanne/bookros2_ws/install/gazebo_ros2_control:/home/joanne/bookros2_ws/install/effort_controllers:/home/joanne/bookros2_ws/install/forward_command_controller:/home/joanne/bookros2_ws/install/force_torque_sensor_broadcaster:/home/joanne/bookros2_ws/install/diff_drive_controller:/home/joanne/bookros2_ws/install/controller_manager:/home/joanne/bookros2_ws/install/controller_interface:/home/joanne/bookros2_ws/install/hardware_interface:/home/joanne/bookros2_ws/install/groot:/home/joanne/bookros2_ws/install/controller_manager_msgs:/home/joanne/bookros2_ws/install/br2_vff_avoidance:/home/joanne/bookros2_ws/install/br2_tracking:/home/joanne/bookros2_ws/install/br2_tiago:/home/joanne/bookros2_ws/install/br2_tf2_detector:/home/joanne/bookros2_ws/install/br2_navigation:/home/joanne/bookros2_ws/install/br2_fsm_bumpgo_cpp:/home/joanne/bookros2_ws/install/br2_bt_patrolling:/home/joanne/bookros2_ws/install/br2_bt_bumpgo:/home/joanne/bookros2_ws/install/br2_basics:/home/joanne/bookros2_ws/install/ros2controlcli:/home/joanne/bookros2_ws/install/launch_pal:/home/joanne/bookros2_ws/install/br2_fsm_bumpgo_py:/opt/ros/foxy LD_LIBRARY_PATH=/home/joanne/bookros2_ws/install/br2_tracking_msgs/lib:/home/joanne/bookros2_ws/install/velocity_controllers/lib:/home/joanne/bookros2_ws/install/position_controllers/lib:/home/joanne/bookros2_ws/install/joint_trajectory_controller/lib:/home/joanne/bookros2_ws/install/joint_state_controller/lib:/home/joanne/bookros2_ws/install/joint_state_broadcaster/lib:/home/joanne/bookros2_ws/install/imu_sensor_broadcaster/lib:/home/joanne/bookros2_ws/install/gripper_controllers/lib:/home/joanne/bookros2_ws/install/gazebo_ros2_control/lib:/home/joanne/bookros2_ws/install/effort_controllers/lib:/home/joanne/bookros2_ws/install/forward_command_controller/lib:/home/joanne/bookros2_ws/install/force_torque_sensor_broadcaster/lib:/home/joanne/bookros2_ws/install/diff_drive_controller/lib:/home/joanne/bookros2_ws/install/controller_manager/lib:/home/joanne/bookros2_ws/install/controller_interface/lib:/home/joanne/bookros2_ws/install/hardware_interface/lib:/home/joanne/bookros2_ws/install/groot/lib:/home/joanne/bookros2_ws/install/controller_manager_msgs/lib:/home/joanne/bookros2_ws/install/br2_vff_avoidance/lib:/home/joanne/bookros2_ws/install/br2_tracking/lib:/home/joanne/bookros2_ws/install/br2_tf2_detector/lib:/home/joanne/bookros2_ws/install/br2_bt_patrolling/lib:/home/joanne/bookros2_ws/install/br2_bt_bumpgo/lib:/usr/lib/x86_64-linux-gnu/gazebo-11/plugins:/opt/ros/foxy/opt/yaml_cpp_vendor/lib:/opt/ros/foxy/opt/rviz_ogre_vendor/lib:/opt/ros/foxy/lib/x86_64-linux-gnu:/opt/ros/foxy/lib PYTHONPATH=/home/joanne/bookros2_ws/install/br2_tracking_msgs/lib/python3.8/site-packages:/home/joanne/bookros2_ws/install/urdf_test/lib/python3.8/site-packages:/home/joanne/bookros2_ws/install/tiago_description/lib/python3.8/site-packages:/home/joanne/bookros2_ws/build/ros2controlcli:/home/joanne/bookros2_ws/install/ros2controlcli/lib/python3.8/site-packages:/home/joanne/bookros2_ws/install/pmb2_description/lib/python3.8/site-packages:/home/joanne/bookros2_ws/build/launch_pal:/home/joanne/bookros2_ws/install/launch_pal/lib/python3.8/site-packages:/home/joanne/bookros2_ws/install/controller_manager/lib/python3.8/site-packages:/home/joanne/bookros2_ws/install/controller_manager_msgs/lib/python3.8/site-packages:/home/joanne/bookros2_ws/build/br2_fsm_bumpgo_py:/home/joanne/bookros2_ws/install/br2_fsm_bumpgo_py/lib/python3.8/site-packages:/opt/ros/foxy/lib/python3.8/site-packages /usr/bin/cmake --build /home/joanne/bookros2_ws/build/br2_tracking -- -j8 -l8
[3.445s] Invoking command in '/home/joanne/bookros2_ws/build/br2_tracking': CMAKE_PREFIX_PATH=/home/joanne/bookros2_ws/install/br2_tracking_msgs:/home/joanne/bookros2_ws/install/gazebo_ros2_control_demos:/home/joanne/bookros2_ws/install/ros2_controllers:/home/joanne/bookros2_ws/install/velocity_controllers:/home/joanne/bookros2_ws/install/urdf_test:/home/joanne/bookros2_ws/install/tiago_simulation:/home/joanne/bookros2_ws/install/tiago_robot:/home/joanne/bookros2_ws/install/tiago_2dnav_gazebo:/home/joanne/bookros2_ws/install/tiago_gazebo:/home/joanne/bookros2_ws/install/tiago_bringup:/home/joanne/bookros2_ws/install/pmb2_robot:/home/joanne/bookros2_ws/install/pmb2_bringup:/home/joanne/bookros2_ws/install/twist_mux:/home/joanne/bookros2_ws/install/transmission_interface:/home/joanne/bookros2_ws/install/tiago_description:/home/joanne/bookros2_ws/install/tiago_description_calibration:/home/joanne/bookros2_ws/install/tiago_controller_configuration:/home/joanne/bookros2_ws/install/ros2_control:/home/joanne/bookros2_ws/install/ros2_control_test_assets:/home/joanne/bookros2_ws/install/pal_gripper:/home/joanne/bookros2_ws/install/pal_gripper_controller_configuration:/home/joanne/bookros2_ws/install/position_controllers:/home/joanne/bookros2_ws/install/pmb2_navigation:/home/joanne/bookros2_ws/install/pmb2_2dnav:/home/joanne/bookros2_ws/install/pmb2_maps:/home/joanne/bookros2_ws/install/pmb2_description:/home/joanne/bookros2_ws/install/pmb2_controller_configuration:/home/joanne/bookros2_ws/install/pal_gripper_description:/home/joanne/bookros2_ws/install/pal_gazebo_worlds:/home/joanne/bookros2_ws/install/joint_trajectory_controller:/home/joanne/bookros2_ws/install/joint_state_controller:/home/joanne/bookros2_ws/install/joint_state_broadcaster:/home/joanne/bookros2_ws/install/imu_sensor_broadcaster:/home/joanne/bookros2_ws/install/hey5_description:/home/joanne/bookros2_ws/install/gripper_controllers:/home/joanne/bookros2_ws/install/gazebo_ros2_control:/home/joanne/bookros2_ws/install/effort_controllers:/home/joanne/bookros2_ws/install/forward_command_controller:/home/joanne/bookros2_ws/install/force_torque_sensor_broadcaster:/home/joanne/bookros2_ws/install/diff_drive_controller:/home/joanne/bookros2_ws/install/controller_manager:/home/joanne/bookros2_ws/install/controller_interface:/home/joanne/bookros2_ws/install/hardware_interface:/home/joanne/bookros2_ws/install/groot:/home/joanne/bookros2_ws/install/controller_manager_msgs:/home/joanne/bookros2_ws/install/br2_vff_avoidance:/home/joanne/bookros2_ws/install/br2_tracking:/home/joanne/bookros2_ws/install/br2_tiago:/home/joanne/bookros2_ws/install/br2_tf2_detector:/home/joanne/bookros2_ws/install/br2_navigation:/home/joanne/bookros2_ws/install/br2_fsm_bumpgo_cpp:/home/joanne/bookros2_ws/install/br2_bt_patrolling:/home/joanne/bookros2_ws/install/br2_bt_bumpgo:/home/joanne/bookros2_ws/install/br2_basics:/home/joanne/bookros2_ws/install/ros2controlcli:/home/joanne/bookros2_ws/install/launch_pal:/home/joanne/bookros2_ws/install/br2_fsm_bumpgo_py:/opt/ros/foxy LD_LIBRARY_PATH=/home/joanne/bookros2_ws/install/br2_tracking_msgs/lib:/home/joanne/bookros2_ws/install/velocity_controllers/lib:/home/joanne/bookros2_ws/install/position_controllers/lib:/home/joanne/bookros2_ws/install/joint_trajectory_controller/lib:/home/joanne/bookros2_ws/install/joint_state_controller/lib:/home/joanne/bookros2_ws/install/joint_state_broadcaster/lib:/home/joanne/bookros2_ws/install/imu_sensor_broadcaster/lib:/home/joanne/bookros2_ws/install/gripper_controllers/lib:/home/joanne/bookros2_ws/install/gazebo_ros2_control/lib:/home/joanne/bookros2_ws/install/effort_controllers/lib:/home/joanne/bookros2_ws/install/forward_command_controller/lib:/home/joanne/bookros2_ws/install/force_torque_sensor_broadcaster/lib:/home/joanne/bookros2_ws/install/diff_drive_controller/lib:/home/joanne/bookros2_ws/install/controller_manager/lib:/home/joanne/bookros2_ws/install/controller_interface/lib:/home/joanne/bookros2_ws/install/hardware_interface/lib:/home/joanne/bookros2_ws/install/groot/lib:/home/joanne/bookros2_ws/install/controller_manager_msgs/lib:/home/joanne/bookros2_ws/install/br2_vff_avoidance/lib:/home/joanne/bookros2_ws/install/br2_tracking/lib:/home/joanne/bookros2_ws/install/br2_tf2_detector/lib:/home/joanne/bookros2_ws/install/br2_bt_patrolling/lib:/home/joanne/bookros2_ws/install/br2_bt_bumpgo/lib:/usr/lib/x86_64-linux-gnu/gazebo-11/plugins:/opt/ros/foxy/opt/yaml_cpp_vendor/lib:/opt/ros/foxy/opt/rviz_ogre_vendor/lib:/opt/ros/foxy/lib/x86_64-linux-gnu:/opt/ros/foxy/lib PYTHONPATH=/home/joanne/bookros2_ws/install/br2_tracking_msgs/lib/python3.8/site-packages:/home/joanne/bookros2_ws/install/urdf_test/lib/python3.8/site-packages:/home/joanne/bookros2_ws/install/tiago_description/lib/python3.8/site-packages:/home/joanne/bookros2_ws/build/ros2controlcli:/home/joanne/bookros2_ws/install/ros2controlcli/lib/python3.8/site-packages:/home/joanne/bookros2_ws/install/pmb2_description/lib/python3.8/site-packages:/home/joanne/bookros2_ws/build/launch_pal:/home/joanne/bookros2_ws/install/launch_pal/lib/python3.8/site-packages:/home/joanne/bookros2_ws/install/controller_manager/lib/python3.8/site-packages:/home/joanne/bookros2_ws/install/controller_manager_msgs/lib/python3.8/site-packages:/home/joanne/bookros2_ws/build/br2_fsm_bumpgo_py:/home/joanne/bookros2_ws/install/br2_fsm_bumpgo_py/lib/python3.8/site-packages:/opt/ros/foxy/lib/python3.8/site-packages /usr/bin/cmake --install /home/joanne/bookros2_ws/build/br2_tracking
[3.454s] -- Install configuration: "Debug"
[3.454s] -- Execute custom install script
[3.455s] -- Up-to-date symlink: /home/joanne/bookros2_ws/install/br2_tracking/lib/libbr2_tracking.so
[3.455s] -- Up-to-date symlink: /home/joanne/bookros2_ws/install/br2_tracking/lib/br2_tracking/object_detector
[3.455s] -- Up-to-date symlink: /home/joanne/bookros2_ws/install/br2_tracking/lib/br2_tracking/object_tracker
[3.456s] -- Up-to-date symlink: /home/joanne/bookros2_ws/install/br2_tracking/include/include/br2_tracking/HeadController.hpp
[3.456s] -- Up-to-date symlink: /home/joanne/bookros2_ws/install/br2_tracking/include/include/br2_tracking/ObjectDetector.hpp
[3.456s] -- Up-to-date symlink: /home/joanne/bookros2_ws/install/br2_tracking/include/include/br2_tracking/PIDController.hpp
[3.456s] -- Up-to-date symlink: /home/joanne/bookros2_ws/install/br2_tracking/share/br2_tracking/launch/tracking.launch.py
[3.457s] -- Up-to-date symlink: /home/joanne/bookros2_ws/install/br2_tracking/share/br2_tracking/config/detector.yaml
[3.457s] -- Up-to-date symlink: /home/joanne/bookros2_ws/install/br2_tracking/share/br2_tracking/environment/library_path.sh
[3.457s] -- Up-to-date symlink: /home/joanne/bookros2_ws/install/br2_tracking/share/br2_tracking/environment/library_path.dsv
[3.459s] Invoked command in '/home/joanne/bookros2_ws/build/br2_tracking' returned '0': CMAKE_PREFIX_PATH=/home/joanne/bookros2_ws/install/br2_tracking_msgs:/home/joanne/bookros2_ws/install/gazebo_ros2_control_demos:/home/joanne/bookros2_ws/install/ros2_controllers:/home/joanne/bookros2_ws/install/velocity_controllers:/home/joanne/bookros2_ws/install/urdf_test:/home/joanne/bookros2_ws/install/tiago_simulation:/home/joanne/bookros2_ws/install/tiago_robot:/home/joanne/bookros2_ws/install/tiago_2dnav_gazebo:/home/joanne/bookros2_ws/install/tiago_gazebo:/home/joanne/bookros2_ws/install/tiago_bringup:/home/joanne/bookros2_ws/install/pmb2_robot:/home/joanne/bookros2_ws/install/pmb2_bringup:/home/joanne/bookros2_ws/install/twist_mux:/home/joanne/bookros2_ws/install/transmission_interface:/home/joanne/bookros2_ws/install/tiago_description:/home/joanne/bookros2_ws/install/tiago_description_calibration:/home/joanne/bookros2_ws/install/tiago_controller_configuration:/home/joanne/bookros2_ws/install/ros2_control:/home/joanne/bookros2_ws/install/ros2_control_test_assets:/home/joanne/bookros2_ws/install/pal_gripper:/home/joanne/bookros2_ws/install/pal_gripper_controller_configuration:/home/joanne/bookros2_ws/install/position_controllers:/home/joanne/bookros2_ws/install/pmb2_navigation:/home/joanne/bookros2_ws/install/pmb2_2dnav:/home/joanne/bookros2_ws/install/pmb2_maps:/home/joanne/bookros2_ws/install/pmb2_description:/home/joanne/bookros2_ws/install/pmb2_controller_configuration:/home/joanne/bookros2_ws/install/pal_gripper_description:/home/joanne/bookros2_ws/install/pal_gazebo_worlds:/home/joanne/bookros2_ws/install/joint_trajectory_controller:/home/joanne/bookros2_ws/install/joint_state_controller:/home/joanne/bookros2_ws/install/joint_state_broadcaster:/home/joanne/bookros2_ws/install/imu_sensor_broadcaster:/home/joanne/bookros2_ws/install/hey5_description:/home/joanne/bookros2_ws/install/gripper_controllers:/home/joanne/bookros2_ws/install/gazebo_ros2_control:/home/joanne/bookros2_ws/install/effort_controllers:/home/joanne/bookros2_ws/install/forward_command_controller:/home/joanne/bookros2_ws/install/force_torque_sensor_broadcaster:/home/joanne/bookros2_ws/install/diff_drive_controller:/home/joanne/bookros2_ws/install/controller_manager:/home/joanne/bookros2_ws/install/controller_interface:/home/joanne/bookros2_ws/install/hardware_interface:/home/joanne/bookros2_ws/install/groot:/home/joanne/bookros2_ws/install/controller_manager_msgs:/home/joanne/bookros2_ws/install/br2_vff_avoidance:/home/joanne/bookros2_ws/install/br2_tracking:/home/joanne/bookros2_ws/install/br2_tiago:/home/joanne/bookros2_ws/install/br2_tf2_detector:/home/joanne/bookros2_ws/install/br2_navigation:/home/joanne/bookros2_ws/install/br2_fsm_bumpgo_cpp:/home/joanne/bookros2_ws/install/br2_bt_patrolling:/home/joanne/bookros2_ws/install/br2_bt_bumpgo:/home/joanne/bookros2_ws/install/br2_basics:/home/joanne/bookros2_ws/install/ros2controlcli:/home/joanne/bookros2_ws/install/launch_pal:/home/joanne/bookros2_ws/install/br2_fsm_bumpgo_py:/opt/ros/foxy LD_LIBRARY_PATH=/home/joanne/bookros2_ws/install/br2_tracking_msgs/lib:/home/joanne/bookros2_ws/install/velocity_controllers/lib:/home/joanne/bookros2_ws/install/position_controllers/lib:/home/joanne/bookros2_ws/install/joint_trajectory_controller/lib:/home/joanne/bookros2_ws/install/joint_state_controller/lib:/home/joanne/bookros2_ws/install/joint_state_broadcaster/lib:/home/joanne/bookros2_ws/install/imu_sensor_broadcaster/lib:/home/joanne/bookros2_ws/install/gripper_controllers/lib:/home/joanne/bookros2_ws/install/gazebo_ros2_control/lib:/home/joanne/bookros2_ws/install/effort_controllers/lib:/home/joanne/bookros2_ws/install/forward_command_controller/lib:/home/joanne/bookros2_ws/install/force_torque_sensor_broadcaster/lib:/home/joanne/bookros2_ws/install/diff_drive_controller/lib:/home/joanne/bookros2_ws/install/controller_manager/lib:/home/joanne/bookros2_ws/install/controller_interface/lib:/home/joanne/bookros2_ws/install/hardware_interface/lib:/home/joanne/bookros2_ws/install/groot/lib:/home/joanne/bookros2_ws/install/controller_manager_msgs/lib:/home/joanne/bookros2_ws/install/br2_vff_avoidance/lib:/home/joanne/bookros2_ws/install/br2_tracking/lib:/home/joanne/bookros2_ws/install/br2_tf2_detector/lib:/home/joanne/bookros2_ws/install/br2_bt_patrolling/lib:/home/joanne/bookros2_ws/install/br2_bt_bumpgo/lib:/usr/lib/x86_64-linux-gnu/gazebo-11/plugins:/opt/ros/foxy/opt/yaml_cpp_vendor/lib:/opt/ros/foxy/opt/rviz_ogre_vendor/lib:/opt/ros/foxy/lib/x86_64-linux-gnu:/opt/ros/foxy/lib PYTHONPATH=/home/joanne/bookros2_ws/install/br2_tracking_msgs/lib/python3.8/site-packages:/home/joanne/bookros2_ws/install/urdf_test/lib/python3.8/site-packages:/home/joanne/bookros2_ws/install/tiago_description/lib/python3.8/site-packages:/home/joanne/bookros2_ws/build/ros2controlcli:/home/joanne/bookros2_ws/install/ros2controlcli/lib/python3.8/site-packages:/home/joanne/bookros2_ws/install/pmb2_description/lib/python3.8/site-packages:/home/joanne/bookros2_ws/build/launch_pal:/home/joanne/bookros2_ws/install/launch_pal/lib/python3.8/site-packages:/home/joanne/bookros2_ws/install/controller_manager/lib/python3.8/site-packages:/home/joanne/bookros2_ws/install/controller_manager_msgs/lib/python3.8/site-packages:/home/joanne/bookros2_ws/build/br2_fsm_bumpgo_py:/home/joanne/bookros2_ws/install/br2_fsm_bumpgo_py/lib/python3.8/site-packages:/opt/ros/foxy/lib/python3.8/site-packages /usr/bin/cmake --install /home/joanne/bookros2_ws/build/br2_tracking
