[0.894s] Invoking command in '/home/joanne/bookros2_ws/build/br2_navigation': CMAKE_PREFIX_PATH=/opt/ros/foxy /usr/bin/cmake /home/joanne/bookros2_ws/src/book_ros2/br2_navigation -DAMENT_CMAKE_SYMLINK_INSTALL=1 -DCMAKE_INSTALL_PREFIX=/home/joanne/bookros2_ws/install/br2_navigation
[0.948s] -- Found ament_cmake_auto: 0.9.12 (/opt/ros/foxy/share/ament_cmake_auto/cmake)
[1.014s] -- Using PYTHON_EXECUTABLE: /usr/bin/python3
[1.959s] -- Override CMake install command with custom implementation using symlinks instead of copying resources
[2.302s] -- Configuring done
[2.316s] -- Generating done
[2.319s] -- Build files have been written to: /home/joanne/bookros2_ws/build/br2_navigation
[2.328s] Invoked command in '/home/joanne/bookros2_ws/build/br2_navigation' returned '0': CMAKE_PREFIX_PATH=/opt/ros/foxy /usr/bin/cmake /home/joanne/bookros2_ws/src/book_ros2/br2_navigation -DAMENT_CMAKE_SYMLINK_INSTALL=1 -DCMAKE_INSTALL_PREFIX=/home/joanne/bookros2_ws/install/br2_navigation
[2.329s] Invoking command in '/home/joanne/bookros2_ws/build/br2_navigation': CMAKE_PREFIX_PATH=/opt/ros/foxy /usr/bin/cmake --build /home/joanne/bookros2_ws/build/br2_navigation -- -j8 -l8
[2.902s] Invoked command in '/home/joanne/bookros2_ws/build/br2_navigation' returned '0': CMAKE_PREFIX_PATH=/opt/ros/foxy /usr/bin/cmake --build /home/joanne/bookros2_ws/build/br2_navigation -- -j8 -l8
[2.903s] Invoking command in '/home/joanne/bookros2_ws/build/br2_navigation': CMAKE_PREFIX_PATH=/opt/ros/foxy /usr/bin/cmake --install /home/joanne/bookros2_ws/build/br2_navigation
[2.939s] -- Install configuration: ""
[2.940s] -- Execute custom install script
[2.941s] -- Symlinking: /home/joanne/bookros2_ws/install/br2_navigation/share/br2_navigation/launch/navigation_launch.py
[2.997s] -- Symlinking: /home/joanne/bookros2_ws/install/br2_navigation/share/br2_navigation/launch/tiago_navigation.launch.py
[3.039s] -- Symlinking: /home/joanne/bookros2_ws/install/br2_navigation/share/br2_navigation/params/mapper_params_online_async.yaml
[3.102s] -- Symlinking: /home/joanne/bookros2_ws/install/br2_navigation/share/br2_navigation/params/tiago_nav_params.yaml
[3.155s] -- Symlinking: /home/joanne/bookros2_ws/install/br2_navigation/share/br2_navigation/maps/home.pgm
[3.194s] -- Symlinking: /home/joanne/bookros2_ws/install/br2_navigation/share/br2_navigation/maps/home.yaml
[3.526s] -- Symlinking: /home/joanne/bookros2_ws/install/br2_navigation/share/ament_index/resource_index/package_run_dependencies/br2_navigation
[3.578s] -- Symlinking: /home/joanne/bookros2_ws/install/br2_navigation/share/ament_index/resource_index/parent_prefix_path/br2_navigation
[3.662s] -- Symlinking: /home/joanne/bookros2_ws/install/br2_navigation/share/br2_navigation/environment/ament_prefix_path.sh
[3.742s] -- Symlinking: /home/joanne/bookros2_ws/install/br2_navigation/share/br2_navigation/environment/ament_prefix_path.dsv
[3.794s] -- Symlinking: /home/joanne/bookros2_ws/install/br2_navigation/share/br2_navigation/environment/path.sh
[3.847s] -- Symlinking: /home/joanne/bookros2_ws/install/br2_navigation/share/br2_navigation/environment/path.dsv
[3.869s] -- Symlinking: /home/joanne/bookros2_ws/install/br2_navigation/share/br2_navigation/local_setup.bash
[3.923s] -- Symlinking: /home/joanne/bookros2_ws/install/br2_navigation/share/br2_navigation/local_setup.sh
[3.946s] -- Symlinking: /home/joanne/bookros2_ws/install/br2_navigation/share/br2_navigation/local_setup.zsh
[4.014s] -- Symlinking: /home/joanne/bookros2_ws/install/br2_navigation/share/br2_navigation/local_setup.dsv
[4.066s] -- Symlinking: /home/joanne/bookros2_ws/install/br2_navigation/share/br2_navigation/package.dsv
[4.110s] -- Symlinking: /home/joanne/bookros2_ws/install/br2_navigation/share/ament_index/resource_index/packages/br2_navigation
[4.143s] -- Symlinking: /home/joanne/bookros2_ws/install/br2_navigation/share/br2_navigation/cmake/br2_navigationConfig.cmake
[4.157s] -- Symlinking: /home/joanne/bookros2_ws/install/br2_navigation/share/br2_navigation/cmake/br2_navigationConfig-version.cmake
[4.219s] -- Symlinking: /home/joanne/bookros2_ws/install/br2_navigation/share/br2_navigation/package.xml
[4.253s] Invoked command in '/home/joanne/bookros2_ws/build/br2_navigation' returned '0': CMAKE_PREFIX_PATH=/opt/ros/foxy /usr/bin/cmake --install /home/joanne/bookros2_ws/build/br2_navigation
