[0.294s] Invoking command in '/home/joanne/bookros2_ws/build/twist_mux': CMAKE_PREFIX_PATH=/opt/ros/foxy /usr/bin/cmake --build /home/joanne/bookros2_ws/build/twist_mux -- -j8 -l8
[0.363s] [ 33%] Built target twist_marker
[0.412s] [100%] Built target twist_mux
[0.538s] Invoked command in '/home/joanne/bookros2_ws/build/twist_mux' returned '0': CMAKE_PREFIX_PATH=/opt/ros/foxy /usr/bin/cmake --build /home/joanne/bookros2_ws/build/twist_mux -- -j8 -l8
[0.538s] Invoking command in '/home/joanne/bookros2_ws/build/twist_mux': CMAKE_PREFIX_PATH=/opt/ros/foxy /usr/bin/cmake --install /home/joanne/bookros2_ws/build/twist_mux
[0.540s] -- Install configuration: ""
[0.540s] -- Execute custom install script
[0.540s] -- Up-to-date symlink: /home/joanne/bookros2_ws/install/twist_mux/lib/twist_mux/twist_mux
[0.540s] -- Up-to-date symlink: /home/joanne/bookros2_ws/install/twist_mux/lib/twist_mux/twist_marker
[0.540s] -- Up-to-date symlink: /home/joanne/bookros2_ws/install/twist_mux/share/twist_mux/launch/twist_mux.launch
[0.540s] -- Up-to-date symlink: /home/joanne/bookros2_ws/install/twist_mux/share/twist_mux/launch/twist_mux_launch.py
[0.540s] -- Up-to-date symlink: /home/joanne/bookros2_ws/install/twist_mux/share/twist_mux/config/joystick.yaml
[0.540s] -- Up-to-date symlink: /home/joanne/bookros2_ws/install/twist_mux/share/twist_mux/config/twist_mux_locks.yaml
[0.540s] -- Up-to-date symlink: /home/joanne/bookros2_ws/install/twist_mux/share/twist_mux/config/twist_mux_topics.yaml
[0.540s] -- Up-to-date symlink: /home/joanne/bookros2_ws/install/twist_mux/include/twist_mux/params_helpers.hpp
[0.541s] -- Up-to-date symlink: /home/joanne/bookros2_ws/install/twist_mux/include/twist_mux/topic_handle.hpp
[0.541s] -- Up-to-date symlink: /home/joanne/bookros2_ws/install/twist_mux/include/twist_mux/twist_mux.hpp
[0.541s] -- Up-to-date symlink: /home/joanne/bookros2_ws/install/twist_mux/include/twist_mux/twist_mux_diagnostics.hpp
[0.541s] -- Up-to-date symlink: /home/joanne/bookros2_ws/install/twist_mux/include/twist_mux/twist_mux_diagnostics_status.hpp
[0.541s] -- Up-to-date symlink: /home/joanne/bookros2_ws/install/twist_mux/include/twist_mux/utils.hpp
[0.541s] -- Up-to-date symlink: /home/joanne/bookros2_ws/install/twist_mux/share/ament_index/resource_index/package_run_dependencies/twist_mux
[0.541s] -- Up-to-date symlink: /home/joanne/bookros2_ws/install/twist_mux/share/ament_index/resource_index/parent_prefix_path/twist_mux
[0.541s] -- Up-to-date symlink: /home/joanne/bookros2_ws/install/twist_mux/share/twist_mux/environment/ament_prefix_path.sh
[0.541s] -- Up-to-date symlink: /home/joanne/bookros2_ws/install/twist_mux/share/twist_mux/environment/ament_prefix_path.dsv
[0.541s] -- Up-to-date symlink: /home/joanne/bookros2_ws/install/twist_mux/share/twist_mux/environment/path.sh
[0.541s] -- Up-to-date symlink: /home/joanne/bookros2_ws/install/twist_mux/share/twist_mux/environment/path.dsv
[0.541s] -- Up-to-date symlink: /home/joanne/bookros2_ws/install/twist_mux/share/twist_mux/local_setup.bash
[0.541s] -- Up-to-date symlink: /home/joanne/bookros2_ws/install/twist_mux/share/twist_mux/local_setup.sh
[0.542s] -- Up-to-date symlink: /home/joanne/bookros2_ws/install/twist_mux/share/twist_mux/local_setup.zsh
[0.542s] -- Up-to-date symlink: /home/joanne/bookros2_ws/install/twist_mux/share/twist_mux/local_setup.dsv
[0.542s] -- Symlinking: /home/joanne/bookros2_ws/install/twist_mux/share/twist_mux/package.dsv
[0.542s] -- Up-to-date symlink: /home/joanne/bookros2_ws/install/twist_mux/share/ament_index/resource_index/packages/twist_mux
[0.542s] -- Up-to-date symlink: /home/joanne/bookros2_ws/install/twist_mux/share/twist_mux/cmake/ament_cmake_export_include_directories-extras.cmake
[0.542s] -- Up-to-date symlink: /home/joanne/bookros2_ws/install/twist_mux/share/twist_mux/cmake/ament_cmake_export_dependencies-extras.cmake
[0.542s] -- Up-to-date symlink: /home/joanne/bookros2_ws/install/twist_mux/share/twist_mux/cmake/twist_muxConfig.cmake
[0.542s] -- Up-to-date symlink: /home/joanne/bookros2_ws/install/twist_mux/share/twist_mux/cmake/twist_muxConfig-version.cmake
[0.544s] -- Up-to-date symlink: /home/joanne/bookros2_ws/install/twist_mux/share/twist_mux/package.xml
[0.626s] Invoked command in '/home/joanne/bookros2_ws/build/twist_mux' returned '0': CMAKE_PREFIX_PATH=/opt/ros/foxy /usr/bin/cmake --install /home/joanne/bookros2_ws/build/twist_mux
