-- Found ament_cmake_auto: 0.9.12 (/opt/ros/foxy/share/ament_cmake_auto/cmake)
-- Using PYTHON_EXECUTABLE: /usr/bin/python3
-- Override CMake install command with custom implementation using symlinks instead of copying resources
-- Configuring done
-- Generating done
-- Build files have been written to: /home/joanne/bookros2_ws/build/pal_gripper_controller_configuration
-- Install configuration: ""
-- Execute custom install script
-- Symlinking: /home/joanne/bookros2_ws/install/pal_gripper_controller_configuration/share/pal_gripper_controller_configuration/config/current_limit_controllers.yaml
-- Symlinking: /home/joanne/bookros2_ws/install/pal_gripper_controller_configuration/share/pal_gripper_controller_configuration/config/current_limit_controllers_left.yaml
-- Symlinking: /home/joanne/bookros2_ws/install/pal_gripper_controller_configuration/share/pal_gripper_controller_configuration/config/current_limit_controllers_right.yaml
-- Symlinking: /home/joanne/bookros2_ws/install/pal_gripper_controller_configuration/share/pal_gripper_controller_configuration/config/gripper_controller.yaml
-- Symlinking: /home/joanne/bookros2_ws/install/pal_gripper_controller_configuration/share/pal_gripper_controller_configuration/config/joint_trajectory_controllers.yaml
-- Symlinking: /home/joanne/bookros2_ws/install/pal_gripper_controller_configuration/share/pal_gripper_controller_configuration/config/pids.yaml
-- Symlinking: /home/joanne/bookros2_ws/install/pal_gripper_controller_configuration/share/pal_gripper_controller_configuration/launch/current_limit_controllers.launch
-- Symlinking: /home/joanne/bookros2_ws/install/pal_gripper_controller_configuration/share/pal_gripper_controller_configuration/launch/gripper_controller.launch
-- Symlinking: /home/joanne/bookros2_ws/install/pal_gripper_controller_configuration/share/ament_index/resource_index/package_run_dependencies/pal_gripper_controller_configuration
-- Symlinking: /home/joanne/bookros2_ws/install/pal_gripper_controller_configuration/share/ament_index/resource_index/parent_prefix_path/pal_gripper_controller_configuration
-- Symlinking: /home/joanne/bookros2_ws/install/pal_gripper_controller_configuration/share/pal_gripper_controller_configuration/environment/ament_prefix_path.sh
-- Symlinking: /home/joanne/bookros2_ws/install/pal_gripper_controller_configuration/share/pal_gripper_controller_configuration/environment/ament_prefix_path.dsv
-- Symlinking: /home/joanne/bookros2_ws/install/pal_gripper_controller_configuration/share/pal_gripper_controller_configuration/environment/path.sh
-- Symlinking: /home/joanne/bookros2_ws/install/pal_gripper_controller_configuration/share/pal_gripper_controller_configuration/environment/path.dsv
-- Symlinking: /home/joanne/bookros2_ws/install/pal_gripper_controller_configuration/share/pal_gripper_controller_configuration/local_setup.bash
-- Symlinking: /home/joanne/bookros2_ws/install/pal_gripper_controller_configuration/share/pal_gripper_controller_configuration/local_setup.sh
-- Symlinking: /home/joanne/bookros2_ws/install/pal_gripper_controller_configuration/share/pal_gripper_controller_configuration/local_setup.zsh
-- Symlinking: /home/joanne/bookros2_ws/install/pal_gripper_controller_configuration/share/pal_gripper_controller_configuration/local_setup.dsv
-- Symlinking: /home/joanne/bookros2_ws/install/pal_gripper_controller_configuration/share/pal_gripper_controller_configuration/package.dsv
-- Symlinking: /home/joanne/bookros2_ws/install/pal_gripper_controller_configuration/share/ament_index/resource_index/packages/pal_gripper_controller_configuration
-- Symlinking: /home/joanne/bookros2_ws/install/pal_gripper_controller_configuration/share/pal_gripper_controller_configuration/cmake/pal_gripper_controller_configurationConfig.cmake
-- Symlinking: /home/joanne/bookros2_ws/install/pal_gripper_controller_configuration/share/pal_gripper_controller_configuration/cmake/pal_gripper_controller_configurationConfig-version.cmake
-- Symlinking: /home/joanne/bookros2_ws/install/pal_gripper_controller_configuration/share/pal_gripper_controller_configuration/package.xml
