[0.073s] Invoking command in '/home/joanne/bookros2_ws/build/br2_fsm_bumpgo_cpp': CMAKE_PREFIX_PATH=${CMAKE_PREFIX_PATH}:/home/joanne/bookros2_ws/install/ros2controlcli:/home/joanne/bookros2_ws/install/launch_pal:/home/joanne/bookros2_ws/install/br2_fsm_bumpgo_py:/opt/ros/foxy /usr/bin/cmake --build /home/joanne/bookros2_ws/build/br2_fsm_bumpgo_cpp -- -j8 -l8
[0.363s] [35m[1mScanning dependencies of target bumpgo[0m
[0.481s] [ 33%] [32mBuilding CXX object CMakeFiles/bumpgo.dir/src/br2_fsm_bumpgo_cpp/BumpGoNode.cpp.o[0m
[9.416s] In file included from [01m[K/opt/ros/foxy/include/rclcpp/service.hpp:34[m[K,
[9.418s]                  from [01m[K/opt/ros/foxy/include/rclcpp/callback_group.hpp:25[m[K,
[9.421s]                  from [01m[K/opt/ros/foxy/include/rclcpp/any_executable.hpp:20[m[K,
[9.422s]                  from [01m[K/opt/ros/foxy/include/rclcpp/memory_strategy.hpp:24[m[K,
[9.422s]                  from [01m[K/opt/ros/foxy/include/rclcpp/memory_strategies.hpp:18[m[K,
[9.423s]                  from [01m[K/opt/ros/foxy/include/rclcpp/executor_options.hpp:20[m[K,
[9.424s]                  from [01m[K/opt/ros/foxy/include/rclcpp/executor.hpp:33[m[K,
[9.425s]                  from [01m[K/opt/ros/foxy/include/rclcpp/executors/multi_threaded_executor.hpp:26[m[K,
[9.425s]                  from [01m[K/opt/ros/foxy/include/rclcpp/executors.hpp:21[m[K,
[9.425s]                  from [01m[K/opt/ros/foxy/include/rclcpp/rclcpp.hpp:146[m[K,
[9.425s]                  from [01m[K/home/joanne/bookros2_ws/src/book_ros2/br2_fsm_bumpgo_cpp/include/br2_fsm_bumpgo_cpp/BumpGoNode.hpp:21[m[K,
[9.426s]                  from [01m[K/home/joanne/bookros2_ws/src/book_ros2/br2_fsm_bumpgo_cpp/src/br2_fsm_bumpgo_cpp/BumpGoNode.cpp:16[m[K:
[9.426s] [01m[K/home/joanne/bookros2_ws/src/book_ros2/br2_fsm_bumpgo_cpp/src/br2_fsm_bumpgo_cpp/BumpGoNode.cpp:[m[K In member function ‘[01m[Kvoid br2_fsm_bumpgo_cpp::BumpGoNode::control_cycle()[m[K’:
[9.427s] [01m[K/home/joanne/bookros2_ws/src/book_ros2/br2_fsm_bumpgo_cpp/src/br2_fsm_bumpgo_cpp/BumpGoNode.cpp:144:24:[m[K [01;31m[Kerror: [m[Krequest for member ‘[01m[KNode[m[K’ in ‘[01m[K(br2_fsm_bumpgo_cpp::BumpGoNode*)this[m[K’, which is of pointer type ‘[01m[Kbr2_fsm_bumpgo_cpp::BumpGoNode*[m[K’ (maybe you meant to use ‘[01m[K->[m[K’ ?)
[9.427s]   144 |       RCLCPP_INFO(this.[01;31m[KNode[m[K->get_logger(), "turning!!! %d", out_vel.angular.z);
[9.428s]       |                        [01;31m[K^~~~[m[K
[9.428s] [01m[K/home/joanne/bookros2_ws/src/book_ros2/br2_fsm_bumpgo_cpp/src/br2_fsm_bumpgo_cpp/BumpGoNode.cpp:144:24:[m[K [01;31m[Kerror: [m[Krequest for member ‘[01m[KNode[m[K’ in ‘[01m[K(br2_fsm_bumpgo_cpp::BumpGoNode*)this[m[K’, which is of pointer type ‘[01m[Kbr2_fsm_bumpgo_cpp::BumpGoNode*[m[K’ (maybe you meant to use ‘[01m[K->[m[K’ ?)
[9.428s] [01m[K/home/joanne/bookros2_ws/src/book_ros2/br2_fsm_bumpgo_cpp/src/br2_fsm_bumpgo_cpp/BumpGoNode.cpp:144:7:[m[K [01;31m[Kerror: [m[Ktemplate argument 1 is invalid
[9.428s]   144 |       [01;31m[KRCLCPP_INFO[m[K(this.Node->get_logger(), "turning!!! %d", out_vel.angular.z);
[9.429s]       |       [01;31m[K^~~~~~~~~~~[m[K
[9.429s] [01m[K/home/joanne/bookros2_ws/src/book_ros2/br2_fsm_bumpgo_cpp/src/br2_fsm_bumpgo_cpp/BumpGoNode.cpp:144:7:[m[K [01;31m[Kerror: [m[Ktemplate argument 1 is invalid
[9.430s]   144 |       [01;31m[KRCLCPP_INFO[m[K(this.Node->get_logger(), "turning!!! %d", out_vel.angular.z);
[9.432s]       |       [01;31m[K^~~~~~~~~~~[m[K
[9.434s] [01m[K/home/joanne/bookros2_ws/src/book_ros2/br2_fsm_bumpgo_cpp/src/br2_fsm_bumpgo_cpp/BumpGoNode.cpp:144:7:[m[K [01;31m[Kerror: [m[Ktemplate argument 1 is invalid
[9.435s]   144 |       [01;31m[KRCLCPP_INFO[m[K(this.Node->get_logger(), "turning!!! %d", out_vel.angular.z);
[9.436s]       |       [01;31m[K^~~~~~~~~~~[m[K
[9.437s] In file included from [01m[K/opt/ros/foxy/include/rclcpp/client.hpp:40[m[K,
[9.438s]                  from [01m[K/opt/ros/foxy/include/rclcpp/callback_group.hpp:23[m[K,
[9.438s]                  from [01m[K/opt/ros/foxy/include/rclcpp/any_executable.hpp:20[m[K,
[9.438s]                  from [01m[K/opt/ros/foxy/include/rclcpp/memory_strategy.hpp:24[m[K,
[9.439s]                  from [01m[K/opt/ros/foxy/include/rclcpp/memory_strategies.hpp:18[m[K,
[9.439s]                  from [01m[K/opt/ros/foxy/include/rclcpp/executor_options.hpp:20[m[K,
[9.439s]                  from [01m[K/opt/ros/foxy/include/rclcpp/executor.hpp:33[m[K,
[9.439s]                  from [01m[K/opt/ros/foxy/include/rclcpp/executors/multi_threaded_executor.hpp:26[m[K,
[9.440s]                  from [01m[K/opt/ros/foxy/include/rclcpp/executors.hpp:21[m[K,
[9.440s]                  from [01m[K/opt/ros/foxy/include/rclcpp/rclcpp.hpp:146[m[K,
[9.441s]                  from [01m[K/home/joanne/bookros2_ws/src/book_ros2/br2_fsm_bumpgo_cpp/include/br2_fsm_bumpgo_cpp/BumpGoNode.hpp:21[m[K,
[9.441s]                  from [01m[K/home/joanne/bookros2_ws/src/book_ros2/br2_fsm_bumpgo_cpp/src/br2_fsm_bumpgo_cpp/BumpGoNode.cpp:16[m[K:
[9.442s] [01m[K/home/joanne/bookros2_ws/src/book_ros2/br2_fsm_bumpgo_cpp/src/br2_fsm_bumpgo_cpp/BumpGoNode.cpp:144:24:[m[K [01;31m[Kerror: [m[Krequest for member ‘[01m[KNode[m[K’ in ‘[01m[K(br2_fsm_bumpgo_cpp::BumpGoNode*)this[m[K’, which is of pointer type ‘[01m[Kbr2_fsm_bumpgo_cpp::BumpGoNode*[m[K’ (maybe you meant to use ‘[01m[K->[m[K’ ?)
[9.442s]   144 |       RCLCPP_INFO(this.[01;31m[KNode[m[K->get_logger(), "turning!!! %d", out_vel.angular.z);
[9.442s]       |                        [01;31m[K^~~~[m[K
[9.443s] [01m[K/home/joanne/bookros2_ws/src/book_ros2/br2_fsm_bumpgo_cpp/src/br2_fsm_bumpgo_cpp/BumpGoNode.cpp:144:24:[m[K [01;31m[Kerror: [m[Krequest for member ‘[01m[KNode[m[K’ in ‘[01m[K(br2_fsm_bumpgo_cpp::BumpGoNode*)this[m[K’, which is of pointer type ‘[01m[Kbr2_fsm_bumpgo_cpp::BumpGoNode*[m[K’ (maybe you meant to use ‘[01m[K->[m[K’ ?)
[9.443s]   144 |       RCLCPP_INFO(this.[01;31m[KNode[m[K->get_logger(), "turning!!! %d", out_vel.angular.z);
[9.443s]       |                        [01;31m[K^~~~[m[K
[18.830s] make[2]: *** [CMakeFiles/bumpgo.dir/build.make:63: CMakeFiles/bumpgo.dir/src/br2_fsm_bumpgo_cpp/BumpGoNode.cpp.o] Error 1
[18.831s] make[1]: *** [CMakeFiles/Makefile2:78: CMakeFiles/bumpgo.dir/all] Error 2
[18.832s] make: *** [Makefile:141: all] Error 2
[18.845s] Invoked command in '/home/joanne/bookros2_ws/build/br2_fsm_bumpgo_cpp' returned '2': CMAKE_PREFIX_PATH=${CMAKE_PREFIX_PATH}:/home/joanne/bookros2_ws/install/ros2controlcli:/home/joanne/bookros2_ws/install/launch_pal:/home/joanne/bookros2_ws/install/br2_fsm_bumpgo_py:/opt/ros/foxy /usr/bin/cmake --build /home/joanne/bookros2_ws/build/br2_fsm_bumpgo_cpp -- -j8 -l8
