[0.012s] Invoking command in '/home/joanne/bookros2_ws/build/br2_bt_patrolling': CMAKE_PREFIX_PATH=${CMAKE_PREFIX_PATH}:/home/joanne/bookros2_ws/install/ros2controlcli:/home/joanne/bookros2_ws/install/launch_pal:/home/joanne/bookros2_ws/install/br2_fsm_bumpgo_py:/opt/ros/foxy /usr/bin/cmake --build /home/joanne/bookros2_ws/build/br2_bt_patrolling -- -j8 -l8
[0.078s] [35m[1mScanning dependencies of target br2_move_bt_node[0m
[0.091s] [ 10%] Built target gtest
[0.100s] [ 20%] Built target br2_recharge_bt_node
[0.108s] [ 30%] Built target patrolling_main
[0.109s] [ 40%] Built target br2_patrol_bt_node
[0.109s] [ 50%] Built target br2_battery_checker_bt_node
[0.116s] [ 60%] Built target br2_track_objects_bt_node
[0.118s] [ 70%] Built target br2_get_waypoint_bt_node
[0.123s] [ 80%] Built target gtest_main
[0.132s] [ 85%] [32mBuilding CXX object CMakeFiles/br2_move_bt_node.dir/src/br2_bt_patrolling/Move.cpp.o[0m
[0.163s] [ 95%] Built target bt_action_test
[5.314s] [100%] [32m[1mLinking CXX shared library libbr2_move_bt_node.so[0m
[5.568s] [100%] Built target br2_move_bt_node
[5.581s] Invoked command in '/home/joanne/bookros2_ws/build/br2_bt_patrolling' returned '0': CMAKE_PREFIX_PATH=${CMAKE_PREFIX_PATH}:/home/joanne/bookros2_ws/install/ros2controlcli:/home/joanne/bookros2_ws/install/launch_pal:/home/joanne/bookros2_ws/install/br2_fsm_bumpgo_py:/opt/ros/foxy /usr/bin/cmake --build /home/joanne/bookros2_ws/build/br2_bt_patrolling -- -j8 -l8
[5.594s] Invoking command in '/home/joanne/bookros2_ws/build/br2_bt_patrolling': CMAKE_PREFIX_PATH=${CMAKE_PREFIX_PATH}:/home/joanne/bookros2_ws/install/ros2controlcli:/home/joanne/bookros2_ws/install/launch_pal:/home/joanne/bookros2_ws/install/br2_fsm_bumpgo_py:/opt/ros/foxy /usr/bin/cmake --install /home/joanne/bookros2_ws/build/br2_bt_patrolling
[5.604s] -- Install configuration: "Debug"
[5.604s] -- Execute custom install script
[5.604s] -- Up-to-date symlink: /home/joanne/bookros2_ws/install/br2_bt_patrolling/lib/libbr2_recharge_bt_node.so
[5.605s] -- Up-to-date symlink: /home/joanne/bookros2_ws/install/br2_bt_patrolling/lib/libbr2_patrol_bt_node.so
[5.605s] -- Up-to-date symlink: /home/joanne/bookros2_ws/install/br2_bt_patrolling/lib/libbr2_move_bt_node.so
[5.605s] -- Up-to-date symlink: /home/joanne/bookros2_ws/install/br2_bt_patrolling/lib/libbr2_get_waypoint_bt_node.so
[5.605s] -- Up-to-date symlink: /home/joanne/bookros2_ws/install/br2_bt_patrolling/lib/libbr2_battery_checker_bt_node.so
[5.606s] -- Up-to-date symlink: /home/joanne/bookros2_ws/install/br2_bt_patrolling/lib/libbr2_track_objects_bt_node.so
[5.606s] -- Up-to-date symlink: /home/joanne/bookros2_ws/install/br2_bt_patrolling/lib/br2_bt_patrolling/patrolling_main
[5.606s] -- Up-to-date symlink: /home/joanne/bookros2_ws/install/br2_bt_patrolling/include//br2_bt_patrolling/BatteryChecker.hpp
[5.606s] -- Up-to-date symlink: /home/joanne/bookros2_ws/install/br2_bt_patrolling/include//br2_bt_patrolling/GetWaypoint.hpp
[5.607s] -- Up-to-date symlink: /home/joanne/bookros2_ws/install/br2_bt_patrolling/include//br2_bt_patrolling/Move.hpp
[5.607s] -- Up-to-date symlink: /home/joanne/bookros2_ws/install/br2_bt_patrolling/include//br2_bt_patrolling/Patrol.hpp
[5.607s] -- Up-to-date symlink: /home/joanne/bookros2_ws/install/br2_bt_patrolling/include//br2_bt_patrolling/Recharge.hpp
[5.607s] -- Up-to-date symlink: /home/joanne/bookros2_ws/install/br2_bt_patrolling/include//br2_bt_patrolling/TrackObjects.hpp
[5.607s] -- Up-to-date symlink: /home/joanne/bookros2_ws/install/br2_bt_patrolling/include//br2_bt_patrolling/ctrl_support/BTActionNode.hpp
[5.607s] -- Up-to-date symlink: /home/joanne/bookros2_ws/install/br2_bt_patrolling/include//br2_bt_patrolling/ctrl_support/BTLifecycleCtrlNode.hpp
[5.608s] -- Up-to-date symlink: /home/joanne/bookros2_ws/install/br2_bt_patrolling/share/br2_bt_patrolling/behavior_tree_xml/patrolling.xml
[5.608s] -- Up-to-date symlink: /home/joanne/bookros2_ws/install/br2_bt_patrolling/share/br2_bt_patrolling/launch/patrolling.launch.py
[5.609s] -- Up-to-date symlink: /home/joanne/bookros2_ws/install/br2_bt_patrolling/share/ament_index/resource_index/package_run_dependencies/br2_bt_patrolling
[5.609s] -- Up-to-date symlink: /home/joanne/bookros2_ws/install/br2_bt_patrolling/share/ament_index/resource_index/parent_prefix_path/br2_bt_patrolling
[5.609s] -- Up-to-date symlink: /home/joanne/bookros2_ws/install/br2_bt_patrolling/share/br2_bt_patrolling/environment/ament_prefix_path.sh
[5.609s] -- Up-to-date symlink: /home/joanne/bookros2_ws/install/br2_bt_patrolling/share/br2_bt_patrolling/environment/ament_prefix_path.dsv
[5.610s] -- Up-to-date symlink: /home/joanne/bookros2_ws/install/br2_bt_patrolling/share/br2_bt_patrolling/environment/path.sh
[5.610s] -- Up-to-date symlink: /home/joanne/bookros2_ws/install/br2_bt_patrolling/share/br2_bt_patrolling/environment/path.dsv
[5.610s] -- Up-to-date symlink: /home/joanne/bookros2_ws/install/br2_bt_patrolling/share/br2_bt_patrolling/local_setup.bash
[5.610s] -- Up-to-date symlink: /home/joanne/bookros2_ws/install/br2_bt_patrolling/share/br2_bt_patrolling/local_setup.sh
[5.611s] -- Up-to-date symlink: /home/joanne/bookros2_ws/install/br2_bt_patrolling/share/br2_bt_patrolling/local_setup.zsh
[5.611s] -- Up-to-date symlink: /home/joanne/bookros2_ws/install/br2_bt_patrolling/share/br2_bt_patrolling/local_setup.dsv
[5.611s] -- Symlinking: /home/joanne/bookros2_ws/install/br2_bt_patrolling/share/br2_bt_patrolling/package.dsv
[5.622s] -- Up-to-date symlink: /home/joanne/bookros2_ws/install/br2_bt_patrolling/share/ament_index/resource_index/packages/br2_bt_patrolling
[5.622s] -- Up-to-date symlink: /home/joanne/bookros2_ws/install/br2_bt_patrolling/share/br2_bt_patrolling/cmake/ament_cmake_export_include_directories-extras.cmake
[5.622s] -- Up-to-date symlink: /home/joanne/bookros2_ws/install/br2_bt_patrolling/share/br2_bt_patrolling/cmake/ament_cmake_export_dependencies-extras.cmake
[5.623s] -- Up-to-date symlink: /home/joanne/bookros2_ws/install/br2_bt_patrolling/share/br2_bt_patrolling/cmake/br2_bt_patrollingConfig.cmake
[5.623s] -- Up-to-date symlink: /home/joanne/bookros2_ws/install/br2_bt_patrolling/share/br2_bt_patrolling/cmake/br2_bt_patrollingConfig-version.cmake
[5.623s] -- Up-to-date symlink: /home/joanne/bookros2_ws/install/br2_bt_patrolling/share/br2_bt_patrolling/package.xml
[5.625s] Invoked command in '/home/joanne/bookros2_ws/build/br2_bt_patrolling' returned '0': CMAKE_PREFIX_PATH=${CMAKE_PREFIX_PATH}:/home/joanne/bookros2_ws/install/ros2controlcli:/home/joanne/bookros2_ws/install/launch_pal:/home/joanne/bookros2_ws/install/br2_fsm_bumpgo_py:/opt/ros/foxy /usr/bin/cmake --install /home/joanne/bookros2_ws/build/br2_bt_patrolling
