[0.090s] Invoking command in '/home/joanne/bookros2_ws/build/pal_gripper_description': AMENT_PREFIX_PATH=/home/joanne/bookros2_ws/install/urdf_test:${AMENT_PREFIX_PATH} CMAKE_PREFIX_PATH=/home/joanne/bookros2_ws/install/urdf_test:/opt/ros/foxy PYTHONPATH=/home/joanne/bookros2_ws/install/urdf_test/lib/python3.8/site-packages:${PYTHONPATH} /usr/bin/cmake /home/joanne/bookros2_ws/src/ThirdParty/pal_gripper/pal_gripper_description -DCMAKE_INSTALL_PREFIX=/home/joanne/bookros2_ws/install/pal_gripper_description
[0.177s] -- The C compiler identification is GNU 9.4.0
[0.264s] -- The CXX compiler identification is GNU 9.4.0
[0.274s] -- Check for working C compiler: /usr/bin/cc
[0.372s] -- Check for working C compiler: /usr/bin/cc -- works
[0.373s] -- Detecting C compiler ABI info
[0.477s] -- Detecting C compiler ABI info - done
[0.500s] -- Detecting C compile features
[0.500s] -- Detecting C compile features - done
[0.508s] -- Check for working CXX compiler: /usr/bin/c++
[0.651s] -- Check for working CXX compiler: /usr/bin/c++ -- works
[0.652s] -- Detecting CXX compiler ABI info
[0.789s] -- Detecting CXX compiler ABI info - done
[0.814s] -- Detecting CXX compile features
[0.815s] -- Detecting CXX compile features - done
[0.820s] -- Found ament_cmake_auto: 0.9.12 (/opt/ros/foxy/share/ament_cmake_auto/cmake)
[0.858s] -- Found PythonInterp: /usr/bin/python3 (found suitable version "3.8.10", minimum required is "3") 
[0.858s] -- Using PYTHON_EXECUTABLE: /usr/bin/python3
[1.226s] -- Found xacro: 2.0.7 (/opt/ros/foxy/share/xacro/cmake)
[1.354s] -- Configuring done
[1.356s] -- Generating done
[1.359s] -- Build files have been written to: /home/joanne/bookros2_ws/build/pal_gripper_description
[1.369s] Invoked command in '/home/joanne/bookros2_ws/build/pal_gripper_description' returned '0': AMENT_PREFIX_PATH=/home/joanne/bookros2_ws/install/urdf_test:${AMENT_PREFIX_PATH} CMAKE_PREFIX_PATH=/home/joanne/bookros2_ws/install/urdf_test:/opt/ros/foxy PYTHONPATH=/home/joanne/bookros2_ws/install/urdf_test/lib/python3.8/site-packages:${PYTHONPATH} /usr/bin/cmake /home/joanne/bookros2_ws/src/ThirdParty/pal_gripper/pal_gripper_description -DCMAKE_INSTALL_PREFIX=/home/joanne/bookros2_ws/install/pal_gripper_description
[1.371s] Invoking command in '/home/joanne/bookros2_ws/build/pal_gripper_description': AMENT_PREFIX_PATH=/home/joanne/bookros2_ws/install/urdf_test:${AMENT_PREFIX_PATH} CMAKE_PREFIX_PATH=/home/joanne/bookros2_ws/install/urdf_test:/opt/ros/foxy PYTHONPATH=/home/joanne/bookros2_ws/install/urdf_test/lib/python3.8/site-packages:${PYTHONPATH} /usr/bin/cmake --build /home/joanne/bookros2_ws/build/pal_gripper_description -- -j8 -l8
[1.763s] Invoked command in '/home/joanne/bookros2_ws/build/pal_gripper_description' returned '0': AMENT_PREFIX_PATH=/home/joanne/bookros2_ws/install/urdf_test:${AMENT_PREFIX_PATH} CMAKE_PREFIX_PATH=/home/joanne/bookros2_ws/install/urdf_test:/opt/ros/foxy PYTHONPATH=/home/joanne/bookros2_ws/install/urdf_test/lib/python3.8/site-packages:${PYTHONPATH} /usr/bin/cmake --build /home/joanne/bookros2_ws/build/pal_gripper_description -- -j8 -l8
[1.765s] Invoking command in '/home/joanne/bookros2_ws/build/pal_gripper_description': AMENT_PREFIX_PATH=/home/joanne/bookros2_ws/install/urdf_test:${AMENT_PREFIX_PATH} CMAKE_PREFIX_PATH=/home/joanne/bookros2_ws/install/urdf_test:/opt/ros/foxy PYTHONPATH=/home/joanne/bookros2_ws/install/urdf_test/lib/python3.8/site-packages:${PYTHONPATH} /usr/bin/cmake --install /home/joanne/bookros2_ws/build/pal_gripper_description
[2.555s] -- Install configuration: ""
[2.555s] -- Installing: /home/joanne/bookros2_ws/install/pal_gripper_description/share/pal_gripper_description/gazebo
[2.555s] -- Installing: /home/joanne/bookros2_ws/install/pal_gripper_description/share/pal_gripper_description/gazebo/gazebo.urdf.xacro
[2.555s] -- Installing: /home/joanne/bookros2_ws/install/pal_gripper_description/share/pal_gripper_description/meshes
[2.555s] -- Installing: /home/joanne/bookros2_ws/install/pal_gripper_description/share/pal_gripper_description/meshes/gripper_link.stl
[2.556s] -- Installing: /home/joanne/bookros2_ws/install/pal_gripper_description/share/pal_gripper_description/meshes/gripper_finger_link.stl
[2.556s] -- Installing: /home/joanne/bookros2_ws/install/pal_gripper_description/share/pal_gripper_description/meshes/gripper_link_collision.stl
[2.556s] -- Installing: /home/joanne/bookros2_ws/install/pal_gripper_description/share/pal_gripper_description/meshes/gripper_finger_link_collision.stl
[2.556s] -- Installing: /home/joanne/bookros2_ws/install/pal_gripper_description/share/pal_gripper_description/robots
[2.556s] -- Installing: /home/joanne/bookros2_ws/install/pal_gripper_description/share/pal_gripper_description/robots/upload.launch
[2.556s] -- Installing: /home/joanne/bookros2_ws/install/pal_gripper_description/share/pal_gripper_description/robots/upload_gripper.launch
[2.556s] -- Installing: /home/joanne/bookros2_ws/install/pal_gripper_description/share/pal_gripper_description/robots/gripper_test.urdf.xacro
[2.556s] -- Installing: /home/joanne/bookros2_ws/install/pal_gripper_description/share/pal_gripper_description/urdf
[2.557s] -- Installing: /home/joanne/bookros2_ws/install/pal_gripper_description/share/pal_gripper_description/urdf/gripper.ros2_control.xacro
[2.557s] -- Installing: /home/joanne/bookros2_ws/install/pal_gripper_description/share/pal_gripper_description/urdf/gripper.gazebo.xacro
[2.557s] -- Installing: /home/joanne/bookros2_ws/install/pal_gripper_description/share/pal_gripper_description/urdf/materials.urdf.xacro
[2.557s] -- Installing: /home/joanne/bookros2_ws/install/pal_gripper_description/share/pal_gripper_description/urdf/gripper.transmission.xacro
[2.557s] -- Installing: /home/joanne/bookros2_ws/install/pal_gripper_description/share/pal_gripper_description/urdf/gripper.urdf.xacro
[2.557s] -- Installing: /home/joanne/bookros2_ws/install/pal_gripper_description/share/pal_gripper_description/urdf/deg_to_rad.urdf.xacro
[2.557s] -- Installing: /home/joanne/bookros2_ws/install/pal_gripper_description/share/ament_index/resource_index/package_run_dependencies/pal_gripper_description
[2.557s] -- Installing: /home/joanne/bookros2_ws/install/pal_gripper_description/share/ament_index/resource_index/parent_prefix_path/pal_gripper_description
[2.557s] -- Installing: /home/joanne/bookros2_ws/install/pal_gripper_description/share/pal_gripper_description/environment/ament_prefix_path.sh
[2.558s] -- Installing: /home/joanne/bookros2_ws/install/pal_gripper_description/share/pal_gripper_description/environment/ament_prefix_path.dsv
[2.558s] -- Installing: /home/joanne/bookros2_ws/install/pal_gripper_description/share/pal_gripper_description/environment/path.sh
[2.558s] -- Installing: /home/joanne/bookros2_ws/install/pal_gripper_description/share/pal_gripper_description/environment/path.dsv
[2.558s] -- Installing: /home/joanne/bookros2_ws/install/pal_gripper_description/share/pal_gripper_description/local_setup.bash
[2.558s] -- Installing: /home/joanne/bookros2_ws/install/pal_gripper_description/share/pal_gripper_description/local_setup.sh
[2.558s] -- Installing: /home/joanne/bookros2_ws/install/pal_gripper_description/share/pal_gripper_description/local_setup.zsh
[2.558s] -- Installing: /home/joanne/bookros2_ws/install/pal_gripper_description/share/pal_gripper_description/local_setup.dsv
[2.558s] -- Installing: /home/joanne/bookros2_ws/install/pal_gripper_description/share/pal_gripper_description/package.dsv
[2.558s] -- Installing: /home/joanne/bookros2_ws/install/pal_gripper_description/share/ament_index/resource_index/packages/pal_gripper_description
[2.559s] -- Installing: /home/joanne/bookros2_ws/install/pal_gripper_description/share/pal_gripper_description/cmake/ament_cmake_export_dependencies-extras.cmake
[2.559s] -- Installing: /home/joanne/bookros2_ws/install/pal_gripper_description/share/pal_gripper_description/cmake/pal_gripper_descriptionConfig.cmake
[2.559s] -- Installing: /home/joanne/bookros2_ws/install/pal_gripper_description/share/pal_gripper_description/cmake/pal_gripper_descriptionConfig-version.cmake
[2.559s] -- Installing: /home/joanne/bookros2_ws/install/pal_gripper_description/share/pal_gripper_description/package.xml
[2.584s] Invoked command in '/home/joanne/bookros2_ws/build/pal_gripper_description' returned '0': AMENT_PREFIX_PATH=/home/joanne/bookros2_ws/install/urdf_test:${AMENT_PREFIX_PATH} CMAKE_PREFIX_PATH=/home/joanne/bookros2_ws/install/urdf_test:/opt/ros/foxy PYTHONPATH=/home/joanne/bookros2_ws/install/urdf_test/lib/python3.8/site-packages:${PYTHONPATH} /usr/bin/cmake --install /home/joanne/bookros2_ws/build/pal_gripper_description
