[0.515s] Invoking command in '/home/joanne/bookros2_ws/build/groot': CMAKE_PREFIX_PATH=${CMAKE_PREFIX_PATH}:/home/joanne/bookros2_ws/install/ros2controlcli:/home/joanne/bookros2_ws/install/launch_pal:/home/joanne/bookros2_ws/install/br2_fsm_bumpgo_py:/home/joanne/nav2_ws/install/nav2_gazebo_spawner:/opt/ros/foxy /usr/bin/cmake --build /home/joanne/bookros2_ws/build/groot -- -j8 -l8
[1.011s] [  1%] [34m[1mAutomatic MOC and UIC for target QtNodeEditor[0m
[1.228s] [  1%] Built target QtNodeEditor_autogen
[1.950s] [ 57%] Built target QtNodeEditor
[2.173s] [ 58%] [34m[1mAutomatic MOC and UIC for target behavior_tree_editor[0m
[2.421s] [ 58%] Built target behavior_tree_editor_autogen
[2.801s] [ 74%] Built target behavior_tree_editor
[2.932s] [ 75%] [34m[1mAutomatic MOC and UIC for target Groot[0m
[3.133s] [ 75%] Built target Groot_autogen
[3.374s] [ 75%] [34m[1mAutomatic MOC and UIC for target editor_test[0m
[3.535s] [ 75%] Built target editor_test_autogen
[3.752s] [ 81%] Built target Groot
[4.161s] [ 90%] Built target editor_test
[4.354s] [ 91%] [34m[1mAutomatic MOC and UIC for target replay_test[0m
[4.521s] [ 91%] Built target replay_test_autogen
[4.752s] [100%] Built target replay_test
[4.823s] Invoked command in '/home/joanne/bookros2_ws/build/groot' returned '0': CMAKE_PREFIX_PATH=${CMAKE_PREFIX_PATH}:/home/joanne/bookros2_ws/install/ros2controlcli:/home/joanne/bookros2_ws/install/launch_pal:/home/joanne/bookros2_ws/install/br2_fsm_bumpgo_py:/home/joanne/nav2_ws/install/nav2_gazebo_spawner:/opt/ros/foxy /usr/bin/cmake --build /home/joanne/bookros2_ws/build/groot -- -j8 -l8
[4.839s] Invoking command in '/home/joanne/bookros2_ws/build/groot': CMAKE_PREFIX_PATH=${CMAKE_PREFIX_PATH}:/home/joanne/bookros2_ws/install/ros2controlcli:/home/joanne/bookros2_ws/install/launch_pal:/home/joanne/bookros2_ws/install/br2_fsm_bumpgo_py:/home/joanne/nav2_ws/install/nav2_gazebo_spawner:/opt/ros/foxy /usr/bin/cmake --install /home/joanne/bookros2_ws/build/groot
[4.867s] -- Install configuration: ""
[4.870s] -- Execute custom install script
[4.879s] -- Up-to-date symlink: /home/joanne/bookros2_ws/install/groot/lib/libbehavior_tree_editor.so
[4.879s] -- Up-to-date symlink: /home/joanne/bookros2_ws/install/groot/lib/groot/Groot
[4.883s] -- Up-to-date symlink: /home/joanne/bookros2_ws/install/groot/share/groot/environment/library_path.sh
[4.883s] -- Up-to-date symlink: /home/joanne/bookros2_ws/install/groot/share/groot/environment/library_path.dsv
[4.884s] -- Up-to-date symlink: /home/joanne/bookros2_ws/install/groot/share/ament_index/resource_index/package_run_dependencies/groot
[4.886s] -- Up-to-date symlink: /home/joanne/bookros2_ws/install/groot/share/ament_index/resource_index/parent_prefix_path/groot
[4.887s] -- Up-to-date symlink: /home/joanne/bookros2_ws/install/groot/share/groot/environment/ament_prefix_path.sh
[4.890s] -- Up-to-date symlink: /home/joanne/bookros2_ws/install/groot/share/groot/environment/ament_prefix_path.dsv
[4.892s] -- Up-to-date symlink: /home/joanne/bookros2_ws/install/groot/share/groot/environment/path.sh
[4.892s] -- Up-to-date symlink: /home/joanne/bookros2_ws/install/groot/share/groot/environment/path.dsv
[4.893s] -- Up-to-date symlink: /home/joanne/bookros2_ws/install/groot/share/groot/local_setup.bash
[4.895s] -- Up-to-date symlink: /home/joanne/bookros2_ws/install/groot/share/groot/local_setup.sh
[4.897s] -- Up-to-date symlink: /home/joanne/bookros2_ws/install/groot/share/groot/local_setup.zsh
[4.898s] -- Up-to-date symlink: /home/joanne/bookros2_ws/install/groot/share/groot/local_setup.dsv
[4.903s] -- Symlinking: /home/joanne/bookros2_ws/install/groot/share/groot/package.dsv
[4.975s] -- Up-to-date symlink: /home/joanne/bookros2_ws/install/groot/share/ament_index/resource_index/packages/groot
[4.976s] -- Up-to-date symlink: /home/joanne/bookros2_ws/install/groot/share/groot/cmake/ament_cmake_export_include_directories-extras.cmake
[4.977s] -- Up-to-date symlink: /home/joanne/bookros2_ws/install/groot/share/groot/cmake/ament_cmake_export_dependencies-extras.cmake
[4.979s] -- Up-to-date symlink: /home/joanne/bookros2_ws/install/groot/share/groot/cmake/ament_cmake_export_libraries-extras.cmake
[4.981s] -- Up-to-date symlink: /home/joanne/bookros2_ws/install/groot/share/groot/cmake/grootConfig.cmake
[4.995s] -- Up-to-date symlink: /home/joanne/bookros2_ws/install/groot/share/groot/cmake/grootConfig-version.cmake
[4.996s] -- Up-to-date symlink: /home/joanne/bookros2_ws/install/groot/share/groot/package.xml
[4.996s] Invoked command in '/home/joanne/bookros2_ws/build/groot' returned '0': CMAKE_PREFIX_PATH=${CMAKE_PREFIX_PATH}:/home/joanne/bookros2_ws/install/ros2controlcli:/home/joanne/bookros2_ws/install/launch_pal:/home/joanne/bookros2_ws/install/br2_fsm_bumpgo_py:/home/joanne/nav2_ws/install/nav2_gazebo_spawner:/opt/ros/foxy /usr/bin/cmake --install /home/joanne/bookros2_ws/build/groot
