[0.059s] Invoking command in '/home/joanne/bookros2_ws/build/br2_bt_patrolling': CMAKE_PREFIX_PATH=/opt/ros/foxy /usr/bin/cmake /home/joanne/bookros2_ws/src/book_ros2/br2_bt_patrolling -DAMENT_CMAKE_SYMLINK_INSTALL=1 -DCMAKE_INSTALL_PREFIX=/home/joanne/bookros2_ws/install/br2_bt_patrolling
[0.353s] -- Found ament_cmake: 0.9.12 (/opt/ros/foxy/share/ament_cmake/cmake)
[0.353s] -- Using PYTHON_EXECUTABLE: /usr/bin/python3
[0.650s] -- Override CMake install command with custom implementation using symlinks instead of copying resources
[0.669s] -- Found rclcpp: 2.4.3 (/opt/ros/foxy/share/rclcpp/cmake)
[0.747s] -- Using all available rosidl_typesupport_c: rosidl_typesupport_fastrtps_c;rosidl_typesupport_introspection_c
[0.763s] -- Found rosidl_adapter: 1.3.1 (/opt/ros/foxy/share/rosidl_adapter/cmake)
[1.170s] -- Using all available rosidl_typesupport_cpp: rosidl_typesupport_fastrtps_cpp;rosidl_typesupport_introspection_cpp
[1.328s] -- Found rmw_implementation_cmake: 1.0.4 (/opt/ros/foxy/share/rmw_implementation_cmake/cmake)
[1.339s] -- Using RMW implementation 'rmw_fastrtps_cpp' as default
[1.828s] -- Found rclcpp_lifecycle: 2.4.3 (/opt/ros/foxy/share/rclcpp_lifecycle/cmake)
[1.916s] -- Found rclcpp_action: 2.4.3 (/opt/ros/foxy/share/rclcpp_action/cmake)
[2.158s] -- Found geometry_msgs: 2.0.5 (/opt/ros/foxy/share/geometry_msgs/cmake)
[2.233s] -- Found nav2_msgs: 0.4.7 (/opt/ros/foxy/share/nav2_msgs/cmake)
[3.058s] -- Found ament_index_cpp: 1.1.0 (/opt/ros/foxy/share/ament_index_cpp/cmake)
[3.069s] -- ZeroMQ found.
[3.152s] -- Found ament_lint_auto: 0.9.8 (/opt/ros/foxy/share/ament_lint_auto/cmake)
[3.322s] -- Found gtest sources under '/opt/ros/foxy/src/gtest_vendor': C++ tests using 'Google Test' will be built
[3.372s] -- Added test 'copyright' to check source files copyright and LICENSE
[3.375s] -- Added test 'cppcheck' to perform static code analysis on C / C++ code
[3.377s] -- Configured cppcheck include dirs: /home/joanne/bookros2_ws/src/book_ros2/br2_bt_patrolling/include
[3.377s] -- Configured cppcheck exclude dirs and/or files: 
[3.380s] -- Added test 'cpplint' to check C / C++ code against the Google style
[3.380s] -- Configured cpplint exclude dirs and/or files: 
[3.381s] -- Added test 'flake8' to check Python code syntax and style conventions
[3.383s] -- Added test 'lint_cmake' to check CMake code style
[3.384s] -- Added test 'pep257' to check Python code against some of the style conventions in PEP 257
[3.386s] -- Added test 'uncrustify' to check C / C++ code style
[3.386s] -- Configured uncrustify additional arguments: 
[3.394s] -- Added test 'xmllint' to check XML markup files
[3.407s] -- Configuring done
[3.657s] -- Generating done
[3.803s] -- Build files have been written to: /home/joanne/bookros2_ws/build/br2_bt_patrolling
[3.834s] Invoked command in '/home/joanne/bookros2_ws/build/br2_bt_patrolling' returned '0': CMAKE_PREFIX_PATH=/opt/ros/foxy /usr/bin/cmake /home/joanne/bookros2_ws/src/book_ros2/br2_bt_patrolling -DAMENT_CMAKE_SYMLINK_INSTALL=1 -DCMAKE_INSTALL_PREFIX=/home/joanne/bookros2_ws/install/br2_bt_patrolling
[3.835s] Invoking command in '/home/joanne/bookros2_ws/build/br2_bt_patrolling': CMAKE_PREFIX_PATH=/opt/ros/foxy /usr/bin/cmake --build /home/joanne/bookros2_ws/build/br2_bt_patrolling -- -j8 -l8
[5.060s] [  5%] [32mBuilding CXX object CMakeFiles/br2_recharge_bt_node.dir/src/br2_bt_patrolling/Recharge.cpp.o[0m
[5.061s] [ 10%] [32mBuilding CXX object CMakeFiles/patrolling_main.dir/src/patrolling_main.cpp.o[0m
[5.061s] [ 15%] [32mBuilding CXX object CMakeFiles/br2_battery_checker_bt_node.dir/src/br2_bt_patrolling/BatteryChecker.cpp.o[0m
[5.061s] [ 20%] [32mBuilding CXX object CMakeFiles/br2_move_bt_node.dir/src/br2_bt_patrolling/Move.cpp.o[0m
[5.061s] [ 25%] [32mBuilding CXX object CMakeFiles/br2_get_waypoint_bt_node.dir/src/br2_bt_patrolling/GetWaypoint.cpp.o[0m
[5.061s] [ 30%] [32mBuilding CXX object CMakeFiles/br2_track_objects_bt_node.dir/src/br2_bt_patrolling/TrackObjects.cpp.o[0m
[5.062s] [ 40%] Built target gtest
[5.062s] [ 45%] [32mBuilding CXX object CMakeFiles/br2_patrol_bt_node.dir/src/br2_bt_patrolling/Patrol.cpp.o[0m
[5.062s] [ 55%] Built target gtest_main
[12.868s] [ 60%] [32m[1mLinking CXX shared library libbr2_recharge_bt_node.so[0m
[13.642s] [ 60%] Built target br2_recharge_bt_node
[21.299s] [ 65%] [32m[1mLinking CXX shared library libbr2_get_waypoint_bt_node.so[0m
[21.746s] [ 70%] [32m[1mLinking CXX executable patrolling_main[0m
[21.909s] [ 70%] Built target br2_get_waypoint_bt_node
[22.546s] [ 70%] Built target patrolling_main
[23.048s] [ 75%] [32m[1mLinking CXX shared library libbr2_track_objects_bt_node.so[0m
[23.872s] [ 75%] Built target br2_track_objects_bt_node
[24.096s] [ 80%] [32mBuilding CXX object tests/CMakeFiles/bt_action_test.dir/bt_action_test.cpp.o[0m
[25.561s] [ 85%] [32m[1mLinking CXX shared library libbr2_patrol_bt_node.so[0m
[27.384s] [ 85%] Built target br2_patrol_bt_node
[29.080s] [ 90%] [32m[1mLinking CXX shared library libbr2_move_bt_node.so[0m
[29.816s] [ 90%] Built target br2_move_bt_node
[33.902s] [ 95%] [32m[1mLinking CXX shared library libbr2_battery_checker_bt_node.so[0m
[34.800s] [ 95%] Built target br2_battery_checker_bt_node
[54.004s] [100%] [32m[1mLinking CXX executable bt_action_test[0m
[55.753s] [100%] Built target bt_action_test
[55.781s] Invoked command in '/home/joanne/bookros2_ws/build/br2_bt_patrolling' returned '0': CMAKE_PREFIX_PATH=/opt/ros/foxy /usr/bin/cmake --build /home/joanne/bookros2_ws/build/br2_bt_patrolling -- -j8 -l8
[55.786s] Invoking command in '/home/joanne/bookros2_ws/build/br2_bt_patrolling': CMAKE_PREFIX_PATH=/opt/ros/foxy /usr/bin/cmake --install /home/joanne/bookros2_ws/build/br2_bt_patrolling
[55.965s] -- Install configuration: "Debug"
[55.965s] -- Execute custom install script
[55.966s] -- Symlinking: /home/joanne/bookros2_ws/install/br2_bt_patrolling/lib/libbr2_recharge_bt_node.so
[55.966s] -- Symlinking: /home/joanne/bookros2_ws/install/br2_bt_patrolling/lib/libbr2_patrol_bt_node.so
[55.967s] -- Symlinking: /home/joanne/bookros2_ws/install/br2_bt_patrolling/lib/libbr2_move_bt_node.so
[55.967s] -- Symlinking: /home/joanne/bookros2_ws/install/br2_bt_patrolling/lib/libbr2_get_waypoint_bt_node.so
[55.967s] -- Symlinking: /home/joanne/bookros2_ws/install/br2_bt_patrolling/lib/libbr2_battery_checker_bt_node.so
[55.967s] -- Symlinking: /home/joanne/bookros2_ws/install/br2_bt_patrolling/lib/libbr2_track_objects_bt_node.so
[55.967s] -- Symlinking: /home/joanne/bookros2_ws/install/br2_bt_patrolling/lib/br2_bt_patrolling/patrolling_main
[55.967s] -- Symlinking: /home/joanne/bookros2_ws/install/br2_bt_patrolling/include//br2_bt_patrolling/BatteryChecker.hpp
[55.967s] -- Symlinking: /home/joanne/bookros2_ws/install/br2_bt_patrolling/include//br2_bt_patrolling/GetWaypoint.hpp
[55.968s] -- Symlinking: /home/joanne/bookros2_ws/install/br2_bt_patrolling/include//br2_bt_patrolling/Move.hpp
[55.998s] -- Symlinking: /home/joanne/bookros2_ws/install/br2_bt_patrolling/include//br2_bt_patrolling/Patrol.hpp
[56.013s] -- Symlinking: /home/joanne/bookros2_ws/install/br2_bt_patrolling/include//br2_bt_patrolling/Recharge.hpp
[56.031s] -- Symlinking: /home/joanne/bookros2_ws/install/br2_bt_patrolling/include//br2_bt_patrolling/TrackObjects.hpp
[56.047s] -- Symlinking: /home/joanne/bookros2_ws/install/br2_bt_patrolling/include//br2_bt_patrolling/ctrl_support/BTActionNode.hpp
[56.063s] -- Symlinking: /home/joanne/bookros2_ws/install/br2_bt_patrolling/include//br2_bt_patrolling/ctrl_support/BTLifecycleCtrlNode.hpp
[56.082s] -- Symlinking: /home/joanne/bookros2_ws/install/br2_bt_patrolling/share/br2_bt_patrolling/behavior_tree_xml/patrolling.xml
[56.099s] -- Symlinking: /home/joanne/bookros2_ws/install/br2_bt_patrolling/share/br2_bt_patrolling/launch/patrolling.launch.py
[56.118s] -- Symlinking: /home/joanne/bookros2_ws/install/br2_bt_patrolling/share/ament_index/resource_index/package_run_dependencies/br2_bt_patrolling
[56.135s] -- Symlinking: /home/joanne/bookros2_ws/install/br2_bt_patrolling/share/ament_index/resource_index/parent_prefix_path/br2_bt_patrolling
[56.152s] -- Symlinking: /home/joanne/bookros2_ws/install/br2_bt_patrolling/share/br2_bt_patrolling/environment/ament_prefix_path.sh
[56.179s] -- Symlinking: /home/joanne/bookros2_ws/install/br2_bt_patrolling/share/br2_bt_patrolling/environment/ament_prefix_path.dsv
[56.185s] -- Symlinking: /home/joanne/bookros2_ws/install/br2_bt_patrolling/share/br2_bt_patrolling/environment/path.sh
[56.200s] -- Symlinking: /home/joanne/bookros2_ws/install/br2_bt_patrolling/share/br2_bt_patrolling/environment/path.dsv
[56.218s] -- Symlinking: /home/joanne/bookros2_ws/install/br2_bt_patrolling/share/br2_bt_patrolling/local_setup.bash
[56.235s] -- Symlinking: /home/joanne/bookros2_ws/install/br2_bt_patrolling/share/br2_bt_patrolling/local_setup.sh
[56.251s] -- Symlinking: /home/joanne/bookros2_ws/install/br2_bt_patrolling/share/br2_bt_patrolling/local_setup.zsh
[56.268s] -- Symlinking: /home/joanne/bookros2_ws/install/br2_bt_patrolling/share/br2_bt_patrolling/local_setup.dsv
[56.284s] -- Symlinking: /home/joanne/bookros2_ws/install/br2_bt_patrolling/share/br2_bt_patrolling/package.dsv
[56.301s] -- Symlinking: /home/joanne/bookros2_ws/install/br2_bt_patrolling/share/ament_index/resource_index/packages/br2_bt_patrolling
[56.317s] -- Symlinking: /home/joanne/bookros2_ws/install/br2_bt_patrolling/share/br2_bt_patrolling/cmake/ament_cmake_export_include_directories-extras.cmake
[56.331s] -- Symlinking: /home/joanne/bookros2_ws/install/br2_bt_patrolling/share/br2_bt_patrolling/cmake/ament_cmake_export_dependencies-extras.cmake
[56.348s] -- Symlinking: /home/joanne/bookros2_ws/install/br2_bt_patrolling/share/br2_bt_patrolling/cmake/br2_bt_patrollingConfig.cmake
[56.365s] -- Symlinking: /home/joanne/bookros2_ws/install/br2_bt_patrolling/share/br2_bt_patrolling/cmake/br2_bt_patrollingConfig-version.cmake
[56.386s] -- Symlinking: /home/joanne/bookros2_ws/install/br2_bt_patrolling/share/br2_bt_patrolling/package.xml
[56.410s] Invoked command in '/home/joanne/bookros2_ws/build/br2_bt_patrolling' returned '0': CMAKE_PREFIX_PATH=/opt/ros/foxy /usr/bin/cmake --install /home/joanne/bookros2_ws/build/br2_bt_patrolling
