-- Found ament_cmake: 0.9.12 (/opt/ros/foxy/share/ament_cmake/cmake)
-- Using PYTHON_EXECUTABLE: /usr/bin/python3
-- Override CMake install command with custom implementation using symlinks instead of copying resources
-- Found joint_state_broadcaster: 0.4.0 (/home/joanne/bookros2_ws/install/joint_state_broadcaster/share/joint_state_broadcaster/cmake)
-- Using all available rosidl_typesupport_c: rosidl_typesupport_fastrtps_c;rosidl_typesupport_introspection_c
-- Found rosidl_adapter: 1.3.1 (/opt/ros/foxy/share/rosidl_adapter/cmake)
-- Using all available rosidl_typesupport_cpp: rosidl_typesupport_fastrtps_cpp;rosidl_typesupport_introspection_cpp
-- Found rmw_implementation_cmake: 1.0.4 (/opt/ros/foxy/share/rmw_implementation_cmake/cmake)
-- Using RMW implementation 'rmw_fastrtps_cpp' as default
-- Found ament_cmake_gmock: 0.9.12 (/opt/ros/foxy/share/ament_cmake_gmock/cmake)
-- Found ament_lint_auto: 0.9.8 (/opt/ros/foxy/share/ament_lint_auto/cmake)
-- Found controller_manager: 0.7.1 (/home/joanne/bookros2_ws/install/controller_manager/share/controller_manager/cmake)
-- Found ros2_control_test_assets: 0.7.1 (/home/joanne/bookros2_ws/install/ros2_control_test_assets/share/ros2_control_test_assets/cmake)
-- Found gmock sources under '/opt/ros/foxy/src/gmock_vendor': C++ tests using 'Google Mock' will be built
-- Found ament_cmake_gtest: 0.9.12 (/opt/ros/foxy/share/ament_cmake_gtest/cmake)
-- Found gtest sources under '/opt/ros/foxy/src/gtest_vendor': C++ tests using 'Google Test' will be built
-- Added test 'copyright' to check source files copyright and LICENSE
-- Added test 'cppcheck' to perform static code analysis on C / C++ code
-- Configured cppcheck include dirs: /home/joanne/bookros2_ws/src/ThirdParty/ros2_controllers/joint_state_controller/include
-- Configured cppcheck exclude dirs and/or files: 
-- Added test 'cpplint' to check C / C++ code against the Google style
-- Configured cpplint exclude dirs and/or files: 
-- Added test 'lint_cmake' to check CMake code style
-- Added test 'uncrustify' to check C / C++ code style
-- Configured uncrustify additional arguments: 
-- Added test 'xmllint' to check XML markup files
-- Configuring done
-- Generating done
-- Build files have been written to: /home/joanne/bookros2_ws/build/joint_state_controller
[ 33%] Built target gmock
[ 44%] [32m[1mLinking CXX shared library libjoint_state_controller.so[0m
[ 55%] Built target joint_state_controller
[ 77%] Built target gmock_main
[ 88%] [32m[1mLinking CXX executable test_load_joint_state_controller[0m
[100%] Built target test_load_joint_state_controller
-- Install configuration: ""
-- Execute custom install script
-- Symlinking: /home/joanne/bookros2_ws/install/joint_state_controller/share/joint_state_controller//joint_state_plugin.xml
-- Symlinking: /home/joanne/bookros2_ws/install/joint_state_controller/lib/libjoint_state_controller.so
-- Symlinking: /home/joanne/bookros2_ws/install/joint_state_controller/share/joint_state_controller/environment/library_path.sh
-- Symlinking: /home/joanne/bookros2_ws/install/joint_state_controller/share/joint_state_controller/environment/library_path.dsv
-- Symlinking: /home/joanne/bookros2_ws/install/joint_state_controller/share/ament_index/resource_index/package_run_dependencies/joint_state_controller
-- Symlinking: /home/joanne/bookros2_ws/install/joint_state_controller/share/ament_index/resource_index/parent_prefix_path/joint_state_controller
-- Symlinking: /home/joanne/bookros2_ws/install/joint_state_controller/share/joint_state_controller/environment/ament_prefix_path.sh
-- Symlinking: /home/joanne/bookros2_ws/install/joint_state_controller/share/joint_state_controller/environment/ament_prefix_path.dsv
-- Symlinking: /home/joanne/bookros2_ws/install/joint_state_controller/share/joint_state_controller/environment/path.sh
-- Symlinking: /home/joanne/bookros2_ws/install/joint_state_controller/share/joint_state_controller/environment/path.dsv
-- Symlinking: /home/joanne/bookros2_ws/install/joint_state_controller/share/joint_state_controller/local_setup.bash
-- Symlinking: /home/joanne/bookros2_ws/install/joint_state_controller/share/joint_state_controller/local_setup.sh
-- Symlinking: /home/joanne/bookros2_ws/install/joint_state_controller/share/joint_state_controller/local_setup.zsh
-- Symlinking: /home/joanne/bookros2_ws/install/joint_state_controller/share/joint_state_controller/local_setup.dsv
-- Symlinking: /home/joanne/bookros2_ws/install/joint_state_controller/share/joint_state_controller/package.dsv
-- Symlinking: /home/joanne/bookros2_ws/install/joint_state_controller/share/ament_index/resource_index/packages/joint_state_controller
-- Symlinking: /home/joanne/bookros2_ws/install/joint_state_controller/share/ament_index/resource_index/controller_interface__pluginlib__plugin/joint_state_controller
-- Symlinking: /home/joanne/bookros2_ws/install/joint_state_controller/share/joint_state_controller/cmake/ament_cmake_export_dependencies-extras.cmake
-- Symlinking: /home/joanne/bookros2_ws/install/joint_state_controller/share/joint_state_controller/cmake/ament_cmake_export_libraries-extras.cmake
-- Symlinking: /home/joanne/bookros2_ws/install/joint_state_controller/share/joint_state_controller/cmake/joint_state_controllerConfig.cmake
-- Symlinking: /home/joanne/bookros2_ws/install/joint_state_controller/share/joint_state_controller/cmake/joint_state_controllerConfig-version.cmake
-- Symlinking: /home/joanne/bookros2_ws/install/joint_state_controller/share/joint_state_controller/package.xml
