[0.059s] Invoking command in '/home/joanne/bookros2_ws/build/joint_state_controller': AMENT_PREFIX_PATH=/home/joanne/bookros2_ws/install/joint_state_broadcaster:/home/joanne/bookros2_ws/install/controller_manager:/home/joanne/bookros2_ws/install/controller_interface:/home/joanne/bookros2_ws/install/hardware_interface:/home/joanne/bookros2_ws/install/ros2_control_test_assets:/home/joanne/bookros2_ws/install/controller_manager_msgs:${AMENT_PREFIX_PATH} CMAKE_PREFIX_PATH=/home/joanne/bookros2_ws/install/joint_state_broadcaster:/home/joanne/bookros2_ws/install/controller_manager:/home/joanne/bookros2_ws/install/controller_interface:/home/joanne/bookros2_ws/install/hardware_interface:/home/joanne/bookros2_ws/install/ros2_control_test_assets:/home/joanne/bookros2_ws/install/controller_manager_msgs:/opt/ros/foxy LD_LIBRARY_PATH=/home/joanne/bookros2_ws/install/joint_state_broadcaster/lib:/home/joanne/bookros2_ws/install/controller_manager/lib:/home/joanne/bookros2_ws/install/controller_interface/lib:/home/joanne/bookros2_ws/install/hardware_interface/lib:/home/joanne/bookros2_ws/install/controller_manager_msgs/lib:${LD_LIBRARY_PATH} PYTHONPATH=/home/joanne/bookros2_ws/install/controller_manager/lib/python3.8/site-packages:/home/joanne/bookros2_ws/install/controller_manager_msgs/lib/python3.8/site-packages:${PYTHONPATH} /usr/bin/cmake /home/joanne/bookros2_ws/src/ThirdParty/ros2_controllers/joint_state_controller -DAMENT_CMAKE_SYMLINK_INSTALL=1 -DCMAKE_INSTALL_PREFIX=/home/joanne/bookros2_ws/install/joint_state_controller
[0.854s] -- Found ament_cmake: 0.9.12 (/opt/ros/foxy/share/ament_cmake/cmake)
[0.855s] -- Using PYTHON_EXECUTABLE: /usr/bin/python3
[0.856s] -- Override CMake install command with custom implementation using symlinks instead of copying resources
[0.856s] -- Found joint_state_broadcaster: 0.4.0 (/home/joanne/bookros2_ws/install/joint_state_broadcaster/share/joint_state_broadcaster/cmake)
[0.857s] -- Using all available rosidl_typesupport_c: rosidl_typesupport_fastrtps_c;rosidl_typesupport_introspection_c
[0.857s] -- Found rosidl_adapter: 1.3.1 (/opt/ros/foxy/share/rosidl_adapter/cmake)
[1.008s] -- Using all available rosidl_typesupport_cpp: rosidl_typesupport_fastrtps_cpp;rosidl_typesupport_introspection_cpp
[2.182s] -- Found rmw_implementation_cmake: 1.0.4 (/opt/ros/foxy/share/rmw_implementation_cmake/cmake)
[2.182s] -- Using RMW implementation 'rmw_fastrtps_cpp' as default
[3.152s] -- Found ament_cmake_gmock: 0.9.12 (/opt/ros/foxy/share/ament_cmake_gmock/cmake)
[3.153s] -- Found ament_lint_auto: 0.9.8 (/opt/ros/foxy/share/ament_lint_auto/cmake)
[3.154s] -- Found controller_manager: 0.7.1 (/home/joanne/bookros2_ws/install/controller_manager/share/controller_manager/cmake)
[3.295s] -- Found ros2_control_test_assets: 0.7.1 (/home/joanne/bookros2_ws/install/ros2_control_test_assets/share/ros2_control_test_assets/cmake)
[3.441s] -- Found gmock sources under '/opt/ros/foxy/src/gmock_vendor': C++ tests using 'Google Mock' will be built
[3.445s] -- Found ament_cmake_gtest: 0.9.12 (/opt/ros/foxy/share/ament_cmake_gtest/cmake)
[3.447s] -- Found gtest sources under '/opt/ros/foxy/src/gtest_vendor': C++ tests using 'Google Test' will be built
[3.677s] -- Added test 'copyright' to check source files copyright and LICENSE
[3.679s] -- Added test 'cppcheck' to perform static code analysis on C / C++ code
[3.681s] -- Configured cppcheck include dirs: /home/joanne/bookros2_ws/src/ThirdParty/ros2_controllers/joint_state_controller/include
[3.681s] -- Configured cppcheck exclude dirs and/or files: 
[3.681s] -- Added test 'cpplint' to check C / C++ code against the Google style
[3.681s] -- Configured cpplint exclude dirs and/or files: 
[3.682s] -- Added test 'lint_cmake' to check CMake code style
[3.684s] -- Added test 'uncrustify' to check C / C++ code style
[3.684s] -- Configured uncrustify additional arguments: 
[3.685s] -- Added test 'xmllint' to check XML markup files
[3.696s] -- Configuring done
[3.812s] -- Generating done
[3.857s] -- Build files have been written to: /home/joanne/bookros2_ws/build/joint_state_controller
[3.884s] Invoked command in '/home/joanne/bookros2_ws/build/joint_state_controller' returned '0': AMENT_PREFIX_PATH=/home/joanne/bookros2_ws/install/joint_state_broadcaster:/home/joanne/bookros2_ws/install/controller_manager:/home/joanne/bookros2_ws/install/controller_interface:/home/joanne/bookros2_ws/install/hardware_interface:/home/joanne/bookros2_ws/install/ros2_control_test_assets:/home/joanne/bookros2_ws/install/controller_manager_msgs:${AMENT_PREFIX_PATH} CMAKE_PREFIX_PATH=/home/joanne/bookros2_ws/install/joint_state_broadcaster:/home/joanne/bookros2_ws/install/controller_manager:/home/joanne/bookros2_ws/install/controller_interface:/home/joanne/bookros2_ws/install/hardware_interface:/home/joanne/bookros2_ws/install/ros2_control_test_assets:/home/joanne/bookros2_ws/install/controller_manager_msgs:/opt/ros/foxy LD_LIBRARY_PATH=/home/joanne/bookros2_ws/install/joint_state_broadcaster/lib:/home/joanne/bookros2_ws/install/controller_manager/lib:/home/joanne/bookros2_ws/install/controller_interface/lib:/home/joanne/bookros2_ws/install/hardware_interface/lib:/home/joanne/bookros2_ws/install/controller_manager_msgs/lib:${LD_LIBRARY_PATH} PYTHONPATH=/home/joanne/bookros2_ws/install/controller_manager/lib/python3.8/site-packages:/home/joanne/bookros2_ws/install/controller_manager_msgs/lib/python3.8/site-packages:${PYTHONPATH} /usr/bin/cmake /home/joanne/bookros2_ws/src/ThirdParty/ros2_controllers/joint_state_controller -DAMENT_CMAKE_SYMLINK_INSTALL=1 -DCMAKE_INSTALL_PREFIX=/home/joanne/bookros2_ws/install/joint_state_controller
[3.885s] Invoking command in '/home/joanne/bookros2_ws/build/joint_state_controller': AMENT_PREFIX_PATH=/home/joanne/bookros2_ws/install/joint_state_broadcaster:/home/joanne/bookros2_ws/install/controller_manager:/home/joanne/bookros2_ws/install/controller_interface:/home/joanne/bookros2_ws/install/hardware_interface:/home/joanne/bookros2_ws/install/ros2_control_test_assets:/home/joanne/bookros2_ws/install/controller_manager_msgs:${AMENT_PREFIX_PATH} CMAKE_PREFIX_PATH=/home/joanne/bookros2_ws/install/joint_state_broadcaster:/home/joanne/bookros2_ws/install/controller_manager:/home/joanne/bookros2_ws/install/controller_interface:/home/joanne/bookros2_ws/install/hardware_interface:/home/joanne/bookros2_ws/install/ros2_control_test_assets:/home/joanne/bookros2_ws/install/controller_manager_msgs:/opt/ros/foxy LD_LIBRARY_PATH=/home/joanne/bookros2_ws/install/joint_state_broadcaster/lib:/home/joanne/bookros2_ws/install/controller_manager/lib:/home/joanne/bookros2_ws/install/controller_interface/lib:/home/joanne/bookros2_ws/install/hardware_interface/lib:/home/joanne/bookros2_ws/install/controller_manager_msgs/lib:${LD_LIBRARY_PATH} PYTHONPATH=/home/joanne/bookros2_ws/install/controller_manager/lib/python3.8/site-packages:/home/joanne/bookros2_ws/install/controller_manager_msgs/lib/python3.8/site-packages:${PYTHONPATH} /usr/bin/cmake --build /home/joanne/bookros2_ws/build/joint_state_controller -- -j8 -l8
[5.639s] [ 33%] Built target gmock
[5.639s] [ 44%] [32m[1mLinking CXX shared library libjoint_state_controller.so[0m
[5.640s] [ 55%] Built target joint_state_controller
[5.640s] [ 77%] Built target gmock_main
[5.640s] [ 88%] [32m[1mLinking CXX executable test_load_joint_state_controller[0m
[5.996s] [100%] Built target test_load_joint_state_controller
[6.024s] Invoked command in '/home/joanne/bookros2_ws/build/joint_state_controller' returned '0': AMENT_PREFIX_PATH=/home/joanne/bookros2_ws/install/joint_state_broadcaster:/home/joanne/bookros2_ws/install/controller_manager:/home/joanne/bookros2_ws/install/controller_interface:/home/joanne/bookros2_ws/install/hardware_interface:/home/joanne/bookros2_ws/install/ros2_control_test_assets:/home/joanne/bookros2_ws/install/controller_manager_msgs:${AMENT_PREFIX_PATH} CMAKE_PREFIX_PATH=/home/joanne/bookros2_ws/install/joint_state_broadcaster:/home/joanne/bookros2_ws/install/controller_manager:/home/joanne/bookros2_ws/install/controller_interface:/home/joanne/bookros2_ws/install/hardware_interface:/home/joanne/bookros2_ws/install/ros2_control_test_assets:/home/joanne/bookros2_ws/install/controller_manager_msgs:/opt/ros/foxy LD_LIBRARY_PATH=/home/joanne/bookros2_ws/install/joint_state_broadcaster/lib:/home/joanne/bookros2_ws/install/controller_manager/lib:/home/joanne/bookros2_ws/install/controller_interface/lib:/home/joanne/bookros2_ws/install/hardware_interface/lib:/home/joanne/bookros2_ws/install/controller_manager_msgs/lib:${LD_LIBRARY_PATH} PYTHONPATH=/home/joanne/bookros2_ws/install/controller_manager/lib/python3.8/site-packages:/home/joanne/bookros2_ws/install/controller_manager_msgs/lib/python3.8/site-packages:${PYTHONPATH} /usr/bin/cmake --build /home/joanne/bookros2_ws/build/joint_state_controller -- -j8 -l8
[6.030s] Invoking command in '/home/joanne/bookros2_ws/build/joint_state_controller': AMENT_PREFIX_PATH=/home/joanne/bookros2_ws/install/joint_state_broadcaster:/home/joanne/bookros2_ws/install/controller_manager:/home/joanne/bookros2_ws/install/controller_interface:/home/joanne/bookros2_ws/install/hardware_interface:/home/joanne/bookros2_ws/install/ros2_control_test_assets:/home/joanne/bookros2_ws/install/controller_manager_msgs:${AMENT_PREFIX_PATH} CMAKE_PREFIX_PATH=/home/joanne/bookros2_ws/install/joint_state_broadcaster:/home/joanne/bookros2_ws/install/controller_manager:/home/joanne/bookros2_ws/install/controller_interface:/home/joanne/bookros2_ws/install/hardware_interface:/home/joanne/bookros2_ws/install/ros2_control_test_assets:/home/joanne/bookros2_ws/install/controller_manager_msgs:/opt/ros/foxy LD_LIBRARY_PATH=/home/joanne/bookros2_ws/install/joint_state_broadcaster/lib:/home/joanne/bookros2_ws/install/controller_manager/lib:/home/joanne/bookros2_ws/install/controller_interface/lib:/home/joanne/bookros2_ws/install/hardware_interface/lib:/home/joanne/bookros2_ws/install/controller_manager_msgs/lib:${LD_LIBRARY_PATH} PYTHONPATH=/home/joanne/bookros2_ws/install/controller_manager/lib/python3.8/site-packages:/home/joanne/bookros2_ws/install/controller_manager_msgs/lib/python3.8/site-packages:${PYTHONPATH} /usr/bin/cmake --install /home/joanne/bookros2_ws/build/joint_state_controller
[9.431s] -- Install configuration: ""
[9.431s] -- Execute custom install script
[9.432s] -- Symlinking: /home/joanne/bookros2_ws/install/joint_state_controller/share/joint_state_controller//joint_state_plugin.xml
[9.432s] -- Symlinking: /home/joanne/bookros2_ws/install/joint_state_controller/lib/libjoint_state_controller.so
[9.436s] -- Symlinking: /home/joanne/bookros2_ws/install/joint_state_controller/share/joint_state_controller/environment/library_path.sh
[9.437s] -- Symlinking: /home/joanne/bookros2_ws/install/joint_state_controller/share/joint_state_controller/environment/library_path.dsv
[9.437s] -- Symlinking: /home/joanne/bookros2_ws/install/joint_state_controller/share/ament_index/resource_index/package_run_dependencies/joint_state_controller
[9.437s] -- Symlinking: /home/joanne/bookros2_ws/install/joint_state_controller/share/ament_index/resource_index/parent_prefix_path/joint_state_controller
[9.437s] -- Symlinking: /home/joanne/bookros2_ws/install/joint_state_controller/share/joint_state_controller/environment/ament_prefix_path.sh
[9.437s] -- Symlinking: /home/joanne/bookros2_ws/install/joint_state_controller/share/joint_state_controller/environment/ament_prefix_path.dsv
[9.437s] -- Symlinking: /home/joanne/bookros2_ws/install/joint_state_controller/share/joint_state_controller/environment/path.sh
[9.438s] -- Symlinking: /home/joanne/bookros2_ws/install/joint_state_controller/share/joint_state_controller/environment/path.dsv
[9.438s] -- Symlinking: /home/joanne/bookros2_ws/install/joint_state_controller/share/joint_state_controller/local_setup.bash
[9.438s] -- Symlinking: /home/joanne/bookros2_ws/install/joint_state_controller/share/joint_state_controller/local_setup.sh
[9.438s] -- Symlinking: /home/joanne/bookros2_ws/install/joint_state_controller/share/joint_state_controller/local_setup.zsh
[9.438s] -- Symlinking: /home/joanne/bookros2_ws/install/joint_state_controller/share/joint_state_controller/local_setup.dsv
[9.438s] -- Symlinking: /home/joanne/bookros2_ws/install/joint_state_controller/share/joint_state_controller/package.dsv
[9.439s] -- Symlinking: /home/joanne/bookros2_ws/install/joint_state_controller/share/ament_index/resource_index/packages/joint_state_controller
[9.439s] -- Symlinking: /home/joanne/bookros2_ws/install/joint_state_controller/share/ament_index/resource_index/controller_interface__pluginlib__plugin/joint_state_controller
[9.439s] -- Symlinking: /home/joanne/bookros2_ws/install/joint_state_controller/share/joint_state_controller/cmake/ament_cmake_export_dependencies-extras.cmake
[9.439s] -- Symlinking: /home/joanne/bookros2_ws/install/joint_state_controller/share/joint_state_controller/cmake/ament_cmake_export_libraries-extras.cmake
[9.439s] -- Symlinking: /home/joanne/bookros2_ws/install/joint_state_controller/share/joint_state_controller/cmake/joint_state_controllerConfig.cmake
[9.439s] -- Symlinking: /home/joanne/bookros2_ws/install/joint_state_controller/share/joint_state_controller/cmake/joint_state_controllerConfig-version.cmake
[9.439s] -- Symlinking: /home/joanne/bookros2_ws/install/joint_state_controller/share/joint_state_controller/package.xml
[9.446s] Invoked command in '/home/joanne/bookros2_ws/build/joint_state_controller' returned '0': AMENT_PREFIX_PATH=/home/joanne/bookros2_ws/install/joint_state_broadcaster:/home/joanne/bookros2_ws/install/controller_manager:/home/joanne/bookros2_ws/install/controller_interface:/home/joanne/bookros2_ws/install/hardware_interface:/home/joanne/bookros2_ws/install/ros2_control_test_assets:/home/joanne/bookros2_ws/install/controller_manager_msgs:${AMENT_PREFIX_PATH} CMAKE_PREFIX_PATH=/home/joanne/bookros2_ws/install/joint_state_broadcaster:/home/joanne/bookros2_ws/install/controller_manager:/home/joanne/bookros2_ws/install/controller_interface:/home/joanne/bookros2_ws/install/hardware_interface:/home/joanne/bookros2_ws/install/ros2_control_test_assets:/home/joanne/bookros2_ws/install/controller_manager_msgs:/opt/ros/foxy LD_LIBRARY_PATH=/home/joanne/bookros2_ws/install/joint_state_broadcaster/lib:/home/joanne/bookros2_ws/install/controller_manager/lib:/home/joanne/bookros2_ws/install/controller_interface/lib:/home/joanne/bookros2_ws/install/hardware_interface/lib:/home/joanne/bookros2_ws/install/controller_manager_msgs/lib:${LD_LIBRARY_PATH} PYTHONPATH=/home/joanne/bookros2_ws/install/controller_manager/lib/python3.8/site-packages:/home/joanne/bookros2_ws/install/controller_manager_msgs/lib/python3.8/site-packages:${PYTHONPATH} /usr/bin/cmake --install /home/joanne/bookros2_ws/build/joint_state_controller
