-- Found ament_cmake: 0.9.12 (/opt/ros/foxy/share/ament_cmake/cmake)
-- Using PYTHON_EXECUTABLE: /usr/bin/python3
-- Override CMake install command with custom implementation using symlinks instead of copying resources
-- Found controller_interface: 0.7.1 (/home/joanne/bookros2_ws/install/controller_interface/share/controller_interface/cmake)
-- Using all available rosidl_typesupport_c: rosidl_typesupport_fastrtps_c;rosidl_typesupport_introspection_c
-- Found rosidl_adapter: 1.3.1 (/opt/ros/foxy/share/rosidl_adapter/cmake)
-- Using all available rosidl_typesupport_cpp: rosidl_typesupport_fastrtps_cpp;rosidl_typesupport_introspection_cpp
-- Found rmw_implementation_cmake: 1.0.4 (/opt/ros/foxy/share/rmw_implementation_cmake/cmake)
-- Using RMW implementation 'rmw_fastrtps_cpp' as default
-- Found realtime_tools: 2.2.0 (/opt/ros/foxy/share/realtime_tools/cmake)
-- Found ament_cmake_gmock: 0.9.12 (/opt/ros/foxy/share/ament_cmake_gmock/cmake)
-- Found controller_manager: 0.7.1 (/home/joanne/bookros2_ws/install/controller_manager/share/controller_manager/cmake)
-- Found ros2_control_test_assets: 0.7.1 (/home/joanne/bookros2_ws/install/ros2_control_test_assets/share/ros2_control_test_assets/cmake)
-- Found gmock sources under '/opt/ros/foxy/src/gmock_vendor': C++ tests using 'Google Mock' will be built
-- Found ament_cmake_gtest: 0.9.12 (/opt/ros/foxy/share/ament_cmake_gtest/cmake)
-- Found gtest sources under '/opt/ros/foxy/src/gtest_vendor': C++ tests using 'Google Test' will be built
-- Configuring done
-- Generating done
-- Build files have been written to: /home/joanne/bookros2_ws/build/force_torque_sensor_broadcaster
[ 27%] Built target gmock
[ 45%] Built target gmock_main
[ 54%] [32m[1mLinking CXX shared library libforce_torque_sensor_broadcaster.so[0m
[ 63%] Built target force_torque_sensor_broadcaster
[ 72%] [32m[1mLinking CXX executable test_load_force_torque_sensor_broadcaster[0m
[ 81%] Built target test_load_force_torque_sensor_broadcaster
[ 90%] [32m[1mLinking CXX executable test_force_torque_sensor_broadcaster[0m
[100%] Built target test_force_torque_sensor_broadcaster
-- Install configuration: ""
-- Execute custom install script
-- Symlinking: /home/joanne/bookros2_ws/install/force_torque_sensor_broadcaster/share/force_torque_sensor_broadcaster//force_torque_sensor_broadcaster.xml
-- Symlinking: /home/joanne/bookros2_ws/install/force_torque_sensor_broadcaster/lib/libforce_torque_sensor_broadcaster.so
-- Symlinking: /home/joanne/bookros2_ws/install/force_torque_sensor_broadcaster/include/force_torque_sensor_broadcaster/force_torque_sensor_broadcaster.hpp
-- Symlinking: /home/joanne/bookros2_ws/install/force_torque_sensor_broadcaster/include/force_torque_sensor_broadcaster/visibility_control.h
-- Symlinking: /home/joanne/bookros2_ws/install/force_torque_sensor_broadcaster/share/force_torque_sensor_broadcaster/environment/library_path.sh
-- Symlinking: /home/joanne/bookros2_ws/install/force_torque_sensor_broadcaster/share/force_torque_sensor_broadcaster/environment/library_path.dsv
-- Symlinking: /home/joanne/bookros2_ws/install/force_torque_sensor_broadcaster/share/ament_index/resource_index/package_run_dependencies/force_torque_sensor_broadcaster
-- Symlinking: /home/joanne/bookros2_ws/install/force_torque_sensor_broadcaster/share/ament_index/resource_index/parent_prefix_path/force_torque_sensor_broadcaster
-- Symlinking: /home/joanne/bookros2_ws/install/force_torque_sensor_broadcaster/share/force_torque_sensor_broadcaster/environment/ament_prefix_path.sh
-- Symlinking: /home/joanne/bookros2_ws/install/force_torque_sensor_broadcaster/share/force_torque_sensor_broadcaster/environment/ament_prefix_path.dsv
-- Symlinking: /home/joanne/bookros2_ws/install/force_torque_sensor_broadcaster/share/force_torque_sensor_broadcaster/environment/path.sh
-- Symlinking: /home/joanne/bookros2_ws/install/force_torque_sensor_broadcaster/share/force_torque_sensor_broadcaster/environment/path.dsv
-- Symlinking: /home/joanne/bookros2_ws/install/force_torque_sensor_broadcaster/share/force_torque_sensor_broadcaster/local_setup.bash
-- Symlinking: /home/joanne/bookros2_ws/install/force_torque_sensor_broadcaster/share/force_torque_sensor_broadcaster/local_setup.sh
-- Symlinking: /home/joanne/bookros2_ws/install/force_torque_sensor_broadcaster/share/force_torque_sensor_broadcaster/local_setup.zsh
-- Symlinking: /home/joanne/bookros2_ws/install/force_torque_sensor_broadcaster/share/force_torque_sensor_broadcaster/local_setup.dsv
-- Symlinking: /home/joanne/bookros2_ws/install/force_torque_sensor_broadcaster/share/force_torque_sensor_broadcaster/package.dsv
-- Symlinking: /home/joanne/bookros2_ws/install/force_torque_sensor_broadcaster/share/ament_index/resource_index/packages/force_torque_sensor_broadcaster
-- Symlinking: /home/joanne/bookros2_ws/install/force_torque_sensor_broadcaster/share/ament_index/resource_index/controller_interface__pluginlib__plugin/force_torque_sensor_broadcaster
-- Symlinking: /home/joanne/bookros2_ws/install/force_torque_sensor_broadcaster/share/force_torque_sensor_broadcaster/cmake/ament_cmake_export_include_directories-extras.cmake
-- Symlinking: /home/joanne/bookros2_ws/install/force_torque_sensor_broadcaster/share/force_torque_sensor_broadcaster/cmake/ament_cmake_export_libraries-extras.cmake
-- Symlinking: /home/joanne/bookros2_ws/install/force_torque_sensor_broadcaster/share/force_torque_sensor_broadcaster/cmake/ament_cmake_export_dependencies-extras.cmake
-- Symlinking: /home/joanne/bookros2_ws/install/force_torque_sensor_broadcaster/share/force_torque_sensor_broadcaster/cmake/force_torque_sensor_broadcasterConfig.cmake
-- Symlinking: /home/joanne/bookros2_ws/install/force_torque_sensor_broadcaster/share/force_torque_sensor_broadcaster/cmake/force_torque_sensor_broadcasterConfig-version.cmake
-- Symlinking: /home/joanne/bookros2_ws/install/force_torque_sensor_broadcaster/share/force_torque_sensor_broadcaster/package.xml
