[0.069s] Invoking command in '/home/joanne/bookros2_ws/build/br2_bt_bumpgo': CMAKE_PREFIX_PATH=${CMAKE_PREFIX_PATH}:/home/joanne/bookros2_ws/install/ros2controlcli:/home/joanne/bookros2_ws/install/launch_pal:/home/joanne/bookros2_ws/install/br2_fsm_bumpgo_py:/opt/ros/foxy /usr/bin/cmake --build /home/joanne/bookros2_ws/build/br2_bt_bumpgo -- -j8 -l8
[0.716s] [ 11%] Built target br2_forward_bt_node
[0.907s] [ 22%] Built target gtest_main
[1.069s] [ 33%] Built target gtest
[1.286s] [ 44%] Built target bt_forward
[1.563s] [ 55%] Built target bt_action_test
[1.707s] [35m[1mScanning dependencies of target br2_is_obstacle_bt_node[0m
[1.909s] [ 61%] [32mBuilding CXX object CMakeFiles/br2_is_obstacle_bt_node.dir/src/br2_bt_bumpgo/IsObstacle.cpp.o[0m
[41.390s] [ 66%] [32m[1mLinking CXX shared library libbr2_is_obstacle_bt_node.so[0m
[43.784s] [ 66%] Built target br2_is_obstacle_bt_node
[43.998s] [ 77%] Built target br2_back_bt_node
[44.210s] [ 88%] Built target bt_bumpgo
[44.424s] [100%] Built target br2_turn_bt_node
[44.513s] Invoked command in '/home/joanne/bookros2_ws/build/br2_bt_bumpgo' returned '0': CMAKE_PREFIX_PATH=${CMAKE_PREFIX_PATH}:/home/joanne/bookros2_ws/install/ros2controlcli:/home/joanne/bookros2_ws/install/launch_pal:/home/joanne/bookros2_ws/install/br2_fsm_bumpgo_py:/opt/ros/foxy /usr/bin/cmake --build /home/joanne/bookros2_ws/build/br2_bt_bumpgo -- -j8 -l8
[44.621s] Invoking command in '/home/joanne/bookros2_ws/build/br2_bt_bumpgo': CMAKE_PREFIX_PATH=${CMAKE_PREFIX_PATH}:/home/joanne/bookros2_ws/install/ros2controlcli:/home/joanne/bookros2_ws/install/launch_pal:/home/joanne/bookros2_ws/install/br2_fsm_bumpgo_py:/opt/ros/foxy /usr/bin/cmake --install /home/joanne/bookros2_ws/build/br2_bt_bumpgo
[44.694s] -- Install configuration: ""
[44.702s] -- Execute custom install script
[44.704s] -- Up-to-date symlink: /home/joanne/bookros2_ws/install/br2_bt_bumpgo/lib/libbr2_forward_bt_node.so
[44.705s] -- Up-to-date symlink: /home/joanne/bookros2_ws/install/br2_bt_bumpgo/lib/libbr2_back_bt_node.so
[44.707s] -- Up-to-date symlink: /home/joanne/bookros2_ws/install/br2_bt_bumpgo/lib/libbr2_turn_bt_node.so
[44.707s] -- Up-to-date symlink: /home/joanne/bookros2_ws/install/br2_bt_bumpgo/lib/libbr2_is_obstacle_bt_node.so
[44.712s] -- Up-to-date symlink: /home/joanne/bookros2_ws/install/br2_bt_bumpgo/lib/br2_bt_bumpgo/bt_bumpgo
[44.712s] -- Up-to-date symlink: /home/joanne/bookros2_ws/install/br2_bt_bumpgo/include//br2_bt_bumpgo/Back.hpp
[44.713s] -- Up-to-date symlink: /home/joanne/bookros2_ws/install/br2_bt_bumpgo/include//br2_bt_bumpgo/Forward.hpp
[44.714s] -- Up-to-date symlink: /home/joanne/bookros2_ws/install/br2_bt_bumpgo/include//br2_bt_bumpgo/IsObstacle.hpp
[44.714s] -- Up-to-date symlink: /home/joanne/bookros2_ws/install/br2_bt_bumpgo/include//br2_bt_bumpgo/Turn.hpp
[44.720s] -- Up-to-date symlink: /home/joanne/bookros2_ws/install/br2_bt_bumpgo/share/br2_bt_bumpgo/behavior_tree_xml/bumpgo.xml
[44.721s] -- Up-to-date symlink: /home/joanne/bookros2_ws/install/br2_bt_bumpgo/share/br2_bt_bumpgo/behavior_tree_xml/custom_bt_0.xml
[44.722s] -- Up-to-date symlink: /home/joanne/bookros2_ws/install/br2_bt_bumpgo/share/br2_bt_bumpgo/behavior_tree_xml/custom_bt_without_charging.xml
[44.723s] -- Up-to-date symlink: /home/joanne/bookros2_ws/install/br2_bt_bumpgo/lib/br2_bt_bumpgo/bt_forward
[44.724s] -- Up-to-date symlink: /home/joanne/bookros2_ws/install/br2_bt_bumpgo/share/ament_index/resource_index/package_run_dependencies/br2_bt_bumpgo
[44.724s] -- Up-to-date symlink: /home/joanne/bookros2_ws/install/br2_bt_bumpgo/share/ament_index/resource_index/parent_prefix_path/br2_bt_bumpgo
[44.724s] -- Up-to-date symlink: /home/joanne/bookros2_ws/install/br2_bt_bumpgo/share/br2_bt_bumpgo/environment/ament_prefix_path.sh
[44.725s] -- Up-to-date symlink: /home/joanne/bookros2_ws/install/br2_bt_bumpgo/share/br2_bt_bumpgo/environment/ament_prefix_path.dsv
[44.726s] -- Up-to-date symlink: /home/joanne/bookros2_ws/install/br2_bt_bumpgo/share/br2_bt_bumpgo/environment/path.sh
[44.730s] -- Up-to-date symlink: /home/joanne/bookros2_ws/install/br2_bt_bumpgo/share/br2_bt_bumpgo/environment/path.dsv
[44.733s] -- Up-to-date symlink: /home/joanne/bookros2_ws/install/br2_bt_bumpgo/share/br2_bt_bumpgo/local_setup.bash
[44.734s] -- Up-to-date symlink: /home/joanne/bookros2_ws/install/br2_bt_bumpgo/share/br2_bt_bumpgo/local_setup.sh
[44.737s] -- Up-to-date symlink: /home/joanne/bookros2_ws/install/br2_bt_bumpgo/share/br2_bt_bumpgo/local_setup.zsh
[44.740s] -- Up-to-date symlink: /home/joanne/bookros2_ws/install/br2_bt_bumpgo/share/br2_bt_bumpgo/local_setup.dsv
[44.746s] -- Symlinking: /home/joanne/bookros2_ws/install/br2_bt_bumpgo/share/br2_bt_bumpgo/package.dsv
[44.816s] -- Up-to-date symlink: /home/joanne/bookros2_ws/install/br2_bt_bumpgo/share/ament_index/resource_index/packages/br2_bt_bumpgo
[44.819s] -- Up-to-date symlink: /home/joanne/bookros2_ws/install/br2_bt_bumpgo/share/br2_bt_bumpgo/cmake/ament_cmake_export_include_directories-extras.cmake
[44.824s] -- Up-to-date symlink: /home/joanne/bookros2_ws/install/br2_bt_bumpgo/share/br2_bt_bumpgo/cmake/ament_cmake_export_dependencies-extras.cmake
[44.826s] -- Up-to-date symlink: /home/joanne/bookros2_ws/install/br2_bt_bumpgo/share/br2_bt_bumpgo/cmake/br2_bt_bumpgoConfig.cmake
[44.827s] -- Up-to-date symlink: /home/joanne/bookros2_ws/install/br2_bt_bumpgo/share/br2_bt_bumpgo/cmake/br2_bt_bumpgoConfig-version.cmake
[44.827s] -- Up-to-date symlink: /home/joanne/bookros2_ws/install/br2_bt_bumpgo/share/br2_bt_bumpgo/package.xml
[44.866s] Invoked command in '/home/joanne/bookros2_ws/build/br2_bt_bumpgo' returned '0': CMAKE_PREFIX_PATH=${CMAKE_PREFIX_PATH}:/home/joanne/bookros2_ws/install/ros2controlcli:/home/joanne/bookros2_ws/install/launch_pal:/home/joanne/bookros2_ws/install/br2_fsm_bumpgo_py:/opt/ros/foxy /usr/bin/cmake --install /home/joanne/bookros2_ws/build/br2_bt_bumpgo
