[0.230s] Invoking command in '/home/joanne/bookros2_ws/build/groot': CMAKE_PREFIX_PATH=${CMAKE_PREFIX_PATH}:/home/joanne/bookros2_ws/install/ros2controlcli:/home/joanne/bookros2_ws/install/launch_pal:/home/joanne/bookros2_ws/install/br2_fsm_bumpgo_py:/opt/ros/foxy /usr/bin/cmake --build /home/joanne/bookros2_ws/build/groot -- -j8 -l8
[0.531s] [  1%] [34m[1mAutomatic MOC and UIC for target QtNodeEditor[0m
[0.749s] [  1%] Built target QtNodeEditor_autogen
[1.121s] [ 57%] Built target QtNodeEditor
[1.318s] [ 58%] [34m[1mAutomatic MOC and UIC for target behavior_tree_editor[0m
[1.426s] [ 58%] Built target behavior_tree_editor_autogen
[1.940s] [ 74%] Built target behavior_tree_editor
[2.097s] [ 74%] [34m[1mAutomatic MOC and UIC for target editor_test[0m
[2.131s] [ 75%] [34m[1mAutomatic MOC and UIC for target replay_test[0m
[2.138s] [ 76%] [34m[1mAutomatic MOC and UIC for target Groot[0m
[2.210s] [ 76%] Built target editor_test_autogen
[2.233s] [ 76%] Built target replay_test_autogen
[2.279s] [ 76%] Built target Groot_autogen
[2.459s] [ 85%] Built target editor_test
[2.471s] [ 91%] Built target Groot
[2.475s] [100%] Built target replay_test
[2.534s] Invoked command in '/home/joanne/bookros2_ws/build/groot' returned '0': CMAKE_PREFIX_PATH=${CMAKE_PREFIX_PATH}:/home/joanne/bookros2_ws/install/ros2controlcli:/home/joanne/bookros2_ws/install/launch_pal:/home/joanne/bookros2_ws/install/br2_fsm_bumpgo_py:/opt/ros/foxy /usr/bin/cmake --build /home/joanne/bookros2_ws/build/groot -- -j8 -l8
[2.543s] Invoking command in '/home/joanne/bookros2_ws/build/groot': CMAKE_PREFIX_PATH=${CMAKE_PREFIX_PATH}:/home/joanne/bookros2_ws/install/ros2controlcli:/home/joanne/bookros2_ws/install/launch_pal:/home/joanne/bookros2_ws/install/br2_fsm_bumpgo_py:/opt/ros/foxy /usr/bin/cmake --install /home/joanne/bookros2_ws/build/groot
[2.582s] -- Install configuration: ""
[2.584s] -- Execute custom install script
[2.585s] -- Up-to-date symlink: /home/joanne/bookros2_ws/install/groot/lib/libbehavior_tree_editor.so
[2.586s] -- Up-to-date symlink: /home/joanne/bookros2_ws/install/groot/lib/groot/Groot
[2.589s] -- Up-to-date symlink: /home/joanne/bookros2_ws/install/groot/share/groot/environment/library_path.sh
[2.589s] -- Up-to-date symlink: /home/joanne/bookros2_ws/install/groot/share/groot/environment/library_path.dsv
[2.589s] -- Up-to-date symlink: /home/joanne/bookros2_ws/install/groot/share/ament_index/resource_index/package_run_dependencies/groot
[2.590s] -- Up-to-date symlink: /home/joanne/bookros2_ws/install/groot/share/ament_index/resource_index/parent_prefix_path/groot
[2.590s] -- Up-to-date symlink: /home/joanne/bookros2_ws/install/groot/share/groot/environment/ament_prefix_path.sh
[2.591s] -- Up-to-date symlink: /home/joanne/bookros2_ws/install/groot/share/groot/environment/ament_prefix_path.dsv
[2.592s] -- Up-to-date symlink: /home/joanne/bookros2_ws/install/groot/share/groot/environment/path.sh
[2.593s] -- Up-to-date symlink: /home/joanne/bookros2_ws/install/groot/share/groot/environment/path.dsv
[2.594s] -- Up-to-date symlink: /home/joanne/bookros2_ws/install/groot/share/groot/local_setup.bash
[2.595s] -- Up-to-date symlink: /home/joanne/bookros2_ws/install/groot/share/groot/local_setup.sh
[2.601s] -- Up-to-date symlink: /home/joanne/bookros2_ws/install/groot/share/groot/local_setup.zsh
[2.603s] -- Up-to-date symlink: /home/joanne/bookros2_ws/install/groot/share/groot/local_setup.dsv
[2.604s] -- Symlinking: /home/joanne/bookros2_ws/install/groot/share/groot/package.dsv
[2.649s] -- Up-to-date symlink: /home/joanne/bookros2_ws/install/groot/share/ament_index/resource_index/packages/groot
[2.649s] -- Up-to-date symlink: /home/joanne/bookros2_ws/install/groot/share/groot/cmake/ament_cmake_export_include_directories-extras.cmake
[2.649s] -- Up-to-date symlink: /home/joanne/bookros2_ws/install/groot/share/groot/cmake/ament_cmake_export_dependencies-extras.cmake
[2.649s] -- Up-to-date symlink: /home/joanne/bookros2_ws/install/groot/share/groot/cmake/ament_cmake_export_libraries-extras.cmake
[2.650s] -- Up-to-date symlink: /home/joanne/bookros2_ws/install/groot/share/groot/cmake/grootConfig.cmake
[2.655s] -- Up-to-date symlink: /home/joanne/bookros2_ws/install/groot/share/groot/cmake/grootConfig-version.cmake
[2.656s] -- Up-to-date symlink: /home/joanne/bookros2_ws/install/groot/share/groot/package.xml
[3.016s] Invoked command in '/home/joanne/bookros2_ws/build/groot' returned '0': CMAKE_PREFIX_PATH=${CMAKE_PREFIX_PATH}:/home/joanne/bookros2_ws/install/ros2controlcli:/home/joanne/bookros2_ws/install/launch_pal:/home/joanne/bookros2_ws/install/br2_fsm_bumpgo_py:/opt/ros/foxy /usr/bin/cmake --install /home/joanne/bookros2_ws/build/groot
