[0.099s] Invoking command in '/home/joanne/bookros2_ws/build/br2_navigation': CMAKE_PREFIX_PATH=${CMAKE_PREFIX_PATH}:/home/joanne/bookros2_ws/install/ros2controlcli:/home/joanne/bookros2_ws/install/launch_pal:/home/joanne/bookros2_ws/install/br2_fsm_bumpgo_py:/home/joanne/nav2_ws/install/nav2_gazebo_spawner:/opt/ros/foxy /usr/bin/cmake --build /home/joanne/bookros2_ws/build/br2_navigation -- -j8 -l8
[0.390s] Invoked command in '/home/joanne/bookros2_ws/build/br2_navigation' returned '0': CMAKE_PREFIX_PATH=${CMAKE_PREFIX_PATH}:/home/joanne/bookros2_ws/install/ros2controlcli:/home/joanne/bookros2_ws/install/launch_pal:/home/joanne/bookros2_ws/install/br2_fsm_bumpgo_py:/home/joanne/nav2_ws/install/nav2_gazebo_spawner:/opt/ros/foxy /usr/bin/cmake --build /home/joanne/bookros2_ws/build/br2_navigation -- -j8 -l8
[0.455s] Invoking command in '/home/joanne/bookros2_ws/build/br2_navigation': CMAKE_PREFIX_PATH=${CMAKE_PREFIX_PATH}:/home/joanne/bookros2_ws/install/ros2controlcli:/home/joanne/bookros2_ws/install/launch_pal:/home/joanne/bookros2_ws/install/br2_fsm_bumpgo_py:/home/joanne/nav2_ws/install/nav2_gazebo_spawner:/opt/ros/foxy /usr/bin/cmake --install /home/joanne/bookros2_ws/build/br2_navigation
[0.503s] -- Install configuration: ""
[0.505s] -- Execute custom install script
[0.507s] -- Up-to-date symlink: /home/joanne/bookros2_ws/install/br2_navigation/share/br2_navigation/launch/navigation_launch.py
[0.514s] -- Up-to-date symlink: /home/joanne/bookros2_ws/install/br2_navigation/share/br2_navigation/launch/tiago_navigation.launch.py
[0.519s] -- Up-to-date symlink: /home/joanne/bookros2_ws/install/br2_navigation/share/br2_navigation/params/mapper_params_online_async.yaml
[0.519s] -- Up-to-date symlink: /home/joanne/bookros2_ws/install/br2_navigation/share/br2_navigation/params/tiago_nav_params.yaml
[0.520s] -- Symlinking: /home/joanne/bookros2_ws/install/br2_navigation/share/br2_navigation/maps/home.pgm
[0.567s] -- Symlinking: /home/joanne/bookros2_ws/install/br2_navigation/share/br2_navigation/maps/home.yaml
[0.614s] -- Up-to-date symlink: /home/joanne/bookros2_ws/install/br2_navigation/share/br2_navigation/maps/my_map.pgm
[0.614s] -- Up-to-date symlink: /home/joanne/bookros2_ws/install/br2_navigation/share/br2_navigation/maps/my_map.yaml
[0.616s] -- Up-to-date symlink: /home/joanne/bookros2_ws/install/br2_navigation/share/ament_index/resource_index/package_run_dependencies/br2_navigation
[0.616s] -- Up-to-date symlink: /home/joanne/bookros2_ws/install/br2_navigation/share/ament_index/resource_index/parent_prefix_path/br2_navigation
[0.622s] -- Up-to-date symlink: /home/joanne/bookros2_ws/install/br2_navigation/share/br2_navigation/environment/ament_prefix_path.sh
[0.625s] -- Up-to-date symlink: /home/joanne/bookros2_ws/install/br2_navigation/share/br2_navigation/environment/ament_prefix_path.dsv
[0.627s] -- Up-to-date symlink: /home/joanne/bookros2_ws/install/br2_navigation/share/br2_navigation/environment/path.sh
[0.628s] -- Up-to-date symlink: /home/joanne/bookros2_ws/install/br2_navigation/share/br2_navigation/environment/path.dsv
[0.633s] -- Up-to-date symlink: /home/joanne/bookros2_ws/install/br2_navigation/share/br2_navigation/local_setup.bash
[0.633s] -- Up-to-date symlink: /home/joanne/bookros2_ws/install/br2_navigation/share/br2_navigation/local_setup.sh
[0.633s] -- Up-to-date symlink: /home/joanne/bookros2_ws/install/br2_navigation/share/br2_navigation/local_setup.zsh
[0.633s] -- Up-to-date symlink: /home/joanne/bookros2_ws/install/br2_navigation/share/br2_navigation/local_setup.dsv
[0.633s] -- Symlinking: /home/joanne/bookros2_ws/install/br2_navigation/share/br2_navigation/package.dsv
[0.675s] -- Up-to-date symlink: /home/joanne/bookros2_ws/install/br2_navigation/share/ament_index/resource_index/packages/br2_navigation
[0.676s] -- Up-to-date symlink: /home/joanne/bookros2_ws/install/br2_navigation/share/br2_navigation/cmake/br2_navigationConfig.cmake
[0.676s] -- Up-to-date symlink: /home/joanne/bookros2_ws/install/br2_navigation/share/br2_navigation/cmake/br2_navigationConfig-version.cmake
[0.676s] -- Up-to-date symlink: /home/joanne/bookros2_ws/install/br2_navigation/share/br2_navigation/package.xml
[0.681s] Invoked command in '/home/joanne/bookros2_ws/build/br2_navigation' returned '0': CMAKE_PREFIX_PATH=${CMAKE_PREFIX_PATH}:/home/joanne/bookros2_ws/install/ros2controlcli:/home/joanne/bookros2_ws/install/launch_pal:/home/joanne/bookros2_ws/install/br2_fsm_bumpgo_py:/home/joanne/nav2_ws/install/nav2_gazebo_spawner:/opt/ros/foxy /usr/bin/cmake --install /home/joanne/bookros2_ws/build/br2_navigation
