[0.250s] Invoking command in '/home/joanne/bookros2_ws/build/controller_manager': AMENT_PREFIX_PATH=/home/joanne/bookros2_ws/install/controller_interface:/home/joanne/bookros2_ws/install/hardware_interface:/home/joanne/bookros2_ws/install/ros2_control_test_assets:/home/joanne/bookros2_ws/install/controller_manager_msgs:${AMENT_PREFIX_PATH} CMAKE_PREFIX_PATH=/home/joanne/bookros2_ws/install/controller_interface:/home/joanne/bookros2_ws/install/hardware_interface:/home/joanne/bookros2_ws/install/ros2_control_test_assets:/home/joanne/bookros2_ws/install/controller_manager_msgs:/opt/ros/foxy LD_LIBRARY_PATH=/home/joanne/bookros2_ws/install/controller_interface/lib:/home/joanne/bookros2_ws/install/hardware_interface/lib:/home/joanne/bookros2_ws/install/controller_manager_msgs/lib:${LD_LIBRARY_PATH} PYTHONPATH=/home/joanne/bookros2_ws/install/controller_manager_msgs/lib/python3.8/site-packages:${PYTHONPATH} /usr/bin/cmake /home/joanne/bookros2_ws/src/ThirdParty/ros2_control/controller_manager -DAMENT_CMAKE_SYMLINK_INSTALL=1 -DCMAKE_INSTALL_PREFIX=/home/joanne/bookros2_ws/install/controller_manager
[1.635s] -- Found ament_cmake: 0.9.12 (/opt/ros/foxy/share/ament_cmake/cmake)
[1.635s] -- Using PYTHON_EXECUTABLE: /usr/bin/python3
[1.639s] -- Override CMake install command with custom implementation using symlinks instead of copying resources
[1.640s] -- Found ament_index_cpp: 1.1.0 (/opt/ros/foxy/share/ament_index_cpp/cmake)
[1.640s] -- Found controller_interface: 0.7.1 (/home/joanne/bookros2_ws/install/controller_interface/share/controller_interface/cmake)
[1.742s] -- Using all available rosidl_typesupport_c: rosidl_typesupport_fastrtps_c;rosidl_typesupport_introspection_c
[1.751s] -- Found rosidl_adapter: 1.3.1 (/opt/ros/foxy/share/rosidl_adapter/cmake)
[2.364s] -- Using all available rosidl_typesupport_cpp: rosidl_typesupport_fastrtps_cpp;rosidl_typesupport_introspection_cpp
[4.892s] -- Found rmw_implementation_cmake: 1.0.4 (/opt/ros/foxy/share/rmw_implementation_cmake/cmake)
[4.916s] -- Using RMW implementation 'rmw_fastrtps_cpp' as default
[6.229s] -- Found controller_manager_msgs: 0.7.1 (/home/joanne/bookros2_ws/install/controller_manager_msgs/share/controller_manager_msgs/cmake)
[6.566s] -- Found ament_cmake_gmock: 0.9.12 (/opt/ros/foxy/share/ament_cmake_gmock/cmake)
[6.568s] -- Found ament_cmake_gtest: 0.9.12 (/opt/ros/foxy/share/ament_cmake_gtest/cmake)
[6.569s] -- Found ament_lint_auto: 0.9.8 (/opt/ros/foxy/share/ament_lint_auto/cmake)
[6.892s] -- Found gmock sources under '/opt/ros/foxy/src/gmock_vendor': C++ tests using 'Google Mock' will be built
[6.909s] -- Found gtest sources under '/opt/ros/foxy/src/gtest_vendor': C++ tests using 'Google Test' will be built
[7.024s] -- Added test 'copyright' to check source files copyright and LICENSE
[7.027s] -- Added test 'cppcheck' to perform static code analysis on C / C++ code
[7.029s] -- Configured cppcheck include dirs: /home/joanne/bookros2_ws/src/ThirdParty/ros2_control/controller_manager/include
[7.029s] -- Configured cppcheck exclude dirs and/or files: 
[7.049s] -- Added test 'cpplint' to check C / C++ code against the Google style
[7.049s] -- Configured cpplint exclude dirs and/or files: 
[7.050s] -- Added test 'flake8' to check Python code syntax and style conventions
[7.051s] -- Added test 'lint_cmake' to check CMake code style
[7.060s] -- Added test 'pep257' to check Python code against some of the style conventions in PEP 257
[7.063s] -- Added test 'uncrustify' to check C / C++ code style
[7.064s] -- Configured uncrustify additional arguments: 
[7.064s] -- Added test 'xmllint' to check XML markup files
[7.099s] -- Configuring done
[8.064s] -- Generating done
[8.226s] -- Build files have been written to: /home/joanne/bookros2_ws/build/controller_manager
[8.258s] Invoked command in '/home/joanne/bookros2_ws/build/controller_manager' returned '0': AMENT_PREFIX_PATH=/home/joanne/bookros2_ws/install/controller_interface:/home/joanne/bookros2_ws/install/hardware_interface:/home/joanne/bookros2_ws/install/ros2_control_test_assets:/home/joanne/bookros2_ws/install/controller_manager_msgs:${AMENT_PREFIX_PATH} CMAKE_PREFIX_PATH=/home/joanne/bookros2_ws/install/controller_interface:/home/joanne/bookros2_ws/install/hardware_interface:/home/joanne/bookros2_ws/install/ros2_control_test_assets:/home/joanne/bookros2_ws/install/controller_manager_msgs:/opt/ros/foxy LD_LIBRARY_PATH=/home/joanne/bookros2_ws/install/controller_interface/lib:/home/joanne/bookros2_ws/install/hardware_interface/lib:/home/joanne/bookros2_ws/install/controller_manager_msgs/lib:${LD_LIBRARY_PATH} PYTHONPATH=/home/joanne/bookros2_ws/install/controller_manager_msgs/lib/python3.8/site-packages:${PYTHONPATH} /usr/bin/cmake /home/joanne/bookros2_ws/src/ThirdParty/ros2_control/controller_manager -DAMENT_CMAKE_SYMLINK_INSTALL=1 -DCMAKE_INSTALL_PREFIX=/home/joanne/bookros2_ws/install/controller_manager
[8.259s] Invoking command in '/home/joanne/bookros2_ws/build/controller_manager': AMENT_PREFIX_PATH=/home/joanne/bookros2_ws/install/controller_interface:/home/joanne/bookros2_ws/install/hardware_interface:/home/joanne/bookros2_ws/install/ros2_control_test_assets:/home/joanne/bookros2_ws/install/controller_manager_msgs:${AMENT_PREFIX_PATH} CMAKE_PREFIX_PATH=/home/joanne/bookros2_ws/install/controller_interface:/home/joanne/bookros2_ws/install/hardware_interface:/home/joanne/bookros2_ws/install/ros2_control_test_assets:/home/joanne/bookros2_ws/install/controller_manager_msgs:/opt/ros/foxy LD_LIBRARY_PATH=/home/joanne/bookros2_ws/install/controller_interface/lib:/home/joanne/bookros2_ws/install/hardware_interface/lib:/home/joanne/bookros2_ws/install/controller_manager_msgs/lib:${LD_LIBRARY_PATH} PYTHONPATH=/home/joanne/bookros2_ws/install/controller_manager_msgs/lib/python3.8/site-packages:${PYTHONPATH} /usr/bin/cmake --build /home/joanne/bookros2_ws/build/controller_manager -- -j8 -l8
[8.643s] [  8%] Built target gmock_main
[8.718s] [ 20%] Built target gmock
[8.798s] [ 24%] [32m[1mLinking CXX shared library libcontroller_manager.so[0m
[11.450s] [ 28%] Built target controller_manager
[11.654s] [ 32%] [32m[1mLinking CXX shared library libtest_controller.so[0m
[11.698s] [ 36%] [32m[1mLinking CXX shared library libtest_controller_with_interfaces.so[0m
[11.699s] [ 40%] [32m[1mLinking CXX shared library libtest_controller_failed_init.so[0m
[11.739s] [ 44%] [32m[1mLinking CXX executable ros2_control_node[0m
[12.124s] [ 48%] Built target test_controller
[12.206s] [ 52%] Built target test_controller_with_interfaces
[12.364s] [ 56%] Built target test_controller_failed_init
[12.383s] [ 60%] [32m[1mLinking CXX executable test_controller_manager[0m
[12.419s] [ 64%] [32m[1mLinking CXX executable test_spawner_unspawner[0m
[12.436s] [ 68%] [32m[1mLinking CXX executable test_controller_manager_srvs[0m
[12.508s] [ 72%] [32m[1mLinking CXX executable test_release_interfaces[0m
[12.587s] [ 76%] [32m[1mLinking CXX executable test_load_controller[0m
[13.916s] [ 80%] Built target ros2_control_node
[16.491s] [ 84%] Built target test_spawner_unspawner
[16.721s] [ 88%] Built target test_load_controller
[16.741s] [ 92%] Built target test_controller_manager_srvs
[16.952s] [ 96%] Built target test_controller_manager
[16.968s] [100%] Built target test_release_interfaces
[17.012s] Invoked command in '/home/joanne/bookros2_ws/build/controller_manager' returned '0': AMENT_PREFIX_PATH=/home/joanne/bookros2_ws/install/controller_interface:/home/joanne/bookros2_ws/install/hardware_interface:/home/joanne/bookros2_ws/install/ros2_control_test_assets:/home/joanne/bookros2_ws/install/controller_manager_msgs:${AMENT_PREFIX_PATH} CMAKE_PREFIX_PATH=/home/joanne/bookros2_ws/install/controller_interface:/home/joanne/bookros2_ws/install/hardware_interface:/home/joanne/bookros2_ws/install/ros2_control_test_assets:/home/joanne/bookros2_ws/install/controller_manager_msgs:/opt/ros/foxy LD_LIBRARY_PATH=/home/joanne/bookros2_ws/install/controller_interface/lib:/home/joanne/bookros2_ws/install/hardware_interface/lib:/home/joanne/bookros2_ws/install/controller_manager_msgs/lib:${LD_LIBRARY_PATH} PYTHONPATH=/home/joanne/bookros2_ws/install/controller_manager_msgs/lib/python3.8/site-packages:${PYTHONPATH} /usr/bin/cmake --build /home/joanne/bookros2_ws/build/controller_manager -- -j8 -l8
[17.017s] Invoking command in '/home/joanne/bookros2_ws/build/controller_manager': AMENT_PREFIX_PATH=/home/joanne/bookros2_ws/install/controller_interface:/home/joanne/bookros2_ws/install/hardware_interface:/home/joanne/bookros2_ws/install/ros2_control_test_assets:/home/joanne/bookros2_ws/install/controller_manager_msgs:${AMENT_PREFIX_PATH} CMAKE_PREFIX_PATH=/home/joanne/bookros2_ws/install/controller_interface:/home/joanne/bookros2_ws/install/hardware_interface:/home/joanne/bookros2_ws/install/ros2_control_test_assets:/home/joanne/bookros2_ws/install/controller_manager_msgs:/opt/ros/foxy LD_LIBRARY_PATH=/home/joanne/bookros2_ws/install/controller_interface/lib:/home/joanne/bookros2_ws/install/hardware_interface/lib:/home/joanne/bookros2_ws/install/controller_manager_msgs/lib:${LD_LIBRARY_PATH} PYTHONPATH=/home/joanne/bookros2_ws/install/controller_manager_msgs/lib/python3.8/site-packages:${PYTHONPATH} /usr/bin/cmake --install /home/joanne/bookros2_ws/build/controller_manager
[17.055s] -- Install configuration: ""
[17.056s] -- Execute custom install script
[17.057s] -- Symlinking: /home/joanne/bookros2_ws/install/controller_manager/lib/libcontroller_manager.so
[17.078s] -- Symlinking: /home/joanne/bookros2_ws/install/controller_manager/lib/controller_manager/ros2_control_node
[17.094s] -- Symlinking: /home/joanne/bookros2_ws/install/controller_manager/include/controller_manager/controller_manager.hpp
[17.112s] -- Symlinking: /home/joanne/bookros2_ws/install/controller_manager/include/controller_manager/controller_spec.hpp
[17.130s] -- Symlinking: /home/joanne/bookros2_ws/install/controller_manager/include/controller_manager/visibility_control.h
[17.145s] -- Symlinking: /home/joanne/bookros2_ws/install/controller_manager/lib/controller_manager/spawner.py
[17.164s] -- Symlinking: /home/joanne/bookros2_ws/install/controller_manager/lib/controller_manager/unspawner.py
[17.180s] -- Symlinking: /home/joanne/bookros2_ws/install/controller_manager/share/controller_manager/test/test_controller/test_controller.xml
[17.197s] -- Symlinking: /home/joanne/bookros2_ws/install/controller_manager/lib/libtest_controller.so
[17.217s] -- Symlinking: /home/joanne/bookros2_ws/install/controller_manager/share/controller_manager/test/test_controller_failed_init/test_controller_failed_init.xml
[17.276s] -- Symlinking: /home/joanne/bookros2_ws/install/controller_manager/lib/libtest_controller_failed_init.so
[17.325s] -- Symlinking: /home/joanne/bookros2_ws/install/controller_manager/share/controller_manager/test/test_controller_with_interfaces/test_controller_with_interfaces.xml
[17.376s] -- Symlinking: /home/joanne/bookros2_ws/install/controller_manager/lib/libtest_controller_with_interfaces.so
[17.397s] -- Symlinking: /home/joanne/bookros2_ws/install/controller_manager/share/controller_manager/environment/pythonpath.sh
[17.433s] -- Symlinking: /home/joanne/bookros2_ws/install/controller_manager/share/controller_manager/environment/pythonpath.dsv
[17.482s] -- Symlinking: /home/joanne/bookros2_ws/install/controller_manager/lib/python3.8/site-packages/controller_manager/__init__.py
[17.518s] -- Symlinking: /home/joanne/bookros2_ws/install/controller_manager/lib/python3.8/site-packages/controller_manager/controller_manager_services.py
[17.533s] -- Symlinking: /home/joanne/bookros2_ws/install/controller_manager/lib/python3.8/site-packages/controller_manager/launch_utils.py
[17.548s] -- Symlinking: /home/joanne/bookros2_ws/install/controller_manager/share/controller_manager/environment/library_path.sh
[17.565s] -- Symlinking: /home/joanne/bookros2_ws/install/controller_manager/share/controller_manager/environment/library_path.dsv
[17.581s] -- Symlinking: /home/joanne/bookros2_ws/install/controller_manager/share/ament_index/resource_index/package_run_dependencies/controller_manager
[17.597s] -- Symlinking: /home/joanne/bookros2_ws/install/controller_manager/share/ament_index/resource_index/parent_prefix_path/controller_manager
[17.613s] -- Symlinking: /home/joanne/bookros2_ws/install/controller_manager/share/controller_manager/environment/ament_prefix_path.sh
[17.669s] -- Symlinking: /home/joanne/bookros2_ws/install/controller_manager/share/controller_manager/environment/ament_prefix_path.dsv
[17.698s] -- Symlinking: /home/joanne/bookros2_ws/install/controller_manager/share/controller_manager/environment/path.sh
[17.714s] -- Symlinking: /home/joanne/bookros2_ws/install/controller_manager/share/controller_manager/environment/path.dsv
[17.729s] -- Symlinking: /home/joanne/bookros2_ws/install/controller_manager/share/controller_manager/local_setup.bash
[17.744s] -- Symlinking: /home/joanne/bookros2_ws/install/controller_manager/share/controller_manager/local_setup.sh
[17.766s] -- Symlinking: /home/joanne/bookros2_ws/install/controller_manager/share/controller_manager/local_setup.zsh
[17.790s] -- Symlinking: /home/joanne/bookros2_ws/install/controller_manager/share/controller_manager/local_setup.dsv
[17.805s] -- Symlinking: /home/joanne/bookros2_ws/install/controller_manager/share/controller_manager/package.dsv
[17.820s] -- Symlinking: /home/joanne/bookros2_ws/install/controller_manager/share/ament_index/resource_index/packages/controller_manager
[17.835s] -- Symlinking: /home/joanne/bookros2_ws/install/controller_manager/share/ament_index/resource_index/controller_interface__pluginlib__plugin/controller_manager
[17.852s] -- Symlinking: /home/joanne/bookros2_ws/install/controller_manager/share/controller_manager/cmake/ament_cmake_export_libraries-extras.cmake
[17.872s] -- Symlinking: /home/joanne/bookros2_ws/install/controller_manager/share/controller_manager/cmake/ament_cmake_export_include_directories-extras.cmake
[17.893s] -- Symlinking: /home/joanne/bookros2_ws/install/controller_manager/share/controller_manager/cmake/ament_cmake_export_dependencies-extras.cmake
[17.914s] -- Symlinking: /home/joanne/bookros2_ws/install/controller_manager/share/controller_manager/cmake/controller_managerConfig.cmake
[17.935s] -- Symlinking: /home/joanne/bookros2_ws/install/controller_manager/share/controller_manager/cmake/controller_managerConfig-version.cmake
[17.955s] -- Symlinking: /home/joanne/bookros2_ws/install/controller_manager/share/controller_manager/package.xml
[18.045s] Listing '/home/joanne/bookros2_ws/install/controller_manager/lib/python3.8/site-packages/controller_manager'...
[18.081s] Invoked command in '/home/joanne/bookros2_ws/build/controller_manager' returned '0': AMENT_PREFIX_PATH=/home/joanne/bookros2_ws/install/controller_interface:/home/joanne/bookros2_ws/install/hardware_interface:/home/joanne/bookros2_ws/install/ros2_control_test_assets:/home/joanne/bookros2_ws/install/controller_manager_msgs:${AMENT_PREFIX_PATH} CMAKE_PREFIX_PATH=/home/joanne/bookros2_ws/install/controller_interface:/home/joanne/bookros2_ws/install/hardware_interface:/home/joanne/bookros2_ws/install/ros2_control_test_assets:/home/joanne/bookros2_ws/install/controller_manager_msgs:/opt/ros/foxy LD_LIBRARY_PATH=/home/joanne/bookros2_ws/install/controller_interface/lib:/home/joanne/bookros2_ws/install/hardware_interface/lib:/home/joanne/bookros2_ws/install/controller_manager_msgs/lib:${LD_LIBRARY_PATH} PYTHONPATH=/home/joanne/bookros2_ws/install/controller_manager_msgs/lib/python3.8/site-packages:${PYTHONPATH} /usr/bin/cmake --install /home/joanne/bookros2_ws/build/controller_manager
