[0.095s] Invoking command in '/home/joanne/bookros2_ws/build/groot': CMAKE_PREFIX_PATH=/opt/ros/foxy /usr/bin/cmake --build /home/joanne/bookros2_ws/build/groot -- -j8 -l8
[0.220s] [  1%] [34m[1mAutomatic MOC and UIC for target QtNodeEditor[0m
[0.239s] [  1%] Built target QtNodeEditor_autogen
[0.343s] [ 57%] Built target QtNodeEditor
[0.384s] [ 58%] [34m[1mAutomatic MOC and UIC for target behavior_tree_editor[0m
[0.421s] [ 58%] Built target behavior_tree_editor_autogen
[0.530s] [ 74%] Built target behavior_tree_editor
[0.571s] [ 75%] [34m[1mAutomatic MOC and UIC for target Groot[0m
[0.588s] [ 76%] [34m[1mAutomatic MOC and UIC for target replay_test[0m
[0.613s] [ 76%] [34m[1mAutomatic MOC and UIC for target editor_test[0m
[0.624s] [ 76%] Built target replay_test_autogen
[0.624s] [ 76%] Built target Groot_autogen
[0.692s] [ 76%] Built target editor_test_autogen
[0.698s] [ 82%] Built target Groot
[0.711s] [ 91%] Built target replay_test
[0.763s] [100%] Built target editor_test
[0.774s] Invoked command in '/home/joanne/bookros2_ws/build/groot' returned '0': CMAKE_PREFIX_PATH=/opt/ros/foxy /usr/bin/cmake --build /home/joanne/bookros2_ws/build/groot -- -j8 -l8
[0.781s] Invoking command in '/home/joanne/bookros2_ws/build/groot': CMAKE_PREFIX_PATH=/opt/ros/foxy /usr/bin/cmake --install /home/joanne/bookros2_ws/build/groot
[0.789s] -- Install configuration: ""
[0.790s] -- Execute custom install script
[0.790s] -- Up-to-date symlink: /home/joanne/bookros2_ws/install/groot/lib/libbehavior_tree_editor.so
[0.791s] -- Up-to-date symlink: /home/joanne/bookros2_ws/install/groot/lib/groot/Groot
[0.791s] -- Up-to-date symlink: /home/joanne/bookros2_ws/install/groot/share/groot/environment/library_path.sh
[0.791s] -- Up-to-date symlink: /home/joanne/bookros2_ws/install/groot/share/groot/environment/library_path.dsv
[0.791s] -- Up-to-date symlink: /home/joanne/bookros2_ws/install/groot/share/ament_index/resource_index/package_run_dependencies/groot
[0.792s] -- Up-to-date symlink: /home/joanne/bookros2_ws/install/groot/share/ament_index/resource_index/parent_prefix_path/groot
[0.792s] -- Up-to-date symlink: /home/joanne/bookros2_ws/install/groot/share/groot/environment/ament_prefix_path.sh
[0.792s] -- Up-to-date symlink: /home/joanne/bookros2_ws/install/groot/share/groot/environment/ament_prefix_path.dsv
[0.792s] -- Up-to-date symlink: /home/joanne/bookros2_ws/install/groot/share/groot/environment/path.sh
[0.793s] -- Up-to-date symlink: /home/joanne/bookros2_ws/install/groot/share/groot/environment/path.dsv
[0.793s] -- Up-to-date symlink: /home/joanne/bookros2_ws/install/groot/share/groot/local_setup.bash
[0.793s] -- Up-to-date symlink: /home/joanne/bookros2_ws/install/groot/share/groot/local_setup.sh
[0.793s] -- Up-to-date symlink: /home/joanne/bookros2_ws/install/groot/share/groot/local_setup.zsh
[0.794s] -- Up-to-date symlink: /home/joanne/bookros2_ws/install/groot/share/groot/local_setup.dsv
[0.794s] -- Symlinking: /home/joanne/bookros2_ws/install/groot/share/groot/package.dsv
[0.806s] -- Up-to-date symlink: /home/joanne/bookros2_ws/install/groot/share/ament_index/resource_index/packages/groot
[0.806s] -- Up-to-date symlink: /home/joanne/bookros2_ws/install/groot/share/groot/cmake/ament_cmake_export_include_directories-extras.cmake
[0.806s] -- Up-to-date symlink: /home/joanne/bookros2_ws/install/groot/share/groot/cmake/ament_cmake_export_dependencies-extras.cmake
[0.807s] -- Up-to-date symlink: /home/joanne/bookros2_ws/install/groot/share/groot/cmake/ament_cmake_export_libraries-extras.cmake
[0.807s] -- Up-to-date symlink: /home/joanne/bookros2_ws/install/groot/share/groot/cmake/grootConfig.cmake
[0.807s] -- Up-to-date symlink: /home/joanne/bookros2_ws/install/groot/share/groot/cmake/grootConfig-version.cmake
[0.807s] -- Up-to-date symlink: /home/joanne/bookros2_ws/install/groot/share/groot/package.xml
[0.810s] Invoked command in '/home/joanne/bookros2_ws/build/groot' returned '0': CMAKE_PREFIX_PATH=/opt/ros/foxy /usr/bin/cmake --install /home/joanne/bookros2_ws/build/groot
