[0.065s] Invoking command in '/home/joanne/bookros2_ws/build/controller_manager': AMENT_PREFIX_PATH=/home/joanne/bookros2_ws/install/controller_interface:/home/joanne/bookros2_ws/install/hardware_interface:/home/joanne/bookros2_ws/install/ros2_control_test_assets:/home/joanne/bookros2_ws/install/controller_manager_msgs:${AMENT_PREFIX_PATH} CMAKE_PREFIX_PATH=/home/joanne/bookros2_ws/install/controller_interface:/home/joanne/bookros2_ws/install/hardware_interface:/home/joanne/bookros2_ws/install/ros2_control_test_assets:/home/joanne/bookros2_ws/install/controller_manager_msgs:/opt/ros/foxy LD_LIBRARY_PATH=/home/joanne/bookros2_ws/install/controller_interface/lib:/home/joanne/bookros2_ws/install/hardware_interface/lib:/home/joanne/bookros2_ws/install/controller_manager_msgs/lib:${LD_LIBRARY_PATH} PYTHONPATH=/home/joanne/bookros2_ws/install/controller_manager_msgs/lib/python3.8/site-packages:${PYTHONPATH} /usr/bin/cmake --build /home/joanne/bookros2_ws/build/controller_manager -- -j8 -l8
[0.180s] [ 12%] Built target gmock
[0.197s] [ 20%] Built target controller_manager
[0.200s] [ 28%] Built target gmock_main
[0.264s] [ 36%] Built target test_controller_with_interfaces
[0.291s] [ 44%] Built target ros2_control_node
[0.298s] [ 52%] Built target test_controller
[0.300s] [ 60%] Built target test_controller_failed_init
[0.389s] [ 68%] Built target test_controller_manager
[0.389s] [ 76%] Built target test_release_interfaces
[0.411s] [ 84%] Built target test_spawner_unspawner
[0.417s] [ 92%] Built target test_controller_manager_srvs
[0.468s] [100%] Built target test_load_controller
[0.489s] Invoked command in '/home/joanne/bookros2_ws/build/controller_manager' returned '0': AMENT_PREFIX_PATH=/home/joanne/bookros2_ws/install/controller_interface:/home/joanne/bookros2_ws/install/hardware_interface:/home/joanne/bookros2_ws/install/ros2_control_test_assets:/home/joanne/bookros2_ws/install/controller_manager_msgs:${AMENT_PREFIX_PATH} CMAKE_PREFIX_PATH=/home/joanne/bookros2_ws/install/controller_interface:/home/joanne/bookros2_ws/install/hardware_interface:/home/joanne/bookros2_ws/install/ros2_control_test_assets:/home/joanne/bookros2_ws/install/controller_manager_msgs:/opt/ros/foxy LD_LIBRARY_PATH=/home/joanne/bookros2_ws/install/controller_interface/lib:/home/joanne/bookros2_ws/install/hardware_interface/lib:/home/joanne/bookros2_ws/install/controller_manager_msgs/lib:${LD_LIBRARY_PATH} PYTHONPATH=/home/joanne/bookros2_ws/install/controller_manager_msgs/lib/python3.8/site-packages:${PYTHONPATH} /usr/bin/cmake --build /home/joanne/bookros2_ws/build/controller_manager -- -j8 -l8
[0.491s] Invoking command in '/home/joanne/bookros2_ws/build/controller_manager': AMENT_PREFIX_PATH=/home/joanne/bookros2_ws/install/controller_interface:/home/joanne/bookros2_ws/install/hardware_interface:/home/joanne/bookros2_ws/install/ros2_control_test_assets:/home/joanne/bookros2_ws/install/controller_manager_msgs:${AMENT_PREFIX_PATH} CMAKE_PREFIX_PATH=/home/joanne/bookros2_ws/install/controller_interface:/home/joanne/bookros2_ws/install/hardware_interface:/home/joanne/bookros2_ws/install/ros2_control_test_assets:/home/joanne/bookros2_ws/install/controller_manager_msgs:/opt/ros/foxy LD_LIBRARY_PATH=/home/joanne/bookros2_ws/install/controller_interface/lib:/home/joanne/bookros2_ws/install/hardware_interface/lib:/home/joanne/bookros2_ws/install/controller_manager_msgs/lib:${LD_LIBRARY_PATH} PYTHONPATH=/home/joanne/bookros2_ws/install/controller_manager_msgs/lib/python3.8/site-packages:${PYTHONPATH} /usr/bin/cmake --install /home/joanne/bookros2_ws/build/controller_manager
[0.509s] -- Install configuration: ""
[0.510s] -- Execute custom install script
[0.511s] -- Up-to-date symlink: /home/joanne/bookros2_ws/install/controller_manager/lib/libcontroller_manager.so
[0.512s] -- Up-to-date symlink: /home/joanne/bookros2_ws/install/controller_manager/lib/controller_manager/ros2_control_node
[0.512s] -- Up-to-date symlink: /home/joanne/bookros2_ws/install/controller_manager/include/controller_manager/controller_manager.hpp
[0.513s] -- Up-to-date symlink: /home/joanne/bookros2_ws/install/controller_manager/include/controller_manager/controller_spec.hpp
[0.513s] -- Up-to-date symlink: /home/joanne/bookros2_ws/install/controller_manager/include/controller_manager/visibility_control.h
[0.513s] -- Up-to-date symlink: /home/joanne/bookros2_ws/install/controller_manager/lib/controller_manager/spawner.py
[0.514s] -- Up-to-date symlink: /home/joanne/bookros2_ws/install/controller_manager/lib/controller_manager/unspawner.py
[0.514s] -- Up-to-date symlink: /home/joanne/bookros2_ws/install/controller_manager/share/controller_manager/test/test_controller/test_controller.xml
[0.514s] -- Up-to-date symlink: /home/joanne/bookros2_ws/install/controller_manager/lib/libtest_controller.so
[0.515s] -- Up-to-date symlink: /home/joanne/bookros2_ws/install/controller_manager/share/controller_manager/test/test_controller_failed_init/test_controller_failed_init.xml
[0.515s] -- Up-to-date symlink: /home/joanne/bookros2_ws/install/controller_manager/lib/libtest_controller_failed_init.so
[0.516s] -- Up-to-date symlink: /home/joanne/bookros2_ws/install/controller_manager/share/controller_manager/test/test_controller_with_interfaces/test_controller_with_interfaces.xml
[0.516s] -- Up-to-date symlink: /home/joanne/bookros2_ws/install/controller_manager/lib/libtest_controller_with_interfaces.so
[0.516s] -- Up-to-date symlink: /home/joanne/bookros2_ws/install/controller_manager/share/controller_manager/environment/pythonpath.sh
[0.517s] -- Up-to-date symlink: /home/joanne/bookros2_ws/install/controller_manager/share/controller_manager/environment/pythonpath.dsv
[0.517s] -- Up-to-date symlink: /home/joanne/bookros2_ws/install/controller_manager/lib/python3.8/site-packages/controller_manager/__init__.py
[0.518s] -- Up-to-date symlink: /home/joanne/bookros2_ws/install/controller_manager/lib/python3.8/site-packages/controller_manager/controller_manager_services.py
[0.518s] -- Up-to-date symlink: /home/joanne/bookros2_ws/install/controller_manager/lib/python3.8/site-packages/controller_manager/launch_utils.py
[0.518s] -- Up-to-date symlink: /home/joanne/bookros2_ws/install/controller_manager/share/controller_manager/environment/library_path.sh
[0.519s] -- Up-to-date symlink: /home/joanne/bookros2_ws/install/controller_manager/share/controller_manager/environment/library_path.dsv
[0.519s] -- Up-to-date symlink: /home/joanne/bookros2_ws/install/controller_manager/share/ament_index/resource_index/package_run_dependencies/controller_manager
[0.519s] -- Up-to-date symlink: /home/joanne/bookros2_ws/install/controller_manager/share/ament_index/resource_index/parent_prefix_path/controller_manager
[0.520s] -- Up-to-date symlink: /home/joanne/bookros2_ws/install/controller_manager/share/controller_manager/environment/ament_prefix_path.sh
[0.520s] -- Up-to-date symlink: /home/joanne/bookros2_ws/install/controller_manager/share/controller_manager/environment/ament_prefix_path.dsv
[0.520s] -- Up-to-date symlink: /home/joanne/bookros2_ws/install/controller_manager/share/controller_manager/environment/path.sh
[0.521s] -- Up-to-date symlink: /home/joanne/bookros2_ws/install/controller_manager/share/controller_manager/environment/path.dsv
[0.522s] -- Up-to-date symlink: /home/joanne/bookros2_ws/install/controller_manager/share/controller_manager/local_setup.bash
[0.522s] -- Up-to-date symlink: /home/joanne/bookros2_ws/install/controller_manager/share/controller_manager/local_setup.sh
[0.522s] -- Up-to-date symlink: /home/joanne/bookros2_ws/install/controller_manager/share/controller_manager/local_setup.zsh
[0.522s] -- Up-to-date symlink: /home/joanne/bookros2_ws/install/controller_manager/share/controller_manager/local_setup.dsv
[0.523s] -- Symlinking: /home/joanne/bookros2_ws/install/controller_manager/share/controller_manager/package.dsv
[0.543s] -- Up-to-date symlink: /home/joanne/bookros2_ws/install/controller_manager/share/ament_index/resource_index/packages/controller_manager
[0.544s] -- Up-to-date symlink: /home/joanne/bookros2_ws/install/controller_manager/share/ament_index/resource_index/controller_interface__pluginlib__plugin/controller_manager
[0.544s] -- Up-to-date symlink: /home/joanne/bookros2_ws/install/controller_manager/share/controller_manager/cmake/ament_cmake_export_libraries-extras.cmake
[0.544s] -- Up-to-date symlink: /home/joanne/bookros2_ws/install/controller_manager/share/controller_manager/cmake/ament_cmake_export_include_directories-extras.cmake
[0.544s] -- Up-to-date symlink: /home/joanne/bookros2_ws/install/controller_manager/share/controller_manager/cmake/ament_cmake_export_dependencies-extras.cmake
[0.544s] -- Up-to-date symlink: /home/joanne/bookros2_ws/install/controller_manager/share/controller_manager/cmake/controller_managerConfig.cmake
[0.544s] -- Up-to-date symlink: /home/joanne/bookros2_ws/install/controller_manager/share/controller_manager/cmake/controller_managerConfig-version.cmake
[0.545s] -- Up-to-date symlink: /home/joanne/bookros2_ws/install/controller_manager/share/controller_manager/package.xml
[0.594s] Listing '/home/joanne/bookros2_ws/install/controller_manager/lib/python3.8/site-packages/controller_manager'...
[0.614s] Invoked command in '/home/joanne/bookros2_ws/build/controller_manager' returned '0': AMENT_PREFIX_PATH=/home/joanne/bookros2_ws/install/controller_interface:/home/joanne/bookros2_ws/install/hardware_interface:/home/joanne/bookros2_ws/install/ros2_control_test_assets:/home/joanne/bookros2_ws/install/controller_manager_msgs:${AMENT_PREFIX_PATH} CMAKE_PREFIX_PATH=/home/joanne/bookros2_ws/install/controller_interface:/home/joanne/bookros2_ws/install/hardware_interface:/home/joanne/bookros2_ws/install/ros2_control_test_assets:/home/joanne/bookros2_ws/install/controller_manager_msgs:/opt/ros/foxy LD_LIBRARY_PATH=/home/joanne/bookros2_ws/install/controller_interface/lib:/home/joanne/bookros2_ws/install/hardware_interface/lib:/home/joanne/bookros2_ws/install/controller_manager_msgs/lib:${LD_LIBRARY_PATH} PYTHONPATH=/home/joanne/bookros2_ws/install/controller_manager_msgs/lib/python3.8/site-packages:${PYTHONPATH} /usr/bin/cmake --install /home/joanne/bookros2_ws/build/controller_manager
