[0.355s] Invoking command in '/home/joanne/bookros2_ws/build/br2_basics': CMAKE_PREFIX_PATH=${CMAKE_PREFIX_PATH}:/home/joanne/bookros2_ws/install/ros2controlcli:/home/joanne/bookros2_ws/install/launch_pal:/home/joanne/bookros2_ws/install/br2_fsm_bumpgo_py:/opt/ros/foxy /usr/bin/cmake --build /home/joanne/bookros2_ws/build/br2_basics -- -j8 -l8
[1.101s] [ 14%] Built target logger
[1.117s] [ 28%] Built target subscriber_class
[1.120s] [ 42%] Built target publisher
[1.128s] [ 57%] Built target publisher_class
[1.186s] [ 71%] Built target executors
[1.217s] [ 85%] Built target param_reader
[1.227s] [100%] Built target logger_class
[1.462s] Invoked command in '/home/joanne/bookros2_ws/build/br2_basics' returned '0': CMAKE_PREFIX_PATH=${CMAKE_PREFIX_PATH}:/home/joanne/bookros2_ws/install/ros2controlcli:/home/joanne/bookros2_ws/install/launch_pal:/home/joanne/bookros2_ws/install/br2_fsm_bumpgo_py:/opt/ros/foxy /usr/bin/cmake --build /home/joanne/bookros2_ws/build/br2_basics -- -j8 -l8
[1.479s] Invoking command in '/home/joanne/bookros2_ws/build/br2_basics': CMAKE_PREFIX_PATH=${CMAKE_PREFIX_PATH}:/home/joanne/bookros2_ws/install/ros2controlcli:/home/joanne/bookros2_ws/install/launch_pal:/home/joanne/bookros2_ws/install/br2_fsm_bumpgo_py:/opt/ros/foxy /usr/bin/cmake --install /home/joanne/bookros2_ws/build/br2_basics
[1.517s] -- Install configuration: ""
[1.517s] -- Execute custom install script
[1.519s] -- Up-to-date symlink: /home/joanne/bookros2_ws/install/br2_basics/lib/br2_basics/publisher
[1.519s] -- Up-to-date symlink: /home/joanne/bookros2_ws/install/br2_basics/lib/br2_basics/publisher_class
[1.520s] -- Up-to-date symlink: /home/joanne/bookros2_ws/install/br2_basics/lib/br2_basics/subscriber_class
[1.520s] -- Up-to-date symlink: /home/joanne/bookros2_ws/install/br2_basics/lib/br2_basics/executors
[1.523s] -- Up-to-date symlink: /home/joanne/bookros2_ws/install/br2_basics/lib/br2_basics/logger
[1.523s] -- Up-to-date symlink: /home/joanne/bookros2_ws/install/br2_basics/lib/br2_basics/logger_class
[1.523s] -- Up-to-date symlink: /home/joanne/bookros2_ws/install/br2_basics/lib/br2_basics/param_reader
[1.528s] -- Up-to-date symlink: /home/joanne/bookros2_ws/install/br2_basics/share/br2_basics/launch/includer_launch.py
[1.528s] -- Up-to-date symlink: /home/joanne/bookros2_ws/install/br2_basics/share/br2_basics/launch/param_node_v1_launch.py
[1.529s] -- Up-to-date symlink: /home/joanne/bookros2_ws/install/br2_basics/share/br2_basics/launch/param_node_v2_launch.py
[1.536s] -- Up-to-date symlink: /home/joanne/bookros2_ws/install/br2_basics/share/br2_basics/launch/pub_sub_v1_launch.py
[1.559s] -- Up-to-date symlink: /home/joanne/bookros2_ws/install/br2_basics/share/br2_basics/launch/pub_sub_v2_launch.py
[1.559s] -- Up-to-date symlink: /home/joanne/bookros2_ws/install/br2_basics/share/br2_basics/config/params.yaml
[1.560s] -- Up-to-date symlink: /home/joanne/bookros2_ws/install/br2_basics/share/br2_basics/launch/includer_launch.py
[1.560s] -- Up-to-date symlink: /home/joanne/bookros2_ws/install/br2_basics/share/br2_basics/launch/param_node_v1_launch.py
[1.560s] -- Up-to-date symlink: /home/joanne/bookros2_ws/install/br2_basics/share/br2_basics/launch/param_node_v2_launch.py
[1.560s] -- Up-to-date symlink: /home/joanne/bookros2_ws/install/br2_basics/share/br2_basics/launch/pub_sub_v1_launch.py
[1.560s] -- Up-to-date symlink: /home/joanne/bookros2_ws/install/br2_basics/share/br2_basics/launch/pub_sub_v2_launch.py
[1.561s] -- Up-to-date symlink: /home/joanne/bookros2_ws/install/br2_basics/share/ament_index/resource_index/package_run_dependencies/br2_basics
[1.561s] -- Up-to-date symlink: /home/joanne/bookros2_ws/install/br2_basics/share/ament_index/resource_index/parent_prefix_path/br2_basics
[1.561s] -- Up-to-date symlink: /home/joanne/bookros2_ws/install/br2_basics/share/br2_basics/environment/ament_prefix_path.sh
[1.564s] -- Up-to-date symlink: /home/joanne/bookros2_ws/install/br2_basics/share/br2_basics/environment/ament_prefix_path.dsv
[1.571s] -- Up-to-date symlink: /home/joanne/bookros2_ws/install/br2_basics/share/br2_basics/environment/path.sh
[1.577s] -- Up-to-date symlink: /home/joanne/bookros2_ws/install/br2_basics/share/br2_basics/environment/path.dsv
[1.578s] -- Up-to-date symlink: /home/joanne/bookros2_ws/install/br2_basics/share/br2_basics/local_setup.bash
[1.579s] -- Up-to-date symlink: /home/joanne/bookros2_ws/install/br2_basics/share/br2_basics/local_setup.sh
[1.580s] -- Up-to-date symlink: /home/joanne/bookros2_ws/install/br2_basics/share/br2_basics/local_setup.zsh
[1.582s] -- Up-to-date symlink: /home/joanne/bookros2_ws/install/br2_basics/share/br2_basics/local_setup.dsv
[1.583s] -- Symlinking: /home/joanne/bookros2_ws/install/br2_basics/share/br2_basics/package.dsv
[1.623s] -- Up-to-date symlink: /home/joanne/bookros2_ws/install/br2_basics/share/ament_index/resource_index/packages/br2_basics
[1.625s] -- Up-to-date symlink: /home/joanne/bookros2_ws/install/br2_basics/share/br2_basics/cmake/ament_cmake_export_dependencies-extras.cmake
[1.629s] -- Up-to-date symlink: /home/joanne/bookros2_ws/install/br2_basics/share/br2_basics/cmake/br2_basicsConfig.cmake
[1.630s] -- Up-to-date symlink: /home/joanne/bookros2_ws/install/br2_basics/share/br2_basics/cmake/br2_basicsConfig-version.cmake
[1.630s] -- Up-to-date symlink: /home/joanne/bookros2_ws/install/br2_basics/share/br2_basics/package.xml
[1.756s] Invoked command in '/home/joanne/bookros2_ws/build/br2_basics' returned '0': CMAKE_PREFIX_PATH=${CMAKE_PREFIX_PATH}:/home/joanne/bookros2_ws/install/ros2controlcli:/home/joanne/bookros2_ws/install/launch_pal:/home/joanne/bookros2_ws/install/br2_fsm_bumpgo_py:/opt/ros/foxy /usr/bin/cmake --install /home/joanne/bookros2_ws/build/br2_basics
