[0.377s] Invoking command in '/home/joanne/bookros2_ws/build/velocity_controllers': AMENT_PREFIX_PATH=/home/joanne/bookros2_ws/install/forward_command_controller:/home/joanne/bookros2_ws/install/controller_manager:/home/joanne/bookros2_ws/install/controller_interface:/home/joanne/bookros2_ws/install/hardware_interface:/home/joanne/bookros2_ws/install/ros2_control_test_assets:/home/joanne/bookros2_ws/install/controller_manager_msgs:${AMENT_PREFIX_PATH} CMAKE_PREFIX_PATH=/home/joanne/bookros2_ws/install/forward_command_controller:/home/joanne/bookros2_ws/install/controller_manager:/home/joanne/bookros2_ws/install/controller_interface:/home/joanne/bookros2_ws/install/hardware_interface:/home/joanne/bookros2_ws/install/ros2_control_test_assets:/home/joanne/bookros2_ws/install/controller_manager_msgs:/opt/ros/foxy LD_LIBRARY_PATH=/home/joanne/bookros2_ws/install/forward_command_controller/lib:/home/joanne/bookros2_ws/install/controller_manager/lib:/home/joanne/bookros2_ws/install/controller_interface/lib:/home/joanne/bookros2_ws/install/hardware_interface/lib:/home/joanne/bookros2_ws/install/controller_manager_msgs/lib:${LD_LIBRARY_PATH} PYTHONPATH=/home/joanne/bookros2_ws/install/controller_manager/lib/python3.8/site-packages:/home/joanne/bookros2_ws/install/controller_manager_msgs/lib/python3.8/site-packages:${PYTHONPATH} /usr/bin/cmake --build /home/joanne/bookros2_ws/build/velocity_controllers -- -j8 -l8
[0.504s] [ 27%] Built target gmock
[0.530s] [ 45%] Built target velocity_controllers
[0.538s] [ 63%] Built target gmock_main
[0.623s] [ 81%] Built target test_joint_group_velocity_controller
[0.645s] [100%] Built target test_load_joint_group_velocity_controller
[0.680s] Invoked command in '/home/joanne/bookros2_ws/build/velocity_controllers' returned '0': AMENT_PREFIX_PATH=/home/joanne/bookros2_ws/install/forward_command_controller:/home/joanne/bookros2_ws/install/controller_manager:/home/joanne/bookros2_ws/install/controller_interface:/home/joanne/bookros2_ws/install/hardware_interface:/home/joanne/bookros2_ws/install/ros2_control_test_assets:/home/joanne/bookros2_ws/install/controller_manager_msgs:${AMENT_PREFIX_PATH} CMAKE_PREFIX_PATH=/home/joanne/bookros2_ws/install/forward_command_controller:/home/joanne/bookros2_ws/install/controller_manager:/home/joanne/bookros2_ws/install/controller_interface:/home/joanne/bookros2_ws/install/hardware_interface:/home/joanne/bookros2_ws/install/ros2_control_test_assets:/home/joanne/bookros2_ws/install/controller_manager_msgs:/opt/ros/foxy LD_LIBRARY_PATH=/home/joanne/bookros2_ws/install/forward_command_controller/lib:/home/joanne/bookros2_ws/install/controller_manager/lib:/home/joanne/bookros2_ws/install/controller_interface/lib:/home/joanne/bookros2_ws/install/hardware_interface/lib:/home/joanne/bookros2_ws/install/controller_manager_msgs/lib:${LD_LIBRARY_PATH} PYTHONPATH=/home/joanne/bookros2_ws/install/controller_manager/lib/python3.8/site-packages:/home/joanne/bookros2_ws/install/controller_manager_msgs/lib/python3.8/site-packages:${PYTHONPATH} /usr/bin/cmake --build /home/joanne/bookros2_ws/build/velocity_controllers -- -j8 -l8
[0.685s] Invoking command in '/home/joanne/bookros2_ws/build/velocity_controllers': AMENT_PREFIX_PATH=/home/joanne/bookros2_ws/install/forward_command_controller:/home/joanne/bookros2_ws/install/controller_manager:/home/joanne/bookros2_ws/install/controller_interface:/home/joanne/bookros2_ws/install/hardware_interface:/home/joanne/bookros2_ws/install/ros2_control_test_assets:/home/joanne/bookros2_ws/install/controller_manager_msgs:${AMENT_PREFIX_PATH} CMAKE_PREFIX_PATH=/home/joanne/bookros2_ws/install/forward_command_controller:/home/joanne/bookros2_ws/install/controller_manager:/home/joanne/bookros2_ws/install/controller_interface:/home/joanne/bookros2_ws/install/hardware_interface:/home/joanne/bookros2_ws/install/ros2_control_test_assets:/home/joanne/bookros2_ws/install/controller_manager_msgs:/opt/ros/foxy LD_LIBRARY_PATH=/home/joanne/bookros2_ws/install/forward_command_controller/lib:/home/joanne/bookros2_ws/install/controller_manager/lib:/home/joanne/bookros2_ws/install/controller_interface/lib:/home/joanne/bookros2_ws/install/hardware_interface/lib:/home/joanne/bookros2_ws/install/controller_manager_msgs/lib:${LD_LIBRARY_PATH} PYTHONPATH=/home/joanne/bookros2_ws/install/controller_manager/lib/python3.8/site-packages:/home/joanne/bookros2_ws/install/controller_manager_msgs/lib/python3.8/site-packages:${PYTHONPATH} /usr/bin/cmake --install /home/joanne/bookros2_ws/build/velocity_controllers
[0.722s] -- Install configuration: ""
[0.722s] -- Execute custom install script
[0.722s] -- Up-to-date symlink: /home/joanne/bookros2_ws/install/velocity_controllers/share/velocity_controllers//velocity_controllers_plugins.xml
[0.724s] -- Up-to-date symlink: /home/joanne/bookros2_ws/install/velocity_controllers/include/velocity_controllers/joint_group_velocity_controller.hpp
[0.724s] -- Up-to-date symlink: /home/joanne/bookros2_ws/install/velocity_controllers/include/velocity_controllers/visibility_control.h
[0.725s] -- Up-to-date symlink: /home/joanne/bookros2_ws/install/velocity_controllers/lib/libvelocity_controllers.so
[0.725s] -- Up-to-date symlink: /home/joanne/bookros2_ws/install/velocity_controllers/share/velocity_controllers/environment/library_path.sh
[0.726s] -- Up-to-date symlink: /home/joanne/bookros2_ws/install/velocity_controllers/share/velocity_controllers/environment/library_path.dsv
[0.731s] -- Up-to-date symlink: /home/joanne/bookros2_ws/install/velocity_controllers/share/ament_index/resource_index/package_run_dependencies/velocity_controllers
[0.731s] -- Up-to-date symlink: /home/joanne/bookros2_ws/install/velocity_controllers/share/ament_index/resource_index/parent_prefix_path/velocity_controllers
[0.732s] -- Up-to-date symlink: /home/joanne/bookros2_ws/install/velocity_controllers/share/velocity_controllers/environment/ament_prefix_path.sh
[0.732s] -- Up-to-date symlink: /home/joanne/bookros2_ws/install/velocity_controllers/share/velocity_controllers/environment/ament_prefix_path.dsv
[0.732s] -- Up-to-date symlink: /home/joanne/bookros2_ws/install/velocity_controllers/share/velocity_controllers/environment/path.sh
[0.733s] -- Up-to-date symlink: /home/joanne/bookros2_ws/install/velocity_controllers/share/velocity_controllers/environment/path.dsv
[0.733s] -- Up-to-date symlink: /home/joanne/bookros2_ws/install/velocity_controllers/share/velocity_controllers/local_setup.bash
[0.734s] -- Up-to-date symlink: /home/joanne/bookros2_ws/install/velocity_controllers/share/velocity_controllers/local_setup.sh
[0.734s] -- Up-to-date symlink: /home/joanne/bookros2_ws/install/velocity_controllers/share/velocity_controllers/local_setup.zsh
[0.739s] -- Up-to-date symlink: /home/joanne/bookros2_ws/install/velocity_controllers/share/velocity_controllers/local_setup.dsv
[0.749s] -- Symlinking: /home/joanne/bookros2_ws/install/velocity_controllers/share/velocity_controllers/package.dsv
[0.764s] -- Up-to-date symlink: /home/joanne/bookros2_ws/install/velocity_controllers/share/ament_index/resource_index/packages/velocity_controllers
[0.764s] -- Up-to-date symlink: /home/joanne/bookros2_ws/install/velocity_controllers/share/ament_index/resource_index/controller_interface__pluginlib__plugin/velocity_controllers
[0.764s] -- Up-to-date symlink: /home/joanne/bookros2_ws/install/velocity_controllers/share/velocity_controllers/cmake/ament_cmake_export_dependencies-extras.cmake
[0.764s] -- Up-to-date symlink: /home/joanne/bookros2_ws/install/velocity_controllers/share/velocity_controllers/cmake/ament_cmake_export_include_directories-extras.cmake
[0.764s] -- Up-to-date symlink: /home/joanne/bookros2_ws/install/velocity_controllers/share/velocity_controllers/cmake/ament_cmake_export_libraries-extras.cmake
[0.764s] -- Up-to-date symlink: /home/joanne/bookros2_ws/install/velocity_controllers/share/velocity_controllers/cmake/velocity_controllersConfig.cmake
[0.764s] -- Up-to-date symlink: /home/joanne/bookros2_ws/install/velocity_controllers/share/velocity_controllers/cmake/velocity_controllersConfig-version.cmake
[0.764s] -- Up-to-date symlink: /home/joanne/bookros2_ws/install/velocity_controllers/share/velocity_controllers/package.xml
[0.789s] Invoked command in '/home/joanne/bookros2_ws/build/velocity_controllers' returned '0': AMENT_PREFIX_PATH=/home/joanne/bookros2_ws/install/forward_command_controller:/home/joanne/bookros2_ws/install/controller_manager:/home/joanne/bookros2_ws/install/controller_interface:/home/joanne/bookros2_ws/install/hardware_interface:/home/joanne/bookros2_ws/install/ros2_control_test_assets:/home/joanne/bookros2_ws/install/controller_manager_msgs:${AMENT_PREFIX_PATH} CMAKE_PREFIX_PATH=/home/joanne/bookros2_ws/install/forward_command_controller:/home/joanne/bookros2_ws/install/controller_manager:/home/joanne/bookros2_ws/install/controller_interface:/home/joanne/bookros2_ws/install/hardware_interface:/home/joanne/bookros2_ws/install/ros2_control_test_assets:/home/joanne/bookros2_ws/install/controller_manager_msgs:/opt/ros/foxy LD_LIBRARY_PATH=/home/joanne/bookros2_ws/install/forward_command_controller/lib:/home/joanne/bookros2_ws/install/controller_manager/lib:/home/joanne/bookros2_ws/install/controller_interface/lib:/home/joanne/bookros2_ws/install/hardware_interface/lib:/home/joanne/bookros2_ws/install/controller_manager_msgs/lib:${LD_LIBRARY_PATH} PYTHONPATH=/home/joanne/bookros2_ws/install/controller_manager/lib/python3.8/site-packages:/home/joanne/bookros2_ws/install/controller_manager_msgs/lib/python3.8/site-packages:${PYTHONPATH} /usr/bin/cmake --install /home/joanne/bookros2_ws/build/velocity_controllers
