[0.073s] Invoking command in '/home/joanne/bookros2_ws/build/br2_bt_patrolling': CMAKE_PREFIX_PATH=${CMAKE_PREFIX_PATH}:/home/joanne/bookros2_ws/install/ros2controlcli:/home/joanne/bookros2_ws/install/launch_pal:/home/joanne/bookros2_ws/install/br2_fsm_bumpgo_py:/opt/ros/foxy /usr/bin/cmake --build /home/joanne/bookros2_ws/build/br2_bt_patrolling -- -j8 -l8
[0.445s] [ 10%] Built target br2_recharge_bt_node
[0.497s] [ 20%] Built target br2_battery_checker_bt_node
[0.536s] [ 30%] Built target gtest
[0.575s] [ 40%] Built target gtest_main
[0.660s] [ 50%] Built target br2_patrol_bt_node
[0.723s] [ 60%] Built target br2_track_objects_bt_node
[0.804s] [ 70%] Built target br2_get_waypoint_bt_node
[0.861s] [ 80%] Built target br2_move_bt_node
[0.960s] [ 90%] Built target bt_action_test
[0.982s] [100%] Built target patrolling_main
[1.035s] Invoked command in '/home/joanne/bookros2_ws/build/br2_bt_patrolling' returned '0': CMAKE_PREFIX_PATH=${CMAKE_PREFIX_PATH}:/home/joanne/bookros2_ws/install/ros2controlcli:/home/joanne/bookros2_ws/install/launch_pal:/home/joanne/bookros2_ws/install/br2_fsm_bumpgo_py:/opt/ros/foxy /usr/bin/cmake --build /home/joanne/bookros2_ws/build/br2_bt_patrolling -- -j8 -l8
[1.088s] Invoking command in '/home/joanne/bookros2_ws/build/br2_bt_patrolling': CMAKE_PREFIX_PATH=${CMAKE_PREFIX_PATH}:/home/joanne/bookros2_ws/install/ros2controlcli:/home/joanne/bookros2_ws/install/launch_pal:/home/joanne/bookros2_ws/install/br2_fsm_bumpgo_py:/opt/ros/foxy /usr/bin/cmake --install /home/joanne/bookros2_ws/build/br2_bt_patrolling
[1.127s] -- Install configuration: "Debug"
[1.129s] -- Execute custom install script
[1.130s] -- Up-to-date symlink: /home/joanne/bookros2_ws/install/br2_bt_patrolling/lib/libbr2_recharge_bt_node.so
[1.131s] -- Up-to-date symlink: /home/joanne/bookros2_ws/install/br2_bt_patrolling/lib/libbr2_patrol_bt_node.so
[1.131s] -- Up-to-date symlink: /home/joanne/bookros2_ws/install/br2_bt_patrolling/lib/libbr2_move_bt_node.so
[1.132s] -- Up-to-date symlink: /home/joanne/bookros2_ws/install/br2_bt_patrolling/lib/libbr2_get_waypoint_bt_node.so
[1.132s] -- Up-to-date symlink: /home/joanne/bookros2_ws/install/br2_bt_patrolling/lib/libbr2_battery_checker_bt_node.so
[1.132s] -- Up-to-date symlink: /home/joanne/bookros2_ws/install/br2_bt_patrolling/lib/libbr2_track_objects_bt_node.so
[1.133s] -- Up-to-date symlink: /home/joanne/bookros2_ws/install/br2_bt_patrolling/lib/br2_bt_patrolling/patrolling_main
[1.134s] -- Up-to-date symlink: /home/joanne/bookros2_ws/install/br2_bt_patrolling/include//br2_bt_patrolling/BatteryChecker.hpp
[1.135s] -- Up-to-date symlink: /home/joanne/bookros2_ws/install/br2_bt_patrolling/include//br2_bt_patrolling/GetWaypoint.hpp
[1.136s] -- Up-to-date symlink: /home/joanne/bookros2_ws/install/br2_bt_patrolling/include//br2_bt_patrolling/Move.hpp
[1.136s] -- Up-to-date symlink: /home/joanne/bookros2_ws/install/br2_bt_patrolling/include//br2_bt_patrolling/Patrol.hpp
[1.138s] -- Up-to-date symlink: /home/joanne/bookros2_ws/install/br2_bt_patrolling/include//br2_bt_patrolling/Recharge.hpp
[1.141s] -- Up-to-date symlink: /home/joanne/bookros2_ws/install/br2_bt_patrolling/include//br2_bt_patrolling/TrackObjects.hpp
[1.143s] -- Up-to-date symlink: /home/joanne/bookros2_ws/install/br2_bt_patrolling/include//br2_bt_patrolling/ctrl_support/BTActionNode.hpp
[1.145s] -- Up-to-date symlink: /home/joanne/bookros2_ws/install/br2_bt_patrolling/include//br2_bt_patrolling/ctrl_support/BTLifecycleCtrlNode.hpp
[1.147s] -- Up-to-date symlink: /home/joanne/bookros2_ws/install/br2_bt_patrolling/share/br2_bt_patrolling/behavior_tree_xml/patrolling.xml
[1.148s] -- Up-to-date symlink: /home/joanne/bookros2_ws/install/br2_bt_patrolling/share/br2_bt_patrolling/launch/patrolling.launch.py
[1.149s] -- Up-to-date symlink: /home/joanne/bookros2_ws/install/br2_bt_patrolling/share/ament_index/resource_index/package_run_dependencies/br2_bt_patrolling
[1.151s] -- Up-to-date symlink: /home/joanne/bookros2_ws/install/br2_bt_patrolling/share/ament_index/resource_index/parent_prefix_path/br2_bt_patrolling
[1.151s] -- Up-to-date symlink: /home/joanne/bookros2_ws/install/br2_bt_patrolling/share/br2_bt_patrolling/environment/ament_prefix_path.sh
[1.152s] -- Up-to-date symlink: /home/joanne/bookros2_ws/install/br2_bt_patrolling/share/br2_bt_patrolling/environment/ament_prefix_path.dsv
[1.153s] -- Up-to-date symlink: /home/joanne/bookros2_ws/install/br2_bt_patrolling/share/br2_bt_patrolling/environment/path.sh
[1.153s] -- Up-to-date symlink: /home/joanne/bookros2_ws/install/br2_bt_patrolling/share/br2_bt_patrolling/environment/path.dsv
[1.154s] -- Up-to-date symlink: /home/joanne/bookros2_ws/install/br2_bt_patrolling/share/br2_bt_patrolling/local_setup.bash
[1.154s] -- Up-to-date symlink: /home/joanne/bookros2_ws/install/br2_bt_patrolling/share/br2_bt_patrolling/local_setup.sh
[1.155s] -- Up-to-date symlink: /home/joanne/bookros2_ws/install/br2_bt_patrolling/share/br2_bt_patrolling/local_setup.zsh
[1.155s] -- Up-to-date symlink: /home/joanne/bookros2_ws/install/br2_bt_patrolling/share/br2_bt_patrolling/local_setup.dsv
[1.156s] -- Symlinking: /home/joanne/bookros2_ws/install/br2_bt_patrolling/share/br2_bt_patrolling/package.dsv
[1.196s] -- Up-to-date symlink: /home/joanne/bookros2_ws/install/br2_bt_patrolling/share/ament_index/resource_index/packages/br2_bt_patrolling
[1.198s] -- Up-to-date symlink: /home/joanne/bookros2_ws/install/br2_bt_patrolling/share/br2_bt_patrolling/cmake/ament_cmake_export_include_directories-extras.cmake
[1.199s] -- Up-to-date symlink: /home/joanne/bookros2_ws/install/br2_bt_patrolling/share/br2_bt_patrolling/cmake/ament_cmake_export_dependencies-extras.cmake
[1.199s] -- Up-to-date symlink: /home/joanne/bookros2_ws/install/br2_bt_patrolling/share/br2_bt_patrolling/cmake/br2_bt_patrollingConfig.cmake
[1.199s] -- Up-to-date symlink: /home/joanne/bookros2_ws/install/br2_bt_patrolling/share/br2_bt_patrolling/cmake/br2_bt_patrollingConfig-version.cmake
[1.201s] -- Up-to-date symlink: /home/joanne/bookros2_ws/install/br2_bt_patrolling/share/br2_bt_patrolling/package.xml
[1.206s] Invoked command in '/home/joanne/bookros2_ws/build/br2_bt_patrolling' returned '0': CMAKE_PREFIX_PATH=${CMAKE_PREFIX_PATH}:/home/joanne/bookros2_ws/install/ros2controlcli:/home/joanne/bookros2_ws/install/launch_pal:/home/joanne/bookros2_ws/install/br2_fsm_bumpgo_py:/opt/ros/foxy /usr/bin/cmake --install /home/joanne/bookros2_ws/build/br2_bt_patrolling
