[0.063s] Invoking command in '/home/joanne/bookros2_ws/build/br2_tracking': AMENT_PREFIX_PATH=/home/joanne/bookros2_ws/install/br2_tracking_msgs:${AMENT_PREFIX_PATH} CMAKE_PREFIX_PATH=/home/joanne/bookros2_ws/install/br2_tracking_msgs:/opt/ros/foxy LD_LIBRARY_PATH=/home/joanne/bookros2_ws/install/br2_tracking_msgs/lib:${LD_LIBRARY_PATH} PYTHONPATH=/home/joanne/bookros2_ws/install/br2_tracking_msgs/lib/python3.8/site-packages:${PYTHONPATH} /usr/bin/cmake /home/joanne/bookros2_ws/src/book_ros2/br2_tracking -DCMAKE_INSTALL_PREFIX=/home/joanne/bookros2_ws/install/br2_tracking
[2.174s] -- The C compiler identification is GNU 9.4.0
[2.174s] -- The CXX compiler identification is GNU 9.4.0
[2.175s] -- Check for working C compiler: /usr/bin/cc
[2.175s] -- Check for working C compiler: /usr/bin/cc -- works
[2.175s] -- Detecting C compiler ABI info
[2.176s] -- Detecting C compiler ABI info - done
[2.177s] -- Detecting C compile features
[2.179s] -- Detecting C compile features - done
[2.180s] -- Check for working CXX compiler: /usr/bin/c++
[2.180s] -- Check for working CXX compiler: /usr/bin/c++ -- works
[2.180s] -- Detecting CXX compiler ABI info
[2.180s] -- Detecting CXX compiler ABI info - done
[2.180s] -- Detecting CXX compile features
[2.181s] -- Detecting CXX compile features - done
[2.181s] -- Found ament_cmake: 0.9.12 (/opt/ros/foxy/share/ament_cmake/cmake)
[2.181s] -- Found PythonInterp: /usr/bin/python3 (found suitable version "3.8.10", minimum required is "3") 
[2.181s] -- Using PYTHON_EXECUTABLE: /usr/bin/python3
[2.181s] -- Found rclcpp: 2.4.3 (/opt/ros/foxy/share/rclcpp/cmake)
[2.181s] -- Using all available rosidl_typesupport_c: rosidl_typesupport_fastrtps_c;rosidl_typesupport_introspection_c
[2.182s] -- Found rosidl_adapter: 1.3.1 (/opt/ros/foxy/share/rosidl_adapter/cmake)
[2.182s] -- Found OpenSSL: /usr/lib/x86_64-linux-gnu/libcrypto.so (found version "1.1.1f")  
[2.182s] -- Found FastRTPS: /opt/ros/foxy/include  
[2.182s] -- Using all available rosidl_typesupport_cpp: rosidl_typesupport_fastrtps_cpp;rosidl_typesupport_introspection_cpp
[2.242s] -- Found rmw_implementation_cmake: 1.0.4 (/opt/ros/foxy/share/rmw_implementation_cmake/cmake)
[2.245s] -- Using RMW implementation 'rmw_fastrtps_cpp' as default
[2.247s] -- Looking for pthread.h
[2.388s] -- Looking for pthread.h - found
[2.388s] -- Performing Test CMAKE_HAVE_LIBC_PTHREAD
[2.537s] -- Performing Test CMAKE_HAVE_LIBC_PTHREAD - Failed
[2.538s] -- Looking for pthread_create in pthreads
[2.649s] -- Looking for pthread_create in pthreads - not found
[2.650s] -- Looking for pthread_create in pthread
[2.779s] -- Looking for pthread_create in pthread - found
[2.782s] -- Found Threads: TRUE  
[3.207s] -- Found rclcpp_lifecycle: 2.4.3 (/opt/ros/foxy/share/rclcpp_lifecycle/cmake)
[3.294s] -- Found br2_tracking_msgs: 0.0.0 (/home/joanne/bookros2_ws/install/br2_tracking_msgs/share/br2_tracking_msgs/cmake)
[3.341s] -- Found sensor_msgs: 2.0.5 (/opt/ros/foxy/share/sensor_msgs/cmake)
[3.678s] -- Found vision_msgs: 2.0.0 (/opt/ros/foxy/share/vision_msgs/cmake)
[4.034s] -- Found control_msgs: 2.5.1 (/opt/ros/foxy/share/control_msgs/cmake)
[5.057s] -- Found image_transport: 2.4.0 (/opt/ros/foxy/share/image_transport/cmake)
[5.175s] -- Found cv_bridge: 3.0.7 (/opt/ros/foxy/share/cv_bridge/cmake)
[5.267s] -- Found OpenCV: /usr (found version "4.2.0") 
[5.529s] -- Found ament_lint_auto: 0.9.8 (/opt/ros/foxy/share/ament_lint_auto/cmake)
[5.695s] -- Found gtest sources under '/opt/ros/foxy/src/gtest_vendor': C++ tests using 'Google Test' will be built
[5.700s] -- Check if compiler accepts -pthread
[5.844s] -- Check if compiler accepts -pthread - yes
[5.949s] -- Added test 'copyright' to check source files copyright and LICENSE
[5.954s] -- Added test 'cppcheck' to perform static code analysis on C / C++ code
[5.956s] -- Configured cppcheck include dirs: /home/joanne/bookros2_ws/src/book_ros2/br2_tracking/include
[5.956s] -- Configured cppcheck exclude dirs and/or files: 
[5.959s] -- Added test 'cpplint' to check C / C++ code against the Google style
[5.960s] -- Configured cpplint exclude dirs and/or files: 
[5.962s] -- Added test 'flake8' to check Python code syntax and style conventions
[5.964s] -- Added test 'lint_cmake' to check CMake code style
[5.966s] -- Added test 'pep257' to check Python code against some of the style conventions in PEP 257
[5.970s] -- Added test 'uncrustify' to check C / C++ code style
[5.970s] -- Configured uncrustify additional arguments: 
[5.972s] -- Added test 'xmllint' to check XML markup files
[5.985s] -- Configuring done
[6.253s] -- Generating done
[6.424s] -- Build files have been written to: /home/joanne/bookros2_ws/build/br2_tracking
[6.465s] Invoked command in '/home/joanne/bookros2_ws/build/br2_tracking' returned '0': AMENT_PREFIX_PATH=/home/joanne/bookros2_ws/install/br2_tracking_msgs:${AMENT_PREFIX_PATH} CMAKE_PREFIX_PATH=/home/joanne/bookros2_ws/install/br2_tracking_msgs:/opt/ros/foxy LD_LIBRARY_PATH=/home/joanne/bookros2_ws/install/br2_tracking_msgs/lib:${LD_LIBRARY_PATH} PYTHONPATH=/home/joanne/bookros2_ws/install/br2_tracking_msgs/lib/python3.8/site-packages:${PYTHONPATH} /usr/bin/cmake /home/joanne/bookros2_ws/src/book_ros2/br2_tracking -DCMAKE_INSTALL_PREFIX=/home/joanne/bookros2_ws/install/br2_tracking
[6.466s] Invoking command in '/home/joanne/bookros2_ws/build/br2_tracking': AMENT_PREFIX_PATH=/home/joanne/bookros2_ws/install/br2_tracking_msgs:${AMENT_PREFIX_PATH} CMAKE_PREFIX_PATH=/home/joanne/bookros2_ws/install/br2_tracking_msgs:/opt/ros/foxy LD_LIBRARY_PATH=/home/joanne/bookros2_ws/install/br2_tracking_msgs/lib:${LD_LIBRARY_PATH} PYTHONPATH=/home/joanne/bookros2_ws/install/br2_tracking_msgs/lib/python3.8/site-packages:${PYTHONPATH} /usr/bin/cmake --build /home/joanne/bookros2_ws/build/br2_tracking -- -j8 -l8
[10.077s] [35m[1mScanning dependencies of target br2_tracking[0m
[10.077s] [  7%] [32mBuilding CXX object CMakeFiles/br2_tracking.dir/src/br2_tracking/ObjectDetector.cpp.o[0m
[18.902s] [ 14%] [32mBuilding CXX object CMakeFiles/br2_tracking.dir/src/br2_tracking/PIDController.cpp.o[0m
[20.067s] [ 21%] [32mBuilding CXX object CMakeFiles/br2_tracking.dir/src/br2_tracking/HeadController.cpp.o[0m
[34.840s] [ 28%] [32m[1mLinking CXX shared library libbr2_tracking.so[0m
[36.319s] [ 28%] Built target br2_tracking
[36.333s] [35m[1mScanning dependencies of target gtest_main[0m
[36.360s] [ 35%] [32mBuilding CXX object gtest/CMakeFiles/gtest_main.dir/src/gtest_main.cc.o[0m
[38.722s] [ 42%] [32m[1mLinking CXX static library libgtest_main.a[0m
[38.776s] [ 42%] Built target gtest_main
[38.793s] [35m[1mScanning dependencies of target object_tracker[0m
[38.874s] [ 50%] [32mBuilding CXX object CMakeFiles/object_tracker.dir/src/object_tracker_main.cpp.o[0m
[48.167s] [ 57%] [32m[1mLinking CXX executable object_tracker[0m
[49.447s] [ 57%] Built target object_tracker
[49.459s] [35m[1mScanning dependencies of target object_detector[0m
[49.510s] [ 64%] [32mBuilding CXX object CMakeFiles/object_detector.dir/src/object_detector_main.cpp.o[0m
[52.584s] [ 71%] [32m[1mLinking CXX executable object_detector[0m
[53.405s] [ 71%] Built target object_detector
[53.416s] [35m[1mScanning dependencies of target gtest[0m
[53.437s] [ 78%] [32mBuilding CXX object gtest/CMakeFiles/gtest.dir/src/gtest-all.cc.o[0m
[59.036s] [ 85%] [32m[1mLinking CXX static library libgtest.a[0m
[59.107s] [ 85%] Built target gtest
[59.120s] [35m[1mScanning dependencies of target pid_test[0m
[59.143s] [ 92%] [32mBuilding CXX object tests/CMakeFiles/pid_test.dir/pid_test.cpp.o[0m
[61.101s] [100%] [32m[1mLinking CXX executable pid_test[0m
[62.268s] [100%] Built target pid_test
[62.283s] Invoked command in '/home/joanne/bookros2_ws/build/br2_tracking' returned '0': AMENT_PREFIX_PATH=/home/joanne/bookros2_ws/install/br2_tracking_msgs:${AMENT_PREFIX_PATH} CMAKE_PREFIX_PATH=/home/joanne/bookros2_ws/install/br2_tracking_msgs:/opt/ros/foxy LD_LIBRARY_PATH=/home/joanne/bookros2_ws/install/br2_tracking_msgs/lib:${LD_LIBRARY_PATH} PYTHONPATH=/home/joanne/bookros2_ws/install/br2_tracking_msgs/lib/python3.8/site-packages:${PYTHONPATH} /usr/bin/cmake --build /home/joanne/bookros2_ws/build/br2_tracking -- -j8 -l8
[62.288s] Invoking command in '/home/joanne/bookros2_ws/build/br2_tracking': AMENT_PREFIX_PATH=/home/joanne/bookros2_ws/install/br2_tracking_msgs:${AMENT_PREFIX_PATH} CMAKE_PREFIX_PATH=/home/joanne/bookros2_ws/install/br2_tracking_msgs:/opt/ros/foxy LD_LIBRARY_PATH=/home/joanne/bookros2_ws/install/br2_tracking_msgs/lib:${LD_LIBRARY_PATH} PYTHONPATH=/home/joanne/bookros2_ws/install/br2_tracking_msgs/lib/python3.8/site-packages:${PYTHONPATH} /usr/bin/cmake --install /home/joanne/bookros2_ws/build/br2_tracking
[62.300s] -- Install configuration: "Debug"
[62.301s] -- Installing: /home/joanne/bookros2_ws/install/br2_tracking/lib/libbr2_tracking.so
[62.315s] -- Set runtime path of "/home/joanne/bookros2_ws/install/br2_tracking/lib/libbr2_tracking.so" to ""
[62.315s] -- Installing: /home/joanne/bookros2_ws/install/br2_tracking/lib/br2_tracking/object_detector
[62.316s] -- Set runtime path of "/home/joanne/bookros2_ws/install/br2_tracking/lib/br2_tracking/object_detector" to ""
[62.317s] -- Installing: /home/joanne/bookros2_ws/install/br2_tracking/lib/br2_tracking/object_tracker
[62.325s] -- Set runtime path of "/home/joanne/bookros2_ws/install/br2_tracking/lib/br2_tracking/object_tracker" to ""
[62.325s] -- Installing: /home/joanne/bookros2_ws/install/br2_tracking/include/include
[62.325s] -- Installing: /home/joanne/bookros2_ws/install/br2_tracking/include/include/br2_tracking
[62.325s] -- Installing: /home/joanne/bookros2_ws/install/br2_tracking/include/include/br2_tracking/PIDController.hpp
[62.326s] -- Installing: /home/joanne/bookros2_ws/install/br2_tracking/include/include/br2_tracking/ObjectDetector.hpp
[62.326s] -- Installing: /home/joanne/bookros2_ws/install/br2_tracking/include/include/br2_tracking/HeadController.hpp
[62.326s] -- Installing: /home/joanne/bookros2_ws/install/br2_tracking/share/br2_tracking/launch
[62.326s] -- Installing: /home/joanne/bookros2_ws/install/br2_tracking/share/br2_tracking/launch/tracking.launch.py
[62.326s] -- Installing: /home/joanne/bookros2_ws/install/br2_tracking/share/br2_tracking/config
[62.326s] -- Installing: /home/joanne/bookros2_ws/install/br2_tracking/share/br2_tracking/config/detector.yaml
[62.326s] -- Installing: /home/joanne/bookros2_ws/install/br2_tracking/share/br2_tracking/environment/library_path.sh
[62.327s] -- Installing: /home/joanne/bookros2_ws/install/br2_tracking/share/br2_tracking/environment/library_path.dsv
[62.327s] -- Installing: /home/joanne/bookros2_ws/install/br2_tracking/share/ament_index/resource_index/package_run_dependencies/br2_tracking
[62.327s] -- Installing: /home/joanne/bookros2_ws/install/br2_tracking/share/ament_index/resource_index/parent_prefix_path/br2_tracking
[62.327s] -- Installing: /home/joanne/bookros2_ws/install/br2_tracking/share/br2_tracking/environment/ament_prefix_path.sh
[62.327s] -- Installing: /home/joanne/bookros2_ws/install/br2_tracking/share/br2_tracking/environment/ament_prefix_path.dsv
[62.327s] -- Installing: /home/joanne/bookros2_ws/install/br2_tracking/share/br2_tracking/environment/path.sh
[62.328s] -- Installing: /home/joanne/bookros2_ws/install/br2_tracking/share/br2_tracking/environment/path.dsv
[62.328s] -- Installing: /home/joanne/bookros2_ws/install/br2_tracking/share/br2_tracking/local_setup.bash
[62.328s] -- Installing: /home/joanne/bookros2_ws/install/br2_tracking/share/br2_tracking/local_setup.sh
[62.328s] -- Installing: /home/joanne/bookros2_ws/install/br2_tracking/share/br2_tracking/local_setup.zsh
[62.328s] -- Installing: /home/joanne/bookros2_ws/install/br2_tracking/share/br2_tracking/local_setup.dsv
[62.329s] -- Installing: /home/joanne/bookros2_ws/install/br2_tracking/share/br2_tracking/package.dsv
[62.329s] -- Installing: /home/joanne/bookros2_ws/install/br2_tracking/share/ament_index/resource_index/packages/br2_tracking
[62.329s] -- Installing: /home/joanne/bookros2_ws/install/br2_tracking/share/br2_tracking/cmake/ament_cmake_export_include_directories-extras.cmake
[62.329s] -- Installing: /home/joanne/bookros2_ws/install/br2_tracking/share/br2_tracking/cmake/ament_cmake_export_libraries-extras.cmake
[62.329s] -- Installing: /home/joanne/bookros2_ws/install/br2_tracking/share/br2_tracking/cmake/ament_cmake_export_dependencies-extras.cmake
[62.329s] -- Installing: /home/joanne/bookros2_ws/install/br2_tracking/share/br2_tracking/cmake/br2_trackingConfig.cmake
[62.330s] -- Installing: /home/joanne/bookros2_ws/install/br2_tracking/share/br2_tracking/cmake/br2_trackingConfig-version.cmake
[62.330s] -- Installing: /home/joanne/bookros2_ws/install/br2_tracking/share/br2_tracking/package.xml
[62.333s] Invoked command in '/home/joanne/bookros2_ws/build/br2_tracking' returned '0': AMENT_PREFIX_PATH=/home/joanne/bookros2_ws/install/br2_tracking_msgs:${AMENT_PREFIX_PATH} CMAKE_PREFIX_PATH=/home/joanne/bookros2_ws/install/br2_tracking_msgs:/opt/ros/foxy LD_LIBRARY_PATH=/home/joanne/bookros2_ws/install/br2_tracking_msgs/lib:${LD_LIBRARY_PATH} PYTHONPATH=/home/joanne/bookros2_ws/install/br2_tracking_msgs/lib/python3.8/site-packages:${PYTHONPATH} /usr/bin/cmake --install /home/joanne/bookros2_ws/build/br2_tracking
