[0.020s] Invoking command in '/home/joanne/bookros2_ws/build/br2_tracking_msgs': CMAKE_PREFIX_PATH=/opt/ros/foxy /usr/bin/cmake /home/joanne/bookros2_ws/src/book_ros2/br2_tracking_msgs -DAMENT_CMAKE_SYMLINK_INSTALL=1 -DCMAKE_INSTALL_PREFIX=/home/joanne/bookros2_ws/install/br2_tracking_msgs
[0.253s] -- Found ament_cmake: 0.9.12 (/opt/ros/foxy/share/ament_cmake/cmake)
[0.253s] -- Found PythonInterp: /usr/bin/python3 (found suitable version "3.8.10", minimum required is "3") 
[0.253s] -- Using PYTHON_EXECUTABLE: /usr/bin/python3
[0.380s] -- Override CMake install command with custom implementation using symlinks instead of copying resources
[0.389s] -- Found builtin_interfaces: 1.0.0 (/opt/ros/foxy/share/builtin_interfaces/cmake)
[0.423s] -- Using all available rosidl_typesupport_c: rosidl_typesupport_fastrtps_c;rosidl_typesupport_introspection_c
[0.430s] -- Found rosidl_adapter: 1.3.1 (/opt/ros/foxy/share/rosidl_adapter/cmake)
[0.641s] -- Using all available rosidl_typesupport_cpp: rosidl_typesupport_fastrtps_cpp;rosidl_typesupport_introspection_cpp
[0.685s] -- Found rosidl_default_generators: 1.0.1 (/opt/ros/foxy/share/rosidl_default_generators/cmake)
[0.733s] -- Found PythonInterp: /usr/bin/python3 (found version "3.8.10") 
[0.987s] -- Found ament_cmake_ros: 0.9.2 (/opt/ros/foxy/share/ament_cmake_ros/cmake)
[1.218s] -- Using all available rosidl_typesupport_c: rosidl_typesupport_fastrtps_c;rosidl_typesupport_introspection_c
[1.243s] -- Using all available rosidl_typesupport_cpp: rosidl_typesupport_fastrtps_cpp;rosidl_typesupport_introspection_cpp
[1.289s] -- Found PythonInterp: /usr/bin/python3 (found suitable version "3.8.10", minimum required is "3.5") 
[1.290s] -- Found python_cmake_module: 0.8.1 (/opt/ros/foxy/share/python_cmake_module/cmake)
[1.332s] -- Using PYTHON_EXECUTABLE: /usr/bin/python3
[1.332s] -- Using PYTHON_INCLUDE_DIRS: /usr/include/python3.8
[1.332s] -- Using PYTHON_LIBRARIES: /usr/lib/x86_64-linux-gnu/libpython3.8.so
[1.425s] -- Configuring done
[1.569s] -- Generating done
[1.592s] -- Build files have been written to: /home/joanne/bookros2_ws/build/br2_tracking_msgs
[1.608s] Invoked command in '/home/joanne/bookros2_ws/build/br2_tracking_msgs' returned '0': CMAKE_PREFIX_PATH=/opt/ros/foxy /usr/bin/cmake /home/joanne/bookros2_ws/src/book_ros2/br2_tracking_msgs -DAMENT_CMAKE_SYMLINK_INSTALL=1 -DCMAKE_INSTALL_PREFIX=/home/joanne/bookros2_ws/install/br2_tracking_msgs
[1.612s] Invoking command in '/home/joanne/bookros2_ws/build/br2_tracking_msgs': CMAKE_PREFIX_PATH=/opt/ros/foxy /usr/bin/cmake --build /home/joanne/bookros2_ws/build/br2_tracking_msgs -- -j8 -l8
[1.808s] [  3%] Built target br2_tracking_msgs__cpp
[1.811s] [ 12%] Built target br2_tracking_msgs__rosidl_generator_c
[1.812s] [ 22%] Built target br2_tracking_msgs__rosidl_typesupport_cpp
[1.812s] [ 25%] [32m[1mLinking CXX shared library libbr2_tracking_msgs__rosidl_typesupport_fastrtps_cpp.so[0m
[1.812s] [ 35%] Built target br2_tracking_msgs__rosidl_typesupport_introspection_cpp
[1.812s] [ 45%] Built target br2_tracking_msgs__rosidl_typesupport_c
[1.812s] [ 54%] Built target br2_tracking_msgs__rosidl_typesupport_introspection_c
[1.932s] [ 61%] Built target br2_tracking_msgs__rosidl_typesupport_fastrtps_cpp
[1.986s] [ 64%] [32m[1mLinking CXX shared library libbr2_tracking_msgs__rosidl_typesupport_fastrtps_c.so[0m
[2.385s] [ 70%] Built target br2_tracking_msgs__rosidl_typesupport_fastrtps_c
[2.558s] [ 70%] Built target br2_tracking_msgs
[2.690s] [ 74%] Built target br2_tracking_msgs__py
[2.961s] [ 77%] [32m[1mLinking C shared library rosidl_generator_py/br2_tracking_msgs/libbr2_tracking_msgs__python.so[0m
[3.164s] [ 80%] Built target br2_tracking_msgs__python
[3.287s] [ 83%] [32m[1mLinking CXX shared library rosidl_generator_py/br2_tracking_msgs/br2_tracking_msgs_s__rosidl_typesupport_fastrtps_c.cpython-38-x86_64-linux-gnu.so[0m
[3.303s] [ 87%] [32m[1mLinking C shared library rosidl_generator_py/br2_tracking_msgs/br2_tracking_msgs_s__rosidl_typesupport_c.cpython-38-x86_64-linux-gnu.so[0m
[3.346s] [ 90%] [32m[1mLinking C shared library rosidl_generator_py/br2_tracking_msgs/br2_tracking_msgs_s__rosidl_typesupport_introspection_c.cpython-38-x86_64-linux-gnu.so[0m
[3.421s] [ 93%] Built target br2_tracking_msgs__rosidl_typesupport_c__pyext
[3.444s] [ 96%] Built target br2_tracking_msgs__rosidl_typesupport_introspection_c__pyext
[3.501s] [100%] Built target br2_tracking_msgs__rosidl_typesupport_fastrtps_c__pyext
[3.535s] Invoked command in '/home/joanne/bookros2_ws/build/br2_tracking_msgs' returned '0': CMAKE_PREFIX_PATH=/opt/ros/foxy /usr/bin/cmake --build /home/joanne/bookros2_ws/build/br2_tracking_msgs -- -j8 -l8
[3.537s] Invoking command in '/home/joanne/bookros2_ws/build/br2_tracking_msgs': CMAKE_PREFIX_PATH=/opt/ros/foxy /usr/bin/cmake --install /home/joanne/bookros2_ws/build/br2_tracking_msgs
[3.592s] -- Install configuration: ""
[3.592s] -- Execute custom install script
[3.592s] -- Symlinking: /home/joanne/bookros2_ws/install/br2_tracking_msgs/share/ament_index/resource_index/rosidl_interfaces/br2_tracking_msgs
[3.592s] -- Symlinking: /home/joanne/bookros2_ws/install/br2_tracking_msgs/include/br2_tracking_msgs/msg/detail/pan_tilt_command__functions.h
[3.594s] -- Symlinking: /home/joanne/bookros2_ws/install/br2_tracking_msgs/include/br2_tracking_msgs/msg/detail/pan_tilt_command__struct.h
[3.627s] -- Symlinking: /home/joanne/bookros2_ws/install/br2_tracking_msgs/include/br2_tracking_msgs/msg/detail/pan_tilt_command__type_support.h
[3.644s] -- Symlinking: /home/joanne/bookros2_ws/install/br2_tracking_msgs/include/br2_tracking_msgs/msg/pan_tilt_command.h
[3.661s] -- Symlinking: /home/joanne/bookros2_ws/install/br2_tracking_msgs/include/br2_tracking_msgs/msg/rosidl_generator_c__visibility_control.h
[3.678s] -- Symlinking: /home/joanne/bookros2_ws/install/br2_tracking_msgs/share/br2_tracking_msgs/environment/library_path.sh
[3.692s] -- Symlinking: /home/joanne/bookros2_ws/install/br2_tracking_msgs/share/br2_tracking_msgs/environment/library_path.dsv
[3.721s] -- Symlinking: /home/joanne/bookros2_ws/install/br2_tracking_msgs/include/br2_tracking_msgs/msg/detail/pan_tilt_command__rosidl_typesupport_fastrtps_c.h
[3.745s] -- Symlinking: /home/joanne/bookros2_ws/install/br2_tracking_msgs/include/br2_tracking_msgs/msg/rosidl_typesupport_fastrtps_c__visibility_control.h
[3.765s] -- Symlinking: /home/joanne/bookros2_ws/install/br2_tracking_msgs/lib/libbr2_tracking_msgs__rosidl_typesupport_fastrtps_c.so
[3.791s] -- Symlinking: /home/joanne/bookros2_ws/install/br2_tracking_msgs/include/br2_tracking_msgs/msg/detail/pan_tilt_command__rosidl_typesupport_fastrtps_cpp.hpp
[3.817s] -- Symlinking: /home/joanne/bookros2_ws/install/br2_tracking_msgs/include/br2_tracking_msgs/msg/rosidl_typesupport_fastrtps_cpp__visibility_control.h
[3.855s] -- Symlinking: /home/joanne/bookros2_ws/install/br2_tracking_msgs/lib/libbr2_tracking_msgs__rosidl_typesupport_fastrtps_cpp.so
[3.897s] -- Symlinking: /home/joanne/bookros2_ws/install/br2_tracking_msgs/include/br2_tracking_msgs/msg/detail/pan_tilt_command__rosidl_typesupport_introspection_c.h
[3.917s] -- Symlinking: /home/joanne/bookros2_ws/install/br2_tracking_msgs/include/br2_tracking_msgs/msg/rosidl_typesupport_introspection_c__visibility_control.h
[3.947s] -- Symlinking: /home/joanne/bookros2_ws/install/br2_tracking_msgs/include/br2_tracking_msgs/msg/detail/pan_tilt_command__builder.hpp
[3.989s] -- Symlinking: /home/joanne/bookros2_ws/install/br2_tracking_msgs/include/br2_tracking_msgs/msg/detail/pan_tilt_command__struct.hpp
[4.024s] -- Symlinking: /home/joanne/bookros2_ws/install/br2_tracking_msgs/include/br2_tracking_msgs/msg/detail/pan_tilt_command__traits.hpp
[4.069s] -- Symlinking: /home/joanne/bookros2_ws/install/br2_tracking_msgs/include/br2_tracking_msgs/msg/detail/pan_tilt_command__type_support.hpp
[4.126s] -- Symlinking: /home/joanne/bookros2_ws/install/br2_tracking_msgs/include/br2_tracking_msgs/msg/pan_tilt_command.hpp
[4.157s] -- Symlinking: /home/joanne/bookros2_ws/install/br2_tracking_msgs/include/br2_tracking_msgs/msg/rosidl_generator_cpp__visibility_control.hpp
[4.182s] -- Symlinking: /home/joanne/bookros2_ws/install/br2_tracking_msgs/include/br2_tracking_msgs/msg/detail/pan_tilt_command__rosidl_typesupport_introspection_cpp.hpp
[4.231s] -- Symlinking: /home/joanne/bookros2_ws/install/br2_tracking_msgs/share/br2_tracking_msgs/environment/pythonpath.sh
[4.269s] -- Symlinking: /home/joanne/bookros2_ws/install/br2_tracking_msgs/share/br2_tracking_msgs/environment/pythonpath.dsv
[4.308s] -- Symlinking: /home/joanne/bookros2_ws/install/br2_tracking_msgs/lib/python3.8/site-packages/br2_tracking_msgs/__init__.py
[4.352s] -- Symlinking: /home/joanne/bookros2_ws/install/br2_tracking_msgs/lib/python3.8/site-packages/br2_tracking_msgs/msg/__init__.py
[4.389s] -- Symlinking: /home/joanne/bookros2_ws/install/br2_tracking_msgs/lib/python3.8/site-packages/br2_tracking_msgs/msg/_pan_tilt_command.py
[4.422s] -- Symlinking: /home/joanne/bookros2_ws/install/br2_tracking_msgs/lib/python3.8/site-packages/br2_tracking_msgs/br2_tracking_msgs_s__rosidl_typesupport_fastrtps_c.cpython-38-x86_64-linux-gnu.so
[4.466s] -- Symlinking: /home/joanne/bookros2_ws/install/br2_tracking_msgs/lib/python3.8/site-packages/br2_tracking_msgs/br2_tracking_msgs_s__rosidl_typesupport_introspection_c.cpython-38-x86_64-linux-gnu.so
[4.498s] -- Symlinking: /home/joanne/bookros2_ws/install/br2_tracking_msgs/lib/python3.8/site-packages/br2_tracking_msgs/br2_tracking_msgs_s__rosidl_typesupport_c.cpython-38-x86_64-linux-gnu.so
[4.521s] -- Symlinking: /home/joanne/bookros2_ws/install/br2_tracking_msgs/lib/libbr2_tracking_msgs__python.so
[4.578s] -- Symlinking: /home/joanne/bookros2_ws/install/br2_tracking_msgs/share/br2_tracking_msgs/msg/PanTiltCommand.idl
[4.650s] -- Symlinking: /home/joanne/bookros2_ws/install/br2_tracking_msgs/share/br2_tracking_msgs/msg/PanTiltCommand.msg
[4.698s] -- Symlinking: /home/joanne/bookros2_ws/install/br2_tracking_msgs/share/ament_index/resource_index/package_run_dependencies/br2_tracking_msgs
[4.740s] -- Symlinking: /home/joanne/bookros2_ws/install/br2_tracking_msgs/share/ament_index/resource_index/parent_prefix_path/br2_tracking_msgs
[4.782s] -- Symlinking: /home/joanne/bookros2_ws/install/br2_tracking_msgs/share/br2_tracking_msgs/environment/ament_prefix_path.sh
[4.813s] -- Symlinking: /home/joanne/bookros2_ws/install/br2_tracking_msgs/share/br2_tracking_msgs/environment/ament_prefix_path.dsv
[4.850s] -- Symlinking: /home/joanne/bookros2_ws/install/br2_tracking_msgs/share/br2_tracking_msgs/environment/path.sh
[4.887s] -- Symlinking: /home/joanne/bookros2_ws/install/br2_tracking_msgs/share/br2_tracking_msgs/environment/path.dsv
[4.920s] -- Symlinking: /home/joanne/bookros2_ws/install/br2_tracking_msgs/share/br2_tracking_msgs/local_setup.bash
[4.969s] -- Symlinking: /home/joanne/bookros2_ws/install/br2_tracking_msgs/share/br2_tracking_msgs/local_setup.sh
[5.006s] -- Symlinking: /home/joanne/bookros2_ws/install/br2_tracking_msgs/share/br2_tracking_msgs/local_setup.zsh
[5.057s] -- Symlinking: /home/joanne/bookros2_ws/install/br2_tracking_msgs/share/br2_tracking_msgs/local_setup.dsv
[5.110s] -- Symlinking: /home/joanne/bookros2_ws/install/br2_tracking_msgs/share/br2_tracking_msgs/package.dsv
[5.159s] -- Symlinking: /home/joanne/bookros2_ws/install/br2_tracking_msgs/share/ament_index/resource_index/packages/br2_tracking_msgs
[5.198s] -- Symlinking: /home/joanne/bookros2_ws/install/br2_tracking_msgs/share/br2_tracking_msgs/cmake/rosidl_cmake-extras.cmake
[5.269s] -- Symlinking: /home/joanne/bookros2_ws/install/br2_tracking_msgs/share/br2_tracking_msgs/cmake/ament_cmake_export_dependencies-extras.cmake
[5.307s] -- Symlinking: /home/joanne/bookros2_ws/install/br2_tracking_msgs/share/br2_tracking_msgs/cmake/ament_cmake_export_libraries-extras.cmake
[5.364s] -- Symlinking: /home/joanne/bookros2_ws/install/br2_tracking_msgs/share/br2_tracking_msgs/cmake/ament_cmake_export_targets-extras.cmake
[5.398s] -- Symlinking: /home/joanne/bookros2_ws/install/br2_tracking_msgs/share/br2_tracking_msgs/cmake/ament_cmake_export_include_directories-extras.cmake
[5.438s] -- Symlinking: /home/joanne/bookros2_ws/install/br2_tracking_msgs/share/br2_tracking_msgs/cmake/rosidl_cmake_export_typesupport_libraries-extras.cmake
[5.482s] -- Symlinking: /home/joanne/bookros2_ws/install/br2_tracking_msgs/share/br2_tracking_msgs/cmake/rosidl_cmake_export_typesupport_targets-extras.cmake
[5.522s] -- Symlinking: /home/joanne/bookros2_ws/install/br2_tracking_msgs/share/br2_tracking_msgs/cmake/br2_tracking_msgsConfig.cmake
[5.547s] -- Symlinking: /home/joanne/bookros2_ws/install/br2_tracking_msgs/share/br2_tracking_msgs/cmake/br2_tracking_msgsConfig-version.cmake
[5.597s] -- Symlinking: /home/joanne/bookros2_ws/install/br2_tracking_msgs/share/br2_tracking_msgs/package.xml
[5.633s] -- Up-to-date: /home/joanne/bookros2_ws/install/br2_tracking_msgs/lib/libbr2_tracking_msgs__rosidl_generator_c.so
[5.634s] -- Up-to-date: /home/joanne/bookros2_ws/install/br2_tracking_msgs/lib/libbr2_tracking_msgs__rosidl_typesupport_introspection_c.so
[5.635s] -- Up-to-date: /home/joanne/bookros2_ws/install/br2_tracking_msgs/lib/libbr2_tracking_msgs__rosidl_typesupport_c.so
[5.636s] -- Up-to-date: /home/joanne/bookros2_ws/install/br2_tracking_msgs/lib/libbr2_tracking_msgs__rosidl_typesupport_introspection_cpp.so
[5.637s] -- Up-to-date: /home/joanne/bookros2_ws/install/br2_tracking_msgs/lib/libbr2_tracking_msgs__rosidl_typesupport_cpp.so
[5.751s] Compiling '/home/joanne/bookros2_ws/install/br2_tracking_msgs/lib/python3.8/site-packages/br2_tracking_msgs/__init__.py'...
[5.767s] -- Up-to-date: /home/joanne/bookros2_ws/install/br2_tracking_msgs/share/br2_tracking_msgs/cmake/br2_tracking_msgs__rosidl_generator_cExport.cmake
[5.767s] -- Installing: /home/joanne/bookros2_ws/install/br2_tracking_msgs/share/br2_tracking_msgs/cmake/br2_tracking_msgs__rosidl_generator_cExport-noconfig.cmake
[5.767s] -- Up-to-date: /home/joanne/bookros2_ws/install/br2_tracking_msgs/share/br2_tracking_msgs/cmake/br2_tracking_msgs__rosidl_typesupport_introspection_cExport.cmake
[5.767s] -- Installing: /home/joanne/bookros2_ws/install/br2_tracking_msgs/share/br2_tracking_msgs/cmake/br2_tracking_msgs__rosidl_typesupport_introspection_cExport-noconfig.cmake
[5.768s] -- Up-to-date: /home/joanne/bookros2_ws/install/br2_tracking_msgs/share/br2_tracking_msgs/cmake/br2_tracking_msgs__rosidl_typesupport_cExport.cmake
[5.768s] -- Installing: /home/joanne/bookros2_ws/install/br2_tracking_msgs/share/br2_tracking_msgs/cmake/br2_tracking_msgs__rosidl_typesupport_cExport-noconfig.cmake
[5.768s] -- Up-to-date: /home/joanne/bookros2_ws/install/br2_tracking_msgs/share/br2_tracking_msgs/cmake/br2_tracking_msgs__rosidl_generator_cppExport.cmake
[5.768s] -- Up-to-date: /home/joanne/bookros2_ws/install/br2_tracking_msgs/share/br2_tracking_msgs/cmake/br2_tracking_msgs__rosidl_typesupport_introspection_cppExport.cmake
[5.769s] -- Installing: /home/joanne/bookros2_ws/install/br2_tracking_msgs/share/br2_tracking_msgs/cmake/br2_tracking_msgs__rosidl_typesupport_introspection_cppExport-noconfig.cmake
[5.769s] -- Up-to-date: /home/joanne/bookros2_ws/install/br2_tracking_msgs/share/br2_tracking_msgs/cmake/br2_tracking_msgs__rosidl_typesupport_cppExport.cmake
[5.769s] -- Installing: /home/joanne/bookros2_ws/install/br2_tracking_msgs/share/br2_tracking_msgs/cmake/br2_tracking_msgs__rosidl_typesupport_cppExport-noconfig.cmake
[5.782s] Invoked command in '/home/joanne/bookros2_ws/build/br2_tracking_msgs' returned '0': CMAKE_PREFIX_PATH=/opt/ros/foxy /usr/bin/cmake --install /home/joanne/bookros2_ws/build/br2_tracking_msgs
