[01m[K/home/joanne/bookros2_ws/src/book_ros2/br2_fsm_bumpgo_cpp/src/br2_fsm_bumpgo_cpp/BumpGoNode.cpp:[m[K In member function ‘[01m[Kbool br2_fsm_bumpgo_cpp::BumpGoNode::check_turnleftright_2_forward()[m[K’:
[01m[K/home/joanne/bookros2_ws/src/book_ros2/br2_fsm_bumpgo_cpp/src/br2_fsm_bumpgo_cpp/BumpGoNode.cpp:258:49:[m[K [01;31m[Kerror: [m[K‘[01m[Kturn_time[m[K’ was not declared in this scope
  258 |   return (now() - state_ts_) > rclcpp::Duration{[01;31m[Kturn_time[m[K};
      |                                                 [01;31m[K^~~~~~~~~[m[K
[01m[K/home/joanne/bookros2_ws/src/book_ros2/br2_fsm_bumpgo_cpp/src/br2_fsm_bumpgo_cpp/BumpGoNode.cpp:258:58:[m[K [01;31m[Kerror: [m[Kno matching function for call to ‘[01m[Krclcpp::Duration::Duration(<brace-enclosed initializer list>)[m[K’
  258 |   return (now() - state_ts_) > rclcpp::Duration{turn_time[01;31m[K}[m[K;
      |                                                          [01;31m[K^[m[K
In file included from [01m[K/opt/ros/foxy/include/rclcpp/qos.hpp:20[m[K,
                 from [01m[K/opt/ros/foxy/include/rclcpp/node_interfaces/node_graph_interface.hpp:31[m[K,
                 from [01m[K/opt/ros/foxy/include/rclcpp/client.hpp:34[m[K,
                 from [01m[K/opt/ros/foxy/include/rclcpp/callback_group.hpp:23[m[K,
                 from [01m[K/opt/ros/foxy/include/rclcpp/any_executable.hpp:20[m[K,
                 from [01m[K/opt/ros/foxy/include/rclcpp/memory_strategy.hpp:24[m[K,
                 from [01m[K/opt/ros/foxy/include/rclcpp/memory_strategies.hpp:18[m[K,
                 from [01m[K/opt/ros/foxy/include/rclcpp/executor_options.hpp:20[m[K,
                 from [01m[K/opt/ros/foxy/include/rclcpp/executor.hpp:33[m[K,
                 from [01m[K/opt/ros/foxy/include/rclcpp/executors/multi_threaded_executor.hpp:26[m[K,
                 from [01m[K/opt/ros/foxy/include/rclcpp/executors.hpp:21[m[K,
                 from [01m[K/opt/ros/foxy/include/rclcpp/rclcpp.hpp:146[m[K,
                 from [01m[K/home/joanne/bookros2_ws/src/book_ros2/br2_fsm_bumpgo_cpp/include/br2_fsm_bumpgo_cpp/BumpGoNode.hpp:21[m[K,
                 from [01m[K/home/joanne/bookros2_ws/src/book_ros2/br2_fsm_bumpgo_cpp/src/br2_fsm_bumpgo_cpp/BumpGoNode.cpp:16[m[K:
[01m[K/opt/ros/foxy/include/rclcpp/duration.hpp:64:3:[m[K [01;36m[Knote: [m[Kcandidate: ‘[01m[Krclcpp::Duration::Duration(const rclcpp::Duration&)[m[K’
   64 |   [01;36m[KDuration[m[K(const Duration & rhs);
      |   [01;36m[K^~~~~~~~[m[K
[01m[K/opt/ros/foxy/include/rclcpp/duration.hpp:64:3:[m[K [01;36m[Knote: [m[K  conversion of argument 1 would be ill-formed:
[01m[K/opt/ros/foxy/include/rclcpp/duration.hpp:62:12:[m[K [01;36m[Knote: [m[Kcandidate: ‘[01m[Krclcpp::Duration::Duration(const rcl_duration_t&)[m[K’
   62 |   explicit [01;36m[KDuration[m[K(const rcl_duration_t & duration);
      |            [01;36m[K^~~~~~~~[m[K
[01m[K/opt/ros/foxy/include/rclcpp/duration.hpp:62:12:[m[K [01;36m[Knote: [m[K  conversion of argument 1 would be ill-formed:
[01m[K/opt/ros/foxy/include/rclcpp/duration.hpp:56:3:[m[K [01;36m[Knote: [m[Kcandidate: ‘[01m[Krclcpp::Duration::Duration(const Duration&)[m[K’
   56 |   [01;36m[KDuration[m[K(const builtin_interfaces::msg::Duration & duration_msg);  // NOLINT(runtime/explicit)
      |   [01;36m[K^~~~~~~~[m[K
[01m[K/opt/ros/foxy/include/rclcpp/duration.hpp:56:3:[m[K [01;36m[Knote: [m[K  conversion of argument 1 would be ill-formed:
[01m[K/opt/ros/foxy/include/rclcpp/duration.hpp:51:3:[m[K [01;36m[Knote: [m[Kcandidate: ‘[01m[Ktemplate<class Rep, class Period> rclcpp::Duration::Duration(const std::chrono::duration<_Rep1, _Period1>&)[m[K’
   51 |   [01;36m[KDuration[m[K(const std::chrono::duration<Rep, Period> & duration)  // NOLINT(runtime/explicit)
      |   [01;36m[K^~~~~~~~[m[K
[01m[K/opt/ros/foxy/include/rclcpp/duration.hpp:51:3:[m[K [01;36m[Knote: [m[K  template argument deduction/substitution failed:
[01m[K/opt/ros/foxy/include/rclcpp/duration.hpp:45:12:[m[K [01;36m[Knote: [m[Kcandidate: ‘[01m[Krclcpp::Duration::Duration(std::chrono::nanoseconds)[m[K’
   45 |   explicit [01;36m[KDuration[m[K(std::chrono::nanoseconds nanoseconds);
      |            [01;36m[K^~~~~~~~[m[K
[01m[K/opt/ros/foxy/include/rclcpp/duration.hpp:45:12:[m[K [01;36m[Knote: [m[K  conversion of argument 1 would be ill-formed:
[01m[K/opt/ros/foxy/include/rclcpp/duration.hpp:42:12:[m[K [01;36m[Knote: [m[Kcandidate: ‘[01m[Krclcpp::Duration::Duration(rcl_duration_value_t)[m[K’
   42 |   explicit [01;36m[KDuration[m[K(rcl_duration_value_t nanoseconds);
      |            [01;36m[K^~~~~~~~[m[K
[01m[K/opt/ros/foxy/include/rclcpp/duration.hpp:42:12:[m[K [01;36m[Knote: [m[K  conversion of argument 1 would be ill-formed:
[01m[K/opt/ros/foxy/include/rclcpp/duration.hpp:39:3:[m[K [01;36m[Knote: [m[Kcandidate: ‘[01m[Krclcpp::Duration::Duration(int32_t, uint32_t)[m[K’
   39 |   [01;36m[KDuration[m[K(int32_t seconds, uint32_t nanoseconds);
      |   [01;36m[K^~~~~~~~[m[K
[01m[K/opt/ros/foxy/include/rclcpp/duration.hpp:39:3:[m[K [01;36m[Knote: [m[K  candidate expects 2 arguments, 1 provided
make[2]: *** [CMakeFiles/bumpgo.dir/build.make:63: CMakeFiles/bumpgo.dir/src/br2_fsm_bumpgo_cpp/BumpGoNode.cpp.o] Error 1
make[1]: *** [CMakeFiles/Makefile2:78: CMakeFiles/bumpgo.dir/all] Error 2
make: *** [Makefile:141: all] Error 2
