[0.015s] Invoking command in '/home/joanne/bookros2_ws/build/br2_fsm_bumpgo_cpp': CMAKE_PREFIX_PATH=${CMAKE_PREFIX_PATH}:/home/joanne/bookros2_ws/install/ros2controlcli:/home/joanne/bookros2_ws/install/launch_pal:/home/joanne/bookros2_ws/install/br2_fsm_bumpgo_py:/opt/ros/foxy /usr/bin/cmake --build /home/joanne/bookros2_ws/build/br2_fsm_bumpgo_cpp -- -j8 -l8
[0.077s] [35m[1mScanning dependencies of target bumpgo[0m
[0.111s] [ 33%] [32mBuilding CXX object CMakeFiles/bumpgo.dir/src/br2_fsm_bumpgo_cpp/BumpGoNode.cpp.o[0m
[5.679s] [ 66%] [32m[1mLinking CXX executable bumpgo[0m
[6.058s] [100%] Built target bumpgo
[6.073s] Invoked command in '/home/joanne/bookros2_ws/build/br2_fsm_bumpgo_cpp' returned '0': CMAKE_PREFIX_PATH=${CMAKE_PREFIX_PATH}:/home/joanne/bookros2_ws/install/ros2controlcli:/home/joanne/bookros2_ws/install/launch_pal:/home/joanne/bookros2_ws/install/br2_fsm_bumpgo_py:/opt/ros/foxy /usr/bin/cmake --build /home/joanne/bookros2_ws/build/br2_fsm_bumpgo_cpp -- -j8 -l8
[6.092s] Invoking command in '/home/joanne/bookros2_ws/build/br2_fsm_bumpgo_cpp': CMAKE_PREFIX_PATH=${CMAKE_PREFIX_PATH}:/home/joanne/bookros2_ws/install/ros2controlcli:/home/joanne/bookros2_ws/install/launch_pal:/home/joanne/bookros2_ws/install/br2_fsm_bumpgo_py:/opt/ros/foxy /usr/bin/cmake --install /home/joanne/bookros2_ws/build/br2_fsm_bumpgo_cpp
[6.103s] -- Install configuration: ""
[6.104s] -- Execute custom install script
[6.105s] -- Up-to-date symlink: /home/joanne/bookros2_ws/install/br2_fsm_bumpgo_cpp/lib/br2_fsm_bumpgo_cpp/bumpgo
[6.105s] -- Up-to-date symlink: /home/joanne/bookros2_ws/install/br2_fsm_bumpgo_cpp/share/br2_fsm_bumpgo_cpp/launch/bump_and_go.launch.py
[6.105s] -- Up-to-date symlink: /home/joanne/bookros2_ws/install/br2_fsm_bumpgo_cpp/share/ament_index/resource_index/package_run_dependencies/br2_fsm_bumpgo_cpp
[6.106s] -- Up-to-date symlink: /home/joanne/bookros2_ws/install/br2_fsm_bumpgo_cpp/share/ament_index/resource_index/parent_prefix_path/br2_fsm_bumpgo_cpp
[6.106s] -- Up-to-date symlink: /home/joanne/bookros2_ws/install/br2_fsm_bumpgo_cpp/share/br2_fsm_bumpgo_cpp/environment/ament_prefix_path.sh
[6.106s] -- Up-to-date symlink: /home/joanne/bookros2_ws/install/br2_fsm_bumpgo_cpp/share/br2_fsm_bumpgo_cpp/environment/ament_prefix_path.dsv
[6.107s] -- Up-to-date symlink: /home/joanne/bookros2_ws/install/br2_fsm_bumpgo_cpp/share/br2_fsm_bumpgo_cpp/environment/path.sh
[6.107s] -- Up-to-date symlink: /home/joanne/bookros2_ws/install/br2_fsm_bumpgo_cpp/share/br2_fsm_bumpgo_cpp/environment/path.dsv
[6.108s] -- Up-to-date symlink: /home/joanne/bookros2_ws/install/br2_fsm_bumpgo_cpp/share/br2_fsm_bumpgo_cpp/local_setup.bash
[6.108s] -- Up-to-date symlink: /home/joanne/bookros2_ws/install/br2_fsm_bumpgo_cpp/share/br2_fsm_bumpgo_cpp/local_setup.sh
[6.108s] -- Up-to-date symlink: /home/joanne/bookros2_ws/install/br2_fsm_bumpgo_cpp/share/br2_fsm_bumpgo_cpp/local_setup.zsh
[6.108s] -- Up-to-date symlink: /home/joanne/bookros2_ws/install/br2_fsm_bumpgo_cpp/share/br2_fsm_bumpgo_cpp/local_setup.dsv
[6.109s] -- Symlinking: /home/joanne/bookros2_ws/install/br2_fsm_bumpgo_cpp/share/br2_fsm_bumpgo_cpp/package.dsv
[6.120s] -- Up-to-date symlink: /home/joanne/bookros2_ws/install/br2_fsm_bumpgo_cpp/share/ament_index/resource_index/packages/br2_fsm_bumpgo_cpp
[6.120s] -- Up-to-date symlink: /home/joanne/bookros2_ws/install/br2_fsm_bumpgo_cpp/share/br2_fsm_bumpgo_cpp/cmake/br2_fsm_bumpgo_cppConfig.cmake
[6.120s] -- Up-to-date symlink: /home/joanne/bookros2_ws/install/br2_fsm_bumpgo_cpp/share/br2_fsm_bumpgo_cpp/cmake/br2_fsm_bumpgo_cppConfig-version.cmake
[6.121s] -- Up-to-date symlink: /home/joanne/bookros2_ws/install/br2_fsm_bumpgo_cpp/share/br2_fsm_bumpgo_cpp/package.xml
[6.125s] Invoked command in '/home/joanne/bookros2_ws/build/br2_fsm_bumpgo_cpp' returned '0': CMAKE_PREFIX_PATH=${CMAKE_PREFIX_PATH}:/home/joanne/bookros2_ws/install/ros2controlcli:/home/joanne/bookros2_ws/install/launch_pal:/home/joanne/bookros2_ws/install/br2_fsm_bumpgo_py:/opt/ros/foxy /usr/bin/cmake --install /home/joanne/bookros2_ws/build/br2_fsm_bumpgo_cpp
