[0.288s] Invoking command in '/home/joanne/bookros2_ws/build/tiago_description_calibration': CMAKE_PREFIX_PATH=/opt/ros/foxy /usr/bin/cmake --build /home/joanne/bookros2_ws/build/tiago_description_calibration -- -j8 -l8
[0.395s] Invoked command in '/home/joanne/bookros2_ws/build/tiago_description_calibration' returned '0': CMAKE_PREFIX_PATH=/opt/ros/foxy /usr/bin/cmake --build /home/joanne/bookros2_ws/build/tiago_description_calibration -- -j8 -l8
[0.398s] Invoking command in '/home/joanne/bookros2_ws/build/tiago_description_calibration': CMAKE_PREFIX_PATH=/opt/ros/foxy /usr/bin/cmake --install /home/joanne/bookros2_ws/build/tiago_description_calibration
[0.410s] -- Install configuration: ""
[0.410s] -- Execute custom install script
[0.411s] -- Up-to-date symlink: /home/joanne/bookros2_ws/install/tiago_description_calibration/share/tiago_description_calibration/urdf/calibration/calibration_constants.urdf.xacro
[0.415s] -- Up-to-date symlink: /home/joanne/bookros2_ws/install/tiago_description_calibration/share/tiago_description_calibration/urdf/calibration/extrinsic_camera_calibration_constants.urdf.xacro
[0.415s] -- Up-to-date symlink: /home/joanne/bookros2_ws/install/tiago_description_calibration/share/tiago_description_calibration/urdf/deg_to_rad.xacro
[0.419s] -- Up-to-date symlink: /home/joanne/bookros2_ws/install/tiago_description_calibration/share/ament_index/resource_index/package_run_dependencies/tiago_description_calibration
[0.421s] -- Up-to-date symlink: /home/joanne/bookros2_ws/install/tiago_description_calibration/share/ament_index/resource_index/parent_prefix_path/tiago_description_calibration
[0.421s] -- Up-to-date symlink: /home/joanne/bookros2_ws/install/tiago_description_calibration/share/tiago_description_calibration/environment/ament_prefix_path.sh
[0.421s] -- Up-to-date symlink: /home/joanne/bookros2_ws/install/tiago_description_calibration/share/tiago_description_calibration/environment/ament_prefix_path.dsv
[0.421s] -- Up-to-date symlink: /home/joanne/bookros2_ws/install/tiago_description_calibration/share/tiago_description_calibration/environment/path.sh
[0.421s] -- Up-to-date symlink: /home/joanne/bookros2_ws/install/tiago_description_calibration/share/tiago_description_calibration/environment/path.dsv
[0.427s] -- Up-to-date symlink: /home/joanne/bookros2_ws/install/tiago_description_calibration/share/tiago_description_calibration/local_setup.bash
[0.427s] -- Up-to-date symlink: /home/joanne/bookros2_ws/install/tiago_description_calibration/share/tiago_description_calibration/local_setup.sh
[0.427s] -- Up-to-date symlink: /home/joanne/bookros2_ws/install/tiago_description_calibration/share/tiago_description_calibration/local_setup.zsh
[0.428s] -- Up-to-date symlink: /home/joanne/bookros2_ws/install/tiago_description_calibration/share/tiago_description_calibration/local_setup.dsv
[0.429s] -- Symlinking: /home/joanne/bookros2_ws/install/tiago_description_calibration/share/tiago_description_calibration/package.dsv
[0.446s] -- Up-to-date symlink: /home/joanne/bookros2_ws/install/tiago_description_calibration/share/ament_index/resource_index/packages/tiago_description_calibration
[0.447s] -- Up-to-date symlink: /home/joanne/bookros2_ws/install/tiago_description_calibration/share/tiago_description_calibration/cmake/tiago_description_calibrationConfig.cmake
[0.448s] -- Up-to-date symlink: /home/joanne/bookros2_ws/install/tiago_description_calibration/share/tiago_description_calibration/cmake/tiago_description_calibrationConfig-version.cmake
[0.448s] -- Up-to-date symlink: /home/joanne/bookros2_ws/install/tiago_description_calibration/share/tiago_description_calibration/package.xml
[0.544s] Invoked command in '/home/joanne/bookros2_ws/build/tiago_description_calibration' returned '0': CMAKE_PREFIX_PATH=/opt/ros/foxy /usr/bin/cmake --install /home/joanne/bookros2_ws/build/tiago_description_calibration
