[0.075s] Invoking command in '/home/joanne/bookros2_ws/build/br2_fsm_bumpgo_cpp': CMAKE_PREFIX_PATH=${CMAKE_PREFIX_PATH}:/home/joanne/bookros2_ws/install/ros2controlcli:/home/joanne/bookros2_ws/install/launch_pal:/home/joanne/bookros2_ws/install/br2_fsm_bumpgo_py:/opt/ros/foxy /usr/bin/cmake --build /home/joanne/bookros2_ws/build/br2_fsm_bumpgo_cpp -- -j8 -l8
[0.327s] [35m[1mScanning dependencies of target bumpgo[0m
[0.449s] [ 33%] [32mBuilding CXX object CMakeFiles/bumpgo.dir/src/br2_fsm_bumpgo_cpp/BumpGoNode.cpp.o[0m
[8.868s] In file included from [01m[K/opt/ros/foxy/include/rclcpp/service.hpp:34[m[K,
[8.868s]                  from [01m[K/opt/ros/foxy/include/rclcpp/callback_group.hpp:25[m[K,
[8.871s]                  from [01m[K/opt/ros/foxy/include/rclcpp/any_executable.hpp:20[m[K,
[8.872s]                  from [01m[K/opt/ros/foxy/include/rclcpp/memory_strategy.hpp:24[m[K,
[8.874s]                  from [01m[K/opt/ros/foxy/include/rclcpp/memory_strategies.hpp:18[m[K,
[8.875s]                  from [01m[K/opt/ros/foxy/include/rclcpp/executor_options.hpp:20[m[K,
[8.875s]                  from [01m[K/opt/ros/foxy/include/rclcpp/executor.hpp:33[m[K,
[8.876s]                  from [01m[K/opt/ros/foxy/include/rclcpp/executors/multi_threaded_executor.hpp:26[m[K,
[8.877s]                  from [01m[K/opt/ros/foxy/include/rclcpp/executors.hpp:21[m[K,
[8.878s]                  from [01m[K/opt/ros/foxy/include/rclcpp/rclcpp.hpp:146[m[K,
[8.878s]                  from [01m[K/home/joanne/bookros2_ws/src/book_ros2/br2_fsm_bumpgo_cpp/include/br2_fsm_bumpgo_cpp/BumpGoNode.hpp:21[m[K,
[8.878s]                  from [01m[K/home/joanne/bookros2_ws/src/book_ros2/br2_fsm_bumpgo_cpp/src/br2_fsm_bumpgo_cpp/BumpGoNode.cpp:16[m[K:
[8.879s] [01m[K/home/joanne/bookros2_ws/src/book_ros2/br2_fsm_bumpgo_cpp/src/br2_fsm_bumpgo_cpp/BumpGoNode.cpp:[m[K In member function ‘[01m[Kvoid br2_fsm_bumpgo_cpp::BumpGoNode::control_cycle()[m[K’:
[8.879s] [01m[K/home/joanne/bookros2_ws/src/book_ros2/br2_fsm_bumpgo_cpp/src/br2_fsm_bumpgo_cpp/BumpGoNode.cpp:144:25:[m[K [01;31m[Kerror: [m[Krequest for member ‘[01m[KNode[m[K’ in ‘[01m[K(br2_fsm_bumpgo_cpp::BumpGoNode*)this[m[K’, which is of pointer type ‘[01m[Kbr2_fsm_bumpgo_cpp::BumpGoNode*[m[K’ (maybe you meant to use ‘[01m[K->[m[K’ ?)
[8.880s]   144 |       RCLCPP_INFO((this.[01;31m[KNode[m[K)->get_logger(), "turning!!! %d", out_vel.angular.z);
[8.881s]       |                         [01;31m[K^~~~[m[K
[8.881s] [01m[K/home/joanne/bookros2_ws/src/book_ros2/br2_fsm_bumpgo_cpp/src/br2_fsm_bumpgo_cpp/BumpGoNode.cpp:144:25:[m[K [01;31m[Kerror: [m[Krequest for member ‘[01m[KNode[m[K’ in ‘[01m[K(br2_fsm_bumpgo_cpp::BumpGoNode*)this[m[K’, which is of pointer type ‘[01m[Kbr2_fsm_bumpgo_cpp::BumpGoNode*[m[K’ (maybe you meant to use ‘[01m[K->[m[K’ ?)
[8.881s] [01m[K/home/joanne/bookros2_ws/src/book_ros2/br2_fsm_bumpgo_cpp/src/br2_fsm_bumpgo_cpp/BumpGoNode.cpp:144:7:[m[K [01;31m[Kerror: [m[Ktemplate argument 1 is invalid
[8.882s]   144 |       [01;31m[KRCLCPP_INFO[m[K((this.Node)->get_logger(), "turning!!! %d", out_vel.angular.z);
[8.882s]       |       [01;31m[K^~~~~~~~~~~[m[K
[8.882s] [01m[K/home/joanne/bookros2_ws/src/book_ros2/br2_fsm_bumpgo_cpp/src/br2_fsm_bumpgo_cpp/BumpGoNode.cpp:144:7:[m[K [01;31m[Kerror: [m[Ktemplate argument 1 is invalid
[8.883s]   144 |       [01;31m[KRCLCPP_INFO[m[K((this.Node)->get_logger(), "turning!!! %d", out_vel.angular.z);
[8.883s]       |       [01;31m[K^~~~~~~~~~~[m[K
[8.885s] [01m[K/home/joanne/bookros2_ws/src/book_ros2/br2_fsm_bumpgo_cpp/src/br2_fsm_bumpgo_cpp/BumpGoNode.cpp:144:7:[m[K [01;31m[Kerror: [m[Ktemplate argument 1 is invalid
[8.886s]   144 |       [01;31m[KRCLCPP_INFO[m[K((this.Node)->get_logger(), "turning!!! %d", out_vel.angular.z);
[8.889s]       |       [01;31m[K^~~~~~~~~~~[m[K
[8.889s] In file included from [01m[K/opt/ros/foxy/include/rclcpp/client.hpp:40[m[K,
[8.890s]                  from [01m[K/opt/ros/foxy/include/rclcpp/callback_group.hpp:23[m[K,
[8.891s]                  from [01m[K/opt/ros/foxy/include/rclcpp/any_executable.hpp:20[m[K,
[8.892s]                  from [01m[K/opt/ros/foxy/include/rclcpp/memory_strategy.hpp:24[m[K,
[8.894s]                  from [01m[K/opt/ros/foxy/include/rclcpp/memory_strategies.hpp:18[m[K,
[8.895s]                  from [01m[K/opt/ros/foxy/include/rclcpp/executor_options.hpp:20[m[K,
[8.898s]                  from [01m[K/opt/ros/foxy/include/rclcpp/executor.hpp:33[m[K,
[8.899s]                  from [01m[K/opt/ros/foxy/include/rclcpp/executors/multi_threaded_executor.hpp:26[m[K,
[8.899s]                  from [01m[K/opt/ros/foxy/include/rclcpp/executors.hpp:21[m[K,
[8.901s]                  from [01m[K/opt/ros/foxy/include/rclcpp/rclcpp.hpp:146[m[K,
[8.901s]                  from [01m[K/home/joanne/bookros2_ws/src/book_ros2/br2_fsm_bumpgo_cpp/include/br2_fsm_bumpgo_cpp/BumpGoNode.hpp:21[m[K,
[8.902s]                  from [01m[K/home/joanne/bookros2_ws/src/book_ros2/br2_fsm_bumpgo_cpp/src/br2_fsm_bumpgo_cpp/BumpGoNode.cpp:16[m[K:
[8.902s] [01m[K/home/joanne/bookros2_ws/src/book_ros2/br2_fsm_bumpgo_cpp/src/br2_fsm_bumpgo_cpp/BumpGoNode.cpp:144:25:[m[K [01;31m[Kerror: [m[Krequest for member ‘[01m[KNode[m[K’ in ‘[01m[K(br2_fsm_bumpgo_cpp::BumpGoNode*)this[m[K’, which is of pointer type ‘[01m[Kbr2_fsm_bumpgo_cpp::BumpGoNode*[m[K’ (maybe you meant to use ‘[01m[K->[m[K’ ?)
[8.902s]   144 |       RCLCPP_INFO((this.[01;31m[KNode[m[K)->get_logger(), "turning!!! %d", out_vel.angular.z);
[8.903s]       |                         [01;31m[K^~~~[m[K
[8.904s] [01m[K/home/joanne/bookros2_ws/src/book_ros2/br2_fsm_bumpgo_cpp/src/br2_fsm_bumpgo_cpp/BumpGoNode.cpp:144:25:[m[K [01;31m[Kerror: [m[Krequest for member ‘[01m[KNode[m[K’ in ‘[01m[K(br2_fsm_bumpgo_cpp::BumpGoNode*)this[m[K’, which is of pointer type ‘[01m[Kbr2_fsm_bumpgo_cpp::BumpGoNode*[m[K’ (maybe you meant to use ‘[01m[K->[m[K’ ?)
[8.904s]   144 |       RCLCPP_INFO((this.[01;31m[KNode[m[K)->get_logger(), "turning!!! %d", out_vel.angular.z);
[8.905s]       |                         [01;31m[K^~~~[m[K
[17.500s] make[2]: *** [CMakeFiles/bumpgo.dir/build.make:63: CMakeFiles/bumpgo.dir/src/br2_fsm_bumpgo_cpp/BumpGoNode.cpp.o] Error 1
[17.500s] make[1]: *** [CMakeFiles/Makefile2:78: CMakeFiles/bumpgo.dir/all] Error 2
[17.501s] make: *** [Makefile:141: all] Error 2
[17.510s] Invoked command in '/home/joanne/bookros2_ws/build/br2_fsm_bumpgo_cpp' returned '2': CMAKE_PREFIX_PATH=${CMAKE_PREFIX_PATH}:/home/joanne/bookros2_ws/install/ros2controlcli:/home/joanne/bookros2_ws/install/launch_pal:/home/joanne/bookros2_ws/install/br2_fsm_bumpgo_py:/opt/ros/foxy /usr/bin/cmake --build /home/joanne/bookros2_ws/build/br2_fsm_bumpgo_cpp -- -j8 -l8
