[0.094s] Invoking command in '/home/joanne/bookros2_ws/build/br2_navigation': CMAKE_PREFIX_PATH=${CMAKE_PREFIX_PATH}:/home/joanne/nav2_ws/install/nav2_gazebo_spawner:/home/joanne/bookros2_ws/install/ros2controlcli:/home/joanne/bookros2_ws/install/launch_pal:/home/joanne/bookros2_ws/install/br2_fsm_bumpgo_py:/opt/ros/foxy /usr/bin/cmake --build /home/joanne/bookros2_ws/build/br2_navigation -- -j8 -l8
[0.364s] Invoked command in '/home/joanne/bookros2_ws/build/br2_navigation' returned '0': CMAKE_PREFIX_PATH=${CMAKE_PREFIX_PATH}:/home/joanne/nav2_ws/install/nav2_gazebo_spawner:/home/joanne/bookros2_ws/install/ros2controlcli:/home/joanne/bookros2_ws/install/launch_pal:/home/joanne/bookros2_ws/install/br2_fsm_bumpgo_py:/opt/ros/foxy /usr/bin/cmake --build /home/joanne/bookros2_ws/build/br2_navigation -- -j8 -l8
[0.441s] Invoking command in '/home/joanne/bookros2_ws/build/br2_navigation': CMAKE_PREFIX_PATH=${CMAKE_PREFIX_PATH}:/home/joanne/nav2_ws/install/nav2_gazebo_spawner:/home/joanne/bookros2_ws/install/ros2controlcli:/home/joanne/bookros2_ws/install/launch_pal:/home/joanne/bookros2_ws/install/br2_fsm_bumpgo_py:/opt/ros/foxy /usr/bin/cmake --install /home/joanne/bookros2_ws/build/br2_navigation
[0.482s] -- Install configuration: ""
[0.483s] -- Execute custom install script
[0.484s] -- Up-to-date symlink: /home/joanne/bookros2_ws/install/br2_navigation/share/br2_navigation/launch/navigation_launch.py
[0.485s] -- Up-to-date symlink: /home/joanne/bookros2_ws/install/br2_navigation/share/br2_navigation/launch/tiago_navigation.launch.py
[0.485s] -- Up-to-date symlink: /home/joanne/bookros2_ws/install/br2_navigation/share/br2_navigation/params/mapper_params_online_async.yaml
[0.486s] -- Up-to-date symlink: /home/joanne/bookros2_ws/install/br2_navigation/share/br2_navigation/params/tiago_nav_params.yaml
[0.487s] -- Up-to-date symlink: /home/joanne/bookros2_ws/install/br2_navigation/share/br2_navigation/maps/home.pgm
[0.489s] -- Up-to-date symlink: /home/joanne/bookros2_ws/install/br2_navigation/share/br2_navigation/maps/home.yaml
[0.492s] -- Up-to-date symlink: /home/joanne/bookros2_ws/install/br2_navigation/share/ament_index/resource_index/package_run_dependencies/br2_navigation
[0.494s] -- Up-to-date symlink: /home/joanne/bookros2_ws/install/br2_navigation/share/ament_index/resource_index/parent_prefix_path/br2_navigation
[0.495s] -- Up-to-date symlink: /home/joanne/bookros2_ws/install/br2_navigation/share/br2_navigation/environment/ament_prefix_path.sh
[0.496s] -- Up-to-date symlink: /home/joanne/bookros2_ws/install/br2_navigation/share/br2_navigation/environment/ament_prefix_path.dsv
[0.498s] -- Up-to-date symlink: /home/joanne/bookros2_ws/install/br2_navigation/share/br2_navigation/environment/path.sh
[0.499s] -- Up-to-date symlink: /home/joanne/bookros2_ws/install/br2_navigation/share/br2_navigation/environment/path.dsv
[0.500s] -- Up-to-date symlink: /home/joanne/bookros2_ws/install/br2_navigation/share/br2_navigation/local_setup.bash
[0.502s] -- Up-to-date symlink: /home/joanne/bookros2_ws/install/br2_navigation/share/br2_navigation/local_setup.sh
[0.503s] -- Up-to-date symlink: /home/joanne/bookros2_ws/install/br2_navigation/share/br2_navigation/local_setup.zsh
[0.505s] -- Up-to-date symlink: /home/joanne/bookros2_ws/install/br2_navigation/share/br2_navigation/local_setup.dsv
[0.505s] -- Symlinking: /home/joanne/bookros2_ws/install/br2_navigation/share/br2_navigation/package.dsv
[0.575s] -- Up-to-date symlink: /home/joanne/bookros2_ws/install/br2_navigation/share/ament_index/resource_index/packages/br2_navigation
[0.578s] -- Up-to-date symlink: /home/joanne/bookros2_ws/install/br2_navigation/share/br2_navigation/cmake/br2_navigationConfig.cmake
[0.585s] -- Up-to-date symlink: /home/joanne/bookros2_ws/install/br2_navigation/share/br2_navigation/cmake/br2_navigationConfig-version.cmake
[0.586s] -- Up-to-date symlink: /home/joanne/bookros2_ws/install/br2_navigation/share/br2_navigation/package.xml
[0.592s] Invoked command in '/home/joanne/bookros2_ws/build/br2_navigation' returned '0': CMAKE_PREFIX_PATH=${CMAKE_PREFIX_PATH}:/home/joanne/nav2_ws/install/nav2_gazebo_spawner:/home/joanne/bookros2_ws/install/ros2controlcli:/home/joanne/bookros2_ws/install/launch_pal:/home/joanne/bookros2_ws/install/br2_fsm_bumpgo_py:/opt/ros/foxy /usr/bin/cmake --install /home/joanne/bookros2_ws/build/br2_navigation
