[0.666s] Invoking command in '/home/joanne/bookros2_ws/build/br2_basics': CMAKE_PREFIX_PATH=${CMAKE_PREFIX_PATH}:/home/joanne/bookros2_ws/install/ros2controlcli:/home/joanne/bookros2_ws/install/launch_pal:/home/joanne/bookros2_ws/install/br2_fsm_bumpgo_py:/opt/ros/foxy /usr/bin/cmake --build /home/joanne/bookros2_ws/build/br2_basics -- -j8 -l8
[1.465s] [ 14%] Built target publisher
[1.840s] [ 28%] Built target param_reader
[2.177s] [ 42%] Built target logger_class
[2.672s] [ 57%] Built target subscriber_class
[2.982s] [ 71%] Built target publisher_class
[3.281s] [ 85%] Built target logger
[3.604s] [100%] Built target executors
[3.848s] Invoked command in '/home/joanne/bookros2_ws/build/br2_basics' returned '0': CMAKE_PREFIX_PATH=${CMAKE_PREFIX_PATH}:/home/joanne/bookros2_ws/install/ros2controlcli:/home/joanne/bookros2_ws/install/launch_pal:/home/joanne/bookros2_ws/install/br2_fsm_bumpgo_py:/opt/ros/foxy /usr/bin/cmake --build /home/joanne/bookros2_ws/build/br2_basics -- -j8 -l8
[3.869s] Invoking command in '/home/joanne/bookros2_ws/build/br2_basics': CMAKE_PREFIX_PATH=${CMAKE_PREFIX_PATH}:/home/joanne/bookros2_ws/install/ros2controlcli:/home/joanne/bookros2_ws/install/launch_pal:/home/joanne/bookros2_ws/install/br2_fsm_bumpgo_py:/opt/ros/foxy /usr/bin/cmake --install /home/joanne/bookros2_ws/build/br2_basics
[4.011s] -- Install configuration: ""
[4.017s] -- Execute custom install script
[4.029s] -- Up-to-date symlink: /home/joanne/bookros2_ws/install/br2_basics/lib/br2_basics/publisher
[4.030s] -- Up-to-date symlink: /home/joanne/bookros2_ws/install/br2_basics/lib/br2_basics/publisher_class
[4.033s] -- Up-to-date symlink: /home/joanne/bookros2_ws/install/br2_basics/lib/br2_basics/subscriber_class
[4.034s] -- Up-to-date symlink: /home/joanne/bookros2_ws/install/br2_basics/lib/br2_basics/executors
[4.036s] -- Up-to-date symlink: /home/joanne/bookros2_ws/install/br2_basics/lib/br2_basics/logger
[4.037s] -- Up-to-date symlink: /home/joanne/bookros2_ws/install/br2_basics/lib/br2_basics/logger_class
[4.039s] -- Up-to-date symlink: /home/joanne/bookros2_ws/install/br2_basics/lib/br2_basics/param_reader
[4.041s] -- Up-to-date symlink: /home/joanne/bookros2_ws/install/br2_basics/share/br2_basics/launch/includer_launch.py
[4.042s] -- Up-to-date symlink: /home/joanne/bookros2_ws/install/br2_basics/share/br2_basics/launch/param_node_v1_launch.py
[4.045s] -- Up-to-date symlink: /home/joanne/bookros2_ws/install/br2_basics/share/br2_basics/launch/param_node_v2_launch.py
[4.062s] -- Up-to-date symlink: /home/joanne/bookros2_ws/install/br2_basics/share/br2_basics/launch/pub_sub_v1_launch.py
[4.063s] -- Up-to-date symlink: /home/joanne/bookros2_ws/install/br2_basics/share/br2_basics/launch/pub_sub_v2_launch.py
[4.063s] -- Up-to-date symlink: /home/joanne/bookros2_ws/install/br2_basics/share/br2_basics/config/params.yaml
[4.063s] -- Up-to-date symlink: /home/joanne/bookros2_ws/install/br2_basics/share/br2_basics/launch/includer_launch.py
[4.063s] -- Up-to-date symlink: /home/joanne/bookros2_ws/install/br2_basics/share/br2_basics/launch/param_node_v1_launch.py
[4.064s] -- Up-to-date symlink: /home/joanne/bookros2_ws/install/br2_basics/share/br2_basics/launch/param_node_v2_launch.py
[4.064s] -- Up-to-date symlink: /home/joanne/bookros2_ws/install/br2_basics/share/br2_basics/launch/pub_sub_v1_launch.py
[4.068s] -- Up-to-date symlink: /home/joanne/bookros2_ws/install/br2_basics/share/br2_basics/launch/pub_sub_v2_launch.py
[4.071s] -- Up-to-date symlink: /home/joanne/bookros2_ws/install/br2_basics/share/ament_index/resource_index/package_run_dependencies/br2_basics
[4.076s] -- Up-to-date symlink: /home/joanne/bookros2_ws/install/br2_basics/share/ament_index/resource_index/parent_prefix_path/br2_basics
[4.082s] -- Up-to-date symlink: /home/joanne/bookros2_ws/install/br2_basics/share/br2_basics/environment/ament_prefix_path.sh
[4.083s] -- Up-to-date symlink: /home/joanne/bookros2_ws/install/br2_basics/share/br2_basics/environment/ament_prefix_path.dsv
[4.083s] -- Up-to-date symlink: /home/joanne/bookros2_ws/install/br2_basics/share/br2_basics/environment/path.sh
[4.083s] -- Up-to-date symlink: /home/joanne/bookros2_ws/install/br2_basics/share/br2_basics/environment/path.dsv
[4.087s] -- Up-to-date symlink: /home/joanne/bookros2_ws/install/br2_basics/share/br2_basics/local_setup.bash
[4.088s] -- Up-to-date symlink: /home/joanne/bookros2_ws/install/br2_basics/share/br2_basics/local_setup.sh
[4.098s] -- Up-to-date symlink: /home/joanne/bookros2_ws/install/br2_basics/share/br2_basics/local_setup.zsh
[4.098s] -- Up-to-date symlink: /home/joanne/bookros2_ws/install/br2_basics/share/br2_basics/local_setup.dsv
[4.099s] -- Symlinking: /home/joanne/bookros2_ws/install/br2_basics/share/br2_basics/package.dsv
[4.225s] -- Up-to-date symlink: /home/joanne/bookros2_ws/install/br2_basics/share/ament_index/resource_index/packages/br2_basics
[4.228s] -- Up-to-date symlink: /home/joanne/bookros2_ws/install/br2_basics/share/br2_basics/cmake/ament_cmake_export_dependencies-extras.cmake
[4.228s] -- Up-to-date symlink: /home/joanne/bookros2_ws/install/br2_basics/share/br2_basics/cmake/br2_basicsConfig.cmake
[4.229s] -- Up-to-date symlink: /home/joanne/bookros2_ws/install/br2_basics/share/br2_basics/cmake/br2_basicsConfig-version.cmake
[4.229s] -- Up-to-date symlink: /home/joanne/bookros2_ws/install/br2_basics/share/br2_basics/package.xml
[5.815s] Invoked command in '/home/joanne/bookros2_ws/build/br2_basics' returned '0': CMAKE_PREFIX_PATH=${CMAKE_PREFIX_PATH}:/home/joanne/bookros2_ws/install/ros2controlcli:/home/joanne/bookros2_ws/install/launch_pal:/home/joanne/bookros2_ws/install/br2_fsm_bumpgo_py:/opt/ros/foxy /usr/bin/cmake --install /home/joanne/bookros2_ws/build/br2_basics
