[0.101s] Invoking command in '/home/joanne/bookros2_ws/build/force_torque_sensor_broadcaster': AMENT_PREFIX_PATH=/home/joanne/bookros2_ws/install/controller_manager:/home/joanne/bookros2_ws/install/controller_interface:/home/joanne/bookros2_ws/install/hardware_interface:/home/joanne/bookros2_ws/install/ros2_control_test_assets:/home/joanne/bookros2_ws/install/controller_manager_msgs:${AMENT_PREFIX_PATH} CMAKE_PREFIX_PATH=/home/joanne/bookros2_ws/install/controller_manager:/home/joanne/bookros2_ws/install/controller_interface:/home/joanne/bookros2_ws/install/hardware_interface:/home/joanne/bookros2_ws/install/ros2_control_test_assets:/home/joanne/bookros2_ws/install/controller_manager_msgs:/opt/ros/foxy LD_LIBRARY_PATH=/home/joanne/bookros2_ws/install/controller_manager/lib:/home/joanne/bookros2_ws/install/controller_interface/lib:/home/joanne/bookros2_ws/install/hardware_interface/lib:/home/joanne/bookros2_ws/install/controller_manager_msgs/lib:${LD_LIBRARY_PATH} PYTHONPATH=/home/joanne/bookros2_ws/install/controller_manager/lib/python3.8/site-packages:/home/joanne/bookros2_ws/install/controller_manager_msgs/lib/python3.8/site-packages:${PYTHONPATH} /usr/bin/cmake /home/joanne/bookros2_ws/src/ThirdParty/ros2_controllers/force_torque_sensor_broadcaster -DCMAKE_INSTALL_PREFIX=/home/joanne/bookros2_ws/install/force_torque_sensor_broadcaster
[3.135s] -- The C compiler identification is GNU 9.4.0
[3.135s] -- The CXX compiler identification is GNU 9.4.0
[3.135s] -- Check for working C compiler: /usr/bin/cc
[3.135s] -- Check for working C compiler: /usr/bin/cc -- works
[3.135s] -- Detecting C compiler ABI info
[3.136s] -- Detecting C compiler ABI info - done
[3.136s] -- Detecting C compile features
[3.136s] -- Detecting C compile features - done
[3.136s] -- Check for working CXX compiler: /usr/bin/c++
[3.136s] -- Check for working CXX compiler: /usr/bin/c++ -- works
[3.137s] -- Detecting CXX compiler ABI info
[3.137s] -- Detecting CXX compiler ABI info - done
[3.138s] -- Detecting CXX compile features
[3.138s] -- Detecting CXX compile features - done
[3.138s] -- Found ament_cmake: 0.9.12 (/opt/ros/foxy/share/ament_cmake/cmake)
[3.138s] -- Found PythonInterp: /usr/bin/python3 (found suitable version "3.8.10", minimum required is "3") 
[3.138s] -- Using PYTHON_EXECUTABLE: /usr/bin/python3
[3.138s] -- Found controller_interface: 0.7.1 (/home/joanne/bookros2_ws/install/controller_interface/share/controller_interface/cmake)
[3.139s] -- Using all available rosidl_typesupport_c: rosidl_typesupport_fastrtps_c;rosidl_typesupport_introspection_c
[3.139s] -- Found rosidl_adapter: 1.3.1 (/opt/ros/foxy/share/rosidl_adapter/cmake)
[3.139s] -- Found OpenSSL: /usr/lib/x86_64-linux-gnu/libcrypto.so (found version "1.1.1f")  
[3.139s] -- Found FastRTPS: /opt/ros/foxy/include  
[3.143s] -- Using all available rosidl_typesupport_cpp: rosidl_typesupport_fastrtps_cpp;rosidl_typesupport_introspection_cpp
[3.750s] -- Found rmw_implementation_cmake: 1.0.4 (/opt/ros/foxy/share/rmw_implementation_cmake/cmake)
[3.753s] -- Using RMW implementation 'rmw_fastrtps_cpp' as default
[3.754s] -- Looking for pthread.h
[3.868s] -- Looking for pthread.h - found
[3.868s] -- Performing Test CMAKE_HAVE_LIBC_PTHREAD
[4.017s] -- Performing Test CMAKE_HAVE_LIBC_PTHREAD - Failed
[4.017s] -- Looking for pthread_create in pthreads
[4.115s] -- Looking for pthread_create in pthreads - not found
[4.117s] -- Looking for pthread_create in pthread
[4.247s] -- Looking for pthread_create in pthread - found
[4.249s] -- Found Threads: TRUE  
[5.025s] -- Found realtime_tools: 2.2.0 (/opt/ros/foxy/share/realtime_tools/cmake)
[5.226s] -- Found ament_cmake_gmock: 0.9.12 (/opt/ros/foxy/share/ament_cmake_gmock/cmake)
[5.227s] -- Found controller_manager: 0.7.1 (/home/joanne/bookros2_ws/install/controller_manager/share/controller_manager/cmake)
[5.391s] -- Found ros2_control_test_assets: 0.7.1 (/home/joanne/bookros2_ws/install/ros2_control_test_assets/share/ros2_control_test_assets/cmake)
[5.391s] -- Found gmock sources under '/opt/ros/foxy/src/gmock_vendor': C++ tests using 'Google Mock' will be built
[5.398s] -- Found ament_cmake_gtest: 0.9.12 (/opt/ros/foxy/share/ament_cmake_gtest/cmake)
[5.404s] -- Found gtest sources under '/opt/ros/foxy/src/gtest_vendor': C++ tests using 'Google Test' will be built
[6.173s] -- Configuring done
[6.437s] -- Generating done
[6.597s] -- Build files have been written to: /home/joanne/bookros2_ws/build/force_torque_sensor_broadcaster
[6.633s] Invoked command in '/home/joanne/bookros2_ws/build/force_torque_sensor_broadcaster' returned '0': AMENT_PREFIX_PATH=/home/joanne/bookros2_ws/install/controller_manager:/home/joanne/bookros2_ws/install/controller_interface:/home/joanne/bookros2_ws/install/hardware_interface:/home/joanne/bookros2_ws/install/ros2_control_test_assets:/home/joanne/bookros2_ws/install/controller_manager_msgs:${AMENT_PREFIX_PATH} CMAKE_PREFIX_PATH=/home/joanne/bookros2_ws/install/controller_manager:/home/joanne/bookros2_ws/install/controller_interface:/home/joanne/bookros2_ws/install/hardware_interface:/home/joanne/bookros2_ws/install/ros2_control_test_assets:/home/joanne/bookros2_ws/install/controller_manager_msgs:/opt/ros/foxy LD_LIBRARY_PATH=/home/joanne/bookros2_ws/install/controller_manager/lib:/home/joanne/bookros2_ws/install/controller_interface/lib:/home/joanne/bookros2_ws/install/hardware_interface/lib:/home/joanne/bookros2_ws/install/controller_manager_msgs/lib:${LD_LIBRARY_PATH} PYTHONPATH=/home/joanne/bookros2_ws/install/controller_manager/lib/python3.8/site-packages:/home/joanne/bookros2_ws/install/controller_manager_msgs/lib/python3.8/site-packages:${PYTHONPATH} /usr/bin/cmake /home/joanne/bookros2_ws/src/ThirdParty/ros2_controllers/force_torque_sensor_broadcaster -DCMAKE_INSTALL_PREFIX=/home/joanne/bookros2_ws/install/force_torque_sensor_broadcaster
[6.634s] Invoking command in '/home/joanne/bookros2_ws/build/force_torque_sensor_broadcaster': AMENT_PREFIX_PATH=/home/joanne/bookros2_ws/install/controller_manager:/home/joanne/bookros2_ws/install/controller_interface:/home/joanne/bookros2_ws/install/hardware_interface:/home/joanne/bookros2_ws/install/ros2_control_test_assets:/home/joanne/bookros2_ws/install/controller_manager_msgs:${AMENT_PREFIX_PATH} CMAKE_PREFIX_PATH=/home/joanne/bookros2_ws/install/controller_manager:/home/joanne/bookros2_ws/install/controller_interface:/home/joanne/bookros2_ws/install/hardware_interface:/home/joanne/bookros2_ws/install/ros2_control_test_assets:/home/joanne/bookros2_ws/install/controller_manager_msgs:/opt/ros/foxy LD_LIBRARY_PATH=/home/joanne/bookros2_ws/install/controller_manager/lib:/home/joanne/bookros2_ws/install/controller_interface/lib:/home/joanne/bookros2_ws/install/hardware_interface/lib:/home/joanne/bookros2_ws/install/controller_manager_msgs/lib:${LD_LIBRARY_PATH} PYTHONPATH=/home/joanne/bookros2_ws/install/controller_manager/lib/python3.8/site-packages:/home/joanne/bookros2_ws/install/controller_manager_msgs/lib/python3.8/site-packages:${PYTHONPATH} /usr/bin/cmake --build /home/joanne/bookros2_ws/build/force_torque_sensor_broadcaster -- -j8 -l8
[7.123s] [35m[1mScanning dependencies of target gmock[0m
[7.124s] [  9%] [32mBuilding CXX object gmock/CMakeFiles/gmock.dir/opt/ros/foxy/src/gtest_vendor/src/gtest-all.cc.o[0m
[14.026s] [ 18%] [32mBuilding CXX object gmock/CMakeFiles/gmock.dir/src/gmock-all.cc.o[0m
[17.871s] [ 27%] [32m[1mLinking CXX static library libgmock.a[0m
[17.993s] [ 27%] Built target gmock
[18.011s] [35m[1mScanning dependencies of target gmock_main[0m
[18.047s] [ 36%] [32mBuilding CXX object gmock/CMakeFiles/gmock_main.dir/src/gmock_main.cc.o[0m
[19.694s] [ 45%] [32m[1mLinking CXX static library libgmock_main.a[0m
[19.759s] [ 45%] Built target gmock_main
[19.794s] [35m[1mScanning dependencies of target force_torque_sensor_broadcaster[0m
[19.898s] [ 54%] [32mBuilding CXX object CMakeFiles/force_torque_sensor_broadcaster.dir/src/force_torque_sensor_broadcaster.cpp.o[0m
[27.129s] [ 63%] [32m[1mLinking CXX shared library libforce_torque_sensor_broadcaster.so[0m
[27.630s] [ 63%] Built target force_torque_sensor_broadcaster
[27.653s] [35m[1mScanning dependencies of target test_load_force_torque_sensor_broadcaster[0m
[27.783s] [ 72%] [32mBuilding CXX object CMakeFiles/test_load_force_torque_sensor_broadcaster.dir/test/test_load_force_torque_sensor_broadcaster.cpp.o[0m
[34.808s] [ 81%] [32m[1mLinking CXX executable test_load_force_torque_sensor_broadcaster[0m
[36.928s] [ 81%] Built target test_load_force_torque_sensor_broadcaster
[36.963s] [35m[1mScanning dependencies of target test_force_torque_sensor_broadcaster[0m
[37.106s] [ 90%] [32mBuilding CXX object CMakeFiles/test_force_torque_sensor_broadcaster.dir/test/test_force_torque_sensor_broadcaster.cpp.o[0m
[51.399s] [100%] [32m[1mLinking CXX executable test_force_torque_sensor_broadcaster[0m
[53.021s] [100%] Built target test_force_torque_sensor_broadcaster
[53.048s] Invoked command in '/home/joanne/bookros2_ws/build/force_torque_sensor_broadcaster' returned '0': AMENT_PREFIX_PATH=/home/joanne/bookros2_ws/install/controller_manager:/home/joanne/bookros2_ws/install/controller_interface:/home/joanne/bookros2_ws/install/hardware_interface:/home/joanne/bookros2_ws/install/ros2_control_test_assets:/home/joanne/bookros2_ws/install/controller_manager_msgs:${AMENT_PREFIX_PATH} CMAKE_PREFIX_PATH=/home/joanne/bookros2_ws/install/controller_manager:/home/joanne/bookros2_ws/install/controller_interface:/home/joanne/bookros2_ws/install/hardware_interface:/home/joanne/bookros2_ws/install/ros2_control_test_assets:/home/joanne/bookros2_ws/install/controller_manager_msgs:/opt/ros/foxy LD_LIBRARY_PATH=/home/joanne/bookros2_ws/install/controller_manager/lib:/home/joanne/bookros2_ws/install/controller_interface/lib:/home/joanne/bookros2_ws/install/hardware_interface/lib:/home/joanne/bookros2_ws/install/controller_manager_msgs/lib:${LD_LIBRARY_PATH} PYTHONPATH=/home/joanne/bookros2_ws/install/controller_manager/lib/python3.8/site-packages:/home/joanne/bookros2_ws/install/controller_manager_msgs/lib/python3.8/site-packages:${PYTHONPATH} /usr/bin/cmake --build /home/joanne/bookros2_ws/build/force_torque_sensor_broadcaster -- -j8 -l8
[53.065s] Invoking command in '/home/joanne/bookros2_ws/build/force_torque_sensor_broadcaster': AMENT_PREFIX_PATH=/home/joanne/bookros2_ws/install/controller_manager:/home/joanne/bookros2_ws/install/controller_interface:/home/joanne/bookros2_ws/install/hardware_interface:/home/joanne/bookros2_ws/install/ros2_control_test_assets:/home/joanne/bookros2_ws/install/controller_manager_msgs:${AMENT_PREFIX_PATH} CMAKE_PREFIX_PATH=/home/joanne/bookros2_ws/install/controller_manager:/home/joanne/bookros2_ws/install/controller_interface:/home/joanne/bookros2_ws/install/hardware_interface:/home/joanne/bookros2_ws/install/ros2_control_test_assets:/home/joanne/bookros2_ws/install/controller_manager_msgs:/opt/ros/foxy LD_LIBRARY_PATH=/home/joanne/bookros2_ws/install/controller_manager/lib:/home/joanne/bookros2_ws/install/controller_interface/lib:/home/joanne/bookros2_ws/install/hardware_interface/lib:/home/joanne/bookros2_ws/install/controller_manager_msgs/lib:${LD_LIBRARY_PATH} PYTHONPATH=/home/joanne/bookros2_ws/install/controller_manager/lib/python3.8/site-packages:/home/joanne/bookros2_ws/install/controller_manager_msgs/lib/python3.8/site-packages:${PYTHONPATH} /usr/bin/cmake --install /home/joanne/bookros2_ws/build/force_torque_sensor_broadcaster
[53.079s] -- Install configuration: ""
[53.079s] -- Installing: /home/joanne/bookros2_ws/install/force_torque_sensor_broadcaster/share/force_torque_sensor_broadcaster/force_torque_sensor_broadcaster.xml
[53.080s] -- Installing: /home/joanne/bookros2_ws/install/force_torque_sensor_broadcaster/lib/libforce_torque_sensor_broadcaster.so
[53.083s] -- Set runtime path of "/home/joanne/bookros2_ws/install/force_torque_sensor_broadcaster/lib/libforce_torque_sensor_broadcaster.so" to ""
[53.084s] -- Installing: /home/joanne/bookros2_ws/install/force_torque_sensor_broadcaster/include
[53.085s] -- Installing: /home/joanne/bookros2_ws/install/force_torque_sensor_broadcaster/include/force_torque_sensor_broadcaster
[53.085s] -- Installing: /home/joanne/bookros2_ws/install/force_torque_sensor_broadcaster/include/force_torque_sensor_broadcaster/visibility_control.h
[53.086s] -- Installing: /home/joanne/bookros2_ws/install/force_torque_sensor_broadcaster/include/force_torque_sensor_broadcaster/force_torque_sensor_broadcaster.hpp
[53.086s] -- Installing: /home/joanne/bookros2_ws/install/force_torque_sensor_broadcaster/share/force_torque_sensor_broadcaster/environment/library_path.sh
[53.087s] -- Installing: /home/joanne/bookros2_ws/install/force_torque_sensor_broadcaster/share/force_torque_sensor_broadcaster/environment/library_path.dsv
[53.087s] -- Installing: /home/joanne/bookros2_ws/install/force_torque_sensor_broadcaster/share/ament_index/resource_index/package_run_dependencies/force_torque_sensor_broadcaster
[53.087s] -- Installing: /home/joanne/bookros2_ws/install/force_torque_sensor_broadcaster/share/ament_index/resource_index/parent_prefix_path/force_torque_sensor_broadcaster
[53.087s] -- Installing: /home/joanne/bookros2_ws/install/force_torque_sensor_broadcaster/share/force_torque_sensor_broadcaster/environment/ament_prefix_path.sh
[53.087s] -- Installing: /home/joanne/bookros2_ws/install/force_torque_sensor_broadcaster/share/force_torque_sensor_broadcaster/environment/ament_prefix_path.dsv
[53.087s] -- Installing: /home/joanne/bookros2_ws/install/force_torque_sensor_broadcaster/share/force_torque_sensor_broadcaster/environment/path.sh
[53.088s] -- Installing: /home/joanne/bookros2_ws/install/force_torque_sensor_broadcaster/share/force_torque_sensor_broadcaster/environment/path.dsv
[53.088s] -- Installing: /home/joanne/bookros2_ws/install/force_torque_sensor_broadcaster/share/force_torque_sensor_broadcaster/local_setup.bash
[53.088s] -- Installing: /home/joanne/bookros2_ws/install/force_torque_sensor_broadcaster/share/force_torque_sensor_broadcaster/local_setup.sh
[53.088s] -- Installing: /home/joanne/bookros2_ws/install/force_torque_sensor_broadcaster/share/force_torque_sensor_broadcaster/local_setup.zsh
[53.089s] -- Installing: /home/joanne/bookros2_ws/install/force_torque_sensor_broadcaster/share/force_torque_sensor_broadcaster/local_setup.dsv
[53.089s] -- Installing: /home/joanne/bookros2_ws/install/force_torque_sensor_broadcaster/share/force_torque_sensor_broadcaster/package.dsv
[53.089s] -- Installing: /home/joanne/bookros2_ws/install/force_torque_sensor_broadcaster/share/ament_index/resource_index/packages/force_torque_sensor_broadcaster
[53.090s] -- Installing: /home/joanne/bookros2_ws/install/force_torque_sensor_broadcaster/share/ament_index/resource_index/controller_interface__pluginlib__plugin/force_torque_sensor_broadcaster
[53.091s] -- Installing: /home/joanne/bookros2_ws/install/force_torque_sensor_broadcaster/share/force_torque_sensor_broadcaster/cmake/ament_cmake_export_include_directories-extras.cmake
[53.092s] -- Installing: /home/joanne/bookros2_ws/install/force_torque_sensor_broadcaster/share/force_torque_sensor_broadcaster/cmake/ament_cmake_export_libraries-extras.cmake
[53.092s] -- Installing: /home/joanne/bookros2_ws/install/force_torque_sensor_broadcaster/share/force_torque_sensor_broadcaster/cmake/ament_cmake_export_dependencies-extras.cmake
[53.093s] -- Installing: /home/joanne/bookros2_ws/install/force_torque_sensor_broadcaster/share/force_torque_sensor_broadcaster/cmake/force_torque_sensor_broadcasterConfig.cmake
[53.103s] -- Installing: /home/joanne/bookros2_ws/install/force_torque_sensor_broadcaster/share/force_torque_sensor_broadcaster/cmake/force_torque_sensor_broadcasterConfig-version.cmake
[53.104s] -- Installing: /home/joanne/bookros2_ws/install/force_torque_sensor_broadcaster/share/force_torque_sensor_broadcaster/package.xml
[53.200s] Invoked command in '/home/joanne/bookros2_ws/build/force_torque_sensor_broadcaster' returned '0': AMENT_PREFIX_PATH=/home/joanne/bookros2_ws/install/controller_manager:/home/joanne/bookros2_ws/install/controller_interface:/home/joanne/bookros2_ws/install/hardware_interface:/home/joanne/bookros2_ws/install/ros2_control_test_assets:/home/joanne/bookros2_ws/install/controller_manager_msgs:${AMENT_PREFIX_PATH} CMAKE_PREFIX_PATH=/home/joanne/bookros2_ws/install/controller_manager:/home/joanne/bookros2_ws/install/controller_interface:/home/joanne/bookros2_ws/install/hardware_interface:/home/joanne/bookros2_ws/install/ros2_control_test_assets:/home/joanne/bookros2_ws/install/controller_manager_msgs:/opt/ros/foxy LD_LIBRARY_PATH=/home/joanne/bookros2_ws/install/controller_manager/lib:/home/joanne/bookros2_ws/install/controller_interface/lib:/home/joanne/bookros2_ws/install/hardware_interface/lib:/home/joanne/bookros2_ws/install/controller_manager_msgs/lib:${LD_LIBRARY_PATH} PYTHONPATH=/home/joanne/bookros2_ws/install/controller_manager/lib/python3.8/site-packages:/home/joanne/bookros2_ws/install/controller_manager_msgs/lib/python3.8/site-packages:${PYTHONPATH} /usr/bin/cmake --install /home/joanne/bookros2_ws/build/force_torque_sensor_broadcaster
