[0.061s] Invoking command in '/home/joanne/bookros2_ws/build/transmission_interface': AMENT_PREFIX_PATH=/home/joanne/bookros2_ws/install/hardware_interface:/home/joanne/bookros2_ws/install/ros2_control_test_assets:${AMENT_PREFIX_PATH} CMAKE_PREFIX_PATH=/home/joanne/bookros2_ws/install/hardware_interface:/home/joanne/bookros2_ws/install/ros2_control_test_assets:/opt/ros/foxy LD_LIBRARY_PATH=/home/joanne/bookros2_ws/install/hardware_interface/lib:${LD_LIBRARY_PATH} /usr/bin/cmake --build /home/joanne/bookros2_ws/build/transmission_interface -- -j8 -l8
[0.166s] [ 13%] Built target gmock_main
[0.173s] [ 26%] Built target transmission_parser
[0.173s] [ 46%] Built target gmock
[0.250s] [ 60%] Built target test_simple_transmission
[0.251s] [ 73%] Built target test_differential_transmission
[0.255s] [ 86%] Built target test_four_bar_linkage_transmission
[0.260s] [100%] Built target test_transmission_parser
[0.279s] Invoked command in '/home/joanne/bookros2_ws/build/transmission_interface' returned '0': AMENT_PREFIX_PATH=/home/joanne/bookros2_ws/install/hardware_interface:/home/joanne/bookros2_ws/install/ros2_control_test_assets:${AMENT_PREFIX_PATH} CMAKE_PREFIX_PATH=/home/joanne/bookros2_ws/install/hardware_interface:/home/joanne/bookros2_ws/install/ros2_control_test_assets:/opt/ros/foxy LD_LIBRARY_PATH=/home/joanne/bookros2_ws/install/hardware_interface/lib:${LD_LIBRARY_PATH} /usr/bin/cmake --build /home/joanne/bookros2_ws/build/transmission_interface -- -j8 -l8
[0.284s] Invoking command in '/home/joanne/bookros2_ws/build/transmission_interface': AMENT_PREFIX_PATH=/home/joanne/bookros2_ws/install/hardware_interface:/home/joanne/bookros2_ws/install/ros2_control_test_assets:${AMENT_PREFIX_PATH} CMAKE_PREFIX_PATH=/home/joanne/bookros2_ws/install/hardware_interface:/home/joanne/bookros2_ws/install/ros2_control_test_assets:/opt/ros/foxy LD_LIBRARY_PATH=/home/joanne/bookros2_ws/install/hardware_interface/lib:${LD_LIBRARY_PATH} /usr/bin/cmake --install /home/joanne/bookros2_ws/build/transmission_interface
[0.297s] -- Install configuration: ""
[0.298s] -- Execute custom install script
[0.299s] -- Up-to-date symlink: /home/joanne/bookros2_ws/install/transmission_interface/include/transmission_interface/accessor.hpp
[0.299s] -- Up-to-date symlink: /home/joanne/bookros2_ws/install/transmission_interface/include/transmission_interface/differential_transmission.hpp
[0.300s] -- Up-to-date symlink: /home/joanne/bookros2_ws/install/transmission_interface/include/transmission_interface/exception.hpp
[0.300s] -- Up-to-date symlink: /home/joanne/bookros2_ws/install/transmission_interface/include/transmission_interface/four_bar_linkage_transmission.hpp
[0.300s] -- Up-to-date symlink: /home/joanne/bookros2_ws/install/transmission_interface/include/transmission_interface/handle.hpp
[0.301s] -- Up-to-date symlink: /home/joanne/bookros2_ws/install/transmission_interface/include/transmission_interface/simple_transmission.hpp
[0.301s] -- Up-to-date symlink: /home/joanne/bookros2_ws/install/transmission_interface/include/transmission_interface/transmission.hpp
[0.301s] -- Up-to-date symlink: /home/joanne/bookros2_ws/install/transmission_interface/include/transmission_interface/transmission_info.hpp
[0.302s] -- Up-to-date symlink: /home/joanne/bookros2_ws/install/transmission_interface/include/transmission_interface/transmission_parser.hpp
[0.302s] -- Up-to-date symlink: /home/joanne/bookros2_ws/install/transmission_interface/include/transmission_interface/visibility_control.h
[0.303s] -- Up-to-date symlink: /home/joanne/bookros2_ws/install/transmission_interface/share/ament_index/resource_index/package_run_dependencies/transmission_interface
[0.303s] -- Up-to-date symlink: /home/joanne/bookros2_ws/install/transmission_interface/share/ament_index/resource_index/parent_prefix_path/transmission_interface
[0.304s] -- Up-to-date symlink: /home/joanne/bookros2_ws/install/transmission_interface/share/transmission_interface/environment/ament_prefix_path.sh
[0.304s] -- Up-to-date symlink: /home/joanne/bookros2_ws/install/transmission_interface/share/transmission_interface/environment/ament_prefix_path.dsv
[0.304s] -- Up-to-date symlink: /home/joanne/bookros2_ws/install/transmission_interface/share/transmission_interface/environment/path.sh
[0.305s] -- Up-to-date symlink: /home/joanne/bookros2_ws/install/transmission_interface/share/transmission_interface/environment/path.dsv
[0.305s] -- Up-to-date symlink: /home/joanne/bookros2_ws/install/transmission_interface/share/transmission_interface/local_setup.bash
[0.306s] -- Up-to-date symlink: /home/joanne/bookros2_ws/install/transmission_interface/share/transmission_interface/local_setup.sh
[0.307s] -- Up-to-date symlink: /home/joanne/bookros2_ws/install/transmission_interface/share/transmission_interface/local_setup.zsh
[0.307s] -- Up-to-date symlink: /home/joanne/bookros2_ws/install/transmission_interface/share/transmission_interface/local_setup.dsv
[0.307s] -- Symlinking: /home/joanne/bookros2_ws/install/transmission_interface/share/transmission_interface/package.dsv
[0.326s] -- Up-to-date symlink: /home/joanne/bookros2_ws/install/transmission_interface/share/ament_index/resource_index/packages/transmission_interface
[0.326s] -- Up-to-date symlink: /home/joanne/bookros2_ws/install/transmission_interface/share/transmission_interface/cmake/ament_cmake_export_include_directories-extras.cmake
[0.326s] -- Up-to-date symlink: /home/joanne/bookros2_ws/install/transmission_interface/share/transmission_interface/cmake/ament_cmake_export_dependencies-extras.cmake
[0.327s] -- Up-to-date symlink: /home/joanne/bookros2_ws/install/transmission_interface/share/transmission_interface/cmake/transmission_interfaceConfig.cmake
[0.327s] -- Up-to-date symlink: /home/joanne/bookros2_ws/install/transmission_interface/share/transmission_interface/cmake/transmission_interfaceConfig-version.cmake
[0.327s] -- Up-to-date symlink: /home/joanne/bookros2_ws/install/transmission_interface/share/transmission_interface/package.xml
[0.331s] Invoked command in '/home/joanne/bookros2_ws/build/transmission_interface' returned '0': AMENT_PREFIX_PATH=/home/joanne/bookros2_ws/install/hardware_interface:/home/joanne/bookros2_ws/install/ros2_control_test_assets:${AMENT_PREFIX_PATH} CMAKE_PREFIX_PATH=/home/joanne/bookros2_ws/install/hardware_interface:/home/joanne/bookros2_ws/install/ros2_control_test_assets:/opt/ros/foxy LD_LIBRARY_PATH=/home/joanne/bookros2_ws/install/hardware_interface/lib:${LD_LIBRARY_PATH} /usr/bin/cmake --install /home/joanne/bookros2_ws/build/transmission_interface
