[0.562s] Invoking command in '/home/joanne/bookros2_ws/build/br2_tracking_msgs': CMAKE_PREFIX_PATH=${CMAKE_PREFIX_PATH}:/home/joanne/bookros2_ws/install/ros2controlcli:/home/joanne/bookros2_ws/install/launch_pal:/home/joanne/bookros2_ws/install/br2_fsm_bumpgo_py:/opt/ros/foxy /usr/bin/cmake --build /home/joanne/bookros2_ws/build/br2_tracking_msgs -- -j8 -l8
[1.090s] [  3%] Built target br2_tracking_msgs__cpp
[1.155s] [ 12%] Built target br2_tracking_msgs__rosidl_generator_c
[1.428s] [ 22%] Built target br2_tracking_msgs__rosidl_typesupport_c
[1.503s] [ 32%] Built target br2_tracking_msgs__rosidl_typesupport_introspection_cpp
[1.589s] [ 41%] Built target br2_tracking_msgs__rosidl_typesupport_cpp
[1.647s] [ 51%] Built target br2_tracking_msgs__rosidl_typesupport_fastrtps_cpp
[1.737s] [ 61%] Built target br2_tracking_msgs__rosidl_typesupport_introspection_c
[1.898s] [ 70%] Built target br2_tracking_msgs__rosidl_typesupport_fastrtps_c
[2.064s] [ 70%] Built target br2_tracking_msgs
[2.156s] [ 74%] Built target br2_tracking_msgs__py
[2.285s] [ 80%] Built target br2_tracking_msgs__python
[2.451s] [ 87%] Built target br2_tracking_msgs__rosidl_typesupport_fastrtps_c__pyext
[2.455s] [ 93%] Built target br2_tracking_msgs__rosidl_typesupport_introspection_c__pyext
[2.474s] [100%] Built target br2_tracking_msgs__rosidl_typesupport_c__pyext
[3.426s] Invoked command in '/home/joanne/bookros2_ws/build/br2_tracking_msgs' returned '0': CMAKE_PREFIX_PATH=${CMAKE_PREFIX_PATH}:/home/joanne/bookros2_ws/install/ros2controlcli:/home/joanne/bookros2_ws/install/launch_pal:/home/joanne/bookros2_ws/install/br2_fsm_bumpgo_py:/opt/ros/foxy /usr/bin/cmake --build /home/joanne/bookros2_ws/build/br2_tracking_msgs -- -j8 -l8
[3.433s] Invoking command in '/home/joanne/bookros2_ws/build/br2_tracking_msgs': CMAKE_PREFIX_PATH=${CMAKE_PREFIX_PATH}:/home/joanne/bookros2_ws/install/ros2controlcli:/home/joanne/bookros2_ws/install/launch_pal:/home/joanne/bookros2_ws/install/br2_fsm_bumpgo_py:/opt/ros/foxy /usr/bin/cmake --install /home/joanne/bookros2_ws/build/br2_tracking_msgs
[3.735s] -- Install configuration: ""
[3.742s] -- Execute custom install script
[3.743s] -- Up-to-date symlink: /home/joanne/bookros2_ws/install/br2_tracking_msgs/share/ament_index/resource_index/rosidl_interfaces/br2_tracking_msgs
[3.745s] -- Up-to-date symlink: /home/joanne/bookros2_ws/install/br2_tracking_msgs/include/br2_tracking_msgs/msg/detail/pan_tilt_command__functions.h
[3.747s] -- Up-to-date symlink: /home/joanne/bookros2_ws/install/br2_tracking_msgs/include/br2_tracking_msgs/msg/detail/pan_tilt_command__struct.h
[3.748s] -- Up-to-date symlink: /home/joanne/bookros2_ws/install/br2_tracking_msgs/include/br2_tracking_msgs/msg/detail/pan_tilt_command__type_support.h
[3.753s] -- Up-to-date symlink: /home/joanne/bookros2_ws/install/br2_tracking_msgs/include/br2_tracking_msgs/msg/pan_tilt_command.h
[3.754s] -- Up-to-date symlink: /home/joanne/bookros2_ws/install/br2_tracking_msgs/include/br2_tracking_msgs/msg/rosidl_generator_c__visibility_control.h
[3.754s] -- Up-to-date symlink: /home/joanne/bookros2_ws/install/br2_tracking_msgs/share/br2_tracking_msgs/environment/library_path.sh
[3.754s] -- Up-to-date symlink: /home/joanne/bookros2_ws/install/br2_tracking_msgs/share/br2_tracking_msgs/environment/library_path.dsv
[3.754s] -- Up-to-date symlink: /home/joanne/bookros2_ws/install/br2_tracking_msgs/include/br2_tracking_msgs/msg/detail/pan_tilt_command__rosidl_typesupport_fastrtps_c.h
[3.760s] -- Up-to-date symlink: /home/joanne/bookros2_ws/install/br2_tracking_msgs/include/br2_tracking_msgs/msg/rosidl_typesupport_fastrtps_c__visibility_control.h
[3.761s] -- Up-to-date symlink: /home/joanne/bookros2_ws/install/br2_tracking_msgs/lib/libbr2_tracking_msgs__rosidl_typesupport_fastrtps_c.so
[3.761s] -- Up-to-date symlink: /home/joanne/bookros2_ws/install/br2_tracking_msgs/include/br2_tracking_msgs/msg/detail/pan_tilt_command__rosidl_typesupport_fastrtps_cpp.hpp
[3.761s] -- Up-to-date symlink: /home/joanne/bookros2_ws/install/br2_tracking_msgs/include/br2_tracking_msgs/msg/rosidl_typesupport_fastrtps_cpp__visibility_control.h
[3.762s] -- Up-to-date symlink: /home/joanne/bookros2_ws/install/br2_tracking_msgs/lib/libbr2_tracking_msgs__rosidl_typesupport_fastrtps_cpp.so
[3.762s] -- Up-to-date symlink: /home/joanne/bookros2_ws/install/br2_tracking_msgs/include/br2_tracking_msgs/msg/detail/pan_tilt_command__rosidl_typesupport_introspection_c.h
[3.763s] -- Up-to-date symlink: /home/joanne/bookros2_ws/install/br2_tracking_msgs/include/br2_tracking_msgs/msg/rosidl_typesupport_introspection_c__visibility_control.h
[3.764s] -- Up-to-date symlink: /home/joanne/bookros2_ws/install/br2_tracking_msgs/include/br2_tracking_msgs/msg/detail/pan_tilt_command__builder.hpp
[3.764s] -- Up-to-date symlink: /home/joanne/bookros2_ws/install/br2_tracking_msgs/include/br2_tracking_msgs/msg/detail/pan_tilt_command__struct.hpp
[3.768s] -- Up-to-date symlink: /home/joanne/bookros2_ws/install/br2_tracking_msgs/include/br2_tracking_msgs/msg/detail/pan_tilt_command__traits.hpp
[3.773s] -- Up-to-date symlink: /home/joanne/bookros2_ws/install/br2_tracking_msgs/include/br2_tracking_msgs/msg/detail/pan_tilt_command__type_support.hpp
[3.774s] -- Up-to-date symlink: /home/joanne/bookros2_ws/install/br2_tracking_msgs/include/br2_tracking_msgs/msg/pan_tilt_command.hpp
[3.775s] -- Up-to-date symlink: /home/joanne/bookros2_ws/install/br2_tracking_msgs/include/br2_tracking_msgs/msg/rosidl_generator_cpp__visibility_control.hpp
[3.802s] -- Up-to-date symlink: /home/joanne/bookros2_ws/install/br2_tracking_msgs/include/br2_tracking_msgs/msg/detail/pan_tilt_command__rosidl_typesupport_introspection_cpp.hpp
[3.803s] -- Up-to-date symlink: /home/joanne/bookros2_ws/install/br2_tracking_msgs/share/br2_tracking_msgs/environment/pythonpath.sh
[3.804s] -- Up-to-date symlink: /home/joanne/bookros2_ws/install/br2_tracking_msgs/share/br2_tracking_msgs/environment/pythonpath.dsv
[3.805s] -- Up-to-date symlink: /home/joanne/bookros2_ws/install/br2_tracking_msgs/lib/python3.8/site-packages/br2_tracking_msgs/__init__.py
[3.806s] -- Up-to-date symlink: /home/joanne/bookros2_ws/install/br2_tracking_msgs/lib/python3.8/site-packages/br2_tracking_msgs/msg/__init__.py
[3.806s] -- Up-to-date symlink: /home/joanne/bookros2_ws/install/br2_tracking_msgs/lib/python3.8/site-packages/br2_tracking_msgs/msg/_pan_tilt_command.py
[3.806s] -- Up-to-date symlink: /home/joanne/bookros2_ws/install/br2_tracking_msgs/lib/python3.8/site-packages/br2_tracking_msgs/br2_tracking_msgs_s__rosidl_typesupport_fastrtps_c.cpython-38-x86_64-linux-gnu.so
[3.807s] -- Up-to-date symlink: /home/joanne/bookros2_ws/install/br2_tracking_msgs/lib/python3.8/site-packages/br2_tracking_msgs/br2_tracking_msgs_s__rosidl_typesupport_introspection_c.cpython-38-x86_64-linux-gnu.so
[3.807s] -- Up-to-date symlink: /home/joanne/bookros2_ws/install/br2_tracking_msgs/lib/python3.8/site-packages/br2_tracking_msgs/br2_tracking_msgs_s__rosidl_typesupport_c.cpython-38-x86_64-linux-gnu.so
[3.807s] -- Up-to-date symlink: /home/joanne/bookros2_ws/install/br2_tracking_msgs/lib/libbr2_tracking_msgs__python.so
[3.808s] -- Up-to-date symlink: /home/joanne/bookros2_ws/install/br2_tracking_msgs/share/br2_tracking_msgs/msg/PanTiltCommand.idl
[3.808s] -- Up-to-date symlink: /home/joanne/bookros2_ws/install/br2_tracking_msgs/share/br2_tracking_msgs/msg/PanTiltCommand.msg
[3.808s] -- Up-to-date symlink: /home/joanne/bookros2_ws/install/br2_tracking_msgs/share/ament_index/resource_index/package_run_dependencies/br2_tracking_msgs
[3.809s] -- Up-to-date symlink: /home/joanne/bookros2_ws/install/br2_tracking_msgs/share/ament_index/resource_index/parent_prefix_path/br2_tracking_msgs
[3.809s] -- Up-to-date symlink: /home/joanne/bookros2_ws/install/br2_tracking_msgs/share/br2_tracking_msgs/environment/ament_prefix_path.sh
[3.809s] -- Up-to-date symlink: /home/joanne/bookros2_ws/install/br2_tracking_msgs/share/br2_tracking_msgs/environment/ament_prefix_path.dsv
[3.809s] -- Up-to-date symlink: /home/joanne/bookros2_ws/install/br2_tracking_msgs/share/br2_tracking_msgs/environment/path.sh
[3.810s] -- Up-to-date symlink: /home/joanne/bookros2_ws/install/br2_tracking_msgs/share/br2_tracking_msgs/environment/path.dsv
[3.812s] -- Up-to-date symlink: /home/joanne/bookros2_ws/install/br2_tracking_msgs/share/br2_tracking_msgs/local_setup.bash
[3.812s] -- Up-to-date symlink: /home/joanne/bookros2_ws/install/br2_tracking_msgs/share/br2_tracking_msgs/local_setup.sh
[3.813s] -- Up-to-date symlink: /home/joanne/bookros2_ws/install/br2_tracking_msgs/share/br2_tracking_msgs/local_setup.zsh
[3.813s] -- Up-to-date symlink: /home/joanne/bookros2_ws/install/br2_tracking_msgs/share/br2_tracking_msgs/local_setup.dsv
[3.813s] -- Symlinking: /home/joanne/bookros2_ws/install/br2_tracking_msgs/share/br2_tracking_msgs/package.dsv
[3.813s] -- Up-to-date symlink: /home/joanne/bookros2_ws/install/br2_tracking_msgs/share/ament_index/resource_index/packages/br2_tracking_msgs
[3.813s] -- Up-to-date symlink: /home/joanne/bookros2_ws/install/br2_tracking_msgs/share/br2_tracking_msgs/cmake/rosidl_cmake-extras.cmake
[3.814s] -- Up-to-date symlink: /home/joanne/bookros2_ws/install/br2_tracking_msgs/share/br2_tracking_msgs/cmake/ament_cmake_export_dependencies-extras.cmake
[3.814s] -- Up-to-date symlink: /home/joanne/bookros2_ws/install/br2_tracking_msgs/share/br2_tracking_msgs/cmake/ament_cmake_export_libraries-extras.cmake
[3.814s] -- Up-to-date symlink: /home/joanne/bookros2_ws/install/br2_tracking_msgs/share/br2_tracking_msgs/cmake/ament_cmake_export_targets-extras.cmake
[3.814s] -- Up-to-date symlink: /home/joanne/bookros2_ws/install/br2_tracking_msgs/share/br2_tracking_msgs/cmake/ament_cmake_export_include_directories-extras.cmake
[3.814s] -- Up-to-date symlink: /home/joanne/bookros2_ws/install/br2_tracking_msgs/share/br2_tracking_msgs/cmake/rosidl_cmake_export_typesupport_libraries-extras.cmake
[3.815s] -- Up-to-date symlink: /home/joanne/bookros2_ws/install/br2_tracking_msgs/share/br2_tracking_msgs/cmake/rosidl_cmake_export_typesupport_targets-extras.cmake
[3.815s] -- Up-to-date symlink: /home/joanne/bookros2_ws/install/br2_tracking_msgs/share/br2_tracking_msgs/cmake/br2_tracking_msgsConfig.cmake
[3.815s] -- Up-to-date symlink: /home/joanne/bookros2_ws/install/br2_tracking_msgs/share/br2_tracking_msgs/cmake/br2_tracking_msgsConfig-version.cmake
[3.816s] -- Up-to-date symlink: /home/joanne/bookros2_ws/install/br2_tracking_msgs/share/br2_tracking_msgs/package.xml
[3.817s] -- Up-to-date: /home/joanne/bookros2_ws/install/br2_tracking_msgs/lib/libbr2_tracking_msgs__rosidl_generator_c.so
[3.834s] -- Up-to-date: /home/joanne/bookros2_ws/install/br2_tracking_msgs/lib/libbr2_tracking_msgs__rosidl_typesupport_introspection_c.so
[3.835s] -- Up-to-date: /home/joanne/bookros2_ws/install/br2_tracking_msgs/lib/libbr2_tracking_msgs__rosidl_typesupport_c.so
[3.839s] -- Up-to-date: /home/joanne/bookros2_ws/install/br2_tracking_msgs/lib/libbr2_tracking_msgs__rosidl_typesupport_introspection_cpp.so
[3.839s] -- Up-to-date: /home/joanne/bookros2_ws/install/br2_tracking_msgs/lib/libbr2_tracking_msgs__rosidl_typesupport_cpp.so
[3.865s] -- Up-to-date: /home/joanne/bookros2_ws/install/br2_tracking_msgs/share/br2_tracking_msgs/cmake/br2_tracking_msgs__rosidl_generator_cExport.cmake
[3.872s] -- Up-to-date: /home/joanne/bookros2_ws/install/br2_tracking_msgs/share/br2_tracking_msgs/cmake/br2_tracking_msgs__rosidl_generator_cExport-noconfig.cmake
[3.873s] -- Up-to-date: /home/joanne/bookros2_ws/install/br2_tracking_msgs/share/br2_tracking_msgs/cmake/br2_tracking_msgs__rosidl_typesupport_introspection_cExport.cmake
[3.874s] -- Up-to-date: /home/joanne/bookros2_ws/install/br2_tracking_msgs/share/br2_tracking_msgs/cmake/br2_tracking_msgs__rosidl_typesupport_introspection_cExport-noconfig.cmake
[3.874s] -- Up-to-date: /home/joanne/bookros2_ws/install/br2_tracking_msgs/share/br2_tracking_msgs/cmake/br2_tracking_msgs__rosidl_typesupport_cExport.cmake
[3.874s] -- Up-to-date: /home/joanne/bookros2_ws/install/br2_tracking_msgs/share/br2_tracking_msgs/cmake/br2_tracking_msgs__rosidl_typesupport_cExport-noconfig.cmake
[3.876s] -- Up-to-date: /home/joanne/bookros2_ws/install/br2_tracking_msgs/share/br2_tracking_msgs/cmake/br2_tracking_msgs__rosidl_generator_cppExport.cmake
[3.876s] -- Up-to-date: /home/joanne/bookros2_ws/install/br2_tracking_msgs/share/br2_tracking_msgs/cmake/br2_tracking_msgs__rosidl_typesupport_introspection_cppExport.cmake
[3.877s] -- Up-to-date: /home/joanne/bookros2_ws/install/br2_tracking_msgs/share/br2_tracking_msgs/cmake/br2_tracking_msgs__rosidl_typesupport_introspection_cppExport-noconfig.cmake
[3.877s] -- Up-to-date: /home/joanne/bookros2_ws/install/br2_tracking_msgs/share/br2_tracking_msgs/cmake/br2_tracking_msgs__rosidl_typesupport_cppExport.cmake
[3.877s] -- Up-to-date: /home/joanne/bookros2_ws/install/br2_tracking_msgs/share/br2_tracking_msgs/cmake/br2_tracking_msgs__rosidl_typesupport_cppExport-noconfig.cmake
[4.068s] Invoked command in '/home/joanne/bookros2_ws/build/br2_tracking_msgs' returned '0': CMAKE_PREFIX_PATH=${CMAKE_PREFIX_PATH}:/home/joanne/bookros2_ws/install/ros2controlcli:/home/joanne/bookros2_ws/install/launch_pal:/home/joanne/bookros2_ws/install/br2_fsm_bumpgo_py:/opt/ros/foxy /usr/bin/cmake --install /home/joanne/bookros2_ws/build/br2_tracking_msgs
