[0.125s] Invoking command in '/home/joanne/bookros2_ws/build/br2_tracking': CMAKE_PREFIX_PATH=/home/joanne/bookros2_ws/install/br2_tracking_msgs:/home/joanne/bookros2_ws/install/gazebo_ros2_control_demos:/home/joanne/bookros2_ws/install/ros2_controllers:/home/joanne/bookros2_ws/install/velocity_controllers:/home/joanne/bookros2_ws/install/urdf_test:/home/joanne/bookros2_ws/install/tiago_simulation:/home/joanne/bookros2_ws/install/tiago_robot:/home/joanne/bookros2_ws/install/tiago_2dnav_gazebo:/home/joanne/bookros2_ws/install/tiago_gazebo:/home/joanne/bookros2_ws/install/tiago_bringup:/home/joanne/bookros2_ws/install/pmb2_robot:/home/joanne/bookros2_ws/install/pmb2_bringup:/home/joanne/bookros2_ws/install/twist_mux:/home/joanne/bookros2_ws/install/transmission_interface:/home/joanne/bookros2_ws/install/tiago_description:/home/joanne/bookros2_ws/install/tiago_description_calibration:/home/joanne/bookros2_ws/install/tiago_controller_configuration:/home/joanne/bookros2_ws/install/ros2_control:/home/joanne/bookros2_ws/install/ros2_control_test_assets:/home/joanne/bookros2_ws/install/pal_gripper:/home/joanne/bookros2_ws/install/pal_gripper_controller_configuration:/home/joanne/bookros2_ws/install/position_controllers:/home/joanne/bookros2_ws/install/pmb2_navigation:/home/joanne/bookros2_ws/install/pmb2_2dnav:/home/joanne/bookros2_ws/install/pmb2_maps:/home/joanne/bookros2_ws/install/pmb2_description:/home/joanne/bookros2_ws/install/pmb2_controller_configuration:/home/joanne/bookros2_ws/install/pal_gripper_description:/home/joanne/bookros2_ws/install/pal_gazebo_worlds:/home/joanne/bookros2_ws/install/joint_trajectory_controller:/home/joanne/bookros2_ws/install/joint_state_controller:/home/joanne/bookros2_ws/install/joint_state_broadcaster:/home/joanne/bookros2_ws/install/imu_sensor_broadcaster:/home/joanne/bookros2_ws/install/hey5_description:/home/joanne/bookros2_ws/install/gripper_controllers:/home/joanne/bookros2_ws/install/gazebo_ros2_control:/home/joanne/bookros2_ws/install/effort_controllers:/home/joanne/bookros2_ws/install/forward_command_controller:/home/joanne/bookros2_ws/install/force_torque_sensor_broadcaster:/home/joanne/bookros2_ws/install/diff_drive_controller:/home/joanne/bookros2_ws/install/controller_manager:/home/joanne/bookros2_ws/install/controller_interface:/home/joanne/bookros2_ws/install/hardware_interface:/home/joanne/bookros2_ws/install/groot:/home/joanne/bookros2_ws/install/controller_manager_msgs:/home/joanne/bookros2_ws/install/br2_vff_avoidance:/home/joanne/bookros2_ws/install/br2_tracking:/home/joanne/bookros2_ws/install/br2_tiago:/home/joanne/bookros2_ws/install/br2_tf2_detector:/home/joanne/bookros2_ws/install/br2_navigation:/home/joanne/bookros2_ws/install/br2_fsm_bumpgo_cpp:/home/joanne/bookros2_ws/install/br2_bt_patrolling:/home/joanne/bookros2_ws/install/br2_bt_bumpgo:/home/joanne/bookros2_ws/install/br2_basics:/home/joanne/nav2_ws/install/nav2_system_tests:/home/joanne/nav2_ws/install/nav2_bringup:/home/joanne/nav2_ws/install/navigation2:/home/joanne/nav2_ws/install/smac_planner:/home/joanne/nav2_ws/install/nav2_dwb_controller:/home/joanne/nav2_ws/install/nav2_controller:/home/joanne/nav2_ws/install/dwb_plugins:/home/joanne/nav2_ws/install/dwb_critics:/home/joanne/nav2_ws/install/dwb_core:/home/joanne/nav2_ws/install/nav_2d_utils:/home/joanne/nav2_ws/install/dwb_msgs:/home/joanne/nav2_ws/install/nav_2d_msgs:/home/joanne/nav2_ws/install/nav2_waypoint_follower:/home/joanne/nav2_ws/install/nav2_regulated_pure_pursuit_controller:/home/joanne/nav2_ws/install/nav2_recoveries:/home/joanne/nav2_ws/install/nav2_planner:/home/joanne/nav2_ws/install/nav2_navfn_planner:/home/joanne/nav2_ws/install/nav2_core:/home/joanne/nav2_ws/install/costmap_queue:/home/joanne/nav2_ws/install/nav2_costmap_2d:/home/joanne/nav2_ws/install/nav2_voxel_grid:/home/joanne/nav2_ws/install/nav2_rviz_plugins:/home/joanne/nav2_ws/install/nav2_map_server:/home/joanne/nav2_ws/install/nav2_lifecycle_manager:/home/joanne/nav2_ws/install/nav2_bt_navigator:/home/joanne/nav2_ws/install/nav2_behavior_tree:/home/joanne/nav2_ws/install/nav2_amcl:/home/joanne/nav2_ws/install/nav2_util:/home/joanne/nav2_ws/install/nav2_msgs:/home/joanne/nav2_ws/install/nav2_common:/home/joanne/bookros2_ws/install/ros2controlcli:/home/joanne/bookros2_ws/install/launch_pal:/home/joanne/bookros2_ws/install/br2_fsm_bumpgo_py:/home/joanne/nav2_ws/install/nav2_gazebo_spawner:/opt/ros/foxy LD_LIBRARY_PATH=/home/joanne/bookros2_ws/install/br2_tracking_msgs/lib:/home/joanne/bookros2_ws/install/velocity_controllers/lib:/home/joanne/bookros2_ws/install/position_controllers/lib:/home/joanne/bookros2_ws/install/joint_trajectory_controller/lib:/home/joanne/bookros2_ws/install/joint_state_controller/lib:/home/joanne/bookros2_ws/install/joint_state_broadcaster/lib:/home/joanne/bookros2_ws/install/imu_sensor_broadcaster/lib:/home/joanne/bookros2_ws/install/gripper_controllers/lib:/home/joanne/bookros2_ws/install/gazebo_ros2_control/lib:/home/joanne/bookros2_ws/install/effort_controllers/lib:/home/joanne/bookros2_ws/install/forward_command_controller/lib:/home/joanne/bookros2_ws/install/force_torque_sensor_broadcaster/lib:/home/joanne/bookros2_ws/install/diff_drive_controller/lib:/home/joanne/bookros2_ws/install/controller_manager/lib:/home/joanne/bookros2_ws/install/controller_interface/lib:/home/joanne/bookros2_ws/install/hardware_interface/lib:/home/joanne/bookros2_ws/install/groot/lib:/home/joanne/bookros2_ws/install/controller_manager_msgs/lib:/home/joanne/bookros2_ws/install/br2_vff_avoidance/lib:/home/joanne/bookros2_ws/install/br2_tracking/lib:/home/joanne/bookros2_ws/install/br2_tf2_detector/lib:/home/joanne/bookros2_ws/install/br2_bt_patrolling/lib:/home/joanne/bookros2_ws/install/br2_bt_bumpgo/lib:/home/joanne/nav2_ws/install/smac_planner/lib:/home/joanne/nav2_ws/install/nav2_controller/lib:/home/joanne/nav2_ws/install/dwb_plugins/lib:/home/joanne/nav2_ws/install/dwb_critics/lib:/home/joanne/nav2_ws/install/dwb_core/lib:/home/joanne/nav2_ws/install/nav_2d_utils/lib:/home/joanne/nav2_ws/install/dwb_msgs/lib:/home/joanne/nav2_ws/install/nav_2d_msgs/lib:/home/joanne/nav2_ws/install/nav2_waypoint_follower/lib:/home/joanne/nav2_ws/install/nav2_regulated_pure_pursuit_controller/lib:/home/joanne/nav2_ws/install/nav2_recoveries/lib:/home/joanne/nav2_ws/install/nav2_planner/lib:/home/joanne/nav2_ws/install/nav2_navfn_planner/lib:/home/joanne/nav2_ws/install/costmap_queue/lib:/home/joanne/nav2_ws/install/nav2_costmap_2d/lib:/home/joanne/nav2_ws/install/nav2_voxel_grid/lib:/home/joanne/nav2_ws/install/nav2_rviz_plugins/lib:/home/joanne/nav2_ws/install/nav2_map_server/lib:/home/joanne/nav2_ws/install/nav2_lifecycle_manager/lib:/home/joanne/nav2_ws/install/nav2_bt_navigator/lib:/home/joanne/nav2_ws/install/nav2_behavior_tree/lib:/home/joanne/nav2_ws/install/nav2_amcl/lib:/home/joanne/nav2_ws/install/nav2_util/lib:/home/joanne/nav2_ws/install/nav2_msgs/lib:/usr/lib/x86_64-linux-gnu/gazebo-11/plugins:/opt/ros/foxy/opt/yaml_cpp_vendor/lib:/opt/ros/foxy/opt/rviz_ogre_vendor/lib:/opt/ros/foxy/lib/x86_64-linux-gnu:/opt/ros/foxy/lib PYTHONPATH=/home/joanne/bookros2_ws/install/br2_tracking_msgs/lib/python3.8/site-packages:/home/joanne/bookros2_ws/install/urdf_test/lib/python3.8/site-packages:/home/joanne/bookros2_ws/install/tiago_description/lib/python3.8/site-packages:/home/joanne/bookros2_ws/build/ros2controlcli:/home/joanne/bookros2_ws/install/ros2controlcli/lib/python3.8/site-packages:/home/joanne/bookros2_ws/install/pmb2_description/lib/python3.8/site-packages:/home/joanne/bookros2_ws/build/launch_pal:/home/joanne/bookros2_ws/install/launch_pal/lib/python3.8/site-packages:/home/joanne/bookros2_ws/install/controller_manager/lib/python3.8/site-packages:/home/joanne/bookros2_ws/install/controller_manager_msgs/lib/python3.8/site-packages:/home/joanne/bookros2_ws/build/br2_fsm_bumpgo_py:/home/joanne/bookros2_ws/install/br2_fsm_bumpgo_py/lib/python3.8/site-packages:/home/joanne/nav2_ws/install/dwb_msgs/lib/python3.8/site-packages:/home/joanne/nav2_ws/install/nav_2d_msgs/lib/python3.8/site-packages:/home/joanne/nav2_ws/install/nav2_msgs/lib/python3.8/site-packages:/home/joanne/nav2_ws/build/nav2_gazebo_spawner:/home/joanne/nav2_ws/install/nav2_gazebo_spawner/lib/python3.8/site-packages:/home/joanne/nav2_ws/install/nav2_common/lib/python3.8/site-packages:/opt/ros/foxy/lib/python3.8/site-packages /usr/bin/cmake --build /home/joanne/bookros2_ws/build/br2_tracking -- -j8 -l8
[0.413s] -- Found pcl_conversions: 2.2.1 (/opt/ros/foxy/share/pcl_conversions/cmake)
[0.576s] -- Using PYTHON_EXECUTABLE: /usr/bin/python3
[1.575s] -- Override CMake install command with custom implementation using symlinks instead of copying resources
[1.890s] -- Using all available rosidl_typesupport_c: rosidl_typesupport_fastrtps_c;rosidl_typesupport_introspection_c
[1.910s] -- Found rosidl_adapter: 1.3.1 (/opt/ros/foxy/share/rosidl_adapter/cmake)
[2.606s] -- Using all available rosidl_typesupport_cpp: rosidl_typesupport_fastrtps_cpp;rosidl_typesupport_introspection_cpp
[4.413s] -- Found rmw_implementation_cmake: 1.0.4 (/opt/ros/foxy/share/rmw_implementation_cmake/cmake)
[4.451s] -- Using RMW implementation 'rmw_fastrtps_cpp' as default
[5.288s] -- Found pcl_ros: 2.2.1 (/opt/ros/foxy/share/pcl_ros/cmake)
[5.917s] -- Found eigen3_cmake_module: 0.1.1 (/opt/ros/foxy/share/eigen3_cmake_module/cmake)
[5.964s] -- Found Eigen3: TRUE (found version "3.3.7") 
[8.045s] -- Checking for module 'eigen3'
[8.201s] --   Found eigen3, version 3.3.7
[8.513s] -- Found Eigen: /usr/include/eigen3 (Required is at least version "3.1") 
[8.515s] -- Eigen found (include: /usr/include/eigen3, version: 3.3.7)
[9.246s] -- Checking for module 'flann'
[9.381s] --   Found flann, version 1.9.1
[9.695s] -- Found FLANN: /usr/lib/x86_64-linux-gnu/libflann_cpp.so  
[9.941s] -- The imported target "vtkParseOGLExt" references the file
[9.941s]    "/usr/bin/vtkParseOGLExt-7.1"
[9.942s] but this file does not exist.  Possible reasons include:
[9.942s] * The file was deleted, renamed, or moved to another location.
[9.942s] * An install or uninstall procedure did not complete successfully.
[9.942s] * The installation package was faulty and contained
[9.942s]    "/usr/lib/cmake/vtk-7.1/VTKTargets.cmake"
[9.942s] but not all the files it references.
[9.943s] 
[9.945s] -- The imported target "vtkRenderingPythonTkWidgets" references the file
[9.945s]    "/usr/lib/x86_64-linux-gnu/libvtkRenderingPythonTkWidgets.so"
[9.946s] but this file does not exist.  Possible reasons include:
[9.946s] * The file was deleted, renamed, or moved to another location.
[9.946s] * An install or uninstall procedure did not complete successfully.
[9.946s] * The installation package was faulty and contained
[9.946s]    "/usr/lib/cmake/vtk-7.1/VTKTargets.cmake"
[9.946s] but not all the files it references.
[9.946s] 
[9.947s] -- The imported target "vtk" references the file
[9.947s]    "/usr/bin/vtk"
[9.948s] but this file does not exist.  Possible reasons include:
[9.948s] * The file was deleted, renamed, or moved to another location.
[9.948s] * An install or uninstall procedure did not complete successfully.
[9.948s] * The installation package was faulty and contained
[9.949s]    "/usr/lib/cmake/vtk-7.1/VTKTargets.cmake"
[9.949s] but not all the files it references.
[9.949s] 
[9.951s] -- The imported target "pvtk" references the file
[9.955s]    "/usr/bin/pvtk"
[9.957s] but this file does not exist.  Possible reasons include:
[9.958s] * The file was deleted, renamed, or moved to another location.
[9.959s] * An install or uninstall procedure did not complete successfully.
[9.960s] * The installation package was faulty and contained
[9.961s]    "/usr/lib/cmake/vtk-7.1/VTKTargets.cmake"
[9.961s] but not all the files it references.
[9.962s] 
[10.087s] -- Checking for module 'libusb-1.0'
[10.217s] --   Found libusb-1.0, version 1.0.23
[10.491s] -- Found USB_10: /usr/lib/x86_64-linux-gnu/libusb-1.0.so  
[10.938s] -- OpenNI found (include: /usr/include/ni, lib: /usr/lib/libOpenNI.so)
[11.370s] -- OpenNI2 found (include: /usr/include/openni2, lib: /usr/lib/libOpenNI2.so)
[11.456s] -- Found libusb-1.0: /usr/include  
[11.507s] -- OpenNI found (include: /usr/include/ni, lib: /usr/lib/libOpenNI.so)
[11.536s] -- OpenNI2 found (include: /usr/include/openni2, lib: /usr/lib/libOpenNI2.so)
[11.758s] -- Found Qhull: optimized;/usr/lib/x86_64-linux-gnu/libqhull.so;debug;/usr/lib/x86_64-linux-gnu/libqhull.so  
[11.759s] -- QHULL found (include: /usr/include, lib: optimized;/usr/lib/x86_64-linux-gnu/libqhull.so;debug;/usr/lib/x86_64-linux-gnu/libqhull.so)
[11.802s] -- OpenNI found (include: /usr/include/ni, lib: /usr/lib/libOpenNI.so)
[11.864s] -- Found PCL_COMMON: /usr/lib/x86_64-linux-gnu/libpcl_common.so  
[11.875s] -- Found PCL_KDTREE: /usr/lib/x86_64-linux-gnu/libpcl_kdtree.so  
[11.885s] -- Found PCL_OCTREE: /usr/lib/x86_64-linux-gnu/libpcl_octree.so  
[11.898s] -- Found PCL_SEARCH: /usr/lib/x86_64-linux-gnu/libpcl_search.so  
[11.917s] -- Found PCL_SAMPLE_CONSENSUS: /usr/lib/x86_64-linux-gnu/libpcl_sample_consensus.so  
[11.929s] -- Found PCL_FILTERS: /usr/lib/x86_64-linux-gnu/libpcl_filters.so  
[11.932s] -- Found PCL_2D: /usr/include/pcl-1.10  
[11.935s] -- Found PCL_GEOMETRY: /usr/include/pcl-1.10  
[11.939s] -- Found PCL_IO: /usr/lib/x86_64-linux-gnu/libpcl_io.so  
[11.956s] -- Found PCL_FEATURES: /usr/lib/x86_64-linux-gnu/libpcl_features.so  
[11.961s] -- Found PCL_ML: /usr/lib/x86_64-linux-gnu/libpcl_ml.so  
[11.965s] -- Found PCL_SEGMENTATION: /usr/lib/x86_64-linux-gnu/libpcl_segmentation.so  
[11.971s] -- Found PCL_VISUALIZATION: /usr/lib/x86_64-linux-gnu/libpcl_visualization.so  
[11.976s] -- Found PCL_SURFACE: /usr/lib/x86_64-linux-gnu/libpcl_surface.so  
[11.981s] -- Found PCL_REGISTRATION: /usr/lib/x86_64-linux-gnu/libpcl_registration.so  
[11.985s] -- Found PCL_KEYPOINTS: /usr/lib/x86_64-linux-gnu/libpcl_keypoints.so  
[12.001s] -- Found PCL_TRACKING: /usr/lib/x86_64-linux-gnu/libpcl_tracking.so  
[12.009s] -- Found PCL_RECOGNITION: /usr/lib/x86_64-linux-gnu/libpcl_recognition.so  
[12.015s] -- Found PCL_STEREO: /usr/lib/x86_64-linux-gnu/libpcl_stereo.so  
[12.032s] -- Found PCL_APPS: /usr/lib/x86_64-linux-gnu/libpcl_apps.so  
[12.038s] -- Found PCL_IN_HAND_SCANNER: /usr/include/pcl-1.10  
[12.057s] -- Found PCL_POINT_CLOUD_EDITOR: /usr/include/pcl-1.10  
[12.075s] -- Found PCL_OUTOFCORE: /usr/lib/x86_64-linux-gnu/libpcl_outofcore.so  
[12.089s] -- Found PCL_PEOPLE: /usr/lib/x86_64-linux-gnu/libpcl_people.so  
[12.534s] CMake Warning (dev) at CMakeLists.txt:9 (find_package):
[12.534s]   Policy CMP0074 is not set: find_package uses <PackageName>_ROOT variables.
[12.535s]   Run "cmake --help-policy CMP0074" for policy details.  Use the cmake_policy
[12.535s]   command to set the policy and suppress this warning.
[12.535s] 
[12.535s]   CMake variable PCL_ROOT is set to:
[12.535s] 
[12.535s]     /usr
[12.536s] 
[12.536s]   For compatibility, CMake is ignoring the variable.
[12.536s] This warning is for project developers.  Use -Wno-dev to suppress it.
[12.536s] 
[12.571s] -- Found rclcpp_lifecycle: 2.4.3 (/opt/ros/foxy/share/rclcpp_lifecycle/cmake)
[12.724s] -- Found br2_tracking_msgs: 0.0.0 (/home/joanne/bookros2_ws/install/br2_tracking_msgs/share/br2_tracking_msgs/cmake)
[12.833s] -- Found vision_msgs: 2.0.0 (/opt/ros/foxy/share/vision_msgs/cmake)
[13.415s] -- Found control_msgs: 2.5.1 (/opt/ros/foxy/share/control_msgs/cmake)
[14.805s] -- Found image_transport: 2.4.0 (/opt/ros/foxy/share/image_transport/cmake)
[14.965s] -- Found cv_bridge: 3.0.7 (/opt/ros/foxy/share/cv_bridge/cmake)
[15.110s] CMake Error at CMakeLists.txt:53 (target_link_libraries):
[15.110s]   Cannot specify link libraries for target "object_detector" which is not
[15.110s]   built by this project.
[15.110s] 
[15.111s] 
[15.118s] -- Configuring incomplete, errors occurred!
[15.119s] See also "/home/joanne/bookros2_ws/build/br2_tracking/CMakeFiles/CMakeOutput.log".
[15.119s] See also "/home/joanne/bookros2_ws/build/br2_tracking/CMakeFiles/CMakeError.log".
[15.196s] make: *** [Makefile:456: cmake_check_build_system] Error 1
[15.203s] Invoked command in '/home/joanne/bookros2_ws/build/br2_tracking' returned '2': CMAKE_PREFIX_PATH=/home/joanne/bookros2_ws/install/br2_tracking_msgs:/home/joanne/bookros2_ws/install/gazebo_ros2_control_demos:/home/joanne/bookros2_ws/install/ros2_controllers:/home/joanne/bookros2_ws/install/velocity_controllers:/home/joanne/bookros2_ws/install/urdf_test:/home/joanne/bookros2_ws/install/tiago_simulation:/home/joanne/bookros2_ws/install/tiago_robot:/home/joanne/bookros2_ws/install/tiago_2dnav_gazebo:/home/joanne/bookros2_ws/install/tiago_gazebo:/home/joanne/bookros2_ws/install/tiago_bringup:/home/joanne/bookros2_ws/install/pmb2_robot:/home/joanne/bookros2_ws/install/pmb2_bringup:/home/joanne/bookros2_ws/install/twist_mux:/home/joanne/bookros2_ws/install/transmission_interface:/home/joanne/bookros2_ws/install/tiago_description:/home/joanne/bookros2_ws/install/tiago_description_calibration:/home/joanne/bookros2_ws/install/tiago_controller_configuration:/home/joanne/bookros2_ws/install/ros2_control:/home/joanne/bookros2_ws/install/ros2_control_test_assets:/home/joanne/bookros2_ws/install/pal_gripper:/home/joanne/bookros2_ws/install/pal_gripper_controller_configuration:/home/joanne/bookros2_ws/install/position_controllers:/home/joanne/bookros2_ws/install/pmb2_navigation:/home/joanne/bookros2_ws/install/pmb2_2dnav:/home/joanne/bookros2_ws/install/pmb2_maps:/home/joanne/bookros2_ws/install/pmb2_description:/home/joanne/bookros2_ws/install/pmb2_controller_configuration:/home/joanne/bookros2_ws/install/pal_gripper_description:/home/joanne/bookros2_ws/install/pal_gazebo_worlds:/home/joanne/bookros2_ws/install/joint_trajectory_controller:/home/joanne/bookros2_ws/install/joint_state_controller:/home/joanne/bookros2_ws/install/joint_state_broadcaster:/home/joanne/bookros2_ws/install/imu_sensor_broadcaster:/home/joanne/bookros2_ws/install/hey5_description:/home/joanne/bookros2_ws/install/gripper_controllers:/home/joanne/bookros2_ws/install/gazebo_ros2_control:/home/joanne/bookros2_ws/install/effort_controllers:/home/joanne/bookros2_ws/install/forward_command_controller:/home/joanne/bookros2_ws/install/force_torque_sensor_broadcaster:/home/joanne/bookros2_ws/install/diff_drive_controller:/home/joanne/bookros2_ws/install/controller_manager:/home/joanne/bookros2_ws/install/controller_interface:/home/joanne/bookros2_ws/install/hardware_interface:/home/joanne/bookros2_ws/install/groot:/home/joanne/bookros2_ws/install/controller_manager_msgs:/home/joanne/bookros2_ws/install/br2_vff_avoidance:/home/joanne/bookros2_ws/install/br2_tracking:/home/joanne/bookros2_ws/install/br2_tiago:/home/joanne/bookros2_ws/install/br2_tf2_detector:/home/joanne/bookros2_ws/install/br2_navigation:/home/joanne/bookros2_ws/install/br2_fsm_bumpgo_cpp:/home/joanne/bookros2_ws/install/br2_bt_patrolling:/home/joanne/bookros2_ws/install/br2_bt_bumpgo:/home/joanne/bookros2_ws/install/br2_basics:/home/joanne/nav2_ws/install/nav2_system_tests:/home/joanne/nav2_ws/install/nav2_bringup:/home/joanne/nav2_ws/install/navigation2:/home/joanne/nav2_ws/install/smac_planner:/home/joanne/nav2_ws/install/nav2_dwb_controller:/home/joanne/nav2_ws/install/nav2_controller:/home/joanne/nav2_ws/install/dwb_plugins:/home/joanne/nav2_ws/install/dwb_critics:/home/joanne/nav2_ws/install/dwb_core:/home/joanne/nav2_ws/install/nav_2d_utils:/home/joanne/nav2_ws/install/dwb_msgs:/home/joanne/nav2_ws/install/nav_2d_msgs:/home/joanne/nav2_ws/install/nav2_waypoint_follower:/home/joanne/nav2_ws/install/nav2_regulated_pure_pursuit_controller:/home/joanne/nav2_ws/install/nav2_recoveries:/home/joanne/nav2_ws/install/nav2_planner:/home/joanne/nav2_ws/install/nav2_navfn_planner:/home/joanne/nav2_ws/install/nav2_core:/home/joanne/nav2_ws/install/costmap_queue:/home/joanne/nav2_ws/install/nav2_costmap_2d:/home/joanne/nav2_ws/install/nav2_voxel_grid:/home/joanne/nav2_ws/install/nav2_rviz_plugins:/home/joanne/nav2_ws/install/nav2_map_server:/home/joanne/nav2_ws/install/nav2_lifecycle_manager:/home/joanne/nav2_ws/install/nav2_bt_navigator:/home/joanne/nav2_ws/install/nav2_behavior_tree:/home/joanne/nav2_ws/install/nav2_amcl:/home/joanne/nav2_ws/install/nav2_util:/home/joanne/nav2_ws/install/nav2_msgs:/home/joanne/nav2_ws/install/nav2_common:/home/joanne/bookros2_ws/install/ros2controlcli:/home/joanne/bookros2_ws/install/launch_pal:/home/joanne/bookros2_ws/install/br2_fsm_bumpgo_py:/home/joanne/nav2_ws/install/nav2_gazebo_spawner:/opt/ros/foxy LD_LIBRARY_PATH=/home/joanne/bookros2_ws/install/br2_tracking_msgs/lib:/home/joanne/bookros2_ws/install/velocity_controllers/lib:/home/joanne/bookros2_ws/install/position_controllers/lib:/home/joanne/bookros2_ws/install/joint_trajectory_controller/lib:/home/joanne/bookros2_ws/install/joint_state_controller/lib:/home/joanne/bookros2_ws/install/joint_state_broadcaster/lib:/home/joanne/bookros2_ws/install/imu_sensor_broadcaster/lib:/home/joanne/bookros2_ws/install/gripper_controllers/lib:/home/joanne/bookros2_ws/install/gazebo_ros2_control/lib:/home/joanne/bookros2_ws/install/effort_controllers/lib:/home/joanne/bookros2_ws/install/forward_command_controller/lib:/home/joanne/bookros2_ws/install/force_torque_sensor_broadcaster/lib:/home/joanne/bookros2_ws/install/diff_drive_controller/lib:/home/joanne/bookros2_ws/install/controller_manager/lib:/home/joanne/bookros2_ws/install/controller_interface/lib:/home/joanne/bookros2_ws/install/hardware_interface/lib:/home/joanne/bookros2_ws/install/groot/lib:/home/joanne/bookros2_ws/install/controller_manager_msgs/lib:/home/joanne/bookros2_ws/install/br2_vff_avoidance/lib:/home/joanne/bookros2_ws/install/br2_tracking/lib:/home/joanne/bookros2_ws/install/br2_tf2_detector/lib:/home/joanne/bookros2_ws/install/br2_bt_patrolling/lib:/home/joanne/bookros2_ws/install/br2_bt_bumpgo/lib:/home/joanne/nav2_ws/install/smac_planner/lib:/home/joanne/nav2_ws/install/nav2_controller/lib:/home/joanne/nav2_ws/install/dwb_plugins/lib:/home/joanne/nav2_ws/install/dwb_critics/lib:/home/joanne/nav2_ws/install/dwb_core/lib:/home/joanne/nav2_ws/install/nav_2d_utils/lib:/home/joanne/nav2_ws/install/dwb_msgs/lib:/home/joanne/nav2_ws/install/nav_2d_msgs/lib:/home/joanne/nav2_ws/install/nav2_waypoint_follower/lib:/home/joanne/nav2_ws/install/nav2_regulated_pure_pursuit_controller/lib:/home/joanne/nav2_ws/install/nav2_recoveries/lib:/home/joanne/nav2_ws/install/nav2_planner/lib:/home/joanne/nav2_ws/install/nav2_navfn_planner/lib:/home/joanne/nav2_ws/install/costmap_queue/lib:/home/joanne/nav2_ws/install/nav2_costmap_2d/lib:/home/joanne/nav2_ws/install/nav2_voxel_grid/lib:/home/joanne/nav2_ws/install/nav2_rviz_plugins/lib:/home/joanne/nav2_ws/install/nav2_map_server/lib:/home/joanne/nav2_ws/install/nav2_lifecycle_manager/lib:/home/joanne/nav2_ws/install/nav2_bt_navigator/lib:/home/joanne/nav2_ws/install/nav2_behavior_tree/lib:/home/joanne/nav2_ws/install/nav2_amcl/lib:/home/joanne/nav2_ws/install/nav2_util/lib:/home/joanne/nav2_ws/install/nav2_msgs/lib:/usr/lib/x86_64-linux-gnu/gazebo-11/plugins:/opt/ros/foxy/opt/yaml_cpp_vendor/lib:/opt/ros/foxy/opt/rviz_ogre_vendor/lib:/opt/ros/foxy/lib/x86_64-linux-gnu:/opt/ros/foxy/lib PYTHONPATH=/home/joanne/bookros2_ws/install/br2_tracking_msgs/lib/python3.8/site-packages:/home/joanne/bookros2_ws/install/urdf_test/lib/python3.8/site-packages:/home/joanne/bookros2_ws/install/tiago_description/lib/python3.8/site-packages:/home/joanne/bookros2_ws/build/ros2controlcli:/home/joanne/bookros2_ws/install/ros2controlcli/lib/python3.8/site-packages:/home/joanne/bookros2_ws/install/pmb2_description/lib/python3.8/site-packages:/home/joanne/bookros2_ws/build/launch_pal:/home/joanne/bookros2_ws/install/launch_pal/lib/python3.8/site-packages:/home/joanne/bookros2_ws/install/controller_manager/lib/python3.8/site-packages:/home/joanne/bookros2_ws/install/controller_manager_msgs/lib/python3.8/site-packages:/home/joanne/bookros2_ws/build/br2_fsm_bumpgo_py:/home/joanne/bookros2_ws/install/br2_fsm_bumpgo_py/lib/python3.8/site-packages:/home/joanne/nav2_ws/install/dwb_msgs/lib/python3.8/site-packages:/home/joanne/nav2_ws/install/nav_2d_msgs/lib/python3.8/site-packages:/home/joanne/nav2_ws/install/nav2_msgs/lib/python3.8/site-packages:/home/joanne/nav2_ws/build/nav2_gazebo_spawner:/home/joanne/nav2_ws/install/nav2_gazebo_spawner/lib/python3.8/site-packages:/home/joanne/nav2_ws/install/nav2_common/lib/python3.8/site-packages:/opt/ros/foxy/lib/python3.8/site-packages /usr/bin/cmake --build /home/joanne/bookros2_ws/build/br2_tracking -- -j8 -l8
