[1.732s] Invoking command in '/home/joanne/bookros2_ws/src/ThirdParty/ros2_control/ros2controlcli': AMENT_PREFIX_PATH=/home/joanne/bookros2_ws/install/controller_manager:/home/joanne/bookros2_ws/install/controller_interface:/home/joanne/bookros2_ws/install/hardware_interface:/home/joanne/bookros2_ws/install/ros2_control_test_assets:/home/joanne/bookros2_ws/install/controller_manager_msgs:${AMENT_PREFIX_PATH} CMAKE_PREFIX_PATH=/home/joanne/bookros2_ws/install/controller_manager:/home/joanne/bookros2_ws/install/controller_interface:/home/joanne/bookros2_ws/install/hardware_interface:/home/joanne/bookros2_ws/install/ros2_control_test_assets:/home/joanne/bookros2_ws/install/controller_manager_msgs LD_LIBRARY_PATH=/home/joanne/bookros2_ws/install/controller_manager/lib:/home/joanne/bookros2_ws/install/controller_interface/lib:/home/joanne/bookros2_ws/install/hardware_interface/lib:/home/joanne/bookros2_ws/install/controller_manager_msgs/lib:${LD_LIBRARY_PATH} PYTHONPATH=/home/joanne/bookros2_ws/build/ros2controlcli/prefix_override:/usr/lib/python3/dist-packages/colcon_core/task/python/colcon_distutils_commands:/home/joanne/bookros2_ws/install/ros2controlcli/lib/python3.8/site-packages:/home/joanne/bookros2_ws/install/controller_manager/lib/python3.8/site-packages:/home/joanne/bookros2_ws/install/controller_manager_msgs/lib/python3.8/site-packages:${PYTHONPATH} /usr/bin/python3 -W ignore:setup.py install is deprecated -W ignore:easy_install command is deprecated setup.py egg_info --egg-base ../../../../build/ros2controlcli build --build-base /home/joanne/bookros2_ws/build/ros2controlcli/build install --record /home/joanne/bookros2_ws/build/ros2controlcli/install.log --single-version-externally-managed install_data
[6.038s] running egg_info
[6.038s] creating ../../../../build/ros2controlcli/ros2controlcli.egg-info
[6.038s] writing ../../../../build/ros2controlcli/ros2controlcli.egg-info/PKG-INFO
[6.038s] writing dependency_links to ../../../../build/ros2controlcli/ros2controlcli.egg-info/dependency_links.txt
[6.038s] writing entry points to ../../../../build/ros2controlcli/ros2controlcli.egg-info/entry_points.txt
[6.039s] writing requirements to ../../../../build/ros2controlcli/ros2controlcli.egg-info/requires.txt
[6.039s] writing top-level names to ../../../../build/ros2controlcli/ros2controlcli.egg-info/top_level.txt
[6.039s] writing manifest file '../../../../build/ros2controlcli/ros2controlcli.egg-info/SOURCES.txt'
[6.039s] reading manifest file '../../../../build/ros2controlcli/ros2controlcli.egg-info/SOURCES.txt'
[6.039s] writing manifest file '../../../../build/ros2controlcli/ros2controlcli.egg-info/SOURCES.txt'
[6.039s] running build
[6.039s] running build_py
[6.040s] creating /home/joanne/bookros2_ws/build/ros2controlcli/build
[6.040s] creating /home/joanne/bookros2_ws/build/ros2controlcli/build/lib
[6.040s] creating /home/joanne/bookros2_ws/build/ros2controlcli/build/lib/ros2controlcli
[6.040s] copying ros2controlcli/__init__.py -> /home/joanne/bookros2_ws/build/ros2controlcli/build/lib/ros2controlcli
[6.040s] creating /home/joanne/bookros2_ws/build/ros2controlcli/build/lib/ros2controlcli/command
[6.040s] copying ros2controlcli/command/__init__.py -> /home/joanne/bookros2_ws/build/ros2controlcli/build/lib/ros2controlcli/command
[6.040s] copying ros2controlcli/command/control.py -> /home/joanne/bookros2_ws/build/ros2controlcli/build/lib/ros2controlcli/command
[6.040s] creating /home/joanne/bookros2_ws/build/ros2controlcli/build/lib/ros2controlcli/api
[6.041s] copying ros2controlcli/api/__init__.py -> /home/joanne/bookros2_ws/build/ros2controlcli/build/lib/ros2controlcli/api
[6.041s] creating /home/joanne/bookros2_ws/build/ros2controlcli/build/lib/ros2controlcli/verb
[6.041s] copying ros2controlcli/verb/__init__.py -> /home/joanne/bookros2_ws/build/ros2controlcli/build/lib/ros2controlcli/verb
[6.041s] copying ros2controlcli/verb/set_controller_state.py -> /home/joanne/bookros2_ws/build/ros2controlcli/build/lib/ros2controlcli/verb
[6.041s] copying ros2controlcli/verb/load_controller.py -> /home/joanne/bookros2_ws/build/ros2controlcli/build/lib/ros2controlcli/verb
[6.046s] copying ros2controlcli/verb/load_start_controller.py -> /home/joanne/bookros2_ws/build/ros2controlcli/build/lib/ros2controlcli/verb
[6.047s] copying ros2controlcli/verb/list_controllers.py -> /home/joanne/bookros2_ws/build/ros2controlcli/build/lib/ros2controlcli/verb
[6.048s] copying ros2controlcli/verb/reload_controller_libraries.py -> /home/joanne/bookros2_ws/build/ros2controlcli/build/lib/ros2controlcli/verb
[6.048s] copying ros2controlcli/verb/unload_controller.py -> /home/joanne/bookros2_ws/build/ros2controlcli/build/lib/ros2controlcli/verb
[6.049s] copying ros2controlcli/verb/load_configure_controller.py -> /home/joanne/bookros2_ws/build/ros2controlcli/build/lib/ros2controlcli/verb
[6.049s] copying ros2controlcli/verb/list_controller_types.py -> /home/joanne/bookros2_ws/build/ros2controlcli/build/lib/ros2controlcli/verb
[6.049s] copying ros2controlcli/verb/list_hardware_interfaces.py -> /home/joanne/bookros2_ws/build/ros2controlcli/build/lib/ros2controlcli/verb
[6.049s] copying ros2controlcli/verb/configure_controller.py -> /home/joanne/bookros2_ws/build/ros2controlcli/build/lib/ros2controlcli/verb
[6.050s] copying ros2controlcli/verb/switch_controllers.py -> /home/joanne/bookros2_ws/build/ros2controlcli/build/lib/ros2controlcli/verb
[6.050s] copying ros2controlcli/verb/configure_start_controller.py -> /home/joanne/bookros2_ws/build/ros2controlcli/build/lib/ros2controlcli/verb
[6.050s] running install
[6.050s] running install_lib
[6.050s] creating /home/joanne/bookros2_ws/install/ros2controlcli/lib/python3.8/site-packages/ros2controlcli
[6.050s] copying /home/joanne/bookros2_ws/build/ros2controlcli/build/lib/ros2controlcli/__init__.py -> /home/joanne/bookros2_ws/install/ros2controlcli/lib/python3.8/site-packages/ros2controlcli
[6.050s] creating /home/joanne/bookros2_ws/install/ros2controlcli/lib/python3.8/site-packages/ros2controlcli/command
[6.051s] copying /home/joanne/bookros2_ws/build/ros2controlcli/build/lib/ros2controlcli/command/__init__.py -> /home/joanne/bookros2_ws/install/ros2controlcli/lib/python3.8/site-packages/ros2controlcli/command
[6.051s] copying /home/joanne/bookros2_ws/build/ros2controlcli/build/lib/ros2controlcli/command/control.py -> /home/joanne/bookros2_ws/install/ros2controlcli/lib/python3.8/site-packages/ros2controlcli/command
[6.051s] creating /home/joanne/bookros2_ws/install/ros2controlcli/lib/python3.8/site-packages/ros2controlcli/api
[6.051s] copying /home/joanne/bookros2_ws/build/ros2controlcli/build/lib/ros2controlcli/api/__init__.py -> /home/joanne/bookros2_ws/install/ros2controlcli/lib/python3.8/site-packages/ros2controlcli/api
[6.052s] creating /home/joanne/bookros2_ws/install/ros2controlcli/lib/python3.8/site-packages/ros2controlcli/verb
[6.052s] copying /home/joanne/bookros2_ws/build/ros2controlcli/build/lib/ros2controlcli/verb/__init__.py -> /home/joanne/bookros2_ws/install/ros2controlcli/lib/python3.8/site-packages/ros2controlcli/verb
[6.052s] copying /home/joanne/bookros2_ws/build/ros2controlcli/build/lib/ros2controlcli/verb/set_controller_state.py -> /home/joanne/bookros2_ws/install/ros2controlcli/lib/python3.8/site-packages/ros2controlcli/verb
[6.052s] copying /home/joanne/bookros2_ws/build/ros2controlcli/build/lib/ros2controlcli/verb/load_controller.py -> /home/joanne/bookros2_ws/install/ros2controlcli/lib/python3.8/site-packages/ros2controlcli/verb
[6.052s] copying /home/joanne/bookros2_ws/build/ros2controlcli/build/lib/ros2controlcli/verb/load_start_controller.py -> /home/joanne/bookros2_ws/install/ros2controlcli/lib/python3.8/site-packages/ros2controlcli/verb
[6.052s] copying /home/joanne/bookros2_ws/build/ros2controlcli/build/lib/ros2controlcli/verb/list_controllers.py -> /home/joanne/bookros2_ws/install/ros2controlcli/lib/python3.8/site-packages/ros2controlcli/verb
[6.053s] copying /home/joanne/bookros2_ws/build/ros2controlcli/build/lib/ros2controlcli/verb/reload_controller_libraries.py -> /home/joanne/bookros2_ws/install/ros2controlcli/lib/python3.8/site-packages/ros2controlcli/verb
[6.053s] copying /home/joanne/bookros2_ws/build/ros2controlcli/build/lib/ros2controlcli/verb/unload_controller.py -> /home/joanne/bookros2_ws/install/ros2controlcli/lib/python3.8/site-packages/ros2controlcli/verb
[6.053s] copying /home/joanne/bookros2_ws/build/ros2controlcli/build/lib/ros2controlcli/verb/load_configure_controller.py -> /home/joanne/bookros2_ws/install/ros2controlcli/lib/python3.8/site-packages/ros2controlcli/verb
[6.053s] copying /home/joanne/bookros2_ws/build/ros2controlcli/build/lib/ros2controlcli/verb/list_controller_types.py -> /home/joanne/bookros2_ws/install/ros2controlcli/lib/python3.8/site-packages/ros2controlcli/verb
[6.053s] copying /home/joanne/bookros2_ws/build/ros2controlcli/build/lib/ros2controlcli/verb/list_hardware_interfaces.py -> /home/joanne/bookros2_ws/install/ros2controlcli/lib/python3.8/site-packages/ros2controlcli/verb
[6.053s] copying /home/joanne/bookros2_ws/build/ros2controlcli/build/lib/ros2controlcli/verb/configure_controller.py -> /home/joanne/bookros2_ws/install/ros2controlcli/lib/python3.8/site-packages/ros2controlcli/verb
[6.054s] copying /home/joanne/bookros2_ws/build/ros2controlcli/build/lib/ros2controlcli/verb/switch_controllers.py -> /home/joanne/bookros2_ws/install/ros2controlcli/lib/python3.8/site-packages/ros2controlcli/verb
[6.054s] copying /home/joanne/bookros2_ws/build/ros2controlcli/build/lib/ros2controlcli/verb/configure_start_controller.py -> /home/joanne/bookros2_ws/install/ros2controlcli/lib/python3.8/site-packages/ros2controlcli/verb
[6.054s] byte-compiling /home/joanne/bookros2_ws/install/ros2controlcli/lib/python3.8/site-packages/ros2controlcli/__init__.py to __init__.cpython-38.pyc
[6.054s] byte-compiling /home/joanne/bookros2_ws/install/ros2controlcli/lib/python3.8/site-packages/ros2controlcli/command/__init__.py to __init__.cpython-38.pyc
[6.054s] byte-compiling /home/joanne/bookros2_ws/install/ros2controlcli/lib/python3.8/site-packages/ros2controlcli/command/control.py to control.cpython-38.pyc
[6.054s] byte-compiling /home/joanne/bookros2_ws/install/ros2controlcli/lib/python3.8/site-packages/ros2controlcli/api/__init__.py to __init__.cpython-38.pyc
[6.055s] byte-compiling /home/joanne/bookros2_ws/install/ros2controlcli/lib/python3.8/site-packages/ros2controlcli/verb/__init__.py to __init__.cpython-38.pyc
[6.055s] byte-compiling /home/joanne/bookros2_ws/install/ros2controlcli/lib/python3.8/site-packages/ros2controlcli/verb/set_controller_state.py to set_controller_state.cpython-38.pyc
[6.056s] byte-compiling /home/joanne/bookros2_ws/install/ros2controlcli/lib/python3.8/site-packages/ros2controlcli/verb/load_controller.py to load_controller.cpython-38.pyc
[6.056s] byte-compiling /home/joanne/bookros2_ws/install/ros2controlcli/lib/python3.8/site-packages/ros2controlcli/verb/load_start_controller.py to load_start_controller.cpython-38.pyc
[6.056s] byte-compiling /home/joanne/bookros2_ws/install/ros2controlcli/lib/python3.8/site-packages/ros2controlcli/verb/list_controllers.py to list_controllers.cpython-38.pyc
[6.056s] byte-compiling /home/joanne/bookros2_ws/install/ros2controlcli/lib/python3.8/site-packages/ros2controlcli/verb/reload_controller_libraries.py to reload_controller_libraries.cpython-38.pyc
[6.056s] byte-compiling /home/joanne/bookros2_ws/install/ros2controlcli/lib/python3.8/site-packages/ros2controlcli/verb/unload_controller.py to unload_controller.cpython-38.pyc
[6.056s] byte-compiling /home/joanne/bookros2_ws/install/ros2controlcli/lib/python3.8/site-packages/ros2controlcli/verb/load_configure_controller.py to load_configure_controller.cpython-38.pyc
[6.057s] byte-compiling /home/joanne/bookros2_ws/install/ros2controlcli/lib/python3.8/site-packages/ros2controlcli/verb/list_controller_types.py to list_controller_types.cpython-38.pyc
[6.057s] byte-compiling /home/joanne/bookros2_ws/install/ros2controlcli/lib/python3.8/site-packages/ros2controlcli/verb/list_hardware_interfaces.py to list_hardware_interfaces.cpython-38.pyc
[6.057s] byte-compiling /home/joanne/bookros2_ws/install/ros2controlcli/lib/python3.8/site-packages/ros2controlcli/verb/configure_controller.py to configure_controller.cpython-38.pyc
[6.057s] byte-compiling /home/joanne/bookros2_ws/install/ros2controlcli/lib/python3.8/site-packages/ros2controlcli/verb/switch_controllers.py to switch_controllers.cpython-38.pyc
[6.057s] byte-compiling /home/joanne/bookros2_ws/install/ros2controlcli/lib/python3.8/site-packages/ros2controlcli/verb/configure_start_controller.py to configure_start_controller.cpython-38.pyc
[6.058s] running install_data
[6.058s] copying package.xml -> /home/joanne/bookros2_ws/install/ros2controlcli/share/ros2controlcli
[6.058s] creating /home/joanne/bookros2_ws/install/ros2controlcli/share/ament_index
[6.059s] creating /home/joanne/bookros2_ws/install/ros2controlcli/share/ament_index/resource_index
[6.059s] creating /home/joanne/bookros2_ws/install/ros2controlcli/share/ament_index/resource_index/packages
[6.059s] copying resource/ros2controlcli -> /home/joanne/bookros2_ws/install/ros2controlcli/share/ament_index/resource_index/packages
[6.059s] running install_egg_info
[6.059s] Copying ../../../../build/ros2controlcli/ros2controlcli.egg-info to /home/joanne/bookros2_ws/install/ros2controlcli/lib/python3.8/site-packages/ros2controlcli-0.0.0-py3.8.egg-info
[6.059s] running install_scripts
[6.060s] writing list of installed files to '/home/joanne/bookros2_ws/build/ros2controlcli/install.log'
[6.070s] Invoked command in '/home/joanne/bookros2_ws/src/ThirdParty/ros2_control/ros2controlcli' returned '0': AMENT_PREFIX_PATH=/home/joanne/bookros2_ws/install/controller_manager:/home/joanne/bookros2_ws/install/controller_interface:/home/joanne/bookros2_ws/install/hardware_interface:/home/joanne/bookros2_ws/install/ros2_control_test_assets:/home/joanne/bookros2_ws/install/controller_manager_msgs:${AMENT_PREFIX_PATH} CMAKE_PREFIX_PATH=/home/joanne/bookros2_ws/install/controller_manager:/home/joanne/bookros2_ws/install/controller_interface:/home/joanne/bookros2_ws/install/hardware_interface:/home/joanne/bookros2_ws/install/ros2_control_test_assets:/home/joanne/bookros2_ws/install/controller_manager_msgs LD_LIBRARY_PATH=/home/joanne/bookros2_ws/install/controller_manager/lib:/home/joanne/bookros2_ws/install/controller_interface/lib:/home/joanne/bookros2_ws/install/hardware_interface/lib:/home/joanne/bookros2_ws/install/controller_manager_msgs/lib:${LD_LIBRARY_PATH} PYTHONPATH=/home/joanne/bookros2_ws/build/ros2controlcli/prefix_override:/usr/lib/python3/dist-packages/colcon_core/task/python/colcon_distutils_commands:/home/joanne/bookros2_ws/install/ros2controlcli/lib/python3.8/site-packages:/home/joanne/bookros2_ws/install/controller_manager/lib/python3.8/site-packages:/home/joanne/bookros2_ws/install/controller_manager_msgs/lib/python3.8/site-packages:${PYTHONPATH} /usr/bin/python3 -W ignore:setup.py install is deprecated -W ignore:easy_install command is deprecated setup.py egg_info --egg-base ../../../../build/ros2controlcli build --build-base /home/joanne/bookros2_ws/build/ros2controlcli/build install --record /home/joanne/bookros2_ws/build/ros2controlcli/install.log --single-version-externally-managed install_data
