[0.538s] Invoking command in '/home/joanne/bookros2_ws/build/br2_tiago': CMAKE_PREFIX_PATH=${CMAKE_PREFIX_PATH}:/home/joanne/bookros2_ws/install/ros2controlcli:/home/joanne/bookros2_ws/install/launch_pal:/home/joanne/bookros2_ws/install/br2_fsm_bumpgo_py:/opt/ros/foxy /usr/bin/cmake --build /home/joanne/bookros2_ws/build/br2_tiago -- -j8 -l8
[1.172s] Invoked command in '/home/joanne/bookros2_ws/build/br2_tiago' returned '0': CMAKE_PREFIX_PATH=${CMAKE_PREFIX_PATH}:/home/joanne/bookros2_ws/install/ros2controlcli:/home/joanne/bookros2_ws/install/launch_pal:/home/joanne/bookros2_ws/install/br2_fsm_bumpgo_py:/opt/ros/foxy /usr/bin/cmake --build /home/joanne/bookros2_ws/build/br2_tiago -- -j8 -l8
[1.202s] Invoking command in '/home/joanne/bookros2_ws/build/br2_tiago': CMAKE_PREFIX_PATH=${CMAKE_PREFIX_PATH}:/home/joanne/bookros2_ws/install/ros2controlcli:/home/joanne/bookros2_ws/install/launch_pal:/home/joanne/bookros2_ws/install/br2_fsm_bumpgo_py:/opt/ros/foxy /usr/bin/cmake --install /home/joanne/bookros2_ws/build/br2_tiago
[1.270s] -- Install configuration: ""
[1.272s] -- Execute custom install script
[1.274s] -- Up-to-date symlink: /home/joanne/bookros2_ws/install/br2_tiago/share/br2_tiago/launch/sim.launch.py
[1.275s] -- Up-to-date symlink: /home/joanne/bookros2_ws/install/br2_tiago/share/ament_index/resource_index/package_run_dependencies/br2_tiago
[1.277s] -- Up-to-date symlink: /home/joanne/bookros2_ws/install/br2_tiago/share/ament_index/resource_index/parent_prefix_path/br2_tiago
[1.277s] -- Up-to-date symlink: /home/joanne/bookros2_ws/install/br2_tiago/share/br2_tiago/environment/ament_prefix_path.sh
[1.277s] -- Up-to-date symlink: /home/joanne/bookros2_ws/install/br2_tiago/share/br2_tiago/environment/ament_prefix_path.dsv
[1.277s] -- Up-to-date symlink: /home/joanne/bookros2_ws/install/br2_tiago/share/br2_tiago/environment/path.sh
[1.277s] -- Up-to-date symlink: /home/joanne/bookros2_ws/install/br2_tiago/share/br2_tiago/environment/path.dsv
[1.278s] -- Up-to-date symlink: /home/joanne/bookros2_ws/install/br2_tiago/share/br2_tiago/local_setup.bash
[1.278s] -- Up-to-date symlink: /home/joanne/bookros2_ws/install/br2_tiago/share/br2_tiago/local_setup.sh
[1.284s] -- Up-to-date symlink: /home/joanne/bookros2_ws/install/br2_tiago/share/br2_tiago/local_setup.zsh
[1.284s] -- Up-to-date symlink: /home/joanne/bookros2_ws/install/br2_tiago/share/br2_tiago/local_setup.dsv
[1.284s] -- Symlinking: /home/joanne/bookros2_ws/install/br2_tiago/share/br2_tiago/package.dsv
[1.336s] -- Up-to-date symlink: /home/joanne/bookros2_ws/install/br2_tiago/share/ament_index/resource_index/packages/br2_tiago
[1.338s] -- Up-to-date symlink: /home/joanne/bookros2_ws/install/br2_tiago/share/br2_tiago/cmake/br2_tiagoConfig.cmake
[1.340s] -- Up-to-date symlink: /home/joanne/bookros2_ws/install/br2_tiago/share/br2_tiago/cmake/br2_tiagoConfig-version.cmake
[1.342s] -- Up-to-date symlink: /home/joanne/bookros2_ws/install/br2_tiago/share/br2_tiago/package.xml
[1.494s] Invoked command in '/home/joanne/bookros2_ws/build/br2_tiago' returned '0': CMAKE_PREFIX_PATH=${CMAKE_PREFIX_PATH}:/home/joanne/bookros2_ws/install/ros2controlcli:/home/joanne/bookros2_ws/install/launch_pal:/home/joanne/bookros2_ws/install/br2_fsm_bumpgo_py:/opt/ros/foxy /usr/bin/cmake --install /home/joanne/bookros2_ws/build/br2_tiago
