[0.097s] Invoking command in '/home/joanne/bookros2_ws/build/forward_command_controller': AMENT_PREFIX_PATH=/home/joanne/bookros2_ws/install/controller_manager:/home/joanne/bookros2_ws/install/controller_interface:/home/joanne/bookros2_ws/install/hardware_interface:/home/joanne/bookros2_ws/install/ros2_control_test_assets:/home/joanne/bookros2_ws/install/controller_manager_msgs:${AMENT_PREFIX_PATH} CMAKE_PREFIX_PATH=/home/joanne/bookros2_ws/install/controller_manager:/home/joanne/bookros2_ws/install/controller_interface:/home/joanne/bookros2_ws/install/hardware_interface:/home/joanne/bookros2_ws/install/ros2_control_test_assets:/home/joanne/bookros2_ws/install/controller_manager_msgs:/opt/ros/foxy LD_LIBRARY_PATH=/home/joanne/bookros2_ws/install/controller_manager/lib:/home/joanne/bookros2_ws/install/controller_interface/lib:/home/joanne/bookros2_ws/install/hardware_interface/lib:/home/joanne/bookros2_ws/install/controller_manager_msgs/lib:${LD_LIBRARY_PATH} PYTHONPATH=/home/joanne/bookros2_ws/install/controller_manager/lib/python3.8/site-packages:/home/joanne/bookros2_ws/install/controller_manager_msgs/lib/python3.8/site-packages:${PYTHONPATH} /usr/bin/cmake --build /home/joanne/bookros2_ws/build/forward_command_controller -- -j8 -l8
[0.220s] [ 27%] Built target gmock
[0.267s] [ 45%] Built target gmock_main
[0.297s] [ 63%] Built target forward_command_controller
[0.426s] [ 81%] Built target test_load_forward_command_controller
[0.482s] [100%] Built target test_forward_command_controller
[0.568s] Invoked command in '/home/joanne/bookros2_ws/build/forward_command_controller' returned '0': AMENT_PREFIX_PATH=/home/joanne/bookros2_ws/install/controller_manager:/home/joanne/bookros2_ws/install/controller_interface:/home/joanne/bookros2_ws/install/hardware_interface:/home/joanne/bookros2_ws/install/ros2_control_test_assets:/home/joanne/bookros2_ws/install/controller_manager_msgs:${AMENT_PREFIX_PATH} CMAKE_PREFIX_PATH=/home/joanne/bookros2_ws/install/controller_manager:/home/joanne/bookros2_ws/install/controller_interface:/home/joanne/bookros2_ws/install/hardware_interface:/home/joanne/bookros2_ws/install/ros2_control_test_assets:/home/joanne/bookros2_ws/install/controller_manager_msgs:/opt/ros/foxy LD_LIBRARY_PATH=/home/joanne/bookros2_ws/install/controller_manager/lib:/home/joanne/bookros2_ws/install/controller_interface/lib:/home/joanne/bookros2_ws/install/hardware_interface/lib:/home/joanne/bookros2_ws/install/controller_manager_msgs/lib:${LD_LIBRARY_PATH} PYTHONPATH=/home/joanne/bookros2_ws/install/controller_manager/lib/python3.8/site-packages:/home/joanne/bookros2_ws/install/controller_manager_msgs/lib/python3.8/site-packages:${PYTHONPATH} /usr/bin/cmake --build /home/joanne/bookros2_ws/build/forward_command_controller -- -j8 -l8
[0.569s] Invoking command in '/home/joanne/bookros2_ws/build/forward_command_controller': AMENT_PREFIX_PATH=/home/joanne/bookros2_ws/install/controller_manager:/home/joanne/bookros2_ws/install/controller_interface:/home/joanne/bookros2_ws/install/hardware_interface:/home/joanne/bookros2_ws/install/ros2_control_test_assets:/home/joanne/bookros2_ws/install/controller_manager_msgs:${AMENT_PREFIX_PATH} CMAKE_PREFIX_PATH=/home/joanne/bookros2_ws/install/controller_manager:/home/joanne/bookros2_ws/install/controller_interface:/home/joanne/bookros2_ws/install/hardware_interface:/home/joanne/bookros2_ws/install/ros2_control_test_assets:/home/joanne/bookros2_ws/install/controller_manager_msgs:/opt/ros/foxy LD_LIBRARY_PATH=/home/joanne/bookros2_ws/install/controller_manager/lib:/home/joanne/bookros2_ws/install/controller_interface/lib:/home/joanne/bookros2_ws/install/hardware_interface/lib:/home/joanne/bookros2_ws/install/controller_manager_msgs/lib:${LD_LIBRARY_PATH} PYTHONPATH=/home/joanne/bookros2_ws/install/controller_manager/lib/python3.8/site-packages:/home/joanne/bookros2_ws/install/controller_manager_msgs/lib/python3.8/site-packages:${PYTHONPATH} /usr/bin/cmake --install /home/joanne/bookros2_ws/build/forward_command_controller
[0.586s] -- Install configuration: ""
[0.587s] -- Execute custom install script
[0.587s] -- Up-to-date symlink: /home/joanne/bookros2_ws/install/forward_command_controller/share/forward_command_controller//forward_command_plugin.xml
[0.587s] -- Up-to-date symlink: /home/joanne/bookros2_ws/install/forward_command_controller/include/forward_command_controller/forward_command_controller.hpp
[0.587s] -- Up-to-date symlink: /home/joanne/bookros2_ws/install/forward_command_controller/include/forward_command_controller/visibility_control.h
[0.587s] -- Up-to-date symlink: /home/joanne/bookros2_ws/install/forward_command_controller/lib/libforward_command_controller.so
[0.587s] -- Up-to-date symlink: /home/joanne/bookros2_ws/install/forward_command_controller/share/forward_command_controller/environment/library_path.sh
[0.588s] -- Up-to-date symlink: /home/joanne/bookros2_ws/install/forward_command_controller/share/forward_command_controller/environment/library_path.dsv
[0.588s] -- Up-to-date symlink: /home/joanne/bookros2_ws/install/forward_command_controller/share/ament_index/resource_index/package_run_dependencies/forward_command_controller
[0.588s] -- Up-to-date symlink: /home/joanne/bookros2_ws/install/forward_command_controller/share/ament_index/resource_index/parent_prefix_path/forward_command_controller
[0.588s] -- Up-to-date symlink: /home/joanne/bookros2_ws/install/forward_command_controller/share/forward_command_controller/environment/ament_prefix_path.sh
[0.589s] -- Up-to-date symlink: /home/joanne/bookros2_ws/install/forward_command_controller/share/forward_command_controller/environment/ament_prefix_path.dsv
[0.589s] -- Up-to-date symlink: /home/joanne/bookros2_ws/install/forward_command_controller/share/forward_command_controller/environment/path.sh
[0.590s] -- Up-to-date symlink: /home/joanne/bookros2_ws/install/forward_command_controller/share/forward_command_controller/environment/path.dsv
[0.590s] -- Up-to-date symlink: /home/joanne/bookros2_ws/install/forward_command_controller/share/forward_command_controller/local_setup.bash
[0.590s] -- Up-to-date symlink: /home/joanne/bookros2_ws/install/forward_command_controller/share/forward_command_controller/local_setup.sh
[0.591s] -- Up-to-date symlink: /home/joanne/bookros2_ws/install/forward_command_controller/share/forward_command_controller/local_setup.zsh
[0.591s] -- Up-to-date symlink: /home/joanne/bookros2_ws/install/forward_command_controller/share/forward_command_controller/local_setup.dsv
[0.591s] -- Symlinking: /home/joanne/bookros2_ws/install/forward_command_controller/share/forward_command_controller/package.dsv
[0.602s] -- Up-to-date symlink: /home/joanne/bookros2_ws/install/forward_command_controller/share/ament_index/resource_index/packages/forward_command_controller
[0.603s] -- Up-to-date symlink: /home/joanne/bookros2_ws/install/forward_command_controller/share/ament_index/resource_index/controller_interface__pluginlib__plugin/forward_command_controller
[0.608s] -- Up-to-date symlink: /home/joanne/bookros2_ws/install/forward_command_controller/share/forward_command_controller/cmake/ament_cmake_export_dependencies-extras.cmake
[0.619s] -- Up-to-date symlink: /home/joanne/bookros2_ws/install/forward_command_controller/share/forward_command_controller/cmake/ament_cmake_export_include_directories-extras.cmake
[0.620s] -- Up-to-date symlink: /home/joanne/bookros2_ws/install/forward_command_controller/share/forward_command_controller/cmake/ament_cmake_export_libraries-extras.cmake
[0.620s] -- Up-to-date symlink: /home/joanne/bookros2_ws/install/forward_command_controller/share/forward_command_controller/cmake/forward_command_controllerConfig.cmake
[0.620s] -- Up-to-date symlink: /home/joanne/bookros2_ws/install/forward_command_controller/share/forward_command_controller/cmake/forward_command_controllerConfig-version.cmake
[0.621s] -- Up-to-date symlink: /home/joanne/bookros2_ws/install/forward_command_controller/share/forward_command_controller/package.xml
[0.715s] Invoked command in '/home/joanne/bookros2_ws/build/forward_command_controller' returned '0': AMENT_PREFIX_PATH=/home/joanne/bookros2_ws/install/controller_manager:/home/joanne/bookros2_ws/install/controller_interface:/home/joanne/bookros2_ws/install/hardware_interface:/home/joanne/bookros2_ws/install/ros2_control_test_assets:/home/joanne/bookros2_ws/install/controller_manager_msgs:${AMENT_PREFIX_PATH} CMAKE_PREFIX_PATH=/home/joanne/bookros2_ws/install/controller_manager:/home/joanne/bookros2_ws/install/controller_interface:/home/joanne/bookros2_ws/install/hardware_interface:/home/joanne/bookros2_ws/install/ros2_control_test_assets:/home/joanne/bookros2_ws/install/controller_manager_msgs:/opt/ros/foxy LD_LIBRARY_PATH=/home/joanne/bookros2_ws/install/controller_manager/lib:/home/joanne/bookros2_ws/install/controller_interface/lib:/home/joanne/bookros2_ws/install/hardware_interface/lib:/home/joanne/bookros2_ws/install/controller_manager_msgs/lib:${LD_LIBRARY_PATH} PYTHONPATH=/home/joanne/bookros2_ws/install/controller_manager/lib/python3.8/site-packages:/home/joanne/bookros2_ws/install/controller_manager_msgs/lib/python3.8/site-packages:${PYTHONPATH} /usr/bin/cmake --install /home/joanne/bookros2_ws/build/forward_command_controller
