[0.108s] Invoking command in '/home/joanne/bookros2_ws/build/imu_sensor_broadcaster': AMENT_PREFIX_PATH=/home/joanne/bookros2_ws/install/controller_manager:/home/joanne/bookros2_ws/install/controller_interface:/home/joanne/bookros2_ws/install/hardware_interface:/home/joanne/bookros2_ws/install/ros2_control_test_assets:/home/joanne/bookros2_ws/install/controller_manager_msgs:${AMENT_PREFIX_PATH} CMAKE_PREFIX_PATH=/home/joanne/bookros2_ws/install/controller_manager:/home/joanne/bookros2_ws/install/controller_interface:/home/joanne/bookros2_ws/install/hardware_interface:/home/joanne/bookros2_ws/install/ros2_control_test_assets:/home/joanne/bookros2_ws/install/controller_manager_msgs:/opt/ros/foxy LD_LIBRARY_PATH=/home/joanne/bookros2_ws/install/controller_manager/lib:/home/joanne/bookros2_ws/install/controller_interface/lib:/home/joanne/bookros2_ws/install/hardware_interface/lib:/home/joanne/bookros2_ws/install/controller_manager_msgs/lib:${LD_LIBRARY_PATH} PYTHONPATH=/home/joanne/bookros2_ws/install/controller_manager/lib/python3.8/site-packages:/home/joanne/bookros2_ws/install/controller_manager_msgs/lib/python3.8/site-packages:${PYTHONPATH} /usr/bin/cmake /home/joanne/bookros2_ws/src/ThirdParty/ros2_controllers/imu_sensor_broadcaster -DAMENT_CMAKE_SYMLINK_INSTALL=1 -DCMAKE_INSTALL_PREFIX=/home/joanne/bookros2_ws/install/imu_sensor_broadcaster
[5.077s] -- Found ament_cmake: 0.9.12 (/opt/ros/foxy/share/ament_cmake/cmake)
[5.077s] -- Using PYTHON_EXECUTABLE: /usr/bin/python3
[5.077s] -- Override CMake install command with custom implementation using symlinks instead of copying resources
[5.078s] -- Found controller_interface: 0.7.1 (/home/joanne/bookros2_ws/install/controller_interface/share/controller_interface/cmake)
[5.078s] -- Using all available rosidl_typesupport_c: rosidl_typesupport_fastrtps_c;rosidl_typesupport_introspection_c
[5.078s] -- Found rosidl_adapter: 1.3.1 (/opt/ros/foxy/share/rosidl_adapter/cmake)
[5.078s] -- Using all available rosidl_typesupport_cpp: rosidl_typesupport_fastrtps_cpp;rosidl_typesupport_introspection_cpp
[5.078s] -- Found rmw_implementation_cmake: 1.0.4 (/opt/ros/foxy/share/rmw_implementation_cmake/cmake)
[5.078s] -- Using RMW implementation 'rmw_fastrtps_cpp' as default
[5.079s] -- Found realtime_tools: 2.2.0 (/opt/ros/foxy/share/realtime_tools/cmake)
[5.079s] -- Found ament_lint_auto: 0.9.8 (/opt/ros/foxy/share/ament_lint_auto/cmake)
[5.079s] -- Found ament_cmake_gmock: 0.9.12 (/opt/ros/foxy/share/ament_cmake_gmock/cmake)
[5.079s] -- Found controller_manager: 0.7.1 (/home/joanne/bookros2_ws/install/controller_manager/share/controller_manager/cmake)
[5.079s] -- Found ros2_control_test_assets: 0.7.1 (/home/joanne/bookros2_ws/install/ros2_control_test_assets/share/ros2_control_test_assets/cmake)
[5.079s] -- Found gmock sources under '/opt/ros/foxy/src/gmock_vendor': C++ tests using 'Google Mock' will be built
[5.080s] -- Found ament_cmake_gtest: 0.9.12 (/opt/ros/foxy/share/ament_cmake_gtest/cmake)
[5.080s] -- Found gtest sources under '/opt/ros/foxy/src/gtest_vendor': C++ tests using 'Google Test' will be built
[5.433s] -- Added test 'copyright' to check source files copyright and LICENSE
[5.435s] -- Added test 'cppcheck' to perform static code analysis on C / C++ code
[5.436s] -- Configured cppcheck include dirs: /home/joanne/bookros2_ws/src/ThirdParty/ros2_controllers/imu_sensor_broadcaster/include
[5.437s] -- Configured cppcheck exclude dirs and/or files: 
[5.438s] -- Added test 'cpplint' to check C / C++ code against the Google style
[5.439s] -- Configured cpplint exclude dirs and/or files: 
[5.443s] -- Added test 'lint_cmake' to check CMake code style
[5.446s] -- Added test 'uncrustify' to check C / C++ code style
[5.446s] -- Configured uncrustify additional arguments: 
[5.447s] -- Added test 'xmllint' to check XML markup files
[5.480s] -- Configuring done
[5.781s] -- Generating done
[5.909s] -- Build files have been written to: /home/joanne/bookros2_ws/build/imu_sensor_broadcaster
[5.941s] Invoked command in '/home/joanne/bookros2_ws/build/imu_sensor_broadcaster' returned '0': AMENT_PREFIX_PATH=/home/joanne/bookros2_ws/install/controller_manager:/home/joanne/bookros2_ws/install/controller_interface:/home/joanne/bookros2_ws/install/hardware_interface:/home/joanne/bookros2_ws/install/ros2_control_test_assets:/home/joanne/bookros2_ws/install/controller_manager_msgs:${AMENT_PREFIX_PATH} CMAKE_PREFIX_PATH=/home/joanne/bookros2_ws/install/controller_manager:/home/joanne/bookros2_ws/install/controller_interface:/home/joanne/bookros2_ws/install/hardware_interface:/home/joanne/bookros2_ws/install/ros2_control_test_assets:/home/joanne/bookros2_ws/install/controller_manager_msgs:/opt/ros/foxy LD_LIBRARY_PATH=/home/joanne/bookros2_ws/install/controller_manager/lib:/home/joanne/bookros2_ws/install/controller_interface/lib:/home/joanne/bookros2_ws/install/hardware_interface/lib:/home/joanne/bookros2_ws/install/controller_manager_msgs/lib:${LD_LIBRARY_PATH} PYTHONPATH=/home/joanne/bookros2_ws/install/controller_manager/lib/python3.8/site-packages:/home/joanne/bookros2_ws/install/controller_manager_msgs/lib/python3.8/site-packages:${PYTHONPATH} /usr/bin/cmake /home/joanne/bookros2_ws/src/ThirdParty/ros2_controllers/imu_sensor_broadcaster -DAMENT_CMAKE_SYMLINK_INSTALL=1 -DCMAKE_INSTALL_PREFIX=/home/joanne/bookros2_ws/install/imu_sensor_broadcaster
[5.946s] Invoking command in '/home/joanne/bookros2_ws/build/imu_sensor_broadcaster': AMENT_PREFIX_PATH=/home/joanne/bookros2_ws/install/controller_manager:/home/joanne/bookros2_ws/install/controller_interface:/home/joanne/bookros2_ws/install/hardware_interface:/home/joanne/bookros2_ws/install/ros2_control_test_assets:/home/joanne/bookros2_ws/install/controller_manager_msgs:${AMENT_PREFIX_PATH} CMAKE_PREFIX_PATH=/home/joanne/bookros2_ws/install/controller_manager:/home/joanne/bookros2_ws/install/controller_interface:/home/joanne/bookros2_ws/install/hardware_interface:/home/joanne/bookros2_ws/install/ros2_control_test_assets:/home/joanne/bookros2_ws/install/controller_manager_msgs:/opt/ros/foxy LD_LIBRARY_PATH=/home/joanne/bookros2_ws/install/controller_manager/lib:/home/joanne/bookros2_ws/install/controller_interface/lib:/home/joanne/bookros2_ws/install/hardware_interface/lib:/home/joanne/bookros2_ws/install/controller_manager_msgs/lib:${LD_LIBRARY_PATH} PYTHONPATH=/home/joanne/bookros2_ws/install/controller_manager/lib/python3.8/site-packages:/home/joanne/bookros2_ws/install/controller_manager_msgs/lib/python3.8/site-packages:${PYTHONPATH} /usr/bin/cmake --build /home/joanne/bookros2_ws/build/imu_sensor_broadcaster -- -j8 -l8
[10.888s] [ 27%] Built target gmock
[10.888s] [ 45%] Built target gmock_main
[10.888s] [ 54%] [32m[1mLinking CXX shared library libimu_sensor_broadcaster.so[0m
[10.888s] [ 63%] Built target imu_sensor_broadcaster
[10.888s] [ 72%] [32m[1mLinking CXX executable test_load_imu_sensor_broadcaster[0m
[10.888s] [ 81%] Built target test_load_imu_sensor_broadcaster
[10.889s] [ 90%] [32m[1mLinking CXX executable test_imu_sensor_broadcaster[0m
[12.148s] [100%] Built target test_imu_sensor_broadcaster
[12.188s] Invoked command in '/home/joanne/bookros2_ws/build/imu_sensor_broadcaster' returned '0': AMENT_PREFIX_PATH=/home/joanne/bookros2_ws/install/controller_manager:/home/joanne/bookros2_ws/install/controller_interface:/home/joanne/bookros2_ws/install/hardware_interface:/home/joanne/bookros2_ws/install/ros2_control_test_assets:/home/joanne/bookros2_ws/install/controller_manager_msgs:${AMENT_PREFIX_PATH} CMAKE_PREFIX_PATH=/home/joanne/bookros2_ws/install/controller_manager:/home/joanne/bookros2_ws/install/controller_interface:/home/joanne/bookros2_ws/install/hardware_interface:/home/joanne/bookros2_ws/install/ros2_control_test_assets:/home/joanne/bookros2_ws/install/controller_manager_msgs:/opt/ros/foxy LD_LIBRARY_PATH=/home/joanne/bookros2_ws/install/controller_manager/lib:/home/joanne/bookros2_ws/install/controller_interface/lib:/home/joanne/bookros2_ws/install/hardware_interface/lib:/home/joanne/bookros2_ws/install/controller_manager_msgs/lib:${LD_LIBRARY_PATH} PYTHONPATH=/home/joanne/bookros2_ws/install/controller_manager/lib/python3.8/site-packages:/home/joanne/bookros2_ws/install/controller_manager_msgs/lib/python3.8/site-packages:${PYTHONPATH} /usr/bin/cmake --build /home/joanne/bookros2_ws/build/imu_sensor_broadcaster -- -j8 -l8
[12.189s] Invoking command in '/home/joanne/bookros2_ws/build/imu_sensor_broadcaster': AMENT_PREFIX_PATH=/home/joanne/bookros2_ws/install/controller_manager:/home/joanne/bookros2_ws/install/controller_interface:/home/joanne/bookros2_ws/install/hardware_interface:/home/joanne/bookros2_ws/install/ros2_control_test_assets:/home/joanne/bookros2_ws/install/controller_manager_msgs:${AMENT_PREFIX_PATH} CMAKE_PREFIX_PATH=/home/joanne/bookros2_ws/install/controller_manager:/home/joanne/bookros2_ws/install/controller_interface:/home/joanne/bookros2_ws/install/hardware_interface:/home/joanne/bookros2_ws/install/ros2_control_test_assets:/home/joanne/bookros2_ws/install/controller_manager_msgs:/opt/ros/foxy LD_LIBRARY_PATH=/home/joanne/bookros2_ws/install/controller_manager/lib:/home/joanne/bookros2_ws/install/controller_interface/lib:/home/joanne/bookros2_ws/install/hardware_interface/lib:/home/joanne/bookros2_ws/install/controller_manager_msgs/lib:${LD_LIBRARY_PATH} PYTHONPATH=/home/joanne/bookros2_ws/install/controller_manager/lib/python3.8/site-packages:/home/joanne/bookros2_ws/install/controller_manager_msgs/lib/python3.8/site-packages:${PYTHONPATH} /usr/bin/cmake --install /home/joanne/bookros2_ws/build/imu_sensor_broadcaster
[12.751s] -- Install configuration: ""
[12.755s] -- Execute custom install script
[12.756s] -- Symlinking: /home/joanne/bookros2_ws/install/imu_sensor_broadcaster/share/imu_sensor_broadcaster//imu_sensor_broadcaster.xml
[12.756s] -- Symlinking: /home/joanne/bookros2_ws/install/imu_sensor_broadcaster/lib/libimu_sensor_broadcaster.so
[12.756s] -- Symlinking: /home/joanne/bookros2_ws/install/imu_sensor_broadcaster/include/imu_sensor_broadcaster/imu_sensor_broadcaster.hpp
[12.756s] -- Symlinking: /home/joanne/bookros2_ws/install/imu_sensor_broadcaster/include/imu_sensor_broadcaster/visibility_control.h
[12.756s] -- Symlinking: /home/joanne/bookros2_ws/install/imu_sensor_broadcaster/share/imu_sensor_broadcaster/environment/library_path.sh
[12.756s] -- Symlinking: /home/joanne/bookros2_ws/install/imu_sensor_broadcaster/share/imu_sensor_broadcaster/environment/library_path.dsv
[12.757s] -- Symlinking: /home/joanne/bookros2_ws/install/imu_sensor_broadcaster/share/ament_index/resource_index/package_run_dependencies/imu_sensor_broadcaster
[12.757s] -- Symlinking: /home/joanne/bookros2_ws/install/imu_sensor_broadcaster/share/ament_index/resource_index/parent_prefix_path/imu_sensor_broadcaster
[12.757s] -- Symlinking: /home/joanne/bookros2_ws/install/imu_sensor_broadcaster/share/imu_sensor_broadcaster/environment/ament_prefix_path.sh
[12.757s] -- Symlinking: /home/joanne/bookros2_ws/install/imu_sensor_broadcaster/share/imu_sensor_broadcaster/environment/ament_prefix_path.dsv
[12.757s] -- Symlinking: /home/joanne/bookros2_ws/install/imu_sensor_broadcaster/share/imu_sensor_broadcaster/environment/path.sh
[12.757s] -- Symlinking: /home/joanne/bookros2_ws/install/imu_sensor_broadcaster/share/imu_sensor_broadcaster/environment/path.dsv
[12.757s] -- Symlinking: /home/joanne/bookros2_ws/install/imu_sensor_broadcaster/share/imu_sensor_broadcaster/local_setup.bash
[12.757s] -- Symlinking: /home/joanne/bookros2_ws/install/imu_sensor_broadcaster/share/imu_sensor_broadcaster/local_setup.sh
[12.758s] -- Symlinking: /home/joanne/bookros2_ws/install/imu_sensor_broadcaster/share/imu_sensor_broadcaster/local_setup.zsh
[12.758s] -- Symlinking: /home/joanne/bookros2_ws/install/imu_sensor_broadcaster/share/imu_sensor_broadcaster/local_setup.dsv
[12.758s] -- Symlinking: /home/joanne/bookros2_ws/install/imu_sensor_broadcaster/share/imu_sensor_broadcaster/package.dsv
[12.758s] -- Symlinking: /home/joanne/bookros2_ws/install/imu_sensor_broadcaster/share/ament_index/resource_index/packages/imu_sensor_broadcaster
[12.758s] -- Symlinking: /home/joanne/bookros2_ws/install/imu_sensor_broadcaster/share/ament_index/resource_index/controller_interface__pluginlib__plugin/imu_sensor_broadcaster
[12.758s] -- Symlinking: /home/joanne/bookros2_ws/install/imu_sensor_broadcaster/share/imu_sensor_broadcaster/cmake/ament_cmake_export_include_directories-extras.cmake
[12.758s] -- Symlinking: /home/joanne/bookros2_ws/install/imu_sensor_broadcaster/share/imu_sensor_broadcaster/cmake/ament_cmake_export_libraries-extras.cmake
[12.759s] -- Symlinking: /home/joanne/bookros2_ws/install/imu_sensor_broadcaster/share/imu_sensor_broadcaster/cmake/ament_cmake_export_dependencies-extras.cmake
[12.759s] -- Symlinking: /home/joanne/bookros2_ws/install/imu_sensor_broadcaster/share/imu_sensor_broadcaster/cmake/imu_sensor_broadcasterConfig.cmake
[12.759s] -- Symlinking: /home/joanne/bookros2_ws/install/imu_sensor_broadcaster/share/imu_sensor_broadcaster/cmake/imu_sensor_broadcasterConfig-version.cmake
[12.759s] -- Symlinking: /home/joanne/bookros2_ws/install/imu_sensor_broadcaster/share/imu_sensor_broadcaster/package.xml
[12.773s] Invoked command in '/home/joanne/bookros2_ws/build/imu_sensor_broadcaster' returned '0': AMENT_PREFIX_PATH=/home/joanne/bookros2_ws/install/controller_manager:/home/joanne/bookros2_ws/install/controller_interface:/home/joanne/bookros2_ws/install/hardware_interface:/home/joanne/bookros2_ws/install/ros2_control_test_assets:/home/joanne/bookros2_ws/install/controller_manager_msgs:${AMENT_PREFIX_PATH} CMAKE_PREFIX_PATH=/home/joanne/bookros2_ws/install/controller_manager:/home/joanne/bookros2_ws/install/controller_interface:/home/joanne/bookros2_ws/install/hardware_interface:/home/joanne/bookros2_ws/install/ros2_control_test_assets:/home/joanne/bookros2_ws/install/controller_manager_msgs:/opt/ros/foxy LD_LIBRARY_PATH=/home/joanne/bookros2_ws/install/controller_manager/lib:/home/joanne/bookros2_ws/install/controller_interface/lib:/home/joanne/bookros2_ws/install/hardware_interface/lib:/home/joanne/bookros2_ws/install/controller_manager_msgs/lib:${LD_LIBRARY_PATH} PYTHONPATH=/home/joanne/bookros2_ws/install/controller_manager/lib/python3.8/site-packages:/home/joanne/bookros2_ws/install/controller_manager_msgs/lib/python3.8/site-packages:${PYTHONPATH} /usr/bin/cmake --install /home/joanne/bookros2_ws/build/imu_sensor_broadcaster
