[0.075s] Invoking command in '/home/joanne/bookros2_ws/build/controller_manager_msgs': CMAKE_PREFIX_PATH=/opt/ros/foxy /usr/bin/cmake /home/joanne/bookros2_ws/src/ThirdParty/ros2_control/controller_manager_msgs -DCMAKE_INSTALL_PREFIX=/home/joanne/bookros2_ws/install/controller_manager_msgs
[0.370s] -- The C compiler identification is GNU 9.4.0
[0.371s] -- The CXX compiler identification is GNU 9.4.0
[0.371s] -- Check for working C compiler: /usr/bin/cc
[0.371s] -- Check for working C compiler: /usr/bin/cc -- works
[0.371s] -- Detecting C compiler ABI info
[0.421s] -- Detecting C compiler ABI info - done
[0.443s] -- Detecting C compile features
[0.444s] -- Detecting C compile features - done
[0.449s] -- Check for working CXX compiler: /usr/bin/c++
[0.569s] -- Check for working CXX compiler: /usr/bin/c++ -- works
[0.571s] -- Detecting CXX compiler ABI info
[0.714s] -- Detecting CXX compiler ABI info - done
[0.741s] -- Detecting CXX compile features
[0.742s] -- Detecting CXX compile features - done
[0.753s] -- Found ament_cmake: 0.9.12 (/opt/ros/foxy/share/ament_cmake/cmake)
[0.793s] -- Found PythonInterp: /usr/bin/python3 (found suitable version "3.8.10", minimum required is "3") 
[0.793s] -- Using PYTHON_EXECUTABLE: /usr/bin/python3
[1.161s] -- Found builtin_interfaces: 1.0.0 (/opt/ros/foxy/share/builtin_interfaces/cmake)
[1.221s] -- Using all available rosidl_typesupport_c: rosidl_typesupport_fastrtps_c;rosidl_typesupport_introspection_c
[1.240s] -- Found rosidl_adapter: 1.3.1 (/opt/ros/foxy/share/rosidl_adapter/cmake)
[1.416s] -- Found OpenSSL: /usr/lib/x86_64-linux-gnu/libcrypto.so (found version "1.1.1f")  
[1.464s] -- Found FastRTPS: /opt/ros/foxy/include  
[1.614s] -- Using all available rosidl_typesupport_cpp: rosidl_typesupport_fastrtps_cpp;rosidl_typesupport_introspection_cpp
[1.679s] -- Found rosidl_default_generators: 1.0.1 (/opt/ros/foxy/share/rosidl_default_generators/cmake)
[1.703s] -- Found ament_lint_auto: 0.9.8 (/opt/ros/foxy/share/ament_lint_auto/cmake)
[1.849s] -- Found PythonInterp: /usr/bin/python3 (found version "3.8.10") 
[2.168s] -- Found ament_cmake_ros: 0.9.2 (/opt/ros/foxy/share/ament_cmake_ros/cmake)
[2.379s] -- Using all available rosidl_typesupport_c: rosidl_typesupport_fastrtps_c;rosidl_typesupport_introspection_c
[2.422s] -- Using all available rosidl_typesupport_cpp: rosidl_typesupport_fastrtps_cpp;rosidl_typesupport_introspection_cpp
[2.468s] -- Found PythonInterp: /usr/bin/python3 (found suitable version "3.8.10", minimum required is "3.5") 
[2.474s] -- Found python_cmake_module: 0.8.1 (/opt/ros/foxy/share/python_cmake_module/cmake)
[2.523s] -- Found PythonLibs: /usr/lib/x86_64-linux-gnu/libpython3.8.so (found suitable version "3.8.10", minimum required is "3.5") 
[2.523s] -- Using PYTHON_EXECUTABLE: /usr/bin/python3
[2.523s] -- Using PYTHON_INCLUDE_DIRS: /usr/include/python3.8
[2.523s] -- Using PYTHON_LIBRARIES: /usr/lib/x86_64-linux-gnu/libpython3.8.so
[2.556s] -- Found PythonExtra: .so  
[2.647s] -- Added test 'copyright' to check source files copyright and LICENSE
[2.651s] -- Added test 'lint_cmake' to check CMake code style
[2.653s] -- Added test 'xmllint' to check XML markup files
[2.667s] -- Configuring done
[2.800s] -- Generating done
[2.829s] -- Build files have been written to: /home/joanne/bookros2_ws/build/controller_manager_msgs
[2.852s] Invoked command in '/home/joanne/bookros2_ws/build/controller_manager_msgs' returned '0': CMAKE_PREFIX_PATH=/opt/ros/foxy /usr/bin/cmake /home/joanne/bookros2_ws/src/ThirdParty/ros2_control/controller_manager_msgs -DCMAKE_INSTALL_PREFIX=/home/joanne/bookros2_ws/install/controller_manager_msgs
[2.853s] Invoking command in '/home/joanne/bookros2_ws/build/controller_manager_msgs': CMAKE_PREFIX_PATH=/opt/ros/foxy /usr/bin/cmake --build /home/joanne/bookros2_ws/build/controller_manager_msgs -- -j8 -l8
[3.158s] [  1%] [34m[1mGenerating C code for ROS interfaces[0m
[3.159s] [35m[1mScanning dependencies of target controller_manager_msgs__cpp[0m
[3.159s] [  1%] [34m[1mGenerating C++ code for ROS interfaces[0m
[6.777s] [  1%] Built target controller_manager_msgs__cpp
[6.880s] [  2%] [34m[1mGenerating C++ type support for eProsima Fast-RTPS[0m
[6.894s] [  3%] [34m[1mGenerating C++ type support dispatch for ROS interfaces[0m
[6.932s] [  3%] [34m[1mGenerating C++ introspection for ROS interfaces[0m
[8.057s] [35m[1mScanning dependencies of target controller_manager_msgs__rosidl_generator_c[0m
[8.190s] [  4%] [32mBuilding C object CMakeFiles/controller_manager_msgs__rosidl_generator_c.dir/rosidl_generator_c/controller_manager_msgs/msg/detail/controller_state__functions.c.o[0m
[8.247s] [  5%] [32mBuilding C object CMakeFiles/controller_manager_msgs__rosidl_generator_c.dir/rosidl_generator_c/controller_manager_msgs/srv/detail/configure_controller__functions.c.o[0m
[8.256s] [  5%] [32mBuilding C object CMakeFiles/controller_manager_msgs__rosidl_generator_c.dir/rosidl_generator_c/controller_manager_msgs/msg/detail/hardware_interface__functions.c.o[0m
[8.275s] [  6%] [32mBuilding C object CMakeFiles/controller_manager_msgs__rosidl_generator_c.dir/rosidl_generator_c/controller_manager_msgs/srv/detail/list_controllers__functions.c.o[0m
[8.305s] [  7%] [32mBuilding C object CMakeFiles/controller_manager_msgs__rosidl_generator_c.dir/rosidl_generator_c/controller_manager_msgs/srv/detail/configure_start_controller__functions.c.o[0m
[8.615s] [  8%] [32mBuilding C object CMakeFiles/controller_manager_msgs__rosidl_generator_c.dir/rosidl_generator_c/controller_manager_msgs/srv/detail/list_controller_types__functions.c.o[0m
[8.656s] [  8%] [32mBuilding C object CMakeFiles/controller_manager_msgs__rosidl_generator_c.dir/rosidl_generator_c/controller_manager_msgs/srv/detail/list_hardware_interfaces__functions.c.o[0m
[8.813s] [  9%] [32mBuilding C object CMakeFiles/controller_manager_msgs__rosidl_generator_c.dir/rosidl_generator_c/controller_manager_msgs/srv/detail/load_configure_controller__functions.c.o[0m
[8.839s] [ 10%] [32mBuilding C object CMakeFiles/controller_manager_msgs__rosidl_generator_c.dir/rosidl_generator_c/controller_manager_msgs/srv/detail/load_controller__functions.c.o[0m
[8.889s] [ 11%] [32mBuilding C object CMakeFiles/controller_manager_msgs__rosidl_generator_c.dir/rosidl_generator_c/controller_manager_msgs/srv/detail/load_start_controller__functions.c.o[0m
[9.108s] [ 12%] [32mBuilding C object CMakeFiles/controller_manager_msgs__rosidl_generator_c.dir/rosidl_generator_c/controller_manager_msgs/srv/detail/reload_controller_libraries__functions.c.o[0m
[9.283s] [ 12%] [32mBuilding C object CMakeFiles/controller_manager_msgs__rosidl_generator_c.dir/rosidl_generator_c/controller_manager_msgs/srv/detail/switch_controller__functions.c.o[0m
[9.375s] [ 13%] [32mBuilding C object CMakeFiles/controller_manager_msgs__rosidl_generator_c.dir/rosidl_generator_c/controller_manager_msgs/srv/detail/unload_controller__functions.c.o[0m
[10.089s] [ 14%] [32m[1mLinking C shared library libcontroller_manager_msgs__rosidl_generator_c.so[0m
[10.426s] [ 14%] Built target controller_manager_msgs__rosidl_generator_c
[10.532s] [ 15%] [34m[1mGenerating C introspection for ROS interfaces[0m
[10.548s] [ 16%] [34m[1mGenerating C type support dispatch for ROS interfaces[0m
[11.806s] [35m[1mScanning dependencies of target controller_manager_msgs__rosidl_typesupport_cpp[0m
[12.083s] [ 17%] [32mBuilding CXX object CMakeFiles/controller_manager_msgs__rosidl_typesupport_cpp.dir/rosidl_typesupport_cpp/controller_manager_msgs/msg/controller_state__type_support.cpp.o[0m
[12.108s] [ 17%] [32mBuilding CXX object CMakeFiles/controller_manager_msgs__rosidl_typesupport_cpp.dir/rosidl_typesupport_cpp/controller_manager_msgs/srv/configure_controller__type_support.cpp.o[0m
[12.133s] [ 18%] [32mBuilding CXX object CMakeFiles/controller_manager_msgs__rosidl_typesupport_cpp.dir/rosidl_typesupport_cpp/controller_manager_msgs/msg/hardware_interface__type_support.cpp.o[0m
[12.140s] [ 19%] [32mBuilding CXX object CMakeFiles/controller_manager_msgs__rosidl_typesupport_cpp.dir/rosidl_typesupport_cpp/controller_manager_msgs/srv/configure_start_controller__type_support.cpp.o[0m
[15.173s] [ 20%] [32mBuilding CXX object CMakeFiles/controller_manager_msgs__rosidl_typesupport_cpp.dir/rosidl_typesupport_cpp/controller_manager_msgs/srv/list_controllers__type_support.cpp.o[0m
[15.240s] [ 21%] [32mBuilding CXX object CMakeFiles/controller_manager_msgs__rosidl_typesupport_cpp.dir/rosidl_typesupport_cpp/controller_manager_msgs/srv/list_controller_types__type_support.cpp.o[0m
[15.967s] [ 22%] [32mBuilding CXX object CMakeFiles/controller_manager_msgs__rosidl_typesupport_cpp.dir/rosidl_typesupport_cpp/controller_manager_msgs/srv/list_hardware_interfaces__type_support.cpp.o[0m
[16.019s] [35m[1mScanning dependencies of target controller_manager_msgs__rosidl_typesupport_c[0m
[16.080s] [ 22%] [32mBuilding CXX object CMakeFiles/controller_manager_msgs__rosidl_typesupport_c.dir/rosidl_typesupport_c/controller_manager_msgs/msg/controller_state__type_support.cpp.o[0m
[16.209s] [ 23%] [32mBuilding CXX object CMakeFiles/controller_manager_msgs__rosidl_typesupport_c.dir/rosidl_typesupport_c/controller_manager_msgs/msg/hardware_interface__type_support.cpp.o[0m
[16.236s] [35m[1mScanning dependencies of target controller_manager_msgs__rosidl_typesupport_fastrtps_cpp[0m
[16.376s] [ 24%] [32mBuilding CXX object CMakeFiles/controller_manager_msgs__rosidl_typesupport_c.dir/rosidl_typesupport_c/controller_manager_msgs/srv/configure_controller__type_support.cpp.o[0m
[16.760s] [ 25%] [32mBuilding CXX object CMakeFiles/controller_manager_msgs__rosidl_typesupport_c.dir/rosidl_typesupport_c/controller_manager_msgs/srv/configure_start_controller__type_support.cpp.o[0m
[16.801s] [ 26%] [32mBuilding CXX object CMakeFiles/controller_manager_msgs__rosidl_typesupport_fastrtps_cpp.dir/rosidl_typesupport_fastrtps_cpp/controller_manager_msgs/msg/detail/dds_fastrtps/controller_state__type_support.cpp.o[0m
[17.034s] [ 27%] [32mBuilding CXX object CMakeFiles/controller_manager_msgs__rosidl_typesupport_c.dir/rosidl_typesupport_c/controller_manager_msgs/srv/list_controllers__type_support.cpp.o[0m
[17.093s] [35m[1mScanning dependencies of target controller_manager_msgs__rosidl_typesupport_introspection_cpp[0m
[17.276s] [ 27%] [32mBuilding CXX object CMakeFiles/controller_manager_msgs__rosidl_typesupport_cpp.dir/rosidl_typesupport_cpp/controller_manager_msgs/srv/load_configure_controller__type_support.cpp.o[0m
[17.308s] [ 28%] [32mBuilding CXX object CMakeFiles/controller_manager_msgs__rosidl_typesupport_introspection_cpp.dir/rosidl_typesupport_introspection_cpp/controller_manager_msgs/msg/detail/controller_state__type_support.cpp.o[0m
[17.356s] [ 29%] [32mBuilding CXX object CMakeFiles/controller_manager_msgs__rosidl_typesupport_introspection_cpp.dir/rosidl_typesupport_introspection_cpp/controller_manager_msgs/msg/detail/hardware_interface__type_support.cpp.o[0m
[17.374s] [ 29%] [32mBuilding CXX object CMakeFiles/controller_manager_msgs__rosidl_typesupport_c.dir/rosidl_typesupport_c/controller_manager_msgs/srv/list_controller_types__type_support.cpp.o[0m
[17.645s] [ 30%] [32mBuilding CXX object CMakeFiles/controller_manager_msgs__rosidl_typesupport_introspection_cpp.dir/rosidl_typesupport_introspection_cpp/controller_manager_msgs/srv/detail/configure_controller__type_support.cpp.o[0m
[17.739s] [ 31%] [32mBuilding CXX object CMakeFiles/controller_manager_msgs__rosidl_typesupport_c.dir/rosidl_typesupport_c/controller_manager_msgs/srv/list_hardware_interfaces__type_support.cpp.o[0m
[18.072s] [ 32%] [32mBuilding CXX object CMakeFiles/controller_manager_msgs__rosidl_typesupport_c.dir/rosidl_typesupport_c/controller_manager_msgs/srv/load_configure_controller__type_support.cpp.o[0m
[18.421s] [ 33%] [32mBuilding CXX object CMakeFiles/controller_manager_msgs__rosidl_typesupport_c.dir/rosidl_typesupport_c/controller_manager_msgs/srv/load_controller__type_support.cpp.o[0m
[18.745s] [ 34%] [32mBuilding CXX object CMakeFiles/controller_manager_msgs__rosidl_typesupport_c.dir/rosidl_typesupport_c/controller_manager_msgs/srv/load_start_controller__type_support.cpp.o[0m
[19.157s] [ 34%] [32mBuilding CXX object CMakeFiles/controller_manager_msgs__rosidl_typesupport_c.dir/rosidl_typesupport_c/controller_manager_msgs/srv/reload_controller_libraries__type_support.cpp.o[0m
[19.523s] [ 35%] [32mBuilding CXX object CMakeFiles/controller_manager_msgs__rosidl_typesupport_c.dir/rosidl_typesupport_c/controller_manager_msgs/srv/switch_controller__type_support.cpp.o[0m
[19.817s] [ 36%] [32mBuilding CXX object CMakeFiles/controller_manager_msgs__rosidl_typesupport_c.dir/rosidl_typesupport_c/controller_manager_msgs/srv/unload_controller__type_support.cpp.o[0m
[20.085s] [ 37%] [32m[1mLinking CXX shared library libcontroller_manager_msgs__rosidl_typesupport_c.so[0m
[20.563s] [ 37%] Built target controller_manager_msgs__rosidl_typesupport_c
[20.829s] [ 38%] [32mBuilding CXX object CMakeFiles/controller_manager_msgs__rosidl_typesupport_fastrtps_cpp.dir/rosidl_typesupport_fastrtps_cpp/controller_manager_msgs/msg/detail/dds_fastrtps/hardware_interface__type_support.cpp.o[0m
[21.029s] [35m[1mScanning dependencies of target controller_manager_msgs__rosidl_typesupport_introspection_c[0m
[21.261s] [ 39%] [32mBuilding C object CMakeFiles/controller_manager_msgs__rosidl_typesupport_introspection_c.dir/rosidl_typesupport_introspection_c/controller_manager_msgs/msg/detail/controller_state__type_support.c.o[0m
[21.338s] [ 40%] [32mBuilding CXX object CMakeFiles/controller_manager_msgs__rosidl_typesupport_introspection_cpp.dir/rosidl_typesupport_introspection_cpp/controller_manager_msgs/srv/detail/list_hardware_interfaces__type_support.cpp.o[0m
[21.627s] [ 41%] [32mBuilding C object CMakeFiles/controller_manager_msgs__rosidl_typesupport_introspection_c.dir/rosidl_typesupport_introspection_c/controller_manager_msgs/msg/detail/hardware_interface__type_support.c.o[0m
[21.627s] [ 42%] [32mBuilding CXX object CMakeFiles/controller_manager_msgs__rosidl_typesupport_cpp.dir/rosidl_typesupport_cpp/controller_manager_msgs/srv/load_controller__type_support.cpp.o[0m
[22.000s] [ 42%] [32mBuilding C object CMakeFiles/controller_manager_msgs__rosidl_typesupport_introspection_c.dir/rosidl_typesupport_introspection_c/controller_manager_msgs/srv/detail/configure_controller__type_support.c.o[0m
[22.408s] [ 43%] [32mBuilding C object CMakeFiles/controller_manager_msgs__rosidl_typesupport_introspection_c.dir/rosidl_typesupport_introspection_c/controller_manager_msgs/srv/detail/configure_start_controller__type_support.c.o[0m
[22.745s] [ 44%] [32mBuilding C object CMakeFiles/controller_manager_msgs__rosidl_typesupport_introspection_c.dir/rosidl_typesupport_introspection_c/controller_manager_msgs/srv/detail/list_controllers__type_support.c.o[0m
[22.940s] [ 45%] [32mBuilding C object CMakeFiles/controller_manager_msgs__rosidl_typesupport_introspection_c.dir/rosidl_typesupport_introspection_c/controller_manager_msgs/srv/detail/list_controller_types__type_support.c.o[0m
[23.537s] [ 46%] [32mBuilding C object CMakeFiles/controller_manager_msgs__rosidl_typesupport_introspection_c.dir/rosidl_typesupport_introspection_c/controller_manager_msgs/srv/detail/list_hardware_interfaces__type_support.c.o[0m
[23.828s] [ 46%] [32mBuilding C object CMakeFiles/controller_manager_msgs__rosidl_typesupport_introspection_c.dir/rosidl_typesupport_introspection_c/controller_manager_msgs/srv/detail/load_configure_controller__type_support.c.o[0m
[23.872s] [ 47%] [32mBuilding CXX object CMakeFiles/controller_manager_msgs__rosidl_typesupport_fastrtps_cpp.dir/rosidl_typesupport_fastrtps_cpp/controller_manager_msgs/srv/detail/dds_fastrtps/configure_controller__type_support.cpp.o[0m
[24.059s] [ 48%] [32mBuilding CXX object CMakeFiles/controller_manager_msgs__rosidl_typesupport_introspection_cpp.dir/rosidl_typesupport_introspection_cpp/controller_manager_msgs/srv/detail/load_configure_controller__type_support.cpp.o[0m
[24.150s] [ 49%] [32mBuilding C object CMakeFiles/controller_manager_msgs__rosidl_typesupport_introspection_c.dir/rosidl_typesupport_introspection_c/controller_manager_msgs/srv/detail/load_controller__type_support.c.o[0m
[25.451s] [ 50%] [32mBuilding CXX object CMakeFiles/controller_manager_msgs__rosidl_typesupport_cpp.dir/rosidl_typesupport_cpp/controller_manager_msgs/srv/load_start_controller__type_support.cpp.o[0m
[25.451s] [ 51%] [32mBuilding C object CMakeFiles/controller_manager_msgs__rosidl_typesupport_introspection_c.dir/rosidl_typesupport_introspection_c/controller_manager_msgs/srv/detail/load_start_controller__type_support.c.o[0m
[25.763s] [ 52%] [32mBuilding C object CMakeFiles/controller_manager_msgs__rosidl_typesupport_introspection_c.dir/rosidl_typesupport_introspection_c/controller_manager_msgs/srv/detail/reload_controller_libraries__type_support.c.o[0m
[26.124s] [ 53%] [32mBuilding C object CMakeFiles/controller_manager_msgs__rosidl_typesupport_introspection_c.dir/rosidl_typesupport_introspection_c/controller_manager_msgs/srv/detail/switch_controller__type_support.c.o[0m
[26.827s] [ 53%] [32mBuilding C object CMakeFiles/controller_manager_msgs__rosidl_typesupport_introspection_c.dir/rosidl_typesupport_introspection_c/controller_manager_msgs/srv/detail/unload_controller__type_support.c.o[0m
[26.959s] [ 54%] [32mBuilding CXX object CMakeFiles/controller_manager_msgs__rosidl_typesupport_introspection_cpp.dir/rosidl_typesupport_introspection_cpp/controller_manager_msgs/srv/detail/load_controller__type_support.cpp.o[0m
[27.066s] [ 55%] [32m[1mLinking C shared library libcontroller_manager_msgs__rosidl_typesupport_introspection_c.so[0m
[28.047s] [ 55%] Built target controller_manager_msgs__rosidl_typesupport_introspection_c
[28.210s] [ 56%] [32mBuilding CXX object CMakeFiles/controller_manager_msgs__rosidl_typesupport_cpp.dir/rosidl_typesupport_cpp/controller_manager_msgs/srv/reload_controller_libraries__type_support.cpp.o[0m
[29.696s] [ 56%] [32mBuilding CXX object CMakeFiles/controller_manager_msgs__rosidl_typesupport_fastrtps_cpp.dir/rosidl_typesupport_fastrtps_cpp/controller_manager_msgs/srv/detail/dds_fastrtps/configure_start_controller__type_support.cpp.o[0m
[29.824s] [ 57%] [32mBuilding CXX object CMakeFiles/controller_manager_msgs__rosidl_typesupport_introspection_cpp.dir/rosidl_typesupport_introspection_cpp/controller_manager_msgs/srv/detail/reload_controller_libraries__type_support.cpp.o[0m
[30.082s] [ 58%] [32mBuilding CXX object CMakeFiles/controller_manager_msgs__rosidl_typesupport_cpp.dir/rosidl_typesupport_cpp/controller_manager_msgs/srv/switch_controller__type_support.cpp.o[0m
[31.690s] [ 58%] [32mBuilding CXX object CMakeFiles/controller_manager_msgs__rosidl_typesupport_cpp.dir/rosidl_typesupport_cpp/controller_manager_msgs/srv/unload_controller__type_support.cpp.o[0m
[31.839s] [ 58%] [32mBuilding CXX object CMakeFiles/controller_manager_msgs__rosidl_typesupport_introspection_cpp.dir/rosidl_typesupport_introspection_cpp/controller_manager_msgs/srv/detail/load_start_controller__type_support.cpp.o[0m
[31.897s] [ 59%] [32mBuilding CXX object CMakeFiles/controller_manager_msgs__rosidl_typesupport_fastrtps_cpp.dir/rosidl_typesupport_fastrtps_cpp/controller_manager_msgs/srv/detail/dds_fastrtps/list_controller_types__type_support.cpp.o[0m
[32.765s] [ 60%] [32m[1mLinking CXX shared library libcontroller_manager_msgs__rosidl_typesupport_cpp.so[0m
[32.922s] [ 61%] [32mBuilding CXX object CMakeFiles/controller_manager_msgs__rosidl_typesupport_introspection_cpp.dir/rosidl_typesupport_introspection_cpp/controller_manager_msgs/srv/detail/switch_controller__type_support.cpp.o[0m
[32.941s] [ 61%] Built target controller_manager_msgs__rosidl_typesupport_cpp
[34.304s] [ 62%] [32mBuilding CXX object CMakeFiles/controller_manager_msgs__rosidl_typesupport_fastrtps_cpp.dir/rosidl_typesupport_fastrtps_cpp/controller_manager_msgs/srv/detail/dds_fastrtps/list_hardware_interfaces__type_support.cpp.o[0m
[34.400s] [ 63%] [32mBuilding CXX object CMakeFiles/controller_manager_msgs__rosidl_typesupport_introspection_cpp.dir/rosidl_typesupport_introspection_cpp/controller_manager_msgs/srv/detail/unload_controller__type_support.cpp.o[0m
[35.793s] [ 64%] [32mBuilding CXX object CMakeFiles/controller_manager_msgs__rosidl_typesupport_introspection_cpp.dir/rosidl_typesupport_introspection_cpp/controller_manager_msgs/srv/detail/list_controller_types__type_support.cpp.o[0m
[36.145s] [ 65%] [32mBuilding CXX object CMakeFiles/controller_manager_msgs__rosidl_typesupport_fastrtps_cpp.dir/rosidl_typesupport_fastrtps_cpp/controller_manager_msgs/srv/detail/dds_fastrtps/load_start_controller__type_support.cpp.o[0m
[36.760s] [ 65%] [32mBuilding CXX object CMakeFiles/controller_manager_msgs__rosidl_typesupport_introspection_cpp.dir/rosidl_typesupport_introspection_cpp/controller_manager_msgs/srv/detail/list_controllers__type_support.cpp.o[0m
[37.311s] [ 66%] [32mBuilding CXX object CMakeFiles/controller_manager_msgs__rosidl_typesupport_fastrtps_cpp.dir/rosidl_typesupport_fastrtps_cpp/controller_manager_msgs/srv/detail/dds_fastrtps/switch_controller__type_support.cpp.o[0m
[37.648s] [ 67%] [32mBuilding CXX object CMakeFiles/controller_manager_msgs__rosidl_typesupport_introspection_cpp.dir/rosidl_typesupport_introspection_cpp/controller_manager_msgs/srv/detail/configure_start_controller__type_support.cpp.o[0m
[38.249s] [ 68%] [32m[1mLinking CXX shared library libcontroller_manager_msgs__rosidl_typesupport_introspection_cpp.so[0m
[38.271s] [ 69%] [32mBuilding CXX object CMakeFiles/controller_manager_msgs__rosidl_typesupport_fastrtps_cpp.dir/rosidl_typesupport_fastrtps_cpp/controller_manager_msgs/srv/detail/dds_fastrtps/unload_controller__type_support.cpp.o[0m
[38.431s] [ 69%] Built target controller_manager_msgs__rosidl_typesupport_introspection_cpp
[39.123s] [ 70%] [32mBuilding CXX object CMakeFiles/controller_manager_msgs__rosidl_typesupport_fastrtps_cpp.dir/rosidl_typesupport_fastrtps_cpp/controller_manager_msgs/srv/detail/dds_fastrtps/reload_controller_libraries__type_support.cpp.o[0m
[40.035s] [ 70%] [32mBuilding CXX object CMakeFiles/controller_manager_msgs__rosidl_typesupport_fastrtps_cpp.dir/rosidl_typesupport_fastrtps_cpp/controller_manager_msgs/srv/detail/dds_fastrtps/load_controller__type_support.cpp.o[0m
[41.013s] [ 71%] [32mBuilding CXX object CMakeFiles/controller_manager_msgs__rosidl_typesupport_fastrtps_cpp.dir/rosidl_typesupport_fastrtps_cpp/controller_manager_msgs/srv/detail/dds_fastrtps/load_configure_controller__type_support.cpp.o[0m
[42.036s] [ 72%] [32mBuilding CXX object CMakeFiles/controller_manager_msgs__rosidl_typesupport_fastrtps_cpp.dir/rosidl_typesupport_fastrtps_cpp/controller_manager_msgs/srv/detail/dds_fastrtps/list_controllers__type_support.cpp.o[0m
[43.228s] [ 72%] [32m[1mLinking CXX shared library libcontroller_manager_msgs__rosidl_typesupport_fastrtps_cpp.so[0m
[43.445s] [ 72%] Built target controller_manager_msgs__rosidl_typesupport_fastrtps_cpp
[43.469s] [ 73%] [34m[1mGenerating C type support for eProsima Fast-RTPS[0m
[46.673s] [35m[1mScanning dependencies of target controller_manager_msgs__rosidl_typesupport_fastrtps_c[0m
[46.767s] [ 74%] [32mBuilding CXX object CMakeFiles/controller_manager_msgs__rosidl_typesupport_fastrtps_c.dir/rosidl_typesupport_fastrtps_c/controller_manager_msgs/msg/detail/controller_state__type_support_c.cpp.o[0m
[47.612s] [ 75%] [32mBuilding CXX object CMakeFiles/controller_manager_msgs__rosidl_typesupport_fastrtps_c.dir/rosidl_typesupport_fastrtps_c/controller_manager_msgs/srv/detail/load_configure_controller__type_support_c.cpp.o[0m
[48.354s] [ 76%] [32mBuilding CXX object CMakeFiles/controller_manager_msgs__rosidl_typesupport_fastrtps_c.dir/rosidl_typesupport_fastrtps_c/controller_manager_msgs/srv/detail/load_controller__type_support_c.cpp.o[0m
[49.175s] [ 77%] [32mBuilding CXX object CMakeFiles/controller_manager_msgs__rosidl_typesupport_fastrtps_c.dir/rosidl_typesupport_fastrtps_c/controller_manager_msgs/srv/detail/load_start_controller__type_support_c.cpp.o[0m
[49.880s] [ 78%] [32mBuilding CXX object CMakeFiles/controller_manager_msgs__rosidl_typesupport_fastrtps_c.dir/rosidl_typesupport_fastrtps_c/controller_manager_msgs/srv/detail/reload_controller_libraries__type_support_c.cpp.o[0m
[50.675s] [ 78%] [32mBuilding CXX object CMakeFiles/controller_manager_msgs__rosidl_typesupport_fastrtps_c.dir/rosidl_typesupport_fastrtps_c/controller_manager_msgs/srv/detail/switch_controller__type_support_c.cpp.o[0m
[51.536s] [ 79%] [32mBuilding CXX object CMakeFiles/controller_manager_msgs__rosidl_typesupport_fastrtps_c.dir/rosidl_typesupport_fastrtps_c/controller_manager_msgs/srv/detail/unload_controller__type_support_c.cpp.o[0m
[52.118s] [ 79%] [32mBuilding CXX object CMakeFiles/controller_manager_msgs__rosidl_typesupport_fastrtps_c.dir/rosidl_typesupport_fastrtps_c/controller_manager_msgs/srv/detail/list_hardware_interfaces__type_support_c.cpp.o[0m
[52.748s] [ 80%] [32mBuilding CXX object CMakeFiles/controller_manager_msgs__rosidl_typesupport_fastrtps_c.dir/rosidl_typesupport_fastrtps_c/controller_manager_msgs/srv/detail/list_controller_types__type_support_c.cpp.o[0m
[53.585s] [ 81%] [32mBuilding CXX object CMakeFiles/controller_manager_msgs__rosidl_typesupport_fastrtps_c.dir/rosidl_typesupport_fastrtps_c/controller_manager_msgs/srv/detail/list_controllers__type_support_c.cpp.o[0m
[54.308s] [ 82%] [32mBuilding CXX object CMakeFiles/controller_manager_msgs__rosidl_typesupport_fastrtps_c.dir/rosidl_typesupport_fastrtps_c/controller_manager_msgs/srv/detail/configure_start_controller__type_support_c.cpp.o[0m
[55.145s] [ 83%] [32mBuilding CXX object CMakeFiles/controller_manager_msgs__rosidl_typesupport_fastrtps_c.dir/rosidl_typesupport_fastrtps_c/controller_manager_msgs/srv/detail/configure_controller__type_support_c.cpp.o[0m
[55.788s] [ 83%] [32mBuilding CXX object CMakeFiles/controller_manager_msgs__rosidl_typesupport_fastrtps_c.dir/rosidl_typesupport_fastrtps_c/controller_manager_msgs/msg/detail/hardware_interface__type_support_c.cpp.o[0m
[56.564s] [ 84%] [32m[1mLinking CXX shared library libcontroller_manager_msgs__rosidl_typesupport_fastrtps_c.so[0m
[56.830s] [ 84%] Built target controller_manager_msgs__rosidl_typesupport_fastrtps_c
[56.852s] [35m[1mScanning dependencies of target controller_manager_msgs[0m
[56.882s] [ 84%] Built target controller_manager_msgs
[56.904s] [35m[1mScanning dependencies of target controller_manager_msgs__py[0m
[56.926s] [ 85%] [34m[1mGenerating Python code for ROS interfaces[0m
[63.789s] [ 85%] Built target controller_manager_msgs__py
[63.810s] [35m[1mScanning dependencies of target controller_manager_msgs__python[0m
[63.902s] [ 86%] [32mBuilding C object CMakeFiles/controller_manager_msgs__python.dir/rosidl_generator_py/controller_manager_msgs/msg/_controller_state_s.c.o[0m
[64.105s] [ 86%] [32mBuilding C object CMakeFiles/controller_manager_msgs__python.dir/rosidl_generator_py/controller_manager_msgs/srv/_load_configure_controller_s.c.o[0m
[64.298s] [ 87%] [32mBuilding C object CMakeFiles/controller_manager_msgs__python.dir/rosidl_generator_py/controller_manager_msgs/srv/_load_controller_s.c.o[0m
[64.494s] [ 88%] [32mBuilding C object CMakeFiles/controller_manager_msgs__python.dir/rosidl_generator_py/controller_manager_msgs/srv/_load_start_controller_s.c.o[0m
[64.720s] [ 89%] [32mBuilding C object CMakeFiles/controller_manager_msgs__python.dir/rosidl_generator_py/controller_manager_msgs/srv/_reload_controller_libraries_s.c.o[0m
[64.878s] [ 90%] [32mBuilding C object CMakeFiles/controller_manager_msgs__python.dir/rosidl_generator_py/controller_manager_msgs/srv/_switch_controller_s.c.o[0m
[65.055s] [ 90%] [32mBuilding C object CMakeFiles/controller_manager_msgs__python.dir/rosidl_generator_py/controller_manager_msgs/srv/_unload_controller_s.c.o[0m
[65.260s] [ 91%] [32mBuilding C object CMakeFiles/controller_manager_msgs__python.dir/rosidl_generator_py/controller_manager_msgs/srv/_list_hardware_interfaces_s.c.o[0m
[65.478s] [ 92%] [32mBuilding C object CMakeFiles/controller_manager_msgs__python.dir/rosidl_generator_py/controller_manager_msgs/srv/_list_controller_types_s.c.o[0m
[65.720s] [ 93%] [32mBuilding C object CMakeFiles/controller_manager_msgs__python.dir/rosidl_generator_py/controller_manager_msgs/srv/_list_controllers_s.c.o[0m
[65.931s] [ 94%] [32mBuilding C object CMakeFiles/controller_manager_msgs__python.dir/rosidl_generator_py/controller_manager_msgs/srv/_configure_start_controller_s.c.o[0m
[66.136s] [ 94%] [32mBuilding C object CMakeFiles/controller_manager_msgs__python.dir/rosidl_generator_py/controller_manager_msgs/srv/_configure_controller_s.c.o[0m
[66.344s] [ 95%] [32mBuilding C object CMakeFiles/controller_manager_msgs__python.dir/rosidl_generator_py/controller_manager_msgs/msg/_hardware_interface_s.c.o[0m
[66.512s] [ 96%] [32m[1mLinking C shared library rosidl_generator_py/controller_manager_msgs/libcontroller_manager_msgs__python.so[0m
[66.584s] [ 96%] Built target controller_manager_msgs__python
[66.618s] [35m[1mScanning dependencies of target controller_manager_msgs__rosidl_typesupport_c__pyext[0m
[66.665s] [ 97%] [32mBuilding C object CMakeFiles/controller_manager_msgs__rosidl_typesupport_c__pyext.dir/rosidl_generator_py/controller_manager_msgs/_controller_manager_msgs_s.ep.rosidl_typesupport_c.c.o[0m
[67.049s] [ 97%] [32m[1mLinking C shared library rosidl_generator_py/controller_manager_msgs/controller_manager_msgs_s__rosidl_typesupport_c.cpython-38-x86_64-linux-gnu.so[0m
[67.131s] [ 97%] Built target controller_manager_msgs__rosidl_typesupport_c__pyext
[67.156s] [35m[1mScanning dependencies of target controller_manager_msgs__rosidl_typesupport_fastrtps_c__pyext[0m
[67.204s] [ 98%] [32mBuilding C object CMakeFiles/controller_manager_msgs__rosidl_typesupport_fastrtps_c__pyext.dir/rosidl_generator_py/controller_manager_msgs/_controller_manager_msgs_s.ep.rosidl_typesupport_fastrtps_c.c.o[0m
[67.556s] [ 98%] [32m[1mLinking CXX shared library rosidl_generator_py/controller_manager_msgs/controller_manager_msgs_s__rosidl_typesupport_fastrtps_c.cpython-38-x86_64-linux-gnu.so[0m
[67.693s] [ 98%] Built target controller_manager_msgs__rosidl_typesupport_fastrtps_c__pyext
[67.714s] [35m[1mScanning dependencies of target controller_manager_msgs__rosidl_typesupport_introspection_c__pyext[0m
[67.755s] [ 99%] [32mBuilding C object CMakeFiles/controller_manager_msgs__rosidl_typesupport_introspection_c__pyext.dir/rosidl_generator_py/controller_manager_msgs/_controller_manager_msgs_s.ep.rosidl_typesupport_introspection_c.c.o[0m
[68.127s] [100%] [32m[1mLinking C shared library rosidl_generator_py/controller_manager_msgs/controller_manager_msgs_s__rosidl_typesupport_introspection_c.cpython-38-x86_64-linux-gnu.so[0m
[68.198s] [100%] Built target controller_manager_msgs__rosidl_typesupport_introspection_c__pyext
[68.223s] Invoked command in '/home/joanne/bookros2_ws/build/controller_manager_msgs' returned '0': CMAKE_PREFIX_PATH=/opt/ros/foxy /usr/bin/cmake --build /home/joanne/bookros2_ws/build/controller_manager_msgs -- -j8 -l8
[68.231s] Invoking command in '/home/joanne/bookros2_ws/build/controller_manager_msgs': CMAKE_PREFIX_PATH=/opt/ros/foxy /usr/bin/cmake --install /home/joanne/bookros2_ws/build/controller_manager_msgs
[71.650s] -- Install configuration: ""
[71.651s] -- Installing: /home/joanne/bookros2_ws/install/controller_manager_msgs/share/ament_index/resource_index/rosidl_interfaces/controller_manager_msgs
[71.651s] -- Installing: /home/joanne/bookros2_ws/install/controller_manager_msgs/include/controller_manager_msgs
[71.651s] -- Installing: /home/joanne/bookros2_ws/install/controller_manager_msgs/include/controller_manager_msgs/srv
[71.652s] -- Installing: /home/joanne/bookros2_ws/install/controller_manager_msgs/include/controller_manager_msgs/srv/list_controllers.h
[71.652s] -- Installing: /home/joanne/bookros2_ws/install/controller_manager_msgs/include/controller_manager_msgs/srv/load_controller.h
[71.652s] -- Installing: /home/joanne/bookros2_ws/install/controller_manager_msgs/include/controller_manager_msgs/srv/configure_start_controller.h
[71.652s] -- Installing: /home/joanne/bookros2_ws/install/controller_manager_msgs/include/controller_manager_msgs/srv/load_configure_controller.h
[71.656s] -- Installing: /home/joanne/bookros2_ws/install/controller_manager_msgs/include/controller_manager_msgs/srv/reload_controller_libraries.h
[71.656s] -- Installing: /home/joanne/bookros2_ws/install/controller_manager_msgs/include/controller_manager_msgs/srv/load_start_controller.h
[71.662s] -- Installing: /home/joanne/bookros2_ws/install/controller_manager_msgs/include/controller_manager_msgs/srv/configure_controller.h
[71.663s] -- Installing: /home/joanne/bookros2_ws/install/controller_manager_msgs/include/controller_manager_msgs/srv/list_hardware_interfaces.h
[71.663s] -- Installing: /home/joanne/bookros2_ws/install/controller_manager_msgs/include/controller_manager_msgs/srv/list_controller_types.h
[71.663s] -- Installing: /home/joanne/bookros2_ws/install/controller_manager_msgs/include/controller_manager_msgs/srv/unload_controller.h
[71.663s] -- Installing: /home/joanne/bookros2_ws/install/controller_manager_msgs/include/controller_manager_msgs/srv/detail
[71.664s] -- Installing: /home/joanne/bookros2_ws/install/controller_manager_msgs/include/controller_manager_msgs/srv/detail/configure_controller__functions.h
[71.664s] -- Installing: /home/joanne/bookros2_ws/install/controller_manager_msgs/include/controller_manager_msgs/srv/detail/list_controllers__functions.h
[71.664s] -- Installing: /home/joanne/bookros2_ws/install/controller_manager_msgs/include/controller_manager_msgs/srv/detail/configure_controller__functions.c
[71.664s] -- Installing: /home/joanne/bookros2_ws/install/controller_manager_msgs/include/controller_manager_msgs/srv/detail/load_start_controller__type_support.h
[71.664s] -- Installing: /home/joanne/bookros2_ws/install/controller_manager_msgs/include/controller_manager_msgs/srv/detail/configure_start_controller__functions.h
[71.664s] -- Installing: /home/joanne/bookros2_ws/install/controller_manager_msgs/include/controller_manager_msgs/srv/detail/list_controller_types__type_support.h
[71.665s] -- Installing: /home/joanne/bookros2_ws/install/controller_manager_msgs/include/controller_manager_msgs/srv/detail/load_start_controller__struct.h
[71.665s] -- Installing: /home/joanne/bookros2_ws/install/controller_manager_msgs/include/controller_manager_msgs/srv/detail/load_controller__struct.h
[71.665s] -- Installing: /home/joanne/bookros2_ws/install/controller_manager_msgs/include/controller_manager_msgs/srv/detail/configure_start_controller__struct.h
[71.665s] -- Installing: /home/joanne/bookros2_ws/install/controller_manager_msgs/include/controller_manager_msgs/srv/detail/list_controller_types__functions.c
[71.665s] -- Installing: /home/joanne/bookros2_ws/install/controller_manager_msgs/include/controller_manager_msgs/srv/detail/load_start_controller__functions.h
[71.666s] -- Installing: /home/joanne/bookros2_ws/install/controller_manager_msgs/include/controller_manager_msgs/srv/detail/load_start_controller__functions.c
[71.666s] -- Installing: /home/joanne/bookros2_ws/install/controller_manager_msgs/include/controller_manager_msgs/srv/detail/unload_controller__functions.c
[71.666s] -- Installing: /home/joanne/bookros2_ws/install/controller_manager_msgs/include/controller_manager_msgs/srv/detail/load_controller__type_support.h
[71.666s] -- Installing: /home/joanne/bookros2_ws/install/controller_manager_msgs/include/controller_manager_msgs/srv/detail/configure_controller__type_support.h
[71.666s] -- Installing: /home/joanne/bookros2_ws/install/controller_manager_msgs/include/controller_manager_msgs/srv/detail/load_controller__functions.c
[71.666s] -- Installing: /home/joanne/bookros2_ws/install/controller_manager_msgs/include/controller_manager_msgs/srv/detail/unload_controller__type_support.h
[71.667s] -- Installing: /home/joanne/bookros2_ws/install/controller_manager_msgs/include/controller_manager_msgs/srv/detail/list_controllers__type_support.h
[71.667s] -- Installing: /home/joanne/bookros2_ws/install/controller_manager_msgs/include/controller_manager_msgs/srv/detail/list_hardware_interfaces__functions.c
[71.667s] -- Installing: /home/joanne/bookros2_ws/install/controller_manager_msgs/include/controller_manager_msgs/srv/detail/reload_controller_libraries__struct.h
[71.667s] -- Installing: /home/joanne/bookros2_ws/install/controller_manager_msgs/include/controller_manager_msgs/srv/detail/configure_start_controller__type_support.h
[71.667s] -- Installing: /home/joanne/bookros2_ws/install/controller_manager_msgs/include/controller_manager_msgs/srv/detail/switch_controller__struct.h
[71.667s] -- Installing: /home/joanne/bookros2_ws/install/controller_manager_msgs/include/controller_manager_msgs/srv/detail/reload_controller_libraries__type_support.h
[71.668s] -- Installing: /home/joanne/bookros2_ws/install/controller_manager_msgs/include/controller_manager_msgs/srv/detail/load_configure_controller__struct.h
[71.668s] -- Installing: /home/joanne/bookros2_ws/install/controller_manager_msgs/include/controller_manager_msgs/srv/detail/load_controller__functions.h
[71.668s] -- Installing: /home/joanne/bookros2_ws/install/controller_manager_msgs/include/controller_manager_msgs/srv/detail/unload_controller__struct.h
[71.668s] -- Installing: /home/joanne/bookros2_ws/install/controller_manager_msgs/include/controller_manager_msgs/srv/detail/reload_controller_libraries__functions.c
[71.668s] -- Installing: /home/joanne/bookros2_ws/install/controller_manager_msgs/include/controller_manager_msgs/srv/detail/unload_controller__functions.h
[71.668s] -- Installing: /home/joanne/bookros2_ws/install/controller_manager_msgs/include/controller_manager_msgs/srv/detail/load_configure_controller__type_support.h
[71.668s] -- Installing: /home/joanne/bookros2_ws/install/controller_manager_msgs/include/controller_manager_msgs/srv/detail/list_controller_types__functions.h
[71.669s] -- Installing: /home/joanne/bookros2_ws/install/controller_manager_msgs/include/controller_manager_msgs/srv/detail/switch_controller__functions.c
[71.669s] -- Installing: /home/joanne/bookros2_ws/install/controller_manager_msgs/include/controller_manager_msgs/srv/detail/list_hardware_interfaces__functions.h
[71.670s] -- Installing: /home/joanne/bookros2_ws/install/controller_manager_msgs/include/controller_manager_msgs/srv/detail/switch_controller__functions.h
[71.670s] -- Installing: /home/joanne/bookros2_ws/install/controller_manager_msgs/include/controller_manager_msgs/srv/detail/switch_controller__type_support.h
[71.670s] -- Installing: /home/joanne/bookros2_ws/install/controller_manager_msgs/include/controller_manager_msgs/srv/detail/reload_controller_libraries__functions.h
[71.670s] -- Installing: /home/joanne/bookros2_ws/install/controller_manager_msgs/include/controller_manager_msgs/srv/detail/list_controllers__struct.h
[71.671s] -- Installing: /home/joanne/bookros2_ws/install/controller_manager_msgs/include/controller_manager_msgs/srv/detail/load_configure_controller__functions.h
[71.671s] -- Installing: /home/joanne/bookros2_ws/install/controller_manager_msgs/include/controller_manager_msgs/srv/detail/configure_controller__struct.h
[71.671s] -- Installing: /home/joanne/bookros2_ws/install/controller_manager_msgs/include/controller_manager_msgs/srv/detail/list_hardware_interfaces__type_support.h
[71.671s] -- Installing: /home/joanne/bookros2_ws/install/controller_manager_msgs/include/controller_manager_msgs/srv/detail/list_hardware_interfaces__struct.h
[71.672s] -- Installing: /home/joanne/bookros2_ws/install/controller_manager_msgs/include/controller_manager_msgs/srv/detail/configure_start_controller__functions.c
[71.672s] -- Installing: /home/joanne/bookros2_ws/install/controller_manager_msgs/include/controller_manager_msgs/srv/detail/load_configure_controller__functions.c
[71.672s] -- Installing: /home/joanne/bookros2_ws/install/controller_manager_msgs/include/controller_manager_msgs/srv/detail/list_controller_types__struct.h
[71.672s] -- Installing: /home/joanne/bookros2_ws/install/controller_manager_msgs/include/controller_manager_msgs/srv/detail/list_controllers__functions.c
[71.672s] -- Installing: /home/joanne/bookros2_ws/install/controller_manager_msgs/include/controller_manager_msgs/srv/switch_controller.h
[71.672s] -- Installing: /home/joanne/bookros2_ws/install/controller_manager_msgs/include/controller_manager_msgs/msg
[71.673s] -- Installing: /home/joanne/bookros2_ws/install/controller_manager_msgs/include/controller_manager_msgs/msg/hardware_interface.h
[71.673s] -- Installing: /home/joanne/bookros2_ws/install/controller_manager_msgs/include/controller_manager_msgs/msg/controller_state.h
[71.673s] -- Installing: /home/joanne/bookros2_ws/install/controller_manager_msgs/include/controller_manager_msgs/msg/detail
[71.673s] -- Installing: /home/joanne/bookros2_ws/install/controller_manager_msgs/include/controller_manager_msgs/msg/detail/controller_state__struct.h
[71.673s] -- Installing: /home/joanne/bookros2_ws/install/controller_manager_msgs/include/controller_manager_msgs/msg/detail/hardware_interface__type_support.h
[71.673s] -- Installing: /home/joanne/bookros2_ws/install/controller_manager_msgs/include/controller_manager_msgs/msg/detail/hardware_interface__functions.c
[71.673s] -- Installing: /home/joanne/bookros2_ws/install/controller_manager_msgs/include/controller_manager_msgs/msg/detail/controller_state__functions.c
[71.674s] -- Installing: /home/joanne/bookros2_ws/install/controller_manager_msgs/include/controller_manager_msgs/msg/detail/hardware_interface__struct.h
[71.674s] -- Installing: /home/joanne/bookros2_ws/install/controller_manager_msgs/include/controller_manager_msgs/msg/detail/controller_state__type_support.h
[71.674s] -- Installing: /home/joanne/bookros2_ws/install/controller_manager_msgs/include/controller_manager_msgs/msg/detail/controller_state__functions.h
[71.674s] -- Installing: /home/joanne/bookros2_ws/install/controller_manager_msgs/include/controller_manager_msgs/msg/detail/hardware_interface__functions.h
[71.674s] -- Installing: /home/joanne/bookros2_ws/install/controller_manager_msgs/include/controller_manager_msgs/msg/rosidl_generator_c__visibility_control.h
[71.674s] -- Installing: /home/joanne/bookros2_ws/install/controller_manager_msgs/share/controller_manager_msgs/environment/library_path.sh
[71.674s] -- Installing: /home/joanne/bookros2_ws/install/controller_manager_msgs/share/controller_manager_msgs/environment/library_path.dsv
[71.675s] -- Installing: /home/joanne/bookros2_ws/install/controller_manager_msgs/lib/libcontroller_manager_msgs__rosidl_generator_c.so
[71.675s] -- Set runtime path of "/home/joanne/bookros2_ws/install/controller_manager_msgs/lib/libcontroller_manager_msgs__rosidl_generator_c.so" to ""
[71.675s] -- Up-to-date: /home/joanne/bookros2_ws/install/controller_manager_msgs/include/controller_manager_msgs
[71.675s] -- Up-to-date: /home/joanne/bookros2_ws/install/controller_manager_msgs/include/controller_manager_msgs/srv
[71.675s] -- Up-to-date: /home/joanne/bookros2_ws/install/controller_manager_msgs/include/controller_manager_msgs/srv/detail
[71.675s] -- Installing: /home/joanne/bookros2_ws/install/controller_manager_msgs/include/controller_manager_msgs/srv/detail/reload_controller_libraries__rosidl_typesupport_fastrtps_c.h
[71.675s] -- Installing: /home/joanne/bookros2_ws/install/controller_manager_msgs/include/controller_manager_msgs/srv/detail/unload_controller__rosidl_typesupport_fastrtps_c.h
[71.676s] -- Installing: /home/joanne/bookros2_ws/install/controller_manager_msgs/include/controller_manager_msgs/srv/detail/switch_controller__rosidl_typesupport_fastrtps_c.h
[71.676s] -- Installing: /home/joanne/bookros2_ws/install/controller_manager_msgs/include/controller_manager_msgs/srv/detail/configure_controller__rosidl_typesupport_fastrtps_c.h
[71.676s] -- Installing: /home/joanne/bookros2_ws/install/controller_manager_msgs/include/controller_manager_msgs/srv/detail/list_controllers__rosidl_typesupport_fastrtps_c.h
[71.676s] -- Installing: /home/joanne/bookros2_ws/install/controller_manager_msgs/include/controller_manager_msgs/srv/detail/load_controller__rosidl_typesupport_fastrtps_c.h
[71.676s] -- Installing: /home/joanne/bookros2_ws/install/controller_manager_msgs/include/controller_manager_msgs/srv/detail/configure_start_controller__rosidl_typesupport_fastrtps_c.h
[71.676s] -- Installing: /home/joanne/bookros2_ws/install/controller_manager_msgs/include/controller_manager_msgs/srv/detail/load_start_controller__rosidl_typesupport_fastrtps_c.h
[71.677s] -- Installing: /home/joanne/bookros2_ws/install/controller_manager_msgs/include/controller_manager_msgs/srv/detail/list_hardware_interfaces__rosidl_typesupport_fastrtps_c.h
[71.677s] -- Installing: /home/joanne/bookros2_ws/install/controller_manager_msgs/include/controller_manager_msgs/srv/detail/load_configure_controller__rosidl_typesupport_fastrtps_c.h
[71.677s] -- Installing: /home/joanne/bookros2_ws/install/controller_manager_msgs/include/controller_manager_msgs/srv/detail/list_controller_types__rosidl_typesupport_fastrtps_c.h
[71.677s] -- Up-to-date: /home/joanne/bookros2_ws/install/controller_manager_msgs/include/controller_manager_msgs/msg
[71.677s] -- Installing: /home/joanne/bookros2_ws/install/controller_manager_msgs/include/controller_manager_msgs/msg/rosidl_typesupport_fastrtps_c__visibility_control.h
[71.677s] -- Up-to-date: /home/joanne/bookros2_ws/install/controller_manager_msgs/include/controller_manager_msgs/msg/detail
[71.677s] -- Installing: /home/joanne/bookros2_ws/install/controller_manager_msgs/include/controller_manager_msgs/msg/detail/hardware_interface__rosidl_typesupport_fastrtps_c.h
[71.678s] -- Installing: /home/joanne/bookros2_ws/install/controller_manager_msgs/include/controller_manager_msgs/msg/detail/controller_state__rosidl_typesupport_fastrtps_c.h
[71.678s] -- Installing: /home/joanne/bookros2_ws/install/controller_manager_msgs/lib/libcontroller_manager_msgs__rosidl_typesupport_fastrtps_c.so
[71.678s] -- Set runtime path of "/home/joanne/bookros2_ws/install/controller_manager_msgs/lib/libcontroller_manager_msgs__rosidl_typesupport_fastrtps_c.so" to ""
[71.678s] -- Up-to-date: /home/joanne/bookros2_ws/install/controller_manager_msgs/include/controller_manager_msgs
[71.678s] -- Up-to-date: /home/joanne/bookros2_ws/install/controller_manager_msgs/include/controller_manager_msgs/srv
[71.678s] -- Up-to-date: /home/joanne/bookros2_ws/install/controller_manager_msgs/include/controller_manager_msgs/srv/detail
[71.678s] -- Installing: /home/joanne/bookros2_ws/install/controller_manager_msgs/include/controller_manager_msgs/srv/detail/list_hardware_interfaces__rosidl_typesupport_fastrtps_cpp.hpp
[71.679s] -- Installing: /home/joanne/bookros2_ws/install/controller_manager_msgs/include/controller_manager_msgs/srv/detail/load_controller__rosidl_typesupport_fastrtps_cpp.hpp
[71.679s] -- Installing: /home/joanne/bookros2_ws/install/controller_manager_msgs/include/controller_manager_msgs/srv/detail/list_controllers__rosidl_typesupport_fastrtps_cpp.hpp
[71.679s] -- Installing: /home/joanne/bookros2_ws/install/controller_manager_msgs/include/controller_manager_msgs/srv/detail/load_configure_controller__rosidl_typesupport_fastrtps_cpp.hpp
[71.679s] -- Installing: /home/joanne/bookros2_ws/install/controller_manager_msgs/include/controller_manager_msgs/srv/detail/configure_controller__rosidl_typesupport_fastrtps_cpp.hpp
[71.679s] -- Installing: /home/joanne/bookros2_ws/install/controller_manager_msgs/include/controller_manager_msgs/srv/detail/switch_controller__rosidl_typesupport_fastrtps_cpp.hpp
[71.679s] -- Installing: /home/joanne/bookros2_ws/install/controller_manager_msgs/include/controller_manager_msgs/srv/detail/list_controller_types__rosidl_typesupport_fastrtps_cpp.hpp
[71.679s] -- Installing: /home/joanne/bookros2_ws/install/controller_manager_msgs/include/controller_manager_msgs/srv/detail/load_start_controller__rosidl_typesupport_fastrtps_cpp.hpp
[71.680s] -- Installing: /home/joanne/bookros2_ws/install/controller_manager_msgs/include/controller_manager_msgs/srv/detail/reload_controller_libraries__rosidl_typesupport_fastrtps_cpp.hpp
[71.680s] -- Installing: /home/joanne/bookros2_ws/install/controller_manager_msgs/include/controller_manager_msgs/srv/detail/dds_fastrtps
[71.680s] -- Installing: /home/joanne/bookros2_ws/install/controller_manager_msgs/include/controller_manager_msgs/srv/detail/configure_start_controller__rosidl_typesupport_fastrtps_cpp.hpp
[71.680s] -- Installing: /home/joanne/bookros2_ws/install/controller_manager_msgs/include/controller_manager_msgs/srv/detail/unload_controller__rosidl_typesupport_fastrtps_cpp.hpp
[71.680s] -- Up-to-date: /home/joanne/bookros2_ws/install/controller_manager_msgs/include/controller_manager_msgs/msg
[71.680s] -- Up-to-date: /home/joanne/bookros2_ws/install/controller_manager_msgs/include/controller_manager_msgs/msg/detail
[71.681s] -- Installing: /home/joanne/bookros2_ws/install/controller_manager_msgs/include/controller_manager_msgs/msg/detail/controller_state__rosidl_typesupport_fastrtps_cpp.hpp
[71.682s] -- Installing: /home/joanne/bookros2_ws/install/controller_manager_msgs/include/controller_manager_msgs/msg/detail/dds_fastrtps
[71.682s] -- Installing: /home/joanne/bookros2_ws/install/controller_manager_msgs/include/controller_manager_msgs/msg/detail/hardware_interface__rosidl_typesupport_fastrtps_cpp.hpp
[71.682s] -- Installing: /home/joanne/bookros2_ws/install/controller_manager_msgs/include/controller_manager_msgs/msg/rosidl_typesupport_fastrtps_cpp__visibility_control.h
[71.682s] -- Installing: /home/joanne/bookros2_ws/install/controller_manager_msgs/lib/libcontroller_manager_msgs__rosidl_typesupport_fastrtps_cpp.so
[71.683s] -- Set runtime path of "/home/joanne/bookros2_ws/install/controller_manager_msgs/lib/libcontroller_manager_msgs__rosidl_typesupport_fastrtps_cpp.so" to ""
[71.683s] -- Up-to-date: /home/joanne/bookros2_ws/install/controller_manager_msgs/include/controller_manager_msgs
[71.683s] -- Up-to-date: /home/joanne/bookros2_ws/install/controller_manager_msgs/include/controller_manager_msgs/srv
[71.683s] -- Up-to-date: /home/joanne/bookros2_ws/install/controller_manager_msgs/include/controller_manager_msgs/srv/detail
[71.683s] -- Installing: /home/joanne/bookros2_ws/install/controller_manager_msgs/include/controller_manager_msgs/srv/detail/load_controller__rosidl_typesupport_introspection_c.h
[71.684s] -- Installing: /home/joanne/bookros2_ws/install/controller_manager_msgs/include/controller_manager_msgs/srv/detail/reload_controller_libraries__rosidl_typesupport_introspection_c.h
[71.684s] -- Installing: /home/joanne/bookros2_ws/install/controller_manager_msgs/include/controller_manager_msgs/srv/detail/list_hardware_interfaces__type_support.c
[71.684s] -- Installing: /home/joanne/bookros2_ws/install/controller_manager_msgs/include/controller_manager_msgs/srv/detail/list_hardware_interfaces__rosidl_typesupport_introspection_c.h
[71.684s] -- Installing: /home/joanne/bookros2_ws/install/controller_manager_msgs/include/controller_manager_msgs/srv/detail/list_controller_types__type_support.c
[71.684s] -- Installing: /home/joanne/bookros2_ws/install/controller_manager_msgs/include/controller_manager_msgs/srv/detail/load_configure_controller__rosidl_typesupport_introspection_c.h
[71.684s] -- Installing: /home/joanne/bookros2_ws/install/controller_manager_msgs/include/controller_manager_msgs/srv/detail/load_configure_controller__type_support.c
[71.685s] -- Installing: /home/joanne/bookros2_ws/install/controller_manager_msgs/include/controller_manager_msgs/srv/detail/load_controller__type_support.c
[71.686s] -- Installing: /home/joanne/bookros2_ws/install/controller_manager_msgs/include/controller_manager_msgs/srv/detail/switch_controller__rosidl_typesupport_introspection_c.h
[71.686s] -- Installing: /home/joanne/bookros2_ws/install/controller_manager_msgs/include/controller_manager_msgs/srv/detail/unload_controller__rosidl_typesupport_introspection_c.h
[71.686s] -- Installing: /home/joanne/bookros2_ws/install/controller_manager_msgs/include/controller_manager_msgs/srv/detail/list_controller_types__rosidl_typesupport_introspection_c.h
[71.686s] -- Installing: /home/joanne/bookros2_ws/install/controller_manager_msgs/include/controller_manager_msgs/srv/detail/configure_controller__type_support.c
[71.686s] -- Installing: /home/joanne/bookros2_ws/install/controller_manager_msgs/include/controller_manager_msgs/srv/detail/load_start_controller__type_support.c
[71.686s] -- Installing: /home/joanne/bookros2_ws/install/controller_manager_msgs/include/controller_manager_msgs/srv/detail/list_controllers__rosidl_typesupport_introspection_c.h
[71.686s] -- Installing: /home/joanne/bookros2_ws/install/controller_manager_msgs/include/controller_manager_msgs/srv/detail/list_controllers__type_support.c
[71.687s] -- Installing: /home/joanne/bookros2_ws/install/controller_manager_msgs/include/controller_manager_msgs/srv/detail/load_start_controller__rosidl_typesupport_introspection_c.h
[71.687s] -- Installing: /home/joanne/bookros2_ws/install/controller_manager_msgs/include/controller_manager_msgs/srv/detail/configure_start_controller__rosidl_typesupport_introspection_c.h
[71.688s] -- Installing: /home/joanne/bookros2_ws/install/controller_manager_msgs/include/controller_manager_msgs/srv/detail/configure_controller__rosidl_typesupport_introspection_c.h
[71.688s] -- Installing: /home/joanne/bookros2_ws/install/controller_manager_msgs/include/controller_manager_msgs/srv/detail/unload_controller__type_support.c
[71.688s] -- Installing: /home/joanne/bookros2_ws/install/controller_manager_msgs/include/controller_manager_msgs/srv/detail/switch_controller__type_support.c
[71.688s] -- Installing: /home/joanne/bookros2_ws/install/controller_manager_msgs/include/controller_manager_msgs/srv/detail/configure_start_controller__type_support.c
[71.689s] -- Installing: /home/joanne/bookros2_ws/install/controller_manager_msgs/include/controller_manager_msgs/srv/detail/reload_controller_libraries__type_support.c
[71.689s] -- Up-to-date: /home/joanne/bookros2_ws/install/controller_manager_msgs/include/controller_manager_msgs/msg
[71.689s] -- Installing: /home/joanne/bookros2_ws/install/controller_manager_msgs/include/controller_manager_msgs/msg/rosidl_typesupport_introspection_c__visibility_control.h
[71.689s] -- Up-to-date: /home/joanne/bookros2_ws/install/controller_manager_msgs/include/controller_manager_msgs/msg/detail
[71.689s] -- Installing: /home/joanne/bookros2_ws/install/controller_manager_msgs/include/controller_manager_msgs/msg/detail/hardware_interface__rosidl_typesupport_introspection_c.h
[71.689s] -- Installing: /home/joanne/bookros2_ws/install/controller_manager_msgs/include/controller_manager_msgs/msg/detail/controller_state__type_support.c
[71.689s] -- Installing: /home/joanne/bookros2_ws/install/controller_manager_msgs/include/controller_manager_msgs/msg/detail/controller_state__rosidl_typesupport_introspection_c.h
[71.689s] -- Installing: /home/joanne/bookros2_ws/install/controller_manager_msgs/include/controller_manager_msgs/msg/detail/hardware_interface__type_support.c
[71.690s] -- Installing: /home/joanne/bookros2_ws/install/controller_manager_msgs/lib/libcontroller_manager_msgs__rosidl_typesupport_introspection_c.so
[71.690s] -- Set runtime path of "/home/joanne/bookros2_ws/install/controller_manager_msgs/lib/libcontroller_manager_msgs__rosidl_typesupport_introspection_c.so" to ""
[71.690s] -- Installing: /home/joanne/bookros2_ws/install/controller_manager_msgs/lib/libcontroller_manager_msgs__rosidl_typesupport_c.so
[71.690s] -- Set runtime path of "/home/joanne/bookros2_ws/install/controller_manager_msgs/lib/libcontroller_manager_msgs__rosidl_typesupport_c.so" to ""
[71.690s] -- Up-to-date: /home/joanne/bookros2_ws/install/controller_manager_msgs/include/controller_manager_msgs
[71.690s] -- Up-to-date: /home/joanne/bookros2_ws/install/controller_manager_msgs/include/controller_manager_msgs/srv
[71.690s] -- Installing: /home/joanne/bookros2_ws/install/controller_manager_msgs/include/controller_manager_msgs/srv/load_start_controller.hpp
[71.690s] -- Installing: /home/joanne/bookros2_ws/install/controller_manager_msgs/include/controller_manager_msgs/srv/list_hardware_interfaces.hpp
[71.691s] -- Installing: /home/joanne/bookros2_ws/install/controller_manager_msgs/include/controller_manager_msgs/srv/list_controller_types.hpp
[71.691s] -- Installing: /home/joanne/bookros2_ws/install/controller_manager_msgs/include/controller_manager_msgs/srv/unload_controller.hpp
[71.691s] -- Installing: /home/joanne/bookros2_ws/install/controller_manager_msgs/include/controller_manager_msgs/srv/reload_controller_libraries.hpp
[71.691s] -- Installing: /home/joanne/bookros2_ws/install/controller_manager_msgs/include/controller_manager_msgs/srv/list_controllers.hpp
[71.691s] -- Installing: /home/joanne/bookros2_ws/install/controller_manager_msgs/include/controller_manager_msgs/srv/switch_controller.hpp
[71.691s] -- Installing: /home/joanne/bookros2_ws/install/controller_manager_msgs/include/controller_manager_msgs/srv/configure_controller.hpp
[71.691s] -- Installing: /home/joanne/bookros2_ws/install/controller_manager_msgs/include/controller_manager_msgs/srv/load_controller.hpp
[71.691s] -- Up-to-date: /home/joanne/bookros2_ws/install/controller_manager_msgs/include/controller_manager_msgs/srv/detail
[71.692s] -- Installing: /home/joanne/bookros2_ws/install/controller_manager_msgs/include/controller_manager_msgs/srv/detail/list_controller_types__struct.hpp
[71.692s] -- Installing: /home/joanne/bookros2_ws/install/controller_manager_msgs/include/controller_manager_msgs/srv/detail/list_controllers__type_support.hpp
[71.693s] -- Installing: /home/joanne/bookros2_ws/install/controller_manager_msgs/include/controller_manager_msgs/srv/detail/switch_controller__struct.hpp
[71.693s] -- Installing: /home/joanne/bookros2_ws/install/controller_manager_msgs/include/controller_manager_msgs/srv/detail/unload_controller__type_support.hpp
[71.693s] -- Installing: /home/joanne/bookros2_ws/install/controller_manager_msgs/include/controller_manager_msgs/srv/detail/switch_controller__traits.hpp
[71.693s] -- Installing: /home/joanne/bookros2_ws/install/controller_manager_msgs/include/controller_manager_msgs/srv/detail/load_start_controller__traits.hpp
[71.693s] -- Installing: /home/joanne/bookros2_ws/install/controller_manager_msgs/include/controller_manager_msgs/srv/detail/list_hardware_interfaces__type_support.hpp
[71.693s] -- Installing: /home/joanne/bookros2_ws/install/controller_manager_msgs/include/controller_manager_msgs/srv/detail/list_controllers__traits.hpp
[71.694s] -- Installing: /home/joanne/bookros2_ws/install/controller_manager_msgs/include/controller_manager_msgs/srv/detail/load_start_controller__builder.hpp
[71.694s] -- Installing: /home/joanne/bookros2_ws/install/controller_manager_msgs/include/controller_manager_msgs/srv/detail/list_controllers__struct.hpp
[71.694s] -- Installing: /home/joanne/bookros2_ws/install/controller_manager_msgs/include/controller_manager_msgs/srv/detail/list_hardware_interfaces__builder.hpp
[71.694s] -- Installing: /home/joanne/bookros2_ws/install/controller_manager_msgs/include/controller_manager_msgs/srv/detail/load_configure_controller__struct.hpp
[71.694s] -- Installing: /home/joanne/bookros2_ws/install/controller_manager_msgs/include/controller_manager_msgs/srv/detail/load_configure_controller__traits.hpp
[71.694s] -- Installing: /home/joanne/bookros2_ws/install/controller_manager_msgs/include/controller_manager_msgs/srv/detail/list_controllers__builder.hpp
[71.694s] -- Installing: /home/joanne/bookros2_ws/install/controller_manager_msgs/include/controller_manager_msgs/srv/detail/configure_controller__traits.hpp
[71.694s] -- Installing: /home/joanne/bookros2_ws/install/controller_manager_msgs/include/controller_manager_msgs/srv/detail/unload_controller__traits.hpp
[71.695s] -- Installing: /home/joanne/bookros2_ws/install/controller_manager_msgs/include/controller_manager_msgs/srv/detail/list_controller_types__traits.hpp
[71.695s] -- Installing: /home/joanne/bookros2_ws/install/controller_manager_msgs/include/controller_manager_msgs/srv/detail/load_start_controller__struct.hpp
[71.695s] -- Installing: /home/joanne/bookros2_ws/install/controller_manager_msgs/include/controller_manager_msgs/srv/detail/reload_controller_libraries__builder.hpp
[71.695s] -- Installing: /home/joanne/bookros2_ws/install/controller_manager_msgs/include/controller_manager_msgs/srv/detail/configure_controller__struct.hpp
[71.695s] -- Installing: /home/joanne/bookros2_ws/install/controller_manager_msgs/include/controller_manager_msgs/srv/detail/configure_start_controller__builder.hpp
[71.695s] -- Installing: /home/joanne/bookros2_ws/install/controller_manager_msgs/include/controller_manager_msgs/srv/detail/load_start_controller__type_support.hpp
[71.695s] -- Installing: /home/joanne/bookros2_ws/install/controller_manager_msgs/include/controller_manager_msgs/srv/detail/load_controller__struct.hpp
[71.696s] -- Installing: /home/joanne/bookros2_ws/install/controller_manager_msgs/include/controller_manager_msgs/srv/detail/unload_controller__builder.hpp
[71.696s] -- Installing: /home/joanne/bookros2_ws/install/controller_manager_msgs/include/controller_manager_msgs/srv/detail/list_controller_types__builder.hpp
[71.696s] -- Installing: /home/joanne/bookros2_ws/install/controller_manager_msgs/include/controller_manager_msgs/srv/detail/load_controller__builder.hpp
[71.696s] -- Installing: /home/joanne/bookros2_ws/install/controller_manager_msgs/include/controller_manager_msgs/srv/detail/load_controller__traits.hpp
[71.696s] -- Installing: /home/joanne/bookros2_ws/install/controller_manager_msgs/include/controller_manager_msgs/srv/detail/configure_start_controller__struct.hpp
[71.697s] -- Installing: /home/joanne/bookros2_ws/install/controller_manager_msgs/include/controller_manager_msgs/srv/detail/list_controller_types__type_support.hpp
[71.697s] -- Installing: /home/joanne/bookros2_ws/install/controller_manager_msgs/include/controller_manager_msgs/srv/detail/configure_start_controller__type_support.hpp
[71.697s] -- Installing: /home/joanne/bookros2_ws/install/controller_manager_msgs/include/controller_manager_msgs/srv/detail/reload_controller_libraries__struct.hpp
[71.698s] -- Installing: /home/joanne/bookros2_ws/install/controller_manager_msgs/include/controller_manager_msgs/srv/detail/unload_controller__struct.hpp
[71.698s] -- Installing: /home/joanne/bookros2_ws/install/controller_manager_msgs/include/controller_manager_msgs/srv/detail/configure_controller__builder.hpp
[71.699s] -- Installing: /home/joanne/bookros2_ws/install/controller_manager_msgs/include/controller_manager_msgs/srv/detail/reload_controller_libraries__type_support.hpp
[71.699s] -- Installing: /home/joanne/bookros2_ws/install/controller_manager_msgs/include/controller_manager_msgs/srv/detail/load_configure_controller__builder.hpp
[71.699s] -- Installing: /home/joanne/bookros2_ws/install/controller_manager_msgs/include/controller_manager_msgs/srv/detail/load_controller__type_support.hpp
[71.700s] -- Installing: /home/joanne/bookros2_ws/install/controller_manager_msgs/include/controller_manager_msgs/srv/detail/list_hardware_interfaces__struct.hpp
[71.700s] -- Installing: /home/joanne/bookros2_ws/install/controller_manager_msgs/include/controller_manager_msgs/srv/detail/list_hardware_interfaces__traits.hpp
[71.700s] -- Installing: /home/joanne/bookros2_ws/install/controller_manager_msgs/include/controller_manager_msgs/srv/detail/switch_controller__type_support.hpp
[71.700s] -- Installing: /home/joanne/bookros2_ws/install/controller_manager_msgs/include/controller_manager_msgs/srv/detail/configure_start_controller__traits.hpp
[71.700s] -- Installing: /home/joanne/bookros2_ws/install/controller_manager_msgs/include/controller_manager_msgs/srv/detail/load_configure_controller__type_support.hpp
[71.700s] -- Installing: /home/joanne/bookros2_ws/install/controller_manager_msgs/include/controller_manager_msgs/srv/detail/configure_controller__type_support.hpp
[71.700s] -- Installing: /home/joanne/bookros2_ws/install/controller_manager_msgs/include/controller_manager_msgs/srv/detail/reload_controller_libraries__traits.hpp
[71.701s] -- Installing: /home/joanne/bookros2_ws/install/controller_manager_msgs/include/controller_manager_msgs/srv/detail/switch_controller__builder.hpp
[71.701s] -- Installing: /home/joanne/bookros2_ws/install/controller_manager_msgs/include/controller_manager_msgs/srv/load_configure_controller.hpp
[71.701s] -- Installing: /home/joanne/bookros2_ws/install/controller_manager_msgs/include/controller_manager_msgs/srv/configure_start_controller.hpp
[71.701s] -- Up-to-date: /home/joanne/bookros2_ws/install/controller_manager_msgs/include/controller_manager_msgs/msg
[71.701s] -- Installing: /home/joanne/bookros2_ws/install/controller_manager_msgs/include/controller_manager_msgs/msg/hardware_interface.hpp
[71.701s] -- Installing: /home/joanne/bookros2_ws/install/controller_manager_msgs/include/controller_manager_msgs/msg/controller_state.hpp
[71.702s] -- Up-to-date: /home/joanne/bookros2_ws/install/controller_manager_msgs/include/controller_manager_msgs/msg/detail
[71.702s] -- Installing: /home/joanne/bookros2_ws/install/controller_manager_msgs/include/controller_manager_msgs/msg/detail/hardware_interface__type_support.hpp
[71.702s] -- Installing: /home/joanne/bookros2_ws/install/controller_manager_msgs/include/controller_manager_msgs/msg/detail/controller_state__type_support.hpp
[71.702s] -- Installing: /home/joanne/bookros2_ws/install/controller_manager_msgs/include/controller_manager_msgs/msg/detail/controller_state__struct.hpp
[71.702s] -- Installing: /home/joanne/bookros2_ws/install/controller_manager_msgs/include/controller_manager_msgs/msg/detail/hardware_interface__builder.hpp
[71.702s] -- Installing: /home/joanne/bookros2_ws/install/controller_manager_msgs/include/controller_manager_msgs/msg/detail/hardware_interface__struct.hpp
[71.703s] -- Installing: /home/joanne/bookros2_ws/install/controller_manager_msgs/include/controller_manager_msgs/msg/detail/controller_state__builder.hpp
[71.703s] -- Installing: /home/joanne/bookros2_ws/install/controller_manager_msgs/include/controller_manager_msgs/msg/detail/hardware_interface__traits.hpp
[71.703s] -- Installing: /home/joanne/bookros2_ws/install/controller_manager_msgs/include/controller_manager_msgs/msg/detail/controller_state__traits.hpp
[71.703s] -- Installing: /home/joanne/bookros2_ws/install/controller_manager_msgs/include/controller_manager_msgs/msg/rosidl_generator_cpp__visibility_control.hpp
[71.703s] -- Up-to-date: /home/joanne/bookros2_ws/install/controller_manager_msgs/include/controller_manager_msgs
[71.703s] -- Up-to-date: /home/joanne/bookros2_ws/install/controller_manager_msgs/include/controller_manager_msgs/srv
[71.703s] -- Up-to-date: /home/joanne/bookros2_ws/install/controller_manager_msgs/include/controller_manager_msgs/srv/detail
[71.704s] -- Installing: /home/joanne/bookros2_ws/install/controller_manager_msgs/include/controller_manager_msgs/srv/detail/unload_controller__type_support.cpp
[71.704s] -- Installing: /home/joanne/bookros2_ws/install/controller_manager_msgs/include/controller_manager_msgs/srv/detail/reload_controller_libraries__type_support.cpp
[71.704s] -- Installing: /home/joanne/bookros2_ws/install/controller_manager_msgs/include/controller_manager_msgs/srv/detail/load_start_controller__type_support.cpp
[71.704s] -- Installing: /home/joanne/bookros2_ws/install/controller_manager_msgs/include/controller_manager_msgs/srv/detail/list_hardware_interfaces__type_support.cpp
[71.704s] -- Installing: /home/joanne/bookros2_ws/install/controller_manager_msgs/include/controller_manager_msgs/srv/detail/reload_controller_libraries__rosidl_typesupport_introspection_cpp.hpp
[71.704s] -- Installing: /home/joanne/bookros2_ws/install/controller_manager_msgs/include/controller_manager_msgs/srv/detail/configure_start_controller__type_support.cpp
[71.705s] -- Installing: /home/joanne/bookros2_ws/install/controller_manager_msgs/include/controller_manager_msgs/srv/detail/load_start_controller__rosidl_typesupport_introspection_cpp.hpp
[71.705s] -- Installing: /home/joanne/bookros2_ws/install/controller_manager_msgs/include/controller_manager_msgs/srv/detail/configure_controller__type_support.cpp
[71.705s] -- Installing: /home/joanne/bookros2_ws/install/controller_manager_msgs/include/controller_manager_msgs/srv/detail/list_controllers__type_support.cpp
[71.705s] -- Installing: /home/joanne/bookros2_ws/install/controller_manager_msgs/include/controller_manager_msgs/srv/detail/load_controller__type_support.cpp
[71.706s] -- Installing: /home/joanne/bookros2_ws/install/controller_manager_msgs/include/controller_manager_msgs/srv/detail/switch_controller__rosidl_typesupport_introspection_cpp.hpp
[71.706s] -- Installing: /home/joanne/bookros2_ws/install/controller_manager_msgs/include/controller_manager_msgs/srv/detail/list_controllers__rosidl_typesupport_introspection_cpp.hpp
[71.707s] -- Installing: /home/joanne/bookros2_ws/install/controller_manager_msgs/include/controller_manager_msgs/srv/detail/list_controller_types__type_support.cpp
[71.707s] -- Installing: /home/joanne/bookros2_ws/install/controller_manager_msgs/include/controller_manager_msgs/srv/detail/switch_controller__type_support.cpp
[71.707s] -- Installing: /home/joanne/bookros2_ws/install/controller_manager_msgs/include/controller_manager_msgs/srv/detail/unload_controller__rosidl_typesupport_introspection_cpp.hpp
[71.707s] -- Installing: /home/joanne/bookros2_ws/install/controller_manager_msgs/include/controller_manager_msgs/srv/detail/load_controller__rosidl_typesupport_introspection_cpp.hpp
[71.708s] -- Installing: /home/joanne/bookros2_ws/install/controller_manager_msgs/include/controller_manager_msgs/srv/detail/list_hardware_interfaces__rosidl_typesupport_introspection_cpp.hpp
[71.708s] -- Installing: /home/joanne/bookros2_ws/install/controller_manager_msgs/include/controller_manager_msgs/srv/detail/list_controller_types__rosidl_typesupport_introspection_cpp.hpp
[71.708s] -- Installing: /home/joanne/bookros2_ws/install/controller_manager_msgs/include/controller_manager_msgs/srv/detail/configure_start_controller__rosidl_typesupport_introspection_cpp.hpp
[71.709s] -- Installing: /home/joanne/bookros2_ws/install/controller_manager_msgs/include/controller_manager_msgs/srv/detail/configure_controller__rosidl_typesupport_introspection_cpp.hpp
[71.709s] -- Installing: /home/joanne/bookros2_ws/install/controller_manager_msgs/include/controller_manager_msgs/srv/detail/load_configure_controller__rosidl_typesupport_introspection_cpp.hpp
[71.709s] -- Installing: /home/joanne/bookros2_ws/install/controller_manager_msgs/include/controller_manager_msgs/srv/detail/load_configure_controller__type_support.cpp
[71.710s] -- Up-to-date: /home/joanne/bookros2_ws/install/controller_manager_msgs/include/controller_manager_msgs/msg
[71.710s] -- Up-to-date: /home/joanne/bookros2_ws/install/controller_manager_msgs/include/controller_manager_msgs/msg/detail
[71.710s] -- Installing: /home/joanne/bookros2_ws/install/controller_manager_msgs/include/controller_manager_msgs/msg/detail/controller_state__rosidl_typesupport_introspection_cpp.hpp
[71.711s] -- Installing: /home/joanne/bookros2_ws/install/controller_manager_msgs/include/controller_manager_msgs/msg/detail/hardware_interface__type_support.cpp
[71.711s] -- Installing: /home/joanne/bookros2_ws/install/controller_manager_msgs/include/controller_manager_msgs/msg/detail/controller_state__type_support.cpp
[71.711s] -- Installing: /home/joanne/bookros2_ws/install/controller_manager_msgs/include/controller_manager_msgs/msg/detail/hardware_interface__rosidl_typesupport_introspection_cpp.hpp
[71.712s] -- Installing: /home/joanne/bookros2_ws/install/controller_manager_msgs/lib/libcontroller_manager_msgs__rosidl_typesupport_introspection_cpp.so
[71.713s] -- Set runtime path of "/home/joanne/bookros2_ws/install/controller_manager_msgs/lib/libcontroller_manager_msgs__rosidl_typesupport_introspection_cpp.so" to ""
[71.713s] -- Installing: /home/joanne/bookros2_ws/install/controller_manager_msgs/lib/libcontroller_manager_msgs__rosidl_typesupport_cpp.so
[71.713s] -- Set runtime path of "/home/joanne/bookros2_ws/install/controller_manager_msgs/lib/libcontroller_manager_msgs__rosidl_typesupport_cpp.so" to ""
[71.714s] -- Installing: /home/joanne/bookros2_ws/install/controller_manager_msgs/share/controller_manager_msgs/environment/pythonpath.sh
[71.714s] -- Installing: /home/joanne/bookros2_ws/install/controller_manager_msgs/share/controller_manager_msgs/environment/pythonpath.dsv
[71.714s] -- Installing: /home/joanne/bookros2_ws/install/controller_manager_msgs/lib/python3.8/site-packages/controller_manager_msgs/__init__.py
[71.757s] Compiling '/home/joanne/bookros2_ws/install/controller_manager_msgs/lib/python3.8/site-packages/controller_manager_msgs/__init__.py'...
[71.763s] -- Installing: /home/joanne/bookros2_ws/install/controller_manager_msgs/lib/python3.8/site-packages/controller_manager_msgs/msg
[71.763s] -- Installing: /home/joanne/bookros2_ws/install/controller_manager_msgs/lib/python3.8/site-packages/controller_manager_msgs/msg/__init__.py
[71.764s] -- Installing: /home/joanne/bookros2_ws/install/controller_manager_msgs/lib/python3.8/site-packages/controller_manager_msgs/msg/_controller_state.py
[71.764s] -- Installing: /home/joanne/bookros2_ws/install/controller_manager_msgs/lib/python3.8/site-packages/controller_manager_msgs/msg/_controller_state_s.c
[71.764s] -- Installing: /home/joanne/bookros2_ws/install/controller_manager_msgs/lib/python3.8/site-packages/controller_manager_msgs/msg/_hardware_interface.py
[71.764s] -- Installing: /home/joanne/bookros2_ws/install/controller_manager_msgs/lib/python3.8/site-packages/controller_manager_msgs/msg/_hardware_interface_s.c
[71.765s] -- Installing: /home/joanne/bookros2_ws/install/controller_manager_msgs/lib/python3.8/site-packages/controller_manager_msgs/srv
[71.765s] -- Installing: /home/joanne/bookros2_ws/install/controller_manager_msgs/lib/python3.8/site-packages/controller_manager_msgs/srv/__init__.py
[71.765s] -- Installing: /home/joanne/bookros2_ws/install/controller_manager_msgs/lib/python3.8/site-packages/controller_manager_msgs/srv/_switch_controller.py
[71.765s] -- Installing: /home/joanne/bookros2_ws/install/controller_manager_msgs/lib/python3.8/site-packages/controller_manager_msgs/srv/_load_configure_controller_s.c
[71.765s] -- Installing: /home/joanne/bookros2_ws/install/controller_manager_msgs/lib/python3.8/site-packages/controller_manager_msgs/srv/_list_controllers.py
[71.766s] -- Installing: /home/joanne/bookros2_ws/install/controller_manager_msgs/lib/python3.8/site-packages/controller_manager_msgs/srv/_list_controllers_s.c
[71.766s] -- Installing: /home/joanne/bookros2_ws/install/controller_manager_msgs/lib/python3.8/site-packages/controller_manager_msgs/srv/_reload_controller_libraries.py
[71.766s] -- Installing: /home/joanne/bookros2_ws/install/controller_manager_msgs/lib/python3.8/site-packages/controller_manager_msgs/srv/_load_start_controller.py
[71.766s] -- Installing: /home/joanne/bookros2_ws/install/controller_manager_msgs/lib/python3.8/site-packages/controller_manager_msgs/srv/_load_start_controller_s.c
[71.767s] -- Installing: /home/joanne/bookros2_ws/install/controller_manager_msgs/lib/python3.8/site-packages/controller_manager_msgs/srv/_list_hardware_interfaces_s.c
[71.767s] -- Installing: /home/joanne/bookros2_ws/install/controller_manager_msgs/lib/python3.8/site-packages/controller_manager_msgs/srv/_configure_controller.py
[71.767s] -- Installing: /home/joanne/bookros2_ws/install/controller_manager_msgs/lib/python3.8/site-packages/controller_manager_msgs/srv/_reload_controller_libraries_s.c
[71.767s] -- Installing: /home/joanne/bookros2_ws/install/controller_manager_msgs/lib/python3.8/site-packages/controller_manager_msgs/srv/_unload_controller.py
[71.768s] -- Installing: /home/joanne/bookros2_ws/install/controller_manager_msgs/lib/python3.8/site-packages/controller_manager_msgs/srv/_configure_start_controller_s.c
[71.768s] -- Installing: /home/joanne/bookros2_ws/install/controller_manager_msgs/lib/python3.8/site-packages/controller_manager_msgs/srv/_configure_controller_s.c
[71.768s] -- Installing: /home/joanne/bookros2_ws/install/controller_manager_msgs/lib/python3.8/site-packages/controller_manager_msgs/srv/_list_hardware_interfaces.py
[71.768s] -- Installing: /home/joanne/bookros2_ws/install/controller_manager_msgs/lib/python3.8/site-packages/controller_manager_msgs/srv/_switch_controller_s.c
[71.768s] -- Installing: /home/joanne/bookros2_ws/install/controller_manager_msgs/lib/python3.8/site-packages/controller_manager_msgs/srv/_unload_controller_s.c
[71.768s] -- Installing: /home/joanne/bookros2_ws/install/controller_manager_msgs/lib/python3.8/site-packages/controller_manager_msgs/srv/_load_configure_controller.py
[71.769s] -- Installing: /home/joanne/bookros2_ws/install/controller_manager_msgs/lib/python3.8/site-packages/controller_manager_msgs/srv/_list_controller_types.py
[71.769s] -- Installing: /home/joanne/bookros2_ws/install/controller_manager_msgs/lib/python3.8/site-packages/controller_manager_msgs/srv/_list_controller_types_s.c
[71.769s] -- Installing: /home/joanne/bookros2_ws/install/controller_manager_msgs/lib/python3.8/site-packages/controller_manager_msgs/srv/_load_controller.py
[71.769s] -- Installing: /home/joanne/bookros2_ws/install/controller_manager_msgs/lib/python3.8/site-packages/controller_manager_msgs/srv/_configure_start_controller.py
[71.769s] -- Installing: /home/joanne/bookros2_ws/install/controller_manager_msgs/lib/python3.8/site-packages/controller_manager_msgs/srv/_load_controller_s.c
[71.770s] -- Installing: /home/joanne/bookros2_ws/install/controller_manager_msgs/lib/python3.8/site-packages/controller_manager_msgs/controller_manager_msgs_s__rosidl_typesupport_fastrtps_c.cpython-38-x86_64-linux-gnu.so
[71.770s] -- Set runtime path of "/home/joanne/bookros2_ws/install/controller_manager_msgs/lib/python3.8/site-packages/controller_manager_msgs/controller_manager_msgs_s__rosidl_typesupport_fastrtps_c.cpython-38-x86_64-linux-gnu.so" to ""
[71.770s] -- Installing: /home/joanne/bookros2_ws/install/controller_manager_msgs/lib/python3.8/site-packages/controller_manager_msgs/controller_manager_msgs_s__rosidl_typesupport_introspection_c.cpython-38-x86_64-linux-gnu.so
[71.770s] -- Set runtime path of "/home/joanne/bookros2_ws/install/controller_manager_msgs/lib/python3.8/site-packages/controller_manager_msgs/controller_manager_msgs_s__rosidl_typesupport_introspection_c.cpython-38-x86_64-linux-gnu.so" to ""
[71.770s] -- Installing: /home/joanne/bookros2_ws/install/controller_manager_msgs/lib/python3.8/site-packages/controller_manager_msgs/controller_manager_msgs_s__rosidl_typesupport_c.cpython-38-x86_64-linux-gnu.so
[71.771s] -- Set runtime path of "/home/joanne/bookros2_ws/install/controller_manager_msgs/lib/python3.8/site-packages/controller_manager_msgs/controller_manager_msgs_s__rosidl_typesupport_c.cpython-38-x86_64-linux-gnu.so" to ""
[71.771s] -- Installing: /home/joanne/bookros2_ws/install/controller_manager_msgs/lib/libcontroller_manager_msgs__python.so
[71.771s] -- Set runtime path of "/home/joanne/bookros2_ws/install/controller_manager_msgs/lib/libcontroller_manager_msgs__python.so" to ""
[71.771s] -- Installing: /home/joanne/bookros2_ws/install/controller_manager_msgs/share/controller_manager_msgs/msg/ControllerState.idl
[71.771s] -- Installing: /home/joanne/bookros2_ws/install/controller_manager_msgs/share/controller_manager_msgs/msg/HardwareInterface.idl
[71.772s] -- Installing: /home/joanne/bookros2_ws/install/controller_manager_msgs/share/controller_manager_msgs/srv/ConfigureController.idl
[71.772s] -- Installing: /home/joanne/bookros2_ws/install/controller_manager_msgs/share/controller_manager_msgs/srv/ConfigureStartController.idl
[71.772s] -- Installing: /home/joanne/bookros2_ws/install/controller_manager_msgs/share/controller_manager_msgs/srv/ListControllers.idl
[71.772s] -- Installing: /home/joanne/bookros2_ws/install/controller_manager_msgs/share/controller_manager_msgs/srv/ListControllerTypes.idl
[71.773s] -- Installing: /home/joanne/bookros2_ws/install/controller_manager_msgs/share/controller_manager_msgs/srv/ListHardwareInterfaces.idl
[71.773s] -- Installing: /home/joanne/bookros2_ws/install/controller_manager_msgs/share/controller_manager_msgs/srv/LoadConfigureController.idl
[71.773s] -- Installing: /home/joanne/bookros2_ws/install/controller_manager_msgs/share/controller_manager_msgs/srv/LoadController.idl
[71.773s] -- Installing: /home/joanne/bookros2_ws/install/controller_manager_msgs/share/controller_manager_msgs/srv/LoadStartController.idl
[71.774s] -- Installing: /home/joanne/bookros2_ws/install/controller_manager_msgs/share/controller_manager_msgs/srv/ReloadControllerLibraries.idl
[71.774s] -- Installing: /home/joanne/bookros2_ws/install/controller_manager_msgs/share/controller_manager_msgs/srv/SwitchController.idl
[71.774s] -- Installing: /home/joanne/bookros2_ws/install/controller_manager_msgs/share/controller_manager_msgs/srv/UnloadController.idl
[71.774s] -- Installing: /home/joanne/bookros2_ws/install/controller_manager_msgs/share/controller_manager_msgs/msg/ControllerState.msg
[71.774s] -- Installing: /home/joanne/bookros2_ws/install/controller_manager_msgs/share/controller_manager_msgs/msg/HardwareInterface.msg
[71.775s] -- Installing: /home/joanne/bookros2_ws/install/controller_manager_msgs/share/controller_manager_msgs/srv/ConfigureController.srv
[71.775s] -- Installing: /home/joanne/bookros2_ws/install/controller_manager_msgs/share/controller_manager_msgs/srv/ConfigureController_Request.msg
[71.775s] -- Installing: /home/joanne/bookros2_ws/install/controller_manager_msgs/share/controller_manager_msgs/srv/ConfigureController_Response.msg
[71.776s] -- Installing: /home/joanne/bookros2_ws/install/controller_manager_msgs/share/controller_manager_msgs/srv/ConfigureStartController.srv
[71.776s] -- Installing: /home/joanne/bookros2_ws/install/controller_manager_msgs/share/controller_manager_msgs/srv/ConfigureStartController_Request.msg
[71.777s] -- Installing: /home/joanne/bookros2_ws/install/controller_manager_msgs/share/controller_manager_msgs/srv/ConfigureStartController_Response.msg
[71.777s] -- Installing: /home/joanne/bookros2_ws/install/controller_manager_msgs/share/controller_manager_msgs/srv/ListControllers.srv
[71.777s] -- Installing: /home/joanne/bookros2_ws/install/controller_manager_msgs/share/controller_manager_msgs/srv/ListControllers_Request.msg
[71.778s] -- Installing: /home/joanne/bookros2_ws/install/controller_manager_msgs/share/controller_manager_msgs/srv/ListControllers_Response.msg
[71.778s] -- Installing: /home/joanne/bookros2_ws/install/controller_manager_msgs/share/controller_manager_msgs/srv/ListControllerTypes.srv
[71.779s] -- Installing: /home/joanne/bookros2_ws/install/controller_manager_msgs/share/controller_manager_msgs/srv/ListControllerTypes_Request.msg
[71.779s] -- Installing: /home/joanne/bookros2_ws/install/controller_manager_msgs/share/controller_manager_msgs/srv/ListControllerTypes_Response.msg
[71.779s] -- Installing: /home/joanne/bookros2_ws/install/controller_manager_msgs/share/controller_manager_msgs/srv/ListHardwareInterfaces.srv
[71.780s] -- Installing: /home/joanne/bookros2_ws/install/controller_manager_msgs/share/controller_manager_msgs/srv/ListHardwareInterfaces_Request.msg
[71.780s] -- Installing: /home/joanne/bookros2_ws/install/controller_manager_msgs/share/controller_manager_msgs/srv/ListHardwareInterfaces_Response.msg
[71.781s] -- Installing: /home/joanne/bookros2_ws/install/controller_manager_msgs/share/controller_manager_msgs/srv/LoadConfigureController.srv
[71.781s] -- Installing: /home/joanne/bookros2_ws/install/controller_manager_msgs/share/controller_manager_msgs/srv/LoadConfigureController_Request.msg
[71.781s] -- Installing: /home/joanne/bookros2_ws/install/controller_manager_msgs/share/controller_manager_msgs/srv/LoadConfigureController_Response.msg
[71.782s] -- Installing: /home/joanne/bookros2_ws/install/controller_manager_msgs/share/controller_manager_msgs/srv/LoadController.srv
[71.782s] -- Installing: /home/joanne/bookros2_ws/install/controller_manager_msgs/share/controller_manager_msgs/srv/LoadController_Request.msg
[71.783s] -- Installing: /home/joanne/bookros2_ws/install/controller_manager_msgs/share/controller_manager_msgs/srv/LoadController_Response.msg
[71.783s] -- Installing: /home/joanne/bookros2_ws/install/controller_manager_msgs/share/controller_manager_msgs/srv/LoadStartController.srv
[71.783s] -- Installing: /home/joanne/bookros2_ws/install/controller_manager_msgs/share/controller_manager_msgs/srv/LoadStartController_Request.msg
[71.784s] -- Installing: /home/joanne/bookros2_ws/install/controller_manager_msgs/share/controller_manager_msgs/srv/LoadStartController_Response.msg
[71.784s] -- Installing: /home/joanne/bookros2_ws/install/controller_manager_msgs/share/controller_manager_msgs/srv/ReloadControllerLibraries.srv
[71.785s] -- Installing: /home/joanne/bookros2_ws/install/controller_manager_msgs/share/controller_manager_msgs/srv/ReloadControllerLibraries_Request.msg
[71.785s] -- Installing: /home/joanne/bookros2_ws/install/controller_manager_msgs/share/controller_manager_msgs/srv/ReloadControllerLibraries_Response.msg
[71.785s] -- Installing: /home/joanne/bookros2_ws/install/controller_manager_msgs/share/controller_manager_msgs/srv/SwitchController.srv
[71.786s] -- Installing: /home/joanne/bookros2_ws/install/controller_manager_msgs/share/controller_manager_msgs/srv/SwitchController_Request.msg
[71.786s] -- Installing: /home/joanne/bookros2_ws/install/controller_manager_msgs/share/controller_manager_msgs/srv/SwitchController_Response.msg
[71.786s] -- Installing: /home/joanne/bookros2_ws/install/controller_manager_msgs/share/controller_manager_msgs/srv/UnloadController.srv
[71.787s] -- Installing: /home/joanne/bookros2_ws/install/controller_manager_msgs/share/controller_manager_msgs/srv/UnloadController_Request.msg
[71.787s] -- Installing: /home/joanne/bookros2_ws/install/controller_manager_msgs/share/controller_manager_msgs/srv/UnloadController_Response.msg
[71.788s] -- Installing: /home/joanne/bookros2_ws/install/controller_manager_msgs/share/ament_index/resource_index/package_run_dependencies/controller_manager_msgs
[71.789s] -- Installing: /home/joanne/bookros2_ws/install/controller_manager_msgs/share/ament_index/resource_index/parent_prefix_path/controller_manager_msgs
[71.789s] -- Installing: /home/joanne/bookros2_ws/install/controller_manager_msgs/share/controller_manager_msgs/environment/ament_prefix_path.sh
[71.789s] -- Installing: /home/joanne/bookros2_ws/install/controller_manager_msgs/share/controller_manager_msgs/environment/ament_prefix_path.dsv
[71.790s] -- Installing: /home/joanne/bookros2_ws/install/controller_manager_msgs/share/controller_manager_msgs/environment/path.sh
[71.790s] -- Installing: /home/joanne/bookros2_ws/install/controller_manager_msgs/share/controller_manager_msgs/environment/path.dsv
[71.790s] -- Installing: /home/joanne/bookros2_ws/install/controller_manager_msgs/share/controller_manager_msgs/local_setup.bash
[71.791s] -- Installing: /home/joanne/bookros2_ws/install/controller_manager_msgs/share/controller_manager_msgs/local_setup.sh
[71.791s] -- Installing: /home/joanne/bookros2_ws/install/controller_manager_msgs/share/controller_manager_msgs/local_setup.zsh
[71.791s] -- Installing: /home/joanne/bookros2_ws/install/controller_manager_msgs/share/controller_manager_msgs/local_setup.dsv
[71.792s] -- Installing: /home/joanne/bookros2_ws/install/controller_manager_msgs/share/controller_manager_msgs/package.dsv
[71.793s] -- Installing: /home/joanne/bookros2_ws/install/controller_manager_msgs/share/ament_index/resource_index/packages/controller_manager_msgs
[71.794s] -- Installing: /home/joanne/bookros2_ws/install/controller_manager_msgs/share/controller_manager_msgs/cmake/controller_manager_msgs__rosidl_generator_cExport.cmake
[71.794s] -- Installing: /home/joanne/bookros2_ws/install/controller_manager_msgs/share/controller_manager_msgs/cmake/controller_manager_msgs__rosidl_generator_cExport-noconfig.cmake
[71.795s] -- Installing: /home/joanne/bookros2_ws/install/controller_manager_msgs/share/controller_manager_msgs/cmake/controller_manager_msgs__rosidl_typesupport_introspection_cExport.cmake
[71.795s] -- Installing: /home/joanne/bookros2_ws/install/controller_manager_msgs/share/controller_manager_msgs/cmake/controller_manager_msgs__rosidl_typesupport_introspection_cExport-noconfig.cmake
[71.796s] -- Installing: /home/joanne/bookros2_ws/install/controller_manager_msgs/share/controller_manager_msgs/cmake/controller_manager_msgs__rosidl_typesupport_cExport.cmake
[71.796s] -- Installing: /home/joanne/bookros2_ws/install/controller_manager_msgs/share/controller_manager_msgs/cmake/controller_manager_msgs__rosidl_typesupport_cExport-noconfig.cmake
[71.796s] -- Installing: /home/joanne/bookros2_ws/install/controller_manager_msgs/share/controller_manager_msgs/cmake/controller_manager_msgs__rosidl_generator_cppExport.cmake
[71.797s] -- Installing: /home/joanne/bookros2_ws/install/controller_manager_msgs/share/controller_manager_msgs/cmake/controller_manager_msgs__rosidl_typesupport_introspection_cppExport.cmake
[71.797s] -- Installing: /home/joanne/bookros2_ws/install/controller_manager_msgs/share/controller_manager_msgs/cmake/controller_manager_msgs__rosidl_typesupport_introspection_cppExport-noconfig.cmake
[71.798s] -- Installing: /home/joanne/bookros2_ws/install/controller_manager_msgs/share/controller_manager_msgs/cmake/controller_manager_msgs__rosidl_typesupport_cppExport.cmake
[71.798s] -- Installing: /home/joanne/bookros2_ws/install/controller_manager_msgs/share/controller_manager_msgs/cmake/controller_manager_msgs__rosidl_typesupport_cppExport-noconfig.cmake
[71.799s] -- Installing: /home/joanne/bookros2_ws/install/controller_manager_msgs/share/controller_manager_msgs/cmake/rosidl_cmake-extras.cmake
[71.799s] -- Installing: /home/joanne/bookros2_ws/install/controller_manager_msgs/share/controller_manager_msgs/cmake/ament_cmake_export_dependencies-extras.cmake
[71.800s] -- Installing: /home/joanne/bookros2_ws/install/controller_manager_msgs/share/controller_manager_msgs/cmake/ament_cmake_export_libraries-extras.cmake
[71.801s] -- Installing: /home/joanne/bookros2_ws/install/controller_manager_msgs/share/controller_manager_msgs/cmake/ament_cmake_export_targets-extras.cmake
[71.802s] -- Installing: /home/joanne/bookros2_ws/install/controller_manager_msgs/share/controller_manager_msgs/cmake/ament_cmake_export_include_directories-extras.cmake
[71.802s] -- Installing: /home/joanne/bookros2_ws/install/controller_manager_msgs/share/controller_manager_msgs/cmake/rosidl_cmake_export_typesupport_libraries-extras.cmake
[71.802s] -- Installing: /home/joanne/bookros2_ws/install/controller_manager_msgs/share/controller_manager_msgs/cmake/rosidl_cmake_export_typesupport_targets-extras.cmake
[71.803s] -- Installing: /home/joanne/bookros2_ws/install/controller_manager_msgs/share/controller_manager_msgs/cmake/controller_manager_msgsConfig.cmake
[71.803s] -- Installing: /home/joanne/bookros2_ws/install/controller_manager_msgs/share/controller_manager_msgs/cmake/controller_manager_msgsConfig-version.cmake
[71.804s] -- Installing: /home/joanne/bookros2_ws/install/controller_manager_msgs/share/controller_manager_msgs/package.xml
[71.823s] Invoked command in '/home/joanne/bookros2_ws/build/controller_manager_msgs' returned '0': CMAKE_PREFIX_PATH=/opt/ros/foxy /usr/bin/cmake --install /home/joanne/bookros2_ws/build/controller_manager_msgs
