-- The C compiler identification is GNU 9.4.0
-- The CXX compiler identification is GNU 9.4.0
-- Check for working C compiler: /usr/bin/cc
-- Check for working C compiler: /usr/bin/cc -- works
-- Detecting C compiler ABI info
-- Detecting C compiler ABI info - done
-- Detecting C compile features
-- Detecting C compile features - done
-- Check for working CXX compiler: /usr/bin/c++
-- Check for working CXX compiler: /usr/bin/c++ -- works
-- Detecting CXX compiler ABI info
-- Detecting CXX compiler ABI info - done
-- Detecting CXX compile features
-- Detecting CXX compile features - done
-- Found ament_cmake: 0.9.12 (/opt/ros/foxy/share/ament_cmake/cmake)
-- Found PythonInterp: /usr/bin/python3 (found suitable version "3.8.10", minimum required is "3") 
-- Using PYTHON_EXECUTABLE: /usr/bin/python3
-- Configuring done
-- Generating done
-- Build files have been written to: /home/joanne/bookros2_ws/build/br2_tiago
-- Install configuration: ""
-- Installing: /home/joanne/bookros2_ws/install/br2_tiago/share/br2_tiago/launch
-- Installing: /home/joanne/bookros2_ws/install/br2_tiago/share/br2_tiago/launch/sim.launch.py
-- Installing: /home/joanne/bookros2_ws/install/br2_tiago/share/ament_index/resource_index/package_run_dependencies/br2_tiago
-- Installing: /home/joanne/bookros2_ws/install/br2_tiago/share/ament_index/resource_index/parent_prefix_path/br2_tiago
-- Installing: /home/joanne/bookros2_ws/install/br2_tiago/share/br2_tiago/environment/ament_prefix_path.sh
-- Installing: /home/joanne/bookros2_ws/install/br2_tiago/share/br2_tiago/environment/ament_prefix_path.dsv
-- Installing: /home/joanne/bookros2_ws/install/br2_tiago/share/br2_tiago/environment/path.sh
-- Installing: /home/joanne/bookros2_ws/install/br2_tiago/share/br2_tiago/environment/path.dsv
-- Installing: /home/joanne/bookros2_ws/install/br2_tiago/share/br2_tiago/local_setup.bash
-- Installing: /home/joanne/bookros2_ws/install/br2_tiago/share/br2_tiago/local_setup.sh
-- Installing: /home/joanne/bookros2_ws/install/br2_tiago/share/br2_tiago/local_setup.zsh
-- Installing: /home/joanne/bookros2_ws/install/br2_tiago/share/br2_tiago/local_setup.dsv
-- Installing: /home/joanne/bookros2_ws/install/br2_tiago/share/br2_tiago/package.dsv
-- Installing: /home/joanne/bookros2_ws/install/br2_tiago/share/ament_index/resource_index/packages/br2_tiago
-- Installing: /home/joanne/bookros2_ws/install/br2_tiago/share/br2_tiago/cmake/br2_tiagoConfig.cmake
-- Installing: /home/joanne/bookros2_ws/install/br2_tiago/share/br2_tiago/cmake/br2_tiagoConfig-version.cmake
-- Installing: /home/joanne/bookros2_ws/install/br2_tiago/share/br2_tiago/package.xml
