[0.027s] Invoking command in '/home/joanne/bookros2_ws/build/br2_tiago': CMAKE_PREFIX_PATH=/opt/ros/foxy /usr/bin/cmake /home/joanne/bookros2_ws/src/book_ros2/br2_tiago -DCMAKE_INSTALL_PREFIX=/home/joanne/bookros2_ws/install/br2_tiago
[1.313s] -- The C compiler identification is GNU 9.4.0
[1.314s] -- The CXX compiler identification is GNU 9.4.0
[1.314s] -- Check for working C compiler: /usr/bin/cc
[1.314s] -- Check for working C compiler: /usr/bin/cc -- works
[1.314s] -- Detecting C compiler ABI info
[1.314s] -- Detecting C compiler ABI info - done
[1.314s] -- Detecting C compile features
[1.315s] -- Detecting C compile features - done
[1.315s] -- Check for working CXX compiler: /usr/bin/c++
[1.315s] -- Check for working CXX compiler: /usr/bin/c++ -- works
[1.315s] -- Detecting CXX compiler ABI info
[1.315s] -- Detecting CXX compiler ABI info - done
[1.315s] -- Detecting CXX compile features
[1.316s] -- Detecting CXX compile features - done
[1.316s] -- Found ament_cmake: 0.9.12 (/opt/ros/foxy/share/ament_cmake/cmake)
[1.316s] -- Found PythonInterp: /usr/bin/python3 (found suitable version "3.8.10", minimum required is "3") 
[1.316s] -- Using PYTHON_EXECUTABLE: /usr/bin/python3
[1.645s] -- Configuring done
[1.649s] -- Generating done
[1.652s] -- Build files have been written to: /home/joanne/bookros2_ws/build/br2_tiago
[1.663s] Invoked command in '/home/joanne/bookros2_ws/build/br2_tiago' returned '0': CMAKE_PREFIX_PATH=/opt/ros/foxy /usr/bin/cmake /home/joanne/bookros2_ws/src/book_ros2/br2_tiago -DCMAKE_INSTALL_PREFIX=/home/joanne/bookros2_ws/install/br2_tiago
[1.664s] Invoking command in '/home/joanne/bookros2_ws/build/br2_tiago': CMAKE_PREFIX_PATH=/opt/ros/foxy /usr/bin/cmake --build /home/joanne/bookros2_ws/build/br2_tiago -- -j8 -l8
[5.100s] Invoked command in '/home/joanne/bookros2_ws/build/br2_tiago' returned '0': CMAKE_PREFIX_PATH=/opt/ros/foxy /usr/bin/cmake --build /home/joanne/bookros2_ws/build/br2_tiago -- -j8 -l8
[5.101s] Invoking command in '/home/joanne/bookros2_ws/build/br2_tiago': CMAKE_PREFIX_PATH=/opt/ros/foxy /usr/bin/cmake --install /home/joanne/bookros2_ws/build/br2_tiago
[16.432s] -- Install configuration: ""
[16.432s] -- Installing: /home/joanne/bookros2_ws/install/br2_tiago/share/br2_tiago/launch
[16.432s] -- Installing: /home/joanne/bookros2_ws/install/br2_tiago/share/br2_tiago/launch/sim.launch.py
[16.432s] -- Installing: /home/joanne/bookros2_ws/install/br2_tiago/share/ament_index/resource_index/package_run_dependencies/br2_tiago
[16.432s] -- Installing: /home/joanne/bookros2_ws/install/br2_tiago/share/ament_index/resource_index/parent_prefix_path/br2_tiago
[16.433s] -- Installing: /home/joanne/bookros2_ws/install/br2_tiago/share/br2_tiago/environment/ament_prefix_path.sh
[16.433s] -- Installing: /home/joanne/bookros2_ws/install/br2_tiago/share/br2_tiago/environment/ament_prefix_path.dsv
[16.433s] -- Installing: /home/joanne/bookros2_ws/install/br2_tiago/share/br2_tiago/environment/path.sh
[16.433s] -- Installing: /home/joanne/bookros2_ws/install/br2_tiago/share/br2_tiago/environment/path.dsv
[16.433s] -- Installing: /home/joanne/bookros2_ws/install/br2_tiago/share/br2_tiago/local_setup.bash
[16.433s] -- Installing: /home/joanne/bookros2_ws/install/br2_tiago/share/br2_tiago/local_setup.sh
[16.433s] -- Installing: /home/joanne/bookros2_ws/install/br2_tiago/share/br2_tiago/local_setup.zsh
[16.433s] -- Installing: /home/joanne/bookros2_ws/install/br2_tiago/share/br2_tiago/local_setup.dsv
[16.434s] -- Installing: /home/joanne/bookros2_ws/install/br2_tiago/share/br2_tiago/package.dsv
[16.434s] -- Installing: /home/joanne/bookros2_ws/install/br2_tiago/share/ament_index/resource_index/packages/br2_tiago
[16.434s] -- Installing: /home/joanne/bookros2_ws/install/br2_tiago/share/br2_tiago/cmake/br2_tiagoConfig.cmake
[16.434s] -- Installing: /home/joanne/bookros2_ws/install/br2_tiago/share/br2_tiago/cmake/br2_tiagoConfig-version.cmake
[16.434s] -- Installing: /home/joanne/bookros2_ws/install/br2_tiago/share/br2_tiago/package.xml
[16.452s] Invoked command in '/home/joanne/bookros2_ws/build/br2_tiago' returned '0': CMAKE_PREFIX_PATH=/opt/ros/foxy /usr/bin/cmake --install /home/joanne/bookros2_ws/build/br2_tiago
