[0.330s] Invoking command in '/home/joanne/bookros2_ws/build/pal_gazebo_worlds': CMAKE_PREFIX_PATH=/opt/ros/foxy /usr/bin/cmake /home/joanne/bookros2_ws/src/ThirdParty/pal_gazebo_worlds -DCMAKE_INSTALL_PREFIX=/home/joanne/bookros2_ws/install/pal_gazebo_worlds
[1.254s] -- The C compiler identification is GNU 9.4.0
[1.254s] -- The CXX compiler identification is GNU 9.4.0
[1.254s] -- Check for working C compiler: /usr/bin/cc
[1.254s] -- Check for working C compiler: /usr/bin/cc -- works
[1.255s] -- Detecting C compiler ABI info
[1.255s] -- Detecting C compiler ABI info - done
[1.255s] -- Detecting C compile features
[1.255s] -- Detecting C compile features - done
[1.255s] -- Check for working CXX compiler: /usr/bin/c++
[1.255s] -- Check for working CXX compiler: /usr/bin/c++ -- works
[1.255s] -- Detecting CXX compiler ABI info
[1.255s] -- Detecting CXX compiler ABI info - done
[1.256s] -- Detecting CXX compile features
[1.256s] -- Detecting CXX compile features - done
[1.256s] -- Found ament_cmake_auto: 0.9.12 (/opt/ros/foxy/share/ament_cmake_auto/cmake)
[1.256s] -- Found PythonInterp: /usr/bin/python3 (found suitable version "3.8.10", minimum required is "3") 
[1.256s] -- Using PYTHON_EXECUTABLE: /usr/bin/python3
[1.544s] -- Configuring done
[1.547s] -- Generating done
[1.556s] -- Build files have been written to: /home/joanne/bookros2_ws/build/pal_gazebo_worlds
[1.569s] Invoked command in '/home/joanne/bookros2_ws/build/pal_gazebo_worlds' returned '0': CMAKE_PREFIX_PATH=/opt/ros/foxy /usr/bin/cmake /home/joanne/bookros2_ws/src/ThirdParty/pal_gazebo_worlds -DCMAKE_INSTALL_PREFIX=/home/joanne/bookros2_ws/install/pal_gazebo_worlds
[1.571s] Invoking command in '/home/joanne/bookros2_ws/build/pal_gazebo_worlds': CMAKE_PREFIX_PATH=/opt/ros/foxy /usr/bin/cmake --build /home/joanne/bookros2_ws/build/pal_gazebo_worlds -- -j8 -l8
[1.657s] Invoked command in '/home/joanne/bookros2_ws/build/pal_gazebo_worlds' returned '0': CMAKE_PREFIX_PATH=/opt/ros/foxy /usr/bin/cmake --build /home/joanne/bookros2_ws/build/pal_gazebo_worlds -- -j8 -l8
[1.661s] Invoking command in '/home/joanne/bookros2_ws/build/pal_gazebo_worlds': CMAKE_PREFIX_PATH=/opt/ros/foxy /usr/bin/cmake --install /home/joanne/bookros2_ws/build/pal_gazebo_worlds
[1.681s] -- Install configuration: ""
[1.683s] -- Installing: /home/joanne/bookros2_ws/install/pal_gazebo_worlds/share/pal_gazebo_worlds/launch
[1.684s] -- Installing: /home/joanne/bookros2_ws/install/pal_gazebo_worlds/share/pal_gazebo_worlds/launch/pal_gazebo.launch.py
[1.684s] -- Installing: /home/joanne/bookros2_ws/install/pal_gazebo_worlds/share/pal_gazebo_worlds/launch/pal_play_gazebo.launch
[1.685s] -- Installing: /home/joanne/bookros2_ws/install/pal_gazebo_worlds/share/pal_gazebo_worlds/models
[1.685s] -- Installing: /home/joanne/bookros2_ws/install/pal_gazebo_worlds/share/pal_gazebo_worlds/models/sideboard
[1.685s] -- Installing: /home/joanne/bookros2_ws/install/pal_gazebo_worlds/share/pal_gazebo_worlds/models/sideboard/sideboard.sdf
[1.686s] -- Installing: /home/joanne/bookros2_ws/install/pal_gazebo_worlds/share/pal_gazebo_worlds/models/sideboard/model.config
[1.686s] -- Installing: /home/joanne/bookros2_ws/install/pal_gazebo_worlds/share/pal_gazebo_worlds/models/sideboard/meshes
[1.686s] -- Installing: /home/joanne/bookros2_ws/install/pal_gazebo_worlds/share/pal_gazebo_worlds/models/sideboard/meshes/sideboard.stl
[1.686s] -- Installing: /home/joanne/bookros2_ws/install/pal_gazebo_worlds/share/pal_gazebo_worlds/models/aruco_board
[1.686s] -- Installing: /home/joanne/bookros2_ws/install/pal_gazebo_worlds/share/pal_gazebo_worlds/models/aruco_board/model.config
[1.686s] -- Installing: /home/joanne/bookros2_ws/install/pal_gazebo_worlds/share/pal_gazebo_worlds/models/aruco_board/material
[1.687s] -- Installing: /home/joanne/bookros2_ws/install/pal_gazebo_worlds/share/pal_gazebo_worlds/models/aruco_board/material/scripts
[1.687s] -- Installing: /home/joanne/bookros2_ws/install/pal_gazebo_worlds/share/pal_gazebo_worlds/models/aruco_board/material/scripts/aruco_board.material
[1.687s] -- Installing: /home/joanne/bookros2_ws/install/pal_gazebo_worlds/share/pal_gazebo_worlds/models/aruco_board/material/textures
[1.688s] -- Installing: /home/joanne/bookros2_ws/install/pal_gazebo_worlds/share/pal_gazebo_worlds/models/aruco_board/material/textures/aruco_board.png
[1.688s] -- Installing: /home/joanne/bookros2_ws/install/pal_gazebo_worlds/share/pal_gazebo_worlds/models/aruco_board/aruco_board.sdf
[1.688s] -- Installing: /home/joanne/bookros2_ws/install/pal_gazebo_worlds/share/pal_gazebo_worlds/models/aruco_marker_250_6x6_3
[1.689s] -- Installing: /home/joanne/bookros2_ws/install/pal_gazebo_worlds/share/pal_gazebo_worlds/models/aruco_marker_250_6x6_3/model.config
[1.689s] -- Installing: /home/joanne/bookros2_ws/install/pal_gazebo_worlds/share/pal_gazebo_worlds/models/aruco_marker_250_6x6_3/aruco_marker_250_6x6.sdf
[1.690s] -- Installing: /home/joanne/bookros2_ws/install/pal_gazebo_worlds/share/pal_gazebo_worlds/models/aruco_marker_250_6x6_3/material
[1.690s] -- Installing: /home/joanne/bookros2_ws/install/pal_gazebo_worlds/share/pal_gazebo_worlds/models/aruco_marker_250_6x6_3/material/scripts
[1.690s] -- Installing: /home/joanne/bookros2_ws/install/pal_gazebo_worlds/share/pal_gazebo_worlds/models/aruco_marker_250_6x6_3/material/scripts/aruco_marker_250_6x6.material
[1.690s] -- Installing: /home/joanne/bookros2_ws/install/pal_gazebo_worlds/share/pal_gazebo_worlds/models/aruco_marker_250_6x6_3/material/textures
[1.691s] -- Installing: /home/joanne/bookros2_ws/install/pal_gazebo_worlds/share/pal_gazebo_worlds/models/aruco_marker_250_6x6_3/material/textures/Aruco_6x6_250_2.png
[1.691s] -- Installing: /home/joanne/bookros2_ws/install/pal_gazebo_worlds/share/pal_gazebo_worlds/models/slippery_patch
[1.692s] -- Installing: /home/joanne/bookros2_ws/install/pal_gazebo_worlds/share/pal_gazebo_worlds/models/slippery_patch/model.config
[1.692s] -- Installing: /home/joanne/bookros2_ws/install/pal_gazebo_worlds/share/pal_gazebo_worlds/models/slippery_patch/material
[1.692s] -- Installing: /home/joanne/bookros2_ws/install/pal_gazebo_worlds/share/pal_gazebo_worlds/models/slippery_patch/material/scripts
[1.693s] -- Installing: /home/joanne/bookros2_ws/install/pal_gazebo_worlds/share/pal_gazebo_worlds/models/slippery_patch/material/scripts/slippery_patch.material
[1.693s] -- Installing: /home/joanne/bookros2_ws/install/pal_gazebo_worlds/share/pal_gazebo_worlds/models/slippery_patch/material/textures
[1.694s] -- Installing: /home/joanne/bookros2_ws/install/pal_gazebo_worlds/share/pal_gazebo_worlds/models/slippery_patch/material/textures/slippery_patch.jpg
[1.694s] -- Installing: /home/joanne/bookros2_ws/install/pal_gazebo_worlds/share/pal_gazebo_worlds/models/slippery_patch/slippery_patch.sdf
[1.694s] -- Installing: /home/joanne/bookros2_ws/install/pal_gazebo_worlds/share/pal_gazebo_worlds/models/brick_box_3x1x3
[1.694s] -- Installing: /home/joanne/bookros2_ws/install/pal_gazebo_worlds/share/pal_gazebo_worlds/models/brick_box_3x1x3/model-1_4.sdf
[1.694s] -- Installing: /home/joanne/bookros2_ws/install/pal_gazebo_worlds/share/pal_gazebo_worlds/models/brick_box_3x1x3/model.config
[1.696s] -- Installing: /home/joanne/bookros2_ws/install/pal_gazebo_worlds/share/pal_gazebo_worlds/models/brick_box_3x1x3/model.sdf
[1.696s] -- Installing: /home/joanne/bookros2_ws/install/pal_gazebo_worlds/share/pal_gazebo_worlds/models/brick_box_3x1x3/meshes
[1.697s] -- Installing: /home/joanne/bookros2_ws/install/pal_gazebo_worlds/share/pal_gazebo_worlds/models/brick_box_3x1x3/meshes/simple_box.dae
[1.698s] -- Installing: /home/joanne/bookros2_ws/install/pal_gazebo_worlds/share/pal_gazebo_worlds/models/brick_box_3x1x3/model-1_3.sdf
[1.698s] -- Installing: /home/joanne/bookros2_ws/install/pal_gazebo_worlds/share/pal_gazebo_worlds/models/brick_box_3x1x3/materials
[1.698s] -- Installing: /home/joanne/bookros2_ws/install/pal_gazebo_worlds/share/pal_gazebo_worlds/models/brick_box_3x1x3/materials/scripts
[1.698s] -- Installing: /home/joanne/bookros2_ws/install/pal_gazebo_worlds/share/pal_gazebo_worlds/models/brick_box_3x1x3/materials/scripts/brick_box.material
[1.698s] -- Installing: /home/joanne/bookros2_ws/install/pal_gazebo_worlds/share/pal_gazebo_worlds/models/brick_box_3x1x3/materials/textures
[1.698s] -- Installing: /home/joanne/bookros2_ws/install/pal_gazebo_worlds/share/pal_gazebo_worlds/models/brick_box_3x1x3/materials/textures/simple_box.png
[1.698s] -- Installing: /home/joanne/bookros2_ws/install/pal_gazebo_worlds/share/pal_gazebo_worlds/models/dining_chair
[1.699s] -- Installing: /home/joanne/bookros2_ws/install/pal_gazebo_worlds/share/pal_gazebo_worlds/models/dining_chair/model.config
[1.699s] -- Installing: /home/joanne/bookros2_ws/install/pal_gazebo_worlds/share/pal_gazebo_worlds/models/dining_chair/dining_chair.sdf
[1.699s] -- Installing: /home/joanne/bookros2_ws/install/pal_gazebo_worlds/share/pal_gazebo_worlds/models/dining_chair/meshes
[1.699s] -- Installing: /home/joanne/bookros2_ws/install/pal_gazebo_worlds/share/pal_gazebo_worlds/models/dining_chair/meshes/dining_chair.stl
[1.699s] -- Installing: /home/joanne/bookros2_ws/install/pal_gazebo_worlds/share/pal_gazebo_worlds/models/coke_can_slim
[1.699s] -- Installing: /home/joanne/bookros2_ws/install/pal_gazebo_worlds/share/pal_gazebo_worlds/models/coke_can_slim/model.config
[1.699s] -- Installing: /home/joanne/bookros2_ws/install/pal_gazebo_worlds/share/pal_gazebo_worlds/models/coke_can_slim/material
[1.699s] -- Installing: /home/joanne/bookros2_ws/install/pal_gazebo_worlds/share/pal_gazebo_worlds/models/coke_can_slim/material/scripts
[1.699s] -- Installing: /home/joanne/bookros2_ws/install/pal_gazebo_worlds/share/pal_gazebo_worlds/models/coke_can_slim/material/scripts/coke_can_slim.material
[1.699s] -- Installing: /home/joanne/bookros2_ws/install/pal_gazebo_worlds/share/pal_gazebo_worlds/models/coke_can_slim/material/textures
[1.700s] -- Installing: /home/joanne/bookros2_ws/install/pal_gazebo_worlds/share/pal_gazebo_worlds/models/coke_can_slim/material/textures/coke_can_slim.jpg
[1.700s] -- Installing: /home/joanne/bookros2_ws/install/pal_gazebo_worlds/share/pal_gazebo_worlds/models/coke_can_slim/coke_can_slim.sdf
[1.700s] -- Installing: /home/joanne/bookros2_ws/install/pal_gazebo_worlds/share/pal_gazebo_worlds/models/pringles2
[1.700s] -- Installing: /home/joanne/bookros2_ws/install/pal_gazebo_worlds/share/pal_gazebo_worlds/models/pringles2/model.config
[1.700s] -- Installing: /home/joanne/bookros2_ws/install/pal_gazebo_worlds/share/pal_gazebo_worlds/models/pringles2/pringles2.sdf
[1.700s] -- Installing: /home/joanne/bookros2_ws/install/pal_gazebo_worlds/share/pal_gazebo_worlds/models/pringles2/material
[1.700s] -- Installing: /home/joanne/bookros2_ws/install/pal_gazebo_worlds/share/pal_gazebo_worlds/models/pringles2/material/scripts
[1.701s] -- Installing: /home/joanne/bookros2_ws/install/pal_gazebo_worlds/share/pal_gazebo_worlds/models/pringles2/material/scripts/pringles2.material
[1.701s] -- Installing: /home/joanne/bookros2_ws/install/pal_gazebo_worlds/share/pal_gazebo_worlds/models/pringles2/material/textures
[1.701s] -- Installing: /home/joanne/bookros2_ws/install/pal_gazebo_worlds/share/pal_gazebo_worlds/models/pringles2/material/textures/pringles2.jpg
[1.701s] -- Installing: /home/joanne/bookros2_ws/install/pal_gazebo_worlds/share/pal_gazebo_worlds/models/reemc_walls
[1.701s] -- Installing: /home/joanne/bookros2_ws/install/pal_gazebo_worlds/share/pal_gazebo_worlds/models/reemc_walls/model.config
[1.702s] -- Installing: /home/joanne/bookros2_ws/install/pal_gazebo_worlds/share/pal_gazebo_worlds/models/reemc_walls/walls.sdf
[1.702s] -- Installing: /home/joanne/bookros2_ws/install/pal_gazebo_worlds/share/pal_gazebo_worlds/models/aruco_cube
[1.703s] -- Installing: /home/joanne/bookros2_ws/install/pal_gazebo_worlds/share/pal_gazebo_worlds/models/aruco_cube/model.config
[1.703s] -- Installing: /home/joanne/bookros2_ws/install/pal_gazebo_worlds/share/pal_gazebo_worlds/models/aruco_cube/aruco_cube.sdf
[1.703s] -- Installing: /home/joanne/bookros2_ws/install/pal_gazebo_worlds/share/pal_gazebo_worlds/models/aruco_cube/meshes
[1.703s] -- Installing: /home/joanne/bookros2_ws/install/pal_gazebo_worlds/share/pal_gazebo_worlds/models/aruco_cube/meshes/marker582_small_margin.png
[1.703s] -- Installing: /home/joanne/bookros2_ws/install/pal_gazebo_worlds/share/pal_gazebo_worlds/models/aruco_cube/meshes/marker582.png
[1.703s] -- Installing: /home/joanne/bookros2_ws/install/pal_gazebo_worlds/share/pal_gazebo_worlds/models/aruco_cube/meshes/aruco_cube_5cm.dae
[1.704s] -- Installing: /home/joanne/bookros2_ws/install/pal_gazebo_worlds/share/pal_gazebo_worlds/models/aruco_cube/meshes/aruco_cube_8cm.dae
[1.704s] -- Installing: /home/joanne/bookros2_ws/install/pal_gazebo_worlds/share/pal_gazebo_worlds/models/aruco_cube/meshes/aruco_cube_6cm.dae
[1.704s] -- Installing: /home/joanne/bookros2_ws/install/pal_gazebo_worlds/share/pal_gazebo_worlds/models/sprite
[1.704s] -- Installing: /home/joanne/bookros2_ws/install/pal_gazebo_worlds/share/pal_gazebo_worlds/models/sprite/model.config
[1.704s] -- Installing: /home/joanne/bookros2_ws/install/pal_gazebo_worlds/share/pal_gazebo_worlds/models/sprite/material
[1.704s] -- Installing: /home/joanne/bookros2_ws/install/pal_gazebo_worlds/share/pal_gazebo_worlds/models/sprite/material/scripts
[1.704s] -- Installing: /home/joanne/bookros2_ws/install/pal_gazebo_worlds/share/pal_gazebo_worlds/models/sprite/material/scripts/sprite.material
[1.704s] -- Installing: /home/joanne/bookros2_ws/install/pal_gazebo_worlds/share/pal_gazebo_worlds/models/sprite/material/textures
[1.704s] -- Installing: /home/joanne/bookros2_ws/install/pal_gazebo_worlds/share/pal_gazebo_worlds/models/sprite/material/textures/sprite.jpg
[1.705s] -- Installing: /home/joanne/bookros2_ws/install/pal_gazebo_worlds/share/pal_gazebo_worlds/models/sprite/sprite.sdf
[1.705s] -- Installing: /home/joanne/bookros2_ws/install/pal_gazebo_worlds/share/pal_gazebo_worlds/models/ikea_urban_chair
[1.705s] -- Installing: /home/joanne/bookros2_ws/install/pal_gazebo_worlds/share/pal_gazebo_worlds/models/ikea_urban_chair/model.config
[1.705s] -- Installing: /home/joanne/bookros2_ws/install/pal_gazebo_worlds/share/pal_gazebo_worlds/models/ikea_urban_chair/model.sdf
[1.705s] -- Installing: /home/joanne/bookros2_ws/install/pal_gazebo_worlds/share/pal_gazebo_worlds/models/ikea_urban_chair/meshes
[1.706s] -- Installing: /home/joanne/bookros2_ws/install/pal_gazebo_worlds/share/pal_gazebo_worlds/models/ikea_urban_chair/meshes/notexture.png
[1.706s] -- Installing: /home/joanne/bookros2_ws/install/pal_gazebo_worlds/share/pal_gazebo_worlds/models/ikea_urban_chair/meshes/mesh.dae
[1.714s] -- Installing: /home/joanne/bookros2_ws/install/pal_gazebo_worlds/share/pal_gazebo_worlds/models/kitchen_table
[1.714s] -- Installing: /home/joanne/bookros2_ws/install/pal_gazebo_worlds/share/pal_gazebo_worlds/models/kitchen_table/model.config
[1.715s] -- Installing: /home/joanne/bookros2_ws/install/pal_gazebo_worlds/share/pal_gazebo_worlds/models/kitchen_table/kitchen_table.sdf
[1.715s] -- Installing: /home/joanne/bookros2_ws/install/pal_gazebo_worlds/share/pal_gazebo_worlds/models/kitchen_table/meshes
[1.715s] -- Installing: /home/joanne/bookros2_ws/install/pal_gazebo_worlds/share/pal_gazebo_worlds/models/kitchen_table/meshes/kitchen_table.stl
[1.715s] -- Installing: /home/joanne/bookros2_ws/install/pal_gazebo_worlds/share/pal_gazebo_worlds/models/green_cube
[1.715s] -- Installing: /home/joanne/bookros2_ws/install/pal_gazebo_worlds/share/pal_gazebo_worlds/models/green_cube/model.config
[1.715s] -- Installing: /home/joanne/bookros2_ws/install/pal_gazebo_worlds/share/pal_gazebo_worlds/models/green_cube/green_cube.sdf
[1.715s] -- Installing: /home/joanne/bookros2_ws/install/pal_gazebo_worlds/share/pal_gazebo_worlds/models/ideal_sun
[1.715s] -- Installing: /home/joanne/bookros2_ws/install/pal_gazebo_worlds/share/pal_gazebo_worlds/models/ideal_sun/model.config
[1.716s] -- Installing: /home/joanne/bookros2_ws/install/pal_gazebo_worlds/share/pal_gazebo_worlds/models/ideal_sun/model.sdf
[1.716s] -- Installing: /home/joanne/bookros2_ws/install/pal_gazebo_worlds/share/pal_gazebo_worlds/models/aruco_marker_original_582
[1.716s] -- Installing: /home/joanne/bookros2_ws/install/pal_gazebo_worlds/share/pal_gazebo_worlds/models/aruco_marker_original_582/aruco_marker_original.sdf
[1.717s] -- Installing: /home/joanne/bookros2_ws/install/pal_gazebo_worlds/share/pal_gazebo_worlds/models/aruco_marker_original_582/model.config
[1.717s] -- Installing: /home/joanne/bookros2_ws/install/pal_gazebo_worlds/share/pal_gazebo_worlds/models/aruco_marker_original_582/material
[1.717s] -- Installing: /home/joanne/bookros2_ws/install/pal_gazebo_worlds/share/pal_gazebo_worlds/models/aruco_marker_original_582/material/scripts
[1.717s] -- Installing: /home/joanne/bookros2_ws/install/pal_gazebo_worlds/share/pal_gazebo_worlds/models/aruco_marker_original_582/material/scripts/aruco_marker_original.material
[1.717s] -- Installing: /home/joanne/bookros2_ws/install/pal_gazebo_worlds/share/pal_gazebo_worlds/models/aruco_marker_original_582/material/textures
[1.717s] -- Installing: /home/joanne/bookros2_ws/install/pal_gazebo_worlds/share/pal_gazebo_worlds/models/aruco_marker_original_582/material/textures/Aruco_original_582.png
[1.717s] -- Installing: /home/joanne/bookros2_ws/install/pal_gazebo_worlds/share/pal_gazebo_worlds/models/closet
[1.718s] -- Installing: /home/joanne/bookros2_ws/install/pal_gazebo_worlds/share/pal_gazebo_worlds/models/closet/model.config
[1.719s] -- Installing: /home/joanne/bookros2_ws/install/pal_gazebo_worlds/share/pal_gazebo_worlds/models/closet/closet.sdf
[1.719s] -- Installing: /home/joanne/bookros2_ws/install/pal_gazebo_worlds/share/pal_gazebo_worlds/models/closet/meshes
[1.719s] -- Installing: /home/joanne/bookros2_ws/install/pal_gazebo_worlds/share/pal_gazebo_worlds/models/closet/meshes/closet.stl
[1.719s] -- Installing: /home/joanne/bookros2_ws/install/pal_gazebo_worlds/share/pal_gazebo_worlds/models/door_obstacle
[1.719s] -- Installing: /home/joanne/bookros2_ws/install/pal_gazebo_worlds/share/pal_gazebo_worlds/models/door_obstacle/model.config
[1.719s] -- Installing: /home/joanne/bookros2_ws/install/pal_gazebo_worlds/share/pal_gazebo_worlds/models/door_obstacle/door_obstacle.sdf
[1.719s] -- Installing: /home/joanne/bookros2_ws/install/pal_gazebo_worlds/share/pal_gazebo_worlds/models/citizen_extras_male_03
[1.719s] -- Installing: /home/joanne/bookros2_ws/install/pal_gazebo_worlds/share/pal_gazebo_worlds/models/citizen_extras_male_03/images
[1.720s] -- Installing: /home/joanne/bookros2_ws/install/pal_gazebo_worlds/share/pal_gazebo_worlds/models/citizen_extras_male_03/images/hair1noCulling.JPG
[1.720s] -- Installing: /home/joanne/bookros2_ws/install/pal_gazebo_worlds/share/pal_gazebo_worlds/models/citizen_extras_male_03/images/Material__1noCulling.JPG
[1.723s] -- Installing: /home/joanne/bookros2_ws/install/pal_gazebo_worlds/share/pal_gazebo_worlds/models/citizen_extras_male_03/images/hrad1noCulling.JPG
[1.723s] -- Installing: /home/joanne/bookros2_ws/install/pal_gazebo_worlds/share/pal_gazebo_worlds/models/citizen_extras_male_03/model.config
[1.723s] -- Installing: /home/joanne/bookros2_ws/install/pal_gazebo_worlds/share/pal_gazebo_worlds/models/citizen_extras_male_03/model.sdf
[1.723s] -- Installing: /home/joanne/bookros2_ws/install/pal_gazebo_worlds/share/pal_gazebo_worlds/models/citizen_extras_male_03/meshes
[1.723s] -- Installing: /home/joanne/bookros2_ws/install/pal_gazebo_worlds/share/pal_gazebo_worlds/models/citizen_extras_male_03/meshes/mesh.dae
[1.726s] -- Installing: /home/joanne/bookros2_ws/install/pal_gazebo_worlds/share/pal_gazebo_worlds/models/aruco_marker_9cm_582
[1.727s] -- Installing: /home/joanne/bookros2_ws/install/pal_gazebo_worlds/share/pal_gazebo_worlds/models/aruco_marker_9cm_582/aruco_marker_9cm.sdf
[1.727s] -- Installing: /home/joanne/bookros2_ws/install/pal_gazebo_worlds/share/pal_gazebo_worlds/models/aruco_marker_9cm_582/model.config
[1.728s] -- Installing: /home/joanne/bookros2_ws/install/pal_gazebo_worlds/share/pal_gazebo_worlds/models/aruco_marker_9cm_582/material
[1.728s] -- Installing: /home/joanne/bookros2_ws/install/pal_gazebo_worlds/share/pal_gazebo_worlds/models/aruco_marker_9cm_582/material/scripts
[1.728s] -- Installing: /home/joanne/bookros2_ws/install/pal_gazebo_worlds/share/pal_gazebo_worlds/models/aruco_marker_9cm_582/material/scripts/aruco_marker_original.material
[1.729s] -- Installing: /home/joanne/bookros2_ws/install/pal_gazebo_worlds/share/pal_gazebo_worlds/models/aruco_marker_9cm_582/material/textures
[1.729s] -- Installing: /home/joanne/bookros2_ws/install/pal_gazebo_worlds/share/pal_gazebo_worlds/models/aruco_marker_9cm_582/material/textures/Aruco_9cm_582.png
[1.729s] -- Installing: /home/joanne/bookros2_ws/install/pal_gazebo_worlds/share/pal_gazebo_worlds/models/aruco_marker_original_26
[1.729s] -- Installing: /home/joanne/bookros2_ws/install/pal_gazebo_worlds/share/pal_gazebo_worlds/models/aruco_marker_original_26/aruco_marker_original.sdf
[1.730s] -- Installing: /home/joanne/bookros2_ws/install/pal_gazebo_worlds/share/pal_gazebo_worlds/models/aruco_marker_original_26/model.config
[1.730s] -- Installing: /home/joanne/bookros2_ws/install/pal_gazebo_worlds/share/pal_gazebo_worlds/models/aruco_marker_original_26/material
[1.730s] -- Installing: /home/joanne/bookros2_ws/install/pal_gazebo_worlds/share/pal_gazebo_worlds/models/aruco_marker_original_26/material/scripts
[1.730s] -- Installing: /home/joanne/bookros2_ws/install/pal_gazebo_worlds/share/pal_gazebo_worlds/models/aruco_marker_original_26/material/scripts/aruco_marker_original.material
[1.730s] -- Installing: /home/joanne/bookros2_ws/install/pal_gazebo_worlds/share/pal_gazebo_worlds/models/aruco_marker_original_26/material/textures
[1.731s] -- Installing: /home/joanne/bookros2_ws/install/pal_gazebo_worlds/share/pal_gazebo_worlds/models/aruco_marker_original_26/material/textures/Aruco_original_26.png
[1.731s] -- Installing: /home/joanne/bookros2_ws/install/pal_gazebo_worlds/share/pal_gazebo_worlds/models/aruco_marker_6cm_63
[1.731s] -- Installing: /home/joanne/bookros2_ws/install/pal_gazebo_worlds/share/pal_gazebo_worlds/models/aruco_marker_6cm_63/model.config
[1.734s] -- Installing: /home/joanne/bookros2_ws/install/pal_gazebo_worlds/share/pal_gazebo_worlds/models/aruco_marker_6cm_63/material
[1.735s] -- Installing: /home/joanne/bookros2_ws/install/pal_gazebo_worlds/share/pal_gazebo_worlds/models/aruco_marker_6cm_63/material/scripts
[1.735s] -- Installing: /home/joanne/bookros2_ws/install/pal_gazebo_worlds/share/pal_gazebo_worlds/models/aruco_marker_6cm_63/material/scripts/aruco_marker_original.material
[1.735s] -- Installing: /home/joanne/bookros2_ws/install/pal_gazebo_worlds/share/pal_gazebo_worlds/models/aruco_marker_6cm_63/material/textures
[1.737s] -- Installing: /home/joanne/bookros2_ws/install/pal_gazebo_worlds/share/pal_gazebo_worlds/models/aruco_marker_6cm_63/material/textures/Aruco_6cm_63.png
[1.737s] -- Installing: /home/joanne/bookros2_ws/install/pal_gazebo_worlds/share/pal_gazebo_worlds/models/aruco_marker_6cm_63/aruco_marker_6cm.sdf
[1.738s] -- Installing: /home/joanne/bookros2_ws/install/pal_gazebo_worlds/share/pal_gazebo_worlds/models/robocup_walls_70cm_doors
[1.739s] -- Installing: /home/joanne/bookros2_ws/install/pal_gazebo_worlds/share/pal_gazebo_worlds/models/robocup_walls_70cm_doors/model.config
[1.741s] -- Installing: /home/joanne/bookros2_ws/install/pal_gazebo_worlds/share/pal_gazebo_worlds/models/robocup_walls_70cm_doors/house_walls.sdf
[1.742s] -- Installing: /home/joanne/bookros2_ws/install/pal_gazebo_worlds/share/pal_gazebo_worlds/models/robocup_walls_70cm_doors/meshes
[1.742s] -- Installing: /home/joanne/bookros2_ws/install/pal_gazebo_worlds/share/pal_gazebo_worlds/models/robocup_walls_70cm_doors/meshes/robocup_house.stl
[1.742s] -- Installing: /home/joanne/bookros2_ws/install/pal_gazebo_worlds/share/pal_gazebo_worlds/models/reviews_table
[1.742s] -- Installing: /home/joanne/bookros2_ws/install/pal_gazebo_worlds/share/pal_gazebo_worlds/models/reviews_table/model.config
[1.742s] -- Installing: /home/joanne/bookros2_ws/install/pal_gazebo_worlds/share/pal_gazebo_worlds/models/reviews_table/reviews_table.sdf
[1.742s] -- Installing: /home/joanne/bookros2_ws/install/pal_gazebo_worlds/share/pal_gazebo_worlds/models/reviews_table/meshes
[1.742s] -- Installing: /home/joanne/bookros2_ws/install/pal_gazebo_worlds/share/pal_gazebo_worlds/models/reviews_table/meshes/reviews_table.stl
[1.742s] -- Installing: /home/joanne/bookros2_ws/install/pal_gazebo_worlds/share/pal_gazebo_worlds/models/reemc_textured_object_nograv
[1.742s] -- Installing: /home/joanne/bookros2_ws/install/pal_gazebo_worlds/share/pal_gazebo_worlds/models/reemc_textured_object_nograv/model.config
[1.742s] -- Installing: /home/joanne/bookros2_ws/install/pal_gazebo_worlds/share/pal_gazebo_worlds/models/reemc_textured_object_nograv/model.sdf
[1.742s] -- Installing: /home/joanne/bookros2_ws/install/pal_gazebo_worlds/share/pal_gazebo_worlds/models/cocacola
[1.742s] -- Installing: /home/joanne/bookros2_ws/install/pal_gazebo_worlds/share/pal_gazebo_worlds/models/cocacola/cocacola.sdf
[1.742s] -- Installing: /home/joanne/bookros2_ws/install/pal_gazebo_worlds/share/pal_gazebo_worlds/models/cocacola/model.config
[1.743s] -- Installing: /home/joanne/bookros2_ws/install/pal_gazebo_worlds/share/pal_gazebo_worlds/models/cocacola/material
[1.743s] -- Installing: /home/joanne/bookros2_ws/install/pal_gazebo_worlds/share/pal_gazebo_worlds/models/cocacola/material/scripts
[1.743s] -- Installing: /home/joanne/bookros2_ws/install/pal_gazebo_worlds/share/pal_gazebo_worlds/models/cocacola/material/scripts/cocacola.material
[1.743s] -- Installing: /home/joanne/bookros2_ws/install/pal_gazebo_worlds/share/pal_gazebo_worlds/models/cocacola/material/textures
[1.743s] -- Installing: /home/joanne/bookros2_ws/install/pal_gazebo_worlds/share/pal_gazebo_worlds/models/cocacola/material/textures/cocacola.jpg
[1.743s] -- Installing: /home/joanne/bookros2_ws/install/pal_gazebo_worlds/share/pal_gazebo_worlds/models/citizen_extras_female_03
[1.743s] -- Installing: /home/joanne/bookros2_ws/install/pal_gazebo_worlds/share/pal_gazebo_worlds/models/citizen_extras_female_03/images
[1.743s] -- Installing: /home/joanne/bookros2_ws/install/pal_gazebo_worlds/share/pal_gazebo_worlds/models/citizen_extras_female_03/images/Material__1noCulling.JPG
[1.743s] -- Installing: /home/joanne/bookros2_ws/install/pal_gazebo_worlds/share/pal_gazebo_worlds/models/citizen_extras_female_03/images/Material__2noCulling.JPG
[1.743s] -- Installing: /home/joanne/bookros2_ws/install/pal_gazebo_worlds/share/pal_gazebo_worlds/models/citizen_extras_female_03/images/_03_-_Default1noCulling.JPG
[1.744s] -- Installing: /home/joanne/bookros2_ws/install/pal_gazebo_worlds/share/pal_gazebo_worlds/models/citizen_extras_female_03/model.config
[1.744s] -- Installing: /home/joanne/bookros2_ws/install/pal_gazebo_worlds/share/pal_gazebo_worlds/models/citizen_extras_female_03/model.sdf
[1.744s] -- Installing: /home/joanne/bookros2_ws/install/pal_gazebo_worlds/share/pal_gazebo_worlds/models/citizen_extras_female_03/meshes
[1.744s] -- Installing: /home/joanne/bookros2_ws/install/pal_gazebo_worlds/share/pal_gazebo_worlds/models/citizen_extras_female_03/meshes/mesh.dae
[1.745s] -- Installing: /home/joanne/bookros2_ws/install/pal_gazebo_worlds/share/pal_gazebo_worlds/models/green_ball
[1.745s] -- Installing: /home/joanne/bookros2_ws/install/pal_gazebo_worlds/share/pal_gazebo_worlds/models/green_ball/model.config
[1.745s] -- Installing: /home/joanne/bookros2_ws/install/pal_gazebo_worlds/share/pal_gazebo_worlds/models/green_ball/model.sdf
[1.746s] -- Installing: /home/joanne/bookros2_ws/install/pal_gazebo_worlds/share/pal_gazebo_worlds/models/green_ball/materials
[1.746s] -- Installing: /home/joanne/bookros2_ws/install/pal_gazebo_worlds/share/pal_gazebo_worlds/models/green_ball/materials/scripts
[1.746s] -- Installing: /home/joanne/bookros2_ws/install/pal_gazebo_worlds/share/pal_gazebo_worlds/models/green_ball/materials/scripts/ball.material
[1.746s] -- Installing: /home/joanne/bookros2_ws/install/pal_gazebo_worlds/share/pal_gazebo_worlds/models/aruco_marker_9cm_63
[1.746s] -- Installing: /home/joanne/bookros2_ws/install/pal_gazebo_worlds/share/pal_gazebo_worlds/models/aruco_marker_9cm_63/aruco_marker_9cm.sdf
[1.750s] -- Installing: /home/joanne/bookros2_ws/install/pal_gazebo_worlds/share/pal_gazebo_worlds/models/aruco_marker_9cm_63/model.config
[1.750s] -- Installing: /home/joanne/bookros2_ws/install/pal_gazebo_worlds/share/pal_gazebo_worlds/models/aruco_marker_9cm_63/material
[1.750s] -- Installing: /home/joanne/bookros2_ws/install/pal_gazebo_worlds/share/pal_gazebo_worlds/models/aruco_marker_9cm_63/material/scripts
[1.750s] -- Installing: /home/joanne/bookros2_ws/install/pal_gazebo_worlds/share/pal_gazebo_worlds/models/aruco_marker_9cm_63/material/scripts/aruco_marker_original.material
[1.750s] -- Installing: /home/joanne/bookros2_ws/install/pal_gazebo_worlds/share/pal_gazebo_worlds/models/aruco_marker_9cm_63/material/textures
[1.750s] -- Installing: /home/joanne/bookros2_ws/install/pal_gazebo_worlds/share/pal_gazebo_worlds/models/aruco_marker_9cm_63/material/textures/Aruco_9cm_63.png
[1.750s] -- Installing: /home/joanne/bookros2_ws/install/pal_gazebo_worlds/share/pal_gazebo_worlds/models/bauman
[1.751s] -- Installing: /home/joanne/bookros2_ws/install/pal_gazebo_worlds/share/pal_gazebo_worlds/models/bauman/model.config
[1.751s] -- Installing: /home/joanne/bookros2_ws/install/pal_gazebo_worlds/share/pal_gazebo_worlds/models/bauman/bauman_walls.png
[1.751s] -- Installing: /home/joanne/bookros2_ws/install/pal_gazebo_worlds/share/pal_gazebo_worlds/models/bauman/README
[1.752s] -- Installing: /home/joanne/bookros2_ws/install/pal_gazebo_worlds/share/pal_gazebo_worlds/models/bauman/model.sdf
[1.753s] -- Installing: /home/joanne/bookros2_ws/install/pal_gazebo_worlds/share/pal_gazebo_worlds/models/database.config
[1.753s] -- Installing: /home/joanne/bookros2_ws/install/pal_gazebo_worlds/share/pal_gazebo_worlds/models/willowgarage
[1.754s] -- Installing: /home/joanne/bookros2_ws/install/pal_gazebo_worlds/share/pal_gazebo_worlds/models/willowgarage/meshes
[1.754s] -- Installing: /home/joanne/bookros2_ws/install/pal_gazebo_worlds/share/pal_gazebo_worlds/models/willowgarage/meshes/willowgarage_visual.dae
[1.761s] -- Installing: /home/joanne/bookros2_ws/install/pal_gazebo_worlds/share/pal_gazebo_worlds/models/willowgarage/meshes/willowgarage_collision.dae
[1.766s] -- Installing: /home/joanne/bookros2_ws/install/pal_gazebo_worlds/share/pal_gazebo_worlds/models/willowgarage/materials
[1.766s] -- Installing: /home/joanne/bookros2_ws/install/pal_gazebo_worlds/share/pal_gazebo_worlds/models/willowgarage/materials/textures
[1.767s] -- Installing: /home/joanne/bookros2_ws/install/pal_gazebo_worlds/share/pal_gazebo_worlds/models/willowgarage/materials/textures/__auto_2.png
[1.769s] -- Installing: /home/joanne/bookros2_ws/install/pal_gazebo_worlds/share/pal_gazebo_worlds/models/willowgarage/materials/textures/__Wood_Bamboo_Medium_1.png
[1.769s] -- Installing: /home/joanne/bookros2_ws/install/pal_gazebo_worlds/share/pal_gazebo_worlds/models/willowgarage/materials/textures/__auto_12.png
[1.769s] -- Installing: /home/joanne/bookros2_ws/install/pal_gazebo_worlds/share/pal_gazebo_worlds/models/willowgarage/materials/textures/Wood_Bamboo_Medium_.png
[1.769s] -- Installing: /home/joanne/bookros2_ws/install/pal_gazebo_worlds/share/pal_gazebo_worlds/models/willowgarage/materials/textures/Carpet_Berber_Pattern_Gray_.png
[1.770s] -- Installing: /home/joanne/bookros2_ws/install/pal_gazebo_worlds/share/pal_gazebo_worlds/models/willowgarage/materials/textures/Wood_Cherry_Original_.png
[1.771s] -- Installing: /home/joanne/bookros2_ws/install/pal_gazebo_worlds/share/pal_gazebo_worlds/models/willowgarage/materials/textures/Stone_Brushed_Khaki_.png
[1.773s] -- Installing: /home/joanne/bookros2_ws/install/pal_gazebo_worlds/share/pal_gazebo_worlds/models/small_cylinder
[1.775s] -- Installing: /home/joanne/bookros2_ws/install/pal_gazebo_worlds/share/pal_gazebo_worlds/models/small_cylinder/model.config
[1.775s] -- Installing: /home/joanne/bookros2_ws/install/pal_gazebo_worlds/share/pal_gazebo_worlds/models/small_cylinder/small_cylinder.sdf
[1.776s] -- Installing: /home/joanne/bookros2_ws/install/pal_gazebo_worlds/share/pal_gazebo_worlds/models/reemc_textured_object
[1.776s] -- Installing: /home/joanne/bookros2_ws/install/pal_gazebo_worlds/share/pal_gazebo_worlds/models/reemc_textured_object/model.config
[1.776s] -- Installing: /home/joanne/bookros2_ws/install/pal_gazebo_worlds/share/pal_gazebo_worlds/models/reemc_textured_object/model.sdf
[1.776s] -- Installing: /home/joanne/bookros2_ws/install/pal_gazebo_worlds/share/pal_gazebo_worlds/models/reemc_textured_object/meshes
[1.776s] -- Installing: /home/joanne/bookros2_ws/install/pal_gazebo_worlds/share/pal_gazebo_worlds/models/reemc_textured_object/meshes/texture.jpg
[1.791s] -- Installing: /home/joanne/bookros2_ws/install/pal_gazebo_worlds/share/pal_gazebo_worlds/models/reemc_textured_object/meshes/mesh.dae
[1.791s] -- Installing: /home/joanne/bookros2_ws/install/pal_gazebo_worlds/share/pal_gazebo_worlds/models/green_rectangle
[1.791s] -- Installing: /home/joanne/bookros2_ws/install/pal_gazebo_worlds/share/pal_gazebo_worlds/models/green_rectangle/model.config
[1.791s] -- Installing: /home/joanne/bookros2_ws/install/pal_gazebo_worlds/share/pal_gazebo_worlds/models/green_rectangle/green_rectangle.sdf
[1.791s] -- Installing: /home/joanne/bookros2_ws/install/pal_gazebo_worlds/share/pal_gazebo_worlds/models/ikea_stefan_chair
[1.792s] -- Installing: /home/joanne/bookros2_ws/install/pal_gazebo_worlds/share/pal_gazebo_worlds/models/ikea_stefan_chair/model.config
[1.792s] -- Installing: /home/joanne/bookros2_ws/install/pal_gazebo_worlds/share/pal_gazebo_worlds/models/ikea_stefan_chair/model.sdf
[1.792s] -- Installing: /home/joanne/bookros2_ws/install/pal_gazebo_worlds/share/pal_gazebo_worlds/models/ikea_stefan_chair/meshes
[1.792s] -- Installing: /home/joanne/bookros2_ws/install/pal_gazebo_worlds/share/pal_gazebo_worlds/models/ikea_stefan_chair/meshes/mesh.dae
[1.793s] -- Installing: /home/joanne/bookros2_ws/install/pal_gazebo_worlds/share/pal_gazebo_worlds/models/aruco_marker_original_63
[1.793s] -- Installing: /home/joanne/bookros2_ws/install/pal_gazebo_worlds/share/pal_gazebo_worlds/models/aruco_marker_original_63/aruco_marker_original.sdf
[1.793s] -- Installing: /home/joanne/bookros2_ws/install/pal_gazebo_worlds/share/pal_gazebo_worlds/models/aruco_marker_original_63/model.config
[1.793s] -- Installing: /home/joanne/bookros2_ws/install/pal_gazebo_worlds/share/pal_gazebo_worlds/models/aruco_marker_original_63/material
[1.793s] -- Installing: /home/joanne/bookros2_ws/install/pal_gazebo_worlds/share/pal_gazebo_worlds/models/aruco_marker_original_63/material/scripts
[1.793s] -- Installing: /home/joanne/bookros2_ws/install/pal_gazebo_worlds/share/pal_gazebo_worlds/models/aruco_marker_original_63/material/scripts/aruco_marker_original.material
[1.793s] -- Installing: /home/joanne/bookros2_ws/install/pal_gazebo_worlds/share/pal_gazebo_worlds/models/aruco_marker_original_63/material/textures
[1.793s] -- Installing: /home/joanne/bookros2_ws/install/pal_gazebo_worlds/share/pal_gazebo_worlds/models/aruco_marker_original_63/material/textures/Aruco_original_63.png
[1.794s] -- Installing: /home/joanne/bookros2_ws/install/pal_gazebo_worlds/share/pal_gazebo_worlds/models/rockin_camp
[1.794s] -- Installing: /home/joanne/bookros2_ws/install/pal_gazebo_worlds/share/pal_gazebo_worlds/models/rockin_camp/rockin_camp.png
[1.794s] -- Installing: /home/joanne/bookros2_ws/install/pal_gazebo_worlds/share/pal_gazebo_worlds/models/rockin_camp/model.config
[1.794s] -- Installing: /home/joanne/bookros2_ws/install/pal_gazebo_worlds/share/pal_gazebo_worlds/models/rockin_camp/README
[1.794s] -- Installing: /home/joanne/bookros2_ws/install/pal_gazebo_worlds/share/pal_gazebo_worlds/models/rockin_camp/model.sdf
[1.794s] -- Installing: /home/joanne/bookros2_ws/install/pal_gazebo_worlds/share/pal_gazebo_worlds/models/lamp
[1.794s] -- Installing: /home/joanne/bookros2_ws/install/pal_gazebo_worlds/share/pal_gazebo_worlds/models/lamp/model.config
[1.794s] -- Installing: /home/joanne/bookros2_ws/install/pal_gazebo_worlds/share/pal_gazebo_worlds/models/lamp/meshes
[1.795s] -- Installing: /home/joanne/bookros2_ws/install/pal_gazebo_worlds/share/pal_gazebo_worlds/models/lamp/meshes/lamp.stl
[1.795s] -- Installing: /home/joanne/bookros2_ws/install/pal_gazebo_worlds/share/pal_gazebo_worlds/models/lamp/lamp.sdf
[1.795s] -- Installing: /home/joanne/bookros2_ws/install/pal_gazebo_worlds/share/pal_gazebo_worlds/models/ground_plane
[1.795s] -- Installing: /home/joanne/bookros2_ws/install/pal_gazebo_worlds/share/pal_gazebo_worlds/models/ground_plane/model-1_4.sdf
[1.795s] -- Installing: /home/joanne/bookros2_ws/install/pal_gazebo_worlds/share/pal_gazebo_worlds/models/ground_plane/model.config
[1.795s] -- Installing: /home/joanne/bookros2_ws/install/pal_gazebo_worlds/share/pal_gazebo_worlds/models/ground_plane/model-1_2.sdf
[1.795s] -- Installing: /home/joanne/bookros2_ws/install/pal_gazebo_worlds/share/pal_gazebo_worlds/models/ground_plane/model.sdf
[1.795s] -- Installing: /home/joanne/bookros2_ws/install/pal_gazebo_worlds/share/pal_gazebo_worlds/models/ground_plane/model-1_3.sdf
[1.796s] -- Installing: /home/joanne/bookros2_ws/install/pal_gazebo_worlds/share/pal_gazebo_worlds/models/hospital_flat_map
[1.796s] -- Installing: /home/joanne/bookros2_ws/install/pal_gazebo_worlds/share/pal_gazebo_worlds/models/hospital_flat_map/model.config
[1.796s] -- Installing: /home/joanne/bookros2_ws/install/pal_gazebo_worlds/share/pal_gazebo_worlds/models/hospital_flat_map/hospital_flat_map.sdf
[1.796s] -- Installing: /home/joanne/bookros2_ws/install/pal_gazebo_worlds/share/pal_gazebo_worlds/models/hospital_flat_map/meshes
[1.796s] -- Installing: /home/joanne/bookros2_ws/install/pal_gazebo_worlds/share/pal_gazebo_worlds/models/hospital_flat_map/meshes/hospital_flat_map.stl
[1.797s] -- Installing: /home/joanne/bookros2_ws/install/pal_gazebo_worlds/share/pal_gazebo_worlds/models/aruco_marker_6cm_26
[1.797s] -- Installing: /home/joanne/bookros2_ws/install/pal_gazebo_worlds/share/pal_gazebo_worlds/models/aruco_marker_6cm_26/model.config
[1.798s] -- Installing: /home/joanne/bookros2_ws/install/pal_gazebo_worlds/share/pal_gazebo_worlds/models/aruco_marker_6cm_26/material
[1.798s] -- Installing: /home/joanne/bookros2_ws/install/pal_gazebo_worlds/share/pal_gazebo_worlds/models/aruco_marker_6cm_26/material/scripts
[1.798s] -- Installing: /home/joanne/bookros2_ws/install/pal_gazebo_worlds/share/pal_gazebo_worlds/models/aruco_marker_6cm_26/material/scripts/aruco_marker_original.material
[1.798s] -- Installing: /home/joanne/bookros2_ws/install/pal_gazebo_worlds/share/pal_gazebo_worlds/models/aruco_marker_6cm_26/material/textures
[1.798s] -- Installing: /home/joanne/bookros2_ws/install/pal_gazebo_worlds/share/pal_gazebo_worlds/models/aruco_marker_6cm_26/material/textures/Aruco_6cm_26.png
[1.801s] -- Installing: /home/joanne/bookros2_ws/install/pal_gazebo_worlds/share/pal_gazebo_worlds/models/aruco_marker_6cm_26/aruco_marker_6cm.sdf
[1.802s] -- Installing: /home/joanne/bookros2_ws/install/pal_gazebo_worlds/share/pal_gazebo_worlds/models/goetz_sofa
[1.802s] -- Installing: /home/joanne/bookros2_ws/install/pal_gazebo_worlds/share/pal_gazebo_worlds/models/goetz_sofa/model.config
[1.802s] -- Installing: /home/joanne/bookros2_ws/install/pal_gazebo_worlds/share/pal_gazebo_worlds/models/goetz_sofa/goetz_sofa.sdf
[1.802s] -- Installing: /home/joanne/bookros2_ws/install/pal_gazebo_worlds/share/pal_gazebo_worlds/models/goetz_sofa/meshes
[1.802s] -- Installing: /home/joanne/bookros2_ws/install/pal_gazebo_worlds/share/pal_gazebo_worlds/models/goetz_sofa/meshes/goetz_sofa.dae
[1.804s] -- Installing: /home/joanne/bookros2_ws/install/pal_gazebo_worlds/share/pal_gazebo_worlds/models/goetz_sofa/materials
[1.805s] -- Installing: /home/joanne/bookros2_ws/install/pal_gazebo_worlds/share/pal_gazebo_worlds/models/goetz_sofa/materials/textures
[1.805s] -- Installing: /home/joanne/bookros2_ws/install/pal_gazebo_worlds/share/pal_gazebo_worlds/models/goetz_sofa/materials/textures/texture0.jpg
[1.806s] -- Installing: /home/joanne/bookros2_ws/install/pal_gazebo_worlds/share/pal_gazebo_worlds/models/reemc_table
[1.807s] -- Installing: /home/joanne/bookros2_ws/install/pal_gazebo_worlds/share/pal_gazebo_worlds/models/reemc_table/model.config
[1.807s] -- Installing: /home/joanne/bookros2_ws/install/pal_gazebo_worlds/share/pal_gazebo_worlds/models/reemc_table/table.sdf
[1.807s] -- Installing: /home/joanne/bookros2_ws/install/pal_gazebo_worlds/share/pal_gazebo_worlds/models/sun
[1.807s] -- Installing: /home/joanne/bookros2_ws/install/pal_gazebo_worlds/share/pal_gazebo_worlds/models/sun/model-1_4.sdf
[1.807s] -- Installing: /home/joanne/bookros2_ws/install/pal_gazebo_worlds/share/pal_gazebo_worlds/models/sun/model.config
[1.807s] -- Installing: /home/joanne/bookros2_ws/install/pal_gazebo_worlds/share/pal_gazebo_worlds/models/sun/model-1_2.sdf
[1.807s] -- Installing: /home/joanne/bookros2_ws/install/pal_gazebo_worlds/share/pal_gazebo_worlds/models/sun/model.sdf
[1.807s] -- Installing: /home/joanne/bookros2_ws/install/pal_gazebo_worlds/share/pal_gazebo_worlds/models/sun/model-1_3.sdf
[1.809s] -- Installing: /home/joanne/bookros2_ws/install/pal_gazebo_worlds/share/pal_gazebo_worlds/models/ikea_folke_chair
[1.809s] -- Installing: /home/joanne/bookros2_ws/install/pal_gazebo_worlds/share/pal_gazebo_worlds/models/ikea_folke_chair/model.config
[1.810s] -- Installing: /home/joanne/bookros2_ws/install/pal_gazebo_worlds/share/pal_gazebo_worlds/models/ikea_folke_chair/model.sdf
[1.810s] -- Installing: /home/joanne/bookros2_ws/install/pal_gazebo_worlds/share/pal_gazebo_worlds/models/ikea_folke_chair/meshes
[1.810s] -- Installing: /home/joanne/bookros2_ws/install/pal_gazebo_worlds/share/pal_gazebo_worlds/models/ikea_folke_chair/meshes/notexture.png
[1.811s] -- Installing: /home/joanne/bookros2_ws/install/pal_gazebo_worlds/share/pal_gazebo_worlds/models/ikea_folke_chair/meshes/texture.png
[1.811s] -- Installing: /home/joanne/bookros2_ws/install/pal_gazebo_worlds/share/pal_gazebo_worlds/models/ikea_folke_chair/meshes/mesh.dae
[1.814s] -- Installing: /home/joanne/bookros2_ws/install/pal_gazebo_worlds/share/pal_gazebo_worlds/models/testing_room
[1.814s] -- Installing: /home/joanne/bookros2_ws/install/pal_gazebo_worlds/share/pal_gazebo_worlds/models/testing_room/model.config
[1.814s] -- Installing: /home/joanne/bookros2_ws/install/pal_gazebo_worlds/share/pal_gazebo_worlds/models/testing_room/README
[1.815s] -- Installing: /home/joanne/bookros2_ws/install/pal_gazebo_worlds/share/pal_gazebo_worlds/models/testing_room/testing_room.png
[1.815s] -- Installing: /home/joanne/bookros2_ws/install/pal_gazebo_worlds/share/pal_gazebo_worlds/models/testing_room/model.sdf
[1.816s] -- Installing: /home/joanne/bookros2_ws/install/pal_gazebo_worlds/share/pal_gazebo_worlds/models/pal_poster
[1.816s] -- Installing: /home/joanne/bookros2_ws/install/pal_gazebo_worlds/share/pal_gazebo_worlds/models/pal_poster/pal_poster.sdf
[1.817s] -- Installing: /home/joanne/bookros2_ws/install/pal_gazebo_worlds/share/pal_gazebo_worlds/models/pal_poster/model.config
[1.817s] -- Installing: /home/joanne/bookros2_ws/install/pal_gazebo_worlds/share/pal_gazebo_worlds/models/pal_poster/material
[1.818s] -- Installing: /home/joanne/bookros2_ws/install/pal_gazebo_worlds/share/pal_gazebo_worlds/models/pal_poster/material/scripts
[1.818s] -- Installing: /home/joanne/bookros2_ws/install/pal_gazebo_worlds/share/pal_gazebo_worlds/models/pal_poster/material/scripts/pal_poster.material
[1.819s] -- Installing: /home/joanne/bookros2_ws/install/pal_gazebo_worlds/share/pal_gazebo_worlds/models/pal_poster/material/textures
[1.819s] -- Installing: /home/joanne/bookros2_ws/install/pal_gazebo_worlds/share/pal_gazebo_worlds/models/pal_poster/material/textures/pal_poster.jpg
[1.819s] -- Installing: /home/joanne/bookros2_ws/install/pal_gazebo_worlds/share/pal_gazebo_worlds/models/sofa
[1.819s] -- Installing: /home/joanne/bookros2_ws/install/pal_gazebo_worlds/share/pal_gazebo_worlds/models/sofa/model.config
[1.822s] -- Installing: /home/joanne/bookros2_ws/install/pal_gazebo_worlds/share/pal_gazebo_worlds/models/sofa/sofa.sdf
[1.822s] -- Installing: /home/joanne/bookros2_ws/install/pal_gazebo_worlds/share/pal_gazebo_worlds/models/sofa/meshes
[1.822s] -- Installing: /home/joanne/bookros2_ws/install/pal_gazebo_worlds/share/pal_gazebo_worlds/models/sofa/meshes/sofa.stl
[1.822s] -- Installing: /home/joanne/bookros2_ws/install/pal_gazebo_worlds/share/pal_gazebo_worlds/models/ikea_ektorp_chair
[1.823s] -- Installing: /home/joanne/bookros2_ws/install/pal_gazebo_worlds/share/pal_gazebo_worlds/models/ikea_ektorp_chair/model.config
[1.823s] -- Installing: /home/joanne/bookros2_ws/install/pal_gazebo_worlds/share/pal_gazebo_worlds/models/ikea_ektorp_chair/model.sdf
[1.823s] -- Installing: /home/joanne/bookros2_ws/install/pal_gazebo_worlds/share/pal_gazebo_worlds/models/ikea_ektorp_chair/meshes
[1.823s] -- Installing: /home/joanne/bookros2_ws/install/pal_gazebo_worlds/share/pal_gazebo_worlds/models/ikea_ektorp_chair/meshes/IKE06001.JPG
[1.824s] -- Installing: /home/joanne/bookros2_ws/install/pal_gazebo_worlds/share/pal_gazebo_worlds/models/ikea_ektorp_chair/meshes/mesh.dae
[1.824s] -- Installing: /home/joanne/bookros2_ws/install/pal_gazebo_worlds/share/pal_gazebo_worlds/models/ikea_harry_chair
[1.824s] -- Installing: /home/joanne/bookros2_ws/install/pal_gazebo_worlds/share/pal_gazebo_worlds/models/ikea_harry_chair/model.config
[1.824s] -- Installing: /home/joanne/bookros2_ws/install/pal_gazebo_worlds/share/pal_gazebo_worlds/models/ikea_harry_chair/model.sdf
[1.824s] -- Installing: /home/joanne/bookros2_ws/install/pal_gazebo_worlds/share/pal_gazebo_worlds/models/ikea_harry_chair/meshes
[1.824s] -- Installing: /home/joanne/bookros2_ws/install/pal_gazebo_worlds/share/pal_gazebo_worlds/models/ikea_harry_chair/meshes/body.png
[1.825s] -- Installing: /home/joanne/bookros2_ws/install/pal_gazebo_worlds/share/pal_gazebo_worlds/models/ikea_harry_chair/meshes/legs.png
[1.825s] -- Installing: /home/joanne/bookros2_ws/install/pal_gazebo_worlds/share/pal_gazebo_worlds/models/ikea_harry_chair/meshes/mesh.dae
[1.827s] -- Installing: /home/joanne/bookros2_ws/install/pal_gazebo_worlds/share/pal_gazebo_worlds/models/aruco_marker_6cm_582
[1.828s] -- Installing: /home/joanne/bookros2_ws/install/pal_gazebo_worlds/share/pal_gazebo_worlds/models/aruco_marker_6cm_582/model.config
[1.830s] -- Installing: /home/joanne/bookros2_ws/install/pal_gazebo_worlds/share/pal_gazebo_worlds/models/aruco_marker_6cm_582/material
[1.831s] -- Installing: /home/joanne/bookros2_ws/install/pal_gazebo_worlds/share/pal_gazebo_worlds/models/aruco_marker_6cm_582/material/scripts
[1.831s] -- Installing: /home/joanne/bookros2_ws/install/pal_gazebo_worlds/share/pal_gazebo_worlds/models/aruco_marker_6cm_582/material/scripts/aruco_marker_original.material
[1.831s] -- Installing: /home/joanne/bookros2_ws/install/pal_gazebo_worlds/share/pal_gazebo_worlds/models/aruco_marker_6cm_582/material/textures
[1.831s] -- Installing: /home/joanne/bookros2_ws/install/pal_gazebo_worlds/share/pal_gazebo_worlds/models/aruco_marker_6cm_582/material/textures/Aruco_6cm_582.png
[1.831s] -- Installing: /home/joanne/bookros2_ws/install/pal_gazebo_worlds/share/pal_gazebo_worlds/models/aruco_marker_6cm_582/aruco_marker_6cm.sdf
[1.831s] -- Installing: /home/joanne/bookros2_ws/install/pal_gazebo_worlds/share/pal_gazebo_worlds/models/aruco_marker_original_238
[1.831s] -- Installing: /home/joanne/bookros2_ws/install/pal_gazebo_worlds/share/pal_gazebo_worlds/models/aruco_marker_original_238/aruco_marker_original.sdf
[1.832s] -- Installing: /home/joanne/bookros2_ws/install/pal_gazebo_worlds/share/pal_gazebo_worlds/models/aruco_marker_original_238/model.config
[1.832s] -- Installing: /home/joanne/bookros2_ws/install/pal_gazebo_worlds/share/pal_gazebo_worlds/models/aruco_marker_original_238/material
[1.832s] -- Installing: /home/joanne/bookros2_ws/install/pal_gazebo_worlds/share/pal_gazebo_worlds/models/aruco_marker_original_238/material/scripts
[1.832s] -- Installing: /home/joanne/bookros2_ws/install/pal_gazebo_worlds/share/pal_gazebo_worlds/models/aruco_marker_original_238/material/scripts/aruco_marker_original.material
[1.833s] -- Installing: /home/joanne/bookros2_ws/install/pal_gazebo_worlds/share/pal_gazebo_worlds/models/aruco_marker_original_238/material/textures
[1.833s] -- Installing: /home/joanne/bookros2_ws/install/pal_gazebo_worlds/share/pal_gazebo_worlds/models/aruco_marker_original_238/material/textures/Aruco_original_238.png
[1.833s] -- Installing: /home/joanne/bookros2_ws/install/pal_gazebo_worlds/share/pal_gazebo_worlds/models/dock1
[1.833s] -- Installing: /home/joanne/bookros2_ws/install/pal_gazebo_worlds/share/pal_gazebo_worlds/models/dock1/dock1.sdf
[1.838s] -- Installing: /home/joanne/bookros2_ws/install/pal_gazebo_worlds/share/pal_gazebo_worlds/models/dock1/model.config
[1.839s] -- Installing: /home/joanne/bookros2_ws/install/pal_gazebo_worlds/share/pal_gazebo_worlds/models/dock1/meshes
[1.839s] -- Installing: /home/joanne/bookros2_ws/install/pal_gazebo_worlds/share/pal_gazebo_worlds/models/dock1/meshes/dock1.dae
[1.839s] -- Installing: /home/joanne/bookros2_ws/install/pal_gazebo_worlds/share/pal_gazebo_worlds/models/kitchen_chair
[1.839s] -- Installing: /home/joanne/bookros2_ws/install/pal_gazebo_worlds/share/pal_gazebo_worlds/models/kitchen_chair/model.config
[1.839s] -- Installing: /home/joanne/bookros2_ws/install/pal_gazebo_worlds/share/pal_gazebo_worlds/models/kitchen_chair/kitchen_chair.sdf
[1.839s] -- Installing: /home/joanne/bookros2_ws/install/pal_gazebo_worlds/share/pal_gazebo_worlds/models/kitchen_chair/meshes
[1.840s] -- Installing: /home/joanne/bookros2_ws/install/pal_gazebo_worlds/share/pal_gazebo_worlds/models/kitchen_chair/meshes/kitchen_chair.stl
[1.840s] -- Installing: /home/joanne/bookros2_ws/install/pal_gazebo_worlds/share/pal_gazebo_worlds/models/aruco_marker_9cm_238
[1.840s] -- Installing: /home/joanne/bookros2_ws/install/pal_gazebo_worlds/share/pal_gazebo_worlds/models/aruco_marker_9cm_238/aruco_marker_9cm.sdf
[1.840s] -- Installing: /home/joanne/bookros2_ws/install/pal_gazebo_worlds/share/pal_gazebo_worlds/models/aruco_marker_9cm_238/model.config
[1.840s] -- Installing: /home/joanne/bookros2_ws/install/pal_gazebo_worlds/share/pal_gazebo_worlds/models/aruco_marker_9cm_238/material
[1.840s] -- Installing: /home/joanne/bookros2_ws/install/pal_gazebo_worlds/share/pal_gazebo_worlds/models/aruco_marker_9cm_238/material/scripts
[1.840s] -- Installing: /home/joanne/bookros2_ws/install/pal_gazebo_worlds/share/pal_gazebo_worlds/models/aruco_marker_9cm_238/material/scripts/aruco_marker_original.material
[1.841s] -- Installing: /home/joanne/bookros2_ws/install/pal_gazebo_worlds/share/pal_gazebo_worlds/models/aruco_marker_9cm_238/material/textures
[1.846s] -- Installing: /home/joanne/bookros2_ws/install/pal_gazebo_worlds/share/pal_gazebo_worlds/models/aruco_marker_9cm_238/material/textures/Aruco_9cm_238.png
[1.847s] -- Installing: /home/joanne/bookros2_ws/install/pal_gazebo_worlds/share/pal_gazebo_worlds/models/floor_lamp
[1.848s] -- Installing: /home/joanne/bookros2_ws/install/pal_gazebo_worlds/share/pal_gazebo_worlds/models/floor_lamp/model.config
[1.849s] -- Installing: /home/joanne/bookros2_ws/install/pal_gazebo_worlds/share/pal_gazebo_worlds/models/floor_lamp/floor_lamp.sdf
[1.849s] -- Installing: /home/joanne/bookros2_ws/install/pal_gazebo_worlds/share/pal_gazebo_worlds/models/floor_lamp/meshes
[1.849s] -- Installing: /home/joanne/bookros2_ws/install/pal_gazebo_worlds/share/pal_gazebo_worlds/models/floor_lamp/meshes/floor_lamp.stl
[1.849s] -- Installing: /home/joanne/bookros2_ws/install/pal_gazebo_worlds/share/pal_gazebo_worlds/models/table_0m8
[1.849s] -- Installing: /home/joanne/bookros2_ws/install/pal_gazebo_worlds/share/pal_gazebo_worlds/models/table_0m8/model.config
[1.849s] -- Installing: /home/joanne/bookros2_ws/install/pal_gazebo_worlds/share/pal_gazebo_worlds/models/table_0m8/table.sdf
[1.850s] -- Installing: /home/joanne/bookros2_ws/install/pal_gazebo_worlds/share/pal_gazebo_worlds/models/reemc_cabinet
[1.850s] -- Installing: /home/joanne/bookros2_ws/install/pal_gazebo_worlds/share/pal_gazebo_worlds/models/reemc_cabinet/model.config
[1.851s] -- Installing: /home/joanne/bookros2_ws/install/pal_gazebo_worlds/share/pal_gazebo_worlds/models/reemc_cabinet/cabinet.sdf
[1.851s] -- Installing: /home/joanne/bookros2_ws/install/pal_gazebo_worlds/share/pal_gazebo_worlds/models/marker26_8cm
[1.851s] -- Installing: /home/joanne/bookros2_ws/install/pal_gazebo_worlds/share/pal_gazebo_worlds/models/marker26_8cm/model.config
[1.851s] -- Installing: /home/joanne/bookros2_ws/install/pal_gazebo_worlds/share/pal_gazebo_worlds/models/marker26_8cm/material
[1.851s] -- Installing: /home/joanne/bookros2_ws/install/pal_gazebo_worlds/share/pal_gazebo_worlds/models/marker26_8cm/material/scripts
[1.851s] -- Installing: /home/joanne/bookros2_ws/install/pal_gazebo_worlds/share/pal_gazebo_worlds/models/marker26_8cm/material/scripts/marker26_8cm.material
[1.852s] -- Installing: /home/joanne/bookros2_ws/install/pal_gazebo_worlds/share/pal_gazebo_worlds/models/marker26_8cm/material/textures
[1.852s] -- Installing: /home/joanne/bookros2_ws/install/pal_gazebo_worlds/share/pal_gazebo_worlds/models/marker26_8cm/material/textures/aruco-26_8cm.png
[1.852s] -- Installing: /home/joanne/bookros2_ws/install/pal_gazebo_worlds/share/pal_gazebo_worlds/models/marker26_8cm/marker26_8cm.sdf
[1.852s] -- Installing: /home/joanne/bookros2_ws/install/pal_gazebo_worlds/share/pal_gazebo_worlds/models/arm_chair
[1.852s] -- Installing: /home/joanne/bookros2_ws/install/pal_gazebo_worlds/share/pal_gazebo_worlds/models/arm_chair/arm_chair.sdf
[1.852s] -- Installing: /home/joanne/bookros2_ws/install/pal_gazebo_worlds/share/pal_gazebo_worlds/models/arm_chair/model.config
[1.852s] -- Installing: /home/joanne/bookros2_ws/install/pal_gazebo_worlds/share/pal_gazebo_worlds/models/arm_chair/meshes
[1.852s] -- Installing: /home/joanne/bookros2_ws/install/pal_gazebo_worlds/share/pal_gazebo_worlds/models/arm_chair/meshes/arm_chair.stl
[1.853s] -- Installing: /home/joanne/bookros2_ws/install/pal_gazebo_worlds/share/pal_gazebo_worlds/models/table_1m
[1.854s] -- Installing: /home/joanne/bookros2_ws/install/pal_gazebo_worlds/share/pal_gazebo_worlds/models/table_1m/model.config
[1.854s] -- Installing: /home/joanne/bookros2_ws/install/pal_gazebo_worlds/share/pal_gazebo_worlds/models/table_1m/table_1m.sdf
[1.854s] -- Installing: /home/joanne/bookros2_ws/install/pal_gazebo_worlds/share/pal_gazebo_worlds/models/aruco_marker_6cm_238
[1.855s] -- Installing: /home/joanne/bookros2_ws/install/pal_gazebo_worlds/share/pal_gazebo_worlds/models/aruco_marker_6cm_238/model.config
[1.855s] -- Installing: /home/joanne/bookros2_ws/install/pal_gazebo_worlds/share/pal_gazebo_worlds/models/aruco_marker_6cm_238/material
[1.855s] -- Installing: /home/joanne/bookros2_ws/install/pal_gazebo_worlds/share/pal_gazebo_worlds/models/aruco_marker_6cm_238/material/scripts
[1.855s] -- Installing: /home/joanne/bookros2_ws/install/pal_gazebo_worlds/share/pal_gazebo_worlds/models/aruco_marker_6cm_238/material/scripts/aruco_marker_original.material
[1.855s] -- Installing: /home/joanne/bookros2_ws/install/pal_gazebo_worlds/share/pal_gazebo_worlds/models/aruco_marker_6cm_238/material/textures
[1.855s] -- Installing: /home/joanne/bookros2_ws/install/pal_gazebo_worlds/share/pal_gazebo_worlds/models/aruco_marker_6cm_238/material/textures/Aruco_6cm_238.png
[1.855s] -- Installing: /home/joanne/bookros2_ws/install/pal_gazebo_worlds/share/pal_gazebo_worlds/models/aruco_marker_6cm_238/aruco_marker_6cm.sdf
[1.857s] -- Installing: /home/joanne/bookros2_ws/install/pal_gazebo_worlds/share/pal_gazebo_worlds/models/bench
[1.860s] -- Installing: /home/joanne/bookros2_ws/install/pal_gazebo_worlds/share/pal_gazebo_worlds/models/bench/model.config
[1.860s] -- Installing: /home/joanne/bookros2_ws/install/pal_gazebo_worlds/share/pal_gazebo_worlds/models/bench/bench.sdf
[1.860s] -- Installing: /home/joanne/bookros2_ws/install/pal_gazebo_worlds/share/pal_gazebo_worlds/models/bench/meshes
[1.860s] -- Installing: /home/joanne/bookros2_ws/install/pal_gazebo_worlds/share/pal_gazebo_worlds/models/bench/meshes/bench.stl
[1.861s] -- Installing: /home/joanne/bookros2_ws/install/pal_gazebo_worlds/share/pal_gazebo_worlds/models/pal_textured_object
[1.861s] -- Installing: /home/joanne/bookros2_ws/install/pal_gazebo_worlds/share/pal_gazebo_worlds/models/pal_textured_object/model.config
[1.861s] -- Installing: /home/joanne/bookros2_ws/install/pal_gazebo_worlds/share/pal_gazebo_worlds/models/pal_textured_object/material
[1.861s] -- Installing: /home/joanne/bookros2_ws/install/pal_gazebo_worlds/share/pal_gazebo_worlds/models/pal_textured_object/material/scripts
[1.861s] -- Installing: /home/joanne/bookros2_ws/install/pal_gazebo_worlds/share/pal_gazebo_worlds/models/pal_textured_object/material/scripts/pal_textured_object.material
[1.861s] -- Installing: /home/joanne/bookros2_ws/install/pal_gazebo_worlds/share/pal_gazebo_worlds/models/pal_textured_object/material/textures
[1.861s] -- Installing: /home/joanne/bookros2_ws/install/pal_gazebo_worlds/share/pal_gazebo_worlds/models/pal_textured_object/material/textures/pal_textured_object.png
[1.861s] -- Installing: /home/joanne/bookros2_ws/install/pal_gazebo_worlds/share/pal_gazebo_worlds/models/pal_textured_object/pal_textured_object.sdf
[1.862s] -- Installing: /home/joanne/bookros2_ws/install/pal_gazebo_worlds/share/pal_gazebo_worlds/models/reemc_bookshelf
[1.862s] -- Installing: /home/joanne/bookros2_ws/install/pal_gazebo_worlds/share/pal_gazebo_worlds/models/reemc_bookshelf/model.config
[1.862s] -- Installing: /home/joanne/bookros2_ws/install/pal_gazebo_worlds/share/pal_gazebo_worlds/models/reemc_bookshelf/bookshelf.sdf
[1.862s] -- Installing: /home/joanne/bookros2_ws/install/pal_gazebo_worlds/share/pal_gazebo_worlds/models/test2
[1.862s] -- Installing: /home/joanne/bookros2_ws/install/pal_gazebo_worlds/share/pal_gazebo_worlds/models/test2/model.config
[1.862s] -- Installing: /home/joanne/bookros2_ws/install/pal_gazebo_worlds/share/pal_gazebo_worlds/models/test2/meshes
[1.863s] -- Installing: /home/joanne/bookros2_ws/install/pal_gazebo_worlds/share/pal_gazebo_worlds/models/test2/meshes/test2.dae
[1.863s] -- Installing: /home/joanne/bookros2_ws/install/pal_gazebo_worlds/share/pal_gazebo_worlds/models/test2/test2.sdf
[1.864s] -- Installing: /home/joanne/bookros2_ws/install/pal_gazebo_worlds/share/pal_gazebo_worlds/models/aruco_marker_250_6x6_2
[1.864s] -- Installing: /home/joanne/bookros2_ws/install/pal_gazebo_worlds/share/pal_gazebo_worlds/models/aruco_marker_250_6x6_2/model.config
[1.868s] -- Installing: /home/joanne/bookros2_ws/install/pal_gazebo_worlds/share/pal_gazebo_worlds/models/aruco_marker_250_6x6_2/aruco_marker_250_6x6.sdf
[1.868s] -- Installing: /home/joanne/bookros2_ws/install/pal_gazebo_worlds/share/pal_gazebo_worlds/models/aruco_marker_250_6x6_2/material
[1.869s] -- Installing: /home/joanne/bookros2_ws/install/pal_gazebo_worlds/share/pal_gazebo_worlds/models/aruco_marker_250_6x6_2/material/scripts
[1.869s] -- Installing: /home/joanne/bookros2_ws/install/pal_gazebo_worlds/share/pal_gazebo_worlds/models/aruco_marker_250_6x6_2/material/scripts/aruco_marker_250_6x6.material
[1.869s] -- Installing: /home/joanne/bookros2_ws/install/pal_gazebo_worlds/share/pal_gazebo_worlds/models/aruco_marker_250_6x6_2/material/textures
[1.869s] -- Installing: /home/joanne/bookros2_ws/install/pal_gazebo_worlds/share/pal_gazebo_worlds/models/aruco_marker_250_6x6_2/material/textures/Aruco_6x6_250_1.png
[1.869s] -- Installing: /home/joanne/bookros2_ws/install/pal_gazebo_worlds/share/pal_gazebo_worlds/models/bifrutas_tropical_can
[1.869s] -- Installing: /home/joanne/bookros2_ws/install/pal_gazebo_worlds/share/pal_gazebo_worlds/models/bifrutas_tropical_can/model.config
[1.869s] -- Installing: /home/joanne/bookros2_ws/install/pal_gazebo_worlds/share/pal_gazebo_worlds/models/bifrutas_tropical_can/material
[1.869s] -- Installing: /home/joanne/bookros2_ws/install/pal_gazebo_worlds/share/pal_gazebo_worlds/models/bifrutas_tropical_can/material/scripts
[1.869s] -- Installing: /home/joanne/bookros2_ws/install/pal_gazebo_worlds/share/pal_gazebo_worlds/models/bifrutas_tropical_can/material/scripts/bifrutas_tropical_can.material
[1.869s] -- Installing: /home/joanne/bookros2_ws/install/pal_gazebo_worlds/share/pal_gazebo_worlds/models/bifrutas_tropical_can/material/textures
[1.870s] -- Installing: /home/joanne/bookros2_ws/install/pal_gazebo_worlds/share/pal_gazebo_worlds/models/bifrutas_tropical_can/material/textures/bifrutas_tropical_can.jpg
[1.870s] -- Installing: /home/joanne/bookros2_ws/install/pal_gazebo_worlds/share/pal_gazebo_worlds/models/bifrutas_tropical_can/bifrutas_tropical_can.sdf
[1.870s] -- Installing: /home/joanne/bookros2_ws/install/pal_gazebo_worlds/share/pal_gazebo_worlds/models/hospital_map
[1.870s] -- Installing: /home/joanne/bookros2_ws/install/pal_gazebo_worlds/share/pal_gazebo_worlds/models/hospital_map/hospital_map.sdf
[1.870s] -- Installing: /home/joanne/bookros2_ws/install/pal_gazebo_worlds/share/pal_gazebo_worlds/models/hospital_map/model.config
[1.870s] -- Installing: /home/joanne/bookros2_ws/install/pal_gazebo_worlds/share/pal_gazebo_worlds/models/hospital_map/meshes
[1.870s] -- Installing: /home/joanne/bookros2_ws/install/pal_gazebo_worlds/share/pal_gazebo_worlds/models/hospital_map/meshes/g1.stl
[1.874s] -- Installing: /home/joanne/bookros2_ws/install/pal_gazebo_worlds/share/pal_gazebo_worlds/models/hospital_map/meshes/g6.stl
[1.876s] -- Installing: /home/joanne/bookros2_ws/install/pal_gazebo_worlds/share/pal_gazebo_worlds/models/hospital_map/meshes/gr3.stl
[1.876s] -- Installing: /home/joanne/bookros2_ws/install/pal_gazebo_worlds/share/pal_gazebo_worlds/models/hospital_map/meshes/g4.stl
[1.876s] -- Installing: /home/joanne/bookros2_ws/install/pal_gazebo_worlds/share/pal_gazebo_worlds/models/hospital_map/meshes/wr2.stl
[1.878s] -- Installing: /home/joanne/bookros2_ws/install/pal_gazebo_worlds/share/pal_gazebo_worlds/models/hospital_map/meshes/gr5.stl
[1.878s] -- Installing: /home/joanne/bookros2_ws/install/pal_gazebo_worlds/share/pal_gazebo_worlds/models/hospital_map/meshes/w6.stl
[1.879s] -- Installing: /home/joanne/bookros2_ws/install/pal_gazebo_worlds/share/pal_gazebo_worlds/models/hospital_map/meshes/gr4.stl
[1.880s] -- Installing: /home/joanne/bookros2_ws/install/pal_gazebo_worlds/share/pal_gazebo_worlds/models/hospital_map/meshes/g5.stl
[1.887s] -- Installing: /home/joanne/bookros2_ws/install/pal_gazebo_worlds/share/pal_gazebo_worlds/models/hospital_map/meshes/wr6.stl
[1.888s] -- Installing: /home/joanne/bookros2_ws/install/pal_gazebo_worlds/share/pal_gazebo_worlds/models/hospital_map/meshes/w2.stl
[1.889s] -- Installing: /home/joanne/bookros2_ws/install/pal_gazebo_worlds/share/pal_gazebo_worlds/models/hospital_map/meshes/g3.stl
[1.889s] -- Installing: /home/joanne/bookros2_ws/install/pal_gazebo_worlds/share/pal_gazebo_worlds/models/hospital_map/meshes/w3.stl
[1.890s] -- Installing: /home/joanne/bookros2_ws/install/pal_gazebo_worlds/share/pal_gazebo_worlds/models/hospital_map/meshes/gr2.stl
[1.891s] -- Installing: /home/joanne/bookros2_ws/install/pal_gazebo_worlds/share/pal_gazebo_worlds/models/hospital_map/meshes/wr5.stl
[1.893s] -- Installing: /home/joanne/bookros2_ws/install/pal_gazebo_worlds/share/pal_gazebo_worlds/models/hospital_map/meshes/wr1.stl
[1.893s] -- Installing: /home/joanne/bookros2_ws/install/pal_gazebo_worlds/share/pal_gazebo_worlds/models/hospital_map/meshes/g2.stl
[1.893s] -- Installing: /home/joanne/bookros2_ws/install/pal_gazebo_worlds/share/pal_gazebo_worlds/models/hospital_map/meshes/hospital_map.stl
[1.896s] -- Installing: /home/joanne/bookros2_ws/install/pal_gazebo_worlds/share/pal_gazebo_worlds/models/hospital_map/meshes/w5.stl
[1.897s] -- Installing: /home/joanne/bookros2_ws/install/pal_gazebo_worlds/share/pal_gazebo_worlds/models/hospital_map/meshes/wr4.stl
[1.897s] -- Installing: /home/joanne/bookros2_ws/install/pal_gazebo_worlds/share/pal_gazebo_worlds/models/hospital_map/meshes/w1.stl
[1.899s] -- Installing: /home/joanne/bookros2_ws/install/pal_gazebo_worlds/share/pal_gazebo_worlds/models/hospital_map/meshes/gr6.stl
[1.900s] -- Installing: /home/joanne/bookros2_ws/install/pal_gazebo_worlds/share/pal_gazebo_worlds/models/hospital_map/meshes/g7.stl
[1.900s] -- Installing: /home/joanne/bookros2_ws/install/pal_gazebo_worlds/share/pal_gazebo_worlds/models/hospital_map/meshes/wr3.stl
[1.901s] -- Installing: /home/joanne/bookros2_ws/install/pal_gazebo_worlds/share/pal_gazebo_worlds/models/hospital_map/meshes/w4.stl
[1.902s] -- Installing: /home/joanne/bookros2_ws/install/pal_gazebo_worlds/share/pal_gazebo_worlds/models/hospital_map/meshes/gr1.stl
[1.902s] -- Installing: /home/joanne/bookros2_ws/install/pal_gazebo_worlds/share/pal_gazebo_worlds/models/hospital_map/meshes/w7.stl
[1.903s] -- Installing: /home/joanne/bookros2_ws/install/pal_gazebo_worlds/share/pal_gazebo_worlds/models/tv
[1.903s] -- Installing: /home/joanne/bookros2_ws/install/pal_gazebo_worlds/share/pal_gazebo_worlds/models/tv/model.config
[1.904s] -- Installing: /home/joanne/bookros2_ws/install/pal_gazebo_worlds/share/pal_gazebo_worlds/models/tv/meshes
[1.904s] -- Installing: /home/joanne/bookros2_ws/install/pal_gazebo_worlds/share/pal_gazebo_worlds/models/tv/meshes/tv.stl
[1.904s] -- Installing: /home/joanne/bookros2_ws/install/pal_gazebo_worlds/share/pal_gazebo_worlds/models/tv/tv.sdf
[1.904s] -- Installing: /home/joanne/bookros2_ws/install/pal_gazebo_worlds/share/pal_gazebo_worlds/models/aruco_marker_9cm_26
[1.904s] -- Installing: /home/joanne/bookros2_ws/install/pal_gazebo_worlds/share/pal_gazebo_worlds/models/aruco_marker_9cm_26/aruco_marker_9cm.sdf
[1.905s] -- Installing: /home/joanne/bookros2_ws/install/pal_gazebo_worlds/share/pal_gazebo_worlds/models/aruco_marker_9cm_26/model.config
[1.905s] -- Installing: /home/joanne/bookros2_ws/install/pal_gazebo_worlds/share/pal_gazebo_worlds/models/aruco_marker_9cm_26/material
[1.905s] -- Installing: /home/joanne/bookros2_ws/install/pal_gazebo_worlds/share/pal_gazebo_worlds/models/aruco_marker_9cm_26/material/scripts
[1.905s] -- Installing: /home/joanne/bookros2_ws/install/pal_gazebo_worlds/share/pal_gazebo_worlds/models/aruco_marker_9cm_26/material/scripts/aruco_marker_original.material
[1.906s] -- Installing: /home/joanne/bookros2_ws/install/pal_gazebo_worlds/share/pal_gazebo_worlds/models/aruco_marker_9cm_26/material/textures
[1.906s] -- Installing: /home/joanne/bookros2_ws/install/pal_gazebo_worlds/share/pal_gazebo_worlds/models/aruco_marker_9cm_26/material/textures/Aruco_9cm_26.png
[1.906s] -- Installing: /home/joanne/bookros2_ws/install/pal_gazebo_worlds/share/pal_gazebo_worlds/models/box_with_handles
[1.906s] -- Installing: /home/joanne/bookros2_ws/install/pal_gazebo_worlds/share/pal_gazebo_worlds/models/box_with_handles/model.config
[1.907s] -- Installing: /home/joanne/bookros2_ws/install/pal_gazebo_worlds/share/pal_gazebo_worlds/models/box_with_handles/material
[1.907s] -- Installing: /home/joanne/bookros2_ws/install/pal_gazebo_worlds/share/pal_gazebo_worlds/models/box_with_handles/material/scripts
[1.907s] -- Installing: /home/joanne/bookros2_ws/install/pal_gazebo_worlds/share/pal_gazebo_worlds/models/box_with_handles/material/scripts/aruco_marker_original.material
[1.907s] -- Installing: /home/joanne/bookros2_ws/install/pal_gazebo_worlds/share/pal_gazebo_worlds/models/box_with_handles/material/textures
[1.908s] -- Installing: /home/joanne/bookros2_ws/install/pal_gazebo_worlds/share/pal_gazebo_worlds/models/box_with_handles/material/textures/Aruco_original_582.png
[1.908s] -- Installing: /home/joanne/bookros2_ws/install/pal_gazebo_worlds/share/pal_gazebo_worlds/models/box_with_handles/box_with_handles.sdf
[1.908s] -- Installing: /home/joanne/bookros2_ws/install/pal_gazebo_worlds/share/pal_gazebo_worlds/models/pringles
[1.909s] -- Installing: /home/joanne/bookros2_ws/install/pal_gazebo_worlds/share/pal_gazebo_worlds/models/pringles/pringles.sdf
[1.909s] -- Installing: /home/joanne/bookros2_ws/install/pal_gazebo_worlds/share/pal_gazebo_worlds/models/pringles/model.config
[1.909s] -- Installing: /home/joanne/bookros2_ws/install/pal_gazebo_worlds/share/pal_gazebo_worlds/models/pringles/material
[1.909s] -- Installing: /home/joanne/bookros2_ws/install/pal_gazebo_worlds/share/pal_gazebo_worlds/models/pringles/material/scripts
[1.910s] -- Installing: /home/joanne/bookros2_ws/install/pal_gazebo_worlds/share/pal_gazebo_worlds/models/pringles/material/scripts/pringles.material
[1.910s] -- Installing: /home/joanne/bookros2_ws/install/pal_gazebo_worlds/share/pal_gazebo_worlds/models/pringles/material/textures
[1.910s] -- Installing: /home/joanne/bookros2_ws/install/pal_gazebo_worlds/share/pal_gazebo_worlds/models/pringles/material/textures/pringles.jpg
[1.912s] -- Installing: /home/joanne/bookros2_ws/install/pal_gazebo_worlds/share/pal_gazebo_worlds/models/citizen_extras_female_02
[1.912s] -- Installing: /home/joanne/bookros2_ws/install/pal_gazebo_worlds/share/pal_gazebo_worlds/models/citizen_extras_female_02/images
[1.912s] -- Installing: /home/joanne/bookros2_ws/install/pal_gazebo_worlds/share/pal_gazebo_worlds/models/citizen_extras_female_02/images/_01_-_Default1noCulling.JPG
[1.913s] -- Installing: /home/joanne/bookros2_ws/install/pal_gazebo_worlds/share/pal_gazebo_worlds/models/citizen_extras_female_02/images/_02_-_Default1noCulling.JPG
[1.913s] -- Installing: /home/joanne/bookros2_ws/install/pal_gazebo_worlds/share/pal_gazebo_worlds/models/citizen_extras_female_02/images/_03_-_Default1noCulling.JPG
[1.915s] -- Installing: /home/joanne/bookros2_ws/install/pal_gazebo_worlds/share/pal_gazebo_worlds/models/citizen_extras_female_02/model.config
[1.915s] -- Installing: /home/joanne/bookros2_ws/install/pal_gazebo_worlds/share/pal_gazebo_worlds/models/citizen_extras_female_02/model.sdf
[1.915s] -- Installing: /home/joanne/bookros2_ws/install/pal_gazebo_worlds/share/pal_gazebo_worlds/models/citizen_extras_female_02/meshes
[1.915s] -- Installing: /home/joanne/bookros2_ws/install/pal_gazebo_worlds/share/pal_gazebo_worlds/models/citizen_extras_female_02/meshes/mesh.dae
[1.921s] -- Installing: /home/joanne/bookros2_ws/install/pal_gazebo_worlds/share/pal_gazebo_worlds/models/biscuits_pack
[1.921s] -- Installing: /home/joanne/bookros2_ws/install/pal_gazebo_worlds/share/pal_gazebo_worlds/models/biscuits_pack/model.config
[1.925s] -- Installing: /home/joanne/bookros2_ws/install/pal_gazebo_worlds/share/pal_gazebo_worlds/models/biscuits_pack/material
[1.925s] -- Installing: /home/joanne/bookros2_ws/install/pal_gazebo_worlds/share/pal_gazebo_worlds/models/biscuits_pack/material/scripts
[1.925s] -- Installing: /home/joanne/bookros2_ws/install/pal_gazebo_worlds/share/pal_gazebo_worlds/models/biscuits_pack/material/scripts/pringles.material
[1.925s] -- Installing: /home/joanne/bookros2_ws/install/pal_gazebo_worlds/share/pal_gazebo_worlds/models/biscuits_pack/material/textures
[1.925s] -- Installing: /home/joanne/bookros2_ws/install/pal_gazebo_worlds/share/pal_gazebo_worlds/models/biscuits_pack/material/textures/biscuits_pack.jpg
[1.929s] -- Installing: /home/joanne/bookros2_ws/install/pal_gazebo_worlds/share/pal_gazebo_worlds/models/biscuits_pack/biscuits_pack.sdf
[1.929s] -- Installing: /home/joanne/bookros2_ws/install/pal_gazebo_worlds/share/pal_gazebo_worlds/models/wardrobe
[1.930s] -- Installing: /home/joanne/bookros2_ws/install/pal_gazebo_worlds/share/pal_gazebo_worlds/models/wardrobe/model.config
[1.930s] -- Installing: /home/joanne/bookros2_ws/install/pal_gazebo_worlds/share/pal_gazebo_worlds/models/wardrobe/wardrobe.sdf
[1.930s] -- Installing: /home/joanne/bookros2_ws/install/pal_gazebo_worlds/share/pal_gazebo_worlds/models/wardrobe/meshes
[1.931s] -- Installing: /home/joanne/bookros2_ws/install/pal_gazebo_worlds/share/pal_gazebo_worlds/models/wardrobe/meshes/wardrobe.stl
[1.931s] -- Installing: /home/joanne/bookros2_ws/install/pal_gazebo_worlds/share/pal_gazebo_worlds/models/macrolink_table
[1.931s] -- Installing: /home/joanne/bookros2_ws/install/pal_gazebo_worlds/share/pal_gazebo_worlds/models/macrolink_table/model.config
[1.931s] -- Installing: /home/joanne/bookros2_ws/install/pal_gazebo_worlds/share/pal_gazebo_worlds/models/macrolink_table/table.sdf
[1.932s] -- Installing: /home/joanne/bookros2_ws/install/pal_gazebo_worlds/share/pal_gazebo_worlds/models/wall_with_reem_photo
[1.932s] -- Installing: /home/joanne/bookros2_ws/install/pal_gazebo_worlds/share/pal_gazebo_worlds/models/wall_with_reem_photo/model.config
[1.932s] -- Installing: /home/joanne/bookros2_ws/install/pal_gazebo_worlds/share/pal_gazebo_worlds/models/wall_with_reem_photo/material
[1.932s] -- Installing: /home/joanne/bookros2_ws/install/pal_gazebo_worlds/share/pal_gazebo_worlds/models/wall_with_reem_photo/material/scripts
[1.933s] -- Installing: /home/joanne/bookros2_ws/install/pal_gazebo_worlds/share/pal_gazebo_worlds/models/wall_with_reem_photo/material/scripts/wallWithREEMphoto.material
[1.933s] -- Installing: /home/joanne/bookros2_ws/install/pal_gazebo_worlds/share/pal_gazebo_worlds/models/wall_with_reem_photo/material/scripts/ball.material
[1.933s] -- Installing: /home/joanne/bookros2_ws/install/pal_gazebo_worlds/share/pal_gazebo_worlds/models/wall_with_reem_photo/material/textures
[1.933s] -- Installing: /home/joanne/bookros2_ws/install/pal_gazebo_worlds/share/pal_gazebo_worlds/models/wall_with_reem_photo/material/textures/REEM_photo0.jpg
[1.934s] -- Installing: /home/joanne/bookros2_ws/install/pal_gazebo_worlds/share/pal_gazebo_worlds/models/wall_with_reem_photo/model.sdf
[1.936s] -- Installing: /home/joanne/bookros2_ws/install/pal_gazebo_worlds/share/pal_gazebo_worlds/models/aruco_marker_250_6x6_1
[1.936s] -- Installing: /home/joanne/bookros2_ws/install/pal_gazebo_worlds/share/pal_gazebo_worlds/models/aruco_marker_250_6x6_1/model.config
[1.936s] -- Installing: /home/joanne/bookros2_ws/install/pal_gazebo_worlds/share/pal_gazebo_worlds/models/aruco_marker_250_6x6_1/aruco_marker_250_6x6.sdf
[1.938s] -- Installing: /home/joanne/bookros2_ws/install/pal_gazebo_worlds/share/pal_gazebo_worlds/models/aruco_marker_250_6x6_1/material
[1.938s] -- Installing: /home/joanne/bookros2_ws/install/pal_gazebo_worlds/share/pal_gazebo_worlds/models/aruco_marker_250_6x6_1/material/scripts
[1.938s] -- Installing: /home/joanne/bookros2_ws/install/pal_gazebo_worlds/share/pal_gazebo_worlds/models/aruco_marker_250_6x6_1/material/scripts/aruco_marker_250_6x6.material
[1.938s] -- Installing: /home/joanne/bookros2_ws/install/pal_gazebo_worlds/share/pal_gazebo_worlds/models/aruco_marker_250_6x6_1/material/textures
[1.938s] -- Installing: /home/joanne/bookros2_ws/install/pal_gazebo_worlds/share/pal_gazebo_worlds/models/aruco_marker_250_6x6_1/material/textures/Aruco_6x6_250_0.png
[1.939s] -- Installing: /home/joanne/bookros2_ws/install/pal_gazebo_worlds/share/pal_gazebo_worlds/models/aruco_marker_250_6x6_4
[1.939s] -- Installing: /home/joanne/bookros2_ws/install/pal_gazebo_worlds/share/pal_gazebo_worlds/models/aruco_marker_250_6x6_4/model.config
[1.939s] -- Installing: /home/joanne/bookros2_ws/install/pal_gazebo_worlds/share/pal_gazebo_worlds/models/aruco_marker_250_6x6_4/aruco_marker_250_6x6.sdf
[1.950s] -- Installing: /home/joanne/bookros2_ws/install/pal_gazebo_worlds/share/pal_gazebo_worlds/models/aruco_marker_250_6x6_4/material
[1.950s] -- Installing: /home/joanne/bookros2_ws/install/pal_gazebo_worlds/share/pal_gazebo_worlds/models/aruco_marker_250_6x6_4/material/scripts
[1.951s] -- Installing: /home/joanne/bookros2_ws/install/pal_gazebo_worlds/share/pal_gazebo_worlds/models/aruco_marker_250_6x6_4/material/scripts/aruco_marker_250_6x6.material
[1.951s] -- Installing: /home/joanne/bookros2_ws/install/pal_gazebo_worlds/share/pal_gazebo_worlds/models/aruco_marker_250_6x6_4/material/textures
[1.951s] -- Installing: /home/joanne/bookros2_ws/install/pal_gazebo_worlds/share/pal_gazebo_worlds/models/aruco_marker_250_6x6_4/material/textures/Aruco_6x6_250_3.png
[1.951s] -- Installing: /home/joanne/bookros2_ws/install/pal_gazebo_worlds/share/pal_gazebo_worlds/models/macrolink_small_table
[1.951s] -- Installing: /home/joanne/bookros2_ws/install/pal_gazebo_worlds/share/pal_gazebo_worlds/models/macrolink_small_table/model.config
[1.951s] -- Installing: /home/joanne/bookros2_ws/install/pal_gazebo_worlds/share/pal_gazebo_worlds/models/macrolink_small_table/table.sdf
[1.951s] -- Installing: /home/joanne/bookros2_ws/install/pal_gazebo_worlds/share/pal_gazebo_worlds/worlds
[1.951s] -- Installing: /home/joanne/bookros2_ws/install/pal_gazebo_worlds/share/pal_gazebo_worlds/worlds/look_to_point.world
[1.952s] -- Installing: /home/joanne/bookros2_ws/install/pal_gazebo_worlds/share/pal_gazebo_worlds/worlds/pick_place_demo.world
[1.952s] -- Installing: /home/joanne/bookros2_ws/install/pal_gazebo_worlds/share/pal_gazebo_worlds/worlds/dock_and_aruco.world
[1.952s] -- Installing: /home/joanne/bookros2_ws/install/pal_gazebo_worlds/share/pal_gazebo_worlds/worlds/socmcs.world
[1.952s] -- Installing: /home/joanne/bookros2_ws/install/pal_gazebo_worlds/share/pal_gazebo_worlds/worlds/pg_demo.world
[1.952s] -- Installing: /home/joanne/bookros2_ws/install/pal_gazebo_worlds/share/pal_gazebo_worlds/worlds/t_shaped.world
[1.952s] -- Installing: /home/joanne/bookros2_ws/install/pal_gazebo_worlds/share/pal_gazebo_worlds/worlds/reemc.world
[1.952s] -- Installing: /home/joanne/bookros2_ws/install/pal_gazebo_worlds/share/pal_gazebo_worlds/worlds/small_office_door_obstacle.world
[1.953s] -- Installing: /home/joanne/bookros2_ws/install/pal_gazebo_worlds/share/pal_gazebo_worlds/worlds/memmo_simple.world
[1.953s] -- Installing: /home/joanne/bookros2_ws/install/pal_gazebo_worlds/share/pal_gazebo_worlds/worlds/corridor_70cm.world
[1.953s] -- Installing: /home/joanne/bookros2_ws/install/pal_gazebo_worlds/share/pal_gazebo_worlds/worlds/small_factory.world
[1.953s] -- Installing: /home/joanne/bookros2_ws/install/pal_gazebo_worlds/share/pal_gazebo_worlds/worlds/passage_110cm.world
[1.953s] -- Installing: /home/joanne/bookros2_ws/install/pal_gazebo_worlds/share/pal_gazebo_worlds/worlds/passage_70cm.world
[1.953s] -- Installing: /home/joanne/bookros2_ws/install/pal_gazebo_worlds/share/pal_gazebo_worlds/worlds/small_textured_office.world
[1.953s] -- Installing: /home/joanne/bookros2_ws/install/pal_gazebo_worlds/share/pal_gazebo_worlds/worlds/stairs.world
[1.954s] -- Installing: /home/joanne/bookros2_ws/install/pal_gazebo_worlds/share/pal_gazebo_worlds/worlds/pick.world
[1.954s] -- Installing: /home/joanne/bookros2_ws/install/pal_gazebo_worlds/share/pal_gazebo_worlds/worlds/hospital.world
[1.954s] -- Installing: /home/joanne/bookros2_ws/install/pal_gazebo_worlds/share/pal_gazebo_worlds/worlds/corridor_110cm.world
[1.954s] -- Installing: /home/joanne/bookros2_ws/install/pal_gazebo_worlds/share/pal_gazebo_worlds/worlds/corridor_85cm.world
[1.955s] -- Installing: /home/joanne/bookros2_ws/install/pal_gazebo_worlds/share/pal_gazebo_worlds/worlds/pick_place_cabinet.world
[1.955s] -- Installing: /home/joanne/bookros2_ws/install/pal_gazebo_worlds/share/pal_gazebo_worlds/worlds/footstep_obstacle.world
[1.956s] -- Installing: /home/joanne/bookros2_ws/install/pal_gazebo_worlds/share/pal_gazebo_worlds/worlds/aruco.world
[1.957s] -- Installing: /home/joanne/bookros2_ws/install/pal_gazebo_worlds/share/pal_gazebo_worlds/worlds/empty.world
[1.957s] -- Installing: /home/joanne/bookros2_ws/install/pal_gazebo_worlds/share/pal_gazebo_worlds/worlds/docker_chair.world
[1.957s] -- Installing: /home/joanne/bookros2_ws/install/pal_gazebo_worlds/share/pal_gazebo_worlds/worlds/door_obstacle.world
[1.958s] -- Installing: /home/joanne/bookros2_ws/install/pal_gazebo_worlds/share/pal_gazebo_worlds/worlds/empty_room.world
[1.958s] -- Installing: /home/joanne/bookros2_ws/install/pal_gazebo_worlds/share/pal_gazebo_worlds/worlds/calibration_room.world
[1.959s] -- Installing: /home/joanne/bookros2_ws/install/pal_gazebo_worlds/share/pal_gazebo_worlds/worlds/simple_office_with_people.world
[1.960s] -- Installing: /home/joanne/bookros2_ws/install/pal_gazebo_worlds/share/pal_gazebo_worlds/worlds/home.world
[1.962s] -- Installing: /home/joanne/bookros2_ws/install/pal_gazebo_worlds/share/pal_gazebo_worlds/worlds/reemc_indoor.world
[1.962s] -- Installing: /home/joanne/bookros2_ws/install/pal_gazebo_worlds/share/pal_gazebo_worlds/worlds/chairs.world
[1.962s] -- Installing: /home/joanne/bookros2_ws/install/pal_gazebo_worlds/share/pal_gazebo_worlds/worlds/willow_garage.world
[1.963s] -- Installing: /home/joanne/bookros2_ws/install/pal_gazebo_worlds/share/pal_gazebo_worlds/worlds/objects_on_table.world
[1.963s] -- Installing: /home/joanne/bookros2_ws/install/pal_gazebo_worlds/share/pal_gazebo_worlds/worlds/pal_textured_object.world
[1.964s] -- Installing: /home/joanne/bookros2_ws/install/pal_gazebo_worlds/share/pal_gazebo_worlds/worlds/low_sun_empty.world
[1.964s] -- Installing: /home/joanne/bookros2_ws/install/pal_gazebo_worlds/share/pal_gazebo_worlds/worlds/simple_office.world
[1.965s] -- Installing: /home/joanne/bookros2_ws/install/pal_gazebo_worlds/share/pal_gazebo_worlds/worlds/corridor_60cm.world
[1.965s] -- Installing: /home/joanne/bookros2_ws/install/pal_gazebo_worlds/share/pal_gazebo_worlds/worlds/voronoi_graph.world
[1.966s] -- Installing: /home/joanne/bookros2_ws/install/pal_gazebo_worlds/share/pal_gazebo_worlds/worlds/cabinet_grasping.world
[1.967s] -- Installing: /home/joanne/bookros2_ws/install/pal_gazebo_worlds/share/pal_gazebo_worlds/worlds/narrow_passage.world
[1.968s] -- Installing: /home/joanne/bookros2_ws/install/pal_gazebo_worlds/share/pal_gazebo_worlds/worlds/hospital_flat.world
[1.968s] -- Installing: /home/joanne/bookros2_ws/install/pal_gazebo_worlds/share/pal_gazebo_worlds/worlds/tutorial_office.world
[1.969s] -- Installing: /home/joanne/bookros2_ws/install/pal_gazebo_worlds/share/pal_gazebo_worlds/worlds/small_office_inventory.world
[1.970s] -- Installing: /home/joanne/bookros2_ws/install/pal_gazebo_worlds/share/pal_gazebo_worlds/worlds/simple_ramp.world
[1.971s] -- Installing: /home/joanne/bookros2_ws/install/pal_gazebo_worlds/share/pal_gazebo_worlds/worlds/tabletop_cylinder.world
[1.971s] -- Installing: /home/joanne/bookros2_ws/install/pal_gazebo_worlds/share/pal_gazebo_worlds/worlds/world_wall_REEM_photo.world
[1.972s] -- Installing: /home/joanne/bookros2_ws/install/pal_gazebo_worlds/share/pal_gazebo_worlds/worlds/featured.world
[1.972s] -- Installing: /home/joanne/bookros2_ws/install/pal_gazebo_worlds/share/pal_gazebo_worlds/worlds/dock_station.world
[1.972s] -- Installing: /home/joanne/bookros2_ws/install/pal_gazebo_worlds/share/pal_gazebo_worlds/worlds/factory.world
[1.974s] -- Installing: /home/joanne/bookros2_ws/install/pal_gazebo_worlds/share/pal_gazebo_worlds/worlds/stamping_demo.world
[1.975s] -- Installing: /home/joanne/bookros2_ws/install/pal_gazebo_worlds/share/pal_gazebo_worlds/worlds/passage_60cm.world
[1.975s] -- Installing: /home/joanne/bookros2_ws/install/pal_gazebo_worlds/share/pal_gazebo_worlds/worlds/pick_place_close_demo.world
[1.975s] -- Installing: /home/joanne/bookros2_ws/install/pal_gazebo_worlds/share/pal_gazebo_worlds/worlds/small_office.world
[1.977s] -- Installing: /home/joanne/bookros2_ws/install/pal_gazebo_worlds/share/pal_gazebo_worlds/worlds/pal_office.world
[1.979s] -- Installing: /home/joanne/bookros2_ws/install/pal_gazebo_worlds/share/pal_gazebo_worlds/worlds/hit_table.world
[1.979s] -- Installing: /home/joanne/bookros2_ws/install/pal_gazebo_worlds/share/pal_gazebo_worlds/worlds/ball.world
[1.980s] -- Installing: /home/joanne/bookros2_ws/install/pal_gazebo_worlds/share/pal_gazebo_worlds/worlds/tabletop_cube.world
[1.981s] -- Installing: /home/joanne/bookros2_ws/install/pal_gazebo_worlds/share/pal_gazebo_worlds/urdf
[1.981s] -- Installing: /home/joanne/bookros2_ws/install/pal_gazebo_worlds/share/pal_gazebo_worlds/urdf/chessboard
[1.981s] -- Installing: /home/joanne/bookros2_ws/install/pal_gazebo_worlds/share/pal_gazebo_worlds/urdf/chessboard/chessboard_example.urdf.xacro
[1.981s] -- Installing: /home/joanne/bookros2_ws/install/pal_gazebo_worlds/share/pal_gazebo_worlds/urdf/chessboard/chessboard.gazebo.xacro
[1.982s] -- Installing: /home/joanne/bookros2_ws/install/pal_gazebo_worlds/share/pal_gazebo_worlds/urdf/chessboard/chessboard.urdf.xacro
[1.983s] -- Installing: /home/joanne/bookros2_ws/install/pal_gazebo_worlds/share/pal_gazebo_worlds/urdf/simple_box.urdf
[1.983s] -- Installing: /home/joanne/bookros2_ws/install/pal_gazebo_worlds/share/pal_gazebo_worlds/meshes
[1.984s] -- Installing: /home/joanne/bookros2_ws/install/pal_gazebo_worlds/share/pal_gazebo_worlds/meshes/chessboard
[1.984s] -- Installing: /home/joanne/bookros2_ws/install/pal_gazebo_worlds/share/pal_gazebo_worlds/meshes/chessboard/chessboard.dae
[1.984s] -- Installing: /home/joanne/bookros2_ws/install/pal_gazebo_worlds/share/pal_gazebo_worlds/meshes/chessboard/chessboard.png
[1.985s] -- Installing: /home/joanne/bookros2_ws/install/pal_gazebo_worlds/share/ament_index/resource_index/package_run_dependencies/pal_gazebo_worlds
[1.985s] -- Installing: /home/joanne/bookros2_ws/install/pal_gazebo_worlds/share/ament_index/resource_index/parent_prefix_path/pal_gazebo_worlds
[1.986s] -- Installing: /home/joanne/bookros2_ws/install/pal_gazebo_worlds/share/pal_gazebo_worlds/environment/ament_prefix_path.sh
[1.986s] -- Installing: /home/joanne/bookros2_ws/install/pal_gazebo_worlds/share/pal_gazebo_worlds/environment/ament_prefix_path.dsv
[1.986s] -- Installing: /home/joanne/bookros2_ws/install/pal_gazebo_worlds/share/pal_gazebo_worlds/environment/path.sh
[1.986s] -- Installing: /home/joanne/bookros2_ws/install/pal_gazebo_worlds/share/pal_gazebo_worlds/environment/path.dsv
[1.986s] -- Installing: /home/joanne/bookros2_ws/install/pal_gazebo_worlds/share/pal_gazebo_worlds/local_setup.bash
[1.987s] -- Installing: /home/joanne/bookros2_ws/install/pal_gazebo_worlds/share/pal_gazebo_worlds/local_setup.sh
[1.987s] -- Installing: /home/joanne/bookros2_ws/install/pal_gazebo_worlds/share/pal_gazebo_worlds/local_setup.zsh
[1.987s] -- Installing: /home/joanne/bookros2_ws/install/pal_gazebo_worlds/share/pal_gazebo_worlds/local_setup.dsv
[1.987s] -- Installing: /home/joanne/bookros2_ws/install/pal_gazebo_worlds/share/pal_gazebo_worlds/package.dsv
[1.988s] -- Installing: /home/joanne/bookros2_ws/install/pal_gazebo_worlds/share/ament_index/resource_index/packages/pal_gazebo_worlds
[1.988s] -- Installing: /home/joanne/bookros2_ws/install/pal_gazebo_worlds/share/pal_gazebo_worlds/cmake/pal_gazebo_worldsConfig.cmake
[1.988s] -- Installing: /home/joanne/bookros2_ws/install/pal_gazebo_worlds/share/pal_gazebo_worlds/cmake/pal_gazebo_worldsConfig-version.cmake
[1.988s] -- Installing: /home/joanne/bookros2_ws/install/pal_gazebo_worlds/share/pal_gazebo_worlds/package.xml
[2.004s] Invoked command in '/home/joanne/bookros2_ws/build/pal_gazebo_worlds' returned '0': CMAKE_PREFIX_PATH=/opt/ros/foxy /usr/bin/cmake --install /home/joanne/bookros2_ws/build/pal_gazebo_worlds
