-- The C compiler identification is GNU 9.4.0
-- The CXX compiler identification is GNU 9.4.0
-- Check for working C compiler: /usr/bin/cc
-- Check for working C compiler: /usr/bin/cc -- works
-- Detecting C compiler ABI info
-- Detecting C compiler ABI info - done
-- Detecting C compile features
-- Detecting C compile features - done
-- Check for working CXX compiler: /usr/bin/c++
-- Check for working CXX compiler: /usr/bin/c++ -- works
-- Detecting CXX compiler ABI info
-- Detecting CXX compiler ABI info - done
-- Detecting CXX compile features
-- Detecting CXX compile features - done
-- Found ament_cmake_auto: 0.9.12 (/opt/ros/foxy/share/ament_cmake_auto/cmake)
-- Found PythonInterp: /usr/bin/python3 (found suitable version "3.8.10", minimum required is "3") 
-- Using PYTHON_EXECUTABLE: /usr/bin/python3
-- Found ament_lint_auto: 0.9.8 (/opt/ros/foxy/share/ament_lint_auto/cmake)
-- Added test 'copyright' to check source files copyright and LICENSE
-- Added test 'flake8' to check Python code syntax and style conventions
-- Added test 'lint_cmake' to check CMake code style
-- Added test 'pep257' to check Python code against some of the style conventions in PEP 257
-- Added test 'xmllint' to check XML markup files
-- Configuring done
-- Generating done
-- Build files have been written to: /home/joanne/bookros2_ws/build/tiago_bringup
-- Install configuration: ""
-- Installing: /home/joanne/bookros2_ws/install/tiago_bringup/share/tiago_bringup/config
-- Installing: /home/joanne/bookros2_ws/install/tiago_bringup/share/tiago_bringup/config/tiago_hardware
-- Installing: /home/joanne/bookros2_ws/install/tiago_bringup/share/tiago_bringup/config/tiago_hardware/tiago_hardware_pal-hey5.yaml
-- Installing: /home/joanne/bookros2_ws/install/tiago_bringup/share/tiago_bringup/config/tiago_hardware/tiago_hardware_custom_schunk-ft.yaml
-- Installing: /home/joanne/bookros2_ws/install/tiago_bringup/share/tiago_bringup/config/tiago_hardware/tiago_hardware_schunk-wsg_schunk-ft.yaml
-- Installing: /home/joanne/bookros2_ws/install/tiago_bringup/share/tiago_bringup/config/tiago_hardware/tiago_hardware_schunk-wsg.yaml
-- Installing: /home/joanne/bookros2_ws/install/tiago_bringup/share/tiago_bringup/config/tiago_hardware/tiago_hardware_no-arm.yaml
-- Installing: /home/joanne/bookros2_ws/install/tiago_bringup/share/tiago_bringup/config/tiago_hardware/tiago_hardware_pal-gripper.yaml
-- Installing: /home/joanne/bookros2_ws/install/tiago_bringup/share/tiago_bringup/config/tiago_hardware/tiago_hardware_pal-hey5_schunk-ft.yaml
-- Installing: /home/joanne/bookros2_ws/install/tiago_bringup/share/tiago_bringup/config/tiago_hardware/tiago_hardware.yaml.em
-- Installing: /home/joanne/bookros2_ws/install/tiago_bringup/share/tiago_bringup/config/tiago_hardware/tiago_hardware_custom.yaml
-- Installing: /home/joanne/bookros2_ws/install/tiago_bringup/share/tiago_bringup/config/tiago_hardware/tiago_hardware_pal-gripper_schunk-ft.yaml
-- Installing: /home/joanne/bookros2_ws/install/tiago_bringup/share/tiago_bringup/config/dynamic_footprint_arm_schunk-wsg.yaml
-- Installing: /home/joanne/bookros2_ws/install/tiago_bringup/share/tiago_bringup/config/dynamic_footprint_arm_pal-gripper.yaml
-- Installing: /home/joanne/bookros2_ws/install/tiago_bringup/share/tiago_bringup/config/motions
-- Installing: /home/joanne/bookros2_ws/install/tiago_bringup/share/tiago_bringup/config/motions/tiago_motions_right-arm_pal-hey5_no-ft-sensor.yaml
-- Installing: /home/joanne/bookros2_ws/install/tiago_bringup/share/tiago_bringup/config/motions/tiago_motions_right-arm_pal-gripper_schunk-ft.yaml
-- Installing: /home/joanne/bookros2_ws/install/tiago_bringup/share/tiago_bringup/config/motions/tiago_motions_right-arm_pal-hey5_schunk-ft.yaml
-- Installing: /home/joanne/bookros2_ws/install/tiago_bringup/share/tiago_bringup/config/motions/tiago_motions.yaml.em
-- Installing: /home/joanne/bookros2_ws/install/tiago_bringup/share/tiago_bringup/config/motions/tiago_motions_right-arm_custom_schunk-ft.yaml
-- Installing: /home/joanne/bookros2_ws/install/tiago_bringup/share/tiago_bringup/config/motions/tiago_motions_right-arm_schunk-wsg_schunk-ft.yaml
-- Installing: /home/joanne/bookros2_ws/install/tiago_bringup/share/tiago_bringup/config/motions/tiago_motions_right-arm_schunk-wsg_no-ft-sensor.yaml
-- Installing: /home/joanne/bookros2_ws/install/tiago_bringup/share/tiago_bringup/config/motions/tiago_motions_right-arm_pal-gripper_no-ft-sensor.yaml
-- Installing: /home/joanne/bookros2_ws/install/tiago_bringup/share/tiago_bringup/config/motions/tiago_motions_right-arm_custom_no-ft-sensor.yaml
-- Installing: /home/joanne/bookros2_ws/install/tiago_bringup/share/tiago_bringup/config/motions/tiago_motions_no-arm_no-end-effector_no-ft-sensor.yaml
-- Installing: /home/joanne/bookros2_ws/install/tiago_bringup/share/tiago_bringup/config/dynamixel_head.yaml
-- Installing: /home/joanne/bookros2_ws/install/tiago_bringup/share/tiago_bringup/config/sensor_to_cloud
-- Installing: /home/joanne/bookros2_ws/install/tiago_bringup/share/tiago_bringup/config/sensor_to_cloud/sonar_to_cloud.yaml
-- Installing: /home/joanne/bookros2_ws/install/tiago_bringup/share/tiago_bringup/config/approach_planner
-- Installing: /home/joanne/bookros2_ws/install/tiago_bringup/share/tiago_bringup/config/approach_planner/approach_planner_no-arm_no-end-effector_no-ft-sensor.yaml
-- Installing: /home/joanne/bookros2_ws/install/tiago_bringup/share/tiago_bringup/config/approach_planner/approach_planner_right-arm_pal-gripper_schunk-ft.yaml
-- Installing: /home/joanne/bookros2_ws/install/tiago_bringup/share/tiago_bringup/config/approach_planner/approach_planner_right-arm_pal-gripper_no-ft-sensor.yaml
-- Installing: /home/joanne/bookros2_ws/install/tiago_bringup/share/tiago_bringup/config/approach_planner/approach_planner.yaml.em
-- Installing: /home/joanne/bookros2_ws/install/tiago_bringup/share/tiago_bringup/config/approach_planner/approach_planner_right-arm_custom_no-ft-sensor.yaml
-- Installing: /home/joanne/bookros2_ws/install/tiago_bringup/share/tiago_bringup/config/approach_planner/approach_planner_right-arm_schunk-wsg_no-ft-sensor.yaml
-- Installing: /home/joanne/bookros2_ws/install/tiago_bringup/share/tiago_bringup/config/approach_planner/approach_planner_right-arm_schunk-wsg_schunk-ft.yaml
-- Installing: /home/joanne/bookros2_ws/install/tiago_bringup/share/tiago_bringup/config/approach_planner/approach_planner_right-arm_pal-hey5_schunk-ft.yaml
-- Installing: /home/joanne/bookros2_ws/install/tiago_bringup/share/tiago_bringup/config/approach_planner/approach_planner_right-arm_pal-hey5_no-ft-sensor.yaml
-- Installing: /home/joanne/bookros2_ws/install/tiago_bringup/share/tiago_bringup/config/approach_planner/approach_planner_right-arm_custom_schunk-ft.yaml
-- Installing: /home/joanne/bookros2_ws/install/tiago_bringup/share/tiago_bringup/config/tiago_soften_values.yaml
-- Installing: /home/joanne/bookros2_ws/install/tiago_bringup/share/tiago_bringup/config/joy_teleop
-- Installing: /home/joanne/bookros2_ws/install/tiago_bringup/share/tiago_bringup/config/joy_teleop/joy_teleop_no-arm.yaml
-- Installing: /home/joanne/bookros2_ws/install/tiago_bringup/share/tiago_bringup/config/joy_teleop/joy_teleop_pal-hey5_schunk-ft.yaml
-- Installing: /home/joanne/bookros2_ws/install/tiago_bringup/share/tiago_bringup/config/joy_teleop/joy_teleop_schunk-wsg.yaml
-- Installing: /home/joanne/bookros2_ws/install/tiago_bringup/share/tiago_bringup/config/joy_teleop/joy_teleop_schunk-wsg_schunk-ft.yaml
-- Installing: /home/joanne/bookros2_ws/install/tiago_bringup/share/tiago_bringup/config/joy_teleop/joy_teleop_pal-gripper_schunk-ft.yaml
-- Installing: /home/joanne/bookros2_ws/install/tiago_bringup/share/tiago_bringup/config/joy_teleop/joy_teleop_custom_schunk-ft.yaml
-- Installing: /home/joanne/bookros2_ws/install/tiago_bringup/share/tiago_bringup/config/joy_teleop/joy_teleop_pal-hey5.yaml
-- Installing: /home/joanne/bookros2_ws/install/tiago_bringup/share/tiago_bringup/config/joy_teleop/joy_teleop_custom.yaml
-- Installing: /home/joanne/bookros2_ws/install/tiago_bringup/share/tiago_bringup/config/joy_teleop/joy_teleop.yaml.em
-- Installing: /home/joanne/bookros2_ws/install/tiago_bringup/share/tiago_bringup/config/joy_teleop/joy_teleop_pal-gripper.yaml
-- Installing: /home/joanne/bookros2_ws/install/tiago_bringup/share/tiago_bringup/config/dynamic_footprint_no-arm.yaml
-- Installing: /home/joanne/bookros2_ws/install/tiago_bringup/share/tiago_bringup/config/tiago.rviz
-- Installing: /home/joanne/bookros2_ws/install/tiago_bringup/share/tiago_bringup/config/dynamic_footprint_arm_pal-hey5.yaml
-- Installing: /home/joanne/bookros2_ws/install/tiago_bringup/share/tiago_bringup/config/twist_mux
-- Installing: /home/joanne/bookros2_ws/install/tiago_bringup/share/tiago_bringup/config/twist_mux/joystick.yaml
-- Installing: /home/joanne/bookros2_ws/install/tiago_bringup/share/tiago_bringup/config/twist_mux/twist_mux_topics.yaml
-- Installing: /home/joanne/bookros2_ws/install/tiago_bringup/share/tiago_bringup/config/twist_mux/twist_mux_locks.yaml
-- Installing: /home/joanne/bookros2_ws/install/tiago_bringup/share/tiago_bringup/config/dynamic_footprint_arm.yaml
-- Installing: /home/joanne/bookros2_ws/install/tiago_bringup/share/tiago_bringup/launch
-- Installing: /home/joanne/bookros2_ws/install/tiago_bringup/share/tiago_bringup/launch/marker_detector.launch
-- Installing: /home/joanne/bookros2_ws/install/tiago_bringup/share/tiago_bringup/launch/look_to_link.launch
-- Installing: /home/joanne/bookros2_ws/install/tiago_bringup/share/tiago_bringup/launch/twist_mux.launch.py
-- Installing: /home/joanne/bookros2_ws/install/tiago_bringup/share/tiago_bringup/launch/dynamixel_node.launch
-- Installing: /home/joanne/bookros2_ws/install/tiago_bringup/share/tiago_bringup/launch/twist_mux.launch
-- Installing: /home/joanne/bookros2_ws/install/tiago_bringup/share/tiago_bringup/launch/tiago_bringup.launch
-- Installing: /home/joanne/bookros2_ws/install/tiago_bringup/share/tiago_bringup/launch/head_xtion.launch
-- Installing: /home/joanne/bookros2_ws/install/tiago_bringup/share/tiago_bringup/launch/play_motion.launch
-- Installing: /home/joanne/bookros2_ws/install/tiago_bringup/share/tiago_bringup/launch/play_motion.launch.py
-- Installing: /home/joanne/bookros2_ws/install/tiago_bringup/share/tiago_bringup/launch/joystick_teleop.launch
-- Installing: /home/joanne/bookros2_ws/install/tiago_bringup/share/tiago_bringup/launch/joystick_teleop.launch.py
-- Installing: /home/joanne/bookros2_ws/install/tiago_bringup/share/tiago_bringup/launch/tiago_bringup.launch.py
-- Installing: /home/joanne/bookros2_ws/install/tiago_bringup/share/tiago_bringup/launch/soften_on_effort.launch
-- Installing: /home/joanne/bookros2_ws/install/tiago_bringup/share/tiago_bringup/launch/tiago.launch
-- Installing: /home/joanne/bookros2_ws/install/tiago_bringup/share/tiago_bringup/launch/tiago_camera.launch
-- Installing: /home/joanne/bookros2_ws/install/tiago_bringup/share/tiago_bringup/launch/dynamic_footprint.launch
-- Installing: /home/joanne/bookros2_ws/install/tiago_bringup/share/tiago_bringup/launch/end_effector_camera.launch
-- Installing: /home/joanne/bookros2_ws/install/tiago_bringup/share/ament_index/resource_index/package_run_dependencies/tiago_bringup
-- Installing: /home/joanne/bookros2_ws/install/tiago_bringup/share/ament_index/resource_index/parent_prefix_path/tiago_bringup
-- Installing: /home/joanne/bookros2_ws/install/tiago_bringup/share/tiago_bringup/environment/ament_prefix_path.sh
-- Installing: /home/joanne/bookros2_ws/install/tiago_bringup/share/tiago_bringup/environment/ament_prefix_path.dsv
-- Installing: /home/joanne/bookros2_ws/install/tiago_bringup/share/tiago_bringup/environment/path.sh
-- Installing: /home/joanne/bookros2_ws/install/tiago_bringup/share/tiago_bringup/environment/path.dsv
-- Installing: /home/joanne/bookros2_ws/install/tiago_bringup/share/tiago_bringup/local_setup.bash
-- Installing: /home/joanne/bookros2_ws/install/tiago_bringup/share/tiago_bringup/local_setup.sh
-- Installing: /home/joanne/bookros2_ws/install/tiago_bringup/share/tiago_bringup/local_setup.zsh
-- Installing: /home/joanne/bookros2_ws/install/tiago_bringup/share/tiago_bringup/local_setup.dsv
-- Installing: /home/joanne/bookros2_ws/install/tiago_bringup/share/tiago_bringup/package.dsv
-- Installing: /home/joanne/bookros2_ws/install/tiago_bringup/share/ament_index/resource_index/packages/tiago_bringup
-- Installing: /home/joanne/bookros2_ws/install/tiago_bringup/share/tiago_bringup/cmake/tiago_bringupConfig.cmake
-- Installing: /home/joanne/bookros2_ws/install/tiago_bringup/share/tiago_bringup/cmake/tiago_bringupConfig-version.cmake
-- Installing: /home/joanne/bookros2_ws/install/tiago_bringup/share/tiago_bringup/package.xml
