[0.099s] Invoking command in '/home/joanne/bookros2_ws/build/br2_tracking_msgs': CMAKE_PREFIX_PATH=/opt/ros/foxy /usr/bin/cmake /home/joanne/bookros2_ws/src/book_ros2/br2_tracking_msgs -DCMAKE_INSTALL_PREFIX=/home/joanne/bookros2_ws/install/br2_tracking_msgs
[0.224s] -- The C compiler identification is GNU 9.4.0
[0.301s] -- The CXX compiler identification is GNU 9.4.0
[0.312s] -- Check for working C compiler: /usr/bin/cc
[0.442s] -- Check for working C compiler: /usr/bin/cc -- works
[0.444s] -- Detecting C compiler ABI info
[0.544s] -- Detecting C compiler ABI info - done
[0.569s] -- Detecting C compile features
[0.570s] -- Detecting C compile features - done
[0.577s] -- Check for working CXX compiler: /usr/bin/c++
[0.709s] -- Check for working CXX compiler: /usr/bin/c++ -- works
[0.709s] -- Detecting CXX compiler ABI info
[0.892s] -- Detecting CXX compiler ABI info - done
[0.922s] -- Detecting CXX compile features
[0.923s] -- Detecting CXX compile features - done
[0.925s] -- Found ament_cmake: 0.9.12 (/opt/ros/foxy/share/ament_cmake/cmake)
[0.963s] -- Found PythonInterp: /usr/bin/python3 (found suitable version "3.8.10", minimum required is "3") 
[0.963s] -- Using PYTHON_EXECUTABLE: /usr/bin/python3
[1.327s] -- Found builtin_interfaces: 1.0.0 (/opt/ros/foxy/share/builtin_interfaces/cmake)
[1.377s] -- Using all available rosidl_typesupport_c: rosidl_typesupport_fastrtps_c;rosidl_typesupport_introspection_c
[1.388s] -- Found rosidl_adapter: 1.3.1 (/opt/ros/foxy/share/rosidl_adapter/cmake)
[1.503s] -- Found OpenSSL: /usr/lib/x86_64-linux-gnu/libcrypto.so (found version "1.1.1f")  
[1.539s] -- Found FastRTPS: /opt/ros/foxy/include  
[1.652s] -- Using all available rosidl_typesupport_cpp: rosidl_typesupport_fastrtps_cpp;rosidl_typesupport_introspection_cpp
[1.703s] -- Found rosidl_default_generators: 1.0.1 (/opt/ros/foxy/share/rosidl_default_generators/cmake)
[1.759s] -- Found PythonInterp: /usr/bin/python3 (found version "3.8.10") 
[1.961s] -- Found ament_cmake_ros: 0.9.2 (/opt/ros/foxy/share/ament_cmake_ros/cmake)
[2.159s] -- Using all available rosidl_typesupport_c: rosidl_typesupport_fastrtps_c;rosidl_typesupport_introspection_c
[2.180s] -- Using all available rosidl_typesupport_cpp: rosidl_typesupport_fastrtps_cpp;rosidl_typesupport_introspection_cpp
[2.264s] -- Found PythonInterp: /usr/bin/python3 (found suitable version "3.8.10", minimum required is "3.5") 
[2.266s] -- Found python_cmake_module: 0.8.1 (/opt/ros/foxy/share/python_cmake_module/cmake)
[2.312s] -- Found PythonLibs: /usr/lib/x86_64-linux-gnu/libpython3.8.so (found suitable version "3.8.10", minimum required is "3.5") 
[2.312s] -- Using PYTHON_EXECUTABLE: /usr/bin/python3
[2.313s] -- Using PYTHON_INCLUDE_DIRS: /usr/include/python3.8
[2.313s] -- Using PYTHON_LIBRARIES: /usr/lib/x86_64-linux-gnu/libpython3.8.so
[2.345s] -- Found PythonExtra: .so  
[2.441s] -- Configuring done
[2.502s] -- Generating done
[2.529s] -- Build files have been written to: /home/joanne/bookros2_ws/build/br2_tracking_msgs
[2.547s] Invoked command in '/home/joanne/bookros2_ws/build/br2_tracking_msgs' returned '0': CMAKE_PREFIX_PATH=/opt/ros/foxy /usr/bin/cmake /home/joanne/bookros2_ws/src/book_ros2/br2_tracking_msgs -DCMAKE_INSTALL_PREFIX=/home/joanne/bookros2_ws/install/br2_tracking_msgs
[2.548s] Invoking command in '/home/joanne/bookros2_ws/build/br2_tracking_msgs': CMAKE_PREFIX_PATH=/opt/ros/foxy /usr/bin/cmake --build /home/joanne/bookros2_ws/build/br2_tracking_msgs -- -j8 -l8
[2.688s] [35m[1mScanning dependencies of target br2_tracking_msgs__cpp[0m
[2.689s] [  3%] [34m[1mGenerating C code for ROS interfaces[0m
[2.751s] [  6%] [34m[1mGenerating C++ code for ROS interfaces[0m
[3.477s] [35m[1mScanning dependencies of target br2_tracking_msgs__rosidl_generator_c[0m
[3.495s] [  6%] Built target br2_tracking_msgs__cpp
[3.538s] [  9%] [34m[1mGenerating C++ type support for eProsima Fast-RTPS[0m
[3.552s] [ 12%] [32mBuilding C object CMakeFiles/br2_tracking_msgs__rosidl_generator_c.dir/rosidl_generator_c/br2_tracking_msgs/msg/detail/pan_tilt_command__functions.c.o[0m
[3.557s] [ 16%] [34m[1mGenerating C++ type support dispatch for ROS interfaces[0m
[3.563s] [ 19%] [34m[1mGenerating C++ introspection for ROS interfaces[0m
[3.986s] [ 22%] [32m[1mLinking C shared library libbr2_tracking_msgs__rosidl_generator_c.so[0m
[4.270s] [ 22%] Built target br2_tracking_msgs__rosidl_generator_c
[4.370s] [ 25%] [34m[1mGenerating C introspection for ROS interfaces[0m
[4.383s] [ 29%] [34m[1mGenerating C type support dispatch for ROS interfaces[0m
[4.964s] [35m[1mScanning dependencies of target br2_tracking_msgs__rosidl_typesupport_introspection_cpp[0m
[5.117s] [ 32%] [32mBuilding CXX object CMakeFiles/br2_tracking_msgs__rosidl_typesupport_introspection_cpp.dir/rosidl_typesupport_introspection_cpp/br2_tracking_msgs/msg/detail/pan_tilt_command__type_support.cpp.o[0m
[5.289s] [35m[1mScanning dependencies of target br2_tracking_msgs__rosidl_typesupport_fastrtps_cpp[0m
[5.445s] [ 35%] [32mBuilding CXX object CMakeFiles/br2_tracking_msgs__rosidl_typesupport_fastrtps_cpp.dir/rosidl_typesupport_fastrtps_cpp/br2_tracking_msgs/msg/detail/dds_fastrtps/pan_tilt_command__type_support.cpp.o[0m
[5.465s] [35m[1mScanning dependencies of target br2_tracking_msgs__rosidl_typesupport_cpp[0m
[5.573s] [ 38%] [32mBuilding CXX object CMakeFiles/br2_tracking_msgs__rosidl_typesupport_cpp.dir/rosidl_typesupport_cpp/br2_tracking_msgs/msg/pan_tilt_command__type_support.cpp.o[0m
[5.664s] [35m[1mScanning dependencies of target br2_tracking_msgs__rosidl_typesupport_c[0m
[5.816s] [ 41%] [32mBuilding CXX object CMakeFiles/br2_tracking_msgs__rosidl_typesupport_c.dir/rosidl_typesupport_c/br2_tracking_msgs/msg/pan_tilt_command__type_support.cpp.o[0m
[6.185s] [ 45%] [32m[1mLinking CXX shared library libbr2_tracking_msgs__rosidl_typesupport_c.so[0m
[6.198s] [ 48%] [32m[1mLinking CXX shared library libbr2_tracking_msgs__rosidl_typesupport_introspection_cpp.so[0m
[6.325s] [ 48%] Built target br2_tracking_msgs__rosidl_typesupport_c
[6.391s] [35m[1mScanning dependencies of target br2_tracking_msgs__rosidl_typesupport_introspection_c[0m
[6.470s] [ 51%] [32mBuilding C object CMakeFiles/br2_tracking_msgs__rosidl_typesupport_introspection_c.dir/rosidl_typesupport_introspection_c/br2_tracking_msgs/msg/detail/pan_tilt_command__type_support.c.o[0m
[6.536s] [ 51%] Built target br2_tracking_msgs__rosidl_typesupport_introspection_cpp
[6.841s] [ 54%] [32m[1mLinking C shared library libbr2_tracking_msgs__rosidl_typesupport_introspection_c.so[0m
[7.141s] [ 54%] Built target br2_tracking_msgs__rosidl_typesupport_introspection_c
[8.869s] [ 58%] [32m[1mLinking CXX shared library libbr2_tracking_msgs__rosidl_typesupport_cpp.so[0m
[9.079s] [ 58%] Built target br2_tracking_msgs__rosidl_typesupport_cpp
[9.488s] [ 61%] [32m[1mLinking CXX shared library libbr2_tracking_msgs__rosidl_typesupport_fastrtps_cpp.so[0m
[10.709s] [ 61%] Built target br2_tracking_msgs__rosidl_typesupport_fastrtps_cpp
[10.852s] [ 64%] [34m[1mGenerating C type support for eProsima Fast-RTPS[0m
[12.958s] [35m[1mScanning dependencies of target br2_tracking_msgs__rosidl_typesupport_fastrtps_c[0m
[13.023s] [ 67%] [32mBuilding CXX object CMakeFiles/br2_tracking_msgs__rosidl_typesupport_fastrtps_c.dir/rosidl_typesupport_fastrtps_c/br2_tracking_msgs/msg/detail/pan_tilt_command__type_support_c.cpp.o[0m
[16.846s] [ 70%] [32m[1mLinking CXX shared library libbr2_tracking_msgs__rosidl_typesupport_fastrtps_c.so[0m
[17.767s] [ 70%] Built target br2_tracking_msgs__rosidl_typesupport_fastrtps_c
[17.921s] [35m[1mScanning dependencies of target br2_tracking_msgs[0m
[18.139s] [ 70%] Built target br2_tracking_msgs
[18.338s] [35m[1mScanning dependencies of target br2_tracking_msgs__py[0m
[18.460s] [ 74%] [34m[1mGenerating Python code for ROS interfaces[0m
[22.729s] [ 74%] Built target br2_tracking_msgs__py
[22.756s] [35m[1mScanning dependencies of target br2_tracking_msgs__python[0m
[23.951s] [ 77%] [32mBuilding C object CMakeFiles/br2_tracking_msgs__python.dir/rosidl_generator_py/br2_tracking_msgs/msg/_pan_tilt_command_s.c.o[0m
[25.047s] [ 80%] [32m[1mLinking C shared library rosidl_generator_py/br2_tracking_msgs/libbr2_tracking_msgs__python.so[0m
[26.201s] [ 80%] Built target br2_tracking_msgs__python
[26.399s] [35m[1mScanning dependencies of target br2_tracking_msgs__rosidl_typesupport_c__pyext[0m
[26.774s] [ 83%] [32mBuilding C object CMakeFiles/br2_tracking_msgs__rosidl_typesupport_c__pyext.dir/rosidl_generator_py/br2_tracking_msgs/_br2_tracking_msgs_s.ep.rosidl_typesupport_c.c.o[0m
[27.184s] [ 87%] [32m[1mLinking C shared library rosidl_generator_py/br2_tracking_msgs/br2_tracking_msgs_s__rosidl_typesupport_c.cpython-38-x86_64-linux-gnu.so[0m
[27.469s] [ 87%] Built target br2_tracking_msgs__rosidl_typesupport_c__pyext
[27.574s] [35m[1mScanning dependencies of target br2_tracking_msgs__rosidl_typesupport_introspection_c__pyext[0m
[27.700s] [ 90%] [32mBuilding C object CMakeFiles/br2_tracking_msgs__rosidl_typesupport_introspection_c__pyext.dir/rosidl_generator_py/br2_tracking_msgs/_br2_tracking_msgs_s.ep.rosidl_typesupport_introspection_c.c.o[0m
[28.121s] [ 93%] [32m[1mLinking C shared library rosidl_generator_py/br2_tracking_msgs/br2_tracking_msgs_s__rosidl_typesupport_introspection_c.cpython-38-x86_64-linux-gnu.so[0m
[28.341s] [ 93%] Built target br2_tracking_msgs__rosidl_typesupport_introspection_c__pyext
[28.450s] [35m[1mScanning dependencies of target br2_tracking_msgs__rosidl_typesupport_fastrtps_c__pyext[0m
[28.589s] [ 96%] [32mBuilding C object CMakeFiles/br2_tracking_msgs__rosidl_typesupport_fastrtps_c__pyext.dir/rosidl_generator_py/br2_tracking_msgs/_br2_tracking_msgs_s.ep.rosidl_typesupport_fastrtps_c.c.o[0m
[29.197s] [100%] [32m[1mLinking CXX shared library rosidl_generator_py/br2_tracking_msgs/br2_tracking_msgs_s__rosidl_typesupport_fastrtps_c.cpython-38-x86_64-linux-gnu.so[0m
[29.576s] [100%] Built target br2_tracking_msgs__rosidl_typesupport_fastrtps_c__pyext
[29.640s] Invoked command in '/home/joanne/bookros2_ws/build/br2_tracking_msgs' returned '0': CMAKE_PREFIX_PATH=/opt/ros/foxy /usr/bin/cmake --build /home/joanne/bookros2_ws/build/br2_tracking_msgs -- -j8 -l8
[29.648s] Invoking command in '/home/joanne/bookros2_ws/build/br2_tracking_msgs': CMAKE_PREFIX_PATH=/opt/ros/foxy /usr/bin/cmake --install /home/joanne/bookros2_ws/build/br2_tracking_msgs
[36.641s] -- Install configuration: ""
[36.641s] -- Installing: /home/joanne/bookros2_ws/install/br2_tracking_msgs/share/ament_index/resource_index/rosidl_interfaces/br2_tracking_msgs
[36.642s] -- Installing: /home/joanne/bookros2_ws/install/br2_tracking_msgs/include/br2_tracking_msgs
[36.642s] -- Installing: /home/joanne/bookros2_ws/install/br2_tracking_msgs/include/br2_tracking_msgs/msg
[36.642s] -- Installing: /home/joanne/bookros2_ws/install/br2_tracking_msgs/include/br2_tracking_msgs/msg/detail
[36.642s] -- Installing: /home/joanne/bookros2_ws/install/br2_tracking_msgs/include/br2_tracking_msgs/msg/detail/pan_tilt_command__type_support.h
[36.642s] -- Installing: /home/joanne/bookros2_ws/install/br2_tracking_msgs/include/br2_tracking_msgs/msg/detail/pan_tilt_command__struct.h
[36.642s] -- Installing: /home/joanne/bookros2_ws/install/br2_tracking_msgs/include/br2_tracking_msgs/msg/detail/pan_tilt_command__functions.c
[36.643s] -- Installing: /home/joanne/bookros2_ws/install/br2_tracking_msgs/include/br2_tracking_msgs/msg/detail/pan_tilt_command__functions.h
[36.643s] -- Installing: /home/joanne/bookros2_ws/install/br2_tracking_msgs/include/br2_tracking_msgs/msg/pan_tilt_command.h
[36.643s] -- Installing: /home/joanne/bookros2_ws/install/br2_tracking_msgs/include/br2_tracking_msgs/msg/rosidl_generator_c__visibility_control.h
[36.643s] -- Installing: /home/joanne/bookros2_ws/install/br2_tracking_msgs/share/br2_tracking_msgs/environment/library_path.sh
[36.643s] -- Installing: /home/joanne/bookros2_ws/install/br2_tracking_msgs/share/br2_tracking_msgs/environment/library_path.dsv
[36.643s] -- Installing: /home/joanne/bookros2_ws/install/br2_tracking_msgs/lib/libbr2_tracking_msgs__rosidl_generator_c.so
[36.643s] -- Set runtime path of "/home/joanne/bookros2_ws/install/br2_tracking_msgs/lib/libbr2_tracking_msgs__rosidl_generator_c.so" to ""
[36.644s] -- Up-to-date: /home/joanne/bookros2_ws/install/br2_tracking_msgs/include/br2_tracking_msgs
[36.644s] -- Up-to-date: /home/joanne/bookros2_ws/install/br2_tracking_msgs/include/br2_tracking_msgs/msg
[36.644s] -- Installing: /home/joanne/bookros2_ws/install/br2_tracking_msgs/include/br2_tracking_msgs/msg/rosidl_typesupport_fastrtps_c__visibility_control.h
[36.644s] -- Up-to-date: /home/joanne/bookros2_ws/install/br2_tracking_msgs/include/br2_tracking_msgs/msg/detail
[36.644s] -- Installing: /home/joanne/bookros2_ws/install/br2_tracking_msgs/include/br2_tracking_msgs/msg/detail/pan_tilt_command__rosidl_typesupport_fastrtps_c.h
[36.644s] -- Installing: /home/joanne/bookros2_ws/install/br2_tracking_msgs/lib/libbr2_tracking_msgs__rosidl_typesupport_fastrtps_c.so
[36.645s] -- Set runtime path of "/home/joanne/bookros2_ws/install/br2_tracking_msgs/lib/libbr2_tracking_msgs__rosidl_typesupport_fastrtps_c.so" to ""
[36.645s] -- Up-to-date: /home/joanne/bookros2_ws/install/br2_tracking_msgs/include/br2_tracking_msgs
[36.645s] -- Up-to-date: /home/joanne/bookros2_ws/install/br2_tracking_msgs/include/br2_tracking_msgs/msg
[36.645s] -- Up-to-date: /home/joanne/bookros2_ws/install/br2_tracking_msgs/include/br2_tracking_msgs/msg/detail
[36.646s] -- Installing: /home/joanne/bookros2_ws/install/br2_tracking_msgs/include/br2_tracking_msgs/msg/detail/pan_tilt_command__rosidl_typesupport_fastrtps_cpp.hpp
[36.646s] -- Installing: /home/joanne/bookros2_ws/install/br2_tracking_msgs/include/br2_tracking_msgs/msg/detail/dds_fastrtps
[36.646s] -- Installing: /home/joanne/bookros2_ws/install/br2_tracking_msgs/include/br2_tracking_msgs/msg/rosidl_typesupport_fastrtps_cpp__visibility_control.h
[36.646s] -- Installing: /home/joanne/bookros2_ws/install/br2_tracking_msgs/lib/libbr2_tracking_msgs__rosidl_typesupport_fastrtps_cpp.so
[36.646s] -- Set runtime path of "/home/joanne/bookros2_ws/install/br2_tracking_msgs/lib/libbr2_tracking_msgs__rosidl_typesupport_fastrtps_cpp.so" to ""
[36.646s] -- Up-to-date: /home/joanne/bookros2_ws/install/br2_tracking_msgs/include/br2_tracking_msgs
[36.647s] -- Up-to-date: /home/joanne/bookros2_ws/install/br2_tracking_msgs/include/br2_tracking_msgs/msg
[36.647s] -- Installing: /home/joanne/bookros2_ws/install/br2_tracking_msgs/include/br2_tracking_msgs/msg/rosidl_typesupport_introspection_c__visibility_control.h
[36.647s] -- Up-to-date: /home/joanne/bookros2_ws/install/br2_tracking_msgs/include/br2_tracking_msgs/msg/detail
[36.647s] -- Installing: /home/joanne/bookros2_ws/install/br2_tracking_msgs/include/br2_tracking_msgs/msg/detail/pan_tilt_command__type_support.c
[36.647s] -- Installing: /home/joanne/bookros2_ws/install/br2_tracking_msgs/include/br2_tracking_msgs/msg/detail/pan_tilt_command__rosidl_typesupport_introspection_c.h
[36.647s] -- Installing: /home/joanne/bookros2_ws/install/br2_tracking_msgs/lib/libbr2_tracking_msgs__rosidl_typesupport_introspection_c.so
[36.648s] -- Set runtime path of "/home/joanne/bookros2_ws/install/br2_tracking_msgs/lib/libbr2_tracking_msgs__rosidl_typesupport_introspection_c.so" to ""
[36.648s] -- Installing: /home/joanne/bookros2_ws/install/br2_tracking_msgs/lib/libbr2_tracking_msgs__rosidl_typesupport_c.so
[36.648s] -- Set runtime path of "/home/joanne/bookros2_ws/install/br2_tracking_msgs/lib/libbr2_tracking_msgs__rosidl_typesupport_c.so" to ""
[36.648s] -- Up-to-date: /home/joanne/bookros2_ws/install/br2_tracking_msgs/include/br2_tracking_msgs
[36.648s] -- Up-to-date: /home/joanne/bookros2_ws/install/br2_tracking_msgs/include/br2_tracking_msgs/msg
[36.648s] -- Installing: /home/joanne/bookros2_ws/install/br2_tracking_msgs/include/br2_tracking_msgs/msg/pan_tilt_command.hpp
[36.649s] -- Up-to-date: /home/joanne/bookros2_ws/install/br2_tracking_msgs/include/br2_tracking_msgs/msg/detail
[36.649s] -- Installing: /home/joanne/bookros2_ws/install/br2_tracking_msgs/include/br2_tracking_msgs/msg/detail/pan_tilt_command__traits.hpp
[36.649s] -- Installing: /home/joanne/bookros2_ws/install/br2_tracking_msgs/include/br2_tracking_msgs/msg/detail/pan_tilt_command__type_support.hpp
[36.650s] -- Installing: /home/joanne/bookros2_ws/install/br2_tracking_msgs/include/br2_tracking_msgs/msg/detail/pan_tilt_command__builder.hpp
[36.653s] -- Installing: /home/joanne/bookros2_ws/install/br2_tracking_msgs/include/br2_tracking_msgs/msg/detail/pan_tilt_command__struct.hpp
[36.654s] -- Installing: /home/joanne/bookros2_ws/install/br2_tracking_msgs/include/br2_tracking_msgs/msg/rosidl_generator_cpp__visibility_control.hpp
[36.654s] -- Up-to-date: /home/joanne/bookros2_ws/install/br2_tracking_msgs/include/br2_tracking_msgs
[36.654s] -- Up-to-date: /home/joanne/bookros2_ws/install/br2_tracking_msgs/include/br2_tracking_msgs/msg
[36.654s] -- Up-to-date: /home/joanne/bookros2_ws/install/br2_tracking_msgs/include/br2_tracking_msgs/msg/detail
[36.655s] -- Installing: /home/joanne/bookros2_ws/install/br2_tracking_msgs/include/br2_tracking_msgs/msg/detail/pan_tilt_command__rosidl_typesupport_introspection_cpp.hpp
[36.655s] -- Installing: /home/joanne/bookros2_ws/install/br2_tracking_msgs/include/br2_tracking_msgs/msg/detail/pan_tilt_command__type_support.cpp
[36.655s] -- Installing: /home/joanne/bookros2_ws/install/br2_tracking_msgs/lib/libbr2_tracking_msgs__rosidl_typesupport_introspection_cpp.so
[36.655s] -- Set runtime path of "/home/joanne/bookros2_ws/install/br2_tracking_msgs/lib/libbr2_tracking_msgs__rosidl_typesupport_introspection_cpp.so" to ""
[36.656s] -- Installing: /home/joanne/bookros2_ws/install/br2_tracking_msgs/lib/libbr2_tracking_msgs__rosidl_typesupport_cpp.so
[36.656s] -- Set runtime path of "/home/joanne/bookros2_ws/install/br2_tracking_msgs/lib/libbr2_tracking_msgs__rosidl_typesupport_cpp.so" to ""
[36.656s] -- Installing: /home/joanne/bookros2_ws/install/br2_tracking_msgs/share/br2_tracking_msgs/environment/pythonpath.sh
[36.656s] -- Installing: /home/joanne/bookros2_ws/install/br2_tracking_msgs/share/br2_tracking_msgs/environment/pythonpath.dsv
[36.656s] -- Installing: /home/joanne/bookros2_ws/install/br2_tracking_msgs/lib/python3.8/site-packages/br2_tracking_msgs/__init__.py
[36.656s] Compiling '/home/joanne/bookros2_ws/install/br2_tracking_msgs/lib/python3.8/site-packages/br2_tracking_msgs/__init__.py'...
[36.657s] -- Installing: /home/joanne/bookros2_ws/install/br2_tracking_msgs/lib/python3.8/site-packages/br2_tracking_msgs/msg
[36.657s] -- Installing: /home/joanne/bookros2_ws/install/br2_tracking_msgs/lib/python3.8/site-packages/br2_tracking_msgs/msg/__init__.py
[36.657s] -- Installing: /home/joanne/bookros2_ws/install/br2_tracking_msgs/lib/python3.8/site-packages/br2_tracking_msgs/msg/_pan_tilt_command.py
[36.657s] -- Installing: /home/joanne/bookros2_ws/install/br2_tracking_msgs/lib/python3.8/site-packages/br2_tracking_msgs/msg/_pan_tilt_command_s.c
[36.657s] -- Installing: /home/joanne/bookros2_ws/install/br2_tracking_msgs/lib/python3.8/site-packages/br2_tracking_msgs/br2_tracking_msgs_s__rosidl_typesupport_fastrtps_c.cpython-38-x86_64-linux-gnu.so
[36.657s] -- Set runtime path of "/home/joanne/bookros2_ws/install/br2_tracking_msgs/lib/python3.8/site-packages/br2_tracking_msgs/br2_tracking_msgs_s__rosidl_typesupport_fastrtps_c.cpython-38-x86_64-linux-gnu.so" to ""
[36.658s] -- Installing: /home/joanne/bookros2_ws/install/br2_tracking_msgs/lib/python3.8/site-packages/br2_tracking_msgs/br2_tracking_msgs_s__rosidl_typesupport_introspection_c.cpython-38-x86_64-linux-gnu.so
[36.658s] -- Set runtime path of "/home/joanne/bookros2_ws/install/br2_tracking_msgs/lib/python3.8/site-packages/br2_tracking_msgs/br2_tracking_msgs_s__rosidl_typesupport_introspection_c.cpython-38-x86_64-linux-gnu.so" to ""
[36.658s] -- Installing: /home/joanne/bookros2_ws/install/br2_tracking_msgs/lib/python3.8/site-packages/br2_tracking_msgs/br2_tracking_msgs_s__rosidl_typesupport_c.cpython-38-x86_64-linux-gnu.so
[36.658s] -- Set runtime path of "/home/joanne/bookros2_ws/install/br2_tracking_msgs/lib/python3.8/site-packages/br2_tracking_msgs/br2_tracking_msgs_s__rosidl_typesupport_c.cpython-38-x86_64-linux-gnu.so" to ""
[36.658s] -- Installing: /home/joanne/bookros2_ws/install/br2_tracking_msgs/lib/libbr2_tracking_msgs__python.so
[36.658s] -- Set runtime path of "/home/joanne/bookros2_ws/install/br2_tracking_msgs/lib/libbr2_tracking_msgs__python.so" to ""
[36.659s] -- Installing: /home/joanne/bookros2_ws/install/br2_tracking_msgs/share/br2_tracking_msgs/msg/PanTiltCommand.idl
[36.659s] -- Installing: /home/joanne/bookros2_ws/install/br2_tracking_msgs/share/br2_tracking_msgs/msg/PanTiltCommand.msg
[36.659s] -- Installing: /home/joanne/bookros2_ws/install/br2_tracking_msgs/share/ament_index/resource_index/package_run_dependencies/br2_tracking_msgs
[36.659s] -- Installing: /home/joanne/bookros2_ws/install/br2_tracking_msgs/share/ament_index/resource_index/parent_prefix_path/br2_tracking_msgs
[36.659s] -- Installing: /home/joanne/bookros2_ws/install/br2_tracking_msgs/share/br2_tracking_msgs/environment/ament_prefix_path.sh
[36.659s] -- Installing: /home/joanne/bookros2_ws/install/br2_tracking_msgs/share/br2_tracking_msgs/environment/ament_prefix_path.dsv
[36.660s] -- Installing: /home/joanne/bookros2_ws/install/br2_tracking_msgs/share/br2_tracking_msgs/environment/path.sh
[36.660s] -- Installing: /home/joanne/bookros2_ws/install/br2_tracking_msgs/share/br2_tracking_msgs/environment/path.dsv
[36.660s] -- Installing: /home/joanne/bookros2_ws/install/br2_tracking_msgs/share/br2_tracking_msgs/local_setup.bash
[36.660s] -- Installing: /home/joanne/bookros2_ws/install/br2_tracking_msgs/share/br2_tracking_msgs/local_setup.sh
[36.660s] -- Installing: /home/joanne/bookros2_ws/install/br2_tracking_msgs/share/br2_tracking_msgs/local_setup.zsh
[36.660s] -- Installing: /home/joanne/bookros2_ws/install/br2_tracking_msgs/share/br2_tracking_msgs/local_setup.dsv
[36.660s] -- Installing: /home/joanne/bookros2_ws/install/br2_tracking_msgs/share/br2_tracking_msgs/package.dsv
[36.661s] -- Installing: /home/joanne/bookros2_ws/install/br2_tracking_msgs/share/ament_index/resource_index/packages/br2_tracking_msgs
[36.661s] -- Installing: /home/joanne/bookros2_ws/install/br2_tracking_msgs/share/br2_tracking_msgs/cmake/br2_tracking_msgs__rosidl_generator_cExport.cmake
[36.661s] -- Installing: /home/joanne/bookros2_ws/install/br2_tracking_msgs/share/br2_tracking_msgs/cmake/br2_tracking_msgs__rosidl_generator_cExport-noconfig.cmake
[36.661s] -- Installing: /home/joanne/bookros2_ws/install/br2_tracking_msgs/share/br2_tracking_msgs/cmake/br2_tracking_msgs__rosidl_typesupport_introspection_cExport.cmake
[36.661s] -- Installing: /home/joanne/bookros2_ws/install/br2_tracking_msgs/share/br2_tracking_msgs/cmake/br2_tracking_msgs__rosidl_typesupport_introspection_cExport-noconfig.cmake
[36.661s] -- Installing: /home/joanne/bookros2_ws/install/br2_tracking_msgs/share/br2_tracking_msgs/cmake/br2_tracking_msgs__rosidl_typesupport_cExport.cmake
[36.662s] -- Installing: /home/joanne/bookros2_ws/install/br2_tracking_msgs/share/br2_tracking_msgs/cmake/br2_tracking_msgs__rosidl_typesupport_cExport-noconfig.cmake
[36.662s] -- Installing: /home/joanne/bookros2_ws/install/br2_tracking_msgs/share/br2_tracking_msgs/cmake/br2_tracking_msgs__rosidl_generator_cppExport.cmake
[36.662s] -- Installing: /home/joanne/bookros2_ws/install/br2_tracking_msgs/share/br2_tracking_msgs/cmake/br2_tracking_msgs__rosidl_typesupport_introspection_cppExport.cmake
[36.662s] -- Installing: /home/joanne/bookros2_ws/install/br2_tracking_msgs/share/br2_tracking_msgs/cmake/br2_tracking_msgs__rosidl_typesupport_introspection_cppExport-noconfig.cmake
[36.662s] -- Installing: /home/joanne/bookros2_ws/install/br2_tracking_msgs/share/br2_tracking_msgs/cmake/br2_tracking_msgs__rosidl_typesupport_cppExport.cmake
[36.662s] -- Installing: /home/joanne/bookros2_ws/install/br2_tracking_msgs/share/br2_tracking_msgs/cmake/br2_tracking_msgs__rosidl_typesupport_cppExport-noconfig.cmake
[36.663s] -- Installing: /home/joanne/bookros2_ws/install/br2_tracking_msgs/share/br2_tracking_msgs/cmake/rosidl_cmake-extras.cmake
[36.663s] -- Installing: /home/joanne/bookros2_ws/install/br2_tracking_msgs/share/br2_tracking_msgs/cmake/ament_cmake_export_dependencies-extras.cmake
[36.663s] -- Installing: /home/joanne/bookros2_ws/install/br2_tracking_msgs/share/br2_tracking_msgs/cmake/ament_cmake_export_libraries-extras.cmake
[36.663s] -- Installing: /home/joanne/bookros2_ws/install/br2_tracking_msgs/share/br2_tracking_msgs/cmake/ament_cmake_export_targets-extras.cmake
[36.663s] -- Installing: /home/joanne/bookros2_ws/install/br2_tracking_msgs/share/br2_tracking_msgs/cmake/ament_cmake_export_include_directories-extras.cmake
[36.663s] -- Installing: /home/joanne/bookros2_ws/install/br2_tracking_msgs/share/br2_tracking_msgs/cmake/rosidl_cmake_export_typesupport_libraries-extras.cmake
[36.664s] -- Installing: /home/joanne/bookros2_ws/install/br2_tracking_msgs/share/br2_tracking_msgs/cmake/rosidl_cmake_export_typesupport_targets-extras.cmake
[36.664s] -- Installing: /home/joanne/bookros2_ws/install/br2_tracking_msgs/share/br2_tracking_msgs/cmake/br2_tracking_msgsConfig.cmake
[36.664s] -- Installing: /home/joanne/bookros2_ws/install/br2_tracking_msgs/share/br2_tracking_msgs/cmake/br2_tracking_msgsConfig-version.cmake
[36.664s] -- Installing: /home/joanne/bookros2_ws/install/br2_tracking_msgs/share/br2_tracking_msgs/package.xml
[36.693s] Invoked command in '/home/joanne/bookros2_ws/build/br2_tracking_msgs' returned '0': CMAKE_PREFIX_PATH=/opt/ros/foxy /usr/bin/cmake --install /home/joanne/bookros2_ws/build/br2_tracking_msgs
