[1.752s] Invoking command in '/home/joanne/bookros2_ws/build/twist_mux': CMAKE_PREFIX_PATH=${CMAKE_PREFIX_PATH}:/home/joanne/bookros2_ws/install/ros2controlcli:/home/joanne/bookros2_ws/install/launch_pal:/home/joanne/bookros2_ws/install/br2_fsm_bumpgo_py:/opt/ros/foxy /usr/bin/cmake --build /home/joanne/bookros2_ws/build/twist_mux -- -j8 -l8
[2.496s] [ 33%] Built target twist_marker
[2.797s] [100%] Built target twist_mux
[3.735s] Invoked command in '/home/joanne/bookros2_ws/build/twist_mux' returned '0': CMAKE_PREFIX_PATH=${CMAKE_PREFIX_PATH}:/home/joanne/bookros2_ws/install/ros2controlcli:/home/joanne/bookros2_ws/install/launch_pal:/home/joanne/bookros2_ws/install/br2_fsm_bumpgo_py:/opt/ros/foxy /usr/bin/cmake --build /home/joanne/bookros2_ws/build/twist_mux -- -j8 -l8
[3.745s] Invoking command in '/home/joanne/bookros2_ws/build/twist_mux': CMAKE_PREFIX_PATH=${CMAKE_PREFIX_PATH}:/home/joanne/bookros2_ws/install/ros2controlcli:/home/joanne/bookros2_ws/install/launch_pal:/home/joanne/bookros2_ws/install/br2_fsm_bumpgo_py:/opt/ros/foxy /usr/bin/cmake --install /home/joanne/bookros2_ws/build/twist_mux
[3.833s] -- Install configuration: ""
[3.850s] -- Execute custom install script
[3.856s] -- Up-to-date symlink: /home/joanne/bookros2_ws/install/twist_mux/lib/twist_mux/twist_mux
[3.859s] -- Up-to-date symlink: /home/joanne/bookros2_ws/install/twist_mux/lib/twist_mux/twist_marker
[3.861s] -- Up-to-date symlink: /home/joanne/bookros2_ws/install/twist_mux/share/twist_mux/launch/twist_mux.launch
[3.862s] -- Up-to-date symlink: /home/joanne/bookros2_ws/install/twist_mux/share/twist_mux/launch/twist_mux_launch.py
[3.863s] -- Up-to-date symlink: /home/joanne/bookros2_ws/install/twist_mux/share/twist_mux/config/joystick.yaml
[3.863s] -- Up-to-date symlink: /home/joanne/bookros2_ws/install/twist_mux/share/twist_mux/config/twist_mux_locks.yaml
[3.863s] -- Up-to-date symlink: /home/joanne/bookros2_ws/install/twist_mux/share/twist_mux/config/twist_mux_topics.yaml
[3.869s] -- Up-to-date symlink: /home/joanne/bookros2_ws/install/twist_mux/include/twist_mux/params_helpers.hpp
[3.873s] -- Up-to-date symlink: /home/joanne/bookros2_ws/install/twist_mux/include/twist_mux/topic_handle.hpp
[3.875s] -- Up-to-date symlink: /home/joanne/bookros2_ws/install/twist_mux/include/twist_mux/twist_mux.hpp
[3.878s] -- Up-to-date symlink: /home/joanne/bookros2_ws/install/twist_mux/include/twist_mux/twist_mux_diagnostics.hpp
[3.886s] -- Up-to-date symlink: /home/joanne/bookros2_ws/install/twist_mux/include/twist_mux/twist_mux_diagnostics_status.hpp
[3.895s] -- Up-to-date symlink: /home/joanne/bookros2_ws/install/twist_mux/include/twist_mux/utils.hpp
[3.899s] -- Up-to-date symlink: /home/joanne/bookros2_ws/install/twist_mux/share/ament_index/resource_index/package_run_dependencies/twist_mux
[3.903s] -- Up-to-date symlink: /home/joanne/bookros2_ws/install/twist_mux/share/ament_index/resource_index/parent_prefix_path/twist_mux
[3.904s] -- Up-to-date symlink: /home/joanne/bookros2_ws/install/twist_mux/share/twist_mux/environment/ament_prefix_path.sh
[3.904s] -- Up-to-date symlink: /home/joanne/bookros2_ws/install/twist_mux/share/twist_mux/environment/ament_prefix_path.dsv
[3.905s] -- Up-to-date symlink: /home/joanne/bookros2_ws/install/twist_mux/share/twist_mux/environment/path.sh
[3.907s] -- Up-to-date symlink: /home/joanne/bookros2_ws/install/twist_mux/share/twist_mux/environment/path.dsv
[3.911s] -- Up-to-date symlink: /home/joanne/bookros2_ws/install/twist_mux/share/twist_mux/local_setup.bash
[3.916s] -- Up-to-date symlink: /home/joanne/bookros2_ws/install/twist_mux/share/twist_mux/local_setup.sh
[3.934s] -- Up-to-date symlink: /home/joanne/bookros2_ws/install/twist_mux/share/twist_mux/local_setup.zsh
[3.938s] -- Up-to-date symlink: /home/joanne/bookros2_ws/install/twist_mux/share/twist_mux/local_setup.dsv
[3.939s] -- Symlinking: /home/joanne/bookros2_ws/install/twist_mux/share/twist_mux/package.dsv
[4.005s] -- Up-to-date symlink: /home/joanne/bookros2_ws/install/twist_mux/share/ament_index/resource_index/packages/twist_mux
[4.007s] -- Up-to-date symlink: /home/joanne/bookros2_ws/install/twist_mux/share/twist_mux/cmake/ament_cmake_export_include_directories-extras.cmake
[4.008s] -- Up-to-date symlink: /home/joanne/bookros2_ws/install/twist_mux/share/twist_mux/cmake/ament_cmake_export_dependencies-extras.cmake
[4.009s] -- Up-to-date symlink: /home/joanne/bookros2_ws/install/twist_mux/share/twist_mux/cmake/twist_muxConfig.cmake
[4.011s] -- Up-to-date symlink: /home/joanne/bookros2_ws/install/twist_mux/share/twist_mux/cmake/twist_muxConfig-version.cmake
[4.011s] -- Up-to-date symlink: /home/joanne/bookros2_ws/install/twist_mux/share/twist_mux/package.xml
[4.243s] Invoked command in '/home/joanne/bookros2_ws/build/twist_mux' returned '0': CMAKE_PREFIX_PATH=${CMAKE_PREFIX_PATH}:/home/joanne/bookros2_ws/install/ros2controlcli:/home/joanne/bookros2_ws/install/launch_pal:/home/joanne/bookros2_ws/install/br2_fsm_bumpgo_py:/opt/ros/foxy /usr/bin/cmake --install /home/joanne/bookros2_ws/build/twist_mux
