-- The C compiler identification is GNU 9.4.0
-- The CXX compiler identification is GNU 9.4.0
-- Check for working C compiler: /usr/bin/cc
-- Check for working C compiler: /usr/bin/cc -- works
-- Detecting C compiler ABI info
-- Detecting C compiler ABI info - done
-- Detecting C compile features
-- Detecting C compile features - done
-- Check for working CXX compiler: /usr/bin/c++
-- Check for working CXX compiler: /usr/bin/c++ -- works
-- Detecting CXX compiler ABI info
-- Detecting CXX compiler ABI info - done
-- Detecting CXX compile features
-- Detecting CXX compile features - done
-- Found ament_cmake: 0.9.12 (/opt/ros/foxy/share/ament_cmake/cmake)
-- Found PythonInterp: /usr/bin/python3 (found suitable version "3.8.10", minimum required is "3") 
-- Using PYTHON_EXECUTABLE: /usr/bin/python3
-- Found rclcpp: 2.4.3 (/opt/ros/foxy/share/rclcpp/cmake)
-- Using all available rosidl_typesupport_c: rosidl_typesupport_fastrtps_c;rosidl_typesupport_introspection_c
-- Found rosidl_adapter: 1.3.1 (/opt/ros/foxy/share/rosidl_adapter/cmake)
-- Found OpenSSL: /usr/lib/x86_64-linux-gnu/libcrypto.so (found version "1.1.1f")  
-- Found FastRTPS: /opt/ros/foxy/include  
-- Using all available rosidl_typesupport_cpp: rosidl_typesupport_fastrtps_cpp;rosidl_typesupport_introspection_cpp
-- Found rmw_implementation_cmake: 1.0.4 (/opt/ros/foxy/share/rmw_implementation_cmake/cmake)
-- Using RMW implementation 'rmw_fastrtps_cpp' as default
-- Looking for pthread.h
-- Looking for pthread.h - found
-- Performing Test CMAKE_HAVE_LIBC_PTHREAD
-- Performing Test CMAKE_HAVE_LIBC_PTHREAD - Failed
-- Looking for pthread_create in pthreads
-- Looking for pthread_create in pthreads - not found
-- Looking for pthread_create in pthread
-- Looking for pthread_create in pthread - found
-- Found Threads: TRUE  
-- Found ament_lint_auto: 0.9.8 (/opt/ros/foxy/share/ament_lint_auto/cmake)
-- Added test 'copyright' to check source files copyright and LICENSE
-- Added test 'cppcheck' to perform static code analysis on C / C++ code
-- Configured cppcheck include dirs: 
-- Configured cppcheck exclude dirs and/or files: 
-- Added test 'cpplint' to check C / C++ code against the Google style
-- Configured cpplint exclude dirs and/or files: 
-- Added test 'flake8' to check Python code syntax and style conventions
-- Added test 'lint_cmake' to check CMake code style
-- Added test 'pep257' to check Python code against some of the style conventions in PEP 257
-- Added test 'uncrustify' to check C / C++ code style
-- Configured uncrustify additional arguments: 
-- Added test 'xmllint' to check XML markup files
-- Configuring done
-- Generating done
-- Build files have been written to: /home/joanne/bookros2_ws/build/br2_basics
[35m[1mScanning dependencies of target publisher[0m
[35m[1mScanning dependencies of target executors[0m
[35m[1mScanning dependencies of target logger[0m
[35m[1mScanning dependencies of target subscriber_class[0m
[35m[1mScanning dependencies of target publisher_class[0m
[35m[1mScanning dependencies of target logger_class[0m
[35m[1mScanning dependencies of target param_reader[0m
[  7%] [32mBuilding CXX object CMakeFiles/logger.dir/src/logger.cpp.o[0m
[ 14%] [32mBuilding CXX object CMakeFiles/subscriber_class.dir/src/subscriber_class.cpp.o[0m
[ 21%] [32mBuilding CXX object CMakeFiles/publisher.dir/src/publisher.cpp.o[0m
[ 28%] [32mBuilding CXX object CMakeFiles/publisher_class.dir/src/publisher_class.cpp.o[0m
[ 35%] [32mBuilding CXX object CMakeFiles/logger_class.dir/src/logger_class.cpp.o[0m
[ 42%] [32mBuilding CXX object CMakeFiles/executors.dir/src/executors.cpp.o[0m
[ 50%] [32mBuilding CXX object CMakeFiles/param_reader.dir/src/param_reader.cpp.o[0m
[ 57%] [32m[1mLinking CXX executable param_reader[0m
[ 64%] [32m[1mLinking CXX executable logger[0m
[ 64%] Built target param_reader
[ 71%] [32m[1mLinking CXX executable logger_class[0m
[ 71%] Built target logger
[ 71%] Built target logger_class
[ 78%] [32m[1mLinking CXX executable publisher[0m
[ 85%] [32m[1mLinking CXX executable publisher_class[0m
[ 85%] Built target publisher
[ 85%] Built target publisher_class
[ 92%] [32m[1mLinking CXX executable subscriber_class[0m
[100%] [32m[1mLinking CXX executable executors[0m
[100%] Built target subscriber_class
[100%] Built target executors
-- Install configuration: ""
-- Installing: /home/joanne/bookros2_ws/install/br2_basics/lib/br2_basics/publisher
-- Set runtime path of "/home/joanne/bookros2_ws/install/br2_basics/lib/br2_basics/publisher" to ""
-- Installing: /home/joanne/bookros2_ws/install/br2_basics/lib/br2_basics/publisher_class
-- Set runtime path of "/home/joanne/bookros2_ws/install/br2_basics/lib/br2_basics/publisher_class" to ""
-- Installing: /home/joanne/bookros2_ws/install/br2_basics/lib/br2_basics/subscriber_class
-- Set runtime path of "/home/joanne/bookros2_ws/install/br2_basics/lib/br2_basics/subscriber_class" to ""
-- Installing: /home/joanne/bookros2_ws/install/br2_basics/lib/br2_basics/executors
-- Set runtime path of "/home/joanne/bookros2_ws/install/br2_basics/lib/br2_basics/executors" to ""
-- Installing: /home/joanne/bookros2_ws/install/br2_basics/lib/br2_basics/logger
-- Set runtime path of "/home/joanne/bookros2_ws/install/br2_basics/lib/br2_basics/logger" to ""
-- Installing: /home/joanne/bookros2_ws/install/br2_basics/lib/br2_basics/logger_class
-- Set runtime path of "/home/joanne/bookros2_ws/install/br2_basics/lib/br2_basics/logger_class" to ""
-- Installing: /home/joanne/bookros2_ws/install/br2_basics/lib/br2_basics/param_reader
-- Set runtime path of "/home/joanne/bookros2_ws/install/br2_basics/lib/br2_basics/param_reader" to ""
-- Installing: /home/joanne/bookros2_ws/install/br2_basics/share/br2_basics/launch
-- Installing: /home/joanne/bookros2_ws/install/br2_basics/share/br2_basics/launch/pub_sub_v1_launch.py
-- Installing: /home/joanne/bookros2_ws/install/br2_basics/share/br2_basics/launch/includer_launch.py
-- Installing: /home/joanne/bookros2_ws/install/br2_basics/share/br2_basics/launch/param_node_v1_launch.py
-- Installing: /home/joanne/bookros2_ws/install/br2_basics/share/br2_basics/launch/pub_sub_v2_launch.py
-- Installing: /home/joanne/bookros2_ws/install/br2_basics/share/br2_basics/launch/param_node_v2_launch.py
-- Installing: /home/joanne/bookros2_ws/install/br2_basics/share/br2_basics/config
-- Installing: /home/joanne/bookros2_ws/install/br2_basics/share/br2_basics/config/params.yaml
-- Installing: /home/joanne/bookros2_ws/install/br2_basics/share/ament_index/resource_index/package_run_dependencies/br2_basics
-- Installing: /home/joanne/bookros2_ws/install/br2_basics/share/ament_index/resource_index/parent_prefix_path/br2_basics
-- Installing: /home/joanne/bookros2_ws/install/br2_basics/share/br2_basics/environment/ament_prefix_path.sh
-- Installing: /home/joanne/bookros2_ws/install/br2_basics/share/br2_basics/environment/ament_prefix_path.dsv
-- Installing: /home/joanne/bookros2_ws/install/br2_basics/share/br2_basics/environment/path.sh
-- Installing: /home/joanne/bookros2_ws/install/br2_basics/share/br2_basics/environment/path.dsv
-- Installing: /home/joanne/bookros2_ws/install/br2_basics/share/br2_basics/local_setup.bash
-- Installing: /home/joanne/bookros2_ws/install/br2_basics/share/br2_basics/local_setup.sh
-- Installing: /home/joanne/bookros2_ws/install/br2_basics/share/br2_basics/local_setup.zsh
-- Installing: /home/joanne/bookros2_ws/install/br2_basics/share/br2_basics/local_setup.dsv
-- Installing: /home/joanne/bookros2_ws/install/br2_basics/share/br2_basics/package.dsv
-- Installing: /home/joanne/bookros2_ws/install/br2_basics/share/ament_index/resource_index/packages/br2_basics
-- Installing: /home/joanne/bookros2_ws/install/br2_basics/share/br2_basics/cmake/ament_cmake_export_dependencies-extras.cmake
-- Installing: /home/joanne/bookros2_ws/install/br2_basics/share/br2_basics/cmake/br2_basicsConfig.cmake
-- Installing: /home/joanne/bookros2_ws/install/br2_basics/share/br2_basics/cmake/br2_basicsConfig-version.cmake
-- Installing: /home/joanne/bookros2_ws/install/br2_basics/share/br2_basics/package.xml
