[0.067s] Invoking command in '/home/joanne/bookros2_ws/build/br2_tracking': AMENT_PREFIX_PATH=/home/joanne/bookros2_ws/install/br2_tracking_msgs:${AMENT_PREFIX_PATH} CMAKE_PREFIX_PATH=/home/joanne/bookros2_ws/install/br2_tracking_msgs:/opt/ros/foxy LD_LIBRARY_PATH=/home/joanne/bookros2_ws/install/br2_tracking_msgs/lib:${LD_LIBRARY_PATH} PYTHONPATH=/home/joanne/bookros2_ws/install/br2_tracking_msgs/lib/python3.8/site-packages:${PYTHONPATH} /usr/bin/cmake --build /home/joanne/bookros2_ws/build/br2_tracking -- -j8 -l8
[0.198s] [35m[1mScanning dependencies of target br2_tracking[0m
[0.218s] [ 14%] Built target gtest_main
[0.224s] [ 28%] Built target gtest
[0.327s] [ 35%] [32mBuilding CXX object CMakeFiles/br2_tracking.dir/src/br2_tracking/ObjectDetector.cpp.o[0m
[0.327s] [ 42%] [32mBuilding CXX object CMakeFiles/br2_tracking.dir/src/br2_tracking/HeadController.cpp.o[0m
[0.336s] [ 50%] [32mBuilding CXX object CMakeFiles/br2_tracking.dir/src/br2_tracking/PIDController.cpp.o[0m
[9.737s] [ 57%] [32m[1mLinking CXX shared library libbr2_tracking.so[0m
[11.598s] [ 57%] Built target br2_tracking
[11.608s] [35m[1mScanning dependencies of target pid_test[0m
[11.613s] [35m[1mScanning dependencies of target object_detector[0m
[11.613s] [35m[1mScanning dependencies of target object_tracker[0m
[11.637s] [ 64%] [32mBuilding CXX object tests/CMakeFiles/pid_test.dir/pid_test.cpp.o[0m
[11.647s] [ 71%] [32mBuilding CXX object CMakeFiles/object_detector.dir/src/object_detector_main.cpp.o[0m
[11.654s] [ 78%] [32mBuilding CXX object CMakeFiles/object_tracker.dir/src/object_tracker_main.cpp.o[0m
[13.078s] [ 85%] [32m[1mLinking CXX executable pid_test[0m
[14.140s] [ 92%] [32m[1mLinking CXX executable object_detector[0m
[14.632s] [ 92%] Built target pid_test
[15.391s] [ 92%] Built target object_detector
[18.241s] [100%] [32m[1mLinking CXX executable object_tracker[0m
[19.426s] [100%] Built target object_tracker
[19.436s] Invoked command in '/home/joanne/bookros2_ws/build/br2_tracking' returned '0': AMENT_PREFIX_PATH=/home/joanne/bookros2_ws/install/br2_tracking_msgs:${AMENT_PREFIX_PATH} CMAKE_PREFIX_PATH=/home/joanne/bookros2_ws/install/br2_tracking_msgs:/opt/ros/foxy LD_LIBRARY_PATH=/home/joanne/bookros2_ws/install/br2_tracking_msgs/lib:${LD_LIBRARY_PATH} PYTHONPATH=/home/joanne/bookros2_ws/install/br2_tracking_msgs/lib/python3.8/site-packages:${PYTHONPATH} /usr/bin/cmake --build /home/joanne/bookros2_ws/build/br2_tracking -- -j8 -l8
[19.438s] Invoking command in '/home/joanne/bookros2_ws/build/br2_tracking': AMENT_PREFIX_PATH=/home/joanne/bookros2_ws/install/br2_tracking_msgs:${AMENT_PREFIX_PATH} CMAKE_PREFIX_PATH=/home/joanne/bookros2_ws/install/br2_tracking_msgs:/opt/ros/foxy LD_LIBRARY_PATH=/home/joanne/bookros2_ws/install/br2_tracking_msgs/lib:${LD_LIBRARY_PATH} PYTHONPATH=/home/joanne/bookros2_ws/install/br2_tracking_msgs/lib/python3.8/site-packages:${PYTHONPATH} /usr/bin/cmake --install /home/joanne/bookros2_ws/build/br2_tracking
[19.446s] -- Install configuration: "Debug"
[19.447s] -- Execute custom install script
[19.447s] -- Up-to-date symlink: /home/joanne/bookros2_ws/install/br2_tracking/lib/libbr2_tracking.so
[19.448s] -- Up-to-date symlink: /home/joanne/bookros2_ws/install/br2_tracking/lib/br2_tracking/object_detector
[19.448s] -- Up-to-date symlink: /home/joanne/bookros2_ws/install/br2_tracking/lib/br2_tracking/object_tracker
[19.448s] -- Up-to-date symlink: /home/joanne/bookros2_ws/install/br2_tracking/include/include/br2_tracking/HeadController.hpp
[19.448s] -- Up-to-date symlink: /home/joanne/bookros2_ws/install/br2_tracking/include/include/br2_tracking/ObjectDetector.hpp
[19.449s] -- Up-to-date symlink: /home/joanne/bookros2_ws/install/br2_tracking/include/include/br2_tracking/PIDController.hpp
[19.449s] -- Up-to-date symlink: /home/joanne/bookros2_ws/install/br2_tracking/share/br2_tracking/launch/tracking.launch.py
[19.449s] -- Up-to-date symlink: /home/joanne/bookros2_ws/install/br2_tracking/share/br2_tracking/config/detector.yaml
[19.449s] -- Up-to-date symlink: /home/joanne/bookros2_ws/install/br2_tracking/share/br2_tracking/environment/library_path.sh
[19.450s] -- Up-to-date symlink: /home/joanne/bookros2_ws/install/br2_tracking/share/br2_tracking/environment/library_path.dsv
[19.450s] -- Up-to-date symlink: /home/joanne/bookros2_ws/install/br2_tracking/share/ament_index/resource_index/package_run_dependencies/br2_tracking
[19.450s] -- Up-to-date symlink: /home/joanne/bookros2_ws/install/br2_tracking/share/ament_index/resource_index/parent_prefix_path/br2_tracking
[19.451s] -- Up-to-date symlink: /home/joanne/bookros2_ws/install/br2_tracking/share/br2_tracking/environment/ament_prefix_path.sh
[19.451s] -- Up-to-date symlink: /home/joanne/bookros2_ws/install/br2_tracking/share/br2_tracking/environment/ament_prefix_path.dsv
[19.451s] -- Up-to-date symlink: /home/joanne/bookros2_ws/install/br2_tracking/share/br2_tracking/environment/path.sh
[19.452s] -- Up-to-date symlink: /home/joanne/bookros2_ws/install/br2_tracking/share/br2_tracking/environment/path.dsv
[19.452s] -- Up-to-date symlink: /home/joanne/bookros2_ws/install/br2_tracking/share/br2_tracking/local_setup.bash
[19.452s] -- Up-to-date symlink: /home/joanne/bookros2_ws/install/br2_tracking/share/br2_tracking/local_setup.sh
[19.453s] -- Up-to-date symlink: /home/joanne/bookros2_ws/install/br2_tracking/share/br2_tracking/local_setup.zsh
[19.453s] -- Up-to-date symlink: /home/joanne/bookros2_ws/install/br2_tracking/share/br2_tracking/local_setup.dsv
[19.453s] -- Symlinking: /home/joanne/bookros2_ws/install/br2_tracking/share/br2_tracking/package.dsv
[19.463s] -- Up-to-date symlink: /home/joanne/bookros2_ws/install/br2_tracking/share/ament_index/resource_index/packages/br2_tracking
[19.463s] -- Up-to-date symlink: /home/joanne/bookros2_ws/install/br2_tracking/share/br2_tracking/cmake/ament_cmake_export_include_directories-extras.cmake
[19.463s] -- Up-to-date symlink: /home/joanne/bookros2_ws/install/br2_tracking/share/br2_tracking/cmake/ament_cmake_export_libraries-extras.cmake
[19.463s] -- Up-to-date symlink: /home/joanne/bookros2_ws/install/br2_tracking/share/br2_tracking/cmake/ament_cmake_export_dependencies-extras.cmake
[19.464s] -- Up-to-date symlink: /home/joanne/bookros2_ws/install/br2_tracking/share/br2_tracking/cmake/br2_trackingConfig.cmake
[19.464s] -- Up-to-date symlink: /home/joanne/bookros2_ws/install/br2_tracking/share/br2_tracking/cmake/br2_trackingConfig-version.cmake
[19.464s] -- Up-to-date symlink: /home/joanne/bookros2_ws/install/br2_tracking/share/br2_tracking/package.xml
[19.466s] Invoked command in '/home/joanne/bookros2_ws/build/br2_tracking' returned '0': AMENT_PREFIX_PATH=/home/joanne/bookros2_ws/install/br2_tracking_msgs:${AMENT_PREFIX_PATH} CMAKE_PREFIX_PATH=/home/joanne/bookros2_ws/install/br2_tracking_msgs:/opt/ros/foxy LD_LIBRARY_PATH=/home/joanne/bookros2_ws/install/br2_tracking_msgs/lib:${LD_LIBRARY_PATH} PYTHONPATH=/home/joanne/bookros2_ws/install/br2_tracking_msgs/lib/python3.8/site-packages:${PYTHONPATH} /usr/bin/cmake --install /home/joanne/bookros2_ws/build/br2_tracking
