[1.372s] Invoking command in '/home/joanne/bookros2_ws/build/tiago_description_calibration': CMAKE_PREFIX_PATH=${CMAKE_PREFIX_PATH}:/home/joanne/bookros2_ws/install/ros2controlcli:/home/joanne/bookros2_ws/install/launch_pal:/home/joanne/bookros2_ws/install/br2_fsm_bumpgo_py:/home/joanne/nav2_ws/install/nav2_gazebo_spawner:/opt/ros/foxy /usr/bin/cmake --build /home/joanne/bookros2_ws/build/tiago_description_calibration -- -j8 -l8
[1.863s] Invoked command in '/home/joanne/bookros2_ws/build/tiago_description_calibration' returned '0': CMAKE_PREFIX_PATH=${CMAKE_PREFIX_PATH}:/home/joanne/bookros2_ws/install/ros2controlcli:/home/joanne/bookros2_ws/install/launch_pal:/home/joanne/bookros2_ws/install/br2_fsm_bumpgo_py:/home/joanne/nav2_ws/install/nav2_gazebo_spawner:/opt/ros/foxy /usr/bin/cmake --build /home/joanne/bookros2_ws/build/tiago_description_calibration -- -j8 -l8
[1.903s] Invoking command in '/home/joanne/bookros2_ws/build/tiago_description_calibration': CMAKE_PREFIX_PATH=${CMAKE_PREFIX_PATH}:/home/joanne/bookros2_ws/install/ros2controlcli:/home/joanne/bookros2_ws/install/launch_pal:/home/joanne/bookros2_ws/install/br2_fsm_bumpgo_py:/home/joanne/nav2_ws/install/nav2_gazebo_spawner:/opt/ros/foxy /usr/bin/cmake --install /home/joanne/bookros2_ws/build/tiago_description_calibration
[2.040s] -- Install configuration: ""
[2.040s] -- Execute custom install script
[2.041s] -- Up-to-date symlink: /home/joanne/bookros2_ws/install/tiago_description_calibration/share/tiago_description_calibration/urdf/calibration/calibration_constants.urdf.xacro
[2.041s] -- Up-to-date symlink: /home/joanne/bookros2_ws/install/tiago_description_calibration/share/tiago_description_calibration/urdf/calibration/extrinsic_camera_calibration_constants.urdf.xacro
[2.055s] -- Up-to-date symlink: /home/joanne/bookros2_ws/install/tiago_description_calibration/share/tiago_description_calibration/urdf/deg_to_rad.xacro
[2.056s] -- Up-to-date symlink: /home/joanne/bookros2_ws/install/tiago_description_calibration/share/ament_index/resource_index/package_run_dependencies/tiago_description_calibration
[2.056s] -- Up-to-date symlink: /home/joanne/bookros2_ws/install/tiago_description_calibration/share/ament_index/resource_index/parent_prefix_path/tiago_description_calibration
[2.056s] -- Up-to-date symlink: /home/joanne/bookros2_ws/install/tiago_description_calibration/share/tiago_description_calibration/environment/ament_prefix_path.sh
[2.056s] -- Up-to-date symlink: /home/joanne/bookros2_ws/install/tiago_description_calibration/share/tiago_description_calibration/environment/ament_prefix_path.dsv
[2.088s] -- Up-to-date symlink: /home/joanne/bookros2_ws/install/tiago_description_calibration/share/tiago_description_calibration/environment/path.sh
[2.088s] -- Up-to-date symlink: /home/joanne/bookros2_ws/install/tiago_description_calibration/share/tiago_description_calibration/environment/path.dsv
[2.090s] -- Up-to-date symlink: /home/joanne/bookros2_ws/install/tiago_description_calibration/share/tiago_description_calibration/local_setup.bash
[2.092s] -- Up-to-date symlink: /home/joanne/bookros2_ws/install/tiago_description_calibration/share/tiago_description_calibration/local_setup.sh
[2.094s] -- Up-to-date symlink: /home/joanne/bookros2_ws/install/tiago_description_calibration/share/tiago_description_calibration/local_setup.zsh
[2.095s] -- Up-to-date symlink: /home/joanne/bookros2_ws/install/tiago_description_calibration/share/tiago_description_calibration/local_setup.dsv
[2.096s] -- Symlinking: /home/joanne/bookros2_ws/install/tiago_description_calibration/share/tiago_description_calibration/package.dsv
[2.215s] -- Up-to-date symlink: /home/joanne/bookros2_ws/install/tiago_description_calibration/share/ament_index/resource_index/packages/tiago_description_calibration
[2.215s] -- Up-to-date symlink: /home/joanne/bookros2_ws/install/tiago_description_calibration/share/tiago_description_calibration/cmake/tiago_description_calibrationConfig.cmake
[2.215s] -- Up-to-date symlink: /home/joanne/bookros2_ws/install/tiago_description_calibration/share/tiago_description_calibration/cmake/tiago_description_calibrationConfig-version.cmake
[2.216s] -- Up-to-date symlink: /home/joanne/bookros2_ws/install/tiago_description_calibration/share/tiago_description_calibration/package.xml
[2.895s] Invoked command in '/home/joanne/bookros2_ws/build/tiago_description_calibration' returned '0': CMAKE_PREFIX_PATH=${CMAKE_PREFIX_PATH}:/home/joanne/bookros2_ws/install/ros2controlcli:/home/joanne/bookros2_ws/install/launch_pal:/home/joanne/bookros2_ws/install/br2_fsm_bumpgo_py:/home/joanne/nav2_ws/install/nav2_gazebo_spawner:/opt/ros/foxy /usr/bin/cmake --install /home/joanne/bookros2_ws/build/tiago_description_calibration
