-- The C compiler identification is GNU 9.4.0
-- The CXX compiler identification is GNU 9.4.0
-- Check for working C compiler: /usr/bin/cc
-- Check for working C compiler: /usr/bin/cc -- works
-- Detecting C compiler ABI info
-- Detecting C compiler ABI info - done
-- Detecting C compile features
-- Detecting C compile features - done
-- Check for working CXX compiler: /usr/bin/c++
-- Check for working CXX compiler: /usr/bin/c++ -- works
-- Detecting CXX compiler ABI info
-- Detecting CXX compiler ABI info - done
-- Detecting CXX compile features
-- Detecting CXX compile features - done
-- Found ament_cmake_auto: 0.9.12 (/opt/ros/foxy/share/ament_cmake_auto/cmake)
-- Found PythonInterp: /usr/bin/python3 (found suitable version "3.8.10", minimum required is "3") 
-- Using PYTHON_EXECUTABLE: /usr/bin/python3
-- Configuring done
-- Generating done
-- Build files have been written to: /home/joanne/bookros2_ws/build/tiago_description_calibration
-- Install configuration: ""
-- Installing: /home/joanne/bookros2_ws/install/tiago_description_calibration/share/tiago_description_calibration/urdf
-- Installing: /home/joanne/bookros2_ws/install/tiago_description_calibration/share/tiago_description_calibration/urdf/deg_to_rad.xacro
-- Installing: /home/joanne/bookros2_ws/install/tiago_description_calibration/share/tiago_description_calibration/urdf/calibration
-- Installing: /home/joanne/bookros2_ws/install/tiago_description_calibration/share/tiago_description_calibration/urdf/calibration/calibration_constants.urdf.xacro
-- Installing: /home/joanne/bookros2_ws/install/tiago_description_calibration/share/tiago_description_calibration/urdf/calibration/extrinsic_camera_calibration_constants.urdf.xacro
-- Installing: /home/joanne/bookros2_ws/install/tiago_description_calibration/share/ament_index/resource_index/package_run_dependencies/tiago_description_calibration
-- Installing: /home/joanne/bookros2_ws/install/tiago_description_calibration/share/ament_index/resource_index/parent_prefix_path/tiago_description_calibration
-- Installing: /home/joanne/bookros2_ws/install/tiago_description_calibration/share/tiago_description_calibration/environment/ament_prefix_path.sh
-- Installing: /home/joanne/bookros2_ws/install/tiago_description_calibration/share/tiago_description_calibration/environment/ament_prefix_path.dsv
-- Installing: /home/joanne/bookros2_ws/install/tiago_description_calibration/share/tiago_description_calibration/environment/path.sh
-- Installing: /home/joanne/bookros2_ws/install/tiago_description_calibration/share/tiago_description_calibration/environment/path.dsv
-- Installing: /home/joanne/bookros2_ws/install/tiago_description_calibration/share/tiago_description_calibration/local_setup.bash
-- Installing: /home/joanne/bookros2_ws/install/tiago_description_calibration/share/tiago_description_calibration/local_setup.sh
-- Installing: /home/joanne/bookros2_ws/install/tiago_description_calibration/share/tiago_description_calibration/local_setup.zsh
-- Installing: /home/joanne/bookros2_ws/install/tiago_description_calibration/share/tiago_description_calibration/local_setup.dsv
-- Installing: /home/joanne/bookros2_ws/install/tiago_description_calibration/share/tiago_description_calibration/package.dsv
-- Installing: /home/joanne/bookros2_ws/install/tiago_description_calibration/share/ament_index/resource_index/packages/tiago_description_calibration
-- Installing: /home/joanne/bookros2_ws/install/tiago_description_calibration/share/tiago_description_calibration/cmake/tiago_description_calibrationConfig.cmake
-- Installing: /home/joanne/bookros2_ws/install/tiago_description_calibration/share/tiago_description_calibration/cmake/tiago_description_calibrationConfig-version.cmake
-- Installing: /home/joanne/bookros2_ws/install/tiago_description_calibration/share/tiago_description_calibration/package.xml
