[0.329s] Invoking command in '/home/joanne/bookros2_ws/build/tiago_description_calibration': CMAKE_PREFIX_PATH=/opt/ros/foxy /usr/bin/cmake /home/joanne/bookros2_ws/src/ThirdParty/tiago_description_calibration -DCMAKE_INSTALL_PREFIX=/home/joanne/bookros2_ws/install/tiago_description_calibration
[0.422s] -- The C compiler identification is GNU 9.4.0
[0.511s] -- The CXX compiler identification is GNU 9.4.0
[0.519s] -- Check for working C compiler: /usr/bin/cc
[0.637s] -- Check for working C compiler: /usr/bin/cc -- works
[0.639s] -- Detecting C compiler ABI info
[0.743s] -- Detecting C compiler ABI info - done
[0.764s] -- Detecting C compile features
[0.766s] -- Detecting C compile features - done
[0.770s] -- Check for working CXX compiler: /usr/bin/c++
[0.902s] -- Check for working CXX compiler: /usr/bin/c++ -- works
[0.913s] -- Detecting CXX compiler ABI info
[1.027s] -- Detecting CXX compiler ABI info - done
[1.051s] -- Detecting CXX compile features
[1.052s] -- Detecting CXX compile features - done
[1.055s] -- Found ament_cmake_auto: 0.9.12 (/opt/ros/foxy/share/ament_cmake_auto/cmake)
[1.096s] -- Found PythonInterp: /usr/bin/python3 (found suitable version "3.8.10", minimum required is "3") 
[1.096s] -- Using PYTHON_EXECUTABLE: /usr/bin/python3
[1.536s] -- Configuring done
[1.539s] -- Generating done
[1.541s] -- Build files have been written to: /home/joanne/bookros2_ws/build/tiago_description_calibration
[1.586s] Invoked command in '/home/joanne/bookros2_ws/build/tiago_description_calibration' returned '0': CMAKE_PREFIX_PATH=/opt/ros/foxy /usr/bin/cmake /home/joanne/bookros2_ws/src/ThirdParty/tiago_description_calibration -DCMAKE_INSTALL_PREFIX=/home/joanne/bookros2_ws/install/tiago_description_calibration
[1.587s] Invoking command in '/home/joanne/bookros2_ws/build/tiago_description_calibration': CMAKE_PREFIX_PATH=/opt/ros/foxy /usr/bin/cmake --build /home/joanne/bookros2_ws/build/tiago_description_calibration -- -j8 -l8
[1.723s] Invoked command in '/home/joanne/bookros2_ws/build/tiago_description_calibration' returned '0': CMAKE_PREFIX_PATH=/opt/ros/foxy /usr/bin/cmake --build /home/joanne/bookros2_ws/build/tiago_description_calibration -- -j8 -l8
[1.725s] Invoking command in '/home/joanne/bookros2_ws/build/tiago_description_calibration': CMAKE_PREFIX_PATH=/opt/ros/foxy /usr/bin/cmake --install /home/joanne/bookros2_ws/build/tiago_description_calibration
[1.783s] -- Install configuration: ""
[1.783s] -- Installing: /home/joanne/bookros2_ws/install/tiago_description_calibration/share/tiago_description_calibration/urdf
[1.783s] -- Installing: /home/joanne/bookros2_ws/install/tiago_description_calibration/share/tiago_description_calibration/urdf/deg_to_rad.xacro
[1.784s] -- Installing: /home/joanne/bookros2_ws/install/tiago_description_calibration/share/tiago_description_calibration/urdf/calibration
[1.784s] -- Installing: /home/joanne/bookros2_ws/install/tiago_description_calibration/share/tiago_description_calibration/urdf/calibration/calibration_constants.urdf.xacro
[1.784s] -- Installing: /home/joanne/bookros2_ws/install/tiago_description_calibration/share/tiago_description_calibration/urdf/calibration/extrinsic_camera_calibration_constants.urdf.xacro
[1.784s] -- Installing: /home/joanne/bookros2_ws/install/tiago_description_calibration/share/ament_index/resource_index/package_run_dependencies/tiago_description_calibration
[1.784s] -- Installing: /home/joanne/bookros2_ws/install/tiago_description_calibration/share/ament_index/resource_index/parent_prefix_path/tiago_description_calibration
[1.784s] -- Installing: /home/joanne/bookros2_ws/install/tiago_description_calibration/share/tiago_description_calibration/environment/ament_prefix_path.sh
[1.785s] -- Installing: /home/joanne/bookros2_ws/install/tiago_description_calibration/share/tiago_description_calibration/environment/ament_prefix_path.dsv
[1.785s] -- Installing: /home/joanne/bookros2_ws/install/tiago_description_calibration/share/tiago_description_calibration/environment/path.sh
[1.785s] -- Installing: /home/joanne/bookros2_ws/install/tiago_description_calibration/share/tiago_description_calibration/environment/path.dsv
[1.785s] -- Installing: /home/joanne/bookros2_ws/install/tiago_description_calibration/share/tiago_description_calibration/local_setup.bash
[1.785s] -- Installing: /home/joanne/bookros2_ws/install/tiago_description_calibration/share/tiago_description_calibration/local_setup.sh
[1.786s] -- Installing: /home/joanne/bookros2_ws/install/tiago_description_calibration/share/tiago_description_calibration/local_setup.zsh
[1.789s] -- Installing: /home/joanne/bookros2_ws/install/tiago_description_calibration/share/tiago_description_calibration/local_setup.dsv
[1.790s] -- Installing: /home/joanne/bookros2_ws/install/tiago_description_calibration/share/tiago_description_calibration/package.dsv
[1.790s] -- Installing: /home/joanne/bookros2_ws/install/tiago_description_calibration/share/ament_index/resource_index/packages/tiago_description_calibration
[1.790s] -- Installing: /home/joanne/bookros2_ws/install/tiago_description_calibration/share/tiago_description_calibration/cmake/tiago_description_calibrationConfig.cmake
[1.791s] -- Installing: /home/joanne/bookros2_ws/install/tiago_description_calibration/share/tiago_description_calibration/cmake/tiago_description_calibrationConfig-version.cmake
[1.791s] -- Installing: /home/joanne/bookros2_ws/install/tiago_description_calibration/share/tiago_description_calibration/package.xml
[1.797s] Invoked command in '/home/joanne/bookros2_ws/build/tiago_description_calibration' returned '0': CMAKE_PREFIX_PATH=/opt/ros/foxy /usr/bin/cmake --install /home/joanne/bookros2_ws/build/tiago_description_calibration
