[0.038s] Invoking command in '/home/joanne/bookros2_ws/build/br2_tiago': CMAKE_PREFIX_PATH=/opt/ros/foxy /usr/bin/cmake /home/joanne/bookros2_ws/src/book_ros2/br2_tiago -DAMENT_CMAKE_SYMLINK_INSTALL=1 -DCMAKE_INSTALL_PREFIX=/home/joanne/bookros2_ws/install/br2_tiago
[2.716s] -- Found ament_cmake: 0.9.12 (/opt/ros/foxy/share/ament_cmake/cmake)
[2.716s] -- Using PYTHON_EXECUTABLE: /usr/bin/python3
[2.717s] -- Override CMake install command with custom implementation using symlinks instead of copying resources
[2.717s] -- Configuring done
[2.717s] -- Generating done
[2.717s] -- Build files have been written to: /home/joanne/bookros2_ws/build/br2_tiago
[2.760s] Invoked command in '/home/joanne/bookros2_ws/build/br2_tiago' returned '0': CMAKE_PREFIX_PATH=/opt/ros/foxy /usr/bin/cmake /home/joanne/bookros2_ws/src/book_ros2/br2_tiago -DAMENT_CMAKE_SYMLINK_INSTALL=1 -DCMAKE_INSTALL_PREFIX=/home/joanne/bookros2_ws/install/br2_tiago
[2.764s] Invoking command in '/home/joanne/bookros2_ws/build/br2_tiago': CMAKE_PREFIX_PATH=/opt/ros/foxy /usr/bin/cmake --build /home/joanne/bookros2_ws/build/br2_tiago -- -j8 -l8
[4.473s] Invoked command in '/home/joanne/bookros2_ws/build/br2_tiago' returned '0': CMAKE_PREFIX_PATH=/opt/ros/foxy /usr/bin/cmake --build /home/joanne/bookros2_ws/build/br2_tiago -- -j8 -l8
[4.475s] Invoking command in '/home/joanne/bookros2_ws/build/br2_tiago': CMAKE_PREFIX_PATH=/opt/ros/foxy /usr/bin/cmake --install /home/joanne/bookros2_ws/build/br2_tiago
[4.896s] -- Install configuration: ""
[4.896s] -- Execute custom install script
[4.897s] -- Symlinking: /home/joanne/bookros2_ws/install/br2_tiago/share/br2_tiago/launch/sim.launch.py
[4.897s] -- Symlinking: /home/joanne/bookros2_ws/install/br2_tiago/share/ament_index/resource_index/package_run_dependencies/br2_tiago
[4.897s] -- Symlinking: /home/joanne/bookros2_ws/install/br2_tiago/share/ament_index/resource_index/parent_prefix_path/br2_tiago
[4.897s] -- Symlinking: /home/joanne/bookros2_ws/install/br2_tiago/share/br2_tiago/environment/ament_prefix_path.sh
[4.897s] -- Symlinking: /home/joanne/bookros2_ws/install/br2_tiago/share/br2_tiago/environment/ament_prefix_path.dsv
[4.897s] -- Symlinking: /home/joanne/bookros2_ws/install/br2_tiago/share/br2_tiago/environment/path.sh
[4.898s] -- Symlinking: /home/joanne/bookros2_ws/install/br2_tiago/share/br2_tiago/environment/path.dsv
[4.962s] -- Symlinking: /home/joanne/bookros2_ws/install/br2_tiago/share/br2_tiago/local_setup.bash
[5.049s] -- Symlinking: /home/joanne/bookros2_ws/install/br2_tiago/share/br2_tiago/local_setup.sh
[5.089s] -- Symlinking: /home/joanne/bookros2_ws/install/br2_tiago/share/br2_tiago/local_setup.zsh
[5.138s] -- Symlinking: /home/joanne/bookros2_ws/install/br2_tiago/share/br2_tiago/local_setup.dsv
[5.176s] -- Symlinking: /home/joanne/bookros2_ws/install/br2_tiago/share/br2_tiago/package.dsv
[5.205s] -- Symlinking: /home/joanne/bookros2_ws/install/br2_tiago/share/ament_index/resource_index/packages/br2_tiago
[5.265s] -- Symlinking: /home/joanne/bookros2_ws/install/br2_tiago/share/br2_tiago/cmake/br2_tiagoConfig.cmake
[5.318s] -- Symlinking: /home/joanne/bookros2_ws/install/br2_tiago/share/br2_tiago/cmake/br2_tiagoConfig-version.cmake
[5.380s] -- Symlinking: /home/joanne/bookros2_ws/install/br2_tiago/share/br2_tiago/package.xml
[5.488s] Invoked command in '/home/joanne/bookros2_ws/build/br2_tiago' returned '0': CMAKE_PREFIX_PATH=/opt/ros/foxy /usr/bin/cmake --install /home/joanne/bookros2_ws/build/br2_tiago
