[35m[1mScanning dependencies of target bumpgo[0m
[ 33%] [32mBuilding CXX object CMakeFiles/bumpgo.dir/src/br2_fsm_bumpgo_cpp/BumpGoNode.cpp.o[0m
[01m[K/home/joanne/bookros2_ws/src/book_ros2/br2_fsm_bumpgo_cpp/src/br2_fsm_bumpgo_cpp/BumpGoNode.cpp:[m[K In member function ‘[01m[Kbool br2_fsm_bumpgo_cpp::BumpGoNode::check_forward_2_back()[m[K’:
[01m[K/home/joanne/bookros2_ws/src/book_ros2/br2_fsm_bumpgo_cpp/src/br2_fsm_bumpgo_cpp/BumpGoNode.cpp:113:31:[m[K [01;31m[Kerror: [m[Kinvalid use of member function ‘[01m[Kbool br2_fsm_bumpgo_cpp::BumpGoNode::check_turn_2_forward()[m[K’ (did you forget the ‘[01m[K()[m[K’ ?)
  113 |     if(last_scan_->ranges[i] <[01;31m[Kcheck_turn_2_forward[m[K OBSTACLE_DISTANCE){
      |                               [01;31m[K^~~~~~~~~~~~~~~~~~~~[m[K
      |                                                   [32m[K()[m[K
[01m[K/home/joanne/bookros2_ws/src/book_ros2/br2_fsm_bumpgo_cpp/src/br2_fsm_bumpgo_cpp/BumpGoNode.cpp:113:51:[m[K [01;31m[Kerror: [m[Kexpected ‘[01m[K)[m[K’ before ‘[01m[KOBSTACLE_DISTANCE[m[K’
  113 |     if[34m[K([m[Klast_scan_->ranges[i] <check_turn_2_forward[01;31m[K [m[K[32m[KOBSTACLE_DISTANCE[m[K){
      |       [34m[K~[m[K                                           [01;31m[K^[m[K[32m[K~~~~~~~~~~~~~~~~~[m[K
      |                                                   [32m[K)[m[K
[01m[K/home/joanne/bookros2_ws/src/book_ros2/br2_fsm_bumpgo_cpp/src/br2_fsm_bumpgo_cpp/BumpGoNode.cpp:[m[K In member function ‘[01m[Kfloat br2_fsm_bumpgo_cpp::BumpGoNode::calculate_speed()[m[K’:
[01m[K/home/joanne/bookros2_ws/src/book_ros2/br2_fsm_bumpgo_cpp/src/br2_fsm_bumpgo_cpp/BumpGoNode.cpp:162:8:[m[K [01;31m[Kerror: [m[K‘[01m[Klast_scan[m[K’ was not declared in this scope; did you mean ‘[01m[Klast_scan_[m[K’?
  162 |     if([01;31m[Klast_scan[m[K->ranges[i]<min){
      |        [01;31m[K^~~~~~~~~[m[K
      |        [32m[Klast_scan_[m[K
[01m[K/home/joanne/bookros2_ws/src/book_ros2/br2_fsm_bumpgo_cpp/src/br2_fsm_bumpgo_cpp/BumpGoNode.cpp:167:40:[m[K [01;31m[Kerror: [m[Kno match for ‘[01m[Koperator/[m[K’ (operand types are ‘[01m[K__gnu_cxx::__alloc_traits<std::allocator<float>, float>::value_type[m[K’ {aka ‘[01m[Kfloat[m[K’} and ‘[01m[Kconst rclcpp::Duration[m[K’)
  167 |   float speed = last_scan_->ranges[min]/TURNING_TIME;
make[2]: *** [CMakeFiles/bumpgo.dir/build.make:63: CMakeFiles/bumpgo.dir/src/br2_fsm_bumpgo_cpp/BumpGoNode.cpp.o] Error 1
make[1]: *** [CMakeFiles/Makefile2:78: CMakeFiles/bumpgo.dir/all] Error 2
make: *** [Makefile:141: all] Error 2
