-- Using PYTHON_EXECUTABLE: /usr/bin/python3
-- Override CMake install command with custom implementation using symlinks instead of copying resources
-- Found ament_index_cpp: 1.1.0 (/opt/ros/foxy/share/ament_index_cpp/cmake)
-- ---------------------
-- Compiling with AMENT.
-- ---------------------
-- ZeroMQ found.
-- Configuring done
-- Generating done
-- Build files have been written to: /home/joanne/bookros2_ws/build/groot
[  1%] [34m[1mAutomatic MOC and UIC for target QtNodeEditor[0m
[  1%] Built target QtNodeEditor_autogen
[ 57%] Built target QtNodeEditor
[ 58%] [34m[1mAutomatic MOC and UIC for target behavior_tree_editor[0m
[ 58%] Built target behavior_tree_editor_autogen
[ 58%] [32m[1mLinking CXX shared library libbehavior_tree_editor.so[0m
[ 74%] Built target behavior_tree_editor
[ 75%] [34m[1mAutomatic MOC and UIC for target replay_test[0m
[ 76%] [34m[1mAutomatic MOC and UIC for target Groot[0m
[ 76%] [34m[1mAutomatic MOC and UIC for target editor_test[0m
[ 76%] Built target replay_test_autogen
[ 76%] Built target Groot_autogen
[ 76%] Built target editor_test_autogen
[ 77%] [32m[1mLinking CXX executable replay_test[0m
[ 78%] [32m[1mLinking CXX executable Groot[0m
[ 79%] [32m[1mLinking CXX executable editor_test[0m
[ 87%] Built target editor_test
[ 92%] Built target Groot
[100%] Built target replay_test
-- Install configuration: ""
-- Execute custom install script
-- Symlinking: /home/joanne/bookros2_ws/install/groot/lib/libbehavior_tree_editor.so
-- Symlinking: /home/joanne/bookros2_ws/install/groot/lib/groot/Groot
-- Symlinking: /home/joanne/bookros2_ws/install/groot/share/groot/environment/library_path.sh
-- Symlinking: /home/joanne/bookros2_ws/install/groot/share/groot/environment/library_path.dsv
-- Symlinking: /home/joanne/bookros2_ws/install/groot/share/ament_index/resource_index/package_run_dependencies/groot
-- Symlinking: /home/joanne/bookros2_ws/install/groot/share/ament_index/resource_index/parent_prefix_path/groot
-- Symlinking: /home/joanne/bookros2_ws/install/groot/share/groot/environment/ament_prefix_path.sh
-- Symlinking: /home/joanne/bookros2_ws/install/groot/share/groot/environment/ament_prefix_path.dsv
-- Symlinking: /home/joanne/bookros2_ws/install/groot/share/groot/environment/path.sh
-- Symlinking: /home/joanne/bookros2_ws/install/groot/share/groot/environment/path.dsv
-- Symlinking: /home/joanne/bookros2_ws/install/groot/share/groot/local_setup.bash
-- Symlinking: /home/joanne/bookros2_ws/install/groot/share/groot/local_setup.sh
-- Symlinking: /home/joanne/bookros2_ws/install/groot/share/groot/local_setup.zsh
-- Symlinking: /home/joanne/bookros2_ws/install/groot/share/groot/local_setup.dsv
-- Symlinking: /home/joanne/bookros2_ws/install/groot/share/groot/package.dsv
-- Symlinking: /home/joanne/bookros2_ws/install/groot/share/ament_index/resource_index/packages/groot
-- Symlinking: /home/joanne/bookros2_ws/install/groot/share/groot/cmake/ament_cmake_export_include_directories-extras.cmake
-- Symlinking: /home/joanne/bookros2_ws/install/groot/share/groot/cmake/ament_cmake_export_dependencies-extras.cmake
-- Symlinking: /home/joanne/bookros2_ws/install/groot/share/groot/cmake/ament_cmake_export_libraries-extras.cmake
-- Symlinking: /home/joanne/bookros2_ws/install/groot/share/groot/cmake/grootConfig.cmake
-- Symlinking: /home/joanne/bookros2_ws/install/groot/share/groot/cmake/grootConfig-version.cmake
-- Symlinking: /home/joanne/bookros2_ws/install/groot/share/groot/package.xml
