[0.059s] Invoking command in '/home/joanne/bookros2_ws/build/groot': CMAKE_PREFIX_PATH=/opt/ros/foxy /usr/bin/cmake /home/joanne/bookros2_ws/src/ThirdParty/Groot -DAMENT_CMAKE_SYMLINK_INSTALL=1 -DCMAKE_INSTALL_PREFIX=/home/joanne/bookros2_ws/install/groot
[0.618s] -- Using PYTHON_EXECUTABLE: /usr/bin/python3
[1.528s] -- Override CMake install command with custom implementation using symlinks instead of copying resources
[1.650s] -- Found ament_index_cpp: 1.1.0 (/opt/ros/foxy/share/ament_index_cpp/cmake)
[1.694s] -- ---------------------
[1.694s] -- Compiling with AMENT.
[1.694s] -- ---------------------
[1.798s] -- ZeroMQ found.
[2.294s] -- Configuring done
[3.020s] -- Generating done
[3.066s] -- Build files have been written to: /home/joanne/bookros2_ws/build/groot
[3.079s] Invoked command in '/home/joanne/bookros2_ws/build/groot' returned '0': CMAKE_PREFIX_PATH=/opt/ros/foxy /usr/bin/cmake /home/joanne/bookros2_ws/src/ThirdParty/Groot -DAMENT_CMAKE_SYMLINK_INSTALL=1 -DCMAKE_INSTALL_PREFIX=/home/joanne/bookros2_ws/install/groot
[3.080s] Invoking command in '/home/joanne/bookros2_ws/build/groot': CMAKE_PREFIX_PATH=/opt/ros/foxy /usr/bin/cmake --build /home/joanne/bookros2_ws/build/groot -- -j8 -l8
[6.646s] [  1%] [34m[1mAutomatic MOC and UIC for target QtNodeEditor[0m
[6.646s] [  1%] Built target QtNodeEditor_autogen
[6.647s] [ 57%] Built target QtNodeEditor
[6.647s] [ 58%] [34m[1mAutomatic MOC and UIC for target behavior_tree_editor[0m
[6.647s] [ 58%] Built target behavior_tree_editor_autogen
[6.647s] [ 58%] [32m[1mLinking CXX shared library libbehavior_tree_editor.so[0m
[7.736s] [ 74%] Built target behavior_tree_editor
[7.790s] [ 75%] [34m[1mAutomatic MOC and UIC for target replay_test[0m
[7.864s] [ 76%] [34m[1mAutomatic MOC and UIC for target Groot[0m
[7.902s] [ 76%] [34m[1mAutomatic MOC and UIC for target editor_test[0m
[7.907s] [ 76%] Built target replay_test_autogen
[8.014s] [ 76%] Built target Groot_autogen
[8.051s] [ 76%] Built target editor_test_autogen
[8.136s] [ 77%] [32m[1mLinking CXX executable replay_test[0m
[8.210s] [ 78%] [32m[1mLinking CXX executable Groot[0m
[8.324s] [ 79%] [32m[1mLinking CXX executable editor_test[0m
[10.116s] [ 87%] Built target editor_test
[10.264s] [ 92%] Built target Groot
[10.348s] [100%] Built target replay_test
[10.386s] Invoked command in '/home/joanne/bookros2_ws/build/groot' returned '0': CMAKE_PREFIX_PATH=/opt/ros/foxy /usr/bin/cmake --build /home/joanne/bookros2_ws/build/groot -- -j8 -l8
[10.388s] Invoking command in '/home/joanne/bookros2_ws/build/groot': CMAKE_PREFIX_PATH=/opt/ros/foxy /usr/bin/cmake --install /home/joanne/bookros2_ws/build/groot
[10.821s] -- Install configuration: ""
[10.821s] -- Execute custom install script
[10.822s] -- Symlinking: /home/joanne/bookros2_ws/install/groot/lib/libbehavior_tree_editor.so
[10.822s] -- Symlinking: /home/joanne/bookros2_ws/install/groot/lib/groot/Groot
[10.822s] -- Symlinking: /home/joanne/bookros2_ws/install/groot/share/groot/environment/library_path.sh
[10.822s] -- Symlinking: /home/joanne/bookros2_ws/install/groot/share/groot/environment/library_path.dsv
[10.822s] -- Symlinking: /home/joanne/bookros2_ws/install/groot/share/ament_index/resource_index/package_run_dependencies/groot
[10.822s] -- Symlinking: /home/joanne/bookros2_ws/install/groot/share/ament_index/resource_index/parent_prefix_path/groot
[10.823s] -- Symlinking: /home/joanne/bookros2_ws/install/groot/share/groot/environment/ament_prefix_path.sh
[10.823s] -- Symlinking: /home/joanne/bookros2_ws/install/groot/share/groot/environment/ament_prefix_path.dsv
[10.823s] -- Symlinking: /home/joanne/bookros2_ws/install/groot/share/groot/environment/path.sh
[10.823s] -- Symlinking: /home/joanne/bookros2_ws/install/groot/share/groot/environment/path.dsv
[10.823s] -- Symlinking: /home/joanne/bookros2_ws/install/groot/share/groot/local_setup.bash
[10.867s] -- Symlinking: /home/joanne/bookros2_ws/install/groot/share/groot/local_setup.sh
[10.931s] -- Symlinking: /home/joanne/bookros2_ws/install/groot/share/groot/local_setup.zsh
[10.982s] -- Symlinking: /home/joanne/bookros2_ws/install/groot/share/groot/local_setup.dsv
[11.033s] -- Symlinking: /home/joanne/bookros2_ws/install/groot/share/groot/package.dsv
[11.077s] -- Symlinking: /home/joanne/bookros2_ws/install/groot/share/ament_index/resource_index/packages/groot
[11.133s] -- Symlinking: /home/joanne/bookros2_ws/install/groot/share/groot/cmake/ament_cmake_export_include_directories-extras.cmake
[11.183s] -- Symlinking: /home/joanne/bookros2_ws/install/groot/share/groot/cmake/ament_cmake_export_dependencies-extras.cmake
[11.233s] -- Symlinking: /home/joanne/bookros2_ws/install/groot/share/groot/cmake/ament_cmake_export_libraries-extras.cmake
[11.298s] -- Symlinking: /home/joanne/bookros2_ws/install/groot/share/groot/cmake/grootConfig.cmake
[11.352s] -- Symlinking: /home/joanne/bookros2_ws/install/groot/share/groot/cmake/grootConfig-version.cmake
[11.398s] -- Symlinking: /home/joanne/bookros2_ws/install/groot/share/groot/package.xml
[11.428s] Invoked command in '/home/joanne/bookros2_ws/build/groot' returned '0': CMAKE_PREFIX_PATH=/opt/ros/foxy /usr/bin/cmake --install /home/joanne/bookros2_ws/build/groot
