[0.046s] Invoking command in '/home/joanne/bookros2_ws/build/transmission_interface': AMENT_PREFIX_PATH=/home/joanne/bookros2_ws/install/hardware_interface:/home/joanne/bookros2_ws/install/ros2_control_test_assets:${AMENT_PREFIX_PATH} CMAKE_PREFIX_PATH=/home/joanne/bookros2_ws/install/hardware_interface:/home/joanne/bookros2_ws/install/ros2_control_test_assets:/opt/ros/foxy LD_LIBRARY_PATH=/home/joanne/bookros2_ws/install/hardware_interface/lib:${LD_LIBRARY_PATH} /usr/bin/cmake --build /home/joanne/bookros2_ws/build/transmission_interface -- -j8 -l8
[0.191s] [ 13%] Built target transmission_parser
[0.212s] [ 33%] Built target gmock
[0.231s] [ 46%] Built target gmock_main
[0.293s] [ 60%] Built target test_simple_transmission
[0.304s] [ 73%] Built target test_differential_transmission
[0.309s] [ 86%] Built target test_four_bar_linkage_transmission
[0.322s] [100%] Built target test_transmission_parser
[0.343s] Invoked command in '/home/joanne/bookros2_ws/build/transmission_interface' returned '0': AMENT_PREFIX_PATH=/home/joanne/bookros2_ws/install/hardware_interface:/home/joanne/bookros2_ws/install/ros2_control_test_assets:${AMENT_PREFIX_PATH} CMAKE_PREFIX_PATH=/home/joanne/bookros2_ws/install/hardware_interface:/home/joanne/bookros2_ws/install/ros2_control_test_assets:/opt/ros/foxy LD_LIBRARY_PATH=/home/joanne/bookros2_ws/install/hardware_interface/lib:${LD_LIBRARY_PATH} /usr/bin/cmake --build /home/joanne/bookros2_ws/build/transmission_interface -- -j8 -l8
[0.345s] Invoking command in '/home/joanne/bookros2_ws/build/transmission_interface': AMENT_PREFIX_PATH=/home/joanne/bookros2_ws/install/hardware_interface:/home/joanne/bookros2_ws/install/ros2_control_test_assets:${AMENT_PREFIX_PATH} CMAKE_PREFIX_PATH=/home/joanne/bookros2_ws/install/hardware_interface:/home/joanne/bookros2_ws/install/ros2_control_test_assets:/opt/ros/foxy LD_LIBRARY_PATH=/home/joanne/bookros2_ws/install/hardware_interface/lib:${LD_LIBRARY_PATH} /usr/bin/cmake --install /home/joanne/bookros2_ws/build/transmission_interface
[0.356s] -- Install configuration: ""
[0.357s] -- Execute custom install script
[0.357s] -- Up-to-date symlink: /home/joanne/bookros2_ws/install/transmission_interface/include/transmission_interface/accessor.hpp
[0.357s] -- Up-to-date symlink: /home/joanne/bookros2_ws/install/transmission_interface/include/transmission_interface/differential_transmission.hpp
[0.358s] -- Up-to-date symlink: /home/joanne/bookros2_ws/install/transmission_interface/include/transmission_interface/exception.hpp
[0.358s] -- Up-to-date symlink: /home/joanne/bookros2_ws/install/transmission_interface/include/transmission_interface/four_bar_linkage_transmission.hpp
[0.358s] -- Up-to-date symlink: /home/joanne/bookros2_ws/install/transmission_interface/include/transmission_interface/handle.hpp
[0.358s] -- Up-to-date symlink: /home/joanne/bookros2_ws/install/transmission_interface/include/transmission_interface/simple_transmission.hpp
[0.359s] -- Up-to-date symlink: /home/joanne/bookros2_ws/install/transmission_interface/include/transmission_interface/transmission.hpp
[0.359s] -- Up-to-date symlink: /home/joanne/bookros2_ws/install/transmission_interface/include/transmission_interface/transmission_info.hpp
[0.359s] -- Up-to-date symlink: /home/joanne/bookros2_ws/install/transmission_interface/include/transmission_interface/transmission_parser.hpp
[0.359s] -- Up-to-date symlink: /home/joanne/bookros2_ws/install/transmission_interface/include/transmission_interface/visibility_control.h
[0.360s] -- Up-to-date symlink: /home/joanne/bookros2_ws/install/transmission_interface/share/ament_index/resource_index/package_run_dependencies/transmission_interface
[0.360s] -- Up-to-date symlink: /home/joanne/bookros2_ws/install/transmission_interface/share/ament_index/resource_index/parent_prefix_path/transmission_interface
[0.360s] -- Up-to-date symlink: /home/joanne/bookros2_ws/install/transmission_interface/share/transmission_interface/environment/ament_prefix_path.sh
[0.362s] -- Up-to-date symlink: /home/joanne/bookros2_ws/install/transmission_interface/share/transmission_interface/environment/ament_prefix_path.dsv
[0.362s] -- Up-to-date symlink: /home/joanne/bookros2_ws/install/transmission_interface/share/transmission_interface/environment/path.sh
[0.365s] -- Up-to-date symlink: /home/joanne/bookros2_ws/install/transmission_interface/share/transmission_interface/environment/path.dsv
[0.365s] -- Up-to-date symlink: /home/joanne/bookros2_ws/install/transmission_interface/share/transmission_interface/local_setup.bash
[0.365s] -- Up-to-date symlink: /home/joanne/bookros2_ws/install/transmission_interface/share/transmission_interface/local_setup.sh
[0.365s] -- Up-to-date symlink: /home/joanne/bookros2_ws/install/transmission_interface/share/transmission_interface/local_setup.zsh
[0.365s] -- Up-to-date symlink: /home/joanne/bookros2_ws/install/transmission_interface/share/transmission_interface/local_setup.dsv
[0.365s] -- Symlinking: /home/joanne/bookros2_ws/install/transmission_interface/share/transmission_interface/package.dsv
[0.384s] -- Up-to-date symlink: /home/joanne/bookros2_ws/install/transmission_interface/share/ament_index/resource_index/packages/transmission_interface
[0.385s] -- Up-to-date symlink: /home/joanne/bookros2_ws/install/transmission_interface/share/transmission_interface/cmake/ament_cmake_export_include_directories-extras.cmake
[0.385s] -- Up-to-date symlink: /home/joanne/bookros2_ws/install/transmission_interface/share/transmission_interface/cmake/ament_cmake_export_dependencies-extras.cmake
[0.385s] -- Up-to-date symlink: /home/joanne/bookros2_ws/install/transmission_interface/share/transmission_interface/cmake/transmission_interfaceConfig.cmake
[0.386s] -- Up-to-date symlink: /home/joanne/bookros2_ws/install/transmission_interface/share/transmission_interface/cmake/transmission_interfaceConfig-version.cmake
[0.387s] -- Up-to-date symlink: /home/joanne/bookros2_ws/install/transmission_interface/share/transmission_interface/package.xml
[0.395s] Invoked command in '/home/joanne/bookros2_ws/build/transmission_interface' returned '0': AMENT_PREFIX_PATH=/home/joanne/bookros2_ws/install/hardware_interface:/home/joanne/bookros2_ws/install/ros2_control_test_assets:${AMENT_PREFIX_PATH} CMAKE_PREFIX_PATH=/home/joanne/bookros2_ws/install/hardware_interface:/home/joanne/bookros2_ws/install/ros2_control_test_assets:/opt/ros/foxy LD_LIBRARY_PATH=/home/joanne/bookros2_ws/install/hardware_interface/lib:${LD_LIBRARY_PATH} /usr/bin/cmake --install /home/joanne/bookros2_ws/build/transmission_interface
