[1.116s] Invoking command in '/home/joanne/bookros2_ws/build/br2_navigation': CMAKE_PREFIX_PATH=/opt/ros/foxy /usr/bin/cmake /home/joanne/bookros2_ws/src/book_ros2/br2_navigation -DCMAKE_INSTALL_PREFIX=/home/joanne/bookros2_ws/install/br2_navigation
[2.734s] -- The C compiler identification is GNU 9.4.0
[2.734s] -- The CXX compiler identification is GNU 9.4.0
[2.734s] -- Check for working C compiler: /usr/bin/cc
[2.735s] -- Check for working C compiler: /usr/bin/cc -- works
[2.735s] -- Detecting C compiler ABI info
[2.735s] -- Detecting C compiler ABI info - done
[2.735s] -- Detecting C compile features
[2.736s] -- Detecting C compile features - done
[2.736s] -- Check for working CXX compiler: /usr/bin/c++
[2.736s] -- Check for working CXX compiler: /usr/bin/c++ -- works
[2.736s] -- Detecting CXX compiler ABI info
[2.736s] -- Detecting CXX compiler ABI info - done
[2.736s] -- Detecting CXX compile features
[2.736s] -- Detecting CXX compile features - done
[2.737s] -- Found ament_cmake_auto: 0.9.12 (/opt/ros/foxy/share/ament_cmake_auto/cmake)
[2.737s] -- Found PythonInterp: /usr/bin/python3 (found suitable version "3.8.10", minimum required is "3") 
[2.737s] -- Using PYTHON_EXECUTABLE: /usr/bin/python3
[2.845s] -- Configuring done
[2.848s] -- Generating done
[2.850s] -- Build files have been written to: /home/joanne/bookros2_ws/build/br2_navigation
[2.859s] Invoked command in '/home/joanne/bookros2_ws/build/br2_navigation' returned '0': CMAKE_PREFIX_PATH=/opt/ros/foxy /usr/bin/cmake /home/joanne/bookros2_ws/src/book_ros2/br2_navigation -DCMAKE_INSTALL_PREFIX=/home/joanne/bookros2_ws/install/br2_navigation
[2.863s] Invoking command in '/home/joanne/bookros2_ws/build/br2_navigation': CMAKE_PREFIX_PATH=/opt/ros/foxy /usr/bin/cmake --build /home/joanne/bookros2_ws/build/br2_navigation -- -j8 -l8
[3.005s] Invoked command in '/home/joanne/bookros2_ws/build/br2_navigation' returned '0': CMAKE_PREFIX_PATH=/opt/ros/foxy /usr/bin/cmake --build /home/joanne/bookros2_ws/build/br2_navigation -- -j8 -l8
[3.008s] Invoking command in '/home/joanne/bookros2_ws/build/br2_navigation': CMAKE_PREFIX_PATH=/opt/ros/foxy /usr/bin/cmake --install /home/joanne/bookros2_ws/build/br2_navigation
[3.028s] -- Install configuration: ""
[3.028s] -- Installing: /home/joanne/bookros2_ws/install/br2_navigation/share/br2_navigation/launch
[3.029s] -- Installing: /home/joanne/bookros2_ws/install/br2_navigation/share/br2_navigation/launch/navigation_launch.py
[3.029s] -- Installing: /home/joanne/bookros2_ws/install/br2_navigation/share/br2_navigation/launch/tiago_navigation.launch.py
[3.029s] -- Installing: /home/joanne/bookros2_ws/install/br2_navigation/share/br2_navigation/params
[3.029s] -- Installing: /home/joanne/bookros2_ws/install/br2_navigation/share/br2_navigation/params/tiago_nav_params.yaml
[3.029s] -- Installing: /home/joanne/bookros2_ws/install/br2_navigation/share/br2_navigation/params/mapper_params_online_async.yaml
[3.030s] -- Installing: /home/joanne/bookros2_ws/install/br2_navigation/share/br2_navigation/maps
[3.030s] -- Installing: /home/joanne/bookros2_ws/install/br2_navigation/share/br2_navigation/maps/home.pgm
[3.030s] -- Installing: /home/joanne/bookros2_ws/install/br2_navigation/share/br2_navigation/maps/home.yaml
[3.030s] -- Installing: /home/joanne/bookros2_ws/install/br2_navigation/share/ament_index/resource_index/package_run_dependencies/br2_navigation
[3.033s] -- Installing: /home/joanne/bookros2_ws/install/br2_navigation/share/ament_index/resource_index/parent_prefix_path/br2_navigation
[3.035s] -- Installing: /home/joanne/bookros2_ws/install/br2_navigation/share/br2_navigation/environment/ament_prefix_path.sh
[3.035s] -- Installing: /home/joanne/bookros2_ws/install/br2_navigation/share/br2_navigation/environment/ament_prefix_path.dsv
[3.035s] -- Installing: /home/joanne/bookros2_ws/install/br2_navigation/share/br2_navigation/environment/path.sh
[3.035s] -- Installing: /home/joanne/bookros2_ws/install/br2_navigation/share/br2_navigation/environment/path.dsv
[3.035s] -- Installing: /home/joanne/bookros2_ws/install/br2_navigation/share/br2_navigation/local_setup.bash
[3.036s] -- Installing: /home/joanne/bookros2_ws/install/br2_navigation/share/br2_navigation/local_setup.sh
[3.036s] -- Installing: /home/joanne/bookros2_ws/install/br2_navigation/share/br2_navigation/local_setup.zsh
[3.036s] -- Installing: /home/joanne/bookros2_ws/install/br2_navigation/share/br2_navigation/local_setup.dsv
[3.036s] -- Installing: /home/joanne/bookros2_ws/install/br2_navigation/share/br2_navigation/package.dsv
[3.037s] -- Installing: /home/joanne/bookros2_ws/install/br2_navigation/share/ament_index/resource_index/packages/br2_navigation
[3.037s] -- Installing: /home/joanne/bookros2_ws/install/br2_navigation/share/br2_navigation/cmake/br2_navigationConfig.cmake
[3.037s] -- Installing: /home/joanne/bookros2_ws/install/br2_navigation/share/br2_navigation/cmake/br2_navigationConfig-version.cmake
[3.037s] -- Installing: /home/joanne/bookros2_ws/install/br2_navigation/share/br2_navigation/package.xml
[3.054s] Invoked command in '/home/joanne/bookros2_ws/build/br2_navigation' returned '0': CMAKE_PREFIX_PATH=/opt/ros/foxy /usr/bin/cmake --install /home/joanne/bookros2_ws/build/br2_navigation
