[1.517s] Invoking command in '/home/joanne/bookros2_ws/build/br2_navigation': CMAKE_PREFIX_PATH=${CMAKE_PREFIX_PATH}:/home/joanne/bookros2_ws/install/ros2controlcli:/home/joanne/bookros2_ws/install/launch_pal:/home/joanne/bookros2_ws/install/br2_fsm_bumpgo_py:/home/joanne/nav2_ws/install/nav2_gazebo_spawner:/opt/ros/foxy /usr/bin/cmake --build /home/joanne/bookros2_ws/build/br2_navigation -- -j8 -l8
[1.658s] -- Found ament_cmake_auto: 0.9.12 (/opt/ros/foxy/share/ament_cmake_auto/cmake)
[1.906s] -- Using PYTHON_EXECUTABLE: /usr/bin/python3
[3.039s] -- Override CMake install command with custom implementation using symlinks instead of copying resources
[3.864s] -- Configuring done
[3.922s] -- Generating done
[3.948s] -- Build files have been written to: /home/joanne/bookros2_ws/build/br2_navigation
[4.149s] Invoked command in '/home/joanne/bookros2_ws/build/br2_navigation' returned '0': CMAKE_PREFIX_PATH=${CMAKE_PREFIX_PATH}:/home/joanne/bookros2_ws/install/ros2controlcli:/home/joanne/bookros2_ws/install/launch_pal:/home/joanne/bookros2_ws/install/br2_fsm_bumpgo_py:/home/joanne/nav2_ws/install/nav2_gazebo_spawner:/opt/ros/foxy /usr/bin/cmake --build /home/joanne/bookros2_ws/build/br2_navigation -- -j8 -l8
[4.158s] Invoking command in '/home/joanne/bookros2_ws/build/br2_navigation': CMAKE_PREFIX_PATH=${CMAKE_PREFIX_PATH}:/home/joanne/bookros2_ws/install/ros2controlcli:/home/joanne/bookros2_ws/install/launch_pal:/home/joanne/bookros2_ws/install/br2_fsm_bumpgo_py:/home/joanne/nav2_ws/install/nav2_gazebo_spawner:/opt/ros/foxy /usr/bin/cmake --install /home/joanne/bookros2_ws/build/br2_navigation
[4.237s] -- Install configuration: ""
[4.249s] -- Execute custom install script
[4.250s] -- Up-to-date symlink: /home/joanne/bookros2_ws/install/br2_navigation/share/br2_navigation/launch/navigation_launch.py
[4.254s] -- Up-to-date symlink: /home/joanne/bookros2_ws/install/br2_navigation/share/br2_navigation/launch/tiago_navigation.launch.py
[4.255s] -- Up-to-date symlink: /home/joanne/bookros2_ws/install/br2_navigation/share/br2_navigation/params/mapper_params_online_async.yaml
[4.255s] -- Up-to-date symlink: /home/joanne/bookros2_ws/install/br2_navigation/share/br2_navigation/params/tiago_nav_params.yaml
[4.256s] -- Symlinking: /home/joanne/bookros2_ws/install/br2_navigation/share/br2_navigation/maps/my_map.pgm
[4.312s] -- Symlinking: /home/joanne/bookros2_ws/install/br2_navigation/share/br2_navigation/maps/my_map.yaml
[4.384s] -- Up-to-date symlink: /home/joanne/bookros2_ws/install/br2_navigation/share/ament_index/resource_index/package_run_dependencies/br2_navigation
[4.402s] -- Up-to-date symlink: /home/joanne/bookros2_ws/install/br2_navigation/share/ament_index/resource_index/parent_prefix_path/br2_navigation
[4.402s] -- Up-to-date symlink: /home/joanne/bookros2_ws/install/br2_navigation/share/br2_navigation/environment/ament_prefix_path.sh
[4.406s] -- Up-to-date symlink: /home/joanne/bookros2_ws/install/br2_navigation/share/br2_navigation/environment/ament_prefix_path.dsv
[4.409s] -- Up-to-date symlink: /home/joanne/bookros2_ws/install/br2_navigation/share/br2_navigation/environment/path.sh
[4.411s] -- Up-to-date symlink: /home/joanne/bookros2_ws/install/br2_navigation/share/br2_navigation/environment/path.dsv
[4.412s] -- Up-to-date symlink: /home/joanne/bookros2_ws/install/br2_navigation/share/br2_navigation/local_setup.bash
[4.413s] -- Up-to-date symlink: /home/joanne/bookros2_ws/install/br2_navigation/share/br2_navigation/local_setup.sh
[4.415s] -- Up-to-date symlink: /home/joanne/bookros2_ws/install/br2_navigation/share/br2_navigation/local_setup.zsh
[4.417s] -- Up-to-date symlink: /home/joanne/bookros2_ws/install/br2_navigation/share/br2_navigation/local_setup.dsv
[4.418s] -- Symlinking: /home/joanne/bookros2_ws/install/br2_navigation/share/br2_navigation/package.dsv
[4.534s] -- Up-to-date symlink: /home/joanne/bookros2_ws/install/br2_navigation/share/ament_index/resource_index/packages/br2_navigation
[4.534s] -- Up-to-date symlink: /home/joanne/bookros2_ws/install/br2_navigation/share/br2_navigation/cmake/br2_navigationConfig.cmake
[4.534s] -- Up-to-date symlink: /home/joanne/bookros2_ws/install/br2_navigation/share/br2_navigation/cmake/br2_navigationConfig-version.cmake
[4.535s] -- Up-to-date symlink: /home/joanne/bookros2_ws/install/br2_navigation/share/br2_navigation/package.xml
[4.552s] Invoked command in '/home/joanne/bookros2_ws/build/br2_navigation' returned '0': CMAKE_PREFIX_PATH=${CMAKE_PREFIX_PATH}:/home/joanne/bookros2_ws/install/ros2controlcli:/home/joanne/bookros2_ws/install/launch_pal:/home/joanne/bookros2_ws/install/br2_fsm_bumpgo_py:/home/joanne/nav2_ws/install/nav2_gazebo_spawner:/opt/ros/foxy /usr/bin/cmake --install /home/joanne/bookros2_ws/build/br2_navigation
