[0.060s] Invoking command in '/home/joanne/bookros2_ws/build/pmb2_description': AMENT_PREFIX_PATH=/home/joanne/bookros2_ws/install/pmb2_controller_configuration:/home/joanne/bookros2_ws/install/joint_state_controller:/home/joanne/bookros2_ws/install/joint_state_broadcaster:/home/joanne/bookros2_ws/install/imu_sensor_broadcaster:/home/joanne/bookros2_ws/install/diff_drive_controller:/home/joanne/bookros2_ws/install/controller_manager:/home/joanne/bookros2_ws/install/controller_interface:/home/joanne/bookros2_ws/install/hardware_interface:/home/joanne/bookros2_ws/install/urdf_test:/home/joanne/bookros2_ws/install/ros2_control_test_assets:/home/joanne/bookros2_ws/install/launch_pal:/home/joanne/bookros2_ws/install/controller_manager_msgs:${AMENT_PREFIX_PATH} CMAKE_PREFIX_PATH=/home/joanne/bookros2_ws/install/pmb2_controller_configuration:/home/joanne/bookros2_ws/install/joint_state_controller:/home/joanne/bookros2_ws/install/joint_state_broadcaster:/home/joanne/bookros2_ws/install/imu_sensor_broadcaster:/home/joanne/bookros2_ws/install/diff_drive_controller:/home/joanne/bookros2_ws/install/controller_manager:/home/joanne/bookros2_ws/install/controller_interface:/home/joanne/bookros2_ws/install/hardware_interface:/home/joanne/bookros2_ws/install/urdf_test:/home/joanne/bookros2_ws/install/ros2_control_test_assets:/home/joanne/bookros2_ws/install/controller_manager_msgs:/opt/ros/foxy LD_LIBRARY_PATH=/home/joanne/bookros2_ws/install/joint_state_controller/lib:/home/joanne/bookros2_ws/install/joint_state_broadcaster/lib:/home/joanne/bookros2_ws/install/imu_sensor_broadcaster/lib:/home/joanne/bookros2_ws/install/diff_drive_controller/lib:/home/joanne/bookros2_ws/install/controller_manager/lib:/home/joanne/bookros2_ws/install/controller_interface/lib:/home/joanne/bookros2_ws/install/hardware_interface/lib:/home/joanne/bookros2_ws/install/controller_manager_msgs/lib:${LD_LIBRARY_PATH} PYTHONPATH=/home/joanne/bookros2_ws/install/controller_manager/lib/python3.8/site-packages:/home/joanne/bookros2_ws/install/urdf_test/lib/python3.8/site-packages:/home/joanne/bookros2_ws/build/launch_pal:/home/joanne/bookros2_ws/install/launch_pal/lib/python3.8/site-packages:/home/joanne/bookros2_ws/install/controller_manager_msgs/lib/python3.8/site-packages:${PYTHONPATH} /usr/bin/cmake --build /home/joanne/bookros2_ws/build/pmb2_description -- -j8 -l8
[0.130s] Invoked command in '/home/joanne/bookros2_ws/build/pmb2_description' returned '0': AMENT_PREFIX_PATH=/home/joanne/bookros2_ws/install/pmb2_controller_configuration:/home/joanne/bookros2_ws/install/joint_state_controller:/home/joanne/bookros2_ws/install/joint_state_broadcaster:/home/joanne/bookros2_ws/install/imu_sensor_broadcaster:/home/joanne/bookros2_ws/install/diff_drive_controller:/home/joanne/bookros2_ws/install/controller_manager:/home/joanne/bookros2_ws/install/controller_interface:/home/joanne/bookros2_ws/install/hardware_interface:/home/joanne/bookros2_ws/install/urdf_test:/home/joanne/bookros2_ws/install/ros2_control_test_assets:/home/joanne/bookros2_ws/install/launch_pal:/home/joanne/bookros2_ws/install/controller_manager_msgs:${AMENT_PREFIX_PATH} CMAKE_PREFIX_PATH=/home/joanne/bookros2_ws/install/pmb2_controller_configuration:/home/joanne/bookros2_ws/install/joint_state_controller:/home/joanne/bookros2_ws/install/joint_state_broadcaster:/home/joanne/bookros2_ws/install/imu_sensor_broadcaster:/home/joanne/bookros2_ws/install/diff_drive_controller:/home/joanne/bookros2_ws/install/controller_manager:/home/joanne/bookros2_ws/install/controller_interface:/home/joanne/bookros2_ws/install/hardware_interface:/home/joanne/bookros2_ws/install/urdf_test:/home/joanne/bookros2_ws/install/ros2_control_test_assets:/home/joanne/bookros2_ws/install/controller_manager_msgs:/opt/ros/foxy LD_LIBRARY_PATH=/home/joanne/bookros2_ws/install/joint_state_controller/lib:/home/joanne/bookros2_ws/install/joint_state_broadcaster/lib:/home/joanne/bookros2_ws/install/imu_sensor_broadcaster/lib:/home/joanne/bookros2_ws/install/diff_drive_controller/lib:/home/joanne/bookros2_ws/install/controller_manager/lib:/home/joanne/bookros2_ws/install/controller_interface/lib:/home/joanne/bookros2_ws/install/hardware_interface/lib:/home/joanne/bookros2_ws/install/controller_manager_msgs/lib:${LD_LIBRARY_PATH} PYTHONPATH=/home/joanne/bookros2_ws/install/controller_manager/lib/python3.8/site-packages:/home/joanne/bookros2_ws/install/urdf_test/lib/python3.8/site-packages:/home/joanne/bookros2_ws/build/launch_pal:/home/joanne/bookros2_ws/install/launch_pal/lib/python3.8/site-packages:/home/joanne/bookros2_ws/install/controller_manager_msgs/lib/python3.8/site-packages:${PYTHONPATH} /usr/bin/cmake --build /home/joanne/bookros2_ws/build/pmb2_description -- -j8 -l8
[0.140s] Invoking command in '/home/joanne/bookros2_ws/build/pmb2_description': AMENT_PREFIX_PATH=/home/joanne/bookros2_ws/install/pmb2_controller_configuration:/home/joanne/bookros2_ws/install/joint_state_controller:/home/joanne/bookros2_ws/install/joint_state_broadcaster:/home/joanne/bookros2_ws/install/imu_sensor_broadcaster:/home/joanne/bookros2_ws/install/diff_drive_controller:/home/joanne/bookros2_ws/install/controller_manager:/home/joanne/bookros2_ws/install/controller_interface:/home/joanne/bookros2_ws/install/hardware_interface:/home/joanne/bookros2_ws/install/urdf_test:/home/joanne/bookros2_ws/install/ros2_control_test_assets:/home/joanne/bookros2_ws/install/launch_pal:/home/joanne/bookros2_ws/install/controller_manager_msgs:${AMENT_PREFIX_PATH} CMAKE_PREFIX_PATH=/home/joanne/bookros2_ws/install/pmb2_controller_configuration:/home/joanne/bookros2_ws/install/joint_state_controller:/home/joanne/bookros2_ws/install/joint_state_broadcaster:/home/joanne/bookros2_ws/install/imu_sensor_broadcaster:/home/joanne/bookros2_ws/install/diff_drive_controller:/home/joanne/bookros2_ws/install/controller_manager:/home/joanne/bookros2_ws/install/controller_interface:/home/joanne/bookros2_ws/install/hardware_interface:/home/joanne/bookros2_ws/install/urdf_test:/home/joanne/bookros2_ws/install/ros2_control_test_assets:/home/joanne/bookros2_ws/install/controller_manager_msgs:/opt/ros/foxy LD_LIBRARY_PATH=/home/joanne/bookros2_ws/install/joint_state_controller/lib:/home/joanne/bookros2_ws/install/joint_state_broadcaster/lib:/home/joanne/bookros2_ws/install/imu_sensor_broadcaster/lib:/home/joanne/bookros2_ws/install/diff_drive_controller/lib:/home/joanne/bookros2_ws/install/controller_manager/lib:/home/joanne/bookros2_ws/install/controller_interface/lib:/home/joanne/bookros2_ws/install/hardware_interface/lib:/home/joanne/bookros2_ws/install/controller_manager_msgs/lib:${LD_LIBRARY_PATH} PYTHONPATH=/home/joanne/bookros2_ws/install/controller_manager/lib/python3.8/site-packages:/home/joanne/bookros2_ws/install/urdf_test/lib/python3.8/site-packages:/home/joanne/bookros2_ws/build/launch_pal:/home/joanne/bookros2_ws/install/launch_pal/lib/python3.8/site-packages:/home/joanne/bookros2_ws/install/controller_manager_msgs/lib/python3.8/site-packages:${PYTHONPATH} /usr/bin/cmake --install /home/joanne/bookros2_ws/build/pmb2_description
[0.152s] -- Install configuration: ""
[0.153s] -- Execute custom install script
[0.153s] -- Up-to-date symlink: /home/joanne/bookros2_ws/install/pmb2_description/share/pmb2_description/environment/pythonpath.sh
[0.153s] -- Up-to-date symlink: /home/joanne/bookros2_ws/install/pmb2_description/share/pmb2_description/environment/pythonpath.dsv
[0.154s] -- Up-to-date symlink: /home/joanne/bookros2_ws/install/pmb2_description/lib/python3.8/site-packages/pmb2_description/__init__.py
[0.158s] -- Up-to-date symlink: /home/joanne/bookros2_ws/install/pmb2_description/lib/python3.8/site-packages/pmb2_description/pmb2_launch_utils.py
[0.159s] -- Up-to-date symlink: /home/joanne/bookros2_ws/install/pmb2_description/share/pmb2_description/config/joint_limits.yaml
[0.159s] -- Up-to-date symlink: /home/joanne/bookros2_ws/install/pmb2_description/share/pmb2_description/gazebo/gazebo.urdf.xacro
[0.159s] -- Up-to-date symlink: /home/joanne/bookros2_ws/install/pmb2_description/share/pmb2_description/launch/robot_state_publisher.launch.py
[0.160s] -- Up-to-date symlink: /home/joanne/bookros2_ws/install/pmb2_description/share/pmb2_description/launch/show.launch.py
[0.160s] -- Up-to-date symlink: /home/joanne/bookros2_ws/install/pmb2_description/share/pmb2_description/Media/materials/scripts/markers.material
[0.160s] -- Up-to-date symlink: /home/joanne/bookros2_ws/install/pmb2_description/share/pmb2_description/Media/materials/textures/aruco-26_8cm.png
[0.160s] -- Up-to-date symlink: /home/joanne/bookros2_ws/install/pmb2_description/share/pmb2_description/Media/materials/textures/aruco-582_8cm.png
[0.160s] -- Up-to-date symlink: /home/joanne/bookros2_ws/install/pmb2_description/share/pmb2_description/Media/materials/textures/pal_logo_1_7cm.jpg
[0.160s] -- Up-to-date symlink: /home/joanne/bookros2_ws/install/pmb2_description/share/pmb2_description/Media/materials/textures/pal_logo_2_7cm.jpg
[0.162s] -- Up-to-date symlink: /home/joanne/bookros2_ws/install/pmb2_description/share/pmb2_description/Media/materials/textures/pal_logo_3_7cm.jpg
[0.165s] -- Up-to-date symlink: /home/joanne/bookros2_ws/install/pmb2_description/share/pmb2_description/meshes/base/base.stl
[0.165s] -- Up-to-date symlink: /home/joanne/bookros2_ws/install/pmb2_description/share/pmb2_description/meshes/base/base_collision.dae
[0.166s] -- Up-to-date symlink: /home/joanne/bookros2_ws/install/pmb2_description/share/pmb2_description/meshes/base/base_ring.stl
[0.166s] -- Up-to-date symlink: /home/joanne/bookros2_ws/install/pmb2_description/share/pmb2_description/meshes/base/high_resolution/base.stl
[0.166s] -- Up-to-date symlink: /home/joanne/bookros2_ws/install/pmb2_description/share/pmb2_description/meshes/base/high_resolution/base_collision.stl
[0.166s] -- Up-to-date symlink: /home/joanne/bookros2_ws/install/pmb2_description/share/pmb2_description/meshes/cameras_add_on/cameras_add_on.stl
[0.166s] -- Up-to-date symlink: /home/joanne/bookros2_ws/install/pmb2_description/share/pmb2_description/meshes/cameras_add_on/cameras_add_on_collision.stl
[0.166s] -- Up-to-date symlink: /home/joanne/bookros2_ws/install/pmb2_description/share/pmb2_description/meshes/dock/dock.stl
[0.166s] -- Up-to-date symlink: /home/joanne/bookros2_ws/install/pmb2_description/share/pmb2_description/meshes/dock/dock_collision.stl
[0.166s] -- Up-to-date symlink: /home/joanne/bookros2_ws/install/pmb2_description/share/pmb2_description/meshes/objects/antenna.stl
[0.167s] -- Up-to-date symlink: /home/joanne/bookros2_ws/install/pmb2_description/share/pmb2_description/meshes/objects/cover.stl
[0.167s] -- Up-to-date symlink: /home/joanne/bookros2_ws/install/pmb2_description/share/pmb2_description/meshes/objects/high_resolution/cover.stl
[0.167s] -- Up-to-date symlink: /home/joanne/bookros2_ws/install/pmb2_description/share/pmb2_description/meshes/sensors/bumper.stl
[0.167s] -- Up-to-date symlink: /home/joanne/bookros2_ws/install/pmb2_description/share/pmb2_description/meshes/sensors/bumper_collision.stl
[0.167s] -- Up-to-date symlink: /home/joanne/bookros2_ws/install/pmb2_description/share/pmb2_description/meshes/sensors/elp_camera.stl
[0.167s] -- Up-to-date symlink: /home/joanne/bookros2_ws/install/pmb2_description/share/pmb2_description/meshes/sensors/high_resolution/bumper.stl
[0.167s] -- Up-to-date symlink: /home/joanne/bookros2_ws/install/pmb2_description/share/pmb2_description/meshes/sensors/high_resolution/hokuyo_urg_04lx_ug01.stl
[0.167s] -- Up-to-date symlink: /home/joanne/bookros2_ws/install/pmb2_description/share/pmb2_description/meshes/sensors/high_resolution/sick_tim551.stl
[0.167s] -- Up-to-date symlink: /home/joanne/bookros2_ws/install/pmb2_description/share/pmb2_description/meshes/sensors/high_resolution/srf05.stl
[0.168s] -- Up-to-date symlink: /home/joanne/bookros2_ws/install/pmb2_description/share/pmb2_description/meshes/sensors/high_resolution/xtion_pro_live.stl
[0.168s] -- Up-to-date symlink: /home/joanne/bookros2_ws/install/pmb2_description/share/pmb2_description/meshes/sensors/hokuyo_urg_04lx_ug01.stl
[0.168s] -- Up-to-date symlink: /home/joanne/bookros2_ws/install/pmb2_description/share/pmb2_description/meshes/sensors/sick_tim551.stl
[0.168s] -- Up-to-date symlink: /home/joanne/bookros2_ws/install/pmb2_description/share/pmb2_description/meshes/sensors/srf05.stl
[0.168s] -- Up-to-date symlink: /home/joanne/bookros2_ws/install/pmb2_description/share/pmb2_description/meshes/sensors/structure_sensor.stl
[0.168s] -- Up-to-date symlink: /home/joanne/bookros2_ws/install/pmb2_description/share/pmb2_description/meshes/sensors/xtion_pro_live.dae
[0.169s] -- Up-to-date symlink: /home/joanne/bookros2_ws/install/pmb2_description/share/pmb2_description/meshes/wheels/caster_1.stl
[0.169s] -- Up-to-date symlink: /home/joanne/bookros2_ws/install/pmb2_description/share/pmb2_description/meshes/wheels/caster_2.stl
[0.169s] -- Up-to-date symlink: /home/joanne/bookros2_ws/install/pmb2_description/share/pmb2_description/meshes/wheels/high_resolution/caster_1.stl
[0.169s] -- Up-to-date symlink: /home/joanne/bookros2_ws/install/pmb2_description/share/pmb2_description/meshes/wheels/high_resolution/caster_2.stl
[0.169s] -- Up-to-date symlink: /home/joanne/bookros2_ws/install/pmb2_description/share/pmb2_description/meshes/wheels/high_resolution/wheel.stl
[0.169s] -- Up-to-date symlink: /home/joanne/bookros2_ws/install/pmb2_description/share/pmb2_description/meshes/wheels/wheel.stl
[0.170s] -- Up-to-date symlink: /home/joanne/bookros2_ws/install/pmb2_description/share/pmb2_description/robots/pmb2.urdf.xacro
[0.170s] -- Up-to-date symlink: /home/joanne/bookros2_ws/install/pmb2_description/share/pmb2_description/ros2_control/ros2_control.urdf.xacro
[0.173s] -- Up-to-date symlink: /home/joanne/bookros2_ws/install/pmb2_description/share/pmb2_description/urdf/base/base.urdf.xacro
[0.175s] -- Up-to-date symlink: /home/joanne/bookros2_ws/install/pmb2_description/share/pmb2_description/urdf/base/base_sensors.urdf.xacro
[0.175s] -- Up-to-date symlink: /home/joanne/bookros2_ws/install/pmb2_description/share/pmb2_description/urdf/base/footprint.yaml
[0.175s] -- Up-to-date symlink: /home/joanne/bookros2_ws/install/pmb2_description/share/pmb2_description/urdf/cameras_add_on/cameras_add_on.urdf.xacro
[0.175s] -- Up-to-date symlink: /home/joanne/bookros2_ws/install/pmb2_description/share/pmb2_description/urdf/deg_to_rad.xacro
[0.176s] -- Up-to-date symlink: /home/joanne/bookros2_ws/install/pmb2_description/share/pmb2_description/urdf/dock/dock.urdf.xacro
[0.176s] -- Up-to-date symlink: /home/joanne/bookros2_ws/install/pmb2_description/share/pmb2_description/urdf/materials.urdf.xacro
[0.177s] -- Up-to-date symlink: /home/joanne/bookros2_ws/install/pmb2_description/share/pmb2_description/urdf/objects/antenna.urdf.xacro
[0.177s] -- Up-to-date symlink: /home/joanne/bookros2_ws/install/pmb2_description/share/pmb2_description/urdf/objects/cover.urdf.xacro
[0.181s] -- Up-to-date symlink: /home/joanne/bookros2_ws/install/pmb2_description/share/pmb2_description/urdf/sensors/bumper.gazebo.xacro
[0.181s] -- Up-to-date symlink: /home/joanne/bookros2_ws/install/pmb2_description/share/pmb2_description/urdf/sensors/bumper.urdf.xacro
[0.181s] -- Up-to-date symlink: /home/joanne/bookros2_ws/install/pmb2_description/share/pmb2_description/urdf/sensors/courier.urdf.xacro
[0.181s] -- Up-to-date symlink: /home/joanne/bookros2_ws/install/pmb2_description/share/pmb2_description/urdf/sensors/elp_rgb.gazebo.xacro
[0.181s] -- Up-to-date symlink: /home/joanne/bookros2_ws/install/pmb2_description/share/pmb2_description/urdf/sensors/elp_rgb.urdf.xacro
[0.182s] -- Up-to-date symlink: /home/joanne/bookros2_ws/install/pmb2_description/share/pmb2_description/urdf/sensors/hokuyo_urg_04lx_ug01_laser.gazebo.xacro
[0.182s] -- Up-to-date symlink: /home/joanne/bookros2_ws/install/pmb2_description/share/pmb2_description/urdf/sensors/hokuyo_urg_04lx_ug01_laser.urdf.xacro
[0.182s] -- Up-to-date symlink: /home/joanne/bookros2_ws/install/pmb2_description/share/pmb2_description/urdf/sensors/imu.urdf.xacro
[0.182s] -- Up-to-date symlink: /home/joanne/bookros2_ws/install/pmb2_description/share/pmb2_description/urdf/sensors/microphone.urdf.xacro
[0.185s] -- Up-to-date symlink: /home/joanne/bookros2_ws/install/pmb2_description/share/pmb2_description/urdf/sensors/range.gazebo.xacro
[0.185s] -- Up-to-date symlink: /home/joanne/bookros2_ws/install/pmb2_description/share/pmb2_description/urdf/sensors/range.urdf.xacro
[0.185s] -- Up-to-date symlink: /home/joanne/bookros2_ws/install/pmb2_description/share/pmb2_description/urdf/sensors/sensors.ros2_control.xacro
[0.185s] -- Up-to-date symlink: /home/joanne/bookros2_ws/install/pmb2_description/share/pmb2_description/urdf/sensors/sick_tim551_laser.gazebo.xacro
[0.186s] -- Up-to-date symlink: /home/joanne/bookros2_ws/install/pmb2_description/share/pmb2_description/urdf/sensors/sick_tim551_laser.urdf.xacro
[0.186s] -- Up-to-date symlink: /home/joanne/bookros2_ws/install/pmb2_description/share/pmb2_description/urdf/sensors/sick_tim561_laser.gazebo.xacro
[0.186s] -- Up-to-date symlink: /home/joanne/bookros2_ws/install/pmb2_description/share/pmb2_description/urdf/sensors/sick_tim561_laser.urdf.xacro
[0.187s] -- Up-to-date symlink: /home/joanne/bookros2_ws/install/pmb2_description/share/pmb2_description/urdf/sensors/sick_tim571_laser.gazebo.xacro
[0.187s] -- Up-to-date symlink: /home/joanne/bookros2_ws/install/pmb2_description/share/pmb2_description/urdf/sensors/sick_tim571_laser.urdf.xacro
[0.188s] -- Up-to-date symlink: /home/joanne/bookros2_ws/install/pmb2_description/share/pmb2_description/urdf/sensors/structure_sensor.gazebo.xacro
[0.188s] -- Up-to-date symlink: /home/joanne/bookros2_ws/install/pmb2_description/share/pmb2_description/urdf/sensors/structure_sensor.urdf.xacro
[0.188s] -- Up-to-date symlink: /home/joanne/bookros2_ws/install/pmb2_description/share/pmb2_description/urdf/wheels/caster.gazebo.xacro
[0.189s] -- Up-to-date symlink: /home/joanne/bookros2_ws/install/pmb2_description/share/pmb2_description/urdf/wheels/caster.urdf.xacro
[0.189s] -- Up-to-date symlink: /home/joanne/bookros2_ws/install/pmb2_description/share/pmb2_description/urdf/wheels/wheel.gazebo.xacro
[0.189s] -- Up-to-date symlink: /home/joanne/bookros2_ws/install/pmb2_description/share/pmb2_description/urdf/wheels/wheel.ros2_control.xacro
[0.189s] -- Up-to-date symlink: /home/joanne/bookros2_ws/install/pmb2_description/share/pmb2_description/urdf/wheels/wheel.urdf.xacro
[0.190s] -- Up-to-date symlink: /home/joanne/bookros2_ws/install/pmb2_description/share/ament_index/resource_index/package_run_dependencies/pmb2_description
[0.190s] -- Up-to-date symlink: /home/joanne/bookros2_ws/install/pmb2_description/share/ament_index/resource_index/parent_prefix_path/pmb2_description
[0.190s] -- Up-to-date symlink: /home/joanne/bookros2_ws/install/pmb2_description/share/pmb2_description/environment/ament_prefix_path.sh
[0.190s] -- Up-to-date symlink: /home/joanne/bookros2_ws/install/pmb2_description/share/pmb2_description/environment/ament_prefix_path.dsv
[0.190s] -- Up-to-date symlink: /home/joanne/bookros2_ws/install/pmb2_description/share/pmb2_description/environment/path.sh
[0.192s] -- Up-to-date symlink: /home/joanne/bookros2_ws/install/pmb2_description/share/pmb2_description/environment/path.dsv
[0.192s] -- Up-to-date symlink: /home/joanne/bookros2_ws/install/pmb2_description/share/pmb2_description/local_setup.bash
[0.193s] -- Up-to-date symlink: /home/joanne/bookros2_ws/install/pmb2_description/share/pmb2_description/local_setup.sh
[0.193s] -- Up-to-date symlink: /home/joanne/bookros2_ws/install/pmb2_description/share/pmb2_description/local_setup.zsh
[0.193s] -- Up-to-date symlink: /home/joanne/bookros2_ws/install/pmb2_description/share/pmb2_description/local_setup.dsv
[0.193s] -- Symlinking: /home/joanne/bookros2_ws/install/pmb2_description/share/pmb2_description/package.dsv
[0.196s] -- Up-to-date symlink: /home/joanne/bookros2_ws/install/pmb2_description/share/ament_index/resource_index/packages/pmb2_description
[0.196s] -- Up-to-date symlink: /home/joanne/bookros2_ws/install/pmb2_description/share/pmb2_description/cmake/pmb2_descriptionConfig.cmake
[0.199s] -- Up-to-date symlink: /home/joanne/bookros2_ws/install/pmb2_description/share/pmb2_description/cmake/pmb2_descriptionConfig-version.cmake
[0.199s] -- Up-to-date symlink: /home/joanne/bookros2_ws/install/pmb2_description/share/pmb2_description/package.xml
[0.237s] Listing '/home/joanne/bookros2_ws/install/pmb2_description/lib/python3.8/site-packages/pmb2_description'...
[0.247s] Invoked command in '/home/joanne/bookros2_ws/build/pmb2_description' returned '0': AMENT_PREFIX_PATH=/home/joanne/bookros2_ws/install/pmb2_controller_configuration:/home/joanne/bookros2_ws/install/joint_state_controller:/home/joanne/bookros2_ws/install/joint_state_broadcaster:/home/joanne/bookros2_ws/install/imu_sensor_broadcaster:/home/joanne/bookros2_ws/install/diff_drive_controller:/home/joanne/bookros2_ws/install/controller_manager:/home/joanne/bookros2_ws/install/controller_interface:/home/joanne/bookros2_ws/install/hardware_interface:/home/joanne/bookros2_ws/install/urdf_test:/home/joanne/bookros2_ws/install/ros2_control_test_assets:/home/joanne/bookros2_ws/install/launch_pal:/home/joanne/bookros2_ws/install/controller_manager_msgs:${AMENT_PREFIX_PATH} CMAKE_PREFIX_PATH=/home/joanne/bookros2_ws/install/pmb2_controller_configuration:/home/joanne/bookros2_ws/install/joint_state_controller:/home/joanne/bookros2_ws/install/joint_state_broadcaster:/home/joanne/bookros2_ws/install/imu_sensor_broadcaster:/home/joanne/bookros2_ws/install/diff_drive_controller:/home/joanne/bookros2_ws/install/controller_manager:/home/joanne/bookros2_ws/install/controller_interface:/home/joanne/bookros2_ws/install/hardware_interface:/home/joanne/bookros2_ws/install/urdf_test:/home/joanne/bookros2_ws/install/ros2_control_test_assets:/home/joanne/bookros2_ws/install/controller_manager_msgs:/opt/ros/foxy LD_LIBRARY_PATH=/home/joanne/bookros2_ws/install/joint_state_controller/lib:/home/joanne/bookros2_ws/install/joint_state_broadcaster/lib:/home/joanne/bookros2_ws/install/imu_sensor_broadcaster/lib:/home/joanne/bookros2_ws/install/diff_drive_controller/lib:/home/joanne/bookros2_ws/install/controller_manager/lib:/home/joanne/bookros2_ws/install/controller_interface/lib:/home/joanne/bookros2_ws/install/hardware_interface/lib:/home/joanne/bookros2_ws/install/controller_manager_msgs/lib:${LD_LIBRARY_PATH} PYTHONPATH=/home/joanne/bookros2_ws/install/controller_manager/lib/python3.8/site-packages:/home/joanne/bookros2_ws/install/urdf_test/lib/python3.8/site-packages:/home/joanne/bookros2_ws/build/launch_pal:/home/joanne/bookros2_ws/install/launch_pal/lib/python3.8/site-packages:/home/joanne/bookros2_ws/install/controller_manager_msgs/lib/python3.8/site-packages:${PYTHONPATH} /usr/bin/cmake --install /home/joanne/bookros2_ws/build/pmb2_description
