[0.058s] Invoking command in '/home/joanne/bookros2_ws/build/forward_command_controller': AMENT_PREFIX_PATH=/home/joanne/bookros2_ws/install/controller_manager:/home/joanne/bookros2_ws/install/controller_interface:/home/joanne/bookros2_ws/install/hardware_interface:/home/joanne/bookros2_ws/install/ros2_control_test_assets:/home/joanne/bookros2_ws/install/controller_manager_msgs:${AMENT_PREFIX_PATH} CMAKE_PREFIX_PATH=/home/joanne/bookros2_ws/install/controller_manager:/home/joanne/bookros2_ws/install/controller_interface:/home/joanne/bookros2_ws/install/hardware_interface:/home/joanne/bookros2_ws/install/ros2_control_test_assets:/home/joanne/bookros2_ws/install/controller_manager_msgs:/opt/ros/foxy LD_LIBRARY_PATH=/home/joanne/bookros2_ws/install/controller_manager/lib:/home/joanne/bookros2_ws/install/controller_interface/lib:/home/joanne/bookros2_ws/install/hardware_interface/lib:/home/joanne/bookros2_ws/install/controller_manager_msgs/lib:${LD_LIBRARY_PATH} PYTHONPATH=/home/joanne/bookros2_ws/install/controller_manager/lib/python3.8/site-packages:/home/joanne/bookros2_ws/install/controller_manager_msgs/lib/python3.8/site-packages:${PYTHONPATH} /usr/bin/cmake --build /home/joanne/bookros2_ws/build/forward_command_controller -- -j8 -l8
[0.167s] [ 18%] Built target gmock_main
[0.180s] [ 45%] Built target gmock
[0.222s] [ 63%] Built target forward_command_controller
[0.300s] [ 81%] Built target test_load_forward_command_controller
[0.333s] [100%] Built target test_forward_command_controller
[0.383s] Invoked command in '/home/joanne/bookros2_ws/build/forward_command_controller' returned '0': AMENT_PREFIX_PATH=/home/joanne/bookros2_ws/install/controller_manager:/home/joanne/bookros2_ws/install/controller_interface:/home/joanne/bookros2_ws/install/hardware_interface:/home/joanne/bookros2_ws/install/ros2_control_test_assets:/home/joanne/bookros2_ws/install/controller_manager_msgs:${AMENT_PREFIX_PATH} CMAKE_PREFIX_PATH=/home/joanne/bookros2_ws/install/controller_manager:/home/joanne/bookros2_ws/install/controller_interface:/home/joanne/bookros2_ws/install/hardware_interface:/home/joanne/bookros2_ws/install/ros2_control_test_assets:/home/joanne/bookros2_ws/install/controller_manager_msgs:/opt/ros/foxy LD_LIBRARY_PATH=/home/joanne/bookros2_ws/install/controller_manager/lib:/home/joanne/bookros2_ws/install/controller_interface/lib:/home/joanne/bookros2_ws/install/hardware_interface/lib:/home/joanne/bookros2_ws/install/controller_manager_msgs/lib:${LD_LIBRARY_PATH} PYTHONPATH=/home/joanne/bookros2_ws/install/controller_manager/lib/python3.8/site-packages:/home/joanne/bookros2_ws/install/controller_manager_msgs/lib/python3.8/site-packages:${PYTHONPATH} /usr/bin/cmake --build /home/joanne/bookros2_ws/build/forward_command_controller -- -j8 -l8
[0.386s] Invoking command in '/home/joanne/bookros2_ws/build/forward_command_controller': AMENT_PREFIX_PATH=/home/joanne/bookros2_ws/install/controller_manager:/home/joanne/bookros2_ws/install/controller_interface:/home/joanne/bookros2_ws/install/hardware_interface:/home/joanne/bookros2_ws/install/ros2_control_test_assets:/home/joanne/bookros2_ws/install/controller_manager_msgs:${AMENT_PREFIX_PATH} CMAKE_PREFIX_PATH=/home/joanne/bookros2_ws/install/controller_manager:/home/joanne/bookros2_ws/install/controller_interface:/home/joanne/bookros2_ws/install/hardware_interface:/home/joanne/bookros2_ws/install/ros2_control_test_assets:/home/joanne/bookros2_ws/install/controller_manager_msgs:/opt/ros/foxy LD_LIBRARY_PATH=/home/joanne/bookros2_ws/install/controller_manager/lib:/home/joanne/bookros2_ws/install/controller_interface/lib:/home/joanne/bookros2_ws/install/hardware_interface/lib:/home/joanne/bookros2_ws/install/controller_manager_msgs/lib:${LD_LIBRARY_PATH} PYTHONPATH=/home/joanne/bookros2_ws/install/controller_manager/lib/python3.8/site-packages:/home/joanne/bookros2_ws/install/controller_manager_msgs/lib/python3.8/site-packages:${PYTHONPATH} /usr/bin/cmake --install /home/joanne/bookros2_ws/build/forward_command_controller
[0.425s] -- Install configuration: ""
[0.425s] -- Execute custom install script
[0.426s] -- Up-to-date symlink: /home/joanne/bookros2_ws/install/forward_command_controller/share/forward_command_controller//forward_command_plugin.xml
[0.426s] -- Up-to-date symlink: /home/joanne/bookros2_ws/install/forward_command_controller/include/forward_command_controller/forward_command_controller.hpp
[0.426s] -- Up-to-date symlink: /home/joanne/bookros2_ws/install/forward_command_controller/include/forward_command_controller/visibility_control.h
[0.433s] -- Up-to-date symlink: /home/joanne/bookros2_ws/install/forward_command_controller/lib/libforward_command_controller.so
[0.433s] -- Up-to-date symlink: /home/joanne/bookros2_ws/install/forward_command_controller/share/forward_command_controller/environment/library_path.sh
[0.433s] -- Up-to-date symlink: /home/joanne/bookros2_ws/install/forward_command_controller/share/forward_command_controller/environment/library_path.dsv
[0.433s] -- Up-to-date symlink: /home/joanne/bookros2_ws/install/forward_command_controller/share/ament_index/resource_index/package_run_dependencies/forward_command_controller
[0.434s] -- Up-to-date symlink: /home/joanne/bookros2_ws/install/forward_command_controller/share/ament_index/resource_index/parent_prefix_path/forward_command_controller
[0.434s] -- Up-to-date symlink: /home/joanne/bookros2_ws/install/forward_command_controller/share/forward_command_controller/environment/ament_prefix_path.sh
[0.435s] -- Up-to-date symlink: /home/joanne/bookros2_ws/install/forward_command_controller/share/forward_command_controller/environment/ament_prefix_path.dsv
[0.435s] -- Up-to-date symlink: /home/joanne/bookros2_ws/install/forward_command_controller/share/forward_command_controller/environment/path.sh
[0.435s] -- Up-to-date symlink: /home/joanne/bookros2_ws/install/forward_command_controller/share/forward_command_controller/environment/path.dsv
[0.441s] -- Up-to-date symlink: /home/joanne/bookros2_ws/install/forward_command_controller/share/forward_command_controller/local_setup.bash
[0.442s] -- Up-to-date symlink: /home/joanne/bookros2_ws/install/forward_command_controller/share/forward_command_controller/local_setup.sh
[0.442s] -- Up-to-date symlink: /home/joanne/bookros2_ws/install/forward_command_controller/share/forward_command_controller/local_setup.zsh
[0.444s] -- Up-to-date symlink: /home/joanne/bookros2_ws/install/forward_command_controller/share/forward_command_controller/local_setup.dsv
[0.444s] -- Symlinking: /home/joanne/bookros2_ws/install/forward_command_controller/share/forward_command_controller/package.dsv
[0.460s] -- Up-to-date symlink: /home/joanne/bookros2_ws/install/forward_command_controller/share/ament_index/resource_index/packages/forward_command_controller
[0.461s] -- Up-to-date symlink: /home/joanne/bookros2_ws/install/forward_command_controller/share/ament_index/resource_index/controller_interface__pluginlib__plugin/forward_command_controller
[0.461s] -- Up-to-date symlink: /home/joanne/bookros2_ws/install/forward_command_controller/share/forward_command_controller/cmake/ament_cmake_export_dependencies-extras.cmake
[0.463s] -- Up-to-date symlink: /home/joanne/bookros2_ws/install/forward_command_controller/share/forward_command_controller/cmake/ament_cmake_export_include_directories-extras.cmake
[0.476s] -- Up-to-date symlink: /home/joanne/bookros2_ws/install/forward_command_controller/share/forward_command_controller/cmake/ament_cmake_export_libraries-extras.cmake
[0.476s] -- Up-to-date symlink: /home/joanne/bookros2_ws/install/forward_command_controller/share/forward_command_controller/cmake/forward_command_controllerConfig.cmake
[0.476s] -- Up-to-date symlink: /home/joanne/bookros2_ws/install/forward_command_controller/share/forward_command_controller/cmake/forward_command_controllerConfig-version.cmake
[0.476s] -- Up-to-date symlink: /home/joanne/bookros2_ws/install/forward_command_controller/share/forward_command_controller/package.xml
[0.477s] Invoked command in '/home/joanne/bookros2_ws/build/forward_command_controller' returned '0': AMENT_PREFIX_PATH=/home/joanne/bookros2_ws/install/controller_manager:/home/joanne/bookros2_ws/install/controller_interface:/home/joanne/bookros2_ws/install/hardware_interface:/home/joanne/bookros2_ws/install/ros2_control_test_assets:/home/joanne/bookros2_ws/install/controller_manager_msgs:${AMENT_PREFIX_PATH} CMAKE_PREFIX_PATH=/home/joanne/bookros2_ws/install/controller_manager:/home/joanne/bookros2_ws/install/controller_interface:/home/joanne/bookros2_ws/install/hardware_interface:/home/joanne/bookros2_ws/install/ros2_control_test_assets:/home/joanne/bookros2_ws/install/controller_manager_msgs:/opt/ros/foxy LD_LIBRARY_PATH=/home/joanne/bookros2_ws/install/controller_manager/lib:/home/joanne/bookros2_ws/install/controller_interface/lib:/home/joanne/bookros2_ws/install/hardware_interface/lib:/home/joanne/bookros2_ws/install/controller_manager_msgs/lib:${LD_LIBRARY_PATH} PYTHONPATH=/home/joanne/bookros2_ws/install/controller_manager/lib/python3.8/site-packages:/home/joanne/bookros2_ws/install/controller_manager_msgs/lib/python3.8/site-packages:${PYTHONPATH} /usr/bin/cmake --install /home/joanne/bookros2_ws/build/forward_command_controller
