[0.066s] Invoking command in '/home/joanne/oldbookros2_ws/build/controller_manager_msgs': CMAKE_PREFIX_PATH=/opt/ros/foxy /usr/bin/cmake --build /home/joanne/oldbookros2_ws/build/controller_manager_msgs -- -j8 -l8
[0.448s] -- The C compiler identification is GNU 9.4.0
[0.448s] CMake Error: The current CMakeCache.txt directory /home/joanne/oldbookros2_ws/build/controller_manager_msgs/CMakeCache.txt is different than the directory /home/joanne/bookros2_ws/build/controller_manager_msgs where CMakeCache.txt was created. This may result in binaries being created in the wrong place. If you are not sure, reedit the CMakeCache.txt
[0.476s] -- The CXX compiler identification is GNU 9.4.0
[0.483s] -- Check for working C compiler: /usr/bin/cc
[0.608s] -- Check for working C compiler: /usr/bin/cc -- works
[0.612s] -- Detecting C compiler ABI info
[0.732s] -- Detecting C compiler ABI info - done
[0.765s] -- Detecting C compile features
[0.766s] -- Detecting C compile features - done
[0.772s] -- Check for working CXX compiler: /usr/bin/c++
[0.905s] -- Check for working CXX compiler: /usr/bin/c++ -- works
[0.906s] -- Detecting CXX compiler ABI info
[1.045s] -- Detecting CXX compiler ABI info - done
[1.070s] -- Detecting CXX compile features
[1.071s] -- Detecting CXX compile features - done
[1.074s] -- Found ament_cmake: 0.9.12 (/opt/ros/foxy/share/ament_cmake/cmake)
[1.117s] -- Found PythonInterp: /usr/bin/python3 (found suitable version "3.8.10", minimum required is "3") 
[1.117s] -- Using PYTHON_EXECUTABLE: /usr/bin/python3
[1.520s] -- Found builtin_interfaces: 1.0.0 (/opt/ros/foxy/share/builtin_interfaces/cmake)
[1.576s] -- Using all available rosidl_typesupport_c: rosidl_typesupport_fastrtps_c;rosidl_typesupport_introspection_c
[1.591s] -- Found rosidl_adapter: 1.3.1 (/opt/ros/foxy/share/rosidl_adapter/cmake)
[1.744s] -- Found OpenSSL: /usr/lib/x86_64-linux-gnu/libcrypto.so (found version "1.1.1f")  
[1.782s] -- Found FastRTPS: /opt/ros/foxy/include  
[1.886s] -- Using all available rosidl_typesupport_cpp: rosidl_typesupport_fastrtps_cpp;rosidl_typesupport_introspection_cpp
[1.918s] -- Found rosidl_default_generators: 1.0.1 (/opt/ros/foxy/share/rosidl_default_generators/cmake)
[1.931s] -- Found ament_lint_auto: 0.9.8 (/opt/ros/foxy/share/ament_lint_auto/cmake)
[2.027s] -- Found PythonInterp: /usr/bin/python3 (found version "3.8.10") 
[2.208s] -- Found ament_cmake_ros: 0.9.2 (/opt/ros/foxy/share/ament_cmake_ros/cmake)
[2.321s] -- Using all available rosidl_typesupport_c: rosidl_typesupport_fastrtps_c;rosidl_typesupport_introspection_c
[2.340s] -- Using all available rosidl_typesupport_cpp: rosidl_typesupport_fastrtps_cpp;rosidl_typesupport_introspection_cpp
[2.361s] -- Found PythonInterp: /usr/bin/python3 (found suitable version "3.8.10", minimum required is "3.5") 
[2.363s] -- Found python_cmake_module: 0.8.1 (/opt/ros/foxy/share/python_cmake_module/cmake)
[2.386s] -- Found PythonLibs: /usr/lib/x86_64-linux-gnu/libpython3.8.so (found suitable version "3.8.10", minimum required is "3.5") 
[2.386s] -- Using PYTHON_EXECUTABLE: /usr/bin/python3
[2.386s] -- Using PYTHON_INCLUDE_DIRS: /usr/include/python3.8
[2.386s] -- Using PYTHON_LIBRARIES: /usr/lib/x86_64-linux-gnu/libpython3.8.so
[2.403s] -- Found PythonExtra: .so  
[2.445s] -- Added test 'copyright' to check source files copyright and LICENSE
[2.446s] -- Added test 'lint_cmake' to check CMake code style
[2.447s] -- Added test 'xmllint' to check XML markup files
[2.454s] -- Configuring done
[2.513s] -- Generating done
[2.515s] -- Build files have been written to: /home/joanne/bookros2_ws/build/controller_manager_msgs
[2.544s] [35m[1mScanning dependencies of target controller_manager_msgs__cpp[0m
[2.545s] [35m[1mScanning dependencies of target controller_manager_msgs__rosidl_generator_c[0m
[2.554s] [  0%] Built target controller_manager_msgs__cpp
[2.558s] [ 12%] Built target controller_manager_msgs__rosidl_generator_c
[2.571s] [35m[1mScanning dependencies of target controller_manager_msgs__rosidl_typesupport_cpp[0m
[2.574s] [35m[1mScanning dependencies of target controller_manager_msgs__rosidl_typesupport_fastrtps_cpp[0m
[2.575s] [35m[1mScanning dependencies of target controller_manager_msgs__rosidl_typesupport_introspection_cpp[0m
[2.576s] [35m[1mScanning dependencies of target controller_manager_msgs__rosidl_typesupport_c[0m
[2.579s] [35m[1mScanning dependencies of target controller_manager_msgs__rosidl_typesupport_introspection_c[0m
[2.591s] [ 24%] Built target controller_manager_msgs__rosidl_typesupport_cpp
[2.593s] [ 36%] Built target controller_manager_msgs__rosidl_typesupport_c
[2.593s] [ 48%] Built target controller_manager_msgs__rosidl_typesupport_introspection_cpp
[2.599s] [ 60%] Built target controller_manager_msgs__rosidl_typesupport_introspection_c
[2.600s] [ 72%] Built target controller_manager_msgs__rosidl_typesupport_fastrtps_cpp
[2.614s] [35m[1mScanning dependencies of target controller_manager_msgs__rosidl_typesupport_fastrtps_c[0m
[2.631s] [ 84%] Built target controller_manager_msgs__rosidl_typesupport_fastrtps_c
[2.640s] [35m[1mScanning dependencies of target controller_manager_msgs[0m
[2.649s] [ 84%] Built target controller_manager_msgs
[2.658s] [35m[1mScanning dependencies of target controller_manager_msgs__py[0m
[2.668s] [ 85%] Built target controller_manager_msgs__py
[2.683s] [35m[1mScanning dependencies of target controller_manager_msgs__python[0m
[2.703s] [ 96%] Built target controller_manager_msgs__python
[2.713s] [35m[1mScanning dependencies of target controller_manager_msgs__rosidl_typesupport_c__pyext[0m
[2.714s] [35m[1mScanning dependencies of target controller_manager_msgs__rosidl_typesupport_introspection_c__pyext[0m
[2.714s] [35m[1mScanning dependencies of target controller_manager_msgs__rosidl_typesupport_fastrtps_c__pyext[0m
[2.728s] [ 98%] Built target controller_manager_msgs__rosidl_typesupport_c__pyext
[2.728s] [ 99%] Built target controller_manager_msgs__rosidl_typesupport_introspection_c__pyext
[2.728s] [100%] Built target controller_manager_msgs__rosidl_typesupport_fastrtps_c__pyext
