[0.068s] Invoking command in '/home/joanne/bookros2_ws/build/diff_drive_controller': AMENT_PREFIX_PATH=/home/joanne/bookros2_ws/install/controller_manager:/home/joanne/bookros2_ws/install/controller_interface:/home/joanne/bookros2_ws/install/hardware_interface:/home/joanne/bookros2_ws/install/ros2_control_test_assets:/home/joanne/bookros2_ws/install/controller_manager_msgs:${AMENT_PREFIX_PATH} CMAKE_PREFIX_PATH=/home/joanne/bookros2_ws/install/controller_manager:/home/joanne/bookros2_ws/install/controller_interface:/home/joanne/bookros2_ws/install/hardware_interface:/home/joanne/bookros2_ws/install/ros2_control_test_assets:/home/joanne/bookros2_ws/install/controller_manager_msgs:/opt/ros/foxy LD_LIBRARY_PATH=/home/joanne/bookros2_ws/install/controller_manager/lib:/home/joanne/bookros2_ws/install/controller_interface/lib:/home/joanne/bookros2_ws/install/hardware_interface/lib:/home/joanne/bookros2_ws/install/controller_manager_msgs/lib:${LD_LIBRARY_PATH} PYTHONPATH=/home/joanne/bookros2_ws/install/controller_manager/lib/python3.8/site-packages:/home/joanne/bookros2_ws/install/controller_manager_msgs/lib/python3.8/site-packages:${PYTHONPATH} /usr/bin/cmake --build /home/joanne/bookros2_ws/build/diff_drive_controller -- -j8 -l8
[0.265s] [ 20%] Built target gmock
[0.296s] [ 33%] Built target gmock_main
[0.337s] [ 60%] Built target diff_drive_controller
[0.362s] [ 73%] Built target test_accumulator
[0.435s] [ 86%] Built target test_load_diff_drive_controller
[0.487s] [100%] Built target test_diff_drive_controller
[0.588s] Invoked command in '/home/joanne/bookros2_ws/build/diff_drive_controller' returned '0': AMENT_PREFIX_PATH=/home/joanne/bookros2_ws/install/controller_manager:/home/joanne/bookros2_ws/install/controller_interface:/home/joanne/bookros2_ws/install/hardware_interface:/home/joanne/bookros2_ws/install/ros2_control_test_assets:/home/joanne/bookros2_ws/install/controller_manager_msgs:${AMENT_PREFIX_PATH} CMAKE_PREFIX_PATH=/home/joanne/bookros2_ws/install/controller_manager:/home/joanne/bookros2_ws/install/controller_interface:/home/joanne/bookros2_ws/install/hardware_interface:/home/joanne/bookros2_ws/install/ros2_control_test_assets:/home/joanne/bookros2_ws/install/controller_manager_msgs:/opt/ros/foxy LD_LIBRARY_PATH=/home/joanne/bookros2_ws/install/controller_manager/lib:/home/joanne/bookros2_ws/install/controller_interface/lib:/home/joanne/bookros2_ws/install/hardware_interface/lib:/home/joanne/bookros2_ws/install/controller_manager_msgs/lib:${LD_LIBRARY_PATH} PYTHONPATH=/home/joanne/bookros2_ws/install/controller_manager/lib/python3.8/site-packages:/home/joanne/bookros2_ws/install/controller_manager_msgs/lib/python3.8/site-packages:${PYTHONPATH} /usr/bin/cmake --build /home/joanne/bookros2_ws/build/diff_drive_controller -- -j8 -l8
[0.592s] Invoking command in '/home/joanne/bookros2_ws/build/diff_drive_controller': AMENT_PREFIX_PATH=/home/joanne/bookros2_ws/install/controller_manager:/home/joanne/bookros2_ws/install/controller_interface:/home/joanne/bookros2_ws/install/hardware_interface:/home/joanne/bookros2_ws/install/ros2_control_test_assets:/home/joanne/bookros2_ws/install/controller_manager_msgs:${AMENT_PREFIX_PATH} CMAKE_PREFIX_PATH=/home/joanne/bookros2_ws/install/controller_manager:/home/joanne/bookros2_ws/install/controller_interface:/home/joanne/bookros2_ws/install/hardware_interface:/home/joanne/bookros2_ws/install/ros2_control_test_assets:/home/joanne/bookros2_ws/install/controller_manager_msgs:/opt/ros/foxy LD_LIBRARY_PATH=/home/joanne/bookros2_ws/install/controller_manager/lib:/home/joanne/bookros2_ws/install/controller_interface/lib:/home/joanne/bookros2_ws/install/hardware_interface/lib:/home/joanne/bookros2_ws/install/controller_manager_msgs/lib:${LD_LIBRARY_PATH} PYTHONPATH=/home/joanne/bookros2_ws/install/controller_manager/lib/python3.8/site-packages:/home/joanne/bookros2_ws/install/controller_manager_msgs/lib/python3.8/site-packages:${PYTHONPATH} /usr/bin/cmake --install /home/joanne/bookros2_ws/build/diff_drive_controller
[0.605s] -- Install configuration: ""
[0.606s] -- Execute custom install script
[0.607s] -- Up-to-date symlink: /home/joanne/bookros2_ws/install/diff_drive_controller/share/diff_drive_controller//diff_drive_plugin.xml
[0.608s] -- Up-to-date symlink: /home/joanne/bookros2_ws/install/diff_drive_controller/include/diff_drive_controller/diff_drive_controller.hpp
[0.608s] -- Up-to-date symlink: /home/joanne/bookros2_ws/install/diff_drive_controller/include/diff_drive_controller/odometry.hpp
[0.608s] -- Up-to-date symlink: /home/joanne/bookros2_ws/install/diff_drive_controller/include/diff_drive_controller/rolling_mean_accumulator.hpp
[0.609s] -- Up-to-date symlink: /home/joanne/bookros2_ws/install/diff_drive_controller/include/diff_drive_controller/speed_limiter.hpp
[0.610s] -- Up-to-date symlink: /home/joanne/bookros2_ws/install/diff_drive_controller/include/diff_drive_controller/visibility_control.h
[0.610s] -- Up-to-date symlink: /home/joanne/bookros2_ws/install/diff_drive_controller/lib/libdiff_drive_controller.so
[0.610s] -- Up-to-date symlink: /home/joanne/bookros2_ws/install/diff_drive_controller/share/diff_drive_controller/environment/library_path.sh
[0.610s] -- Up-to-date symlink: /home/joanne/bookros2_ws/install/diff_drive_controller/share/diff_drive_controller/environment/library_path.dsv
[0.611s] -- Up-to-date symlink: /home/joanne/bookros2_ws/install/diff_drive_controller/share/ament_index/resource_index/package_run_dependencies/diff_drive_controller
[0.611s] -- Up-to-date symlink: /home/joanne/bookros2_ws/install/diff_drive_controller/share/ament_index/resource_index/parent_prefix_path/diff_drive_controller
[0.612s] -- Up-to-date symlink: /home/joanne/bookros2_ws/install/diff_drive_controller/share/diff_drive_controller/environment/ament_prefix_path.sh
[0.612s] -- Up-to-date symlink: /home/joanne/bookros2_ws/install/diff_drive_controller/share/diff_drive_controller/environment/ament_prefix_path.dsv
[0.613s] -- Up-to-date symlink: /home/joanne/bookros2_ws/install/diff_drive_controller/share/diff_drive_controller/environment/path.sh
[0.613s] -- Up-to-date symlink: /home/joanne/bookros2_ws/install/diff_drive_controller/share/diff_drive_controller/environment/path.dsv
[0.613s] -- Up-to-date symlink: /home/joanne/bookros2_ws/install/diff_drive_controller/share/diff_drive_controller/local_setup.bash
[0.619s] -- Up-to-date symlink: /home/joanne/bookros2_ws/install/diff_drive_controller/share/diff_drive_controller/local_setup.sh
[0.619s] -- Up-to-date symlink: /home/joanne/bookros2_ws/install/diff_drive_controller/share/diff_drive_controller/local_setup.zsh
[0.619s] -- Up-to-date symlink: /home/joanne/bookros2_ws/install/diff_drive_controller/share/diff_drive_controller/local_setup.dsv
[0.620s] -- Symlinking: /home/joanne/bookros2_ws/install/diff_drive_controller/share/diff_drive_controller/package.dsv
[0.628s] -- Up-to-date symlink: /home/joanne/bookros2_ws/install/diff_drive_controller/share/ament_index/resource_index/packages/diff_drive_controller
[0.628s] -- Up-to-date symlink: /home/joanne/bookros2_ws/install/diff_drive_controller/share/ament_index/resource_index/controller_interface__pluginlib__plugin/diff_drive_controller
[0.628s] -- Up-to-date symlink: /home/joanne/bookros2_ws/install/diff_drive_controller/share/diff_drive_controller/cmake/ament_cmake_export_dependencies-extras.cmake
[0.629s] -- Up-to-date symlink: /home/joanne/bookros2_ws/install/diff_drive_controller/share/diff_drive_controller/cmake/ament_cmake_export_include_directories-extras.cmake
[0.629s] -- Up-to-date symlink: /home/joanne/bookros2_ws/install/diff_drive_controller/share/diff_drive_controller/cmake/ament_cmake_export_libraries-extras.cmake
[0.630s] -- Up-to-date symlink: /home/joanne/bookros2_ws/install/diff_drive_controller/share/diff_drive_controller/cmake/diff_drive_controllerConfig.cmake
[0.630s] -- Up-to-date symlink: /home/joanne/bookros2_ws/install/diff_drive_controller/share/diff_drive_controller/cmake/diff_drive_controllerConfig-version.cmake
[0.631s] -- Up-to-date symlink: /home/joanne/bookros2_ws/install/diff_drive_controller/share/diff_drive_controller/package.xml
[0.746s] Invoked command in '/home/joanne/bookros2_ws/build/diff_drive_controller' returned '0': AMENT_PREFIX_PATH=/home/joanne/bookros2_ws/install/controller_manager:/home/joanne/bookros2_ws/install/controller_interface:/home/joanne/bookros2_ws/install/hardware_interface:/home/joanne/bookros2_ws/install/ros2_control_test_assets:/home/joanne/bookros2_ws/install/controller_manager_msgs:${AMENT_PREFIX_PATH} CMAKE_PREFIX_PATH=/home/joanne/bookros2_ws/install/controller_manager:/home/joanne/bookros2_ws/install/controller_interface:/home/joanne/bookros2_ws/install/hardware_interface:/home/joanne/bookros2_ws/install/ros2_control_test_assets:/home/joanne/bookros2_ws/install/controller_manager_msgs:/opt/ros/foxy LD_LIBRARY_PATH=/home/joanne/bookros2_ws/install/controller_manager/lib:/home/joanne/bookros2_ws/install/controller_interface/lib:/home/joanne/bookros2_ws/install/hardware_interface/lib:/home/joanne/bookros2_ws/install/controller_manager_msgs/lib:${LD_LIBRARY_PATH} PYTHONPATH=/home/joanne/bookros2_ws/install/controller_manager/lib/python3.8/site-packages:/home/joanne/bookros2_ws/install/controller_manager_msgs/lib/python3.8/site-packages:${PYTHONPATH} /usr/bin/cmake --install /home/joanne/bookros2_ws/build/diff_drive_controller
