[0.063s] Invoking command in '/home/joanne/bookros2_ws/build/br2_basics': CMAKE_PREFIX_PATH=${CMAKE_PREFIX_PATH}:/home/joanne/bookros2_ws/install/ros2controlcli:/home/joanne/bookros2_ws/install/launch_pal:/home/joanne/bookros2_ws/install/br2_fsm_bumpgo_py:/opt/ros/foxy /usr/bin/cmake --build /home/joanne/bookros2_ws/build/br2_basics -- -j8 -l8
[0.270s] [ 14%] Built target executors
[0.282s] [ 28%] Built target logger_class
[0.289s] [ 42%] Built target subscriber_class
[0.298s] [ 57%] Built target publisher
[0.313s] [ 71%] Built target publisher_class
[0.314s] [ 85%] Built target param_reader
[0.317s] [100%] Built target logger
[0.360s] Invoked command in '/home/joanne/bookros2_ws/build/br2_basics' returned '0': CMAKE_PREFIX_PATH=${CMAKE_PREFIX_PATH}:/home/joanne/bookros2_ws/install/ros2controlcli:/home/joanne/bookros2_ws/install/launch_pal:/home/joanne/bookros2_ws/install/br2_fsm_bumpgo_py:/opt/ros/foxy /usr/bin/cmake --build /home/joanne/bookros2_ws/build/br2_basics -- -j8 -l8
[0.367s] Invoking command in '/home/joanne/bookros2_ws/build/br2_basics': CMAKE_PREFIX_PATH=${CMAKE_PREFIX_PATH}:/home/joanne/bookros2_ws/install/ros2controlcli:/home/joanne/bookros2_ws/install/launch_pal:/home/joanne/bookros2_ws/install/br2_fsm_bumpgo_py:/opt/ros/foxy /usr/bin/cmake --install /home/joanne/bookros2_ws/build/br2_basics
[0.402s] -- Install configuration: ""
[0.403s] -- Execute custom install script
[0.403s] -- Up-to-date symlink: /home/joanne/bookros2_ws/install/br2_basics/lib/br2_basics/publisher
[0.403s] -- Up-to-date symlink: /home/joanne/bookros2_ws/install/br2_basics/lib/br2_basics/publisher_class
[0.403s] -- Up-to-date symlink: /home/joanne/bookros2_ws/install/br2_basics/lib/br2_basics/subscriber_class
[0.403s] -- Up-to-date symlink: /home/joanne/bookros2_ws/install/br2_basics/lib/br2_basics/executors
[0.403s] -- Up-to-date symlink: /home/joanne/bookros2_ws/install/br2_basics/lib/br2_basics/logger
[0.403s] -- Up-to-date symlink: /home/joanne/bookros2_ws/install/br2_basics/lib/br2_basics/logger_class
[0.403s] -- Up-to-date symlink: /home/joanne/bookros2_ws/install/br2_basics/lib/br2_basics/param_reader
[0.413s] -- Up-to-date symlink: /home/joanne/bookros2_ws/install/br2_basics/share/br2_basics/launch/includer_launch.py
[0.413s] -- Up-to-date symlink: /home/joanne/bookros2_ws/install/br2_basics/share/br2_basics/launch/param_node_v1_launch.py
[0.414s] -- Up-to-date symlink: /home/joanne/bookros2_ws/install/br2_basics/share/br2_basics/launch/param_node_v2_launch.py
[0.414s] -- Up-to-date symlink: /home/joanne/bookros2_ws/install/br2_basics/share/br2_basics/launch/pub_sub_v1_launch.py
[0.415s] -- Up-to-date symlink: /home/joanne/bookros2_ws/install/br2_basics/share/br2_basics/launch/pub_sub_v2_launch.py
[0.416s] -- Up-to-date symlink: /home/joanne/bookros2_ws/install/br2_basics/share/br2_basics/config/params.yaml
[0.417s] -- Up-to-date symlink: /home/joanne/bookros2_ws/install/br2_basics/share/br2_basics/launch/includer_launch.py
[0.417s] -- Up-to-date symlink: /home/joanne/bookros2_ws/install/br2_basics/share/br2_basics/launch/param_node_v1_launch.py
[0.417s] -- Up-to-date symlink: /home/joanne/bookros2_ws/install/br2_basics/share/br2_basics/launch/param_node_v2_launch.py
[0.418s] -- Up-to-date symlink: /home/joanne/bookros2_ws/install/br2_basics/share/br2_basics/launch/pub_sub_v1_launch.py
[0.418s] -- Up-to-date symlink: /home/joanne/bookros2_ws/install/br2_basics/share/br2_basics/launch/pub_sub_v2_launch.py
[0.418s] -- Up-to-date symlink: /home/joanne/bookros2_ws/install/br2_basics/share/ament_index/resource_index/package_run_dependencies/br2_basics
[0.420s] -- Up-to-date symlink: /home/joanne/bookros2_ws/install/br2_basics/share/ament_index/resource_index/parent_prefix_path/br2_basics
[0.421s] -- Up-to-date symlink: /home/joanne/bookros2_ws/install/br2_basics/share/br2_basics/environment/ament_prefix_path.sh
[0.422s] -- Up-to-date symlink: /home/joanne/bookros2_ws/install/br2_basics/share/br2_basics/environment/ament_prefix_path.dsv
[0.424s] -- Up-to-date symlink: /home/joanne/bookros2_ws/install/br2_basics/share/br2_basics/environment/path.sh
[0.426s] -- Up-to-date symlink: /home/joanne/bookros2_ws/install/br2_basics/share/br2_basics/environment/path.dsv
[0.428s] -- Up-to-date symlink: /home/joanne/bookros2_ws/install/br2_basics/share/br2_basics/local_setup.bash
[0.429s] -- Up-to-date symlink: /home/joanne/bookros2_ws/install/br2_basics/share/br2_basics/local_setup.sh
[0.431s] -- Up-to-date symlink: /home/joanne/bookros2_ws/install/br2_basics/share/br2_basics/local_setup.zsh
[0.431s] -- Up-to-date symlink: /home/joanne/bookros2_ws/install/br2_basics/share/br2_basics/local_setup.dsv
[0.432s] -- Symlinking: /home/joanne/bookros2_ws/install/br2_basics/share/br2_basics/package.dsv
[0.457s] -- Up-to-date symlink: /home/joanne/bookros2_ws/install/br2_basics/share/ament_index/resource_index/packages/br2_basics
[0.458s] -- Up-to-date symlink: /home/joanne/bookros2_ws/install/br2_basics/share/br2_basics/cmake/ament_cmake_export_dependencies-extras.cmake
[0.458s] -- Up-to-date symlink: /home/joanne/bookros2_ws/install/br2_basics/share/br2_basics/cmake/br2_basicsConfig.cmake
[0.461s] -- Up-to-date symlink: /home/joanne/bookros2_ws/install/br2_basics/share/br2_basics/cmake/br2_basicsConfig-version.cmake
[0.461s] -- Up-to-date symlink: /home/joanne/bookros2_ws/install/br2_basics/share/br2_basics/package.xml
[0.463s] Invoked command in '/home/joanne/bookros2_ws/build/br2_basics' returned '0': CMAKE_PREFIX_PATH=${CMAKE_PREFIX_PATH}:/home/joanne/bookros2_ws/install/ros2controlcli:/home/joanne/bookros2_ws/install/launch_pal:/home/joanne/bookros2_ws/install/br2_fsm_bumpgo_py:/opt/ros/foxy /usr/bin/cmake --install /home/joanne/bookros2_ws/build/br2_basics
