[0.031s] Invoking command in '/home/joanne/bookros2_ws/build/br2_tracking': CMAKE_PREFIX_PATH=/home/joanne/bookros2_ws/install/br2_tracking_msgs:/home/joanne/bookros2_ws/install/gazebo_ros2_control_demos:/home/joanne/bookros2_ws/install/ros2_controllers:/home/joanne/bookros2_ws/install/velocity_controllers:/home/joanne/bookros2_ws/install/urdf_test:/home/joanne/bookros2_ws/install/tiago_simulation:/home/joanne/bookros2_ws/install/tiago_robot:/home/joanne/bookros2_ws/install/tiago_2dnav_gazebo:/home/joanne/bookros2_ws/install/tiago_gazebo:/home/joanne/bookros2_ws/install/tiago_bringup:/home/joanne/bookros2_ws/install/pmb2_robot:/home/joanne/bookros2_ws/install/pmb2_bringup:/home/joanne/bookros2_ws/install/twist_mux:/home/joanne/bookros2_ws/install/transmission_interface:/home/joanne/bookros2_ws/install/tiago_description:/home/joanne/bookros2_ws/install/tiago_description_calibration:/home/joanne/bookros2_ws/install/tiago_controller_configuration:/home/joanne/bookros2_ws/install/ros2_control:/home/joanne/bookros2_ws/install/ros2_control_test_assets:/home/joanne/bookros2_ws/install/pal_gripper:/home/joanne/bookros2_ws/install/pal_gripper_controller_configuration:/home/joanne/bookros2_ws/install/position_controllers:/home/joanne/bookros2_ws/install/pmb2_navigation:/home/joanne/bookros2_ws/install/pmb2_2dnav:/home/joanne/bookros2_ws/install/pmb2_maps:/home/joanne/bookros2_ws/install/pmb2_description:/home/joanne/bookros2_ws/install/pmb2_controller_configuration:/home/joanne/bookros2_ws/install/pal_gripper_description:/home/joanne/bookros2_ws/install/pal_gazebo_worlds:/home/joanne/bookros2_ws/install/joint_trajectory_controller:/home/joanne/bookros2_ws/install/joint_state_controller:/home/joanne/bookros2_ws/install/joint_state_broadcaster:/home/joanne/bookros2_ws/install/imu_sensor_broadcaster:/home/joanne/bookros2_ws/install/hey5_description:/home/joanne/bookros2_ws/install/gripper_controllers:/home/joanne/bookros2_ws/install/gazebo_ros2_control:/home/joanne/bookros2_ws/install/effort_controllers:/home/joanne/bookros2_ws/install/forward_command_controller:/home/joanne/bookros2_ws/install/force_torque_sensor_broadcaster:/home/joanne/bookros2_ws/install/diff_drive_controller:/home/joanne/bookros2_ws/install/controller_manager:/home/joanne/bookros2_ws/install/controller_interface:/home/joanne/bookros2_ws/install/hardware_interface:/home/joanne/bookros2_ws/install/groot:/home/joanne/bookros2_ws/install/controller_manager_msgs:/home/joanne/bookros2_ws/install/br2_vff_avoidance:/home/joanne/bookros2_ws/install/br2_tracking:/home/joanne/bookros2_ws/install/br2_tiago:/home/joanne/bookros2_ws/install/br2_tf2_detector:/home/joanne/bookros2_ws/install/br2_navigation:/home/joanne/bookros2_ws/install/br2_fsm_bumpgo_cpp:/home/joanne/bookros2_ws/install/br2_bt_patrolling:/home/joanne/bookros2_ws/install/br2_bt_bumpgo:/home/joanne/bookros2_ws/install/br2_basics:/home/joanne/bookros2_ws/install/ros2controlcli:/home/joanne/bookros2_ws/install/launch_pal:/home/joanne/bookros2_ws/install/br2_fsm_bumpgo_py:/opt/ros/foxy LD_LIBRARY_PATH=/home/joanne/bookros2_ws/install/br2_tracking_msgs/lib:/home/joanne/bookros2_ws/install/velocity_controllers/lib:/home/joanne/bookros2_ws/install/position_controllers/lib:/home/joanne/bookros2_ws/install/joint_trajectory_controller/lib:/home/joanne/bookros2_ws/install/joint_state_controller/lib:/home/joanne/bookros2_ws/install/joint_state_broadcaster/lib:/home/joanne/bookros2_ws/install/imu_sensor_broadcaster/lib:/home/joanne/bookros2_ws/install/gripper_controllers/lib:/home/joanne/bookros2_ws/install/gazebo_ros2_control/lib:/home/joanne/bookros2_ws/install/effort_controllers/lib:/home/joanne/bookros2_ws/install/forward_command_controller/lib:/home/joanne/bookros2_ws/install/force_torque_sensor_broadcaster/lib:/home/joanne/bookros2_ws/install/diff_drive_controller/lib:/home/joanne/bookros2_ws/install/controller_manager/lib:/home/joanne/bookros2_ws/install/controller_interface/lib:/home/joanne/bookros2_ws/install/hardware_interface/lib:/home/joanne/bookros2_ws/install/groot/lib:/home/joanne/bookros2_ws/install/controller_manager_msgs/lib:/home/joanne/bookros2_ws/install/br2_vff_avoidance/lib:/home/joanne/bookros2_ws/install/br2_tracking/lib:/home/joanne/bookros2_ws/install/br2_tf2_detector/lib:/home/joanne/bookros2_ws/install/br2_bt_patrolling/lib:/home/joanne/bookros2_ws/install/br2_bt_bumpgo/lib:/usr/lib/x86_64-linux-gnu/gazebo-11/plugins:/opt/ros/foxy/opt/yaml_cpp_vendor/lib:/opt/ros/foxy/opt/rviz_ogre_vendor/lib:/opt/ros/foxy/lib/x86_64-linux-gnu:/opt/ros/foxy/lib PYTHONPATH=/home/joanne/bookros2_ws/install/br2_tracking_msgs/lib/python3.8/site-packages:/home/joanne/bookros2_ws/install/urdf_test/lib/python3.8/site-packages:/home/joanne/bookros2_ws/install/tiago_description/lib/python3.8/site-packages:/home/joanne/bookros2_ws/build/ros2controlcli:/home/joanne/bookros2_ws/install/ros2controlcli/lib/python3.8/site-packages:/home/joanne/bookros2_ws/install/pmb2_description/lib/python3.8/site-packages:/home/joanne/bookros2_ws/build/launch_pal:/home/joanne/bookros2_ws/install/launch_pal/lib/python3.8/site-packages:/home/joanne/bookros2_ws/install/controller_manager/lib/python3.8/site-packages:/home/joanne/bookros2_ws/install/controller_manager_msgs/lib/python3.8/site-packages:/home/joanne/bookros2_ws/build/br2_fsm_bumpgo_py:/home/joanne/bookros2_ws/install/br2_fsm_bumpgo_py/lib/python3.8/site-packages:/opt/ros/foxy/lib/python3.8/site-packages /usr/bin/cmake --build /home/joanne/bookros2_ws/build/br2_tracking -- -j8 -l8
[0.100s] -- Found pcl_conversions: 2.2.1 (/opt/ros/foxy/share/pcl_conversions/cmake)
[0.138s] -- Using PYTHON_EXECUTABLE: /usr/bin/python3
[0.346s] -- Override CMake install command with custom implementation using symlinks instead of copying resources
[0.411s] -- Using all available rosidl_typesupport_c: rosidl_typesupport_fastrtps_c;rosidl_typesupport_introspection_c
[0.417s] -- Found rosidl_adapter: 1.3.1 (/opt/ros/foxy/share/rosidl_adapter/cmake)
[0.570s] -- Using all available rosidl_typesupport_cpp: rosidl_typesupport_fastrtps_cpp;rosidl_typesupport_introspection_cpp
[0.944s] -- Found rmw_implementation_cmake: 1.0.4 (/opt/ros/foxy/share/rmw_implementation_cmake/cmake)
[0.949s] -- Using RMW implementation 'rmw_fastrtps_cpp' as default
[1.098s] -- Found pcl_ros: 2.2.1 (/opt/ros/foxy/share/pcl_ros/cmake)
[1.187s] -- Found eigen3_cmake_module: 0.1.1 (/opt/ros/foxy/share/eigen3_cmake_module/cmake)
[1.595s] -- Eigen found (include: /usr/include/eigen3, version: 3.3.7)
[1.677s] -- The imported target "vtkParseOGLExt" references the file
[1.677s]    "/usr/bin/vtkParseOGLExt-7.1"
[1.677s] but this file does not exist.  Possible reasons include:
[1.677s] * The file was deleted, renamed, or moved to another location.
[1.677s] * An install or uninstall procedure did not complete successfully.
[1.677s] * The installation package was faulty and contained
[1.678s]    "/usr/lib/cmake/vtk-7.1/VTKTargets.cmake"
[1.678s] but not all the files it references.
[1.678s] 
[1.679s] -- The imported target "vtkRenderingPythonTkWidgets" references the file
[1.679s]    "/usr/lib/x86_64-linux-gnu/libvtkRenderingPythonTkWidgets.so"
[1.679s] but this file does not exist.  Possible reasons include:
[1.679s] * The file was deleted, renamed, or moved to another location.
[1.679s] * An install or uninstall procedure did not complete successfully.
[1.679s] * The installation package was faulty and contained
[1.679s]    "/usr/lib/cmake/vtk-7.1/VTKTargets.cmake"
[1.679s] but not all the files it references.
[1.679s] 
[1.680s] -- The imported target "vtk" references the file
[1.680s]    "/usr/bin/vtk"
[1.680s] but this file does not exist.  Possible reasons include:
[1.680s] * The file was deleted, renamed, or moved to another location.
[1.680s] * An install or uninstall procedure did not complete successfully.
[1.680s] * The installation package was faulty and contained
[1.680s]    "/usr/lib/cmake/vtk-7.1/VTKTargets.cmake"
[1.680s] but not all the files it references.
[1.680s] 
[1.680s] -- The imported target "pvtk" references the file
[1.680s]    "/usr/bin/pvtk"
[1.680s] but this file does not exist.  Possible reasons include:
[1.680s] * The file was deleted, renamed, or moved to another location.
[1.680s] * An install or uninstall procedure did not complete successfully.
[1.680s] * The installation package was faulty and contained
[1.680s]    "/usr/lib/cmake/vtk-7.1/VTKTargets.cmake"
[1.680s] but not all the files it references.
[1.680s] 
[1.710s] -- OpenNI found (include: /usr/include/ni, lib: /usr/lib/libOpenNI.so)
[1.715s] -- OpenNI2 found (include: /usr/include/openni2, lib: /usr/lib/libOpenNI2.so)
[1.731s] -- OpenNI found (include: /usr/include/ni, lib: /usr/lib/libOpenNI.so)
[1.737s] -- OpenNI2 found (include: /usr/include/openni2, lib: /usr/lib/libOpenNI2.so)
[1.748s] -- QHULL found (include: /usr/include, lib: optimized;/usr/lib/x86_64-linux-gnu/libqhull.so;debug;/usr/lib/x86_64-linux-gnu/libqhull.so)
[1.753s] -- OpenNI found (include: /usr/include/ni, lib: /usr/lib/libOpenNI.so)
[1.946s] CMake Warning (dev) at CMakeLists.txt:10 (find_package):
[1.946s]   Policy CMP0074 is not set: find_package uses <PackageName>_ROOT variables.
[1.946s]   Run "cmake --help-policy CMP0074" for policy details.  Use the cmake_policy
[1.946s]   command to set the policy and suppress this warning.
[1.946s] 
[1.946s]   CMake variable PCL_ROOT is set to:
[1.946s] 
[1.946s]     /usr
[1.946s] 
[1.946s]   For compatibility, CMake is ignoring the variable.
[1.946s] This warning is for project developers.  Use -Wno-dev to suppress it.
[1.946s] 
[1.952s] -- Found visualization_msgs: 2.0.5 (/opt/ros/foxy/share/visualization_msgs/cmake)
[2.022s] -- Found rclcpp_lifecycle: 2.4.3 (/opt/ros/foxy/share/rclcpp_lifecycle/cmake)
[2.050s] -- Found br2_tracking_msgs: 0.0.0 (/home/joanne/bookros2_ws/install/br2_tracking_msgs/share/br2_tracking_msgs/cmake)
[2.073s] -- Found vision_msgs: 2.0.0 (/opt/ros/foxy/share/vision_msgs/cmake)
[2.207s] -- Found control_msgs: 2.5.1 (/opt/ros/foxy/share/control_msgs/cmake)
[2.494s] -- Found image_transport: 2.4.0 (/opt/ros/foxy/share/image_transport/cmake)
[2.531s] -- Found cv_bridge: 3.0.7 (/opt/ros/foxy/share/cv_bridge/cmake)
[2.856s] -- Found ament_lint_auto: 0.9.8 (/opt/ros/foxy/share/ament_lint_auto/cmake)
[2.927s] -- Found gtest sources under '/opt/ros/foxy/src/gtest_vendor': C++ tests using 'Google Test' will be built
[3.036s] -- Added test 'copyright' to check source files copyright and LICENSE
[3.037s] -- Added test 'cppcheck' to perform static code analysis on C / C++ code
[3.038s] -- Configured cppcheck include dirs: /home/joanne/bookros2_ws/src/book_ros2/br2_tracking/include
[3.038s] -- Configured cppcheck exclude dirs and/or files: 
[3.039s] -- Added test 'cpplint' to check C / C++ code against the Google style
[3.039s] -- Configured cpplint exclude dirs and/or files: 
[3.039s] -- Added test 'flake8' to check Python code syntax and style conventions
[3.040s] -- Added test 'lint_cmake' to check CMake code style
[3.041s] -- Added test 'pep257' to check Python code against some of the style conventions in PEP 257
[3.042s] -- Added test 'uncrustify' to check C / C++ code style
[3.042s] -- Configured uncrustify additional arguments: 
[3.042s] -- Added test 'xmllint' to check XML markup files
[3.051s] -- Configuring done
[3.339s] -- Generating done
[3.480s] -- Build files have been written to: /home/joanne/bookros2_ws/build/br2_tracking
[3.527s] [ 28%] Built target gtest_main
[3.527s] [ 28%] Built target gtest
[3.529s] [35m[1mScanning dependencies of target br2_tracking[0m
[3.732s] [ 35%] [32mBuilding CXX object CMakeFiles/br2_tracking.dir/src/br2_tracking/ObjectDetector.cpp.o[0m
[26.728s] [ 42%] [32m[1mLinking CXX shared library libbr2_tracking.so[0m
[30.652s] [ 57%] Built target br2_tracking
[30.681s] [35m[1mScanning dependencies of target object_tracker[0m
[30.682s] [35m[1mScanning dependencies of target object_detector[0m
[30.693s] [ 64%] [32m[1mLinking CXX executable pid_test[0m
[30.895s] [ 71%] [32mBuilding CXX object CMakeFiles/object_detector.dir/src/object_detector_main.cpp.o[0m
[30.895s] [ 78%] [32mBuilding CXX object CMakeFiles/object_tracker.dir/src/object_tracker_main.cpp.o[0m
[32.919s] [ 85%] Built target pid_test
[48.147s] [ 92%] [32m[1mLinking CXX executable object_detector[0m
[50.731s] [ 92%] Built target object_detector
[53.978s] [100%] [32m[1mLinking CXX executable object_tracker[0m
[56.130s] [100%] Built target object_tracker
[56.145s] Invoked command in '/home/joanne/bookros2_ws/build/br2_tracking' returned '0': CMAKE_PREFIX_PATH=/home/joanne/bookros2_ws/install/br2_tracking_msgs:/home/joanne/bookros2_ws/install/gazebo_ros2_control_demos:/home/joanne/bookros2_ws/install/ros2_controllers:/home/joanne/bookros2_ws/install/velocity_controllers:/home/joanne/bookros2_ws/install/urdf_test:/home/joanne/bookros2_ws/install/tiago_simulation:/home/joanne/bookros2_ws/install/tiago_robot:/home/joanne/bookros2_ws/install/tiago_2dnav_gazebo:/home/joanne/bookros2_ws/install/tiago_gazebo:/home/joanne/bookros2_ws/install/tiago_bringup:/home/joanne/bookros2_ws/install/pmb2_robot:/home/joanne/bookros2_ws/install/pmb2_bringup:/home/joanne/bookros2_ws/install/twist_mux:/home/joanne/bookros2_ws/install/transmission_interface:/home/joanne/bookros2_ws/install/tiago_description:/home/joanne/bookros2_ws/install/tiago_description_calibration:/home/joanne/bookros2_ws/install/tiago_controller_configuration:/home/joanne/bookros2_ws/install/ros2_control:/home/joanne/bookros2_ws/install/ros2_control_test_assets:/home/joanne/bookros2_ws/install/pal_gripper:/home/joanne/bookros2_ws/install/pal_gripper_controller_configuration:/home/joanne/bookros2_ws/install/position_controllers:/home/joanne/bookros2_ws/install/pmb2_navigation:/home/joanne/bookros2_ws/install/pmb2_2dnav:/home/joanne/bookros2_ws/install/pmb2_maps:/home/joanne/bookros2_ws/install/pmb2_description:/home/joanne/bookros2_ws/install/pmb2_controller_configuration:/home/joanne/bookros2_ws/install/pal_gripper_description:/home/joanne/bookros2_ws/install/pal_gazebo_worlds:/home/joanne/bookros2_ws/install/joint_trajectory_controller:/home/joanne/bookros2_ws/install/joint_state_controller:/home/joanne/bookros2_ws/install/joint_state_broadcaster:/home/joanne/bookros2_ws/install/imu_sensor_broadcaster:/home/joanne/bookros2_ws/install/hey5_description:/home/joanne/bookros2_ws/install/gripper_controllers:/home/joanne/bookros2_ws/install/gazebo_ros2_control:/home/joanne/bookros2_ws/install/effort_controllers:/home/joanne/bookros2_ws/install/forward_command_controller:/home/joanne/bookros2_ws/install/force_torque_sensor_broadcaster:/home/joanne/bookros2_ws/install/diff_drive_controller:/home/joanne/bookros2_ws/install/controller_manager:/home/joanne/bookros2_ws/install/controller_interface:/home/joanne/bookros2_ws/install/hardware_interface:/home/joanne/bookros2_ws/install/groot:/home/joanne/bookros2_ws/install/controller_manager_msgs:/home/joanne/bookros2_ws/install/br2_vff_avoidance:/home/joanne/bookros2_ws/install/br2_tracking:/home/joanne/bookros2_ws/install/br2_tiago:/home/joanne/bookros2_ws/install/br2_tf2_detector:/home/joanne/bookros2_ws/install/br2_navigation:/home/joanne/bookros2_ws/install/br2_fsm_bumpgo_cpp:/home/joanne/bookros2_ws/install/br2_bt_patrolling:/home/joanne/bookros2_ws/install/br2_bt_bumpgo:/home/joanne/bookros2_ws/install/br2_basics:/home/joanne/bookros2_ws/install/ros2controlcli:/home/joanne/bookros2_ws/install/launch_pal:/home/joanne/bookros2_ws/install/br2_fsm_bumpgo_py:/opt/ros/foxy LD_LIBRARY_PATH=/home/joanne/bookros2_ws/install/br2_tracking_msgs/lib:/home/joanne/bookros2_ws/install/velocity_controllers/lib:/home/joanne/bookros2_ws/install/position_controllers/lib:/home/joanne/bookros2_ws/install/joint_trajectory_controller/lib:/home/joanne/bookros2_ws/install/joint_state_controller/lib:/home/joanne/bookros2_ws/install/joint_state_broadcaster/lib:/home/joanne/bookros2_ws/install/imu_sensor_broadcaster/lib:/home/joanne/bookros2_ws/install/gripper_controllers/lib:/home/joanne/bookros2_ws/install/gazebo_ros2_control/lib:/home/joanne/bookros2_ws/install/effort_controllers/lib:/home/joanne/bookros2_ws/install/forward_command_controller/lib:/home/joanne/bookros2_ws/install/force_torque_sensor_broadcaster/lib:/home/joanne/bookros2_ws/install/diff_drive_controller/lib:/home/joanne/bookros2_ws/install/controller_manager/lib:/home/joanne/bookros2_ws/install/controller_interface/lib:/home/joanne/bookros2_ws/install/hardware_interface/lib:/home/joanne/bookros2_ws/install/groot/lib:/home/joanne/bookros2_ws/install/controller_manager_msgs/lib:/home/joanne/bookros2_ws/install/br2_vff_avoidance/lib:/home/joanne/bookros2_ws/install/br2_tracking/lib:/home/joanne/bookros2_ws/install/br2_tf2_detector/lib:/home/joanne/bookros2_ws/install/br2_bt_patrolling/lib:/home/joanne/bookros2_ws/install/br2_bt_bumpgo/lib:/usr/lib/x86_64-linux-gnu/gazebo-11/plugins:/opt/ros/foxy/opt/yaml_cpp_vendor/lib:/opt/ros/foxy/opt/rviz_ogre_vendor/lib:/opt/ros/foxy/lib/x86_64-linux-gnu:/opt/ros/foxy/lib PYTHONPATH=/home/joanne/bookros2_ws/install/br2_tracking_msgs/lib/python3.8/site-packages:/home/joanne/bookros2_ws/install/urdf_test/lib/python3.8/site-packages:/home/joanne/bookros2_ws/install/tiago_description/lib/python3.8/site-packages:/home/joanne/bookros2_ws/build/ros2controlcli:/home/joanne/bookros2_ws/install/ros2controlcli/lib/python3.8/site-packages:/home/joanne/bookros2_ws/install/pmb2_description/lib/python3.8/site-packages:/home/joanne/bookros2_ws/build/launch_pal:/home/joanne/bookros2_ws/install/launch_pal/lib/python3.8/site-packages:/home/joanne/bookros2_ws/install/controller_manager/lib/python3.8/site-packages:/home/joanne/bookros2_ws/install/controller_manager_msgs/lib/python3.8/site-packages:/home/joanne/bookros2_ws/build/br2_fsm_bumpgo_py:/home/joanne/bookros2_ws/install/br2_fsm_bumpgo_py/lib/python3.8/site-packages:/opt/ros/foxy/lib/python3.8/site-packages /usr/bin/cmake --build /home/joanne/bookros2_ws/build/br2_tracking -- -j8 -l8
[56.161s] Invoking command in '/home/joanne/bookros2_ws/build/br2_tracking': CMAKE_PREFIX_PATH=/home/joanne/bookros2_ws/install/br2_tracking_msgs:/home/joanne/bookros2_ws/install/gazebo_ros2_control_demos:/home/joanne/bookros2_ws/install/ros2_controllers:/home/joanne/bookros2_ws/install/velocity_controllers:/home/joanne/bookros2_ws/install/urdf_test:/home/joanne/bookros2_ws/install/tiago_simulation:/home/joanne/bookros2_ws/install/tiago_robot:/home/joanne/bookros2_ws/install/tiago_2dnav_gazebo:/home/joanne/bookros2_ws/install/tiago_gazebo:/home/joanne/bookros2_ws/install/tiago_bringup:/home/joanne/bookros2_ws/install/pmb2_robot:/home/joanne/bookros2_ws/install/pmb2_bringup:/home/joanne/bookros2_ws/install/twist_mux:/home/joanne/bookros2_ws/install/transmission_interface:/home/joanne/bookros2_ws/install/tiago_description:/home/joanne/bookros2_ws/install/tiago_description_calibration:/home/joanne/bookros2_ws/install/tiago_controller_configuration:/home/joanne/bookros2_ws/install/ros2_control:/home/joanne/bookros2_ws/install/ros2_control_test_assets:/home/joanne/bookros2_ws/install/pal_gripper:/home/joanne/bookros2_ws/install/pal_gripper_controller_configuration:/home/joanne/bookros2_ws/install/position_controllers:/home/joanne/bookros2_ws/install/pmb2_navigation:/home/joanne/bookros2_ws/install/pmb2_2dnav:/home/joanne/bookros2_ws/install/pmb2_maps:/home/joanne/bookros2_ws/install/pmb2_description:/home/joanne/bookros2_ws/install/pmb2_controller_configuration:/home/joanne/bookros2_ws/install/pal_gripper_description:/home/joanne/bookros2_ws/install/pal_gazebo_worlds:/home/joanne/bookros2_ws/install/joint_trajectory_controller:/home/joanne/bookros2_ws/install/joint_state_controller:/home/joanne/bookros2_ws/install/joint_state_broadcaster:/home/joanne/bookros2_ws/install/imu_sensor_broadcaster:/home/joanne/bookros2_ws/install/hey5_description:/home/joanne/bookros2_ws/install/gripper_controllers:/home/joanne/bookros2_ws/install/gazebo_ros2_control:/home/joanne/bookros2_ws/install/effort_controllers:/home/joanne/bookros2_ws/install/forward_command_controller:/home/joanne/bookros2_ws/install/force_torque_sensor_broadcaster:/home/joanne/bookros2_ws/install/diff_drive_controller:/home/joanne/bookros2_ws/install/controller_manager:/home/joanne/bookros2_ws/install/controller_interface:/home/joanne/bookros2_ws/install/hardware_interface:/home/joanne/bookros2_ws/install/groot:/home/joanne/bookros2_ws/install/controller_manager_msgs:/home/joanne/bookros2_ws/install/br2_vff_avoidance:/home/joanne/bookros2_ws/install/br2_tracking:/home/joanne/bookros2_ws/install/br2_tiago:/home/joanne/bookros2_ws/install/br2_tf2_detector:/home/joanne/bookros2_ws/install/br2_navigation:/home/joanne/bookros2_ws/install/br2_fsm_bumpgo_cpp:/home/joanne/bookros2_ws/install/br2_bt_patrolling:/home/joanne/bookros2_ws/install/br2_bt_bumpgo:/home/joanne/bookros2_ws/install/br2_basics:/home/joanne/bookros2_ws/install/ros2controlcli:/home/joanne/bookros2_ws/install/launch_pal:/home/joanne/bookros2_ws/install/br2_fsm_bumpgo_py:/opt/ros/foxy LD_LIBRARY_PATH=/home/joanne/bookros2_ws/install/br2_tracking_msgs/lib:/home/joanne/bookros2_ws/install/velocity_controllers/lib:/home/joanne/bookros2_ws/install/position_controllers/lib:/home/joanne/bookros2_ws/install/joint_trajectory_controller/lib:/home/joanne/bookros2_ws/install/joint_state_controller/lib:/home/joanne/bookros2_ws/install/joint_state_broadcaster/lib:/home/joanne/bookros2_ws/install/imu_sensor_broadcaster/lib:/home/joanne/bookros2_ws/install/gripper_controllers/lib:/home/joanne/bookros2_ws/install/gazebo_ros2_control/lib:/home/joanne/bookros2_ws/install/effort_controllers/lib:/home/joanne/bookros2_ws/install/forward_command_controller/lib:/home/joanne/bookros2_ws/install/force_torque_sensor_broadcaster/lib:/home/joanne/bookros2_ws/install/diff_drive_controller/lib:/home/joanne/bookros2_ws/install/controller_manager/lib:/home/joanne/bookros2_ws/install/controller_interface/lib:/home/joanne/bookros2_ws/install/hardware_interface/lib:/home/joanne/bookros2_ws/install/groot/lib:/home/joanne/bookros2_ws/install/controller_manager_msgs/lib:/home/joanne/bookros2_ws/install/br2_vff_avoidance/lib:/home/joanne/bookros2_ws/install/br2_tracking/lib:/home/joanne/bookros2_ws/install/br2_tf2_detector/lib:/home/joanne/bookros2_ws/install/br2_bt_patrolling/lib:/home/joanne/bookros2_ws/install/br2_bt_bumpgo/lib:/usr/lib/x86_64-linux-gnu/gazebo-11/plugins:/opt/ros/foxy/opt/yaml_cpp_vendor/lib:/opt/ros/foxy/opt/rviz_ogre_vendor/lib:/opt/ros/foxy/lib/x86_64-linux-gnu:/opt/ros/foxy/lib PYTHONPATH=/home/joanne/bookros2_ws/install/br2_tracking_msgs/lib/python3.8/site-packages:/home/joanne/bookros2_ws/install/urdf_test/lib/python3.8/site-packages:/home/joanne/bookros2_ws/install/tiago_description/lib/python3.8/site-packages:/home/joanne/bookros2_ws/build/ros2controlcli:/home/joanne/bookros2_ws/install/ros2controlcli/lib/python3.8/site-packages:/home/joanne/bookros2_ws/install/pmb2_description/lib/python3.8/site-packages:/home/joanne/bookros2_ws/build/launch_pal:/home/joanne/bookros2_ws/install/launch_pal/lib/python3.8/site-packages:/home/joanne/bookros2_ws/install/controller_manager/lib/python3.8/site-packages:/home/joanne/bookros2_ws/install/controller_manager_msgs/lib/python3.8/site-packages:/home/joanne/bookros2_ws/build/br2_fsm_bumpgo_py:/home/joanne/bookros2_ws/install/br2_fsm_bumpgo_py/lib/python3.8/site-packages:/opt/ros/foxy/lib/python3.8/site-packages /usr/bin/cmake --install /home/joanne/bookros2_ws/build/br2_tracking
[56.171s] -- Install configuration: "Debug"
[56.171s] -- Execute custom install script
[56.172s] -- Up-to-date symlink: /home/joanne/bookros2_ws/install/br2_tracking/lib/libbr2_tracking.so
[56.174s] -- Up-to-date symlink: /home/joanne/bookros2_ws/install/br2_tracking/lib/br2_tracking/object_detector
[56.174s] -- Up-to-date symlink: /home/joanne/bookros2_ws/install/br2_tracking/lib/br2_tracking/object_tracker
[56.177s] -- Up-to-date symlink: /home/joanne/bookros2_ws/install/br2_tracking/include/include/br2_tracking/HeadController.hpp
[56.177s] -- Up-to-date symlink: /home/joanne/bookros2_ws/install/br2_tracking/include/include/br2_tracking/ObjectDetector.hpp
[56.179s] -- Up-to-date symlink: /home/joanne/bookros2_ws/install/br2_tracking/include/include/br2_tracking/PIDController.hpp
[56.181s] -- Up-to-date symlink: /home/joanne/bookros2_ws/install/br2_tracking/share/br2_tracking/launch/tracking.launch.py
[56.182s] -- Up-to-date symlink: /home/joanne/bookros2_ws/install/br2_tracking/share/br2_tracking/config/detector.yaml
[56.184s] -- Up-to-date symlink: /home/joanne/bookros2_ws/install/br2_tracking/share/br2_tracking/environment/library_path.sh
[56.184s] -- Up-to-date symlink: /home/joanne/bookros2_ws/install/br2_tracking/share/br2_tracking/environment/library_path.dsv
[56.186s] -- Up-to-date symlink: /home/joanne/bookros2_ws/install/br2_tracking/share/ament_index/resource_index/package_run_dependencies/br2_tracking
[56.187s] -- Up-to-date symlink: /home/joanne/bookros2_ws/install/br2_tracking/share/ament_index/resource_index/parent_prefix_path/br2_tracking
[56.189s] -- Up-to-date symlink: /home/joanne/bookros2_ws/install/br2_tracking/share/br2_tracking/environment/ament_prefix_path.sh
[56.189s] -- Up-to-date symlink: /home/joanne/bookros2_ws/install/br2_tracking/share/br2_tracking/environment/ament_prefix_path.dsv
[56.190s] -- Up-to-date symlink: /home/joanne/bookros2_ws/install/br2_tracking/share/br2_tracking/environment/path.sh
[56.190s] -- Up-to-date symlink: /home/joanne/bookros2_ws/install/br2_tracking/share/br2_tracking/environment/path.dsv
[56.190s] -- Up-to-date symlink: /home/joanne/bookros2_ws/install/br2_tracking/share/br2_tracking/local_setup.bash
[56.191s] -- Up-to-date symlink: /home/joanne/bookros2_ws/install/br2_tracking/share/br2_tracking/local_setup.sh
[56.191s] -- Up-to-date symlink: /home/joanne/bookros2_ws/install/br2_tracking/share/br2_tracking/local_setup.zsh
[56.191s] -- Up-to-date symlink: /home/joanne/bookros2_ws/install/br2_tracking/share/br2_tracking/local_setup.dsv
[56.193s] -- Symlinking: /home/joanne/bookros2_ws/install/br2_tracking/share/br2_tracking/package.dsv
[56.206s] -- Up-to-date symlink: /home/joanne/bookros2_ws/install/br2_tracking/share/ament_index/resource_index/packages/br2_tracking
[56.207s] -- Up-to-date symlink: /home/joanne/bookros2_ws/install/br2_tracking/share/br2_tracking/cmake/ament_cmake_export_include_directories-extras.cmake
[56.207s] -- Up-to-date symlink: /home/joanne/bookros2_ws/install/br2_tracking/share/br2_tracking/cmake/ament_cmake_export_libraries-extras.cmake
[56.208s] -- Up-to-date symlink: /home/joanne/bookros2_ws/install/br2_tracking/share/br2_tracking/cmake/ament_cmake_export_dependencies-extras.cmake
[56.208s] -- Up-to-date symlink: /home/joanne/bookros2_ws/install/br2_tracking/share/br2_tracking/cmake/br2_trackingConfig.cmake
[56.209s] -- Up-to-date symlink: /home/joanne/bookros2_ws/install/br2_tracking/share/br2_tracking/cmake/br2_trackingConfig-version.cmake
[56.209s] -- Up-to-date symlink: /home/joanne/bookros2_ws/install/br2_tracking/share/br2_tracking/package.xml
[56.213s] Invoked command in '/home/joanne/bookros2_ws/build/br2_tracking' returned '0': CMAKE_PREFIX_PATH=/home/joanne/bookros2_ws/install/br2_tracking_msgs:/home/joanne/bookros2_ws/install/gazebo_ros2_control_demos:/home/joanne/bookros2_ws/install/ros2_controllers:/home/joanne/bookros2_ws/install/velocity_controllers:/home/joanne/bookros2_ws/install/urdf_test:/home/joanne/bookros2_ws/install/tiago_simulation:/home/joanne/bookros2_ws/install/tiago_robot:/home/joanne/bookros2_ws/install/tiago_2dnav_gazebo:/home/joanne/bookros2_ws/install/tiago_gazebo:/home/joanne/bookros2_ws/install/tiago_bringup:/home/joanne/bookros2_ws/install/pmb2_robot:/home/joanne/bookros2_ws/install/pmb2_bringup:/home/joanne/bookros2_ws/install/twist_mux:/home/joanne/bookros2_ws/install/transmission_interface:/home/joanne/bookros2_ws/install/tiago_description:/home/joanne/bookros2_ws/install/tiago_description_calibration:/home/joanne/bookros2_ws/install/tiago_controller_configuration:/home/joanne/bookros2_ws/install/ros2_control:/home/joanne/bookros2_ws/install/ros2_control_test_assets:/home/joanne/bookros2_ws/install/pal_gripper:/home/joanne/bookros2_ws/install/pal_gripper_controller_configuration:/home/joanne/bookros2_ws/install/position_controllers:/home/joanne/bookros2_ws/install/pmb2_navigation:/home/joanne/bookros2_ws/install/pmb2_2dnav:/home/joanne/bookros2_ws/install/pmb2_maps:/home/joanne/bookros2_ws/install/pmb2_description:/home/joanne/bookros2_ws/install/pmb2_controller_configuration:/home/joanne/bookros2_ws/install/pal_gripper_description:/home/joanne/bookros2_ws/install/pal_gazebo_worlds:/home/joanne/bookros2_ws/install/joint_trajectory_controller:/home/joanne/bookros2_ws/install/joint_state_controller:/home/joanne/bookros2_ws/install/joint_state_broadcaster:/home/joanne/bookros2_ws/install/imu_sensor_broadcaster:/home/joanne/bookros2_ws/install/hey5_description:/home/joanne/bookros2_ws/install/gripper_controllers:/home/joanne/bookros2_ws/install/gazebo_ros2_control:/home/joanne/bookros2_ws/install/effort_controllers:/home/joanne/bookros2_ws/install/forward_command_controller:/home/joanne/bookros2_ws/install/force_torque_sensor_broadcaster:/home/joanne/bookros2_ws/install/diff_drive_controller:/home/joanne/bookros2_ws/install/controller_manager:/home/joanne/bookros2_ws/install/controller_interface:/home/joanne/bookros2_ws/install/hardware_interface:/home/joanne/bookros2_ws/install/groot:/home/joanne/bookros2_ws/install/controller_manager_msgs:/home/joanne/bookros2_ws/install/br2_vff_avoidance:/home/joanne/bookros2_ws/install/br2_tracking:/home/joanne/bookros2_ws/install/br2_tiago:/home/joanne/bookros2_ws/install/br2_tf2_detector:/home/joanne/bookros2_ws/install/br2_navigation:/home/joanne/bookros2_ws/install/br2_fsm_bumpgo_cpp:/home/joanne/bookros2_ws/install/br2_bt_patrolling:/home/joanne/bookros2_ws/install/br2_bt_bumpgo:/home/joanne/bookros2_ws/install/br2_basics:/home/joanne/bookros2_ws/install/ros2controlcli:/home/joanne/bookros2_ws/install/launch_pal:/home/joanne/bookros2_ws/install/br2_fsm_bumpgo_py:/opt/ros/foxy LD_LIBRARY_PATH=/home/joanne/bookros2_ws/install/br2_tracking_msgs/lib:/home/joanne/bookros2_ws/install/velocity_controllers/lib:/home/joanne/bookros2_ws/install/position_controllers/lib:/home/joanne/bookros2_ws/install/joint_trajectory_controller/lib:/home/joanne/bookros2_ws/install/joint_state_controller/lib:/home/joanne/bookros2_ws/install/joint_state_broadcaster/lib:/home/joanne/bookros2_ws/install/imu_sensor_broadcaster/lib:/home/joanne/bookros2_ws/install/gripper_controllers/lib:/home/joanne/bookros2_ws/install/gazebo_ros2_control/lib:/home/joanne/bookros2_ws/install/effort_controllers/lib:/home/joanne/bookros2_ws/install/forward_command_controller/lib:/home/joanne/bookros2_ws/install/force_torque_sensor_broadcaster/lib:/home/joanne/bookros2_ws/install/diff_drive_controller/lib:/home/joanne/bookros2_ws/install/controller_manager/lib:/home/joanne/bookros2_ws/install/controller_interface/lib:/home/joanne/bookros2_ws/install/hardware_interface/lib:/home/joanne/bookros2_ws/install/groot/lib:/home/joanne/bookros2_ws/install/controller_manager_msgs/lib:/home/joanne/bookros2_ws/install/br2_vff_avoidance/lib:/home/joanne/bookros2_ws/install/br2_tracking/lib:/home/joanne/bookros2_ws/install/br2_tf2_detector/lib:/home/joanne/bookros2_ws/install/br2_bt_patrolling/lib:/home/joanne/bookros2_ws/install/br2_bt_bumpgo/lib:/usr/lib/x86_64-linux-gnu/gazebo-11/plugins:/opt/ros/foxy/opt/yaml_cpp_vendor/lib:/opt/ros/foxy/opt/rviz_ogre_vendor/lib:/opt/ros/foxy/lib/x86_64-linux-gnu:/opt/ros/foxy/lib PYTHONPATH=/home/joanne/bookros2_ws/install/br2_tracking_msgs/lib/python3.8/site-packages:/home/joanne/bookros2_ws/install/urdf_test/lib/python3.8/site-packages:/home/joanne/bookros2_ws/install/tiago_description/lib/python3.8/site-packages:/home/joanne/bookros2_ws/build/ros2controlcli:/home/joanne/bookros2_ws/install/ros2controlcli/lib/python3.8/site-packages:/home/joanne/bookros2_ws/install/pmb2_description/lib/python3.8/site-packages:/home/joanne/bookros2_ws/build/launch_pal:/home/joanne/bookros2_ws/install/launch_pal/lib/python3.8/site-packages:/home/joanne/bookros2_ws/install/controller_manager/lib/python3.8/site-packages:/home/joanne/bookros2_ws/install/controller_manager_msgs/lib/python3.8/site-packages:/home/joanne/bookros2_ws/build/br2_fsm_bumpgo_py:/home/joanne/bookros2_ws/install/br2_fsm_bumpgo_py/lib/python3.8/site-packages:/opt/ros/foxy/lib/python3.8/site-packages /usr/bin/cmake --install /home/joanne/bookros2_ws/build/br2_tracking
