[0.297s] Invoking command in '/home/joanne/bookros2_ws/build/hey5_description': CMAKE_PREFIX_PATH=/opt/ros/foxy /usr/bin/cmake /home/joanne/bookros2_ws/src/ThirdParty/hey5_description -DAMENT_CMAKE_SYMLINK_INSTALL=1 -DCMAKE_INSTALL_PREFIX=/home/joanne/bookros2_ws/install/hey5_description
[0.322s] -- Found ament_cmake_auto: 0.9.12 (/opt/ros/foxy/share/ament_cmake_auto/cmake)
[0.349s] -- Using PYTHON_EXECUTABLE: /usr/bin/python3
[0.670s] -- Override CMake install command with custom implementation using symlinks instead of copying resources
[0.789s] -- Configuring done
[0.797s] -- Generating done
[0.799s] -- Build files have been written to: /home/joanne/bookros2_ws/build/hey5_description
[0.821s] Invoked command in '/home/joanne/bookros2_ws/build/hey5_description' returned '0': CMAKE_PREFIX_PATH=/opt/ros/foxy /usr/bin/cmake /home/joanne/bookros2_ws/src/ThirdParty/hey5_description -DAMENT_CMAKE_SYMLINK_INSTALL=1 -DCMAKE_INSTALL_PREFIX=/home/joanne/bookros2_ws/install/hey5_description
[0.823s] Invoking command in '/home/joanne/bookros2_ws/build/hey5_description': CMAKE_PREFIX_PATH=/opt/ros/foxy /usr/bin/cmake --build /home/joanne/bookros2_ws/build/hey5_description -- -j8 -l8
[0.903s] Invoked command in '/home/joanne/bookros2_ws/build/hey5_description' returned '0': CMAKE_PREFIX_PATH=/opt/ros/foxy /usr/bin/cmake --build /home/joanne/bookros2_ws/build/hey5_description -- -j8 -l8
[0.907s] Invoking command in '/home/joanne/bookros2_ws/build/hey5_description': CMAKE_PREFIX_PATH=/opt/ros/foxy /usr/bin/cmake --install /home/joanne/bookros2_ws/build/hey5_description
[0.923s] -- Install configuration: ""
[0.926s] -- Execute custom install script
[0.927s] -- Symlinking: /home/joanne/bookros2_ws/install/hey5_description/share/hey5_description/config/two_hands.rviz
[0.947s] -- Symlinking: /home/joanne/bookros2_ws/install/hey5_description/share/hey5_description/gazebo/gazebo.urdf.xacro
[0.962s] -- Symlinking: /home/joanne/bookros2_ws/install/hey5_description/share/hey5_description/launch/hey5_kinematics_test.launch
[1.003s] -- Symlinking: /home/joanne/bookros2_ws/install/hey5_description/share/hey5_description/meshes/finger_abd_collision.stl
[1.021s] -- Symlinking: /home/joanne/bookros2_ws/install/hey5_description/share/hey5_description/meshes/finger_flex_collision.stl
[1.043s] -- Symlinking: /home/joanne/bookros2_ws/install/hey5_description/share/hey5_description/meshes/finger_flex_tip_collision.stl
[1.055s] -- Symlinking: /home/joanne/bookros2_ws/install/hey5_description/share/hey5_description/meshes/palm.stl
[1.068s] -- Symlinking: /home/joanne/bookros2_ws/install/hey5_description/share/hey5_description/meshes/palm_collision.stl
[1.081s] -- Symlinking: /home/joanne/bookros2_ws/install/hey5_description/share/hey5_description/meshes/thumb_abd_collision.stl
[1.096s] -- Symlinking: /home/joanne/bookros2_ws/install/hey5_description/share/hey5_description/robots/hey5_test.urdf.xacro
[1.111s] -- Symlinking: /home/joanne/bookros2_ws/install/hey5_description/share/hey5_description/urdf/actuators.urdf.xacro
[1.124s] -- Symlinking: /home/joanne/bookros2_ws/install/hey5_description/share/hey5_description/urdf/deg_to_rad.urdf.xacro
[1.138s] -- Symlinking: /home/joanne/bookros2_ws/install/hey5_description/share/hey5_description/urdf/fingers.urdf.xacro
[1.152s] -- Symlinking: /home/joanne/bookros2_ws/install/hey5_description/share/hey5_description/urdf/hey5_hand.urdf.xacro
[1.165s] -- Symlinking: /home/joanne/bookros2_ws/install/hey5_description/share/hey5_description/urdf/materials.urdf.xacro
[1.190s] -- Symlinking: /home/joanne/bookros2_ws/install/hey5_description/share/hey5_description/urdf/palm.urdf.xacro
[1.206s] -- Symlinking: /home/joanne/bookros2_ws/install/hey5_description/share/hey5_description/urdf/transmissions.urdf.xacro
[1.216s] -- Symlinking: /home/joanne/bookros2_ws/install/hey5_description/share/ament_index/resource_index/package_run_dependencies/hey5_description
[1.230s] -- Symlinking: /home/joanne/bookros2_ws/install/hey5_description/share/ament_index/resource_index/parent_prefix_path/hey5_description
[1.242s] -- Symlinking: /home/joanne/bookros2_ws/install/hey5_description/share/hey5_description/environment/ament_prefix_path.sh
[1.255s] -- Symlinking: /home/joanne/bookros2_ws/install/hey5_description/share/hey5_description/environment/ament_prefix_path.dsv
[1.272s] -- Symlinking: /home/joanne/bookros2_ws/install/hey5_description/share/hey5_description/environment/path.sh
[1.287s] -- Symlinking: /home/joanne/bookros2_ws/install/hey5_description/share/hey5_description/environment/path.dsv
[1.304s] -- Symlinking: /home/joanne/bookros2_ws/install/hey5_description/share/hey5_description/local_setup.bash
[1.328s] -- Symlinking: /home/joanne/bookros2_ws/install/hey5_description/share/hey5_description/local_setup.sh
[1.340s] -- Symlinking: /home/joanne/bookros2_ws/install/hey5_description/share/hey5_description/local_setup.zsh
[1.353s] -- Symlinking: /home/joanne/bookros2_ws/install/hey5_description/share/hey5_description/local_setup.dsv
[1.366s] -- Symlinking: /home/joanne/bookros2_ws/install/hey5_description/share/hey5_description/package.dsv
[1.380s] -- Symlinking: /home/joanne/bookros2_ws/install/hey5_description/share/ament_index/resource_index/packages/hey5_description
[1.395s] -- Symlinking: /home/joanne/bookros2_ws/install/hey5_description/share/hey5_description/cmake/hey5_descriptionConfig.cmake
[1.410s] -- Symlinking: /home/joanne/bookros2_ws/install/hey5_description/share/hey5_description/cmake/hey5_descriptionConfig-version.cmake
[1.425s] -- Symlinking: /home/joanne/bookros2_ws/install/hey5_description/share/hey5_description/package.xml
[1.442s] Invoked command in '/home/joanne/bookros2_ws/build/hey5_description' returned '0': CMAKE_PREFIX_PATH=/opt/ros/foxy /usr/bin/cmake --install /home/joanne/bookros2_ws/build/hey5_description
