[0.086s] Invoking command in '/home/joanne/bookros2_ws/build/br2_bt_bumpgo': CMAKE_PREFIX_PATH=${CMAKE_PREFIX_PATH}:/home/joanne/bookros2_ws/install/ros2controlcli:/home/joanne/bookros2_ws/install/launch_pal:/home/joanne/bookros2_ws/install/br2_fsm_bumpgo_py:/opt/ros/foxy /usr/bin/cmake --build /home/joanne/bookros2_ws/build/br2_bt_bumpgo -- -j8 -l8
[0.946s] [ 11%] Built target br2_forward_bt_node
[1.113s] [ 22%] Built target gtest_main
[1.249s] [ 33%] Built target gtest
[1.449s] [ 44%] Built target bt_forward
[1.710s] [ 55%] Built target bt_action_test
[1.930s] [ 66%] Built target br2_is_obstacle_bt_node
[2.247s] [ 77%] Built target br2_back_bt_node
[2.470s] [35m[1mScanning dependencies of target bt_bumpgo[0m
[2.596s] [ 83%] [32mBuilding CXX object CMakeFiles/bt_bumpgo.dir/src/bt_bumpgo_main.cpp.o[0m
[16.391s] [ 88%] [32m[1mLinking CXX executable bt_bumpgo[0m
[17.816s] [ 88%] Built target bt_bumpgo
[18.004s] [100%] Built target br2_turn_bt_node
[18.068s] Invoked command in '/home/joanne/bookros2_ws/build/br2_bt_bumpgo' returned '0': CMAKE_PREFIX_PATH=${CMAKE_PREFIX_PATH}:/home/joanne/bookros2_ws/install/ros2controlcli:/home/joanne/bookros2_ws/install/launch_pal:/home/joanne/bookros2_ws/install/br2_fsm_bumpgo_py:/opt/ros/foxy /usr/bin/cmake --build /home/joanne/bookros2_ws/build/br2_bt_bumpgo -- -j8 -l8
[18.151s] Invoking command in '/home/joanne/bookros2_ws/build/br2_bt_bumpgo': CMAKE_PREFIX_PATH=${CMAKE_PREFIX_PATH}:/home/joanne/bookros2_ws/install/ros2controlcli:/home/joanne/bookros2_ws/install/launch_pal:/home/joanne/bookros2_ws/install/br2_fsm_bumpgo_py:/opt/ros/foxy /usr/bin/cmake --install /home/joanne/bookros2_ws/build/br2_bt_bumpgo
[18.205s] -- Install configuration: ""
[18.207s] -- Execute custom install script
[18.212s] -- Up-to-date symlink: /home/joanne/bookros2_ws/install/br2_bt_bumpgo/lib/libbr2_forward_bt_node.so
[18.213s] -- Up-to-date symlink: /home/joanne/bookros2_ws/install/br2_bt_bumpgo/lib/libbr2_back_bt_node.so
[18.213s] -- Up-to-date symlink: /home/joanne/bookros2_ws/install/br2_bt_bumpgo/lib/libbr2_turn_bt_node.so
[18.215s] -- Up-to-date symlink: /home/joanne/bookros2_ws/install/br2_bt_bumpgo/lib/libbr2_is_obstacle_bt_node.so
[18.216s] -- Up-to-date symlink: /home/joanne/bookros2_ws/install/br2_bt_bumpgo/lib/br2_bt_bumpgo/bt_bumpgo
[18.220s] -- Up-to-date symlink: /home/joanne/bookros2_ws/install/br2_bt_bumpgo/include//br2_bt_bumpgo/Back.hpp
[18.220s] -- Up-to-date symlink: /home/joanne/bookros2_ws/install/br2_bt_bumpgo/include//br2_bt_bumpgo/Forward.hpp
[18.221s] -- Up-to-date symlink: /home/joanne/bookros2_ws/install/br2_bt_bumpgo/include//br2_bt_bumpgo/IsObstacle.hpp
[18.221s] -- Up-to-date symlink: /home/joanne/bookros2_ws/install/br2_bt_bumpgo/include//br2_bt_bumpgo/Turn.hpp
[18.224s] -- Up-to-date symlink: /home/joanne/bookros2_ws/install/br2_bt_bumpgo/share/br2_bt_bumpgo/behavior_tree_xml/bumpgo.xml
[18.225s] -- Up-to-date symlink: /home/joanne/bookros2_ws/install/br2_bt_bumpgo/share/br2_bt_bumpgo/behavior_tree_xml/custom_bt_0.xml
[18.225s] -- Symlinking: /home/joanne/bookros2_ws/install/br2_bt_bumpgo/share/br2_bt_bumpgo/behavior_tree_xml/custom_bt_reactivefallback.xml
[18.284s] -- Up-to-date symlink: /home/joanne/bookros2_ws/install/br2_bt_bumpgo/share/br2_bt_bumpgo/behavior_tree_xml/custom_bt_without_charging.xml
[18.286s] -- Up-to-date symlink: /home/joanne/bookros2_ws/install/br2_bt_bumpgo/lib/br2_bt_bumpgo/bt_forward
[18.286s] -- Up-to-date symlink: /home/joanne/bookros2_ws/install/br2_bt_bumpgo/share/ament_index/resource_index/package_run_dependencies/br2_bt_bumpgo
[18.289s] -- Up-to-date symlink: /home/joanne/bookros2_ws/install/br2_bt_bumpgo/share/ament_index/resource_index/parent_prefix_path/br2_bt_bumpgo
[18.289s] -- Up-to-date symlink: /home/joanne/bookros2_ws/install/br2_bt_bumpgo/share/br2_bt_bumpgo/environment/ament_prefix_path.sh
[18.290s] -- Up-to-date symlink: /home/joanne/bookros2_ws/install/br2_bt_bumpgo/share/br2_bt_bumpgo/environment/ament_prefix_path.dsv
[18.290s] -- Up-to-date symlink: /home/joanne/bookros2_ws/install/br2_bt_bumpgo/share/br2_bt_bumpgo/environment/path.sh
[18.292s] -- Up-to-date symlink: /home/joanne/bookros2_ws/install/br2_bt_bumpgo/share/br2_bt_bumpgo/environment/path.dsv
[18.292s] -- Up-to-date symlink: /home/joanne/bookros2_ws/install/br2_bt_bumpgo/share/br2_bt_bumpgo/local_setup.bash
[18.293s] -- Up-to-date symlink: /home/joanne/bookros2_ws/install/br2_bt_bumpgo/share/br2_bt_bumpgo/local_setup.sh
[18.293s] -- Up-to-date symlink: /home/joanne/bookros2_ws/install/br2_bt_bumpgo/share/br2_bt_bumpgo/local_setup.zsh
[18.294s] -- Up-to-date symlink: /home/joanne/bookros2_ws/install/br2_bt_bumpgo/share/br2_bt_bumpgo/local_setup.dsv
[18.296s] -- Symlinking: /home/joanne/bookros2_ws/install/br2_bt_bumpgo/share/br2_bt_bumpgo/package.dsv
[18.340s] -- Up-to-date symlink: /home/joanne/bookros2_ws/install/br2_bt_bumpgo/share/ament_index/resource_index/packages/br2_bt_bumpgo
[18.343s] -- Up-to-date symlink: /home/joanne/bookros2_ws/install/br2_bt_bumpgo/share/br2_bt_bumpgo/cmake/ament_cmake_export_include_directories-extras.cmake
[18.344s] -- Up-to-date symlink: /home/joanne/bookros2_ws/install/br2_bt_bumpgo/share/br2_bt_bumpgo/cmake/ament_cmake_export_dependencies-extras.cmake
[18.346s] -- Up-to-date symlink: /home/joanne/bookros2_ws/install/br2_bt_bumpgo/share/br2_bt_bumpgo/cmake/br2_bt_bumpgoConfig.cmake
[18.347s] -- Up-to-date symlink: /home/joanne/bookros2_ws/install/br2_bt_bumpgo/share/br2_bt_bumpgo/cmake/br2_bt_bumpgoConfig-version.cmake
[18.356s] -- Up-to-date symlink: /home/joanne/bookros2_ws/install/br2_bt_bumpgo/share/br2_bt_bumpgo/package.xml
[18.360s] Invoked command in '/home/joanne/bookros2_ws/build/br2_bt_bumpgo' returned '0': CMAKE_PREFIX_PATH=${CMAKE_PREFIX_PATH}:/home/joanne/bookros2_ws/install/ros2controlcli:/home/joanne/bookros2_ws/install/launch_pal:/home/joanne/bookros2_ws/install/br2_fsm_bumpgo_py:/opt/ros/foxy /usr/bin/cmake --install /home/joanne/bookros2_ws/build/br2_bt_bumpgo
