-- The C compiler identification is GNU 9.4.0
-- The CXX compiler identification is GNU 9.4.0
-- Check for working C compiler: /usr/bin/cc
-- Check for working C compiler: /usr/bin/cc -- works
-- Detecting C compiler ABI info
-- Detecting C compiler ABI info - done
-- Detecting C compile features
-- Detecting C compile features - done
-- Check for working CXX compiler: /usr/bin/c++
-- Check for working CXX compiler: /usr/bin/c++ -- works
-- Detecting CXX compiler ABI info
-- Detecting CXX compiler ABI info - done
-- Detecting CXX compile features
-- Detecting CXX compile features - done
-- Found ament_cmake_auto: 0.9.12 (/opt/ros/foxy/share/ament_cmake_auto/cmake)
-- Found PythonInterp: /usr/bin/python3 (found suitable version "3.8.10", minimum required is "3") 
-- Using PYTHON_EXECUTABLE: /usr/bin/python3
-- Configuring done
-- Generating done
-- Build files have been written to: /home/joanne/bookros2_ws/build/hey5_description
-- Install configuration: ""
-- Installing: /home/joanne/bookros2_ws/install/hey5_description/share/hey5_description/config
-- Installing: /home/joanne/bookros2_ws/install/hey5_description/share/hey5_description/config/two_hands.rviz
-- Installing: /home/joanne/bookros2_ws/install/hey5_description/share/hey5_description/gazebo
-- Installing: /home/joanne/bookros2_ws/install/hey5_description/share/hey5_description/gazebo/gazebo.urdf.xacro
-- Installing: /home/joanne/bookros2_ws/install/hey5_description/share/hey5_description/launch
-- Installing: /home/joanne/bookros2_ws/install/hey5_description/share/hey5_description/launch/hey5_kinematics_test.launch
-- Installing: /home/joanne/bookros2_ws/install/hey5_description/share/hey5_description/meshes
-- Installing: /home/joanne/bookros2_ws/install/hey5_description/share/hey5_description/meshes/thumb_abd_collision.stl
-- Installing: /home/joanne/bookros2_ws/install/hey5_description/share/hey5_description/meshes/palm.stl
-- Installing: /home/joanne/bookros2_ws/install/hey5_description/share/hey5_description/meshes/finger_flex_tip_collision.stl
-- Installing: /home/joanne/bookros2_ws/install/hey5_description/share/hey5_description/meshes/finger_abd_collision.stl
-- Installing: /home/joanne/bookros2_ws/install/hey5_description/share/hey5_description/meshes/finger_flex_collision.stl
-- Installing: /home/joanne/bookros2_ws/install/hey5_description/share/hey5_description/meshes/palm_collision.stl
-- Installing: /home/joanne/bookros2_ws/install/hey5_description/share/hey5_description/robots
-- Installing: /home/joanne/bookros2_ws/install/hey5_description/share/hey5_description/robots/hey5_test.urdf.xacro
-- Installing: /home/joanne/bookros2_ws/install/hey5_description/share/hey5_description/urdf
-- Installing: /home/joanne/bookros2_ws/install/hey5_description/share/hey5_description/urdf/transmissions.urdf.xacro
-- Installing: /home/joanne/bookros2_ws/install/hey5_description/share/hey5_description/urdf/palm.urdf.xacro
-- Installing: /home/joanne/bookros2_ws/install/hey5_description/share/hey5_description/urdf/materials.urdf.xacro
-- Installing: /home/joanne/bookros2_ws/install/hey5_description/share/hey5_description/urdf/hey5_hand.urdf.xacro
-- Installing: /home/joanne/bookros2_ws/install/hey5_description/share/hey5_description/urdf/actuators.urdf.xacro
-- Installing: /home/joanne/bookros2_ws/install/hey5_description/share/hey5_description/urdf/fingers.urdf.xacro
-- Installing: /home/joanne/bookros2_ws/install/hey5_description/share/hey5_description/urdf/deg_to_rad.urdf.xacro
-- Installing: /home/joanne/bookros2_ws/install/hey5_description/share/ament_index/resource_index/package_run_dependencies/hey5_description
-- Installing: /home/joanne/bookros2_ws/install/hey5_description/share/ament_index/resource_index/parent_prefix_path/hey5_description
-- Installing: /home/joanne/bookros2_ws/install/hey5_description/share/hey5_description/environment/ament_prefix_path.sh
-- Installing: /home/joanne/bookros2_ws/install/hey5_description/share/hey5_description/environment/ament_prefix_path.dsv
-- Installing: /home/joanne/bookros2_ws/install/hey5_description/share/hey5_description/environment/path.sh
-- Installing: /home/joanne/bookros2_ws/install/hey5_description/share/hey5_description/environment/path.dsv
-- Installing: /home/joanne/bookros2_ws/install/hey5_description/share/hey5_description/local_setup.bash
-- Installing: /home/joanne/bookros2_ws/install/hey5_description/share/hey5_description/local_setup.sh
-- Installing: /home/joanne/bookros2_ws/install/hey5_description/share/hey5_description/local_setup.zsh
-- Installing: /home/joanne/bookros2_ws/install/hey5_description/share/hey5_description/local_setup.dsv
-- Installing: /home/joanne/bookros2_ws/install/hey5_description/share/hey5_description/package.dsv
-- Installing: /home/joanne/bookros2_ws/install/hey5_description/share/ament_index/resource_index/packages/hey5_description
-- Installing: /home/joanne/bookros2_ws/install/hey5_description/share/hey5_description/cmake/hey5_descriptionConfig.cmake
-- Installing: /home/joanne/bookros2_ws/install/hey5_description/share/hey5_description/cmake/hey5_descriptionConfig-version.cmake
-- Installing: /home/joanne/bookros2_ws/install/hey5_description/share/hey5_description/package.xml
