[0.328s] Invoking command in '/home/joanne/bookros2_ws/build/hey5_description': CMAKE_PREFIX_PATH=/opt/ros/foxy /usr/bin/cmake /home/joanne/bookros2_ws/src/ThirdParty/hey5_description -DCMAKE_INSTALL_PREFIX=/home/joanne/bookros2_ws/install/hey5_description
[0.418s] -- The C compiler identification is GNU 9.4.0
[0.500s] -- The CXX compiler identification is GNU 9.4.0
[0.507s] -- Check for working C compiler: /usr/bin/cc
[0.629s] -- Check for working C compiler: /usr/bin/cc -- works
[0.630s] -- Detecting C compiler ABI info
[0.751s] -- Detecting C compiler ABI info - done
[0.774s] -- Detecting C compile features
[0.774s] -- Detecting C compile features - done
[0.778s] -- Check for working CXX compiler: /usr/bin/c++
[0.887s] -- Check for working CXX compiler: /usr/bin/c++ -- works
[0.889s] -- Detecting CXX compiler ABI info
[1.011s] -- Detecting CXX compiler ABI info - done
[1.033s] -- Detecting CXX compile features
[1.033s] -- Detecting CXX compile features - done
[1.036s] -- Found ament_cmake_auto: 0.9.12 (/opt/ros/foxy/share/ament_cmake_auto/cmake)
[1.076s] -- Found PythonInterp: /usr/bin/python3 (found suitable version "3.8.10", minimum required is "3") 
[1.077s] -- Using PYTHON_EXECUTABLE: /usr/bin/python3
[1.527s] -- Configuring done
[1.529s] -- Generating done
[1.530s] -- Build files have been written to: /home/joanne/bookros2_ws/build/hey5_description
[1.534s] Invoked command in '/home/joanne/bookros2_ws/build/hey5_description' returned '0': CMAKE_PREFIX_PATH=/opt/ros/foxy /usr/bin/cmake /home/joanne/bookros2_ws/src/ThirdParty/hey5_description -DCMAKE_INSTALL_PREFIX=/home/joanne/bookros2_ws/install/hey5_description
[1.537s] Invoking command in '/home/joanne/bookros2_ws/build/hey5_description': CMAKE_PREFIX_PATH=/opt/ros/foxy /usr/bin/cmake --build /home/joanne/bookros2_ws/build/hey5_description -- -j8 -l8
[1.651s] Invoked command in '/home/joanne/bookros2_ws/build/hey5_description' returned '0': CMAKE_PREFIX_PATH=/opt/ros/foxy /usr/bin/cmake --build /home/joanne/bookros2_ws/build/hey5_description -- -j8 -l8
[1.652s] Invoking command in '/home/joanne/bookros2_ws/build/hey5_description': CMAKE_PREFIX_PATH=/opt/ros/foxy /usr/bin/cmake --install /home/joanne/bookros2_ws/build/hey5_description
[1.661s] -- Install configuration: ""
[1.661s] -- Installing: /home/joanne/bookros2_ws/install/hey5_description/share/hey5_description/config
[1.662s] -- Installing: /home/joanne/bookros2_ws/install/hey5_description/share/hey5_description/config/two_hands.rviz
[1.662s] -- Installing: /home/joanne/bookros2_ws/install/hey5_description/share/hey5_description/gazebo
[1.662s] -- Installing: /home/joanne/bookros2_ws/install/hey5_description/share/hey5_description/gazebo/gazebo.urdf.xacro
[1.663s] -- Installing: /home/joanne/bookros2_ws/install/hey5_description/share/hey5_description/launch
[1.663s] -- Installing: /home/joanne/bookros2_ws/install/hey5_description/share/hey5_description/launch/hey5_kinematics_test.launch
[1.663s] -- Installing: /home/joanne/bookros2_ws/install/hey5_description/share/hey5_description/meshes
[1.663s] -- Installing: /home/joanne/bookros2_ws/install/hey5_description/share/hey5_description/meshes/thumb_abd_collision.stl
[1.663s] -- Installing: /home/joanne/bookros2_ws/install/hey5_description/share/hey5_description/meshes/palm.stl
[1.664s] -- Installing: /home/joanne/bookros2_ws/install/hey5_description/share/hey5_description/meshes/finger_flex_tip_collision.stl
[1.664s] -- Installing: /home/joanne/bookros2_ws/install/hey5_description/share/hey5_description/meshes/finger_abd_collision.stl
[1.664s] -- Installing: /home/joanne/bookros2_ws/install/hey5_description/share/hey5_description/meshes/finger_flex_collision.stl
[1.664s] -- Installing: /home/joanne/bookros2_ws/install/hey5_description/share/hey5_description/meshes/palm_collision.stl
[1.665s] -- Installing: /home/joanne/bookros2_ws/install/hey5_description/share/hey5_description/robots
[1.665s] -- Installing: /home/joanne/bookros2_ws/install/hey5_description/share/hey5_description/robots/hey5_test.urdf.xacro
[1.665s] -- Installing: /home/joanne/bookros2_ws/install/hey5_description/share/hey5_description/urdf
[1.666s] -- Installing: /home/joanne/bookros2_ws/install/hey5_description/share/hey5_description/urdf/transmissions.urdf.xacro
[1.666s] -- Installing: /home/joanne/bookros2_ws/install/hey5_description/share/hey5_description/urdf/palm.urdf.xacro
[1.666s] -- Installing: /home/joanne/bookros2_ws/install/hey5_description/share/hey5_description/urdf/materials.urdf.xacro
[1.667s] -- Installing: /home/joanne/bookros2_ws/install/hey5_description/share/hey5_description/urdf/hey5_hand.urdf.xacro
[1.667s] -- Installing: /home/joanne/bookros2_ws/install/hey5_description/share/hey5_description/urdf/actuators.urdf.xacro
[1.667s] -- Installing: /home/joanne/bookros2_ws/install/hey5_description/share/hey5_description/urdf/fingers.urdf.xacro
[1.670s] -- Installing: /home/joanne/bookros2_ws/install/hey5_description/share/hey5_description/urdf/deg_to_rad.urdf.xacro
[1.670s] -- Installing: /home/joanne/bookros2_ws/install/hey5_description/share/ament_index/resource_index/package_run_dependencies/hey5_description
[1.670s] -- Installing: /home/joanne/bookros2_ws/install/hey5_description/share/ament_index/resource_index/parent_prefix_path/hey5_description
[1.672s] -- Installing: /home/joanne/bookros2_ws/install/hey5_description/share/hey5_description/environment/ament_prefix_path.sh
[1.673s] -- Installing: /home/joanne/bookros2_ws/install/hey5_description/share/hey5_description/environment/ament_prefix_path.dsv
[1.673s] -- Installing: /home/joanne/bookros2_ws/install/hey5_description/share/hey5_description/environment/path.sh
[1.673s] -- Installing: /home/joanne/bookros2_ws/install/hey5_description/share/hey5_description/environment/path.dsv
[1.675s] -- Installing: /home/joanne/bookros2_ws/install/hey5_description/share/hey5_description/local_setup.bash
[1.676s] -- Installing: /home/joanne/bookros2_ws/install/hey5_description/share/hey5_description/local_setup.sh
[1.676s] -- Installing: /home/joanne/bookros2_ws/install/hey5_description/share/hey5_description/local_setup.zsh
[1.676s] -- Installing: /home/joanne/bookros2_ws/install/hey5_description/share/hey5_description/local_setup.dsv
[1.676s] -- Installing: /home/joanne/bookros2_ws/install/hey5_description/share/hey5_description/package.dsv
[1.676s] -- Installing: /home/joanne/bookros2_ws/install/hey5_description/share/ament_index/resource_index/packages/hey5_description
[1.676s] -- Installing: /home/joanne/bookros2_ws/install/hey5_description/share/hey5_description/cmake/hey5_descriptionConfig.cmake
[1.676s] -- Installing: /home/joanne/bookros2_ws/install/hey5_description/share/hey5_description/cmake/hey5_descriptionConfig-version.cmake
[1.676s] -- Installing: /home/joanne/bookros2_ws/install/hey5_description/share/hey5_description/package.xml
[1.734s] Invoked command in '/home/joanne/bookros2_ws/build/hey5_description' returned '0': CMAKE_PREFIX_PATH=/opt/ros/foxy /usr/bin/cmake --install /home/joanne/bookros2_ws/build/hey5_description
