[0.016s] Invoking command in '/home/joanne/bookros2_ws/build/br2_vff_avoidance': CMAKE_PREFIX_PATH=${CMAKE_PREFIX_PATH}:/home/joanne/bookros2_ws/install/ros2controlcli:/home/joanne/bookros2_ws/install/launch_pal:/home/joanne/bookros2_ws/install/br2_fsm_bumpgo_py:/opt/ros/foxy /usr/bin/cmake --build /home/joanne/bookros2_ws/build/br2_vff_avoidance -- -j8 -l8
[0.079s] -- Found ament_cmake: 0.9.12 (/opt/ros/foxy/share/ament_cmake/cmake)
[0.111s] -- Using PYTHON_EXECUTABLE: /usr/bin/python3
[0.266s] -- Override CMake install command with custom implementation using symlinks instead of copying resources
[0.286s] -- Found rclcpp: 2.4.3 (/opt/ros/foxy/share/rclcpp/cmake)
[0.336s] -- Using all available rosidl_typesupport_c: rosidl_typesupport_fastrtps_c;rosidl_typesupport_introspection_c
[0.341s] -- Found rosidl_adapter: 1.3.1 (/opt/ros/foxy/share/rosidl_adapter/cmake)
[0.467s] -- Using all available rosidl_typesupport_cpp: rosidl_typesupport_fastrtps_cpp;rosidl_typesupport_introspection_cpp
[0.521s] -- Found rmw_implementation_cmake: 1.0.4 (/opt/ros/foxy/share/rmw_implementation_cmake/cmake)
[0.526s] -- Using RMW implementation 'rmw_fastrtps_cpp' as default
[0.660s] -- Found sensor_msgs: 2.0.5 (/opt/ros/foxy/share/sensor_msgs/cmake)
[0.766s] -- Found visualization_msgs: 2.0.5 (/opt/ros/foxy/share/visualization_msgs/cmake)
[0.836s] -- Found ament_lint_auto: 0.9.8 (/opt/ros/foxy/share/ament_lint_auto/cmake)
[0.900s] -- Found gtest sources under '/opt/ros/foxy/src/gtest_vendor': C++ tests using 'Google Test' will be built
[0.912s] -- Added test 'copyright' to check source files copyright and LICENSE
[0.913s] -- Added test 'cppcheck' to perform static code analysis on C / C++ code
[0.914s] -- Configured cppcheck include dirs: /home/joanne/bookros2_ws/src/book_ros2/br2_vff_avoidance/include
[0.914s] -- Configured cppcheck exclude dirs and/or files: 
[0.914s] -- Added test 'cpplint' to check C / C++ code against the Google style
[0.914s] -- Configured cpplint exclude dirs and/or files: 
[0.915s] -- Added test 'flake8' to check Python code syntax and style conventions
[0.915s] -- Added test 'lint_cmake' to check CMake code style
[0.916s] -- Added test 'pep257' to check Python code against some of the style conventions in PEP 257
[0.917s] -- Added test 'uncrustify' to check C / C++ code style
[0.917s] -- Configured uncrustify additional arguments: 
[0.917s] -- Added test 'xmllint' to check XML markup files
[0.922s] -- Configuring done
[0.950s] -- Generating done
[0.959s] -- Build files have been written to: /home/joanne/bookros2_ws/build/br2_vff_avoidance
[1.000s] [ 40%] Built target gtest_main
[1.000s] [ 40%] Built target gtest
[1.004s] [35m[1mScanning dependencies of target br2_vff_avoidance[0m
[1.036s] [ 50%] [32mBuilding CXX object CMakeFiles/br2_vff_avoidance.dir/src/br2_vff_avoidance/AvoidanceNode.cpp.o[0m
[2.471s] [01m[K/home/joanne/bookros2_ws/src/book_ros2/br2_vff_avoidance/src/br2_vff_avoidance/AvoidanceNode.cpp:[m[K In member function ‘[01m[Kvoid br2_vff_avoidance::AvoidanceNode::control_cycle()[m[K’:
[2.471s] [01m[K/home/joanne/bookros2_ws/src/book_ros2/br2_vff_avoidance/src/br2_vff_avoidance/AvoidanceNode.cpp:46:59:[m[K [01;31m[Kerror: [m[Kno matching function for call to ‘[01m[Kbr2_vff_avoidance::AvoidanceNode::get_debug_vff(sensor_msgs::msg::LaserScan_<std::allocator<void> >&, br2_vff_avoidance::VFFVectors&)[m[K’
[2.472s]    46 |     vff_debug_pub_->publish(get_debug_vff(*last_scan_, vff[01;31m[K)[m[K);
[2.472s]       |                                                           [01;31m[K^[m[K
[2.472s] In file included from [01m[K/home/joanne/bookros2_ws/src/book_ros2/br2_vff_avoidance/src/br2_vff_avoidance/AvoidanceNode.cpp:2[m[K:
[2.472s] [01m[K/home/joanne/bookros2_ws/src/book_ros2/br2_vff_avoidance/include/br2_vff_avoidance/AvoidanceNode.hpp:50:40:[m[K [01;36m[Knote: [m[Kcandidate: ‘[01m[Kvisualization_msgs::msg::MarkerArray br2_vff_avoidance::AvoidanceNode::get_debug_vff(const br2_vff_avoidance::VFFVectors&)[m[K’
[2.472s]    50 |   visualization_msgs::msg::MarkerArray [01;36m[Kget_debug_vff[m[K(const VFFVectors & vff_vectors);
[2.472s]       |                                        [01;36m[K^~~~~~~~~~~~~[m[K
[2.472s] [01m[K/home/joanne/bookros2_ws/src/book_ros2/br2_vff_avoidance/include/br2_vff_avoidance/AvoidanceNode.hpp:50:40:[m[K [01;36m[Knote: [m[K  candidate expects 1 argument, 2 provided
[2.473s] [01m[K/home/joanne/bookros2_ws/src/book_ros2/br2_vff_avoidance/src/br2_vff_avoidance/AvoidanceNode.cpp:[m[K In member function ‘[01m[Kvisualization_msgs::msg::MarkerArray br2_vff_avoidance::AvoidanceNode::get_debug_vff(const br2_vff_avoidance::VFFVectors&)[m[K’:
[2.473s] [01m[K/home/joanne/bookros2_ws/src/book_ros2/br2_vff_avoidance/src/br2_vff_avoidance/AvoidanceNode.cpp:79:66:[m[K [01;31m[Kerror: [m[Kno matching function for call to ‘[01m[Kbr2_vff_avoidance::AvoidanceNode::make_marker(const std::vector<float, std::allocator<float> >&, br2_vff_avoidance::VFFColor, int)[m[K’
[2.473s]    79 |   array.markers.push_back(make_marker(vff.attractive, BLUE,  id++[01;31m[K)[m[K);
[2.473s]       |                                                                  [01;31m[K^[m[K
[2.473s] In file included from [01m[K/home/joanne/bookros2_ws/src/book_ros2/br2_vff_avoidance/src/br2_vff_avoidance/AvoidanceNode.cpp:2[m[K:
[2.473s] [01m[K/home/joanne/bookros2_ws/src/book_ros2/br2_vff_avoidance/include/br2_vff_avoidance/AvoidanceNode.hpp:51:35:[m[K [01;36m[Knote: [m[Kcandidate: ‘[01m[Kvisualization_msgs::msg::Marker br2_vff_avoidance::AvoidanceNode::make_marker(const std::vector<float, std::allocator<float> >&, br2_vff_avoidance::VFFColor)[m[K’
[2.473s]    51 |   visualization_msgs::msg::Marker [01;36m[Kmake_marker[m[K(
[2.473s]       |                                   [01;36m[K^~~~~~~~~~~[m[K
[2.473s] [01m[K/home/joanne/bookros2_ws/src/book_ros2/br2_vff_avoidance/include/br2_vff_avoidance/AvoidanceNode.hpp:51:35:[m[K [01;36m[Knote: [m[K  candidate expects 2 arguments, 3 provided
[2.473s] [01m[K/home/joanne/bookros2_ws/src/book_ros2/br2_vff_avoidance/src/br2_vff_avoidance/AvoidanceNode.cpp:80:66:[m[K [01;31m[Kerror: [m[Kno matching function for call to ‘[01m[Kbr2_vff_avoidance::AvoidanceNode::make_marker(const std::vector<float, std::allocator<float> >&, br2_vff_avoidance::VFFColor, int)[m[K’
[2.473s]    80 |   array.markers.push_back(make_marker(vff.result,     GREEN, id++[01;31m[K)[m[K);
[2.474s]       |                                                                  [01;31m[K^[m[K
[2.474s] In file included from [01m[K/home/joanne/bookros2_ws/src/book_ros2/br2_vff_avoidance/src/br2_vff_avoidance/AvoidanceNode.cpp:2[m[K:
[2.474s] [01m[K/home/joanne/bookros2_ws/src/book_ros2/br2_vff_avoidance/include/br2_vff_avoidance/AvoidanceNode.hpp:51:35:[m[K [01;36m[Knote: [m[Kcandidate: ‘[01m[Kvisualization_msgs::msg::Marker br2_vff_avoidance::AvoidanceNode::make_marker(const std::vector<float, std::allocator<float> >&, br2_vff_avoidance::VFFColor)[m[K’
[2.474s]    51 |   visualization_msgs::msg::Marker [01;36m[Kmake_marker[m[K(
[2.474s]       |                                   [01;36m[K^~~~~~~~~~~[m[K
[2.474s] [01m[K/home/joanne/bookros2_ws/src/book_ros2/br2_vff_avoidance/include/br2_vff_avoidance/AvoidanceNode.hpp:51:35:[m[K [01;36m[Knote: [m[K  candidate expects 2 arguments, 3 provided
[2.474s] [01m[K/home/joanne/bookros2_ws/src/book_ros2/br2_vff_avoidance/src/br2_vff_avoidance/AvoidanceNode.cpp:[m[K At global scope:
[2.474s] [01m[K/home/joanne/bookros2_ws/src/book_ros2/br2_vff_avoidance/src/br2_vff_avoidance/AvoidanceNode.cpp:84:38:[m[K [01;31m[Kerror: [m[Kno declaration matches ‘[01m[Kvisualization_msgs::msg::MarkerArray br2_vff_avoidance::AvoidanceNode::get_debug_vff(const LaserScan&, const br2_vff_avoidance::VFFVectors&)[m[K’
[2.474s]    84 | visualization_msgs::msg::MarkerArray [01;31m[KAvoidanceNode[m[K::get_debug_vff(
[2.474s]       |                                      [01;31m[K^~~~~~~~~~~~~[m[K
[2.474s] [01m[K/home/joanne/bookros2_ws/src/book_ros2/br2_vff_avoidance/src/br2_vff_avoidance/AvoidanceNode.cpp:74:38:[m[K [01;36m[Knote: [m[Kcandidate is: ‘[01m[Kvisualization_msgs::msg::MarkerArray br2_vff_avoidance::AvoidanceNode::get_debug_vff(const br2_vff_avoidance::VFFVectors&)[m[K’
[2.474s]    74 | visualization_msgs::msg::MarkerArray [01;36m[KAvoidanceNode[m[K::get_debug_vff(
[2.474s]       |                                      [01;36m[K^~~~~~~~~~~~~[m[K
[2.474s] In file included from [01m[K/home/joanne/bookros2_ws/src/book_ros2/br2_vff_avoidance/src/br2_vff_avoidance/AvoidanceNode.cpp:2[m[K:
[2.474s] [01m[K/home/joanne/bookros2_ws/src/book_ros2/br2_vff_avoidance/include/br2_vff_avoidance/AvoidanceNode.hpp:39:7:[m[K [01;36m[Knote: [m[K‘[01m[Kclass br2_vff_avoidance::AvoidanceNode[m[K’ defined here
[2.474s]    39 | class [01;36m[KAvoidanceNode[m[K : public rclcpp::Node
[2.474s]       |       [01;36m[K^~~~~~~~~~~~~[m[K
[2.475s] [01m[K/home/joanne/bookros2_ws/src/book_ros2/br2_vff_avoidance/src/br2_vff_avoidance/AvoidanceNode.cpp:108:33:[m[K [01;31m[Kerror: [m[Kno declaration matches ‘[01m[Kvisualization_msgs::msg::Marker br2_vff_avoidance::AvoidanceNode::make_marker(const std::vector<float, std::allocator<float> >&, br2_vff_avoidance::VFFColor, int)[m[K’
[2.475s]   108 | visualization_msgs::msg::Marker [01;31m[KAvoidanceNode[m[K::make_marker(
[2.475s]       |                                 [01;31m[K^~~~~~~~~~~~~[m[K
[2.475s] In file included from [01m[K/home/joanne/bookros2_ws/src/book_ros2/br2_vff_avoidance/src/br2_vff_avoidance/AvoidanceNode.cpp:2[m[K:
[2.475s] [01m[K/home/joanne/bookros2_ws/src/book_ros2/br2_vff_avoidance/include/br2_vff_avoidance/AvoidanceNode.hpp:51:35:[m[K [01;36m[Knote: [m[Kcandidate is: ‘[01m[Kvisualization_msgs::msg::Marker br2_vff_avoidance::AvoidanceNode::make_marker(const std::vector<float, std::allocator<float> >&, br2_vff_avoidance::VFFColor)[m[K’
[2.475s]    51 |   visualization_msgs::msg::Marker [01;36m[Kmake_marker[m[K(
[2.475s]       |                                   [01;36m[K^~~~~~~~~~~[m[K
[2.475s] [01m[K/home/joanne/bookros2_ws/src/book_ros2/br2_vff_avoidance/include/br2_vff_avoidance/AvoidanceNode.hpp:39:7:[m[K [01;36m[Knote: [m[K‘[01m[Kclass br2_vff_avoidance::AvoidanceNode[m[K’ defined here
[2.475s]    39 | class [01;36m[KAvoidanceNode[m[K : public rclcpp::Node
[2.475s]       |       [01;36m[K^~~~~~~~~~~~~[m[K
[4.002s] make[2]: *** [CMakeFiles/br2_vff_avoidance.dir/build.make:63: CMakeFiles/br2_vff_avoidance.dir/src/br2_vff_avoidance/AvoidanceNode.cpp.o] Error 1
[4.002s] make[1]: *** [CMakeFiles/Makefile2:148: CMakeFiles/br2_vff_avoidance.dir/all] Error 2
[4.002s] make: *** [Makefile:141: all] Error 2
[4.004s] Invoked command in '/home/joanne/bookros2_ws/build/br2_vff_avoidance' returned '2': CMAKE_PREFIX_PATH=${CMAKE_PREFIX_PATH}:/home/joanne/bookros2_ws/install/ros2controlcli:/home/joanne/bookros2_ws/install/launch_pal:/home/joanne/bookros2_ws/install/br2_fsm_bumpgo_py:/opt/ros/foxy /usr/bin/cmake --build /home/joanne/bookros2_ws/build/br2_vff_avoidance -- -j8 -l8
