[0.087s] Invoking command in '/home/joanne/bookros2_ws/build/joint_state_controller': AMENT_PREFIX_PATH=/home/joanne/bookros2_ws/install/joint_state_broadcaster:/home/joanne/bookros2_ws/install/controller_manager:/home/joanne/bookros2_ws/install/controller_interface:/home/joanne/bookros2_ws/install/hardware_interface:/home/joanne/bookros2_ws/install/ros2_control_test_assets:/home/joanne/bookros2_ws/install/controller_manager_msgs:${AMENT_PREFIX_PATH} CMAKE_PREFIX_PATH=/home/joanne/bookros2_ws/install/joint_state_broadcaster:/home/joanne/bookros2_ws/install/controller_manager:/home/joanne/bookros2_ws/install/controller_interface:/home/joanne/bookros2_ws/install/hardware_interface:/home/joanne/bookros2_ws/install/ros2_control_test_assets:/home/joanne/bookros2_ws/install/controller_manager_msgs:/opt/ros/foxy LD_LIBRARY_PATH=/home/joanne/bookros2_ws/install/joint_state_broadcaster/lib:/home/joanne/bookros2_ws/install/controller_manager/lib:/home/joanne/bookros2_ws/install/controller_interface/lib:/home/joanne/bookros2_ws/install/hardware_interface/lib:/home/joanne/bookros2_ws/install/controller_manager_msgs/lib:${LD_LIBRARY_PATH} PYTHONPATH=/home/joanne/bookros2_ws/install/controller_manager/lib/python3.8/site-packages:/home/joanne/bookros2_ws/install/controller_manager_msgs/lib/python3.8/site-packages:${PYTHONPATH} /usr/bin/cmake /home/joanne/bookros2_ws/src/ThirdParty/ros2_controllers/joint_state_controller -DCMAKE_INSTALL_PREFIX=/home/joanne/bookros2_ws/install/joint_state_controller
[0.437s] -- The C compiler identification is GNU 9.4.0
[0.441s] -- The CXX compiler identification is GNU 9.4.0
[0.442s] -- Check for working C compiler: /usr/bin/cc
[0.484s] -- Check for working C compiler: /usr/bin/cc -- works
[0.486s] -- Detecting C compiler ABI info
[0.657s] -- Detecting C compiler ABI info - done
[0.691s] -- Detecting C compile features
[0.692s] -- Detecting C compile features - done
[0.698s] -- Check for working CXX compiler: /usr/bin/c++
[0.886s] -- Check for working CXX compiler: /usr/bin/c++ -- works
[0.888s] -- Detecting CXX compiler ABI info
[1.101s] -- Detecting CXX compiler ABI info - done
[1.159s] -- Detecting CXX compile features
[1.161s] -- Detecting CXX compile features - done
[1.166s] -- Found ament_cmake: 0.9.12 (/opt/ros/foxy/share/ament_cmake/cmake)
[1.220s] -- Found PythonInterp: /usr/bin/python3 (found suitable version "3.8.10", minimum required is "3") 
[1.220s] -- Using PYTHON_EXECUTABLE: /usr/bin/python3
[1.754s] -- Found joint_state_broadcaster: 0.4.0 (/home/joanne/bookros2_ws/install/joint_state_broadcaster/share/joint_state_broadcaster/cmake)
[1.839s] -- Using all available rosidl_typesupport_c: rosidl_typesupport_fastrtps_c;rosidl_typesupport_introspection_c
[1.863s] -- Found rosidl_adapter: 1.3.1 (/opt/ros/foxy/share/rosidl_adapter/cmake)
[2.057s] -- Found OpenSSL: /usr/lib/x86_64-linux-gnu/libcrypto.so (found version "1.1.1f")  
[2.123s] -- Found FastRTPS: /opt/ros/foxy/include  
[2.333s] -- Using all available rosidl_typesupport_cpp: rosidl_typesupport_fastrtps_cpp;rosidl_typesupport_introspection_cpp
[4.021s] -- Found rmw_implementation_cmake: 1.0.4 (/opt/ros/foxy/share/rmw_implementation_cmake/cmake)
[4.025s] -- Using RMW implementation 'rmw_fastrtps_cpp' as default
[4.028s] -- Looking for pthread.h
[4.200s] -- Looking for pthread.h - found
[4.201s] -- Performing Test CMAKE_HAVE_LIBC_PTHREAD
[4.398s] -- Performing Test CMAKE_HAVE_LIBC_PTHREAD - Failed
[4.398s] -- Looking for pthread_create in pthreads
[4.552s] -- Looking for pthread_create in pthreads - not found
[4.552s] -- Looking for pthread_create in pthread
[4.736s] -- Looking for pthread_create in pthread - found
[4.738s] -- Found Threads: TRUE  
[5.889s] -- Found ament_cmake_gmock: 0.9.12 (/opt/ros/foxy/share/ament_cmake_gmock/cmake)
[5.894s] -- Found ament_lint_auto: 0.9.8 (/opt/ros/foxy/share/ament_lint_auto/cmake)
[5.896s] -- Found controller_manager: 0.7.1 (/home/joanne/bookros2_ws/install/controller_manager/share/controller_manager/cmake)
[6.049s] -- Found ros2_control_test_assets: 0.7.1 (/home/joanne/bookros2_ws/install/ros2_control_test_assets/share/ros2_control_test_assets/cmake)
[6.256s] -- Found gmock sources under '/opt/ros/foxy/src/gmock_vendor': C++ tests using 'Google Mock' will be built
[6.266s] -- Found ament_cmake_gtest: 0.9.12 (/opt/ros/foxy/share/ament_cmake_gtest/cmake)
[6.269s] -- Found gtest sources under '/opt/ros/foxy/src/gtest_vendor': C++ tests using 'Google Test' will be built
[6.521s] -- Added test 'copyright' to check source files copyright and LICENSE
[6.525s] -- Added test 'cppcheck' to perform static code analysis on C / C++ code
[6.526s] -- Configured cppcheck include dirs: /home/joanne/bookros2_ws/src/ThirdParty/ros2_controllers/joint_state_controller/include
[6.526s] -- Configured cppcheck exclude dirs and/or files: 
[6.529s] -- Added test 'cpplint' to check C / C++ code against the Google style
[6.529s] -- Configured cpplint exclude dirs and/or files: 
[6.532s] -- Added test 'lint_cmake' to check CMake code style
[6.536s] -- Added test 'uncrustify' to check C / C++ code style
[6.536s] -- Configured uncrustify additional arguments: 
[6.537s] -- Added test 'xmllint' to check XML markup files
[6.551s] -- Configuring done
[6.706s] -- Generating done
[6.756s] -- Build files have been written to: /home/joanne/bookros2_ws/build/joint_state_controller
[6.867s] Invoked command in '/home/joanne/bookros2_ws/build/joint_state_controller' returned '0': AMENT_PREFIX_PATH=/home/joanne/bookros2_ws/install/joint_state_broadcaster:/home/joanne/bookros2_ws/install/controller_manager:/home/joanne/bookros2_ws/install/controller_interface:/home/joanne/bookros2_ws/install/hardware_interface:/home/joanne/bookros2_ws/install/ros2_control_test_assets:/home/joanne/bookros2_ws/install/controller_manager_msgs:${AMENT_PREFIX_PATH} CMAKE_PREFIX_PATH=/home/joanne/bookros2_ws/install/joint_state_broadcaster:/home/joanne/bookros2_ws/install/controller_manager:/home/joanne/bookros2_ws/install/controller_interface:/home/joanne/bookros2_ws/install/hardware_interface:/home/joanne/bookros2_ws/install/ros2_control_test_assets:/home/joanne/bookros2_ws/install/controller_manager_msgs:/opt/ros/foxy LD_LIBRARY_PATH=/home/joanne/bookros2_ws/install/joint_state_broadcaster/lib:/home/joanne/bookros2_ws/install/controller_manager/lib:/home/joanne/bookros2_ws/install/controller_interface/lib:/home/joanne/bookros2_ws/install/hardware_interface/lib:/home/joanne/bookros2_ws/install/controller_manager_msgs/lib:${LD_LIBRARY_PATH} PYTHONPATH=/home/joanne/bookros2_ws/install/controller_manager/lib/python3.8/site-packages:/home/joanne/bookros2_ws/install/controller_manager_msgs/lib/python3.8/site-packages:${PYTHONPATH} /usr/bin/cmake /home/joanne/bookros2_ws/src/ThirdParty/ros2_controllers/joint_state_controller -DCMAKE_INSTALL_PREFIX=/home/joanne/bookros2_ws/install/joint_state_controller
[6.869s] Invoking command in '/home/joanne/bookros2_ws/build/joint_state_controller': AMENT_PREFIX_PATH=/home/joanne/bookros2_ws/install/joint_state_broadcaster:/home/joanne/bookros2_ws/install/controller_manager:/home/joanne/bookros2_ws/install/controller_interface:/home/joanne/bookros2_ws/install/hardware_interface:/home/joanne/bookros2_ws/install/ros2_control_test_assets:/home/joanne/bookros2_ws/install/controller_manager_msgs:${AMENT_PREFIX_PATH} CMAKE_PREFIX_PATH=/home/joanne/bookros2_ws/install/joint_state_broadcaster:/home/joanne/bookros2_ws/install/controller_manager:/home/joanne/bookros2_ws/install/controller_interface:/home/joanne/bookros2_ws/install/hardware_interface:/home/joanne/bookros2_ws/install/ros2_control_test_assets:/home/joanne/bookros2_ws/install/controller_manager_msgs:/opt/ros/foxy LD_LIBRARY_PATH=/home/joanne/bookros2_ws/install/joint_state_broadcaster/lib:/home/joanne/bookros2_ws/install/controller_manager/lib:/home/joanne/bookros2_ws/install/controller_interface/lib:/home/joanne/bookros2_ws/install/hardware_interface/lib:/home/joanne/bookros2_ws/install/controller_manager_msgs/lib:${LD_LIBRARY_PATH} PYTHONPATH=/home/joanne/bookros2_ws/install/controller_manager/lib/python3.8/site-packages:/home/joanne/bookros2_ws/install/controller_manager_msgs/lib/python3.8/site-packages:${PYTHONPATH} /usr/bin/cmake --build /home/joanne/bookros2_ws/build/joint_state_controller -- -j8 -l8
[16.973s] [35m[1mScanning dependencies of target gmock[0m
[16.974s] [ 11%] [32mBuilding CXX object gmock/CMakeFiles/gmock.dir/opt/ros/foxy/src/gtest_vendor/src/gtest-all.cc.o[0m
[16.974s] [ 22%] [32mBuilding CXX object gmock/CMakeFiles/gmock.dir/src/gmock-all.cc.o[0m
[17.715s] [ 33%] [32m[1mLinking CXX static library libgmock.a[0m
[17.810s] [ 33%] Built target gmock
[17.824s] [35m[1mScanning dependencies of target joint_state_controller[0m
[17.881s] [ 44%] [32mBuilding CXX object CMakeFiles/joint_state_controller.dir/src/joint_state_controller.cpp.o[0m
[21.469s] [ 55%] [32m[1mLinking CXX shared library libjoint_state_controller.so[0m
[21.772s] [ 55%] Built target joint_state_controller
[21.791s] [35m[1mScanning dependencies of target gmock_main[0m
[21.830s] [ 66%] [32mBuilding CXX object gmock/CMakeFiles/gmock_main.dir/src/gmock_main.cc.o[0m
[23.720s] [ 77%] [32m[1mLinking CXX static library libgmock_main.a[0m
[23.781s] [ 77%] Built target gmock_main
[23.802s] [35m[1mScanning dependencies of target test_load_joint_state_controller[0m
[23.927s] [ 88%] [32mBuilding CXX object CMakeFiles/test_load_joint_state_controller.dir/test/test_load_joint_state_controller.cpp.o[0m
[30.531s] [100%] [32m[1mLinking CXX executable test_load_joint_state_controller[0m
[31.614s] [100%] Built target test_load_joint_state_controller
[31.635s] Invoked command in '/home/joanne/bookros2_ws/build/joint_state_controller' returned '0': AMENT_PREFIX_PATH=/home/joanne/bookros2_ws/install/joint_state_broadcaster:/home/joanne/bookros2_ws/install/controller_manager:/home/joanne/bookros2_ws/install/controller_interface:/home/joanne/bookros2_ws/install/hardware_interface:/home/joanne/bookros2_ws/install/ros2_control_test_assets:/home/joanne/bookros2_ws/install/controller_manager_msgs:${AMENT_PREFIX_PATH} CMAKE_PREFIX_PATH=/home/joanne/bookros2_ws/install/joint_state_broadcaster:/home/joanne/bookros2_ws/install/controller_manager:/home/joanne/bookros2_ws/install/controller_interface:/home/joanne/bookros2_ws/install/hardware_interface:/home/joanne/bookros2_ws/install/ros2_control_test_assets:/home/joanne/bookros2_ws/install/controller_manager_msgs:/opt/ros/foxy LD_LIBRARY_PATH=/home/joanne/bookros2_ws/install/joint_state_broadcaster/lib:/home/joanne/bookros2_ws/install/controller_manager/lib:/home/joanne/bookros2_ws/install/controller_interface/lib:/home/joanne/bookros2_ws/install/hardware_interface/lib:/home/joanne/bookros2_ws/install/controller_manager_msgs/lib:${LD_LIBRARY_PATH} PYTHONPATH=/home/joanne/bookros2_ws/install/controller_manager/lib/python3.8/site-packages:/home/joanne/bookros2_ws/install/controller_manager_msgs/lib/python3.8/site-packages:${PYTHONPATH} /usr/bin/cmake --build /home/joanne/bookros2_ws/build/joint_state_controller -- -j8 -l8
[31.641s] Invoking command in '/home/joanne/bookros2_ws/build/joint_state_controller': AMENT_PREFIX_PATH=/home/joanne/bookros2_ws/install/joint_state_broadcaster:/home/joanne/bookros2_ws/install/controller_manager:/home/joanne/bookros2_ws/install/controller_interface:/home/joanne/bookros2_ws/install/hardware_interface:/home/joanne/bookros2_ws/install/ros2_control_test_assets:/home/joanne/bookros2_ws/install/controller_manager_msgs:${AMENT_PREFIX_PATH} CMAKE_PREFIX_PATH=/home/joanne/bookros2_ws/install/joint_state_broadcaster:/home/joanne/bookros2_ws/install/controller_manager:/home/joanne/bookros2_ws/install/controller_interface:/home/joanne/bookros2_ws/install/hardware_interface:/home/joanne/bookros2_ws/install/ros2_control_test_assets:/home/joanne/bookros2_ws/install/controller_manager_msgs:/opt/ros/foxy LD_LIBRARY_PATH=/home/joanne/bookros2_ws/install/joint_state_broadcaster/lib:/home/joanne/bookros2_ws/install/controller_manager/lib:/home/joanne/bookros2_ws/install/controller_interface/lib:/home/joanne/bookros2_ws/install/hardware_interface/lib:/home/joanne/bookros2_ws/install/controller_manager_msgs/lib:${LD_LIBRARY_PATH} PYTHONPATH=/home/joanne/bookros2_ws/install/controller_manager/lib/python3.8/site-packages:/home/joanne/bookros2_ws/install/controller_manager_msgs/lib/python3.8/site-packages:${PYTHONPATH} /usr/bin/cmake --install /home/joanne/bookros2_ws/build/joint_state_controller
[31.657s] -- Install configuration: ""
[31.657s] -- Installing: /home/joanne/bookros2_ws/install/joint_state_controller/share/joint_state_controller/joint_state_plugin.xml
[31.658s] -- Installing: /home/joanne/bookros2_ws/install/joint_state_controller/lib/libjoint_state_controller.so
[31.659s] -- Set runtime path of "/home/joanne/bookros2_ws/install/joint_state_controller/lib/libjoint_state_controller.so" to ""
[31.659s] -- Installing: /home/joanne/bookros2_ws/install/joint_state_controller/share/joint_state_controller/environment/library_path.sh
[31.659s] -- Installing: /home/joanne/bookros2_ws/install/joint_state_controller/share/joint_state_controller/environment/library_path.dsv
[31.659s] -- Installing: /home/joanne/bookros2_ws/install/joint_state_controller/share/ament_index/resource_index/package_run_dependencies/joint_state_controller
[31.660s] -- Installing: /home/joanne/bookros2_ws/install/joint_state_controller/share/ament_index/resource_index/parent_prefix_path/joint_state_controller
[31.660s] -- Installing: /home/joanne/bookros2_ws/install/joint_state_controller/share/joint_state_controller/environment/ament_prefix_path.sh
[31.660s] -- Installing: /home/joanne/bookros2_ws/install/joint_state_controller/share/joint_state_controller/environment/ament_prefix_path.dsv
[31.660s] -- Installing: /home/joanne/bookros2_ws/install/joint_state_controller/share/joint_state_controller/environment/path.sh
[31.661s] -- Installing: /home/joanne/bookros2_ws/install/joint_state_controller/share/joint_state_controller/environment/path.dsv
[31.661s] -- Installing: /home/joanne/bookros2_ws/install/joint_state_controller/share/joint_state_controller/local_setup.bash
[31.661s] -- Installing: /home/joanne/bookros2_ws/install/joint_state_controller/share/joint_state_controller/local_setup.sh
[31.661s] -- Installing: /home/joanne/bookros2_ws/install/joint_state_controller/share/joint_state_controller/local_setup.zsh
[31.662s] -- Installing: /home/joanne/bookros2_ws/install/joint_state_controller/share/joint_state_controller/local_setup.dsv
[31.662s] -- Installing: /home/joanne/bookros2_ws/install/joint_state_controller/share/joint_state_controller/package.dsv
[31.662s] -- Installing: /home/joanne/bookros2_ws/install/joint_state_controller/share/ament_index/resource_index/packages/joint_state_controller
[31.662s] -- Installing: /home/joanne/bookros2_ws/install/joint_state_controller/share/ament_index/resource_index/controller_interface__pluginlib__plugin/joint_state_controller
[31.663s] -- Installing: /home/joanne/bookros2_ws/install/joint_state_controller/share/joint_state_controller/cmake/ament_cmake_export_dependencies-extras.cmake
[31.663s] -- Installing: /home/joanne/bookros2_ws/install/joint_state_controller/share/joint_state_controller/cmake/ament_cmake_export_libraries-extras.cmake
[31.663s] -- Installing: /home/joanne/bookros2_ws/install/joint_state_controller/share/joint_state_controller/cmake/joint_state_controllerConfig.cmake
[31.663s] -- Installing: /home/joanne/bookros2_ws/install/joint_state_controller/share/joint_state_controller/cmake/joint_state_controllerConfig-version.cmake
[31.664s] -- Installing: /home/joanne/bookros2_ws/install/joint_state_controller/share/joint_state_controller/package.xml
[31.668s] Invoked command in '/home/joanne/bookros2_ws/build/joint_state_controller' returned '0': AMENT_PREFIX_PATH=/home/joanne/bookros2_ws/install/joint_state_broadcaster:/home/joanne/bookros2_ws/install/controller_manager:/home/joanne/bookros2_ws/install/controller_interface:/home/joanne/bookros2_ws/install/hardware_interface:/home/joanne/bookros2_ws/install/ros2_control_test_assets:/home/joanne/bookros2_ws/install/controller_manager_msgs:${AMENT_PREFIX_PATH} CMAKE_PREFIX_PATH=/home/joanne/bookros2_ws/install/joint_state_broadcaster:/home/joanne/bookros2_ws/install/controller_manager:/home/joanne/bookros2_ws/install/controller_interface:/home/joanne/bookros2_ws/install/hardware_interface:/home/joanne/bookros2_ws/install/ros2_control_test_assets:/home/joanne/bookros2_ws/install/controller_manager_msgs:/opt/ros/foxy LD_LIBRARY_PATH=/home/joanne/bookros2_ws/install/joint_state_broadcaster/lib:/home/joanne/bookros2_ws/install/controller_manager/lib:/home/joanne/bookros2_ws/install/controller_interface/lib:/home/joanne/bookros2_ws/install/hardware_interface/lib:/home/joanne/bookros2_ws/install/controller_manager_msgs/lib:${LD_LIBRARY_PATH} PYTHONPATH=/home/joanne/bookros2_ws/install/controller_manager/lib/python3.8/site-packages:/home/joanne/bookros2_ws/install/controller_manager_msgs/lib/python3.8/site-packages:${PYTHONPATH} /usr/bin/cmake --install /home/joanne/bookros2_ws/build/joint_state_controller
