-- The C compiler identification is GNU 9.4.0
-- The CXX compiler identification is GNU 9.4.0
-- Check for working C compiler: /usr/bin/cc
-- Check for working C compiler: /usr/bin/cc -- works
-- Detecting C compiler ABI info
-- Detecting C compiler ABI info - done
-- Detecting C compile features
-- Detecting C compile features - done
-- Check for working CXX compiler: /usr/bin/c++
-- Check for working CXX compiler: /usr/bin/c++ -- works
-- Detecting CXX compiler ABI info
-- Detecting CXX compiler ABI info - done
-- Detecting CXX compile features
-- Detecting CXX compile features - done
-- Found ament_cmake_auto: 0.9.12 (/opt/ros/foxy/share/ament_cmake_auto/cmake)
-- Found PythonInterp: /usr/bin/python3 (found suitable version "3.8.10", minimum required is "3") 
-- Using PYTHON_EXECUTABLE: /usr/bin/python3
-- Found ament_lint_auto: 0.9.8 (/opt/ros/foxy/share/ament_lint_auto/cmake)
-- Found python_cmake_module: 0.8.1 (/opt/ros/foxy/share/python_cmake_module/cmake)
-- Found PythonInterp: /usr/bin/python3 (found suitable version "3.8.10", minimum required is "3.5") 
-- Found PythonLibs: /usr/lib/x86_64-linux-gnu/libpython3.8.so (found suitable version "3.8.10", minimum required is "3.5") 
-- Using PYTHON_EXECUTABLE: /usr/bin/python3
-- Using PYTHON_INCLUDE_DIRS: /usr/include/python3.8
-- Using PYTHON_LIBRARIES: /usr/lib/x86_64-linux-gnu/libpython3.8.so
-- Found PythonExtra: .so  
-- Added test 'copyright' to check source files copyright and LICENSE
-- Added test 'flake8' to check Python code syntax and style conventions
-- Added test 'lint_cmake' to check CMake code style
-- Added test 'pep257' to check Python code against some of the style conventions in PEP 257
-- Added test 'xmllint' to check XML markup files
-- Configuring done
-- Generating done
-- Build files have been written to: /home/joanne/bookros2_ws/build/tiago_description
-- Install configuration: ""
-- Installing: /home/joanne/bookros2_ws/install/tiago_description/share/tiago_description/environment/pythonpath.sh
-- Installing: /home/joanne/bookros2_ws/install/tiago_description/share/tiago_description/environment/pythonpath.dsv
-- Installing: /home/joanne/bookros2_ws/install/tiago_description/lib/python3.8/site-packages/tiago_description
-- Installing: /home/joanne/bookros2_ws/install/tiago_description/lib/python3.8/site-packages/tiago_description/__init__.py
-- Installing: /home/joanne/bookros2_ws/install/tiago_description/lib/python3.8/site-packages/tiago_description/tiago_launch_utils.py
Listing '/home/joanne/bookros2_ws/install/tiago_description/lib/python3.8/site-packages/tiago_description'...
Compiling '/home/joanne/bookros2_ws/install/tiago_description/lib/python3.8/site-packages/tiago_description/__init__.py'...
Compiling '/home/joanne/bookros2_ws/install/tiago_description/lib/python3.8/site-packages/tiago_description/tiago_launch_utils.py'...
-- Installing: /home/joanne/bookros2_ws/install/tiago_description/share/tiago_description/config
-- Installing: /home/joanne/bookros2_ws/install/tiago_description/share/tiago_description/config/collision
-- Installing: /home/joanne/bookros2_ws/install/tiago_description/share/tiago_description/config/collision/collision_parameters.yaml
-- Installing: /home/joanne/bookros2_ws/install/tiago_description/share/tiago_description/gazebo
-- Installing: /home/joanne/bookros2_ws/install/tiago_description/share/tiago_description/gazebo/gazebo.urdf.xacro
-- Installing: /home/joanne/bookros2_ws/install/tiago_description/share/tiago_description/launch
-- Installing: /home/joanne/bookros2_ws/install/tiago_description/share/tiago_description/launch/robot_state_publisher.launch.py
-- Installing: /home/joanne/bookros2_ws/install/tiago_description/share/tiago_description/launch/show.launch.py
-- Installing: /home/joanne/bookros2_ws/install/tiago_description/share/tiago_description/Media
-- Installing: /home/joanne/bookros2_ws/install/tiago_description/share/tiago_description/Media/materials
-- Installing: /home/joanne/bookros2_ws/install/tiago_description/share/tiago_description/Media/materials/scripts
-- Installing: /home/joanne/bookros2_ws/install/tiago_description/share/tiago_description/Media/materials/scripts/markers.material
-- Installing: /home/joanne/bookros2_ws/install/tiago_description/share/tiago_description/Media/materials/textures
-- Installing: /home/joanne/bookros2_ws/install/tiago_description/share/tiago_description/Media/materials/textures/aruco-582_8cm.png
-- Installing: /home/joanne/bookros2_ws/install/tiago_description/share/tiago_description/Media/materials/textures/pal_logo_1_7cm.jpg
-- Installing: /home/joanne/bookros2_ws/install/tiago_description/share/tiago_description/Media/materials/textures/aruco-26_8cm.png
-- Installing: /home/joanne/bookros2_ws/install/tiago_description/share/tiago_description/Media/materials/textures/pal_logo_3_7cm.jpg
-- Installing: /home/joanne/bookros2_ws/install/tiago_description/share/tiago_description/Media/materials/textures/pal_logo_2_7cm.jpg
-- Installing: /home/joanne/bookros2_ws/install/tiago_description/share/tiago_description/meshes
-- Installing: /home/joanne/bookros2_ws/install/tiago_description/share/tiago_description/meshes/sensors
-- Installing: /home/joanne/bookros2_ws/install/tiago_description/share/tiago_description/meshes/sensors/xtion_pro_live
-- Installing: /home/joanne/bookros2_ws/install/tiago_description/share/tiago_description/meshes/sensors/xtion_pro_live/xtion_pro_live.png
-- Installing: /home/joanne/bookros2_ws/install/tiago_description/share/tiago_description/meshes/sensors/xtion_pro_live/xtion_pro_live.dae
-- Installing: /home/joanne/bookros2_ws/install/tiago_description/share/tiago_description/meshes/head
-- Installing: /home/joanne/bookros2_ws/install/tiago_description/share/tiago_description/meshes/head/head_1_collision.dae
-- Installing: /home/joanne/bookros2_ws/install/tiago_description/share/tiago_description/meshes/head/head_1.stl
-- Installing: /home/joanne/bookros2_ws/install/tiago_description/share/tiago_description/meshes/head/head_2_collision.dae
-- Installing: /home/joanne/bookros2_ws/install/tiago_description/share/tiago_description/meshes/head/head_2.stl
-- Installing: /home/joanne/bookros2_ws/install/tiago_description/share/tiago_description/meshes/torso
-- Installing: /home/joanne/bookros2_ws/install/tiago_description/share/tiago_description/meshes/torso/torso_lift_with_arm.stl
-- Installing: /home/joanne/bookros2_ws/install/tiago_description/share/tiago_description/meshes/torso/torso_fix.stl
-- Installing: /home/joanne/bookros2_ws/install/tiago_description/share/tiago_description/meshes/torso/torso_lift_collision_shoulder.dae
-- Installing: /home/joanne/bookros2_ws/install/tiago_description/share/tiago_description/meshes/torso/torso_lift_collision_core.dae
-- Installing: /home/joanne/bookros2_ws/install/tiago_description/share/tiago_description/meshes/torso/torso_lift_collision.dae
-- Installing: /home/joanne/bookros2_ws/install/tiago_description/share/tiago_description/meshes/torso/torso_lift_without_arm.stl
-- Installing: /home/joanne/bookros2_ws/install/tiago_description/share/tiago_description/meshes/torso/torso_lift_collision_neck.dae
-- Installing: /home/joanne/bookros2_ws/install/tiago_description/share/tiago_description/meshes/arm
-- Installing: /home/joanne/bookros2_ws/install/tiago_description/share/tiago_description/meshes/arm/arm_1_specular.png
-- Installing: /home/joanne/bookros2_ws/install/tiago_description/share/tiago_description/meshes/arm/arm_3_normals.png
-- Installing: /home/joanne/bookros2_ws/install/tiago_description/share/tiago_description/meshes/arm/arm_6_normals.png
-- Installing: /home/joanne/bookros2_ws/install/tiago_description/share/tiago_description/meshes/arm/arm_2_normals.png
-- Installing: /home/joanne/bookros2_ws/install/tiago_description/share/tiago_description/meshes/arm/arm_1.stl
-- Installing: /home/joanne/bookros2_ws/install/tiago_description/share/tiago_description/meshes/arm/arm_1_normals.png
-- Installing: /home/joanne/bookros2_ws/install/tiago_description/share/tiago_description/meshes/arm/arm_4_collision.dae
-- Installing: /home/joanne/bookros2_ws/install/tiago_description/share/tiago_description/meshes/arm/arm_6-wrist-2010.stl
-- Installing: /home/joanne/bookros2_ws/install/tiago_description/share/tiago_description/meshes/arm/arm_3_color.png
-- Installing: /home/joanne/bookros2_ws/install/tiago_description/share/tiago_description/meshes/arm/arm_4_specular.png
-- Installing: /home/joanne/bookros2_ws/install/tiago_description/share/tiago_description/meshes/arm/arm_1_color.png
-- Installing: /home/joanne/bookros2_ws/install/tiago_description/share/tiago_description/meshes/arm/arm_5_collision-wrist-2010.dae
-- Installing: /home/joanne/bookros2_ws/install/tiago_description/share/tiago_description/meshes/arm/arm_4_normals.png
-- Installing: /home/joanne/bookros2_ws/install/tiago_description/share/tiago_description/meshes/arm/arm_4.stl
-- Installing: /home/joanne/bookros2_ws/install/tiago_description/share/tiago_description/meshes/arm/arm_2_color.png
-- Installing: /home/joanne/bookros2_ws/install/tiago_description/share/tiago_description/meshes/arm/arm_2.stl
-- Installing: /home/joanne/bookros2_ws/install/tiago_description/share/tiago_description/meshes/arm/arm_3.stl
-- Installing: /home/joanne/bookros2_ws/install/tiago_description/share/tiago_description/meshes/arm/arm_4_collision.stl
-- Installing: /home/joanne/bookros2_ws/install/tiago_description/share/tiago_description/meshes/arm/arm_5_collision-wrist-2017.dae
-- Installing: /home/joanne/bookros2_ws/install/tiago_description/share/tiago_description/meshes/arm/arm_2_specular.png
-- Installing: /home/joanne/bookros2_ws/install/tiago_description/share/tiago_description/meshes/arm/arm_1_collision.dae
-- Installing: /home/joanne/bookros2_ws/install/tiago_description/share/tiago_description/meshes/arm/arm_3_specular.png
-- Installing: /home/joanne/bookros2_ws/install/tiago_description/share/tiago_description/meshes/arm/arm_5-wrist-2017.stl
-- Installing: /home/joanne/bookros2_ws/install/tiago_description/share/tiago_description/meshes/arm/arm_5-wrist-2010.stl
-- Installing: /home/joanne/bookros2_ws/install/tiago_description/share/tiago_description/meshes/arm/arm_6_collision-wrist-2017.dae
-- Installing: /home/joanne/bookros2_ws/install/tiago_description/share/tiago_description/meshes/arm/arm_6_specular.png
-- Installing: /home/joanne/bookros2_ws/install/tiago_description/share/tiago_description/meshes/arm/arm_3_collision.dae
-- Installing: /home/joanne/bookros2_ws/install/tiago_description/share/tiago_description/meshes/arm/arm_6_color.png
-- Installing: /home/joanne/bookros2_ws/install/tiago_description/share/tiago_description/meshes/arm/arm_6-wrist-2017.stl
-- Installing: /home/joanne/bookros2_ws/install/tiago_description/share/tiago_description/meshes/arm/arm_6_collision-wrist-2010.dae
-- Installing: /home/joanne/bookros2_ws/install/tiago_description/share/tiago_description/meshes/arm/arm_2_collision.dae
-- Installing: /home/joanne/bookros2_ws/install/tiago_description/share/tiago_description/meshes/arm/arm_4_color.png
-- Installing: /home/joanne/bookros2_ws/install/tiago_description/share/tiago_description/robots
-- Installing: /home/joanne/bookros2_ws/install/tiago_description/share/tiago_description/robots/tiago.urdf.xacro
-- Installing: /home/joanne/bookros2_ws/install/tiago_description/share/tiago_description/robots/upload.launch
-- Installing: /home/joanne/bookros2_ws/install/tiago_description/share/tiago_description/robots/show.launch
-- Installing: /home/joanne/bookros2_ws/install/tiago_description/share/tiago_description/ros2_control
-- Installing: /home/joanne/bookros2_ws/install/tiago_description/share/tiago_description/ros2_control/ros2_control.urdf.xacro
-- Installing: /home/joanne/bookros2_ws/install/tiago_description/share/tiago_description/urdf
-- Installing: /home/joanne/bookros2_ws/install/tiago_description/share/tiago_description/urdf/materials.urdf.xacro
-- Installing: /home/joanne/bookros2_ws/install/tiago_description/share/tiago_description/urdf/sensors
-- Installing: /home/joanne/bookros2_ws/install/tiago_description/share/tiago_description/urdf/sensors/ftsensor.urdf.xacro
-- Installing: /home/joanne/bookros2_ws/install/tiago_description/share/tiago_description/urdf/sensors/orbbec_astra.urdf.xacro
-- Installing: /home/joanne/bookros2_ws/install/tiago_description/share/tiago_description/urdf/sensors/sensors.ros2_control.xacro
-- Installing: /home/joanne/bookros2_ws/install/tiago_description/share/tiago_description/urdf/sensors/xtion_pro_live.urdf.xacro
-- Installing: /home/joanne/bookros2_ws/install/tiago_description/share/tiago_description/urdf/sensors/ftsensor.gazebo.xacro
-- Installing: /home/joanne/bookros2_ws/install/tiago_description/share/tiago_description/urdf/sensors/openni.gazebo.xacro
-- Installing: /home/joanne/bookros2_ws/install/tiago_description/share/tiago_description/urdf/deg_to_rad.xacro
-- Installing: /home/joanne/bookros2_ws/install/tiago_description/share/tiago_description/urdf/end_effector
-- Installing: /home/joanne/bookros2_ws/install/tiago_description/share/tiago_description/urdf/end_effector/end_effector.urdf.xacro
-- Installing: /home/joanne/bookros2_ws/install/tiago_description/share/tiago_description/urdf/end_effector/pal-hey5.ros2_control.xacro
-- Installing: /home/joanne/bookros2_ws/install/tiago_description/share/tiago_description/urdf/head
-- Installing: /home/joanne/bookros2_ws/install/tiago_description/share/tiago_description/urdf/head/head.ros2_control.xacro
-- Installing: /home/joanne/bookros2_ws/install/tiago_description/share/tiago_description/urdf/head/head.transmission.xacro
-- Installing: /home/joanne/bookros2_ws/install/tiago_description/share/tiago_description/urdf/head/head.urdf.xacro
-- Installing: /home/joanne/bookros2_ws/install/tiago_description/share/tiago_description/urdf/torso
-- Installing: /home/joanne/bookros2_ws/install/tiago_description/share/tiago_description/urdf/torso/torso.urdf.xacro
-- Installing: /home/joanne/bookros2_ws/install/tiago_description/share/tiago_description/urdf/torso/torso.ros2_control.xacro
-- Installing: /home/joanne/bookros2_ws/install/tiago_description/share/tiago_description/urdf/torso/torso.transmission.xacro
-- Installing: /home/joanne/bookros2_ws/install/tiago_description/share/tiago_description/urdf/arm
-- Installing: /home/joanne/bookros2_ws/install/tiago_description/share/tiago_description/urdf/arm/arm.ros2_control.xacro
-- Installing: /home/joanne/bookros2_ws/install/tiago_description/share/tiago_description/urdf/arm/arm.urdf.xacro
-- Installing: /home/joanne/bookros2_ws/install/tiago_description/share/tiago_description/urdf/arm/wrist.ros2_control.xacro
-- Installing: /home/joanne/bookros2_ws/install/tiago_description/share/tiago_description/urdf/arm/wrist.transmission.xacro
-- Installing: /home/joanne/bookros2_ws/install/tiago_description/share/tiago_description/urdf/arm/arm.transmission.xacro
-- Installing: /home/joanne/bookros2_ws/install/tiago_description/share/tiago_description/urdf/arm/wrist.urdf.xacro
-- Installing: /home/joanne/bookros2_ws/install/tiago_description/share/ament_index/resource_index/package_run_dependencies/tiago_description
-- Installing: /home/joanne/bookros2_ws/install/tiago_description/share/ament_index/resource_index/parent_prefix_path/tiago_description
-- Installing: /home/joanne/bookros2_ws/install/tiago_description/share/tiago_description/environment/ament_prefix_path.sh
-- Installing: /home/joanne/bookros2_ws/install/tiago_description/share/tiago_description/environment/ament_prefix_path.dsv
-- Installing: /home/joanne/bookros2_ws/install/tiago_description/share/tiago_description/environment/path.sh
-- Installing: /home/joanne/bookros2_ws/install/tiago_description/share/tiago_description/environment/path.dsv
-- Installing: /home/joanne/bookros2_ws/install/tiago_description/share/tiago_description/local_setup.bash
-- Installing: /home/joanne/bookros2_ws/install/tiago_description/share/tiago_description/local_setup.sh
-- Installing: /home/joanne/bookros2_ws/install/tiago_description/share/tiago_description/local_setup.zsh
-- Installing: /home/joanne/bookros2_ws/install/tiago_description/share/tiago_description/local_setup.dsv
-- Installing: /home/joanne/bookros2_ws/install/tiago_description/share/tiago_description/package.dsv
-- Installing: /home/joanne/bookros2_ws/install/tiago_description/share/ament_index/resource_index/packages/tiago_description
-- Installing: /home/joanne/bookros2_ws/install/tiago_description/share/tiago_description/cmake/tiago_descriptionConfig.cmake
-- Installing: /home/joanne/bookros2_ws/install/tiago_description/share/tiago_description/cmake/tiago_descriptionConfig-version.cmake
-- Installing: /home/joanne/bookros2_ws/install/tiago_description/share/tiago_description/package.xml
