[0.129s] Invoking command in '/home/joanne/bookros2_ws/build/effort_controllers': AMENT_PREFIX_PATH=/home/joanne/bookros2_ws/install/forward_command_controller:/home/joanne/bookros2_ws/install/controller_manager:/home/joanne/bookros2_ws/install/controller_interface:/home/joanne/bookros2_ws/install/hardware_interface:/home/joanne/bookros2_ws/install/ros2_control_test_assets:/home/joanne/bookros2_ws/install/controller_manager_msgs:${AMENT_PREFIX_PATH} CMAKE_PREFIX_PATH=/home/joanne/bookros2_ws/install/forward_command_controller:/home/joanne/bookros2_ws/install/controller_manager:/home/joanne/bookros2_ws/install/controller_interface:/home/joanne/bookros2_ws/install/hardware_interface:/home/joanne/bookros2_ws/install/ros2_control_test_assets:/home/joanne/bookros2_ws/install/controller_manager_msgs:/opt/ros/foxy LD_LIBRARY_PATH=/home/joanne/bookros2_ws/install/forward_command_controller/lib:/home/joanne/bookros2_ws/install/controller_manager/lib:/home/joanne/bookros2_ws/install/controller_interface/lib:/home/joanne/bookros2_ws/install/hardware_interface/lib:/home/joanne/bookros2_ws/install/controller_manager_msgs/lib:${LD_LIBRARY_PATH} PYTHONPATH=/home/joanne/bookros2_ws/install/controller_manager/lib/python3.8/site-packages:/home/joanne/bookros2_ws/install/controller_manager_msgs/lib/python3.8/site-packages:${PYTHONPATH} /usr/bin/cmake /home/joanne/bookros2_ws/src/ThirdParty/ros2_controllers/effort_controllers -DCMAKE_INSTALL_PREFIX=/home/joanne/bookros2_ws/install/effort_controllers
[0.860s] -- The C compiler identification is GNU 9.4.0
[0.863s] -- The CXX compiler identification is GNU 9.4.0
[0.863s] -- Check for working C compiler: /usr/bin/cc
[0.863s] -- Check for working C compiler: /usr/bin/cc -- works
[0.864s] -- Detecting C compiler ABI info
[0.864s] -- Detecting C compiler ABI info - done
[0.864s] -- Detecting C compile features
[0.864s] -- Detecting C compile features - done
[0.864s] -- Check for working CXX compiler: /usr/bin/c++
[0.991s] -- Check for working CXX compiler: /usr/bin/c++ -- works
[0.999s] -- Detecting CXX compiler ABI info
[1.127s] -- Detecting CXX compiler ABI info - done
[1.159s] -- Detecting CXX compile features
[1.161s] -- Detecting CXX compile features - done
[1.165s] -- Found ament_cmake: 0.9.12 (/opt/ros/foxy/share/ament_cmake/cmake)
[1.218s] -- Found PythonInterp: /usr/bin/python3 (found suitable version "3.8.10", minimum required is "3") 
[1.218s] -- Using PYTHON_EXECUTABLE: /usr/bin/python3
[1.615s] -- Found forward_command_controller: 0.4.0 (/home/joanne/bookros2_ws/install/forward_command_controller/share/forward_command_controller/cmake)
[1.701s] -- Using all available rosidl_typesupport_c: rosidl_typesupport_fastrtps_c;rosidl_typesupport_introspection_c
[1.727s] -- Found rosidl_adapter: 1.3.1 (/opt/ros/foxy/share/rosidl_adapter/cmake)
[1.930s] -- Found OpenSSL: /usr/lib/x86_64-linux-gnu/libcrypto.so (found version "1.1.1f")  
[2.000s] -- Found FastRTPS: /opt/ros/foxy/include  
[2.203s] -- Using all available rosidl_typesupport_cpp: rosidl_typesupport_fastrtps_cpp;rosidl_typesupport_introspection_cpp
[3.807s] -- Found rmw_implementation_cmake: 1.0.4 (/opt/ros/foxy/share/rmw_implementation_cmake/cmake)
[3.810s] -- Using RMW implementation 'rmw_fastrtps_cpp' as default
[3.812s] -- Looking for pthread.h
[4.023s] -- Looking for pthread.h - found
[4.023s] -- Performing Test CMAKE_HAVE_LIBC_PTHREAD
[4.205s] -- Performing Test CMAKE_HAVE_LIBC_PTHREAD - Failed
[4.206s] -- Looking for pthread_create in pthreads
[4.335s] -- Looking for pthread_create in pthreads - not found
[4.336s] -- Looking for pthread_create in pthread
[4.494s] -- Looking for pthread_create in pthread - found
[4.496s] -- Found Threads: TRUE  
[6.028s] -- Found ament_cmake_gmock: 0.9.12 (/opt/ros/foxy/share/ament_cmake_gmock/cmake)
[6.031s] -- Found ament_lint_auto: 0.9.8 (/opt/ros/foxy/share/ament_lint_auto/cmake)
[6.033s] -- Found controller_manager: 0.7.1 (/home/joanne/bookros2_ws/install/controller_manager/share/controller_manager/cmake)
[6.216s] -- Found ros2_control_test_assets: 0.7.1 (/home/joanne/bookros2_ws/install/ros2_control_test_assets/share/ros2_control_test_assets/cmake)
[6.385s] -- Found gmock sources under '/opt/ros/foxy/src/gmock_vendor': C++ tests using 'Google Mock' will be built
[6.394s] -- Found gtest sources under '/opt/ros/foxy/src/gtest_vendor': C++ tests using 'Google Test' will be built
[6.675s] -- Added test 'copyright' to check source files copyright and LICENSE
[6.680s] -- Added test 'cppcheck' to perform static code analysis on C / C++ code
[6.681s] -- Configured cppcheck include dirs: /home/joanne/bookros2_ws/src/ThirdParty/ros2_controllers/effort_controllers/include
[6.681s] -- Configured cppcheck exclude dirs and/or files: 
[6.684s] -- Added test 'cpplint' to check C / C++ code against the Google style
[6.684s] -- Configured cpplint exclude dirs and/or files: 
[6.686s] -- Added test 'lint_cmake' to check CMake code style
[6.689s] -- Added test 'uncrustify' to check C / C++ code style
[6.689s] -- Configured uncrustify additional arguments: 
[6.690s] -- Added test 'xmllint' to check XML markup files
[6.703s] -- Configuring done
[6.861s] -- Generating done
[6.926s] -- Build files have been written to: /home/joanne/bookros2_ws/build/effort_controllers
[6.952s] Invoked command in '/home/joanne/bookros2_ws/build/effort_controllers' returned '0': AMENT_PREFIX_PATH=/home/joanne/bookros2_ws/install/forward_command_controller:/home/joanne/bookros2_ws/install/controller_manager:/home/joanne/bookros2_ws/install/controller_interface:/home/joanne/bookros2_ws/install/hardware_interface:/home/joanne/bookros2_ws/install/ros2_control_test_assets:/home/joanne/bookros2_ws/install/controller_manager_msgs:${AMENT_PREFIX_PATH} CMAKE_PREFIX_PATH=/home/joanne/bookros2_ws/install/forward_command_controller:/home/joanne/bookros2_ws/install/controller_manager:/home/joanne/bookros2_ws/install/controller_interface:/home/joanne/bookros2_ws/install/hardware_interface:/home/joanne/bookros2_ws/install/ros2_control_test_assets:/home/joanne/bookros2_ws/install/controller_manager_msgs:/opt/ros/foxy LD_LIBRARY_PATH=/home/joanne/bookros2_ws/install/forward_command_controller/lib:/home/joanne/bookros2_ws/install/controller_manager/lib:/home/joanne/bookros2_ws/install/controller_interface/lib:/home/joanne/bookros2_ws/install/hardware_interface/lib:/home/joanne/bookros2_ws/install/controller_manager_msgs/lib:${LD_LIBRARY_PATH} PYTHONPATH=/home/joanne/bookros2_ws/install/controller_manager/lib/python3.8/site-packages:/home/joanne/bookros2_ws/install/controller_manager_msgs/lib/python3.8/site-packages:${PYTHONPATH} /usr/bin/cmake /home/joanne/bookros2_ws/src/ThirdParty/ros2_controllers/effort_controllers -DCMAKE_INSTALL_PREFIX=/home/joanne/bookros2_ws/install/effort_controllers
[6.954s] Invoking command in '/home/joanne/bookros2_ws/build/effort_controllers': AMENT_PREFIX_PATH=/home/joanne/bookros2_ws/install/forward_command_controller:/home/joanne/bookros2_ws/install/controller_manager:/home/joanne/bookros2_ws/install/controller_interface:/home/joanne/bookros2_ws/install/hardware_interface:/home/joanne/bookros2_ws/install/ros2_control_test_assets:/home/joanne/bookros2_ws/install/controller_manager_msgs:${AMENT_PREFIX_PATH} CMAKE_PREFIX_PATH=/home/joanne/bookros2_ws/install/forward_command_controller:/home/joanne/bookros2_ws/install/controller_manager:/home/joanne/bookros2_ws/install/controller_interface:/home/joanne/bookros2_ws/install/hardware_interface:/home/joanne/bookros2_ws/install/ros2_control_test_assets:/home/joanne/bookros2_ws/install/controller_manager_msgs:/opt/ros/foxy LD_LIBRARY_PATH=/home/joanne/bookros2_ws/install/forward_command_controller/lib:/home/joanne/bookros2_ws/install/controller_manager/lib:/home/joanne/bookros2_ws/install/controller_interface/lib:/home/joanne/bookros2_ws/install/hardware_interface/lib:/home/joanne/bookros2_ws/install/controller_manager_msgs/lib:${LD_LIBRARY_PATH} PYTHONPATH=/home/joanne/bookros2_ws/install/controller_manager/lib/python3.8/site-packages:/home/joanne/bookros2_ws/install/controller_manager_msgs/lib/python3.8/site-packages:${PYTHONPATH} /usr/bin/cmake --build /home/joanne/bookros2_ws/build/effort_controllers -- -j8 -l8
[13.156s] [35m[1mScanning dependencies of target gmock[0m
[13.156s] [  9%] [32mBuilding CXX object gmock/CMakeFiles/gmock.dir/opt/ros/foxy/src/gtest_vendor/src/gtest-all.cc.o[0m
[14.360s] [ 18%] [32mBuilding CXX object gmock/CMakeFiles/gmock.dir/src/gmock-all.cc.o[0m
[18.023s] [ 27%] [32m[1mLinking CXX static library libgmock.a[0m
[18.156s] [ 27%] Built target gmock
[18.183s] [35m[1mScanning dependencies of target effort_controllers[0m
[18.284s] [ 36%] [32mBuilding CXX object CMakeFiles/effort_controllers.dir/src/joint_group_effort_controller.cpp.o[0m
[22.727s] [ 45%] [32m[1mLinking CXX shared library libeffort_controllers.so[0m
[23.204s] [ 45%] Built target effort_controllers
[23.229s] [35m[1mScanning dependencies of target gmock_main[0m
[23.273s] [ 54%] [32mBuilding CXX object gmock/CMakeFiles/gmock_main.dir/src/gmock_main.cc.o[0m
[24.735s] [ 63%] [32m[1mLinking CXX static library libgmock_main.a[0m
[24.797s] [ 63%] Built target gmock_main
[24.821s] [35m[1mScanning dependencies of target test_load_joint_group_effort_controller[0m
[24.947s] [ 72%] [32mBuilding CXX object CMakeFiles/test_load_joint_group_effort_controller.dir/test/test_load_joint_group_effort_controller.cpp.o[0m
[30.400s] [ 81%] [32m[1mLinking CXX executable test_load_joint_group_effort_controller[0m
[31.535s] [ 81%] Built target test_load_joint_group_effort_controller
[31.557s] [35m[1mScanning dependencies of target test_joint_group_effort_controller[0m
[31.657s] [ 90%] [32mBuilding CXX object CMakeFiles/test_joint_group_effort_controller.dir/test/test_joint_group_effort_controller.cpp.o[0m
[39.422s] [100%] [32m[1mLinking CXX executable test_joint_group_effort_controller[0m
[40.566s] [100%] Built target test_joint_group_effort_controller
[40.594s] Invoked command in '/home/joanne/bookros2_ws/build/effort_controllers' returned '0': AMENT_PREFIX_PATH=/home/joanne/bookros2_ws/install/forward_command_controller:/home/joanne/bookros2_ws/install/controller_manager:/home/joanne/bookros2_ws/install/controller_interface:/home/joanne/bookros2_ws/install/hardware_interface:/home/joanne/bookros2_ws/install/ros2_control_test_assets:/home/joanne/bookros2_ws/install/controller_manager_msgs:${AMENT_PREFIX_PATH} CMAKE_PREFIX_PATH=/home/joanne/bookros2_ws/install/forward_command_controller:/home/joanne/bookros2_ws/install/controller_manager:/home/joanne/bookros2_ws/install/controller_interface:/home/joanne/bookros2_ws/install/hardware_interface:/home/joanne/bookros2_ws/install/ros2_control_test_assets:/home/joanne/bookros2_ws/install/controller_manager_msgs:/opt/ros/foxy LD_LIBRARY_PATH=/home/joanne/bookros2_ws/install/forward_command_controller/lib:/home/joanne/bookros2_ws/install/controller_manager/lib:/home/joanne/bookros2_ws/install/controller_interface/lib:/home/joanne/bookros2_ws/install/hardware_interface/lib:/home/joanne/bookros2_ws/install/controller_manager_msgs/lib:${LD_LIBRARY_PATH} PYTHONPATH=/home/joanne/bookros2_ws/install/controller_manager/lib/python3.8/site-packages:/home/joanne/bookros2_ws/install/controller_manager_msgs/lib/python3.8/site-packages:${PYTHONPATH} /usr/bin/cmake --build /home/joanne/bookros2_ws/build/effort_controllers -- -j8 -l8
[40.598s] Invoking command in '/home/joanne/bookros2_ws/build/effort_controllers': AMENT_PREFIX_PATH=/home/joanne/bookros2_ws/install/forward_command_controller:/home/joanne/bookros2_ws/install/controller_manager:/home/joanne/bookros2_ws/install/controller_interface:/home/joanne/bookros2_ws/install/hardware_interface:/home/joanne/bookros2_ws/install/ros2_control_test_assets:/home/joanne/bookros2_ws/install/controller_manager_msgs:${AMENT_PREFIX_PATH} CMAKE_PREFIX_PATH=/home/joanne/bookros2_ws/install/forward_command_controller:/home/joanne/bookros2_ws/install/controller_manager:/home/joanne/bookros2_ws/install/controller_interface:/home/joanne/bookros2_ws/install/hardware_interface:/home/joanne/bookros2_ws/install/ros2_control_test_assets:/home/joanne/bookros2_ws/install/controller_manager_msgs:/opt/ros/foxy LD_LIBRARY_PATH=/home/joanne/bookros2_ws/install/forward_command_controller/lib:/home/joanne/bookros2_ws/install/controller_manager/lib:/home/joanne/bookros2_ws/install/controller_interface/lib:/home/joanne/bookros2_ws/install/hardware_interface/lib:/home/joanne/bookros2_ws/install/controller_manager_msgs/lib:${LD_LIBRARY_PATH} PYTHONPATH=/home/joanne/bookros2_ws/install/controller_manager/lib/python3.8/site-packages:/home/joanne/bookros2_ws/install/controller_manager_msgs/lib/python3.8/site-packages:${PYTHONPATH} /usr/bin/cmake --install /home/joanne/bookros2_ws/build/effort_controllers
[40.610s] -- Install configuration: ""
[40.610s] -- Installing: /home/joanne/bookros2_ws/install/effort_controllers/share/effort_controllers/effort_controllers_plugins.xml
[40.610s] -- Installing: /home/joanne/bookros2_ws/install/effort_controllers/include
[40.611s] -- Installing: /home/joanne/bookros2_ws/install/effort_controllers/include/effort_controllers
[40.611s] -- Installing: /home/joanne/bookros2_ws/install/effort_controllers/include/effort_controllers/visibility_control.h
[40.611s] -- Installing: /home/joanne/bookros2_ws/install/effort_controllers/include/effort_controllers/joint_group_effort_controller.hpp
[40.611s] -- Installing: /home/joanne/bookros2_ws/install/effort_controllers/lib/libeffort_controllers.so
[40.611s] -- Set runtime path of "/home/joanne/bookros2_ws/install/effort_controllers/lib/libeffort_controllers.so" to ""
[40.612s] -- Installing: /home/joanne/bookros2_ws/install/effort_controllers/share/effort_controllers/environment/library_path.sh
[40.612s] -- Installing: /home/joanne/bookros2_ws/install/effort_controllers/share/effort_controllers/environment/library_path.dsv
[40.612s] -- Installing: /home/joanne/bookros2_ws/install/effort_controllers/share/ament_index/resource_index/package_run_dependencies/effort_controllers
[40.612s] -- Installing: /home/joanne/bookros2_ws/install/effort_controllers/share/ament_index/resource_index/parent_prefix_path/effort_controllers
[40.612s] -- Installing: /home/joanne/bookros2_ws/install/effort_controllers/share/effort_controllers/environment/ament_prefix_path.sh
[40.613s] -- Installing: /home/joanne/bookros2_ws/install/effort_controllers/share/effort_controllers/environment/ament_prefix_path.dsv
[40.613s] -- Installing: /home/joanne/bookros2_ws/install/effort_controllers/share/effort_controllers/environment/path.sh
[40.613s] -- Installing: /home/joanne/bookros2_ws/install/effort_controllers/share/effort_controllers/environment/path.dsv
[40.613s] -- Installing: /home/joanne/bookros2_ws/install/effort_controllers/share/effort_controllers/local_setup.bash
[40.613s] -- Installing: /home/joanne/bookros2_ws/install/effort_controllers/share/effort_controllers/local_setup.sh
[40.613s] -- Installing: /home/joanne/bookros2_ws/install/effort_controllers/share/effort_controllers/local_setup.zsh
[40.613s] -- Installing: /home/joanne/bookros2_ws/install/effort_controllers/share/effort_controllers/local_setup.dsv
[40.613s] -- Installing: /home/joanne/bookros2_ws/install/effort_controllers/share/effort_controllers/package.dsv
[40.614s] -- Installing: /home/joanne/bookros2_ws/install/effort_controllers/share/ament_index/resource_index/packages/effort_controllers
[40.614s] -- Installing: /home/joanne/bookros2_ws/install/effort_controllers/share/ament_index/resource_index/controller_interface__pluginlib__plugin/effort_controllers
[40.614s] -- Installing: /home/joanne/bookros2_ws/install/effort_controllers/share/effort_controllers/cmake/ament_cmake_export_dependencies-extras.cmake
[40.614s] -- Installing: /home/joanne/bookros2_ws/install/effort_controllers/share/effort_controllers/cmake/ament_cmake_export_include_directories-extras.cmake
[40.614s] -- Installing: /home/joanne/bookros2_ws/install/effort_controllers/share/effort_controllers/cmake/ament_cmake_export_libraries-extras.cmake
[40.615s] -- Installing: /home/joanne/bookros2_ws/install/effort_controllers/share/effort_controllers/cmake/effort_controllersConfig.cmake
[40.615s] -- Installing: /home/joanne/bookros2_ws/install/effort_controllers/share/effort_controllers/cmake/effort_controllersConfig-version.cmake
[40.616s] -- Installing: /home/joanne/bookros2_ws/install/effort_controllers/share/effort_controllers/package.xml
[40.644s] Invoked command in '/home/joanne/bookros2_ws/build/effort_controllers' returned '0': AMENT_PREFIX_PATH=/home/joanne/bookros2_ws/install/forward_command_controller:/home/joanne/bookros2_ws/install/controller_manager:/home/joanne/bookros2_ws/install/controller_interface:/home/joanne/bookros2_ws/install/hardware_interface:/home/joanne/bookros2_ws/install/ros2_control_test_assets:/home/joanne/bookros2_ws/install/controller_manager_msgs:${AMENT_PREFIX_PATH} CMAKE_PREFIX_PATH=/home/joanne/bookros2_ws/install/forward_command_controller:/home/joanne/bookros2_ws/install/controller_manager:/home/joanne/bookros2_ws/install/controller_interface:/home/joanne/bookros2_ws/install/hardware_interface:/home/joanne/bookros2_ws/install/ros2_control_test_assets:/home/joanne/bookros2_ws/install/controller_manager_msgs:/opt/ros/foxy LD_LIBRARY_PATH=/home/joanne/bookros2_ws/install/forward_command_controller/lib:/home/joanne/bookros2_ws/install/controller_manager/lib:/home/joanne/bookros2_ws/install/controller_interface/lib:/home/joanne/bookros2_ws/install/hardware_interface/lib:/home/joanne/bookros2_ws/install/controller_manager_msgs/lib:${LD_LIBRARY_PATH} PYTHONPATH=/home/joanne/bookros2_ws/install/controller_manager/lib/python3.8/site-packages:/home/joanne/bookros2_ws/install/controller_manager_msgs/lib/python3.8/site-packages:${PYTHONPATH} /usr/bin/cmake --install /home/joanne/bookros2_ws/build/effort_controllers
