-- Found ament_cmake_auto: 0.9.12 (/opt/ros/foxy/share/ament_cmake_auto/cmake)
-- Using PYTHON_EXECUTABLE: /usr/bin/python3
-- Override CMake install command with custom implementation using symlinks instead of copying resources
-- Configuring done
-- Generating done
-- Build files have been written to: /home/joanne/bookros2_ws/build/pmb2_navigation
-- Install configuration: ""
-- Execute custom install script
-- Symlinking: /home/joanne/bookros2_ws/install/pmb2_navigation/share/ament_index/resource_index/package_run_dependencies/pmb2_navigation
-- Symlinking: /home/joanne/bookros2_ws/install/pmb2_navigation/share/ament_index/resource_index/parent_prefix_path/pmb2_navigation
-- Symlinking: /home/joanne/bookros2_ws/install/pmb2_navigation/share/pmb2_navigation/environment/ament_prefix_path.sh
-- Symlinking: /home/joanne/bookros2_ws/install/pmb2_navigation/share/pmb2_navigation/environment/ament_prefix_path.dsv
-- Symlinking: /home/joanne/bookros2_ws/install/pmb2_navigation/share/pmb2_navigation/environment/path.sh
-- Symlinking: /home/joanne/bookros2_ws/install/pmb2_navigation/share/pmb2_navigation/environment/path.dsv
-- Symlinking: /home/joanne/bookros2_ws/install/pmb2_navigation/share/pmb2_navigation/local_setup.bash
-- Symlinking: /home/joanne/bookros2_ws/install/pmb2_navigation/share/pmb2_navigation/local_setup.sh
-- Symlinking: /home/joanne/bookros2_ws/install/pmb2_navigation/share/pmb2_navigation/local_setup.zsh
-- Symlinking: /home/joanne/bookros2_ws/install/pmb2_navigation/share/pmb2_navigation/local_setup.dsv
-- Symlinking: /home/joanne/bookros2_ws/install/pmb2_navigation/share/pmb2_navigation/package.dsv
-- Symlinking: /home/joanne/bookros2_ws/install/pmb2_navigation/share/ament_index/resource_index/packages/pmb2_navigation
-- Symlinking: /home/joanne/bookros2_ws/install/pmb2_navigation/share/pmb2_navigation/cmake/pmb2_navigationConfig.cmake
-- Symlinking: /home/joanne/bookros2_ws/install/pmb2_navigation/share/pmb2_navigation/cmake/pmb2_navigationConfig-version.cmake
-- Symlinking: /home/joanne/bookros2_ws/install/pmb2_navigation/share/pmb2_navigation/package.xml
