[0.132s] Invoking command in '/home/joanne/bookros2_ws/build/pmb2_navigation': AMENT_PREFIX_PATH=/home/joanne/bookros2_ws/install/pmb2_2dnav:/home/joanne/bookros2_ws/install/pmb2_maps:${AMENT_PREFIX_PATH} CMAKE_PREFIX_PATH=/home/joanne/bookros2_ws/install/pmb2_2dnav:/home/joanne/bookros2_ws/install/pmb2_maps:/opt/ros/foxy /usr/bin/cmake /home/joanne/bookros2_ws/src/ThirdParty/pmb2_navigation/pmb2_navigation -DAMENT_CMAKE_SYMLINK_INSTALL=1 -DCMAKE_INSTALL_PREFIX=/home/joanne/bookros2_ws/install/pmb2_navigation
[1.154s] -- Found ament_cmake_auto: 0.9.12 (/opt/ros/foxy/share/ament_cmake_auto/cmake)
[1.155s] -- Using PYTHON_EXECUTABLE: /usr/bin/python3
[1.155s] -- Override CMake install command with custom implementation using symlinks instead of copying resources
[1.440s] -- Configuring done
[1.456s] -- Generating done
[1.459s] -- Build files have been written to: /home/joanne/bookros2_ws/build/pmb2_navigation
[1.468s] Invoked command in '/home/joanne/bookros2_ws/build/pmb2_navigation' returned '0': AMENT_PREFIX_PATH=/home/joanne/bookros2_ws/install/pmb2_2dnav:/home/joanne/bookros2_ws/install/pmb2_maps:${AMENT_PREFIX_PATH} CMAKE_PREFIX_PATH=/home/joanne/bookros2_ws/install/pmb2_2dnav:/home/joanne/bookros2_ws/install/pmb2_maps:/opt/ros/foxy /usr/bin/cmake /home/joanne/bookros2_ws/src/ThirdParty/pmb2_navigation/pmb2_navigation -DAMENT_CMAKE_SYMLINK_INSTALL=1 -DCMAKE_INSTALL_PREFIX=/home/joanne/bookros2_ws/install/pmb2_navigation
[1.469s] Invoking command in '/home/joanne/bookros2_ws/build/pmb2_navigation': AMENT_PREFIX_PATH=/home/joanne/bookros2_ws/install/pmb2_2dnav:/home/joanne/bookros2_ws/install/pmb2_maps:${AMENT_PREFIX_PATH} CMAKE_PREFIX_PATH=/home/joanne/bookros2_ws/install/pmb2_2dnav:/home/joanne/bookros2_ws/install/pmb2_maps:/opt/ros/foxy /usr/bin/cmake --build /home/joanne/bookros2_ws/build/pmb2_navigation -- -j8 -l8
[7.756s] Invoked command in '/home/joanne/bookros2_ws/build/pmb2_navigation' returned '0': AMENT_PREFIX_PATH=/home/joanne/bookros2_ws/install/pmb2_2dnav:/home/joanne/bookros2_ws/install/pmb2_maps:${AMENT_PREFIX_PATH} CMAKE_PREFIX_PATH=/home/joanne/bookros2_ws/install/pmb2_2dnav:/home/joanne/bookros2_ws/install/pmb2_maps:/opt/ros/foxy /usr/bin/cmake --build /home/joanne/bookros2_ws/build/pmb2_navigation -- -j8 -l8
[7.762s] Invoking command in '/home/joanne/bookros2_ws/build/pmb2_navigation': AMENT_PREFIX_PATH=/home/joanne/bookros2_ws/install/pmb2_2dnav:/home/joanne/bookros2_ws/install/pmb2_maps:${AMENT_PREFIX_PATH} CMAKE_PREFIX_PATH=/home/joanne/bookros2_ws/install/pmb2_2dnav:/home/joanne/bookros2_ws/install/pmb2_maps:/opt/ros/foxy /usr/bin/cmake --install /home/joanne/bookros2_ws/build/pmb2_navigation
[8.548s] -- Install configuration: ""
[8.549s] -- Execute custom install script
[8.549s] -- Symlinking: /home/joanne/bookros2_ws/install/pmb2_navigation/share/ament_index/resource_index/package_run_dependencies/pmb2_navigation
[8.549s] -- Symlinking: /home/joanne/bookros2_ws/install/pmb2_navigation/share/ament_index/resource_index/parent_prefix_path/pmb2_navigation
[8.549s] -- Symlinking: /home/joanne/bookros2_ws/install/pmb2_navigation/share/pmb2_navigation/environment/ament_prefix_path.sh
[8.549s] -- Symlinking: /home/joanne/bookros2_ws/install/pmb2_navigation/share/pmb2_navigation/environment/ament_prefix_path.dsv
[8.549s] -- Symlinking: /home/joanne/bookros2_ws/install/pmb2_navigation/share/pmb2_navigation/environment/path.sh
[8.550s] -- Symlinking: /home/joanne/bookros2_ws/install/pmb2_navigation/share/pmb2_navigation/environment/path.dsv
[8.550s] -- Symlinking: /home/joanne/bookros2_ws/install/pmb2_navigation/share/pmb2_navigation/local_setup.bash
[8.550s] -- Symlinking: /home/joanne/bookros2_ws/install/pmb2_navigation/share/pmb2_navigation/local_setup.sh
[8.550s] -- Symlinking: /home/joanne/bookros2_ws/install/pmb2_navigation/share/pmb2_navigation/local_setup.zsh
[8.550s] -- Symlinking: /home/joanne/bookros2_ws/install/pmb2_navigation/share/pmb2_navigation/local_setup.dsv
[8.550s] -- Symlinking: /home/joanne/bookros2_ws/install/pmb2_navigation/share/pmb2_navigation/package.dsv
[8.551s] -- Symlinking: /home/joanne/bookros2_ws/install/pmb2_navigation/share/ament_index/resource_index/packages/pmb2_navigation
[8.551s] -- Symlinking: /home/joanne/bookros2_ws/install/pmb2_navigation/share/pmb2_navigation/cmake/pmb2_navigationConfig.cmake
[8.551s] -- Symlinking: /home/joanne/bookros2_ws/install/pmb2_navigation/share/pmb2_navigation/cmake/pmb2_navigationConfig-version.cmake
[8.551s] -- Symlinking: /home/joanne/bookros2_ws/install/pmb2_navigation/share/pmb2_navigation/package.xml
[8.587s] Invoked command in '/home/joanne/bookros2_ws/build/pmb2_navigation' returned '0': AMENT_PREFIX_PATH=/home/joanne/bookros2_ws/install/pmb2_2dnav:/home/joanne/bookros2_ws/install/pmb2_maps:${AMENT_PREFIX_PATH} CMAKE_PREFIX_PATH=/home/joanne/bookros2_ws/install/pmb2_2dnav:/home/joanne/bookros2_ws/install/pmb2_maps:/opt/ros/foxy /usr/bin/cmake --install /home/joanne/bookros2_ws/build/pmb2_navigation
